{
  cudnn : "fastest"
  LR : 0.1
  nThreads : 2
  nClasses : 0
  batchSize : 256
  testOnly : false
  netType : "resnet-pelu-mul-mul"
  resetClassifier : false
  shortcutType : "A"
  gen : "gen"
  nGPU : 1
  depth : 110
  weightDecay : 0.001
  data : ""
  dataset : "cifar100"
  epochNumber : 1
  manualSeed : 2
  resume : "results/results-pelu-mul-mul/try5/cifar100/110"
  optimState : "none"
  nEpochs : 200
  tenCrop : false
  shareGradInput : false
  backend : "cudnn"
  momentum : 0.9
  retrain : "none"
}
=> Creating model from file: models/resnet-pelu-mul-mul.lua	
 | ResNet-110 CIFAR-100	
nn.Sequential {
  [input -> (1) -> (2) -> (3) -> (4) -> (5) -> (6) -> (7) -> (8) -> (9) -> output]
  (1): cudnn.SpatialConvolution(3 -> 16, 3x3, 1,1, 1,1) without bias
  (2): nn.Sequential {
    [input -> (1) -> (2) -> (3) -> output]
    (1): nn.ConstrainedMul
    (2): nn.ELU (alpha:1.000000)
    (3): nn.ConstrainedMul
  }
  (3): nn.Sequential {
    [input -> (1) -> (2) -> (3) -> (4) -> (5) -> (6) -> (7) -> (8) -> (9) -> (10) -> (11) -> (12) -> (13) -> (14) -> (15) -> (16) -> (17) -> (18) -> output]
    (1): nn.Sequential {
      [input -> (1) -> (2) -> output]
      (1): nn.ConcatTable {
        input
          |`-> (1): nn.Sequential {
          |      [input -> (1) -> (2) -> (3) -> (4) -> output]
          |      (1): cudnn.SpatialConvolution(16 -> 16, 3x3, 1,1, 1,1) without bias
          |      (2): nn.Sequential {
          |        [input -> (1) -> (2) -> (3) -> output]
          |        (1): nn.ConstrainedMul
          |        (2): nn.ELU (alpha:1.000000)
          |        (3): nn.ConstrainedMul
          |      }
          |      (3): cudnn.SpatialConvolution(16 -> 16, 3x3, 1,1, 1,1) without bias
          |      (4): nn.SpatialBatchNormalization (4D) (16)
          |    }
           `-> (2): nn.Identity
           ... -> output
      }
      (2): nn.CAddTable
    }
    (2): nn.Sequential {
      [input -> (1) -> (2) -> output]
      (1): nn.ConcatTable {
        input
          |`-> (1): nn.Sequential {
          |      [input -> (1) -> (2) -> (3) -> (4) -> output]
          |      (1): cudnn.SpatialConvolution(16 -> 16, 3x3, 1,1, 1,1) without bias
          |      (2): nn.Sequential {
          |        [input -> (1) -> (2) -> (3) -> output]
          |        (1): nn.ConstrainedMul
          |        (2): nn.ELU (alpha:1.000000)
          |        (3): nn.ConstrainedMul
          |      }
          |      (3): cudnn.SpatialConvolution(16 -> 16, 3x3, 1,1, 1,1) without bias
          |      (4): nn.SpatialBatchNormalization (4D) (16)
          |    }
           `-> (2): nn.Identity
           ... -> output
      }
      (2): nn.CAddTable
    }
    (3): nn.Sequential {
      [input -> (1) -> (2) -> output]
      (1): nn.ConcatTable {
        input
          |`-> (1): nn.Sequential {
          |      [input -> (1) -> (2) -> (3) -> (4) -> output]
          |      (1): cudnn.SpatialConvolution(16 -> 16, 3x3, 1,1, 1,1) without bias
          |      (2): nn.Sequential {
          |        [input -> (1) -> (2) -> (3) -> output]
          |        (1): nn.ConstrainedMul
          |        (2): nn.ELU (alpha:1.000000)
          |        (3): nn.ConstrainedMul
          |      }
          |      (3): cudnn.SpatialConvolution(16 -> 16, 3x3, 1,1, 1,1) without bias
          |      (4): nn.SpatialBatchNormalization (4D) (16)
          |    }
           `-> (2): nn.Identity
           ... -> output
      }
      (2): nn.CAddTable
    }
    (4): nn.Sequential {
      [input -> (1) -> (2) -> output]
      (1): nn.ConcatTable {
        input
          |`-> (1): nn.Sequential {
          |      [input -> (1) -> (2) -> (3) -> (4) -> output]
          |      (1): cudnn.SpatialConvolution(16 -> 16, 3x3, 1,1, 1,1) without bias
          |      (2): nn.Sequential {
          |        [input -> (1) -> (2) -> (3) -> output]
          |        (1): nn.ConstrainedMul
          |        (2): nn.ELU (alpha:1.000000)
          |        (3): nn.ConstrainedMul
          |      }
          |      (3): cudnn.SpatialConvolution(16 -> 16, 3x3, 1,1, 1,1) without bias
          |      (4): nn.SpatialBatchNormalization (4D) (16)
          |    }
           `-> (2): nn.Identity
           ... -> output
      }
      (2): nn.CAddTable
    }
    (5): nn.Sequential {
      [input -> (1) -> (2) -> output]
      (1): nn.ConcatTable {
        input
          |`-> (1): nn.Sequential {
          |      [input -> (1) -> (2) -> (3) -> (4) -> output]
          |      (1): cudnn.SpatialConvolution(16 -> 16, 3x3, 1,1, 1,1) without bias
          |      (2): nn.Sequential {
          |        [input -> (1) -> (2) -> (3) -> output]
          |        (1): nn.ConstrainedMul
          |        (2): nn.ELU (alpha:1.000000)
          |        (3): nn.ConstrainedMul
          |      }
          |      (3): cudnn.SpatialConvolution(16 -> 16, 3x3, 1,1, 1,1) without bias
          |      (4): nn.SpatialBatchNormalization (4D) (16)
          |    }
           `-> (2): nn.Identity
           ... -> output
      }
      (2): nn.CAddTable
    }
    (6): nn.Sequential {
      [input -> (1) -> (2) -> output]
      (1): nn.ConcatTable {
        input
          |`-> (1): nn.Sequential {
          |      [input -> (1) -> (2) -> (3) -> (4) -> output]
          |      (1): cudnn.SpatialConvolution(16 -> 16, 3x3, 1,1, 1,1) without bias
          |      (2): nn.Sequential {
          |        [input -> (1) -> (2) -> (3) -> output]
          |        (1): nn.ConstrainedMul
          |        (2): nn.ELU (alpha:1.000000)
          |        (3): nn.ConstrainedMul
          |      }
          |      (3): cudnn.SpatialConvolution(16 -> 16, 3x3, 1,1, 1,1) without bias
          |      (4): nn.SpatialBatchNormalization (4D) (16)
          |    }
           `-> (2): nn.Identity
           ... -> output
      }
      (2): nn.CAddTable
    }
    (7): nn.Sequential {
      [input -> (1) -> (2) -> output]
      (1): nn.ConcatTable {
        input
          |`-> (1): nn.Sequential {
          |      [input -> (1) -> (2) -> (3) -> (4) -> output]
          |      (1): cudnn.SpatialConvolution(16 -> 16, 3x3, 1,1, 1,1) without bias
          |      (2): nn.Sequential {
          |        [input -> (1) -> (2) -> (3) -> output]
          |        (1): nn.ConstrainedMul
          |        (2): nn.ELU (alpha:1.000000)
          |        (3): nn.ConstrainedMul
          |      }
          |      (3): cudnn.SpatialConvolution(16 -> 16, 3x3, 1,1, 1,1) without bias
          |      (4): nn.SpatialBatchNormalization (4D) (16)
          |    }
           `-> (2): nn.Identity
           ... -> output
      }
      (2): nn.CAddTable
    }
    (8): nn.Sequential {
      [input -> (1) -> (2) -> output]
      (1): nn.ConcatTable {
        input
          |`-> (1): nn.Sequential {
          |      [input -> (1) -> (2) -> (3) -> (4) -> output]
          |      (1): cudnn.SpatialConvolution(16 -> 16, 3x3, 1,1, 1,1) without bias
          |      (2): nn.Sequential {
          |        [input -> (1) -> (2) -> (3) -> output]
          |        (1): nn.ConstrainedMul
          |        (2): nn.ELU (alpha:1.000000)
          |        (3): nn.ConstrainedMul
          |      }
          |      (3): cudnn.SpatialConvolution(16 -> 16, 3x3, 1,1, 1,1) without bias
          |      (4): nn.SpatialBatchNormalization (4D) (16)
          |    }
           `-> (2): nn.Identity
           ... -> output
      }
      (2): nn.CAddTable
    }
    (9): nn.Sequential {
      [input -> (1) -> (2) -> output]
      (1): nn.ConcatTable {
        input
          |`-> (1): nn.Sequential {
          |      [input -> (1) -> (2) -> (3) -> (4) -> output]
          |      (1): cudnn.SpatialConvolution(16 -> 16, 3x3, 1,1, 1,1) without bias
          |      (2): nn.Sequential {
          |        [input -> (1) -> (2) -> (3) -> output]
          |        (1): nn.ConstrainedMul
          |        (2): nn.ELU (alpha:1.000000)
          |        (3): nn.ConstrainedMul
          |      }
          |      (3): cudnn.SpatialConvolution(16 -> 16, 3x3, 1,1, 1,1) without bias
          |      (4): nn.SpatialBatchNormalization (4D) (16)
          |    }
           `-> (2): nn.Identity
           ... -> output
      }
      (2): nn.CAddTable
    }
    (10): nn.Sequential {
      [input -> (1) -> (2) -> output]
      (1): nn.ConcatTable {
        input
          |`-> (1): nn.Sequential {
          |      [input -> (1) -> (2) -> (3) -> (4) -> output]
          |      (1): cudnn.SpatialConvolution(16 -> 16, 3x3, 1,1, 1,1) without bias
          |      (2): nn.Sequential {
          |        [input -> (1) -> (2) -> (3) -> output]
          |        (1): nn.ConstrainedMul
          |        (2): nn.ELU (alpha:1.000000)
          |        (3): nn.ConstrainedMul
          |      }
          |      (3): cudnn.SpatialConvolution(16 -> 16, 3x3, 1,1, 1,1) without bias
          |      (4): nn.SpatialBatchNormalization (4D) (16)
          |    }
           `-> (2): nn.Identity
           ... -> output
      }
      (2): nn.CAddTable
    }
    (11): nn.Sequential {
      [input -> (1) -> (2) -> output]
      (1): nn.ConcatTable {
        input
          |`-> (1): nn.Sequential {
          |      [input -> (1) -> (2) -> (3) -> (4) -> output]
          |      (1): cudnn.SpatialConvolution(16 -> 16, 3x3, 1,1, 1,1) without bias
          |      (2): nn.Sequential {
          |        [input -> (1) -> (2) -> (3) -> output]
          |        (1): nn.ConstrainedMul
          |        (2): nn.ELU (alpha:1.000000)
          |        (3): nn.ConstrainedMul
          |      }
          |      (3): cudnn.SpatialConvolution(16 -> 16, 3x3, 1,1, 1,1) without bias
          |      (4): nn.SpatialBatchNormalization (4D) (16)
          |    }
           `-> (2): nn.Identity
           ... -> output
      }
      (2): nn.CAddTable
    }
    (12): nn.Sequential {
      [input -> (1) -> (2) -> output]
      (1): nn.ConcatTable {
        input
          |`-> (1): nn.Sequential {
          |      [input -> (1) -> (2) -> (3) -> (4) -> output]
          |      (1): cudnn.SpatialConvolution(16 -> 16, 3x3, 1,1, 1,1) without bias
          |      (2): nn.Sequential {
          |        [input -> (1) -> (2) -> (3) -> output]
          |        (1): nn.ConstrainedMul
          |        (2): nn.ELU (alpha:1.000000)
          |        (3): nn.ConstrainedMul
          |      }
          |      (3): cudnn.SpatialConvolution(16 -> 16, 3x3, 1,1, 1,1) without bias
          |      (4): nn.SpatialBatchNormalization (4D) (16)
          |    }
           `-> (2): nn.Identity
           ... -> output
      }
      (2): nn.CAddTable
    }
    (13): nn.Sequential {
      [input -> (1) -> (2) -> output]
      (1): nn.ConcatTable {
        input
          |`-> (1): nn.Sequential {
          |      [input -> (1) -> (2) -> (3) -> (4) -> output]
          |      (1): cudnn.SpatialConvolution(16 -> 16, 3x3, 1,1, 1,1) without bias
          |      (2): nn.Sequential {
          |        [input -> (1) -> (2) -> (3) -> output]
          |        (1): nn.ConstrainedMul
          |        (2): nn.ELU (alpha:1.000000)
          |        (3): nn.ConstrainedMul
          |      }
          |      (3): cudnn.SpatialConvolution(16 -> 16, 3x3, 1,1, 1,1) without bias
          |      (4): nn.SpatialBatchNormalization (4D) (16)
          |    }
           `-> (2): nn.Identity
           ... -> output
      }
      (2): nn.CAddTable
    }
    (14): nn.Sequential {
      [input -> (1) -> (2) -> output]
      (1): nn.ConcatTable {
        input
          |`-> (1): nn.Sequential {
          |      [input -> (1) -> (2) -> (3) -> (4) -> output]
          |      (1): cudnn.SpatialConvolution(16 -> 16, 3x3, 1,1, 1,1) without bias
          |      (2): nn.Sequential {
          |        [input -> (1) -> (2) -> (3) -> output]
          |        (1): nn.ConstrainedMul
          |        (2): nn.ELU (alpha:1.000000)
          |        (3): nn.ConstrainedMul
          |      }
          |      (3): cudnn.SpatialConvolution(16 -> 16, 3x3, 1,1, 1,1) without bias
          |      (4): nn.SpatialBatchNormalization (4D) (16)
          |    }
           `-> (2): nn.Identity
           ... -> output
      }
      (2): nn.CAddTable
    }
    (15): nn.Sequential {
      [input -> (1) -> (2) -> output]
      (1): nn.ConcatTable {
        input
          |`-> (1): nn.Sequential {
          |      [input -> (1) -> (2) -> (3) -> (4) -> output]
          |      (1): cudnn.SpatialConvolution(16 -> 16, 3x3, 1,1, 1,1) without bias
          |      (2): nn.Sequential {
          |        [input -> (1) -> (2) -> (3) -> output]
          |        (1): nn.ConstrainedMul
          |        (2): nn.ELU (alpha:1.000000)
          |        (3): nn.ConstrainedMul
          |      }
          |      (3): cudnn.SpatialConvolution(16 -> 16, 3x3, 1,1, 1,1) without bias
          |      (4): nn.SpatialBatchNormalization (4D) (16)
          |    }
           `-> (2): nn.Identity
           ... -> output
      }
      (2): nn.CAddTable
    }
    (16): nn.Sequential {
      [input -> (1) -> (2) -> output]
      (1): nn.ConcatTable {
        input
          |`-> (1): nn.Sequential {
          |      [input -> (1) -> (2) -> (3) -> (4) -> output]
          |      (1): cudnn.SpatialConvolution(16 -> 16, 3x3, 1,1, 1,1) without bias
          |      (2): nn.Sequential {
          |        [input -> (1) -> (2) -> (3) -> output]
          |        (1): nn.ConstrainedMul
          |        (2): nn.ELU (alpha:1.000000)
          |        (3): nn.ConstrainedMul
          |      }
          |      (3): cudnn.SpatialConvolution(16 -> 16, 3x3, 1,1, 1,1) without bias
          |      (4): nn.SpatialBatchNormalization (4D) (16)
          |    }
           `-> (2): nn.Identity
           ... -> output
      }
      (2): nn.CAddTable
    }
    (17): nn.Sequential {
      [input -> (1) -> (2) -> output]
      (1): nn.ConcatTable {
        input
          |`-> (1): nn.Sequential {
          |      [input -> (1) -> (2) -> (3) -> (4) -> output]
          |      (1): cudnn.SpatialConvolution(16 -> 16, 3x3, 1,1, 1,1) without bias
          |      (2): nn.Sequential {
          |        [input -> (1) -> (2) -> (3) -> output]
          |        (1): nn.ConstrainedMul
          |        (2): nn.ELU (alpha:1.000000)
          |        (3): nn.ConstrainedMul
          |      }
          |      (3): cudnn.SpatialConvolution(16 -> 16, 3x3, 1,1, 1,1) without bias
          |      (4): nn.SpatialBatchNormalization (4D) (16)
          |    }
           `-> (2): nn.Identity
           ... -> output
      }
      (2): nn.CAddTable
    }
    (18): nn.Sequential {
      [input -> (1) -> (2) -> output]
      (1): nn.ConcatTable {
        input
          |`-> (1): nn.Sequential {
          |      [input -> (1) -> (2) -> (3) -> (4) -> output]
          |      (1): cudnn.SpatialConvolution(16 -> 16, 3x3, 1,1, 1,1) without bias
          |      (2): nn.Sequential {
          |        [input -> (1) -> (2) -> (3) -> output]
          |        (1): nn.ConstrainedMul
          |        (2): nn.ELU (alpha:1.000000)
          |        (3): nn.ConstrainedMul
          |      }
          |      (3): cudnn.SpatialConvolution(16 -> 16, 3x3, 1,1, 1,1) without bias
          |      (4): nn.SpatialBatchNormalization (4D) (16)
          |    }
           `-> (2): nn.Identity
           ... -> output
      }
      (2): nn.CAddTable
    }
  }
  (4): nn.Sequential {
    [input -> (1) -> (2) -> (3) -> (4) -> (5) -> (6) -> (7) -> (8) -> (9) -> (10) -> (11) -> (12) -> (13) -> (14) -> (15) -> (16) -> (17) -> (18) -> output]
    (1): nn.Sequential {
      [input -> (1) -> (2) -> output]
      (1): nn.ConcatTable {
        input
          |`-> (1): nn.Sequential {
          |      [input -> (1) -> (2) -> (3) -> (4) -> output]
          |      (1): cudnn.SpatialConvolution(16 -> 32, 3x3, 2,2, 1,1) without bias
          |      (2): nn.Sequential {
          |        [input -> (1) -> (2) -> (3) -> output]
          |        (1): nn.ConstrainedMul
          |        (2): nn.ELU (alpha:1.000000)
          |        (3): nn.ConstrainedMul
          |      }
          |      (3): cudnn.SpatialConvolution(32 -> 32, 3x3, 1,1, 1,1) without bias
          |      (4): nn.SpatialBatchNormalization (4D) (32)
          |    }
           `-> (2): nn.Sequential {
                 [input -> (1) -> (2) -> output]
                 (1): nn.SpatialAveragePooling(1x1, 2,2)
                 (2): nn.Concat {
                   input
                     |`-> (1): nn.Identity
                      `-> (2): nn.MulConstant
                      ... -> output
                 }
               }
           ... -> output
      }
      (2): nn.CAddTable
    }
    (2): nn.Sequential {
      [input -> (1) -> (2) -> output]
      (1): nn.ConcatTable {
        input
          |`-> (1): nn.Sequential {
          |      [input -> (1) -> (2) -> (3) -> (4) -> output]
          |      (1): cudnn.SpatialConvolution(32 -> 32, 3x3, 1,1, 1,1) without bias
          |      (2): nn.Sequential {
          |        [input -> (1) -> (2) -> (3) -> output]
          |        (1): nn.ConstrainedMul
          |        (2): nn.ELU (alpha:1.000000)
          |        (3): nn.ConstrainedMul
          |      }
          |      (3): cudnn.SpatialConvolution(32 -> 32, 3x3, 1,1, 1,1) without bias
          |      (4): nn.SpatialBatchNormalization (4D) (32)
          |    }
           `-> (2): nn.Identity
           ... -> output
      }
      (2): nn.CAddTable
    }
    (3): nn.Sequential {
      [input -> (1) -> (2) -> output]
      (1): nn.ConcatTable {
        input
          |`-> (1): nn.Sequential {
          |      [input -> (1) -> (2) -> (3) -> (4) -> output]
          |      (1): cudnn.SpatialConvolution(32 -> 32, 3x3, 1,1, 1,1) without bias
          |      (2): nn.Sequential {
          |        [input -> (1) -> (2) -> (3) -> output]
          |        (1): nn.ConstrainedMul
          |        (2): nn.ELU (alpha:1.000000)
          |        (3): nn.ConstrainedMul
          |      }
          |      (3): cudnn.SpatialConvolution(32 -> 32, 3x3, 1,1, 1,1) without bias
          |      (4): nn.SpatialBatchNormalization (4D) (32)
          |    }
           `-> (2): nn.Identity
           ... -> output
      }
      (2): nn.CAddTable
    }
    (4): nn.Sequential {
      [input -> (1) -> (2) -> output]
      (1): nn.ConcatTable {
        input
          |`-> (1): nn.Sequential {
          |      [input -> (1) -> (2) -> (3) -> (4) -> output]
          |      (1): cudnn.SpatialConvolution(32 -> 32, 3x3, 1,1, 1,1) without bias
          |      (2): nn.Sequential {
          |        [input -> (1) -> (2) -> (3) -> output]
          |        (1): nn.ConstrainedMul
          |        (2): nn.ELU (alpha:1.000000)
          |        (3): nn.ConstrainedMul
          |      }
          |      (3): cudnn.SpatialConvolution(32 -> 32, 3x3, 1,1, 1,1) without bias
          |      (4): nn.SpatialBatchNormalization (4D) (32)
          |    }
           `-> (2): nn.Identity
           ... -> output
      }
      (2): nn.CAddTable
    }
    (5): nn.Sequential {
      [input -> (1) -> (2) -> output]
      (1): nn.ConcatTable {
        input
          |`-> (1): nn.Sequential {
          |      [input -> (1) -> (2) -> (3) -> (4) -> output]
          |      (1): cudnn.SpatialConvolution(32 -> 32, 3x3, 1,1, 1,1) without bias
          |      (2): nn.Sequential {
          |        [input -> (1) -> (2) -> (3) -> output]
          |        (1): nn.ConstrainedMul
          |        (2): nn.ELU (alpha:1.000000)
          |        (3): nn.ConstrainedMul
          |      }
          |      (3): cudnn.SpatialConvolution(32 -> 32, 3x3, 1,1, 1,1) without bias
          |      (4): nn.SpatialBatchNormalization (4D) (32)
          |    }
           `-> (2): nn.Identity
           ... -> output
      }
      (2): nn.CAddTable
    }
    (6): nn.Sequential {
      [input -> (1) -> (2) -> output]
      (1): nn.ConcatTable {
        input
          |`-> (1): nn.Sequential {
          |      [input -> (1) -> (2) -> (3) -> (4) -> output]
          |      (1): cudnn.SpatialConvolution(32 -> 32, 3x3, 1,1, 1,1) without bias
          |      (2): nn.Sequential {
          |        [input -> (1) -> (2) -> (3) -> output]
          |        (1): nn.ConstrainedMul
          |        (2): nn.ELU (alpha:1.000000)
          |        (3): nn.ConstrainedMul
          |      }
          |      (3): cudnn.SpatialConvolution(32 -> 32, 3x3, 1,1, 1,1) without bias
          |      (4): nn.SpatialBatchNormalization (4D) (32)
          |    }
           `-> (2): nn.Identity
           ... -> output
      }
      (2): nn.CAddTable
    }
    (7): nn.Sequential {
      [input -> (1) -> (2) -> output]
      (1): nn.ConcatTable {
        input
          |`-> (1): nn.Sequential {
          |      [input -> (1) -> (2) -> (3) -> (4) -> output]
          |      (1): cudnn.SpatialConvolution(32 -> 32, 3x3, 1,1, 1,1) without bias
          |      (2): nn.Sequential {
          |        [input -> (1) -> (2) -> (3) -> output]
          |        (1): nn.ConstrainedMul
          |        (2): nn.ELU (alpha:1.000000)
          |        (3): nn.ConstrainedMul
          |      }
          |      (3): cudnn.SpatialConvolution(32 -> 32, 3x3, 1,1, 1,1) without bias
          |      (4): nn.SpatialBatchNormalization (4D) (32)
          |    }
           `-> (2): nn.Identity
           ... -> output
      }
      (2): nn.CAddTable
    }
    (8): nn.Sequential {
      [input -> (1) -> (2) -> output]
      (1): nn.ConcatTable {
        input
          |`-> (1): nn.Sequential {
          |      [input -> (1) -> (2) -> (3) -> (4) -> output]
          |      (1): cudnn.SpatialConvolution(32 -> 32, 3x3, 1,1, 1,1) without bias
          |      (2): nn.Sequential {
          |        [input -> (1) -> (2) -> (3) -> output]
          |        (1): nn.ConstrainedMul
          |        (2): nn.ELU (alpha:1.000000)
          |        (3): nn.ConstrainedMul
          |      }
          |      (3): cudnn.SpatialConvolution(32 -> 32, 3x3, 1,1, 1,1) without bias
          |      (4): nn.SpatialBatchNormalization (4D) (32)
          |    }
           `-> (2): nn.Identity
           ... -> output
      }
      (2): nn.CAddTable
    }
    (9): nn.Sequential {
      [input -> (1) -> (2) -> output]
      (1): nn.ConcatTable {
        input
          |`-> (1): nn.Sequential {
          |      [input -> (1) -> (2) -> (3) -> (4) -> output]
          |      (1): cudnn.SpatialConvolution(32 -> 32, 3x3, 1,1, 1,1) without bias
          |      (2): nn.Sequential {
          |        [input -> (1) -> (2) -> (3) -> output]
          |        (1): nn.ConstrainedMul
          |        (2): nn.ELU (alpha:1.000000)
          |        (3): nn.ConstrainedMul
          |      }
          |      (3): cudnn.SpatialConvolution(32 -> 32, 3x3, 1,1, 1,1) without bias
          |      (4): nn.SpatialBatchNormalization (4D) (32)
          |    }
           `-> (2): nn.Identity
           ... -> output
      }
      (2): nn.CAddTable
    }
    (10): nn.Sequential {
      [input -> (1) -> (2) -> output]
      (1): nn.ConcatTable {
        input
          |`-> (1): nn.Sequential {
          |      [input -> (1) -> (2) -> (3) -> (4) -> output]
          |      (1): cudnn.SpatialConvolution(32 -> 32, 3x3, 1,1, 1,1) without bias
          |      (2): nn.Sequential {
          |        [input -> (1) -> (2) -> (3) -> output]
          |        (1): nn.ConstrainedMul
          |        (2): nn.ELU (alpha:1.000000)
          |        (3): nn.ConstrainedMul
          |      }
          |      (3): cudnn.SpatialConvolution(32 -> 32, 3x3, 1,1, 1,1) without bias
          |      (4): nn.SpatialBatchNormalization (4D) (32)
          |    }
           `-> (2): nn.Identity
           ... -> output
      }
      (2): nn.CAddTable
    }
    (11): nn.Sequential {
      [input -> (1) -> (2) -> output]
      (1): nn.ConcatTable {
        input
          |`-> (1): nn.Sequential {
          |      [input -> (1) -> (2) -> (3) -> (4) -> output]
          |      (1): cudnn.SpatialConvolution(32 -> 32, 3x3, 1,1, 1,1) without bias
          |      (2): nn.Sequential {
          |        [input -> (1) -> (2) -> (3) -> output]
          |        (1): nn.ConstrainedMul
          |        (2): nn.ELU (alpha:1.000000)
          |        (3): nn.ConstrainedMul
          |      }
          |      (3): cudnn.SpatialConvolution(32 -> 32, 3x3, 1,1, 1,1) without bias
          |      (4): nn.SpatialBatchNormalization (4D) (32)
          |    }
           `-> (2): nn.Identity
           ... -> output
      }
      (2): nn.CAddTable
    }
    (12): nn.Sequential {
      [input -> (1) -> (2) -> output]
      (1): nn.ConcatTable {
        input
          |`-> (1): nn.Sequential {
          |      [input -> (1) -> (2) -> (3) -> (4) -> output]
          |      (1): cudnn.SpatialConvolution(32 -> 32, 3x3, 1,1, 1,1) without bias
          |      (2): nn.Sequential {
          |        [input -> (1) -> (2) -> (3) -> output]
          |        (1): nn.ConstrainedMul
          |        (2): nn.ELU (alpha:1.000000)
          |        (3): nn.ConstrainedMul
          |      }
          |      (3): cudnn.SpatialConvolution(32 -> 32, 3x3, 1,1, 1,1) without bias
          |      (4): nn.SpatialBatchNormalization (4D) (32)
          |    }
           `-> (2): nn.Identity
           ... -> output
      }
      (2): nn.CAddTable
    }
    (13): nn.Sequential {
      [input -> (1) -> (2) -> output]
      (1): nn.ConcatTable {
        input
          |`-> (1): nn.Sequential {
          |      [input -> (1) -> (2) -> (3) -> (4) -> output]
          |      (1): cudnn.SpatialConvolution(32 -> 32, 3x3, 1,1, 1,1) without bias
          |      (2): nn.Sequential {
          |        [input -> (1) -> (2) -> (3) -> output]
          |        (1): nn.ConstrainedMul
          |        (2): nn.ELU (alpha:1.000000)
          |        (3): nn.ConstrainedMul
          |      }
          |      (3): cudnn.SpatialConvolution(32 -> 32, 3x3, 1,1, 1,1) without bias
          |      (4): nn.SpatialBatchNormalization (4D) (32)
          |    }
           `-> (2): nn.Identity
           ... -> output
      }
      (2): nn.CAddTable
    }
    (14): nn.Sequential {
      [input -> (1) -> (2) -> output]
      (1): nn.ConcatTable {
        input
          |`-> (1): nn.Sequential {
          |      [input -> (1) -> (2) -> (3) -> (4) -> output]
          |      (1): cudnn.SpatialConvolution(32 -> 32, 3x3, 1,1, 1,1) without bias
          |      (2): nn.Sequential {
          |        [input -> (1) -> (2) -> (3) -> output]
          |        (1): nn.ConstrainedMul
          |        (2): nn.ELU (alpha:1.000000)
          |        (3): nn.ConstrainedMul
          |      }
          |      (3): cudnn.SpatialConvolution(32 -> 32, 3x3, 1,1, 1,1) without bias
          |      (4): nn.SpatialBatchNormalization (4D) (32)
          |    }
           `-> (2): nn.Identity
           ... -> output
      }
      (2): nn.CAddTable
    }
    (15): nn.Sequential {
      [input -> (1) -> (2) -> output]
      (1): nn.ConcatTable {
        input
          |`-> (1): nn.Sequential {
          |      [input -> (1) -> (2) -> (3) -> (4) -> output]
          |      (1): cudnn.SpatialConvolution(32 -> 32, 3x3, 1,1, 1,1) without bias
          |      (2): nn.Sequential {
          |        [input -> (1) -> (2) -> (3) -> output]
          |        (1): nn.ConstrainedMul
          |        (2): nn.ELU (alpha:1.000000)
          |        (3): nn.ConstrainedMul
          |      }
          |      (3): cudnn.SpatialConvolution(32 -> 32, 3x3, 1,1, 1,1) without bias
          |      (4): nn.SpatialBatchNormalization (4D) (32)
          |    }
           `-> (2): nn.Identity
           ... -> output
      }
      (2): nn.CAddTable
    }
    (16): nn.Sequential {
      [input -> (1) -> (2) -> output]
      (1): nn.ConcatTable {
        input
          |`-> (1): nn.Sequential {
          |      [input -> (1) -> (2) -> (3) -> (4) -> output]
          |      (1): cudnn.SpatialConvolution(32 -> 32, 3x3, 1,1, 1,1) without bias
          |      (2): nn.Sequential {
          |        [input -> (1) -> (2) -> (3) -> output]
          |        (1): nn.ConstrainedMul
          |        (2): nn.ELU (alpha:1.000000)
          |        (3): nn.ConstrainedMul
          |      }
          |      (3): cudnn.SpatialConvolution(32 -> 32, 3x3, 1,1, 1,1) without bias
          |      (4): nn.SpatialBatchNormalization (4D) (32)
          |    }
           `-> (2): nn.Identity
           ... -> output
      }
      (2): nn.CAddTable
    }
    (17): nn.Sequential {
      [input -> (1) -> (2) -> output]
      (1): nn.ConcatTable {
        input
          |`-> (1): nn.Sequential {
          |      [input -> (1) -> (2) -> (3) -> (4) -> output]
          |      (1): cudnn.SpatialConvolution(32 -> 32, 3x3, 1,1, 1,1) without bias
          |      (2): nn.Sequential {
          |        [input -> (1) -> (2) -> (3) -> output]
          |        (1): nn.ConstrainedMul
          |        (2): nn.ELU (alpha:1.000000)
          |        (3): nn.ConstrainedMul
          |      }
          |      (3): cudnn.SpatialConvolution(32 -> 32, 3x3, 1,1, 1,1) without bias
          |      (4): nn.SpatialBatchNormalization (4D) (32)
          |    }
           `-> (2): nn.Identity
           ... -> output
      }
      (2): nn.CAddTable
    }
    (18): nn.Sequential {
      [input -> (1) -> (2) -> output]
      (1): nn.ConcatTable {
        input
          |`-> (1): nn.Sequential {
          |      [input -> (1) -> (2) -> (3) -> (4) -> output]
          |      (1): cudnn.SpatialConvolution(32 -> 32, 3x3, 1,1, 1,1) without bias
          |      (2): nn.Sequential {
          |        [input -> (1) -> (2) -> (3) -> output]
          |        (1): nn.ConstrainedMul
          |        (2): nn.ELU (alpha:1.000000)
          |        (3): nn.ConstrainedMul
          |      }
          |      (3): cudnn.SpatialConvolution(32 -> 32, 3x3, 1,1, 1,1) without bias
          |      (4): nn.SpatialBatchNormalization (4D) (32)
          |    }
           `-> (2): nn.Identity
           ... -> output
      }
      (2): nn.CAddTable
    }
  }
  (5): nn.Sequential {
    [input -> (1) -> (2) -> (3) -> (4) -> (5) -> (6) -> (7) -> (8) -> (9) -> (10) -> (11) -> (12) -> (13) -> (14) -> (15) -> (16) -> (17) -> (18) -> output]
    (1): nn.Sequential {
      [input -> (1) -> (2) -> output]
      (1): nn.ConcatTable {
        input
          |`-> (1): nn.Sequential {
          |      [input -> (1) -> (2) -> (3) -> (4) -> output]
          |      (1): cudnn.SpatialConvolution(32 -> 64, 3x3, 2,2, 1,1) without bias
          |      (2): nn.Sequential {
          |        [input -> (1) -> (2) -> (3) -> output]
          |        (1): nn.ConstrainedMul
          |        (2): nn.ELU (alpha:1.000000)
          |        (3): nn.ConstrainedMul
          |      }
          |      (3): cudnn.SpatialConvolution(64 -> 64, 3x3, 1,1, 1,1) without bias
          |      (4): nn.SpatialBatchNormalization (4D) (64)
          |    }
           `-> (2): nn.Sequential {
                 [input -> (1) -> (2) -> output]
                 (1): nn.SpatialAveragePooling(1x1, 2,2)
                 (2): nn.Concat {
                   input
                     |`-> (1): nn.Identity
                      `-> (2): nn.MulConstant
                      ... -> output
                 }
               }
           ... -> output
      }
      (2): nn.CAddTable
    }
    (2): nn.Sequential {
      [input -> (1) -> (2) -> output]
      (1): nn.ConcatTable {
        input
          |`-> (1): nn.Sequential {
          |      [input -> (1) -> (2) -> (3) -> (4) -> output]
          |      (1): cudnn.SpatialConvolution(64 -> 64, 3x3, 1,1, 1,1) without bias
          |      (2): nn.Sequential {
          |        [input -> (1) -> (2) -> (3) -> output]
          |        (1): nn.ConstrainedMul
          |        (2): nn.ELU (alpha:1.000000)
          |        (3): nn.ConstrainedMul
          |      }
          |      (3): cudnn.SpatialConvolution(64 -> 64, 3x3, 1,1, 1,1) without bias
          |      (4): nn.SpatialBatchNormalization (4D) (64)
          |    }
           `-> (2): nn.Identity
           ... -> output
      }
      (2): nn.CAddTable
    }
    (3): nn.Sequential {
      [input -> (1) -> (2) -> output]
      (1): nn.ConcatTable {
        input
          |`-> (1): nn.Sequential {
          |      [input -> (1) -> (2) -> (3) -> (4) -> output]
          |      (1): cudnn.SpatialConvolution(64 -> 64, 3x3, 1,1, 1,1) without bias
          |      (2): nn.Sequential {
          |        [input -> (1) -> (2) -> (3) -> output]
          |        (1): nn.ConstrainedMul
          |        (2): nn.ELU (alpha:1.000000)
          |        (3): nn.ConstrainedMul
          |      }
          |      (3): cudnn.SpatialConvolution(64 -> 64, 3x3, 1,1, 1,1) without bias
          |      (4): nn.SpatialBatchNormalization (4D) (64)
          |    }
           `-> (2): nn.Identity
           ... -> output
      }
      (2): nn.CAddTable
    }
    (4): nn.Sequential {
      [input -> (1) -> (2) -> output]
      (1): nn.ConcatTable {
        input
          |`-> (1): nn.Sequential {
          |      [input -> (1) -> (2) -> (3) -> (4) -> output]
          |      (1): cudnn.SpatialConvolution(64 -> 64, 3x3, 1,1, 1,1) without bias
          |      (2): nn.Sequential {
          |        [input -> (1) -> (2) -> (3) -> output]
          |        (1): nn.ConstrainedMul
          |        (2): nn.ELU (alpha:1.000000)
          |        (3): nn.ConstrainedMul
          |      }
          |      (3): cudnn.SpatialConvolution(64 -> 64, 3x3, 1,1, 1,1) without bias
          |      (4): nn.SpatialBatchNormalization (4D) (64)
          |    }
           `-> (2): nn.Identity
           ... -> output
      }
      (2): nn.CAddTable
    }
    (5): nn.Sequential {
      [input -> (1) -> (2) -> output]
      (1): nn.ConcatTable {
        input
          |`-> (1): nn.Sequential {
          |      [input -> (1) -> (2) -> (3) -> (4) -> output]
          |      (1): cudnn.SpatialConvolution(64 -> 64, 3x3, 1,1, 1,1) without bias
          |      (2): nn.Sequential {
          |        [input -> (1) -> (2) -> (3) -> output]
          |        (1): nn.ConstrainedMul
          |        (2): nn.ELU (alpha:1.000000)
          |        (3): nn.ConstrainedMul
          |      }
          |      (3): cudnn.SpatialConvolution(64 -> 64, 3x3, 1,1, 1,1) without bias
          |      (4): nn.SpatialBatchNormalization (4D) (64)
          |    }
           `-> (2): nn.Identity
           ... -> output
      }
      (2): nn.CAddTable
    }
    (6): nn.Sequential {
      [input -> (1) -> (2) -> output]
      (1): nn.ConcatTable {
        input
          |`-> (1): nn.Sequential {
          |      [input -> (1) -> (2) -> (3) -> (4) -> output]
          |      (1): cudnn.SpatialConvolution(64 -> 64, 3x3, 1,1, 1,1) without bias
          |      (2): nn.Sequential {
          |        [input -> (1) -> (2) -> (3) -> output]
          |        (1): nn.ConstrainedMul
          |        (2): nn.ELU (alpha:1.000000)
          |        (3): nn.ConstrainedMul
          |      }
          |      (3): cudnn.SpatialConvolution(64 -> 64, 3x3, 1,1, 1,1) without bias
          |      (4): nn.SpatialBatchNormalization (4D) (64)
          |    }
           `-> (2): nn.Identity
           ... -> output
      }
      (2): nn.CAddTable
    }
    (7): nn.Sequential {
      [input -> (1) -> (2) -> output]
      (1): nn.ConcatTable {
        input
          |`-> (1): nn.Sequential {
          |      [input -> (1) -> (2) -> (3) -> (4) -> output]
          |      (1): cudnn.SpatialConvolution(64 -> 64, 3x3, 1,1, 1,1) without bias
          |      (2): nn.Sequential {
          |        [input -> (1) -> (2) -> (3) -> output]
          |        (1): nn.ConstrainedMul
          |        (2): nn.ELU (alpha:1.000000)
          |        (3): nn.ConstrainedMul
          |      }
          |      (3): cudnn.SpatialConvolution(64 -> 64, 3x3, 1,1, 1,1) without bias
          |      (4): nn.SpatialBatchNormalization (4D) (64)
          |    }
           `-> (2): nn.Identity
           ... -> output
      }
      (2): nn.CAddTable
    }
    (8): nn.Sequential {
      [input -> (1) -> (2) -> output]
      (1): nn.ConcatTable {
        input
          |`-> (1): nn.Sequential {
          |      [input -> (1) -> (2) -> (3) -> (4) -> output]
          |      (1): cudnn.SpatialConvolution(64 -> 64, 3x3, 1,1, 1,1) without bias
          |      (2): nn.Sequential {
          |        [input -> (1) -> (2) -> (3) -> output]
          |        (1): nn.ConstrainedMul
          |        (2): nn.ELU (alpha:1.000000)
          |        (3): nn.ConstrainedMul
          |      }
          |      (3): cudnn.SpatialConvolution(64 -> 64, 3x3, 1,1, 1,1) without bias
          |      (4): nn.SpatialBatchNormalization (4D) (64)
          |    }
           `-> (2): nn.Identity
           ... -> output
      }
      (2): nn.CAddTable
    }
    (9): nn.Sequential {
      [input -> (1) -> (2) -> output]
      (1): nn.ConcatTable {
        input
          |`-> (1): nn.Sequential {
          |      [input -> (1) -> (2) -> (3) -> (4) -> output]
          |      (1): cudnn.SpatialConvolution(64 -> 64, 3x3, 1,1, 1,1) without bias
          |      (2): nn.Sequential {
          |        [input -> (1) -> (2) -> (3) -> output]
          |        (1): nn.ConstrainedMul
          |        (2): nn.ELU (alpha:1.000000)
          |        (3): nn.ConstrainedMul
          |      }
          |      (3): cudnn.SpatialConvolution(64 -> 64, 3x3, 1,1, 1,1) without bias
          |      (4): nn.SpatialBatchNormalization (4D) (64)
          |    }
           `-> (2): nn.Identity
           ... -> output
      }
      (2): nn.CAddTable
    }
    (10): nn.Sequential {
      [input -> (1) -> (2) -> output]
      (1): nn.ConcatTable {
        input
          |`-> (1): nn.Sequential {
          |      [input -> (1) -> (2) -> (3) -> (4) -> output]
          |      (1): cudnn.SpatialConvolution(64 -> 64, 3x3, 1,1, 1,1) without bias
          |      (2): nn.Sequential {
          |        [input -> (1) -> (2) -> (3) -> output]
          |        (1): nn.ConstrainedMul
          |        (2): nn.ELU (alpha:1.000000)
          |        (3): nn.ConstrainedMul
          |      }
          |      (3): cudnn.SpatialConvolution(64 -> 64, 3x3, 1,1, 1,1) without bias
          |      (4): nn.SpatialBatchNormalization (4D) (64)
          |    }
           `-> (2): nn.Identity
           ... -> output
      }
      (2): nn.CAddTable
    }
    (11): nn.Sequential {
      [input -> (1) -> (2) -> output]
      (1): nn.ConcatTable {
        input
          |`-> (1): nn.Sequential {
          |      [input -> (1) -> (2) -> (3) -> (4) -> output]
          |      (1): cudnn.SpatialConvolution(64 -> 64, 3x3, 1,1, 1,1) without bias
          |      (2): nn.Sequential {
          |        [input -> (1) -> (2) -> (3) -> output]
          |        (1): nn.ConstrainedMul
          |        (2): nn.ELU (alpha:1.000000)
          |        (3): nn.ConstrainedMul
          |      }
          |      (3): cudnn.SpatialConvolution(64 -> 64, 3x3, 1,1, 1,1) without bias
          |      (4): nn.SpatialBatchNormalization (4D) (64)
          |    }
           `-> (2): nn.Identity
           ... -> output
      }
      (2): nn.CAddTable
    }
    (12): nn.Sequential {
      [input -> (1) -> (2) -> output]
      (1): nn.ConcatTable {
        input
          |`-> (1): nn.Sequential {
          |      [input -> (1) -> (2) -> (3) -> (4) -> output]
          |      (1): cudnn.SpatialConvolution(64 -> 64, 3x3, 1,1, 1,1) without bias
          |      (2): nn.Sequential {
          |        [input -> (1) -> (2) -> (3) -> output]
          |        (1): nn.ConstrainedMul
          |        (2): nn.ELU (alpha:1.000000)
          |        (3): nn.ConstrainedMul
          |      }
          |      (3): cudnn.SpatialConvolution(64 -> 64, 3x3, 1,1, 1,1) without bias
          |      (4): nn.SpatialBatchNormalization (4D) (64)
          |    }
           `-> (2): nn.Identity
           ... -> output
      }
      (2): nn.CAddTable
    }
    (13): nn.Sequential {
      [input -> (1) -> (2) -> output]
      (1): nn.ConcatTable {
        input
          |`-> (1): nn.Sequential {
          |      [input -> (1) -> (2) -> (3) -> (4) -> output]
          |      (1): cudnn.SpatialConvolution(64 -> 64, 3x3, 1,1, 1,1) without bias
          |      (2): nn.Sequential {
          |        [input -> (1) -> (2) -> (3) -> output]
          |        (1): nn.ConstrainedMul
          |        (2): nn.ELU (alpha:1.000000)
          |        (3): nn.ConstrainedMul
          |      }
          |      (3): cudnn.SpatialConvolution(64 -> 64, 3x3, 1,1, 1,1) without bias
          |      (4): nn.SpatialBatchNormalization (4D) (64)
          |    }
           `-> (2): nn.Identity
           ... -> output
      }
      (2): nn.CAddTable
    }
    (14): nn.Sequential {
      [input -> (1) -> (2) -> output]
      (1): nn.ConcatTable {
        input
          |`-> (1): nn.Sequential {
          |      [input -> (1) -> (2) -> (3) -> (4) -> output]
          |      (1): cudnn.SpatialConvolution(64 -> 64, 3x3, 1,1, 1,1) without bias
          |      (2): nn.Sequential {
          |        [input -> (1) -> (2) -> (3) -> output]
          |        (1): nn.ConstrainedMul
          |        (2): nn.ELU (alpha:1.000000)
          |        (3): nn.ConstrainedMul
          |      }
          |      (3): cudnn.SpatialConvolution(64 -> 64, 3x3, 1,1, 1,1) without bias
          |      (4): nn.SpatialBatchNormalization (4D) (64)
          |    }
           `-> (2): nn.Identity
           ... -> output
      }
      (2): nn.CAddTable
    }
    (15): nn.Sequential {
      [input -> (1) -> (2) -> output]
      (1): nn.ConcatTable {
        input
          |`-> (1): nn.Sequential {
          |      [input -> (1) -> (2) -> (3) -> (4) -> output]
          |      (1): cudnn.SpatialConvolution(64 -> 64, 3x3, 1,1, 1,1) without bias
          |      (2): nn.Sequential {
          |        [input -> (1) -> (2) -> (3) -> output]
          |        (1): nn.ConstrainedMul
          |        (2): nn.ELU (alpha:1.000000)
          |        (3): nn.ConstrainedMul
          |      }
          |      (3): cudnn.SpatialConvolution(64 -> 64, 3x3, 1,1, 1,1) without bias
          |      (4): nn.SpatialBatchNormalization (4D) (64)
          |    }
           `-> (2): nn.Identity
           ... -> output
      }
      (2): nn.CAddTable
    }
    (16): nn.Sequential {
      [input -> (1) -> (2) -> output]
      (1): nn.ConcatTable {
        input
          |`-> (1): nn.Sequential {
          |      [input -> (1) -> (2) -> (3) -> (4) -> output]
          |      (1): cudnn.SpatialConvolution(64 -> 64, 3x3, 1,1, 1,1) without bias
          |      (2): nn.Sequential {
          |        [input -> (1) -> (2) -> (3) -> output]
          |        (1): nn.ConstrainedMul
          |        (2): nn.ELU (alpha:1.000000)
          |        (3): nn.ConstrainedMul
          |      }
          |      (3): cudnn.SpatialConvolution(64 -> 64, 3x3, 1,1, 1,1) without bias
          |      (4): nn.SpatialBatchNormalization (4D) (64)
          |    }
           `-> (2): nn.Identity
           ... -> output
      }
      (2): nn.CAddTable
    }
    (17): nn.Sequential {
      [input -> (1) -> (2) -> output]
      (1): nn.ConcatTable {
        input
          |`-> (1): nn.Sequential {
          |      [input -> (1) -> (2) -> (3) -> (4) -> output]
          |      (1): cudnn.SpatialConvolution(64 -> 64, 3x3, 1,1, 1,1) without bias
          |      (2): nn.Sequential {
          |        [input -> (1) -> (2) -> (3) -> output]
          |        (1): nn.ConstrainedMul
          |        (2): nn.ELU (alpha:1.000000)
          |        (3): nn.ConstrainedMul
          |      }
          |      (3): cudnn.SpatialConvolution(64 -> 64, 3x3, 1,1, 1,1) without bias
          |      (4): nn.SpatialBatchNormalization (4D) (64)
          |    }
           `-> (2): nn.Identity
           ... -> output
      }
      (2): nn.CAddTable
    }
    (18): nn.Sequential {
      [input -> (1) -> (2) -> output]
      (1): nn.ConcatTable {
        input
          |`-> (1): nn.Sequential {
          |      [input -> (1) -> (2) -> (3) -> (4) -> output]
          |      (1): cudnn.SpatialConvolution(64 -> 64, 3x3, 1,1, 1,1) without bias
          |      (2): nn.Sequential {
          |        [input -> (1) -> (2) -> (3) -> output]
          |        (1): nn.ConstrainedMul
          |        (2): nn.ELU (alpha:1.000000)
          |        (3): nn.ConstrainedMul
          |      }
          |      (3): cudnn.SpatialConvolution(64 -> 64, 3x3, 1,1, 1,1) without bias
          |      (4): nn.SpatialBatchNormalization (4D) (64)
          |    }
           `-> (2): nn.Identity
           ... -> output
      }
      (2): nn.CAddTable
    }
  }
  (6): nn.Sequential {
    [input -> (1) -> (2) -> (3) -> output]
    (1): nn.ConstrainedMul
    (2): nn.ELU (alpha:1.000000)
    (3): nn.ConstrainedMul
  }
  (7): cudnn.SpatialAveragePooling(8x8, 1,1)
  (8): nn.View(64)
  (9): nn.Linear(64 -> 100)
}
=> Training epoch # 1	
 * Finished epoch # 1     top1:  85.850  top5:  60.557
	
 * Best model 	85.849609375	60.556640625	
=> Training epoch # 2	
 * Finished epoch # 2     top1:  80.176  top5:  51.934
	
 * Best model 	80.17578125	51.93359375	
=> Training epoch # 3	
 * Finished epoch # 3     top1:  65.400  top5:  32.861
	
 * Best model 	65.400390625	32.861328125	
=> Training epoch # 4	
 * Finished epoch # 4     top1:  61.865  top5:  29.727
	
 * Best model 	61.865234375	29.7265625	
=> Training epoch # 5	
 * Finished epoch # 5     top1:  61.182  top5:  28.799
	
 * Best model 	61.181640625	28.798828125	
=> Training epoch # 6	
 * Finished epoch # 6     top1:  54.355  top5:  22.178
	
 * Best model 	54.35546875	22.177734375	
=> Training epoch # 7	
 * Finished epoch # 7     top1:  53.945  top5:  21.094
	
 * Best model 	53.9453125	21.09375	
=> Training epoch # 8	
 * Finished epoch # 8     top1:  57.617  top5:  26.367
	
=> Training epoch # 9	
 * Finished epoch # 9     top1:  50.215  top5:  20.098
	
 * Best model 	50.21484375	20.09765625	
=> Training epoch # 10	
 * Finished epoch # 10     top1:  50.752  top5:  19.766
	
=> Training epoch # 11	
 * Finished epoch # 11     top1:  46.289  top5:  15.566
	
 * Best model 	46.2890625	15.56640625	
=> Training epoch # 12	
 * Finished epoch # 12     top1:  49.443  top5:  19.756
	
=> Training epoch # 13	
 * Finished epoch # 13     top1:  46.113  top5:  17.031
	
 * Best model 	46.11328125	17.03125	
=> Training epoch # 14	
 * Finished epoch # 14     top1:  46.299  top5:  17.012
	
=> Training epoch # 15	
 * Finished epoch # 15     top1:  50.107  top5:  18.574
	
=> Training epoch # 16	
 * Finished epoch # 16     top1:  47.480  top5:  18.662
	
=> Training epoch # 17	
 * Finished epoch # 17     top1:  52.256  top5:  21.514
	
=> Training epoch # 18	
 * Finished epoch # 18     top1:  46.924  top5:  16.914
	
=> Training epoch # 19	
 * Finished epoch # 19     top1:  47.100  top5:  16.797
	
=> Training epoch # 20	
 * Finished epoch # 20     top1:  42.441  top5:  15.137
	
 * Best model 	42.44140625	15.13671875	
=> Training epoch # 21	
 * Finished epoch # 21     top1:  45.293  top5:  16.357
	
=> Training epoch # 22	
 * Finished epoch # 22     top1:  47.002  top5:  16.436
	
=> Training epoch # 23	
 * Finished epoch # 23     top1:  49.561  top5:  19.658
	
=> Training epoch # 24	
 * Finished epoch # 24     top1:  46.387  top5:  17.559
	
=> Training epoch # 25	
 * Finished epoch # 25     top1:  50.674  top5:  21.787
	
=> Training epoch # 26	
 * Finished epoch # 26     top1:  44.160  top5:  16.494
	
=> Training epoch # 27	
 * Finished epoch # 27     top1:  42.764  top5:  13.994
	
=> Training epoch # 28	
 * Finished epoch # 28     top1:  48.301  top5:  18.398
	
=> Training epoch # 29	
 * Finished epoch # 29     top1:  47.881  top5:  19.043
	
=> Training epoch # 30	
 * Finished epoch # 30     top1:  55.010  top5:  24.834
	
=> Training epoch # 31	
 * Finished epoch # 31     top1:  49.414  top5:  19.033
	
=> Training epoch # 32	
 * Finished epoch # 32     top1:  42.842  top5:  14.912
	
=> Training epoch # 33	
 * Finished epoch # 33     top1:  45.869  top5:  16.230
	
=> Training epoch # 34	
 * Finished epoch # 34     top1:  44.004  top5:  15.830
	
=> Training epoch # 35	
 * Finished epoch # 35     top1:  48.340  top5:  18.633
	
=> Training epoch # 36	
 * Finished epoch # 36     top1:  48.096  top5:  18.662
	
=> Training epoch # 37	
 * Finished epoch # 37     top1:  44.658  top5:  17.607
	
=> Training epoch # 38	
 * Finished epoch # 38     top1:  42.451  top5:  15.059
	
=> Training epoch # 39	
 * Finished epoch # 39     top1:  43.691  top5:  15.488
	
=> Training epoch # 40	
 * Finished epoch # 40     top1:  40.967  top5:  14.512
	
 * Best model 	40.966796875	14.51171875	
=> Training epoch # 41	
 * Finished epoch # 41     top1:  45.137  top5:  15.352
	
=> Training epoch # 42	
 * Finished epoch # 42     top1:  47.920  top5:  18.145
	
=> Training epoch # 43	
 * Finished epoch # 43     top1:  43.057  top5:  15.645
	
=> Training epoch # 44	
 * Finished epoch # 44     top1:  48.408  top5:  18.145
	
=> Training epoch # 45	
 * Finished epoch # 45     top1:  45.488  top5:  17.178
	
=> Training epoch # 46	
 * Finished epoch # 46     top1:  46.455  top5:  17.832
	
=> Training epoch # 47	
 * Finished epoch # 47     top1:  42.354  top5:  14.414
	
=> Training epoch # 48	
 * Finished epoch # 48     top1:  45.352  top5:  16.982
	
=> Training epoch # 49	
 * Finished epoch # 49     top1:  43.594  top5:  16.260
	
=> Training epoch # 50	
 * Finished epoch # 50     top1:  41.865  top5:  14.395
	
=> Training epoch # 51	
 * Finished epoch # 51     top1:  47.471  top5:  19.990
	
=> Training epoch # 52	
 * Finished epoch # 52     top1:  44.990  top5:  16.289
	
=> Training epoch # 53	
 * Finished epoch # 53     top1:  44.150  top5:  15.664
	
=> Training epoch # 54	
 * Finished epoch # 54     top1:  52.881  top5:  23.896
	
=> Training epoch # 55	
 * Finished epoch # 55     top1:  47.285  top5:  17.520
	
=> Training epoch # 56	
 * Finished epoch # 56     top1:  42.969  top5:  15.625
	
=> Training epoch # 57	
 * Finished epoch # 57     top1:  46.240  top5:  17.920
	
=> Training epoch # 58	
 * Finished epoch # 58     top1:  43.398  top5:  15.742
	
=> Training epoch # 59	
 * Finished epoch # 59     top1:  42.324  top5:  14.160
	
=> Training epoch # 60	
 * Finished epoch # 60     top1:  44.648  top5:  14.717
	
=> Training epoch # 61	
 * Finished epoch # 61     top1:  45.137  top5:  16.631
	
=> Training epoch # 62	
 * Finished epoch # 62     top1:  44.268  top5:  15.439
	
=> Training epoch # 63	
 * Finished epoch # 63     top1:  43.018  top5:  14.834
	
=> Training epoch # 64	
 * Finished epoch # 64     top1:  46.436  top5:  16.406
	
=> Training epoch # 65	
 * Finished epoch # 65     top1:  47.100  top5:  18.203
	
=> Training epoch # 66	
 * Finished epoch # 66     top1:  43.398  top5:  16.162
	
=> Training epoch # 67	
 * Finished epoch # 67     top1:  47.695  top5:  18.486
	
=> Training epoch # 68	
 * Finished epoch # 68     top1:  45.225  top5:  15.840
	
=> Training epoch # 69	
 * Finished epoch # 69     top1:  45.879  top5:  16.650
	
=> Training epoch # 70	
 * Finished epoch # 70     top1:  46.240  top5:  18.340
	
=> Training epoch # 71	
 * Finished epoch # 71     top1:  42.422  top5:  15.771
	
=> Training epoch # 72	
 * Finished epoch # 72     top1:  50.518  top5:  19.717
	
=> Training epoch # 73	
 * Finished epoch # 73     top1:  48.223  top5:  18.809
	
=> Training epoch # 74	
 * Finished epoch # 74     top1:  44.102  top5:  17.578
	
=> Training epoch # 75	
 * Finished epoch # 75     top1:  49.209  top5:  19.521
	
=> Training epoch # 76	
 * Finished epoch # 76     top1:  41.719  top5:  14.014
	
=> Training epoch # 77	
 * Finished epoch # 77     top1:  44.883  top5:  16.758
	
=> Training epoch # 78	
 * Finished epoch # 78     top1:  45.654  top5:  15.381
	
=> Training epoch # 79	
 * Finished epoch # 79     top1:  43.018  top5:  14.736
	
=> Training epoch # 80	
 * Finished epoch # 80     top1:  43.916  top5:  15.859
	
=> Training epoch # 81	
 * Finished epoch # 81     top1:  27.500  top5:   6.895
	
 * Best model 	27.5	6.89453125	
=> Training epoch # 82	
 * Finished epoch # 82     top1:  26.943  top5:   6.660
	
 * Best model 	26.943359375	6.66015625	
=> Training epoch # 83	
 * Finished epoch # 83     top1:  26.367  top5:   6.582
	
 * Best model 	26.3671875	6.58203125	
=> Training epoch # 84	
 * Finished epoch # 84     top1:  26.309  top5:   6.494
	
 * Best model 	26.30859375	6.494140625	
=> Training epoch # 85	
 * Finished epoch # 85     top1:  27.998  top5:   7.559
	
=> Training epoch # 86	
 * Finished epoch # 86     top1:  27.139  top5:   6.826
	
=> Training epoch # 87	
 * Finished epoch # 87     top1:  26.924  top5:   7.041
	
=> Training epoch # 88	
 * Finished epoch # 88     top1:  27.871  top5:   7.178
	
=> Training epoch # 89	
 * Finished epoch # 89     top1:  27.607  top5:   7.695
	
=> Training epoch # 90	
 * Finished epoch # 90     top1:  27.822  top5:   7.295
	
=> Training epoch # 91	
 * Finished epoch # 91     top1:  29.375  top5:   7.646
	
=> Training epoch # 92	
 * Finished epoch # 92     top1:  29.316  top5:   8.457
	
=> Training epoch # 93	
 * Finished epoch # 93     top1:  29.473  top5:   8.066
	
=> Training epoch # 94	
 * Finished epoch # 94     top1:  29.609  top5:   8.711
	
=> Training epoch # 95	
 * Finished epoch # 95     top1:  29.795  top5:   8.740
	
=> Training epoch # 96	
 * Finished epoch # 96     top1:  31.387  top5:   8.809
	
=> Training epoch # 97	
 * Finished epoch # 97     top1:  31.992  top5:   9.531
	
=> Training epoch # 98	
 * Finished epoch # 98     top1:  31.182  top5:   9.121
	
=> Training epoch # 99	
 * Finished epoch # 99     top1:  32.588  top5:  10.742
	
=> Training epoch # 100	
 * Finished epoch # 100     top1:  31.084  top5:   8.633
	
=> Training epoch # 101	
 * Finished epoch # 101     top1:  34.941  top5:  10.645
	
=> Training epoch # 102	
 * Finished epoch # 102     top1:  35.391  top5:  10.781
	
=> Training epoch # 103	
 * Finished epoch # 103     top1:  34.736  top5:  11.934
	
=> Training epoch # 104	
 * Finished epoch # 104     top1:  37.373  top5:  12.305
	
=> Training epoch # 105	
 * Finished epoch # 105     top1:  35.537  top5:  11.279
	
=> Training epoch # 106	
 * Finished epoch # 106     top1:  36.455  top5:  12.744
	
=> Training epoch # 107	
 * Finished epoch # 107     top1:  39.121  top5:  14.824
	
=> Training epoch # 108	
 * Finished epoch # 108     top1:  36.328  top5:  11.309
	
=> Training epoch # 109	
 * Finished epoch # 109     top1:  36.221  top5:  12.500
	
=> Training epoch # 110	
 * Finished epoch # 110     top1:  38.467  top5:  13.887
	
=> Training epoch # 111	
 * Finished epoch # 111     top1:  37.578  top5:  14.062
	
=> Training epoch # 112	
 * Finished epoch # 112     top1:  35.908  top5:  12.070
	
=> Training epoch # 113	
 * Finished epoch # 113     top1:  36.807  top5:  13.320
	
=> Training epoch # 114	
 * Finished epoch # 114     top1:  40.996  top5:  15.107
	
=> Training epoch # 115	
 * Finished epoch # 115     top1:  45.371  top5:  19.326
	
=> Training epoch # 116	
 * Finished epoch # 116     top1:  38.193  top5:  13.086
	
=> Training epoch # 117	
 * Finished epoch # 117     top1:  37.002  top5:  12.920
	
=> Training epoch # 118	
 * Finished epoch # 118     top1:  38.154  top5:  13.262
	
=> Training epoch # 119	
 * Finished epoch # 119     top1:  40.000  top5:  15.322
	
=> Training epoch # 120	
 * Finished epoch # 120     top1:  41.914  top5:  15.195
	
=> Training epoch # 121	
 * Finished epoch # 121     top1:  38.955  top5:  14.385
	
=> Training epoch # 122	
 * Finished epoch # 122     top1:  26.553  top5:   7.295
	
=> Training epoch # 123	
 * Finished epoch # 123     top1:  26.064  top5:   7.266
	
 * Best model 	26.064453125	7.265625	
=> Training epoch # 124	
 * Finished epoch # 124     top1:  25.586  top5:   6.787
	
 * Best model 	25.5859375	6.787109375	
=> Training epoch # 125	
 * Finished epoch # 125     top1:  25.586  top5:   6.797
	
=> Training epoch # 126	
 * Finished epoch # 126     top1:  25.615  top5:   6.719
	
=> Training epoch # 127	
 * Finished epoch # 127     top1:  25.137  top5:   6.836
	
 * Best model 	25.13671875	6.8359375	
=> Training epoch # 128	
 * Finished epoch # 128     top1:  25.605  top5:   6.963
	
=> Training epoch # 129	
 * Finished epoch # 129     top1:  25.225  top5:   7.041
	
=> Training epoch # 130	
 * Finished epoch # 130     top1:  25.459  top5:   6.738
	
=> Training epoch # 131	
 * Finished epoch # 131     top1:  25.352  top5:   6.895
	
=> Training epoch # 132	
 * Finished epoch # 132     top1:  25.195  top5:   6.963
	
=> Training epoch # 133	
 * Finished epoch # 133     top1:  25.859  top5:   7.012
	
=> Training epoch # 134	
 * Finished epoch # 134     top1:  25.244  top5:   6.963
	
=> Training epoch # 135	
 * Finished epoch # 135     top1:  25.576  top5:   7.031
	
=> Training epoch # 136	
 * Finished epoch # 136     top1:  25.742  top5:   7.080
	
=> Training epoch # 137	
 * Finished epoch # 137     top1:  25.332  top5:   6.963
	
=> Training epoch # 138	
 * Finished epoch # 138     top1:  25.303  top5:   6.885
	
=> Training epoch # 139	
 * Finished epoch # 139     top1:  25.928  top5:   7.070
	
=> Training epoch # 140	
 * Finished epoch # 140     top1:  25.303  top5:   7.002
	
=> Training epoch # 141	
 * Finished epoch # 141     top1:  25.361  top5:   6.787
	
=> Training epoch # 142	
 * Finished epoch # 142     top1:  25.771  top5:   6.855
	
=> Training epoch # 143	
 * Finished epoch # 143     top1:  25.576  top5:   7.080
	
=> Training epoch # 144	
 * Finished epoch # 144     top1:  25.674  top5:   7.246
	
=> Training epoch # 145	
 * Finished epoch # 145     top1:  25.742  top5:   6.904
	
=> Training epoch # 146	
 * Finished epoch # 146     top1:  25.557  top5:   7.197
	
=> Training epoch # 147	
 * Finished epoch # 147     top1:  25.566  top5:   7.314
	
=> Training epoch # 148	
 * Finished epoch # 148     top1:  25.273  top5:   6.973
	
=> Training epoch # 149	
 * Finished epoch # 149     top1:  25.908  top5:   7.148
	
=> Training epoch # 150	
 * Finished epoch # 150     top1:  25.264  top5:   6.982
	
=> Training epoch # 151	
 * Finished epoch # 151     top1:  26.113  top5:   7.236
	
=> Training epoch # 152	
 * Finished epoch # 152     top1:  26.055  top5:   7.578
	
=> Training epoch # 153	
 * Finished epoch # 153     top1:  25.605  top5:   7.061
	
=> Training epoch # 154	
 * Finished epoch # 154     top1:  26.348  top5:   7.461
	
=> Training epoch # 155	
 * Finished epoch # 155     top1:  26.143  top5:   7.314
	
=> Training epoch # 156	
 * Finished epoch # 156     top1:  26.035  top5:   7.012
	
=> Training epoch # 157	
 * Finished epoch # 157     top1:  25.234  top5:   7.070
	
=> Training epoch # 158	
 * Finished epoch # 158     top1:  26.104  top5:   7.510
	
=> Training epoch # 159	
 * Finished epoch # 159     top1:  25.928  top5:   7.539
	
=> Training epoch # 160	
 * Finished epoch # 160     top1:  25.010  top5:   7.148
	
 * Best model 	25.009765625	7.1484375	
=> Training epoch # 161	
 * Finished epoch # 161     top1:  25.664  top5:   7.207
	
=> Training epoch # 162	
 * Finished epoch # 162     top1:  25.537  top5:   7.041
	
=> Training epoch # 163	
 * Finished epoch # 163     top1:  25.840  top5:   7.236
	
=> Training epoch # 164	
 * Finished epoch # 164     top1:  25.928  top5:   7.051
	
=> Training epoch # 165	
 * Finished epoch # 165     top1:  26.035  top5:   7.119
	
=> Training epoch # 166	
 * Finished epoch # 166     top1:  25.830  top5:   6.973
	
=> Training epoch # 167	
 * Finished epoch # 167     top1:  25.361  top5:   7.178
	
=> Training epoch # 168	
 * Finished epoch # 168     top1:  25.889  top5:   7.295
	
=> Training epoch # 169	
 * Finished epoch # 169     top1:  25.537  top5:   7.051
	
=> Training epoch # 170	
 * Finished epoch # 170     top1:  26.172  top5:   7.510
	
=> Training epoch # 171	
 * Finished epoch # 171     top1:  25.684  top5:   7.090
	
=> Training epoch # 172	
 * Finished epoch # 172     top1:  25.957  top5:   7.393
	
=> Training epoch # 173	
 * Finished epoch # 173     top1:  25.762  top5:   7.432
	
=> Training epoch # 174	
 * Finished epoch # 174     top1:  25.938  top5:   7.168
	
=> Training epoch # 175	
 * Finished epoch # 175     top1:  25.693  top5:   7.363
	
=> Training epoch # 176	
 * Finished epoch # 176     top1:  25.283  top5:   7.197
	
=> Training epoch # 177	
 * Finished epoch # 177     top1:  26.094  top5:   7.803
	
=> Training epoch # 178	
 * Finished epoch # 178     top1:  26.689  top5:   7.480
	
=> Training epoch # 179	
 * Finished epoch # 179     top1:  26.113  top5:   7.266
	
=> Training epoch # 180	
 * Finished epoch # 180     top1:  25.713  top5:   7.246
	
=> Training epoch # 181	
 * Finished epoch # 181     top1:  25.879  top5:   7.295
	
=> Training epoch # 182	
 * Finished epoch # 182     top1:  26.006  top5:   7.266
	
=> Training epoch # 183	
 * Finished epoch # 183     top1:  26.084  top5:   7.188
	
=> Training epoch # 184	
 * Finished epoch # 184     top1:  25.713  top5:   6.973
	
=> Training epoch # 185	
 * Finished epoch # 185     top1:  25.732  top5:   7.393
	
=> Training epoch # 186	
 * Finished epoch # 186     top1:  26.172  top5:   7.324
	
=> Training epoch # 187	
 * Finished epoch # 187     top1:  26.328  top5:   7.490
	
=> Training epoch # 188	
 * Finished epoch # 188     top1:  26.191  top5:   7.441
	
=> Training epoch # 189	
 * Finished epoch # 189     top1:  26.211  top5:   7.266
	
=> Training epoch # 190	
 * Finished epoch # 190     top1:  26.201  top5:   7.529
	
=> Training epoch # 191	
 * Finished epoch # 191     top1:  25.342  top5:   7.314
	
=> Training epoch # 192	
 * Finished epoch # 192     top1:  25.908  top5:   7.246
	
=> Training epoch # 193	
 * Finished epoch # 193     top1:  26.064  top5:   7.285
	
=> Training epoch # 194	
 * Finished epoch # 194     top1:  26.455  top5:   7.705
	
=> Training epoch # 195	
 * Finished epoch # 195     top1:  25.352  top5:   7.285
	
=> Training epoch # 196	
 * Finished epoch # 196     top1:  26.182  top5:   7.217
	
=> Training epoch # 197	
 * Finished epoch # 197     top1:  26.064  top5:   7.344
	
=> Training epoch # 198	
 * Finished epoch # 198     top1:  25.898  top5:   7.227
	
=> Training epoch # 199	
 * Finished epoch # 199     top1:  26.680  top5:   7.305
	
=> Training epoch # 200	
 * Finished epoch # 200     top1:  25.928  top5:   7.129
	
 * Finished top1: 25.010  top5:  7.148	
