{
  cudnn : "fastest"
  LR : 0.1
  nThreads : 2
  nClasses : 0
  batchSize : 256
  testOnly : false
  netType : "resnet"
  resetClassifier : false
  shortcutType : "A"
  gen : "gen"
  nGPU : 1
  depth : 32
  weightDecay : 0.001
  data : ""
  dataset : "cifar100"
  epochNumber : 1
  manualSeed : 2
  resume : "results/results-elu/try1/cifar100/32"
  optimState : "none"
  nEpochs : 200
  tenCrop : false
  shareGradInput : false
  backend : "cudnn"
  momentum : 0.9
  retrain : "none"
}
=> Creating model from file: models/resnet.lua	
 | ResNet-32 CIFAR-100	
nn.Sequential {
  [input -> (1) -> (2) -> (3) -> (4) -> (5) -> (6) -> (7) -> (8) -> (9) -> output]
  (1): cudnn.SpatialConvolution(3 -> 16, 3x3, 1,1, 1,1) without bias
  (2): nn.ELU (alpha:1.000000)
  (3): nn.Sequential {
    [input -> (1) -> (2) -> (3) -> (4) -> (5) -> output]
    (1): nn.Sequential {
      [input -> (1) -> (2) -> output]
      (1): nn.ConcatTable {
        input
          |`-> (1): nn.Sequential {
          |      [input -> (1) -> (2) -> (3) -> (4) -> output]
          |      (1): cudnn.SpatialConvolution(16 -> 16, 3x3, 1,1, 1,1) without bias
          |      (2): nn.ELU (alpha:1.000000)
          |      (3): cudnn.SpatialConvolution(16 -> 16, 3x3, 1,1, 1,1) without bias
          |      (4): nn.SpatialBatchNormalization (4D) (16)
          |    }
           `-> (2): nn.Identity
           ... -> output
      }
      (2): nn.CAddTable
    }
    (2): nn.Sequential {
      [input -> (1) -> (2) -> output]
      (1): nn.ConcatTable {
        input
          |`-> (1): nn.Sequential {
          |      [input -> (1) -> (2) -> (3) -> (4) -> output]
          |      (1): cudnn.SpatialConvolution(16 -> 16, 3x3, 1,1, 1,1) without bias
          |      (2): nn.ELU (alpha:1.000000)
          |      (3): cudnn.SpatialConvolution(16 -> 16, 3x3, 1,1, 1,1) without bias
          |      (4): nn.SpatialBatchNormalization (4D) (16)
          |    }
           `-> (2): nn.Identity
           ... -> output
      }
      (2): nn.CAddTable
    }
    (3): nn.Sequential {
      [input -> (1) -> (2) -> output]
      (1): nn.ConcatTable {
        input
          |`-> (1): nn.Sequential {
          |      [input -> (1) -> (2) -> (3) -> (4) -> output]
          |      (1): cudnn.SpatialConvolution(16 -> 16, 3x3, 1,1, 1,1) without bias
          |      (2): nn.ELU (alpha:1.000000)
          |      (3): cudnn.SpatialConvolution(16 -> 16, 3x3, 1,1, 1,1) without bias
          |      (4): nn.SpatialBatchNormalization (4D) (16)
          |    }
           `-> (2): nn.Identity
           ... -> output
      }
      (2): nn.CAddTable
    }
    (4): nn.Sequential {
      [input -> (1) -> (2) -> output]
      (1): nn.ConcatTable {
        input
          |`-> (1): nn.Sequential {
          |      [input -> (1) -> (2) -> (3) -> (4) -> output]
          |      (1): cudnn.SpatialConvolution(16 -> 16, 3x3, 1,1, 1,1) without bias
          |      (2): nn.ELU (alpha:1.000000)
          |      (3): cudnn.SpatialConvolution(16 -> 16, 3x3, 1,1, 1,1) without bias
          |      (4): nn.SpatialBatchNormalization (4D) (16)
          |    }
           `-> (2): nn.Identity
           ... -> output
      }
      (2): nn.CAddTable
    }
    (5): nn.Sequential {
      [input -> (1) -> (2) -> output]
      (1): nn.ConcatTable {
        input
          |`-> (1): nn.Sequential {
          |      [input -> (1) -> (2) -> (3) -> (4) -> output]
          |      (1): cudnn.SpatialConvolution(16 -> 16, 3x3, 1,1, 1,1) without bias
          |      (2): nn.ELU (alpha:1.000000)
          |      (3): cudnn.SpatialConvolution(16 -> 16, 3x3, 1,1, 1,1) without bias
          |      (4): nn.SpatialBatchNormalization (4D) (16)
          |    }
           `-> (2): nn.Identity
           ... -> output
      }
      (2): nn.CAddTable
    }
  }
  (4): nn.Sequential {
    [input -> (1) -> (2) -> (3) -> (4) -> (5) -> output]
    (1): nn.Sequential {
      [input -> (1) -> (2) -> output]
      (1): nn.ConcatTable {
        input
          |`-> (1): nn.Sequential {
          |      [input -> (1) -> (2) -> (3) -> (4) -> output]
          |      (1): cudnn.SpatialConvolution(16 -> 32, 3x3, 2,2, 1,1) without bias
          |      (2): nn.ELU (alpha:1.000000)
          |      (3): cudnn.SpatialConvolution(32 -> 32, 3x3, 1,1, 1,1) without bias
          |      (4): nn.SpatialBatchNormalization (4D) (32)
          |    }
           `-> (2): nn.Sequential {
                 [input -> (1) -> (2) -> output]
                 (1): nn.SpatialAveragePooling(1x1, 2,2)
                 (2): nn.Concat {
                   input
                     |`-> (1): nn.Identity
                      `-> (2): nn.MulConstant
                      ... -> output
                 }
               }
           ... -> output
      }
      (2): nn.CAddTable
    }
    (2): nn.Sequential {
      [input -> (1) -> (2) -> output]
      (1): nn.ConcatTable {
        input
          |`-> (1): nn.Sequential {
          |      [input -> (1) -> (2) -> (3) -> (4) -> output]
          |      (1): cudnn.SpatialConvolution(32 -> 32, 3x3, 1,1, 1,1) without bias
          |      (2): nn.ELU (alpha:1.000000)
          |      (3): cudnn.SpatialConvolution(32 -> 32, 3x3, 1,1, 1,1) without bias
          |      (4): nn.SpatialBatchNormalization (4D) (32)
          |    }
           `-> (2): nn.Identity
           ... -> output
      }
      (2): nn.CAddTable
    }
    (3): nn.Sequential {
      [input -> (1) -> (2) -> output]
      (1): nn.ConcatTable {
        input
          |`-> (1): nn.Sequential {
          |      [input -> (1) -> (2) -> (3) -> (4) -> output]
          |      (1): cudnn.SpatialConvolution(32 -> 32, 3x3, 1,1, 1,1) without bias
          |      (2): nn.ELU (alpha:1.000000)
          |      (3): cudnn.SpatialConvolution(32 -> 32, 3x3, 1,1, 1,1) without bias
          |      (4): nn.SpatialBatchNormalization (4D) (32)
          |    }
           `-> (2): nn.Identity
           ... -> output
      }
      (2): nn.CAddTable
    }
    (4): nn.Sequential {
      [input -> (1) -> (2) -> output]
      (1): nn.ConcatTable {
        input
          |`-> (1): nn.Sequential {
          |      [input -> (1) -> (2) -> (3) -> (4) -> output]
          |      (1): cudnn.SpatialConvolution(32 -> 32, 3x3, 1,1, 1,1) without bias
          |      (2): nn.ELU (alpha:1.000000)
          |      (3): cudnn.SpatialConvolution(32 -> 32, 3x3, 1,1, 1,1) without bias
          |      (4): nn.SpatialBatchNormalization (4D) (32)
          |    }
           `-> (2): nn.Identity
           ... -> output
      }
      (2): nn.CAddTable
    }
    (5): nn.Sequential {
      [input -> (1) -> (2) -> output]
      (1): nn.ConcatTable {
        input
          |`-> (1): nn.Sequential {
          |      [input -> (1) -> (2) -> (3) -> (4) -> output]
          |      (1): cudnn.SpatialConvolution(32 -> 32, 3x3, 1,1, 1,1) without bias
          |      (2): nn.ELU (alpha:1.000000)
          |      (3): cudnn.SpatialConvolution(32 -> 32, 3x3, 1,1, 1,1) without bias
          |      (4): nn.SpatialBatchNormalization (4D) (32)
          |    }
           `-> (2): nn.Identity
           ... -> output
      }
      (2): nn.CAddTable
    }
  }
  (5): nn.Sequential {
    [input -> (1) -> (2) -> (3) -> (4) -> (5) -> output]
    (1): nn.Sequential {
      [input -> (1) -> (2) -> output]
      (1): nn.ConcatTable {
        input
          |`-> (1): nn.Sequential {
          |      [input -> (1) -> (2) -> (3) -> (4) -> output]
          |      (1): cudnn.SpatialConvolution(32 -> 64, 3x3, 2,2, 1,1) without bias
          |      (2): nn.ELU (alpha:1.000000)
          |      (3): cudnn.SpatialConvolution(64 -> 64, 3x3, 1,1, 1,1) without bias
          |      (4): nn.SpatialBatchNormalization (4D) (64)
          |    }
           `-> (2): nn.Sequential {
                 [input -> (1) -> (2) -> output]
                 (1): nn.SpatialAveragePooling(1x1, 2,2)
                 (2): nn.Concat {
                   input
                     |`-> (1): nn.Identity
                      `-> (2): nn.MulConstant
                      ... -> output
                 }
               }
           ... -> output
      }
      (2): nn.CAddTable
    }
    (2): nn.Sequential {
      [input -> (1) -> (2) -> output]
      (1): nn.ConcatTable {
        input
          |`-> (1): nn.Sequential {
          |      [input -> (1) -> (2) -> (3) -> (4) -> output]
          |      (1): cudnn.SpatialConvolution(64 -> 64, 3x3, 1,1, 1,1) without bias
          |      (2): nn.ELU (alpha:1.000000)
          |      (3): cudnn.SpatialConvolution(64 -> 64, 3x3, 1,1, 1,1) without bias
          |      (4): nn.SpatialBatchNormalization (4D) (64)
          |    }
           `-> (2): nn.Identity
           ... -> output
      }
      (2): nn.CAddTable
    }
    (3): nn.Sequential {
      [input -> (1) -> (2) -> output]
      (1): nn.ConcatTable {
        input
          |`-> (1): nn.Sequential {
          |      [input -> (1) -> (2) -> (3) -> (4) -> output]
          |      (1): cudnn.SpatialConvolution(64 -> 64, 3x3, 1,1, 1,1) without bias
          |      (2): nn.ELU (alpha:1.000000)
          |      (3): cudnn.SpatialConvolution(64 -> 64, 3x3, 1,1, 1,1) without bias
          |      (4): nn.SpatialBatchNormalization (4D) (64)
          |    }
           `-> (2): nn.Identity
           ... -> output
      }
      (2): nn.CAddTable
    }
    (4): nn.Sequential {
      [input -> (1) -> (2) -> output]
      (1): nn.ConcatTable {
        input
          |`-> (1): nn.Sequential {
          |      [input -> (1) -> (2) -> (3) -> (4) -> output]
          |      (1): cudnn.SpatialConvolution(64 -> 64, 3x3, 1,1, 1,1) without bias
          |      (2): nn.ELU (alpha:1.000000)
          |      (3): cudnn.SpatialConvolution(64 -> 64, 3x3, 1,1, 1,1) without bias
          |      (4): nn.SpatialBatchNormalization (4D) (64)
          |    }
           `-> (2): nn.Identity
           ... -> output
      }
      (2): nn.CAddTable
    }
    (5): nn.Sequential {
      [input -> (1) -> (2) -> output]
      (1): nn.ConcatTable {
        input
          |`-> (1): nn.Sequential {
          |      [input -> (1) -> (2) -> (3) -> (4) -> output]
          |      (1): cudnn.SpatialConvolution(64 -> 64, 3x3, 1,1, 1,1) without bias
          |      (2): nn.ELU (alpha:1.000000)
          |      (3): cudnn.SpatialConvolution(64 -> 64, 3x3, 1,1, 1,1) without bias
          |      (4): nn.SpatialBatchNormalization (4D) (64)
          |    }
           `-> (2): nn.Identity
           ... -> output
      }
      (2): nn.CAddTable
    }
  }
  (6): nn.ELU (alpha:1.000000)
  (7): cudnn.SpatialAveragePooling(8x8, 1,1)
  (8): nn.View(64)
  (9): nn.Linear(64 -> 100)
}
=> Training epoch # 1	
 * Finished epoch # 1     top1:  87.871  top5:  64.082
	
 * Best model 	87.87109375	64.08203125	
=> Training epoch # 2	
 * Finished epoch # 2     top1:  76.758  top5:  46.973
	
 * Best model 	76.7578125	46.97265625	
=> Training epoch # 3	
 * Finished epoch # 3     top1:  67.051  top5:  34.736
	
 * Best model 	67.05078125	34.736328125	
=> Training epoch # 4	
 * Finished epoch # 4     top1:  66.689  top5:  33.311
	
 * Best model 	66.689453125	33.310546875	
=> Training epoch # 5	
 * Finished epoch # 5     top1:  63.105  top5:  29.941
	
 * Best model 	63.10546875	29.94140625	
=> Training epoch # 6	
 * Finished epoch # 6     top1:  59.453  top5:  25.801
	
 * Best model 	59.453125	25.80078125	
=> Training epoch # 7	
 * Finished epoch # 7     top1:  58.184  top5:  24.805
	
 * Best model 	58.18359375	24.8046875	
=> Training epoch # 8	
 * Finished epoch # 8     top1:  56.641  top5:  24.297
	
 * Best model 	56.640625	24.296875	
=> Training epoch # 9	
 * Finished epoch # 9     top1:  55.332  top5:  24.219
	
 * Best model 	55.33203125	24.21875	
=> Training epoch # 10	
 * Finished epoch # 10     top1:  52.373  top5:  20.811
	
 * Best model 	52.373046875	20.810546875	
=> Training epoch # 11	
 * Finished epoch # 11     top1:  54.297  top5:  21.514
	
=> Training epoch # 12	
 * Finished epoch # 12     top1:  52.578  top5:  21.055
	
=> Training epoch # 13	
 * Finished epoch # 13     top1:  53.730  top5:  21.846
	
=> Training epoch # 14	
 * Finished epoch # 14     top1:  52.178  top5:  19.873
	
 * Best model 	52.177734375	19.873046875	
=> Training epoch # 15	
 * Finished epoch # 15     top1:  50.791  top5:  20.693
	
 * Best model 	50.791015625	20.693359375	
=> Training epoch # 16	
 * Finished epoch # 16     top1:  55.039  top5:  22.295
	
=> Training epoch # 17	
 * Finished epoch # 17     top1:  52.314  top5:  21.543
	
=> Training epoch # 18	
 * Finished epoch # 18     top1:  49.043  top5:  18.213
	
 * Best model 	49.04296875	18.212890625	
=> Training epoch # 19	
 * Finished epoch # 19     top1:  49.717  top5:  19.561
	
=> Training epoch # 20	
 * Finished epoch # 20     top1:  50.273  top5:  19.844
	
=> Training epoch # 21	
 * Finished epoch # 21     top1:  45.566  top5:  15.947
	
 * Best model 	45.56640625	15.947265625	
=> Training epoch # 22	
 * Finished epoch # 22     top1:  46.328  top5:  16.436
	
=> Training epoch # 23	
 * Finished epoch # 23     top1:  50.430  top5:  19.531
	
=> Training epoch # 24	
 * Finished epoch # 24     top1:  47.686  top5:  18.320
	
=> Training epoch # 25	
 * Finished epoch # 25     top1:  49.805  top5:  18.506
	
=> Training epoch # 26	
 * Finished epoch # 26     top1:  46.855  top5:  16.348
	
=> Training epoch # 27	
 * Finished epoch # 27     top1:  48.564  top5:  17.539
	
=> Training epoch # 28	
 * Finished epoch # 28     top1:  45.674  top5:  15.859
	
=> Training epoch # 29	
 * Finished epoch # 29     top1:  48.154  top5:  17.520
	
=> Training epoch # 30	
 * Finished epoch # 30     top1:  49.521  top5:  19.375
	
=> Training epoch # 31	
 * Finished epoch # 31     top1:  45.723  top5:  15.625
	
=> Training epoch # 32	
 * Finished epoch # 32     top1:  47.227  top5:  18.262
	
=> Training epoch # 33	
 * Finished epoch # 33     top1:  46.348  top5:  16.143
	
=> Training epoch # 34	
 * Finished epoch # 34     top1:  47.529  top5:  17.842
	
=> Training epoch # 35	
 * Finished epoch # 35     top1:  46.602  top5:  16.680
	
=> Training epoch # 36	
 * Finished epoch # 36     top1:  46.113  top5:  16.748
	
=> Training epoch # 37	
 * Finished epoch # 37     top1:  44.727  top5:  15.459
	
 * Best model 	44.7265625	15.458984375	
=> Training epoch # 38	
 * Finished epoch # 38     top1:  45.977  top5:  16.846
	
=> Training epoch # 39	
 * Finished epoch # 39     top1:  48.955  top5:  18.438
	
=> Training epoch # 40	
 * Finished epoch # 40     top1:  50.303  top5:  19.150
	
=> Training epoch # 41	
 * Finished epoch # 41     top1:  48.691  top5:  17.451
	
=> Training epoch # 42	
 * Finished epoch # 42     top1:  46.514  top5:  17.627
	
=> Training epoch # 43	
 * Finished epoch # 43     top1:  46.416  top5:  17.188
	
=> Training epoch # 44	
 * Finished epoch # 44     top1:  48.018  top5:  17.139
	
=> Training epoch # 45	
 * Finished epoch # 45     top1:  47.275  top5:  15.713
	
=> Training epoch # 46	
 * Finished epoch # 46     top1:  53.574  top5:  23.105
	
=> Training epoch # 47	
 * Finished epoch # 47     top1:  47.207  top5:  17.295
	
=> Training epoch # 48	
 * Finished epoch # 48     top1:  46.836  top5:  16.377
	
=> Training epoch # 49	
 * Finished epoch # 49     top1:  44.395  top5:  15.371
	
 * Best model 	44.39453125	15.37109375	
=> Training epoch # 50	
 * Finished epoch # 50     top1:  44.893  top5:  16.445
	
=> Training epoch # 51	
 * Finished epoch # 51     top1:  47.178  top5:  16.982
	
=> Training epoch # 52	
 * Finished epoch # 52     top1:  46.484  top5:  17.979
	
=> Training epoch # 53	
 * Finished epoch # 53     top1:  47.695  top5:  18.965
	
=> Training epoch # 54	
 * Finished epoch # 54     top1:  44.912  top5:  16.709
	
=> Training epoch # 55	
 * Finished epoch # 55     top1:  46.113  top5:  18.428
	
=> Training epoch # 56	
 * Finished epoch # 56     top1:  44.883  top5:  16.348
	
=> Training epoch # 57	
 * Finished epoch # 57     top1:  46.650  top5:  16.475
	
=> Training epoch # 58	
 * Finished epoch # 58     top1:  49.043  top5:  17.949
	
=> Training epoch # 59	
 * Finished epoch # 59     top1:  46.738  top5:  17.441
	
=> Training epoch # 60	
 * Finished epoch # 60     top1:  45.830  top5:  15.654
	
=> Training epoch # 61	
 * Finished epoch # 61     top1:  47.451  top5:  16.963
	
=> Training epoch # 62	
 * Finished epoch # 62     top1:  45.596  top5:  14.961
	
=> Training epoch # 63	
 * Finished epoch # 63     top1:  45.586  top5:  16.123
	
=> Training epoch # 64	
 * Finished epoch # 64     top1:  44.414  top5:  14.463
	
=> Training epoch # 65	
 * Finished epoch # 65     top1:  45.635  top5:  15.771
	
=> Training epoch # 66	
 * Finished epoch # 66     top1:  43.516  top5:  13.936
	
 * Best model 	43.515625	13.935546875	
=> Training epoch # 67	
 * Finished epoch # 67     top1:  43.525  top5:  15.156
	
=> Training epoch # 68	
 * Finished epoch # 68     top1:  44.385  top5:  15.498
	
=> Training epoch # 69	
 * Finished epoch # 69     top1:  46.816  top5:  16.650
	
=> Training epoch # 70	
 * Finished epoch # 70     top1:  47.402  top5:  16.768
	
=> Training epoch # 71	
 * Finished epoch # 71     top1:  45.547  top5:  16.748
	
=> Training epoch # 72	
 * Finished epoch # 72     top1:  47.266  top5:  17.119
	
=> Training epoch # 73	
 * Finished epoch # 73     top1:  43.652  top5:  14.375
	
=> Training epoch # 74	
 * Finished epoch # 74     top1:  43.848  top5:  15.752
	
=> Training epoch # 75	
 * Finished epoch # 75     top1:  50.625  top5:  20.771
	
=> Training epoch # 76	
 * Finished epoch # 76     top1:  48.018  top5:  18.428
	
=> Training epoch # 77	
 * Finished epoch # 77     top1:  48.174  top5:  17.461
	
=> Training epoch # 78	
 * Finished epoch # 78     top1:  51.348  top5:  19.248
	
=> Training epoch # 79	
 * Finished epoch # 79     top1:  47.334  top5:  17.471
	
=> Training epoch # 80	
 * Finished epoch # 80     top1:  45.723  top5:  16.416
	
=> Training epoch # 81	
 * Finished epoch # 81     top1:  31.758  top5:   8.154
	
 * Best model 	31.7578125	8.154296875	
=> Training epoch # 82	
 * Finished epoch # 82     top1:  30.049  top5:   7.783
	
 * Best model 	30.048828125	7.783203125	
=> Training epoch # 83	
 * Finished epoch # 83     top1:  31.338  top5:   8.008
	
=> Training epoch # 84	
 * Finished epoch # 84     top1:  30.625  top5:   7.998
	
=> Training epoch # 85	
 * Finished epoch # 85     top1:  30.527  top5:   7.959
	
=> Training epoch # 86	
 * Finished epoch # 86     top1:  30.137  top5:   8.105
	
=> Training epoch # 87	
 * Finished epoch # 87     top1:  30.322  top5:   7.930
	
=> Training epoch # 88	
 * Finished epoch # 88     top1:  31.650  top5:   8.359
	
=> Training epoch # 89	
 * Finished epoch # 89     top1:  31.602  top5:   8.145
	
=> Training epoch # 90	
 * Finished epoch # 90     top1:  30.332  top5:   8.213
	
=> Training epoch # 91	
 * Finished epoch # 91     top1:  30.312  top5:   8.076
	
=> Training epoch # 92	
 * Finished epoch # 92     top1:  31.494  top5:   8.564
	
=> Training epoch # 93	
 * Finished epoch # 93     top1:  31.543  top5:   8.398
	
=> Training epoch # 94	
 * Finished epoch # 94     top1:  33.262  top5:   9.316
	
=> Training epoch # 95	
 * Finished epoch # 95     top1:  32.666  top5:   9.229
	
=> Training epoch # 96	
 * Finished epoch # 96     top1:  33.047  top5:   8.838
	
=> Training epoch # 97	
 * Finished epoch # 97     top1:  32.275  top5:   9.072
	
=> Training epoch # 98	
 * Finished epoch # 98     top1:  33.428  top5:   9.297
	
=> Training epoch # 99	
 * Finished epoch # 99     top1:  31.914  top5:   8.604
	
=> Training epoch # 100	
 * Finished epoch # 100     top1:  33.711  top5:   9.316
	
=> Training epoch # 101	
 * Finished epoch # 101     top1:  33.574  top5:   9.678
	
=> Training epoch # 102	
 * Finished epoch # 102     top1:  33.115  top5:   9.111
	
=> Training epoch # 103	
 * Finished epoch # 103     top1:  35.654  top5:  11.045
	
=> Training epoch # 104	
 * Finished epoch # 104     top1:  34.336  top5:   9.844
	
=> Training epoch # 105	
 * Finished epoch # 105     top1:  33.682  top5:   9.531
	
=> Training epoch # 106	
 * Finished epoch # 106     top1:  35.840  top5:  11.611
	
=> Training epoch # 107	
 * Finished epoch # 107     top1:  35.820  top5:  10.449
	
=> Training epoch # 108	
 * Finished epoch # 108     top1:  34.893  top5:  10.244
	
=> Training epoch # 109	
 * Finished epoch # 109     top1:  35.420  top5:  10.635
	
=> Training epoch # 110	
 * Finished epoch # 110     top1:  35.508  top5:  10.693
	
=> Training epoch # 111	
 * Finished epoch # 111     top1:  37.314  top5:  11.885
	
=> Training epoch # 112	
 * Finished epoch # 112     top1:  35.986  top5:  10.684
	
=> Training epoch # 113	
 * Finished epoch # 113     top1:  37.461  top5:  11.777
	
=> Training epoch # 114	
 * Finished epoch # 114     top1:  36.973  top5:  11.992
	
=> Training epoch # 115	
 * Finished epoch # 115     top1:  37.012  top5:  11.152
	
=> Training epoch # 116	
 * Finished epoch # 116     top1:  35.410  top5:  10.967
	
=> Training epoch # 117	
 * Finished epoch # 117     top1:  35.986  top5:  11.260
	
=> Training epoch # 118	
 * Finished epoch # 118     top1:  37.549  top5:  11.426
	
=> Training epoch # 119	
 * Finished epoch # 119     top1:  39.893  top5:  13.193
	
=> Training epoch # 120	
 * Finished epoch # 120     top1:  37.598  top5:  11.719
	
=> Training epoch # 121	
 * Finished epoch # 121     top1:  37.412  top5:  11.611
	
=> Training epoch # 122	
 * Finished epoch # 122     top1:  28.555  top5:   7.461
	
 * Best model 	28.5546875	7.4609375	
=> Training epoch # 123	
 * Finished epoch # 123     top1:  28.555  top5:   7.246
	
=> Training epoch # 124	
 * Finished epoch # 124     top1:  29.004  top5:   7.598
	
=> Training epoch # 125	
 * Finished epoch # 125     top1:  28.828  top5:   7.607
	
=> Training epoch # 126	
 * Finished epoch # 126     top1:  29.561  top5:   7.637
	
=> Training epoch # 127	
 * Finished epoch # 127     top1:  28.877  top5:   7.344
	
=> Training epoch # 128	
 * Finished epoch # 128     top1:  28.789  top5:   7.715
	
=> Training epoch # 129	
 * Finished epoch # 129     top1:  28.926  top5:   7.617
	
=> Training epoch # 130	
 * Finished epoch # 130     top1:  28.799  top5:   7.734
	
=> Training epoch # 131	
 * Finished epoch # 131     top1:  29.307  top5:   8.311
	
=> Training epoch # 132	
 * Finished epoch # 132     top1:  28.594  top5:   7.812
	
=> Training epoch # 133	
 * Finished epoch # 133     top1:  29.033  top5:   7.637
	
=> Training epoch # 134	
 * Finished epoch # 134     top1:  29.863  top5:   8.271
	
=> Training epoch # 135	
 * Finished epoch # 135     top1:  28.848  top5:   7.588
	
=> Training epoch # 136	
 * Finished epoch # 136     top1:  29.561  top5:   8.105
	
=> Training epoch # 137	
 * Finished epoch # 137     top1:  28.906  top5:   7.637
	
=> Training epoch # 138	
 * Finished epoch # 138     top1:  28.672  top5:   7.852
	
=> Training epoch # 139	
 * Finished epoch # 139     top1:  29.111  top5:   8.105
	
=> Training epoch # 140	
 * Finished epoch # 140     top1:  29.131  top5:   7.939
	
=> Training epoch # 141	
 * Finished epoch # 141     top1:  28.750  top5:   7.529
	
=> Training epoch # 142	
 * Finished epoch # 142     top1:  29.375  top5:   7.773
	
=> Training epoch # 143	
 * Finished epoch # 143     top1:  29.297  top5:   8.076
	
=> Training epoch # 144	
 * Finished epoch # 144     top1:  29.014  top5:   7.871
	
=> Training epoch # 145	
 * Finished epoch # 145     top1:  29.248  top5:   8.125
	
=> Training epoch # 146	
 * Finished epoch # 146     top1:  29.854  top5:   7.959
	
=> Training epoch # 147	
 * Finished epoch # 147     top1:  29.258  top5:   8.164
	
=> Training epoch # 148	
 * Finished epoch # 148     top1:  29.229  top5:   7.734
	
=> Training epoch # 149	
 * Finished epoch # 149     top1:  29.307  top5:   8.008
	
=> Training epoch # 150	
 * Finished epoch # 150     top1:  30.078  top5:   8.242
	
=> Training epoch # 151	
 * Finished epoch # 151     top1:  29.199  top5:   7.734
	
=> Training epoch # 152	
 * Finished epoch # 152     top1:  29.443  top5:   7.881
	
=> Training epoch # 153	
 * Finished epoch # 153     top1:  29.492  top5:   8.037
	
=> Training epoch # 154	
 * Finished epoch # 154     top1:  29.707  top5:   8.018
	
=> Training epoch # 155	
 * Finished epoch # 155     top1:  29.619  top5:   8.066
	
=> Training epoch # 156	
 * Finished epoch # 156     top1:  29.336  top5:   7.959
	
=> Training epoch # 157	
 * Finished epoch # 157     top1:  29.883  top5:   8.174
	
=> Training epoch # 158	
 * Finished epoch # 158     top1:  29.814  top5:   7.939
	
=> Training epoch # 159	
 * Finished epoch # 159     top1:  29.785  top5:   7.910
	
=> Training epoch # 160	
 * Finished epoch # 160     top1:  29.775  top5:   8.086
	
=> Training epoch # 161	
 * Finished epoch # 161     top1:  29.834  top5:   8.340
	
=> Training epoch # 162	
 * Finished epoch # 162     top1:  30.049  top5:   8.252
	
=> Training epoch # 163	
 * Finished epoch # 163     top1:  29.697  top5:   8.242
	
=> Training epoch # 164	
 * Finished epoch # 164     top1:  30.488  top5:   8.506
	
=> Training epoch # 165	
 * Finished epoch # 165     top1:  29.746  top5:   8.242
	
=> Training epoch # 166	
 * Finished epoch # 166     top1:  29.941  top5:   8.340
	
=> Training epoch # 167	
 * Finished epoch # 167     top1:  29.795  top5:   8.564
	
=> Training epoch # 168	
 * Finished epoch # 168     top1:  30.098  top5:   8.525
	
=> Training epoch # 169	
 * Finished epoch # 169     top1:  29.355  top5:   8.203
	
=> Training epoch # 170	
 * Finished epoch # 170     top1:  29.863  top5:   8.105
	
=> Training epoch # 171	
 * Finished epoch # 171     top1:  29.893  top5:   8.701
	
=> Training epoch # 172	
 * Finished epoch # 172     top1:  29.902  top5:   8.047
	
=> Training epoch # 173	
 * Finished epoch # 173     top1:  29.863  top5:   8.457
	
=> Training epoch # 174	
 * Finished epoch # 174     top1:  30.898  top5:   8.555
	
=> Training epoch # 175	
 * Finished epoch # 175     top1:  29.727  top5:   8.320
	
=> Training epoch # 176	
 * Finished epoch # 176     top1:  30.146  top5:   8.516
	
=> Training epoch # 177	
 * Finished epoch # 177     top1:  30.322  top5:   8.701
	
=> Training epoch # 178	
 * Finished epoch # 178     top1:  30.361  top5:   8.486
	
=> Training epoch # 179	
 * Finished epoch # 179     top1:  29.990  top5:   8.633
	
=> Training epoch # 180	
 * Finished epoch # 180     top1:  30.137  top5:   8.330
	
=> Training epoch # 181	
 * Finished epoch # 181     top1:  30.840  top5:   8.867
	
=> Training epoch # 182	
 * Finished epoch # 182     top1:  31.064  top5:   8.486
	
=> Training epoch # 183	
 * Finished epoch # 183     top1:  30.137  top5:   8.506
	
=> Training epoch # 184	
 * Finished epoch # 184     top1:  31.221  top5:   9.395
	
=> Training epoch # 185	
 * Finished epoch # 185     top1:  30.146  top5:   8.389
	
=> Training epoch # 186	
 * Finished epoch # 186     top1:  30.488  top5:   8.760
	
=> Training epoch # 187	
 * Finished epoch # 187     top1:  30.479  top5:   8.643
	
=> Training epoch # 188	
 * Finished epoch # 188     top1:  30.811  top5:   8.477
	
=> Training epoch # 189	
 * Finished epoch # 189     top1:  29.893  top5:   8.389
	
=> Training epoch # 190	
 * Finished epoch # 190     top1:  31.143  top5:   9.062
	
=> Training epoch # 191	
 * Finished epoch # 191     top1:  30.176  top5:   8.438
	
=> Training epoch # 192	
 * Finished epoch # 192     top1:  30.996  top5:   9.424
	
=> Training epoch # 193	
 * Finished epoch # 193     top1:  30.781  top5:   9.053
	
=> Training epoch # 194	
 * Finished epoch # 194     top1:  30.762  top5:   9.189
	
=> Training epoch # 195	
 * Finished epoch # 195     top1:  30.781  top5:   8.936
	
=> Training epoch # 196	
 * Finished epoch # 196     top1:  30.703  top5:   8.740
	
=> Training epoch # 197	
 * Finished epoch # 197     top1:  30.752  top5:   9.033
	
=> Training epoch # 198	
 * Finished epoch # 198     top1:  31.641  top5:   9.326
	
=> Training epoch # 199	
 * Finished epoch # 199     top1:  31.182  top5:   9.189
	
=> Training epoch # 200	
 * Finished epoch # 200     top1:  30.615  top5:   8.906
	
 * Finished top1: 28.555  top5:  7.461	
