{
  cudnn : "fastest"
  LR : 0.1
  nThreads : 2
  nClasses : 0
  batchSize : 256
  testOnly : false
  netType : "resnet-pelu-mul-div"
  resetClassifier : false
  shortcutType : "A"
  gen : "gen"
  nGPU : 1
  depth : 110
  weightDecay : 0.001
  data : ""
  dataset : "cifar100"
  epochNumber : 1
  manualSeed : 2
  resume : "results/results-pelu-mul-div/try5/cifar100/110"
  optimState : "none"
  nEpochs : 200
  tenCrop : false
  shareGradInput : false
  backend : "cudnn"
  momentum : 0.9
  retrain : "none"
}
=> Creating model from file: models/resnet-pelu-mul-div.lua	
 | ResNet-110 CIFAR-100	
nn.Sequential {
  [input -> (1) -> (2) -> (3) -> (4) -> (5) -> (6) -> (7) -> (8) -> (9) -> output]
  (1): cudnn.SpatialConvolution(3 -> 16, 3x3, 1,1, 1,1) without bias
  (2): nn.Sequential {
    [input -> (1) -> (2) -> (3) -> output]
    (1): nn.ConstrainedMul
    (2): nn.ELU (alpha:1.000000)
    (3): nn.ConstrainedDiv
  }
  (3): nn.Sequential {
    [input -> (1) -> (2) -> (3) -> (4) -> (5) -> (6) -> (7) -> (8) -> (9) -> (10) -> (11) -> (12) -> (13) -> (14) -> (15) -> (16) -> (17) -> (18) -> output]
    (1): nn.Sequential {
      [input -> (1) -> (2) -> output]
      (1): nn.ConcatTable {
        input
          |`-> (1): nn.Sequential {
          |      [input -> (1) -> (2) -> (3) -> (4) -> output]
          |      (1): cudnn.SpatialConvolution(16 -> 16, 3x3, 1,1, 1,1) without bias
          |      (2): nn.Sequential {
          |        [input -> (1) -> (2) -> (3) -> output]
          |        (1): nn.ConstrainedMul
          |        (2): nn.ELU (alpha:1.000000)
          |        (3): nn.ConstrainedDiv
          |      }
          |      (3): cudnn.SpatialConvolution(16 -> 16, 3x3, 1,1, 1,1) without bias
          |      (4): nn.SpatialBatchNormalization (4D) (16)
          |    }
           `-> (2): nn.Identity
           ... -> output
      }
      (2): nn.CAddTable
    }
    (2): nn.Sequential {
      [input -> (1) -> (2) -> output]
      (1): nn.ConcatTable {
        input
          |`-> (1): nn.Sequential {
          |      [input -> (1) -> (2) -> (3) -> (4) -> output]
          |      (1): cudnn.SpatialConvolution(16 -> 16, 3x3, 1,1, 1,1) without bias
          |      (2): nn.Sequential {
          |        [input -> (1) -> (2) -> (3) -> output]
          |        (1): nn.ConstrainedMul
          |        (2): nn.ELU (alpha:1.000000)
          |        (3): nn.ConstrainedDiv
          |      }
          |      (3): cudnn.SpatialConvolution(16 -> 16, 3x3, 1,1, 1,1) without bias
          |      (4): nn.SpatialBatchNormalization (4D) (16)
          |    }
           `-> (2): nn.Identity
           ... -> output
      }
      (2): nn.CAddTable
    }
    (3): nn.Sequential {
      [input -> (1) -> (2) -> output]
      (1): nn.ConcatTable {
        input
          |`-> (1): nn.Sequential {
          |      [input -> (1) -> (2) -> (3) -> (4) -> output]
          |      (1): cudnn.SpatialConvolution(16 -> 16, 3x3, 1,1, 1,1) without bias
          |      (2): nn.Sequential {
          |        [input -> (1) -> (2) -> (3) -> output]
          |        (1): nn.ConstrainedMul
          |        (2): nn.ELU (alpha:1.000000)
          |        (3): nn.ConstrainedDiv
          |      }
          |      (3): cudnn.SpatialConvolution(16 -> 16, 3x3, 1,1, 1,1) without bias
          |      (4): nn.SpatialBatchNormalization (4D) (16)
          |    }
           `-> (2): nn.Identity
           ... -> output
      }
      (2): nn.CAddTable
    }
    (4): nn.Sequential {
      [input -> (1) -> (2) -> output]
      (1): nn.ConcatTable {
        input
          |`-> (1): nn.Sequential {
          |      [input -> (1) -> (2) -> (3) -> (4) -> output]
          |      (1): cudnn.SpatialConvolution(16 -> 16, 3x3, 1,1, 1,1) without bias
          |      (2): nn.Sequential {
          |        [input -> (1) -> (2) -> (3) -> output]
          |        (1): nn.ConstrainedMul
          |        (2): nn.ELU (alpha:1.000000)
          |        (3): nn.ConstrainedDiv
          |      }
          |      (3): cudnn.SpatialConvolution(16 -> 16, 3x3, 1,1, 1,1) without bias
          |      (4): nn.SpatialBatchNormalization (4D) (16)
          |    }
           `-> (2): nn.Identity
           ... -> output
      }
      (2): nn.CAddTable
    }
    (5): nn.Sequential {
      [input -> (1) -> (2) -> output]
      (1): nn.ConcatTable {
        input
          |`-> (1): nn.Sequential {
          |      [input -> (1) -> (2) -> (3) -> (4) -> output]
          |      (1): cudnn.SpatialConvolution(16 -> 16, 3x3, 1,1, 1,1) without bias
          |      (2): nn.Sequential {
          |        [input -> (1) -> (2) -> (3) -> output]
          |        (1): nn.ConstrainedMul
          |        (2): nn.ELU (alpha:1.000000)
          |        (3): nn.ConstrainedDiv
          |      }
          |      (3): cudnn.SpatialConvolution(16 -> 16, 3x3, 1,1, 1,1) without bias
          |      (4): nn.SpatialBatchNormalization (4D) (16)
          |    }
           `-> (2): nn.Identity
           ... -> output
      }
      (2): nn.CAddTable
    }
    (6): nn.Sequential {
      [input -> (1) -> (2) -> output]
      (1): nn.ConcatTable {
        input
          |`-> (1): nn.Sequential {
          |      [input -> (1) -> (2) -> (3) -> (4) -> output]
          |      (1): cudnn.SpatialConvolution(16 -> 16, 3x3, 1,1, 1,1) without bias
          |      (2): nn.Sequential {
          |        [input -> (1) -> (2) -> (3) -> output]
          |        (1): nn.ConstrainedMul
          |        (2): nn.ELU (alpha:1.000000)
          |        (3): nn.ConstrainedDiv
          |      }
          |      (3): cudnn.SpatialConvolution(16 -> 16, 3x3, 1,1, 1,1) without bias
          |      (4): nn.SpatialBatchNormalization (4D) (16)
          |    }
           `-> (2): nn.Identity
           ... -> output
      }
      (2): nn.CAddTable
    }
    (7): nn.Sequential {
      [input -> (1) -> (2) -> output]
      (1): nn.ConcatTable {
        input
          |`-> (1): nn.Sequential {
          |      [input -> (1) -> (2) -> (3) -> (4) -> output]
          |      (1): cudnn.SpatialConvolution(16 -> 16, 3x3, 1,1, 1,1) without bias
          |      (2): nn.Sequential {
          |        [input -> (1) -> (2) -> (3) -> output]
          |        (1): nn.ConstrainedMul
          |        (2): nn.ELU (alpha:1.000000)
          |        (3): nn.ConstrainedDiv
          |      }
          |      (3): cudnn.SpatialConvolution(16 -> 16, 3x3, 1,1, 1,1) without bias
          |      (4): nn.SpatialBatchNormalization (4D) (16)
          |    }
           `-> (2): nn.Identity
           ... -> output
      }
      (2): nn.CAddTable
    }
    (8): nn.Sequential {
      [input -> (1) -> (2) -> output]
      (1): nn.ConcatTable {
        input
          |`-> (1): nn.Sequential {
          |      [input -> (1) -> (2) -> (3) -> (4) -> output]
          |      (1): cudnn.SpatialConvolution(16 -> 16, 3x3, 1,1, 1,1) without bias
          |      (2): nn.Sequential {
          |        [input -> (1) -> (2) -> (3) -> output]
          |        (1): nn.ConstrainedMul
          |        (2): nn.ELU (alpha:1.000000)
          |        (3): nn.ConstrainedDiv
          |      }
          |      (3): cudnn.SpatialConvolution(16 -> 16, 3x3, 1,1, 1,1) without bias
          |      (4): nn.SpatialBatchNormalization (4D) (16)
          |    }
           `-> (2): nn.Identity
           ... -> output
      }
      (2): nn.CAddTable
    }
    (9): nn.Sequential {
      [input -> (1) -> (2) -> output]
      (1): nn.ConcatTable {
        input
          |`-> (1): nn.Sequential {
          |      [input -> (1) -> (2) -> (3) -> (4) -> output]
          |      (1): cudnn.SpatialConvolution(16 -> 16, 3x3, 1,1, 1,1) without bias
          |      (2): nn.Sequential {
          |        [input -> (1) -> (2) -> (3) -> output]
          |        (1): nn.ConstrainedMul
          |        (2): nn.ELU (alpha:1.000000)
          |        (3): nn.ConstrainedDiv
          |      }
          |      (3): cudnn.SpatialConvolution(16 -> 16, 3x3, 1,1, 1,1) without bias
          |      (4): nn.SpatialBatchNormalization (4D) (16)
          |    }
           `-> (2): nn.Identity
           ... -> output
      }
      (2): nn.CAddTable
    }
    (10): nn.Sequential {
      [input -> (1) -> (2) -> output]
      (1): nn.ConcatTable {
        input
          |`-> (1): nn.Sequential {
          |      [input -> (1) -> (2) -> (3) -> (4) -> output]
          |      (1): cudnn.SpatialConvolution(16 -> 16, 3x3, 1,1, 1,1) without bias
          |      (2): nn.Sequential {
          |        [input -> (1) -> (2) -> (3) -> output]
          |        (1): nn.ConstrainedMul
          |        (2): nn.ELU (alpha:1.000000)
          |        (3): nn.ConstrainedDiv
          |      }
          |      (3): cudnn.SpatialConvolution(16 -> 16, 3x3, 1,1, 1,1) without bias
          |      (4): nn.SpatialBatchNormalization (4D) (16)
          |    }
           `-> (2): nn.Identity
           ... -> output
      }
      (2): nn.CAddTable
    }
    (11): nn.Sequential {
      [input -> (1) -> (2) -> output]
      (1): nn.ConcatTable {
        input
          |`-> (1): nn.Sequential {
          |      [input -> (1) -> (2) -> (3) -> (4) -> output]
          |      (1): cudnn.SpatialConvolution(16 -> 16, 3x3, 1,1, 1,1) without bias
          |      (2): nn.Sequential {
          |        [input -> (1) -> (2) -> (3) -> output]
          |        (1): nn.ConstrainedMul
          |        (2): nn.ELU (alpha:1.000000)
          |        (3): nn.ConstrainedDiv
          |      }
          |      (3): cudnn.SpatialConvolution(16 -> 16, 3x3, 1,1, 1,1) without bias
          |      (4): nn.SpatialBatchNormalization (4D) (16)
          |    }
           `-> (2): nn.Identity
           ... -> output
      }
      (2): nn.CAddTable
    }
    (12): nn.Sequential {
      [input -> (1) -> (2) -> output]
      (1): nn.ConcatTable {
        input
          |`-> (1): nn.Sequential {
          |      [input -> (1) -> (2) -> (3) -> (4) -> output]
          |      (1): cudnn.SpatialConvolution(16 -> 16, 3x3, 1,1, 1,1) without bias
          |      (2): nn.Sequential {
          |        [input -> (1) -> (2) -> (3) -> output]
          |        (1): nn.ConstrainedMul
          |        (2): nn.ELU (alpha:1.000000)
          |        (3): nn.ConstrainedDiv
          |      }
          |      (3): cudnn.SpatialConvolution(16 -> 16, 3x3, 1,1, 1,1) without bias
          |      (4): nn.SpatialBatchNormalization (4D) (16)
          |    }
           `-> (2): nn.Identity
           ... -> output
      }
      (2): nn.CAddTable
    }
    (13): nn.Sequential {
      [input -> (1) -> (2) -> output]
      (1): nn.ConcatTable {
        input
          |`-> (1): nn.Sequential {
          |      [input -> (1) -> (2) -> (3) -> (4) -> output]
          |      (1): cudnn.SpatialConvolution(16 -> 16, 3x3, 1,1, 1,1) without bias
          |      (2): nn.Sequential {
          |        [input -> (1) -> (2) -> (3) -> output]
          |        (1): nn.ConstrainedMul
          |        (2): nn.ELU (alpha:1.000000)
          |        (3): nn.ConstrainedDiv
          |      }
          |      (3): cudnn.SpatialConvolution(16 -> 16, 3x3, 1,1, 1,1) without bias
          |      (4): nn.SpatialBatchNormalization (4D) (16)
          |    }
           `-> (2): nn.Identity
           ... -> output
      }
      (2): nn.CAddTable
    }
    (14): nn.Sequential {
      [input -> (1) -> (2) -> output]
      (1): nn.ConcatTable {
        input
          |`-> (1): nn.Sequential {
          |      [input -> (1) -> (2) -> (3) -> (4) -> output]
          |      (1): cudnn.SpatialConvolution(16 -> 16, 3x3, 1,1, 1,1) without bias
          |      (2): nn.Sequential {
          |        [input -> (1) -> (2) -> (3) -> output]
          |        (1): nn.ConstrainedMul
          |        (2): nn.ELU (alpha:1.000000)
          |        (3): nn.ConstrainedDiv
          |      }
          |      (3): cudnn.SpatialConvolution(16 -> 16, 3x3, 1,1, 1,1) without bias
          |      (4): nn.SpatialBatchNormalization (4D) (16)
          |    }
           `-> (2): nn.Identity
           ... -> output
      }
      (2): nn.CAddTable
    }
    (15): nn.Sequential {
      [input -> (1) -> (2) -> output]
      (1): nn.ConcatTable {
        input
          |`-> (1): nn.Sequential {
          |      [input -> (1) -> (2) -> (3) -> (4) -> output]
          |      (1): cudnn.SpatialConvolution(16 -> 16, 3x3, 1,1, 1,1) without bias
          |      (2): nn.Sequential {
          |        [input -> (1) -> (2) -> (3) -> output]
          |        (1): nn.ConstrainedMul
          |        (2): nn.ELU (alpha:1.000000)
          |        (3): nn.ConstrainedDiv
          |      }
          |      (3): cudnn.SpatialConvolution(16 -> 16, 3x3, 1,1, 1,1) without bias
          |      (4): nn.SpatialBatchNormalization (4D) (16)
          |    }
           `-> (2): nn.Identity
           ... -> output
      }
      (2): nn.CAddTable
    }
    (16): nn.Sequential {
      [input -> (1) -> (2) -> output]
      (1): nn.ConcatTable {
        input
          |`-> (1): nn.Sequential {
          |      [input -> (1) -> (2) -> (3) -> (4) -> output]
          |      (1): cudnn.SpatialConvolution(16 -> 16, 3x3, 1,1, 1,1) without bias
          |      (2): nn.Sequential {
          |        [input -> (1) -> (2) -> (3) -> output]
          |        (1): nn.ConstrainedMul
          |        (2): nn.ELU (alpha:1.000000)
          |        (3): nn.ConstrainedDiv
          |      }
          |      (3): cudnn.SpatialConvolution(16 -> 16, 3x3, 1,1, 1,1) without bias
          |      (4): nn.SpatialBatchNormalization (4D) (16)
          |    }
           `-> (2): nn.Identity
           ... -> output
      }
      (2): nn.CAddTable
    }
    (17): nn.Sequential {
      [input -> (1) -> (2) -> output]
      (1): nn.ConcatTable {
        input
          |`-> (1): nn.Sequential {
          |      [input -> (1) -> (2) -> (3) -> (4) -> output]
          |      (1): cudnn.SpatialConvolution(16 -> 16, 3x3, 1,1, 1,1) without bias
          |      (2): nn.Sequential {
          |        [input -> (1) -> (2) -> (3) -> output]
          |        (1): nn.ConstrainedMul
          |        (2): nn.ELU (alpha:1.000000)
          |        (3): nn.ConstrainedDiv
          |      }
          |      (3): cudnn.SpatialConvolution(16 -> 16, 3x3, 1,1, 1,1) without bias
          |      (4): nn.SpatialBatchNormalization (4D) (16)
          |    }
           `-> (2): nn.Identity
           ... -> output
      }
      (2): nn.CAddTable
    }
    (18): nn.Sequential {
      [input -> (1) -> (2) -> output]
      (1): nn.ConcatTable {
        input
          |`-> (1): nn.Sequential {
          |      [input -> (1) -> (2) -> (3) -> (4) -> output]
          |      (1): cudnn.SpatialConvolution(16 -> 16, 3x3, 1,1, 1,1) without bias
          |      (2): nn.Sequential {
          |        [input -> (1) -> (2) -> (3) -> output]
          |        (1): nn.ConstrainedMul
          |        (2): nn.ELU (alpha:1.000000)
          |        (3): nn.ConstrainedDiv
          |      }
          |      (3): cudnn.SpatialConvolution(16 -> 16, 3x3, 1,1, 1,1) without bias
          |      (4): nn.SpatialBatchNormalization (4D) (16)
          |    }
           `-> (2): nn.Identity
           ... -> output
      }
      (2): nn.CAddTable
    }
  }
  (4): nn.Sequential {
    [input -> (1) -> (2) -> (3) -> (4) -> (5) -> (6) -> (7) -> (8) -> (9) -> (10) -> (11) -> (12) -> (13) -> (14) -> (15) -> (16) -> (17) -> (18) -> output]
    (1): nn.Sequential {
      [input -> (1) -> (2) -> output]
      (1): nn.ConcatTable {
        input
          |`-> (1): nn.Sequential {
          |      [input -> (1) -> (2) -> (3) -> (4) -> output]
          |      (1): cudnn.SpatialConvolution(16 -> 32, 3x3, 2,2, 1,1) without bias
          |      (2): nn.Sequential {
          |        [input -> (1) -> (2) -> (3) -> output]
          |        (1): nn.ConstrainedMul
          |        (2): nn.ELU (alpha:1.000000)
          |        (3): nn.ConstrainedDiv
          |      }
          |      (3): cudnn.SpatialConvolution(32 -> 32, 3x3, 1,1, 1,1) without bias
          |      (4): nn.SpatialBatchNormalization (4D) (32)
          |    }
           `-> (2): nn.Sequential {
                 [input -> (1) -> (2) -> output]
                 (1): nn.SpatialAveragePooling(1x1, 2,2)
                 (2): nn.Concat {
                   input
                     |`-> (1): nn.Identity
                      `-> (2): nn.MulConstant
                      ... -> output
                 }
               }
           ... -> output
      }
      (2): nn.CAddTable
    }
    (2): nn.Sequential {
      [input -> (1) -> (2) -> output]
      (1): nn.ConcatTable {
        input
          |`-> (1): nn.Sequential {
          |      [input -> (1) -> (2) -> (3) -> (4) -> output]
          |      (1): cudnn.SpatialConvolution(32 -> 32, 3x3, 1,1, 1,1) without bias
          |      (2): nn.Sequential {
          |        [input -> (1) -> (2) -> (3) -> output]
          |        (1): nn.ConstrainedMul
          |        (2): nn.ELU (alpha:1.000000)
          |        (3): nn.ConstrainedDiv
          |      }
          |      (3): cudnn.SpatialConvolution(32 -> 32, 3x3, 1,1, 1,1) without bias
          |      (4): nn.SpatialBatchNormalization (4D) (32)
          |    }
           `-> (2): nn.Identity
           ... -> output
      }
      (2): nn.CAddTable
    }
    (3): nn.Sequential {
      [input -> (1) -> (2) -> output]
      (1): nn.ConcatTable {
        input
          |`-> (1): nn.Sequential {
          |      [input -> (1) -> (2) -> (3) -> (4) -> output]
          |      (1): cudnn.SpatialConvolution(32 -> 32, 3x3, 1,1, 1,1) without bias
          |      (2): nn.Sequential {
          |        [input -> (1) -> (2) -> (3) -> output]
          |        (1): nn.ConstrainedMul
          |        (2): nn.ELU (alpha:1.000000)
          |        (3): nn.ConstrainedDiv
          |      }
          |      (3): cudnn.SpatialConvolution(32 -> 32, 3x3, 1,1, 1,1) without bias
          |      (4): nn.SpatialBatchNormalization (4D) (32)
          |    }
           `-> (2): nn.Identity
           ... -> output
      }
      (2): nn.CAddTable
    }
    (4): nn.Sequential {
      [input -> (1) -> (2) -> output]
      (1): nn.ConcatTable {
        input
          |`-> (1): nn.Sequential {
          |      [input -> (1) -> (2) -> (3) -> (4) -> output]
          |      (1): cudnn.SpatialConvolution(32 -> 32, 3x3, 1,1, 1,1) without bias
          |      (2): nn.Sequential {
          |        [input -> (1) -> (2) -> (3) -> output]
          |        (1): nn.ConstrainedMul
          |        (2): nn.ELU (alpha:1.000000)
          |        (3): nn.ConstrainedDiv
          |      }
          |      (3): cudnn.SpatialConvolution(32 -> 32, 3x3, 1,1, 1,1) without bias
          |      (4): nn.SpatialBatchNormalization (4D) (32)
          |    }
           `-> (2): nn.Identity
           ... -> output
      }
      (2): nn.CAddTable
    }
    (5): nn.Sequential {
      [input -> (1) -> (2) -> output]
      (1): nn.ConcatTable {
        input
          |`-> (1): nn.Sequential {
          |      [input -> (1) -> (2) -> (3) -> (4) -> output]
          |      (1): cudnn.SpatialConvolution(32 -> 32, 3x3, 1,1, 1,1) without bias
          |      (2): nn.Sequential {
          |        [input -> (1) -> (2) -> (3) -> output]
          |        (1): nn.ConstrainedMul
          |        (2): nn.ELU (alpha:1.000000)
          |        (3): nn.ConstrainedDiv
          |      }
          |      (3): cudnn.SpatialConvolution(32 -> 32, 3x3, 1,1, 1,1) without bias
          |      (4): nn.SpatialBatchNormalization (4D) (32)
          |    }
           `-> (2): nn.Identity
           ... -> output
      }
      (2): nn.CAddTable
    }
    (6): nn.Sequential {
      [input -> (1) -> (2) -> output]
      (1): nn.ConcatTable {
        input
          |`-> (1): nn.Sequential {
          |      [input -> (1) -> (2) -> (3) -> (4) -> output]
          |      (1): cudnn.SpatialConvolution(32 -> 32, 3x3, 1,1, 1,1) without bias
          |      (2): nn.Sequential {
          |        [input -> (1) -> (2) -> (3) -> output]
          |        (1): nn.ConstrainedMul
          |        (2): nn.ELU (alpha:1.000000)
          |        (3): nn.ConstrainedDiv
          |      }
          |      (3): cudnn.SpatialConvolution(32 -> 32, 3x3, 1,1, 1,1) without bias
          |      (4): nn.SpatialBatchNormalization (4D) (32)
          |    }
           `-> (2): nn.Identity
           ... -> output
      }
      (2): nn.CAddTable
    }
    (7): nn.Sequential {
      [input -> (1) -> (2) -> output]
      (1): nn.ConcatTable {
        input
          |`-> (1): nn.Sequential {
          |      [input -> (1) -> (2) -> (3) -> (4) -> output]
          |      (1): cudnn.SpatialConvolution(32 -> 32, 3x3, 1,1, 1,1) without bias
          |      (2): nn.Sequential {
          |        [input -> (1) -> (2) -> (3) -> output]
          |        (1): nn.ConstrainedMul
          |        (2): nn.ELU (alpha:1.000000)
          |        (3): nn.ConstrainedDiv
          |      }
          |      (3): cudnn.SpatialConvolution(32 -> 32, 3x3, 1,1, 1,1) without bias
          |      (4): nn.SpatialBatchNormalization (4D) (32)
          |    }
           `-> (2): nn.Identity
           ... -> output
      }
      (2): nn.CAddTable
    }
    (8): nn.Sequential {
      [input -> (1) -> (2) -> output]
      (1): nn.ConcatTable {
        input
          |`-> (1): nn.Sequential {
          |      [input -> (1) -> (2) -> (3) -> (4) -> output]
          |      (1): cudnn.SpatialConvolution(32 -> 32, 3x3, 1,1, 1,1) without bias
          |      (2): nn.Sequential {
          |        [input -> (1) -> (2) -> (3) -> output]
          |        (1): nn.ConstrainedMul
          |        (2): nn.ELU (alpha:1.000000)
          |        (3): nn.ConstrainedDiv
          |      }
          |      (3): cudnn.SpatialConvolution(32 -> 32, 3x3, 1,1, 1,1) without bias
          |      (4): nn.SpatialBatchNormalization (4D) (32)
          |    }
           `-> (2): nn.Identity
           ... -> output
      }
      (2): nn.CAddTable
    }
    (9): nn.Sequential {
      [input -> (1) -> (2) -> output]
      (1): nn.ConcatTable {
        input
          |`-> (1): nn.Sequential {
          |      [input -> (1) -> (2) -> (3) -> (4) -> output]
          |      (1): cudnn.SpatialConvolution(32 -> 32, 3x3, 1,1, 1,1) without bias
          |      (2): nn.Sequential {
          |        [input -> (1) -> (2) -> (3) -> output]
          |        (1): nn.ConstrainedMul
          |        (2): nn.ELU (alpha:1.000000)
          |        (3): nn.ConstrainedDiv
          |      }
          |      (3): cudnn.SpatialConvolution(32 -> 32, 3x3, 1,1, 1,1) without bias
          |      (4): nn.SpatialBatchNormalization (4D) (32)
          |    }
           `-> (2): nn.Identity
           ... -> output
      }
      (2): nn.CAddTable
    }
    (10): nn.Sequential {
      [input -> (1) -> (2) -> output]
      (1): nn.ConcatTable {
        input
          |`-> (1): nn.Sequential {
          |      [input -> (1) -> (2) -> (3) -> (4) -> output]
          |      (1): cudnn.SpatialConvolution(32 -> 32, 3x3, 1,1, 1,1) without bias
          |      (2): nn.Sequential {
          |        [input -> (1) -> (2) -> (3) -> output]
          |        (1): nn.ConstrainedMul
          |        (2): nn.ELU (alpha:1.000000)
          |        (3): nn.ConstrainedDiv
          |      }
          |      (3): cudnn.SpatialConvolution(32 -> 32, 3x3, 1,1, 1,1) without bias
          |      (4): nn.SpatialBatchNormalization (4D) (32)
          |    }
           `-> (2): nn.Identity
           ... -> output
      }
      (2): nn.CAddTable
    }
    (11): nn.Sequential {
      [input -> (1) -> (2) -> output]
      (1): nn.ConcatTable {
        input
          |`-> (1): nn.Sequential {
          |      [input -> (1) -> (2) -> (3) -> (4) -> output]
          |      (1): cudnn.SpatialConvolution(32 -> 32, 3x3, 1,1, 1,1) without bias
          |      (2): nn.Sequential {
          |        [input -> (1) -> (2) -> (3) -> output]
          |        (1): nn.ConstrainedMul
          |        (2): nn.ELU (alpha:1.000000)
          |        (3): nn.ConstrainedDiv
          |      }
          |      (3): cudnn.SpatialConvolution(32 -> 32, 3x3, 1,1, 1,1) without bias
          |      (4): nn.SpatialBatchNormalization (4D) (32)
          |    }
           `-> (2): nn.Identity
           ... -> output
      }
      (2): nn.CAddTable
    }
    (12): nn.Sequential {
      [input -> (1) -> (2) -> output]
      (1): nn.ConcatTable {
        input
          |`-> (1): nn.Sequential {
          |      [input -> (1) -> (2) -> (3) -> (4) -> output]
          |      (1): cudnn.SpatialConvolution(32 -> 32, 3x3, 1,1, 1,1) without bias
          |      (2): nn.Sequential {
          |        [input -> (1) -> (2) -> (3) -> output]
          |        (1): nn.ConstrainedMul
          |        (2): nn.ELU (alpha:1.000000)
          |        (3): nn.ConstrainedDiv
          |      }
          |      (3): cudnn.SpatialConvolution(32 -> 32, 3x3, 1,1, 1,1) without bias
          |      (4): nn.SpatialBatchNormalization (4D) (32)
          |    }
           `-> (2): nn.Identity
           ... -> output
      }
      (2): nn.CAddTable
    }
    (13): nn.Sequential {
      [input -> (1) -> (2) -> output]
      (1): nn.ConcatTable {
        input
          |`-> (1): nn.Sequential {
          |      [input -> (1) -> (2) -> (3) -> (4) -> output]
          |      (1): cudnn.SpatialConvolution(32 -> 32, 3x3, 1,1, 1,1) without bias
          |      (2): nn.Sequential {
          |        [input -> (1) -> (2) -> (3) -> output]
          |        (1): nn.ConstrainedMul
          |        (2): nn.ELU (alpha:1.000000)
          |        (3): nn.ConstrainedDiv
          |      }
          |      (3): cudnn.SpatialConvolution(32 -> 32, 3x3, 1,1, 1,1) without bias
          |      (4): nn.SpatialBatchNormalization (4D) (32)
          |    }
           `-> (2): nn.Identity
           ... -> output
      }
      (2): nn.CAddTable
    }
    (14): nn.Sequential {
      [input -> (1) -> (2) -> output]
      (1): nn.ConcatTable {
        input
          |`-> (1): nn.Sequential {
          |      [input -> (1) -> (2) -> (3) -> (4) -> output]
          |      (1): cudnn.SpatialConvolution(32 -> 32, 3x3, 1,1, 1,1) without bias
          |      (2): nn.Sequential {
          |        [input -> (1) -> (2) -> (3) -> output]
          |        (1): nn.ConstrainedMul
          |        (2): nn.ELU (alpha:1.000000)
          |        (3): nn.ConstrainedDiv
          |      }
          |      (3): cudnn.SpatialConvolution(32 -> 32, 3x3, 1,1, 1,1) without bias
          |      (4): nn.SpatialBatchNormalization (4D) (32)
          |    }
           `-> (2): nn.Identity
           ... -> output
      }
      (2): nn.CAddTable
    }
    (15): nn.Sequential {
      [input -> (1) -> (2) -> output]
      (1): nn.ConcatTable {
        input
          |`-> (1): nn.Sequential {
          |      [input -> (1) -> (2) -> (3) -> (4) -> output]
          |      (1): cudnn.SpatialConvolution(32 -> 32, 3x3, 1,1, 1,1) without bias
          |      (2): nn.Sequential {
          |        [input -> (1) -> (2) -> (3) -> output]
          |        (1): nn.ConstrainedMul
          |        (2): nn.ELU (alpha:1.000000)
          |        (3): nn.ConstrainedDiv
          |      }
          |      (3): cudnn.SpatialConvolution(32 -> 32, 3x3, 1,1, 1,1) without bias
          |      (4): nn.SpatialBatchNormalization (4D) (32)
          |    }
           `-> (2): nn.Identity
           ... -> output
      }
      (2): nn.CAddTable
    }
    (16): nn.Sequential {
      [input -> (1) -> (2) -> output]
      (1): nn.ConcatTable {
        input
          |`-> (1): nn.Sequential {
          |      [input -> (1) -> (2) -> (3) -> (4) -> output]
          |      (1): cudnn.SpatialConvolution(32 -> 32, 3x3, 1,1, 1,1) without bias
          |      (2): nn.Sequential {
          |        [input -> (1) -> (2) -> (3) -> output]
          |        (1): nn.ConstrainedMul
          |        (2): nn.ELU (alpha:1.000000)
          |        (3): nn.ConstrainedDiv
          |      }
          |      (3): cudnn.SpatialConvolution(32 -> 32, 3x3, 1,1, 1,1) without bias
          |      (4): nn.SpatialBatchNormalization (4D) (32)
          |    }
           `-> (2): nn.Identity
           ... -> output
      }
      (2): nn.CAddTable
    }
    (17): nn.Sequential {
      [input -> (1) -> (2) -> output]
      (1): nn.ConcatTable {
        input
          |`-> (1): nn.Sequential {
          |      [input -> (1) -> (2) -> (3) -> (4) -> output]
          |      (1): cudnn.SpatialConvolution(32 -> 32, 3x3, 1,1, 1,1) without bias
          |      (2): nn.Sequential {
          |        [input -> (1) -> (2) -> (3) -> output]
          |        (1): nn.ConstrainedMul
          |        (2): nn.ELU (alpha:1.000000)
          |        (3): nn.ConstrainedDiv
          |      }
          |      (3): cudnn.SpatialConvolution(32 -> 32, 3x3, 1,1, 1,1) without bias
          |      (4): nn.SpatialBatchNormalization (4D) (32)
          |    }
           `-> (2): nn.Identity
           ... -> output
      }
      (2): nn.CAddTable
    }
    (18): nn.Sequential {
      [input -> (1) -> (2) -> output]
      (1): nn.ConcatTable {
        input
          |`-> (1): nn.Sequential {
          |      [input -> (1) -> (2) -> (3) -> (4) -> output]
          |      (1): cudnn.SpatialConvolution(32 -> 32, 3x3, 1,1, 1,1) without bias
          |      (2): nn.Sequential {
          |        [input -> (1) -> (2) -> (3) -> output]
          |        (1): nn.ConstrainedMul
          |        (2): nn.ELU (alpha:1.000000)
          |        (3): nn.ConstrainedDiv
          |      }
          |      (3): cudnn.SpatialConvolution(32 -> 32, 3x3, 1,1, 1,1) without bias
          |      (4): nn.SpatialBatchNormalization (4D) (32)
          |    }
           `-> (2): nn.Identity
           ... -> output
      }
      (2): nn.CAddTable
    }
  }
  (5): nn.Sequential {
    [input -> (1) -> (2) -> (3) -> (4) -> (5) -> (6) -> (7) -> (8) -> (9) -> (10) -> (11) -> (12) -> (13) -> (14) -> (15) -> (16) -> (17) -> (18) -> output]
    (1): nn.Sequential {
      [input -> (1) -> (2) -> output]
      (1): nn.ConcatTable {
        input
          |`-> (1): nn.Sequential {
          |      [input -> (1) -> (2) -> (3) -> (4) -> output]
          |      (1): cudnn.SpatialConvolution(32 -> 64, 3x3, 2,2, 1,1) without bias
          |      (2): nn.Sequential {
          |        [input -> (1) -> (2) -> (3) -> output]
          |        (1): nn.ConstrainedMul
          |        (2): nn.ELU (alpha:1.000000)
          |        (3): nn.ConstrainedDiv
          |      }
          |      (3): cudnn.SpatialConvolution(64 -> 64, 3x3, 1,1, 1,1) without bias
          |      (4): nn.SpatialBatchNormalization (4D) (64)
          |    }
           `-> (2): nn.Sequential {
                 [input -> (1) -> (2) -> output]
                 (1): nn.SpatialAveragePooling(1x1, 2,2)
                 (2): nn.Concat {
                   input
                     |`-> (1): nn.Identity
                      `-> (2): nn.MulConstant
                      ... -> output
                 }
               }
           ... -> output
      }
      (2): nn.CAddTable
    }
    (2): nn.Sequential {
      [input -> (1) -> (2) -> output]
      (1): nn.ConcatTable {
        input
          |`-> (1): nn.Sequential {
          |      [input -> (1) -> (2) -> (3) -> (4) -> output]
          |      (1): cudnn.SpatialConvolution(64 -> 64, 3x3, 1,1, 1,1) without bias
          |      (2): nn.Sequential {
          |        [input -> (1) -> (2) -> (3) -> output]
          |        (1): nn.ConstrainedMul
          |        (2): nn.ELU (alpha:1.000000)
          |        (3): nn.ConstrainedDiv
          |      }
          |      (3): cudnn.SpatialConvolution(64 -> 64, 3x3, 1,1, 1,1) without bias
          |      (4): nn.SpatialBatchNormalization (4D) (64)
          |    }
           `-> (2): nn.Identity
           ... -> output
      }
      (2): nn.CAddTable
    }
    (3): nn.Sequential {
      [input -> (1) -> (2) -> output]
      (1): nn.ConcatTable {
        input
          |`-> (1): nn.Sequential {
          |      [input -> (1) -> (2) -> (3) -> (4) -> output]
          |      (1): cudnn.SpatialConvolution(64 -> 64, 3x3, 1,1, 1,1) without bias
          |      (2): nn.Sequential {
          |        [input -> (1) -> (2) -> (3) -> output]
          |        (1): nn.ConstrainedMul
          |        (2): nn.ELU (alpha:1.000000)
          |        (3): nn.ConstrainedDiv
          |      }
          |      (3): cudnn.SpatialConvolution(64 -> 64, 3x3, 1,1, 1,1) without bias
          |      (4): nn.SpatialBatchNormalization (4D) (64)
          |    }
           `-> (2): nn.Identity
           ... -> output
      }
      (2): nn.CAddTable
    }
    (4): nn.Sequential {
      [input -> (1) -> (2) -> output]
      (1): nn.ConcatTable {
        input
          |`-> (1): nn.Sequential {
          |      [input -> (1) -> (2) -> (3) -> (4) -> output]
          |      (1): cudnn.SpatialConvolution(64 -> 64, 3x3, 1,1, 1,1) without bias
          |      (2): nn.Sequential {
          |        [input -> (1) -> (2) -> (3) -> output]
          |        (1): nn.ConstrainedMul
          |        (2): nn.ELU (alpha:1.000000)
          |        (3): nn.ConstrainedDiv
          |      }
          |      (3): cudnn.SpatialConvolution(64 -> 64, 3x3, 1,1, 1,1) without bias
          |      (4): nn.SpatialBatchNormalization (4D) (64)
          |    }
           `-> (2): nn.Identity
           ... -> output
      }
      (2): nn.CAddTable
    }
    (5): nn.Sequential {
      [input -> (1) -> (2) -> output]
      (1): nn.ConcatTable {
        input
          |`-> (1): nn.Sequential {
          |      [input -> (1) -> (2) -> (3) -> (4) -> output]
          |      (1): cudnn.SpatialConvolution(64 -> 64, 3x3, 1,1, 1,1) without bias
          |      (2): nn.Sequential {
          |        [input -> (1) -> (2) -> (3) -> output]
          |        (1): nn.ConstrainedMul
          |        (2): nn.ELU (alpha:1.000000)
          |        (3): nn.ConstrainedDiv
          |      }
          |      (3): cudnn.SpatialConvolution(64 -> 64, 3x3, 1,1, 1,1) without bias
          |      (4): nn.SpatialBatchNormalization (4D) (64)
          |    }
           `-> (2): nn.Identity
           ... -> output
      }
      (2): nn.CAddTable
    }
    (6): nn.Sequential {
      [input -> (1) -> (2) -> output]
      (1): nn.ConcatTable {
        input
          |`-> (1): nn.Sequential {
          |      [input -> (1) -> (2) -> (3) -> (4) -> output]
          |      (1): cudnn.SpatialConvolution(64 -> 64, 3x3, 1,1, 1,1) without bias
          |      (2): nn.Sequential {
          |        [input -> (1) -> (2) -> (3) -> output]
          |        (1): nn.ConstrainedMul
          |        (2): nn.ELU (alpha:1.000000)
          |        (3): nn.ConstrainedDiv
          |      }
          |      (3): cudnn.SpatialConvolution(64 -> 64, 3x3, 1,1, 1,1) without bias
          |      (4): nn.SpatialBatchNormalization (4D) (64)
          |    }
           `-> (2): nn.Identity
           ... -> output
      }
      (2): nn.CAddTable
    }
    (7): nn.Sequential {
      [input -> (1) -> (2) -> output]
      (1): nn.ConcatTable {
        input
          |`-> (1): nn.Sequential {
          |      [input -> (1) -> (2) -> (3) -> (4) -> output]
          |      (1): cudnn.SpatialConvolution(64 -> 64, 3x3, 1,1, 1,1) without bias
          |      (2): nn.Sequential {
          |        [input -> (1) -> (2) -> (3) -> output]
          |        (1): nn.ConstrainedMul
          |        (2): nn.ELU (alpha:1.000000)
          |        (3): nn.ConstrainedDiv
          |      }
          |      (3): cudnn.SpatialConvolution(64 -> 64, 3x3, 1,1, 1,1) without bias
          |      (4): nn.SpatialBatchNormalization (4D) (64)
          |    }
           `-> (2): nn.Identity
           ... -> output
      }
      (2): nn.CAddTable
    }
    (8): nn.Sequential {
      [input -> (1) -> (2) -> output]
      (1): nn.ConcatTable {
        input
          |`-> (1): nn.Sequential {
          |      [input -> (1) -> (2) -> (3) -> (4) -> output]
          |      (1): cudnn.SpatialConvolution(64 -> 64, 3x3, 1,1, 1,1) without bias
          |      (2): nn.Sequential {
          |        [input -> (1) -> (2) -> (3) -> output]
          |        (1): nn.ConstrainedMul
          |        (2): nn.ELU (alpha:1.000000)
          |        (3): nn.ConstrainedDiv
          |      }
          |      (3): cudnn.SpatialConvolution(64 -> 64, 3x3, 1,1, 1,1) without bias
          |      (4): nn.SpatialBatchNormalization (4D) (64)
          |    }
           `-> (2): nn.Identity
           ... -> output
      }
      (2): nn.CAddTable
    }
    (9): nn.Sequential {
      [input -> (1) -> (2) -> output]
      (1): nn.ConcatTable {
        input
          |`-> (1): nn.Sequential {
          |      [input -> (1) -> (2) -> (3) -> (4) -> output]
          |      (1): cudnn.SpatialConvolution(64 -> 64, 3x3, 1,1, 1,1) without bias
          |      (2): nn.Sequential {
          |        [input -> (1) -> (2) -> (3) -> output]
          |        (1): nn.ConstrainedMul
          |        (2): nn.ELU (alpha:1.000000)
          |        (3): nn.ConstrainedDiv
          |      }
          |      (3): cudnn.SpatialConvolution(64 -> 64, 3x3, 1,1, 1,1) without bias
          |      (4): nn.SpatialBatchNormalization (4D) (64)
          |    }
           `-> (2): nn.Identity
           ... -> output
      }
      (2): nn.CAddTable
    }
    (10): nn.Sequential {
      [input -> (1) -> (2) -> output]
      (1): nn.ConcatTable {
        input
          |`-> (1): nn.Sequential {
          |      [input -> (1) -> (2) -> (3) -> (4) -> output]
          |      (1): cudnn.SpatialConvolution(64 -> 64, 3x3, 1,1, 1,1) without bias
          |      (2): nn.Sequential {
          |        [input -> (1) -> (2) -> (3) -> output]
          |        (1): nn.ConstrainedMul
          |        (2): nn.ELU (alpha:1.000000)
          |        (3): nn.ConstrainedDiv
          |      }
          |      (3): cudnn.SpatialConvolution(64 -> 64, 3x3, 1,1, 1,1) without bias
          |      (4): nn.SpatialBatchNormalization (4D) (64)
          |    }
           `-> (2): nn.Identity
           ... -> output
      }
      (2): nn.CAddTable
    }
    (11): nn.Sequential {
      [input -> (1) -> (2) -> output]
      (1): nn.ConcatTable {
        input
          |`-> (1): nn.Sequential {
          |      [input -> (1) -> (2) -> (3) -> (4) -> output]
          |      (1): cudnn.SpatialConvolution(64 -> 64, 3x3, 1,1, 1,1) without bias
          |      (2): nn.Sequential {
          |        [input -> (1) -> (2) -> (3) -> output]
          |        (1): nn.ConstrainedMul
          |        (2): nn.ELU (alpha:1.000000)
          |        (3): nn.ConstrainedDiv
          |      }
          |      (3): cudnn.SpatialConvolution(64 -> 64, 3x3, 1,1, 1,1) without bias
          |      (4): nn.SpatialBatchNormalization (4D) (64)
          |    }
           `-> (2): nn.Identity
           ... -> output
      }
      (2): nn.CAddTable
    }
    (12): nn.Sequential {
      [input -> (1) -> (2) -> output]
      (1): nn.ConcatTable {
        input
          |`-> (1): nn.Sequential {
          |      [input -> (1) -> (2) -> (3) -> (4) -> output]
          |      (1): cudnn.SpatialConvolution(64 -> 64, 3x3, 1,1, 1,1) without bias
          |      (2): nn.Sequential {
          |        [input -> (1) -> (2) -> (3) -> output]
          |        (1): nn.ConstrainedMul
          |        (2): nn.ELU (alpha:1.000000)
          |        (3): nn.ConstrainedDiv
          |      }
          |      (3): cudnn.SpatialConvolution(64 -> 64, 3x3, 1,1, 1,1) without bias
          |      (4): nn.SpatialBatchNormalization (4D) (64)
          |    }
           `-> (2): nn.Identity
           ... -> output
      }
      (2): nn.CAddTable
    }
    (13): nn.Sequential {
      [input -> (1) -> (2) -> output]
      (1): nn.ConcatTable {
        input
          |`-> (1): nn.Sequential {
          |      [input -> (1) -> (2) -> (3) -> (4) -> output]
          |      (1): cudnn.SpatialConvolution(64 -> 64, 3x3, 1,1, 1,1) without bias
          |      (2): nn.Sequential {
          |        [input -> (1) -> (2) -> (3) -> output]
          |        (1): nn.ConstrainedMul
          |        (2): nn.ELU (alpha:1.000000)
          |        (3): nn.ConstrainedDiv
          |      }
          |      (3): cudnn.SpatialConvolution(64 -> 64, 3x3, 1,1, 1,1) without bias
          |      (4): nn.SpatialBatchNormalization (4D) (64)
          |    }
           `-> (2): nn.Identity
           ... -> output
      }
      (2): nn.CAddTable
    }
    (14): nn.Sequential {
      [input -> (1) -> (2) -> output]
      (1): nn.ConcatTable {
        input
          |`-> (1): nn.Sequential {
          |      [input -> (1) -> (2) -> (3) -> (4) -> output]
          |      (1): cudnn.SpatialConvolution(64 -> 64, 3x3, 1,1, 1,1) without bias
          |      (2): nn.Sequential {
          |        [input -> (1) -> (2) -> (3) -> output]
          |        (1): nn.ConstrainedMul
          |        (2): nn.ELU (alpha:1.000000)
          |        (3): nn.ConstrainedDiv
          |      }
          |      (3): cudnn.SpatialConvolution(64 -> 64, 3x3, 1,1, 1,1) without bias
          |      (4): nn.SpatialBatchNormalization (4D) (64)
          |    }
           `-> (2): nn.Identity
           ... -> output
      }
      (2): nn.CAddTable
    }
    (15): nn.Sequential {
      [input -> (1) -> (2) -> output]
      (1): nn.ConcatTable {
        input
          |`-> (1): nn.Sequential {
          |      [input -> (1) -> (2) -> (3) -> (4) -> output]
          |      (1): cudnn.SpatialConvolution(64 -> 64, 3x3, 1,1, 1,1) without bias
          |      (2): nn.Sequential {
          |        [input -> (1) -> (2) -> (3) -> output]
          |        (1): nn.ConstrainedMul
          |        (2): nn.ELU (alpha:1.000000)
          |        (3): nn.ConstrainedDiv
          |      }
          |      (3): cudnn.SpatialConvolution(64 -> 64, 3x3, 1,1, 1,1) without bias
          |      (4): nn.SpatialBatchNormalization (4D) (64)
          |    }
           `-> (2): nn.Identity
           ... -> output
      }
      (2): nn.CAddTable
    }
    (16): nn.Sequential {
      [input -> (1) -> (2) -> output]
      (1): nn.ConcatTable {
        input
          |`-> (1): nn.Sequential {
          |      [input -> (1) -> (2) -> (3) -> (4) -> output]
          |      (1): cudnn.SpatialConvolution(64 -> 64, 3x3, 1,1, 1,1) without bias
          |      (2): nn.Sequential {
          |        [input -> (1) -> (2) -> (3) -> output]
          |        (1): nn.ConstrainedMul
          |        (2): nn.ELU (alpha:1.000000)
          |        (3): nn.ConstrainedDiv
          |      }
          |      (3): cudnn.SpatialConvolution(64 -> 64, 3x3, 1,1, 1,1) without bias
          |      (4): nn.SpatialBatchNormalization (4D) (64)
          |    }
           `-> (2): nn.Identity
           ... -> output
      }
      (2): nn.CAddTable
    }
    (17): nn.Sequential {
      [input -> (1) -> (2) -> output]
      (1): nn.ConcatTable {
        input
          |`-> (1): nn.Sequential {
          |      [input -> (1) -> (2) -> (3) -> (4) -> output]
          |      (1): cudnn.SpatialConvolution(64 -> 64, 3x3, 1,1, 1,1) without bias
          |      (2): nn.Sequential {
          |        [input -> (1) -> (2) -> (3) -> output]
          |        (1): nn.ConstrainedMul
          |        (2): nn.ELU (alpha:1.000000)
          |        (3): nn.ConstrainedDiv
          |      }
          |      (3): cudnn.SpatialConvolution(64 -> 64, 3x3, 1,1, 1,1) without bias
          |      (4): nn.SpatialBatchNormalization (4D) (64)
          |    }
           `-> (2): nn.Identity
           ... -> output
      }
      (2): nn.CAddTable
    }
    (18): nn.Sequential {
      [input -> (1) -> (2) -> output]
      (1): nn.ConcatTable {
        input
          |`-> (1): nn.Sequential {
          |      [input -> (1) -> (2) -> (3) -> (4) -> output]
          |      (1): cudnn.SpatialConvolution(64 -> 64, 3x3, 1,1, 1,1) without bias
          |      (2): nn.Sequential {
          |        [input -> (1) -> (2) -> (3) -> output]
          |        (1): nn.ConstrainedMul
          |        (2): nn.ELU (alpha:1.000000)
          |        (3): nn.ConstrainedDiv
          |      }
          |      (3): cudnn.SpatialConvolution(64 -> 64, 3x3, 1,1, 1,1) without bias
          |      (4): nn.SpatialBatchNormalization (4D) (64)
          |    }
           `-> (2): nn.Identity
           ... -> output
      }
      (2): nn.CAddTable
    }
  }
  (6): nn.Sequential {
    [input -> (1) -> (2) -> (3) -> output]
    (1): nn.ConstrainedMul
    (2): nn.ELU (alpha:1.000000)
    (3): nn.ConstrainedDiv
  }
  (7): cudnn.SpatialAveragePooling(8x8, 1,1)
  (8): nn.View(64)
  (9): nn.Linear(64 -> 100)
}
=> Training epoch # 1	
 * Finished epoch # 1     top1:  86.963  top5:  62.676
	
 * Best model 	86.962890625	62.67578125	
=> Training epoch # 2	
 * Finished epoch # 2     top1:  77.441  top5:  47.617
	
 * Best model 	77.44140625	47.6171875	
=> Training epoch # 3	
 * Finished epoch # 3     top1:  68.438  top5:  36.680
	
 * Best model 	68.4375	36.6796875	
=> Training epoch # 4	
 * Finished epoch # 4     top1:  62.764  top5:  30.723
	
 * Best model 	62.763671875	30.72265625	
=> Training epoch # 5	
 * Finished epoch # 5     top1:  63.730  top5:  29.551
	
=> Training epoch # 6	
 * Finished epoch # 6     top1:  54.805  top5:  21.885
	
 * Best model 	54.8046875	21.884765625	
=> Training epoch # 7	
 * Finished epoch # 7     top1:  52.451  top5:  21.094
	
 * Best model 	52.451171875	21.09375	
=> Training epoch # 8	
 * Finished epoch # 8     top1:  57.197  top5:  25.635
	
=> Training epoch # 9	
 * Finished epoch # 9     top1:  51.494  top5:  20.352
	
 * Best model 	51.494140625	20.3515625	
=> Training epoch # 10	
 * Finished epoch # 10     top1:  49.473  top5:  18.945
	
 * Best model 	49.47265625	18.9453125	
=> Training epoch # 11	
 * Finished epoch # 11     top1:  49.385  top5:  17.822
	
 * Best model 	49.384765625	17.822265625	
=> Training epoch # 12	
 * Finished epoch # 12     top1:  46.748  top5:  18.379
	
 * Best model 	46.748046875	18.37890625	
=> Training epoch # 13	
 * Finished epoch # 13     top1:  47.021  top5:  17.363
	
=> Training epoch # 14	
 * Finished epoch # 14     top1:  49.287  top5:  19.980
	
=> Training epoch # 15	
 * Finished epoch # 15     top1:  47.100  top5:  18.516
	
=> Training epoch # 16	
 * Finished epoch # 16     top1:  49.297  top5:  18.721
	
=> Training epoch # 17	
 * Finished epoch # 17     top1:  57.031  top5:  25.215
	
=> Training epoch # 18	
 * Finished epoch # 18     top1:  48.379  top5:  17.910
	
=> Training epoch # 19	
 * Finished epoch # 19     top1:  44.766  top5:  16.367
	
 * Best model 	44.765625	16.3671875	
=> Training epoch # 20	
 * Finished epoch # 20     top1:  46.943  top5:  17.656
	
=> Training epoch # 21	
 * Finished epoch # 21     top1:  52.598  top5:  22.295
	
=> Training epoch # 22	
 * Finished epoch # 22     top1:  51.660  top5:  20.830
	
=> Training epoch # 23	
 * Finished epoch # 23     top1:  45.488  top5:  16.201
	
=> Training epoch # 24	
 * Finished epoch # 24     top1:  50.293  top5:  20.938
	
=> Training epoch # 25	
 * Finished epoch # 25     top1:  46.650  top5:  18.584
	
=> Training epoch # 26	
 * Finished epoch # 26     top1:  47.012  top5:  17.529
	
=> Training epoch # 27	
 * Finished epoch # 27     top1:  43.721  top5:  15.566
	
 * Best model 	43.720703125	15.56640625	
=> Training epoch # 28	
 * Finished epoch # 28     top1:  44.121  top5:  15.205
	
=> Training epoch # 29	
 * Finished epoch # 29     top1:  46.973  top5:  17.383
	
=> Training epoch # 30	
 * Finished epoch # 30     top1:  47.480  top5:  17.803
	
=> Training epoch # 31	
 * Finished epoch # 31     top1:  44.600  top5:  16.182
	
=> Training epoch # 32	
 * Finished epoch # 32     top1:  44.727  top5:  15.801
	
=> Training epoch # 33	
 * Finished epoch # 33     top1:  47.109  top5:  18.105
	
=> Training epoch # 34	
 * Finished epoch # 34     top1:  43.525  top5:  15.117
	
 * Best model 	43.525390625	15.1171875	
=> Training epoch # 35	
 * Finished epoch # 35     top1:  42.314  top5:  15.166
	
 * Best model 	42.314453125	15.166015625	
=> Training epoch # 36	
 * Finished epoch # 36     top1:  49.980  top5:  20.264
	
=> Training epoch # 37	
 * Finished epoch # 37     top1:  42.578  top5:  15.225
	
=> Training epoch # 38	
 * Finished epoch # 38     top1:  44.912  top5:  15.801
	
=> Training epoch # 39	
 * Finished epoch # 39     top1:  45.020  top5:  16.396
	
=> Training epoch # 40	
 * Finished epoch # 40     top1:  46.533  top5:  17.568
	
=> Training epoch # 41	
 * Finished epoch # 41     top1:  43.252  top5:  15.498
	
=> Training epoch # 42	
 * Finished epoch # 42     top1:  44.990  top5:  16.504
	
=> Training epoch # 43	
 * Finished epoch # 43     top1:  46.807  top5:  18.340
	
=> Training epoch # 44	
 * Finished epoch # 44     top1:  45.879  top5:  16.562
	
=> Training epoch # 45	
 * Finished epoch # 45     top1:  46.885  top5:  18.398
	
=> Training epoch # 46	
 * Finished epoch # 46     top1:  48.438  top5:  18.682
	
=> Training epoch # 47	
 * Finished epoch # 47     top1:  43.516  top5:  15.469
	
=> Training epoch # 48	
 * Finished epoch # 48     top1:  45.312  top5:  17.041
	
=> Training epoch # 49	
 * Finished epoch # 49     top1:  46.191  top5:  16.973
	
=> Training epoch # 50	
 * Finished epoch # 50     top1:  46.406  top5:  17.734
	
=> Training epoch # 51	
 * Finished epoch # 51     top1:  45.771  top5:  18.252
	
=> Training epoch # 52	
 * Finished epoch # 52     top1:  44.111  top5:  14.961
	
=> Training epoch # 53	
 * Finished epoch # 53     top1:  44.678  top5:  15.820
	
=> Training epoch # 54	
 * Finished epoch # 54     top1:  46.826  top5:  17.979
	
=> Training epoch # 55	
 * Finished epoch # 55     top1:  47.070  top5:  18.359
	
=> Training epoch # 56	
 * Finished epoch # 56     top1:  47.881  top5:  18.916
	
=> Training epoch # 57	
 * Finished epoch # 57     top1:  47.451  top5:  18.711
	
=> Training epoch # 58	
 * Finished epoch # 58     top1:  44.170  top5:  16.162
	
=> Training epoch # 59	
 * Finished epoch # 59     top1:  48.086  top5:  20.107
	
=> Training epoch # 60	
 * Finished epoch # 60     top1:  44.639  top5:  17.520
	
=> Training epoch # 61	
 * Finished epoch # 61     top1:  43.486  top5:  15.195
	
=> Training epoch # 62	
 * Finished epoch # 62     top1:  42.031  top5:  15.420
	
 * Best model 	42.03125	15.419921875	
=> Training epoch # 63	
 * Finished epoch # 63     top1:  42.949  top5:  14.443
	
=> Training epoch # 64	
 * Finished epoch # 64     top1:  46.963  top5:  16.123
	
=> Training epoch # 65	
 * Finished epoch # 65     top1:  41.094  top5:  15.078
	
 * Best model 	41.09375	15.078125	
=> Training epoch # 66	
 * Finished epoch # 66     top1:  45.254  top5:  16.436
	
=> Training epoch # 67	
 * Finished epoch # 67     top1:  42.598  top5:  15.723
	
=> Training epoch # 68	
 * Finished epoch # 68     top1:  43.828  top5:  14.912
	
=> Training epoch # 69	
 * Finished epoch # 69     top1:  53.838  top5:  23.398
	
=> Training epoch # 70	
 * Finished epoch # 70     top1:  50.547  top5:  20.459
	
=> Training epoch # 71	
 * Finished epoch # 71     top1:  45.381  top5:  17.773
	
=> Training epoch # 72	
 * Finished epoch # 72     top1:  44.951  top5:  16.846
	
=> Training epoch # 73	
 * Finished epoch # 73     top1:  47.100  top5:  17.764
	
=> Training epoch # 74	
 * Finished epoch # 74     top1:  44.268  top5:  16.182
	
=> Training epoch # 75	
 * Finished epoch # 75     top1:  47.715  top5:  16.982
	
=> Training epoch # 76	
 * Finished epoch # 76     top1:  41.719  top5:  14.990
	
=> Training epoch # 77	
 * Finished epoch # 77     top1:  44.854  top5:  16.016
	
=> Training epoch # 78	
 * Finished epoch # 78     top1:  43.955  top5:  14.580
	
=> Training epoch # 79	
 * Finished epoch # 79     top1:  45.713  top5:  16.641
	
=> Training epoch # 80	
 * Finished epoch # 80     top1:  43.506  top5:  16.035
	
=> Training epoch # 81	
 * Finished epoch # 81     top1:  27.891  top5:   7.002
	
 * Best model 	27.890625	7.001953125	
=> Training epoch # 82	
 * Finished epoch # 82     top1:  27.051  top5:   7.080
	
 * Best model 	27.05078125	7.080078125	
=> Training epoch # 83	
 * Finished epoch # 83     top1:  27.852  top5:   7.354
	
=> Training epoch # 84	
 * Finished epoch # 84     top1:  27.227  top5:   6.865
	
=> Training epoch # 85	
 * Finished epoch # 85     top1:  28.457  top5:   7.646
	
=> Training epoch # 86	
 * Finished epoch # 86     top1:  29.434  top5:   7.500
	
=> Training epoch # 87	
 * Finished epoch # 87     top1:  29.033  top5:   8.184
	
=> Training epoch # 88	
 * Finished epoch # 88     top1:  29.492  top5:   8.281
	
=> Training epoch # 89	
 * Finished epoch # 89     top1:  30.801  top5:   8.975
	
=> Training epoch # 90	
 * Finished epoch # 90     top1:  32.002  top5:   9.316
	
=> Training epoch # 91	
 * Finished epoch # 91     top1:  32.539  top5:   9.414
	
=> Training epoch # 92	
 * Finished epoch # 92     top1:  32.900  top5:   9.893
	
=> Training epoch # 93	
 * Finished epoch # 93     top1:  32.256  top5:   9.951
	
=> Training epoch # 94	
 * Finished epoch # 94     top1:  33.213  top5:  10.615
	
=> Training epoch # 95	
 * Finished epoch # 95     top1:  33.193  top5:  10.088
	
=> Training epoch # 96	
 * Finished epoch # 96     top1:  33.408  top5:  10.342
	
=> Training epoch # 97	
 * Finished epoch # 97     top1:  35.645  top5:  11.270
	
=> Training epoch # 98	
 * Finished epoch # 98     top1:  33.740  top5:  10.283
	
=> Training epoch # 99	
 * Finished epoch # 99     top1:  36.191  top5:  11.797
	
=> Training epoch # 100	
 * Finished epoch # 100     top1:  33.760  top5:  10.752
	
=> Training epoch # 101	
 * Finished epoch # 101     top1:  36.875  top5:  12.363
	
=> Training epoch # 102	
 * Finished epoch # 102     top1:  33.818  top5:  11.064
	
=> Training epoch # 103	
 * Finished epoch # 103     top1:  37.705  top5:  12.842
	
=> Training epoch # 104	
 * Finished epoch # 104     top1:  33.545  top5:  10.723
	
=> Training epoch # 105	
 * Finished epoch # 105     top1:  33.252  top5:  10.840
	
=> Training epoch # 106	
 * Finished epoch # 106     top1:  35.586  top5:  11.357
	
=> Training epoch # 107	
 * Finished epoch # 107     top1:  36.465  top5:  12.061
	
=> Training epoch # 108	
 * Finished epoch # 108     top1:  34.834  top5:  11.445
	
=> Training epoch # 109	
 * Finished epoch # 109     top1:  38.145  top5:  13.877
	
=> Training epoch # 110	
 * Finished epoch # 110     top1:  40.068  top5:  14.092
	
=> Training epoch # 111	
 * Finished epoch # 111     top1:  42.461  top5:  15.498
	
=> Training epoch # 112	
 * Finished epoch # 112     top1:  35.020  top5:  11.602
	
=> Training epoch # 113	
 * Finished epoch # 113     top1:  37.295  top5:  12.832
	
=> Training epoch # 114	
 * Finished epoch # 114     top1:  37.080  top5:  11.934
	
=> Training epoch # 115	
 * Finished epoch # 115     top1:  37.588  top5:  12.725
	
=> Training epoch # 116	
 * Finished epoch # 116     top1:  37.520  top5:  13.135
	
=> Training epoch # 117	
 * Finished epoch # 117     top1:  39.014  top5:  14.102
	
=> Training epoch # 118	
 * Finished epoch # 118     top1:  45.918  top5:  17.109
	
=> Training epoch # 119	
 * Finished epoch # 119     top1:  38.857  top5:  13.447
	
=> Training epoch # 120	
 * Finished epoch # 120     top1:  39.453  top5:  13.574
	
=> Training epoch # 121	
 * Finished epoch # 121     top1:  39.258  top5:  14.238
	
=> Training epoch # 122	
 * Finished epoch # 122     top1:  26.709  top5:   7.236
	
 * Best model 	26.708984375	7.236328125	
=> Training epoch # 123	
 * Finished epoch # 123     top1:  26.338  top5:   7.256
	
 * Best model 	26.337890625	7.255859375	
=> Training epoch # 124	
 * Finished epoch # 124     top1:  26.309  top5:   7.021
	
 * Best model 	26.30859375	7.021484375	
=> Training epoch # 125	
 * Finished epoch # 125     top1:  25.762  top5:   6.768
	
 * Best model 	25.76171875	6.767578125	
=> Training epoch # 126	
 * Finished epoch # 126     top1:  26.221  top5:   6.758
	
=> Training epoch # 127	
 * Finished epoch # 127     top1:  25.840  top5:   6.836
	
=> Training epoch # 128	
 * Finished epoch # 128     top1:  26.074  top5:   6.768
	
=> Training epoch # 129	
 * Finished epoch # 129     top1:  25.635  top5:   6.826
	
 * Best model 	25.634765625	6.826171875	
=> Training epoch # 130	
 * Finished epoch # 130     top1:  25.684  top5:   6.924
	
=> Training epoch # 131	
 * Finished epoch # 131     top1:  25.947  top5:   6.660
	
=> Training epoch # 132	
 * Finished epoch # 132     top1:  25.605  top5:   6.777
	
 * Best model 	25.60546875	6.77734375	
=> Training epoch # 133	
 * Finished epoch # 133     top1:  25.762  top5:   6.777
	
=> Training epoch # 134	
 * Finished epoch # 134     top1:  25.498  top5:   6.807
	
 * Best model 	25.498046875	6.806640625	
=> Training epoch # 135	
 * Finished epoch # 135     top1:  25.820  top5:   6.719
	
=> Training epoch # 136	
 * Finished epoch # 136     top1:  25.654  top5:   6.729
	
=> Training epoch # 137	
 * Finished epoch # 137     top1:  25.840  top5:   6.865
	
=> Training epoch # 138	
 * Finished epoch # 138     top1:  25.098  top5:   6.641
	
 * Best model 	25.09765625	6.640625	
=> Training epoch # 139	
 * Finished epoch # 139     top1:  25.244  top5:   6.953
	
=> Training epoch # 140	
 * Finished epoch # 140     top1:  25.859  top5:   6.924
	
=> Training epoch # 141	
 * Finished epoch # 141     top1:  25.586  top5:   6.689
	
=> Training epoch # 142	
 * Finished epoch # 142     top1:  25.654  top5:   6.895
	
=> Training epoch # 143	
 * Finished epoch # 143     top1:  25.469  top5:   7.090
	
=> Training epoch # 144	
 * Finished epoch # 144     top1:  25.557  top5:   6.709
	
=> Training epoch # 145	
 * Finished epoch # 145     top1:  25.508  top5:   6.719
	
=> Training epoch # 146	
 * Finished epoch # 146     top1:  25.664  top5:   6.768
	
=> Training epoch # 147	
 * Finished epoch # 147     top1:  25.527  top5:   6.943
	
=> Training epoch # 148	
 * Finished epoch # 148     top1:  25.977  top5:   6.963
	
=> Training epoch # 149	
 * Finished epoch # 149     top1:  26.016  top5:   6.904
	
=> Training epoch # 150	
 * Finished epoch # 150     top1:  25.312  top5:   6.631
	
=> Training epoch # 151	
 * Finished epoch # 151     top1:  25.996  top5:   6.924
	
=> Training epoch # 152	
 * Finished epoch # 152     top1:  26.377  top5:   7.441
	
=> Training epoch # 153	
 * Finished epoch # 153     top1:  25.557  top5:   6.875
	
=> Training epoch # 154	
 * Finished epoch # 154     top1:  25.664  top5:   6.914
	
=> Training epoch # 155	
 * Finished epoch # 155     top1:  25.723  top5:   6.973
	
=> Training epoch # 156	
 * Finished epoch # 156     top1:  25.732  top5:   6.826
	
=> Training epoch # 157	
 * Finished epoch # 157     top1:  25.312  top5:   6.885
	
=> Training epoch # 158	
 * Finished epoch # 158     top1:  25.938  top5:   6.836
	
=> Training epoch # 159	
 * Finished epoch # 159     top1:  25.850  top5:   7.432
	
=> Training epoch # 160	
 * Finished epoch # 160     top1:  24.893  top5:   6.738
	
 * Best model 	24.892578125	6.73828125	
=> Training epoch # 161	
 * Finished epoch # 161     top1:  25.498  top5:   6.768
	
=> Training epoch # 162	
 * Finished epoch # 162     top1:  25.479  top5:   6.797
	
=> Training epoch # 163	
 * Finished epoch # 163     top1:  25.635  top5:   6.836
	
=> Training epoch # 164	
 * Finished epoch # 164     top1:  25.684  top5:   6.768
	
=> Training epoch # 165	
 * Finished epoch # 165     top1:  25.537  top5:   6.748
	
=> Training epoch # 166	
 * Finished epoch # 166     top1:  25.703  top5:   6.914
	
=> Training epoch # 167	
 * Finished epoch # 167     top1:  25.947  top5:   6.973
	
=> Training epoch # 168	
 * Finished epoch # 168     top1:  25.645  top5:   6.914
	
=> Training epoch # 169	
 * Finished epoch # 169     top1:  25.479  top5:   6.787
	
=> Training epoch # 170	
 * Finished epoch # 170     top1:  26.025  top5:   7.471
	
=> Training epoch # 171	
 * Finished epoch # 171     top1:  25.088  top5:   6.885
	
=> Training epoch # 172	
 * Finished epoch # 172     top1:  25.518  top5:   7.061
	
=> Training epoch # 173	
 * Finished epoch # 173     top1:  25.615  top5:   7.051
	
=> Training epoch # 174	
 * Finished epoch # 174     top1:  25.703  top5:   6.924
	
=> Training epoch # 175	
 * Finished epoch # 175     top1:  25.664  top5:   6.836
	
=> Training epoch # 176	
 * Finished epoch # 176     top1:  25.586  top5:   7.041
	
=> Training epoch # 177	
 * Finished epoch # 177     top1:  25.986  top5:   7.500
	
=> Training epoch # 178	
 * Finished epoch # 178     top1:  25.957  top5:   6.953
	
=> Training epoch # 179	
 * Finished epoch # 179     top1:  25.762  top5:   7.090
	
=> Training epoch # 180	
 * Finished epoch # 180     top1:  25.488  top5:   6.992
	
=> Training epoch # 181	
 * Finished epoch # 181     top1:  25.244  top5:   7.021
	
=> Training epoch # 182	
 * Finished epoch # 182     top1:  25.957  top5:   7.295
	
=> Training epoch # 183	
 * Finished epoch # 183     top1:  25.703  top5:   7.227
	
=> Training epoch # 184	
 * Finished epoch # 184     top1:  26.338  top5:   7.119
	
=> Training epoch # 185	
 * Finished epoch # 185     top1:  25.469  top5:   6.895
	
=> Training epoch # 186	
 * Finished epoch # 186     top1:  25.332  top5:   7.070
	
=> Training epoch # 187	
 * Finished epoch # 187     top1:  26.074  top5:   7.002
	
=> Training epoch # 188	
 * Finished epoch # 188     top1:  25.166  top5:   6.963
	
=> Training epoch # 189	
 * Finished epoch # 189     top1:  25.449  top5:   6.826
	
=> Training epoch # 190	
 * Finished epoch # 190     top1:  25.518  top5:   6.973
	
=> Training epoch # 191	
 * Finished epoch # 191     top1:  25.625  top5:   6.855
	
=> Training epoch # 192	
 * Finished epoch # 192     top1:  25.361  top5:   7.012
	
=> Training epoch # 193	
 * Finished epoch # 193     top1:  25.400  top5:   6.748
	
=> Training epoch # 194	
 * Finished epoch # 194     top1:  26.006  top5:   7.041
	
=> Training epoch # 195	
 * Finished epoch # 195     top1:  25.693  top5:   6.797
	
=> Training epoch # 196	
 * Finished epoch # 196     top1:  25.771  top5:   6.992
	
=> Training epoch # 197	
 * Finished epoch # 197     top1:  25.518  top5:   6.846
	
=> Training epoch # 198	
 * Finished epoch # 198     top1:  25.752  top5:   7.129
	
=> Training epoch # 199	
 * Finished epoch # 199     top1:  26.084  top5:   7.119
	
=> Training epoch # 200	
 * Finished epoch # 200     top1:  25.352  top5:   6.914
	
 * Finished top1: 24.893  top5:  6.738	
