{
  cudnn : "fastest"
  LR : 0.1
  nThreads : 2
  nClasses : 0
  batchSize : 256
  testOnly : false
  netType : "resnet-bn-relu"
  resetClassifier : false
  shortcutType : "A"
  gen : "gen"
  nGPU : 1
  depth : 110
  weightDecay : 0.001
  data : ""
  dataset : "cifar100"
  epochNumber : 1
  manualSeed : 2
  resume : "results/results-bn-relu/try4/cifar100/110"
  optimState : "none"
  nEpochs : 200
  tenCrop : false
  shareGradInput : false
  backend : "cudnn"
  momentum : 0.9
  retrain : "none"
}
=> Creating model from file: models/resnet-bn-relu.lua	
 | ResNet-110 CIFAR-100	
nn.Sequential {
  [input -> (1) -> (2) -> (3) -> (4) -> (5) -> (6) -> (7) -> (8) -> (9) -> output]
  (1): cudnn.SpatialConvolution(3 -> 16, 3x3, 1,1, 1,1) without bias
  (2): nn.Sequential {
    [input -> (1) -> (2) -> output]
    (1): nn.SpatialBatchNormalization (4D) (16)
    (2): nn.ReLU
  }
  (3): nn.Sequential {
    [input -> (1) -> (2) -> (3) -> (4) -> (5) -> (6) -> (7) -> (8) -> (9) -> (10) -> (11) -> (12) -> (13) -> (14) -> (15) -> (16) -> (17) -> (18) -> output]
    (1): nn.Sequential {
      [input -> (1) -> (2) -> output]
      (1): nn.ConcatTable {
        input
          |`-> (1): nn.Sequential {
          |      [input -> (1) -> (2) -> (3) -> (4) -> output]
          |      (1): cudnn.SpatialConvolution(16 -> 16, 3x3, 1,1, 1,1) without bias
          |      (2): nn.Sequential {
          |        [input -> (1) -> (2) -> output]
          |        (1): nn.SpatialBatchNormalization (4D) (16)
          |        (2): nn.ReLU
          |      }
          |      (3): cudnn.SpatialConvolution(16 -> 16, 3x3, 1,1, 1,1) without bias
          |      (4): nn.SpatialBatchNormalization (4D) (16)
          |    }
           `-> (2): nn.Identity
           ... -> output
      }
      (2): nn.CAddTable
    }
    (2): nn.Sequential {
      [input -> (1) -> (2) -> output]
      (1): nn.ConcatTable {
        input
          |`-> (1): nn.Sequential {
          |      [input -> (1) -> (2) -> (3) -> (4) -> output]
          |      (1): cudnn.SpatialConvolution(16 -> 16, 3x3, 1,1, 1,1) without bias
          |      (2): nn.Sequential {
          |        [input -> (1) -> (2) -> output]
          |        (1): nn.SpatialBatchNormalization (4D) (16)
          |        (2): nn.ReLU
          |      }
          |      (3): cudnn.SpatialConvolution(16 -> 16, 3x3, 1,1, 1,1) without bias
          |      (4): nn.SpatialBatchNormalization (4D) (16)
          |    }
           `-> (2): nn.Identity
           ... -> output
      }
      (2): nn.CAddTable
    }
    (3): nn.Sequential {
      [input -> (1) -> (2) -> output]
      (1): nn.ConcatTable {
        input
          |`-> (1): nn.Sequential {
          |      [input -> (1) -> (2) -> (3) -> (4) -> output]
          |      (1): cudnn.SpatialConvolution(16 -> 16, 3x3, 1,1, 1,1) without bias
          |      (2): nn.Sequential {
          |        [input -> (1) -> (2) -> output]
          |        (1): nn.SpatialBatchNormalization (4D) (16)
          |        (2): nn.ReLU
          |      }
          |      (3): cudnn.SpatialConvolution(16 -> 16, 3x3, 1,1, 1,1) without bias
          |      (4): nn.SpatialBatchNormalization (4D) (16)
          |    }
           `-> (2): nn.Identity
           ... -> output
      }
      (2): nn.CAddTable
    }
    (4): nn.Sequential {
      [input -> (1) -> (2) -> output]
      (1): nn.ConcatTable {
        input
          |`-> (1): nn.Sequential {
          |      [input -> (1) -> (2) -> (3) -> (4) -> output]
          |      (1): cudnn.SpatialConvolution(16 -> 16, 3x3, 1,1, 1,1) without bias
          |      (2): nn.Sequential {
          |        [input -> (1) -> (2) -> output]
          |        (1): nn.SpatialBatchNormalization (4D) (16)
          |        (2): nn.ReLU
          |      }
          |      (3): cudnn.SpatialConvolution(16 -> 16, 3x3, 1,1, 1,1) without bias
          |      (4): nn.SpatialBatchNormalization (4D) (16)
          |    }
           `-> (2): nn.Identity
           ... -> output
      }
      (2): nn.CAddTable
    }
    (5): nn.Sequential {
      [input -> (1) -> (2) -> output]
      (1): nn.ConcatTable {
        input
          |`-> (1): nn.Sequential {
          |      [input -> (1) -> (2) -> (3) -> (4) -> output]
          |      (1): cudnn.SpatialConvolution(16 -> 16, 3x3, 1,1, 1,1) without bias
          |      (2): nn.Sequential {
          |        [input -> (1) -> (2) -> output]
          |        (1): nn.SpatialBatchNormalization (4D) (16)
          |        (2): nn.ReLU
          |      }
          |      (3): cudnn.SpatialConvolution(16 -> 16, 3x3, 1,1, 1,1) without bias
          |      (4): nn.SpatialBatchNormalization (4D) (16)
          |    }
           `-> (2): nn.Identity
           ... -> output
      }
      (2): nn.CAddTable
    }
    (6): nn.Sequential {
      [input -> (1) -> (2) -> output]
      (1): nn.ConcatTable {
        input
          |`-> (1): nn.Sequential {
          |      [input -> (1) -> (2) -> (3) -> (4) -> output]
          |      (1): cudnn.SpatialConvolution(16 -> 16, 3x3, 1,1, 1,1) without bias
          |      (2): nn.Sequential {
          |        [input -> (1) -> (2) -> output]
          |        (1): nn.SpatialBatchNormalization (4D) (16)
          |        (2): nn.ReLU
          |      }
          |      (3): cudnn.SpatialConvolution(16 -> 16, 3x3, 1,1, 1,1) without bias
          |      (4): nn.SpatialBatchNormalization (4D) (16)
          |    }
           `-> (2): nn.Identity
           ... -> output
      }
      (2): nn.CAddTable
    }
    (7): nn.Sequential {
      [input -> (1) -> (2) -> output]
      (1): nn.ConcatTable {
        input
          |`-> (1): nn.Sequential {
          |      [input -> (1) -> (2) -> (3) -> (4) -> output]
          |      (1): cudnn.SpatialConvolution(16 -> 16, 3x3, 1,1, 1,1) without bias
          |      (2): nn.Sequential {
          |        [input -> (1) -> (2) -> output]
          |        (1): nn.SpatialBatchNormalization (4D) (16)
          |        (2): nn.ReLU
          |      }
          |      (3): cudnn.SpatialConvolution(16 -> 16, 3x3, 1,1, 1,1) without bias
          |      (4): nn.SpatialBatchNormalization (4D) (16)
          |    }
           `-> (2): nn.Identity
           ... -> output
      }
      (2): nn.CAddTable
    }
    (8): nn.Sequential {
      [input -> (1) -> (2) -> output]
      (1): nn.ConcatTable {
        input
          |`-> (1): nn.Sequential {
          |      [input -> (1) -> (2) -> (3) -> (4) -> output]
          |      (1): cudnn.SpatialConvolution(16 -> 16, 3x3, 1,1, 1,1) without bias
          |      (2): nn.Sequential {
          |        [input -> (1) -> (2) -> output]
          |        (1): nn.SpatialBatchNormalization (4D) (16)
          |        (2): nn.ReLU
          |      }
          |      (3): cudnn.SpatialConvolution(16 -> 16, 3x3, 1,1, 1,1) without bias
          |      (4): nn.SpatialBatchNormalization (4D) (16)
          |    }
           `-> (2): nn.Identity
           ... -> output
      }
      (2): nn.CAddTable
    }
    (9): nn.Sequential {
      [input -> (1) -> (2) -> output]
      (1): nn.ConcatTable {
        input
          |`-> (1): nn.Sequential {
          |      [input -> (1) -> (2) -> (3) -> (4) -> output]
          |      (1): cudnn.SpatialConvolution(16 -> 16, 3x3, 1,1, 1,1) without bias
          |      (2): nn.Sequential {
          |        [input -> (1) -> (2) -> output]
          |        (1): nn.SpatialBatchNormalization (4D) (16)
          |        (2): nn.ReLU
          |      }
          |      (3): cudnn.SpatialConvolution(16 -> 16, 3x3, 1,1, 1,1) without bias
          |      (4): nn.SpatialBatchNormalization (4D) (16)
          |    }
           `-> (2): nn.Identity
           ... -> output
      }
      (2): nn.CAddTable
    }
    (10): nn.Sequential {
      [input -> (1) -> (2) -> output]
      (1): nn.ConcatTable {
        input
          |`-> (1): nn.Sequential {
          |      [input -> (1) -> (2) -> (3) -> (4) -> output]
          |      (1): cudnn.SpatialConvolution(16 -> 16, 3x3, 1,1, 1,1) without bias
          |      (2): nn.Sequential {
          |        [input -> (1) -> (2) -> output]
          |        (1): nn.SpatialBatchNormalization (4D) (16)
          |        (2): nn.ReLU
          |      }
          |      (3): cudnn.SpatialConvolution(16 -> 16, 3x3, 1,1, 1,1) without bias
          |      (4): nn.SpatialBatchNormalization (4D) (16)
          |    }
           `-> (2): nn.Identity
           ... -> output
      }
      (2): nn.CAddTable
    }
    (11): nn.Sequential {
      [input -> (1) -> (2) -> output]
      (1): nn.ConcatTable {
        input
          |`-> (1): nn.Sequential {
          |      [input -> (1) -> (2) -> (3) -> (4) -> output]
          |      (1): cudnn.SpatialConvolution(16 -> 16, 3x3, 1,1, 1,1) without bias
          |      (2): nn.Sequential {
          |        [input -> (1) -> (2) -> output]
          |        (1): nn.SpatialBatchNormalization (4D) (16)
          |        (2): nn.ReLU
          |      }
          |      (3): cudnn.SpatialConvolution(16 -> 16, 3x3, 1,1, 1,1) without bias
          |      (4): nn.SpatialBatchNormalization (4D) (16)
          |    }
           `-> (2): nn.Identity
           ... -> output
      }
      (2): nn.CAddTable
    }
    (12): nn.Sequential {
      [input -> (1) -> (2) -> output]
      (1): nn.ConcatTable {
        input
          |`-> (1): nn.Sequential {
          |      [input -> (1) -> (2) -> (3) -> (4) -> output]
          |      (1): cudnn.SpatialConvolution(16 -> 16, 3x3, 1,1, 1,1) without bias
          |      (2): nn.Sequential {
          |        [input -> (1) -> (2) -> output]
          |        (1): nn.SpatialBatchNormalization (4D) (16)
          |        (2): nn.ReLU
          |      }
          |      (3): cudnn.SpatialConvolution(16 -> 16, 3x3, 1,1, 1,1) without bias
          |      (4): nn.SpatialBatchNormalization (4D) (16)
          |    }
           `-> (2): nn.Identity
           ... -> output
      }
      (2): nn.CAddTable
    }
    (13): nn.Sequential {
      [input -> (1) -> (2) -> output]
      (1): nn.ConcatTable {
        input
          |`-> (1): nn.Sequential {
          |      [input -> (1) -> (2) -> (3) -> (4) -> output]
          |      (1): cudnn.SpatialConvolution(16 -> 16, 3x3, 1,1, 1,1) without bias
          |      (2): nn.Sequential {
          |        [input -> (1) -> (2) -> output]
          |        (1): nn.SpatialBatchNormalization (4D) (16)
          |        (2): nn.ReLU
          |      }
          |      (3): cudnn.SpatialConvolution(16 -> 16, 3x3, 1,1, 1,1) without bias
          |      (4): nn.SpatialBatchNormalization (4D) (16)
          |    }
           `-> (2): nn.Identity
           ... -> output
      }
      (2): nn.CAddTable
    }
    (14): nn.Sequential {
      [input -> (1) -> (2) -> output]
      (1): nn.ConcatTable {
        input
          |`-> (1): nn.Sequential {
          |      [input -> (1) -> (2) -> (3) -> (4) -> output]
          |      (1): cudnn.SpatialConvolution(16 -> 16, 3x3, 1,1, 1,1) without bias
          |      (2): nn.Sequential {
          |        [input -> (1) -> (2) -> output]
          |        (1): nn.SpatialBatchNormalization (4D) (16)
          |        (2): nn.ReLU
          |      }
          |      (3): cudnn.SpatialConvolution(16 -> 16, 3x3, 1,1, 1,1) without bias
          |      (4): nn.SpatialBatchNormalization (4D) (16)
          |    }
           `-> (2): nn.Identity
           ... -> output
      }
      (2): nn.CAddTable
    }
    (15): nn.Sequential {
      [input -> (1) -> (2) -> output]
      (1): nn.ConcatTable {
        input
          |`-> (1): nn.Sequential {
          |      [input -> (1) -> (2) -> (3) -> (4) -> output]
          |      (1): cudnn.SpatialConvolution(16 -> 16, 3x3, 1,1, 1,1) without bias
          |      (2): nn.Sequential {
          |        [input -> (1) -> (2) -> output]
          |        (1): nn.SpatialBatchNormalization (4D) (16)
          |        (2): nn.ReLU
          |      }
          |      (3): cudnn.SpatialConvolution(16 -> 16, 3x3, 1,1, 1,1) without bias
          |      (4): nn.SpatialBatchNormalization (4D) (16)
          |    }
           `-> (2): nn.Identity
           ... -> output
      }
      (2): nn.CAddTable
    }
    (16): nn.Sequential {
      [input -> (1) -> (2) -> output]
      (1): nn.ConcatTable {
        input
          |`-> (1): nn.Sequential {
          |      [input -> (1) -> (2) -> (3) -> (4) -> output]
          |      (1): cudnn.SpatialConvolution(16 -> 16, 3x3, 1,1, 1,1) without bias
          |      (2): nn.Sequential {
          |        [input -> (1) -> (2) -> output]
          |        (1): nn.SpatialBatchNormalization (4D) (16)
          |        (2): nn.ReLU
          |      }
          |      (3): cudnn.SpatialConvolution(16 -> 16, 3x3, 1,1, 1,1) without bias
          |      (4): nn.SpatialBatchNormalization (4D) (16)
          |    }
           `-> (2): nn.Identity
           ... -> output
      }
      (2): nn.CAddTable
    }
    (17): nn.Sequential {
      [input -> (1) -> (2) -> output]
      (1): nn.ConcatTable {
        input
          |`-> (1): nn.Sequential {
          |      [input -> (1) -> (2) -> (3) -> (4) -> output]
          |      (1): cudnn.SpatialConvolution(16 -> 16, 3x3, 1,1, 1,1) without bias
          |      (2): nn.Sequential {
          |        [input -> (1) -> (2) -> output]
          |        (1): nn.SpatialBatchNormalization (4D) (16)
          |        (2): nn.ReLU
          |      }
          |      (3): cudnn.SpatialConvolution(16 -> 16, 3x3, 1,1, 1,1) without bias
          |      (4): nn.SpatialBatchNormalization (4D) (16)
          |    }
           `-> (2): nn.Identity
           ... -> output
      }
      (2): nn.CAddTable
    }
    (18): nn.Sequential {
      [input -> (1) -> (2) -> output]
      (1): nn.ConcatTable {
        input
          |`-> (1): nn.Sequential {
          |      [input -> (1) -> (2) -> (3) -> (4) -> output]
          |      (1): cudnn.SpatialConvolution(16 -> 16, 3x3, 1,1, 1,1) without bias
          |      (2): nn.Sequential {
          |        [input -> (1) -> (2) -> output]
          |        (1): nn.SpatialBatchNormalization (4D) (16)
          |        (2): nn.ReLU
          |      }
          |      (3): cudnn.SpatialConvolution(16 -> 16, 3x3, 1,1, 1,1) without bias
          |      (4): nn.SpatialBatchNormalization (4D) (16)
          |    }
           `-> (2): nn.Identity
           ... -> output
      }
      (2): nn.CAddTable
    }
  }
  (4): nn.Sequential {
    [input -> (1) -> (2) -> (3) -> (4) -> (5) -> (6) -> (7) -> (8) -> (9) -> (10) -> (11) -> (12) -> (13) -> (14) -> (15) -> (16) -> (17) -> (18) -> output]
    (1): nn.Sequential {
      [input -> (1) -> (2) -> output]
      (1): nn.ConcatTable {
        input
          |`-> (1): nn.Sequential {
          |      [input -> (1) -> (2) -> (3) -> (4) -> output]
          |      (1): cudnn.SpatialConvolution(16 -> 32, 3x3, 2,2, 1,1) without bias
          |      (2): nn.Sequential {
          |        [input -> (1) -> (2) -> output]
          |        (1): nn.SpatialBatchNormalization (4D) (32)
          |        (2): nn.ReLU
          |      }
          |      (3): cudnn.SpatialConvolution(32 -> 32, 3x3, 1,1, 1,1) without bias
          |      (4): nn.SpatialBatchNormalization (4D) (32)
          |    }
           `-> (2): nn.Sequential {
                 [input -> (1) -> (2) -> output]
                 (1): nn.SpatialAveragePooling(1x1, 2,2)
                 (2): nn.Concat {
                   input
                     |`-> (1): nn.Identity
                      `-> (2): nn.MulConstant
                      ... -> output
                 }
               }
           ... -> output
      }
      (2): nn.CAddTable
    }
    (2): nn.Sequential {
      [input -> (1) -> (2) -> output]
      (1): nn.ConcatTable {
        input
          |`-> (1): nn.Sequential {
          |      [input -> (1) -> (2) -> (3) -> (4) -> output]
          |      (1): cudnn.SpatialConvolution(32 -> 32, 3x3, 1,1, 1,1) without bias
          |      (2): nn.Sequential {
          |        [input -> (1) -> (2) -> output]
          |        (1): nn.SpatialBatchNormalization (4D) (32)
          |        (2): nn.ReLU
          |      }
          |      (3): cudnn.SpatialConvolution(32 -> 32, 3x3, 1,1, 1,1) without bias
          |      (4): nn.SpatialBatchNormalization (4D) (32)
          |    }
           `-> (2): nn.Identity
           ... -> output
      }
      (2): nn.CAddTable
    }
    (3): nn.Sequential {
      [input -> (1) -> (2) -> output]
      (1): nn.ConcatTable {
        input
          |`-> (1): nn.Sequential {
          |      [input -> (1) -> (2) -> (3) -> (4) -> output]
          |      (1): cudnn.SpatialConvolution(32 -> 32, 3x3, 1,1, 1,1) without bias
          |      (2): nn.Sequential {
          |        [input -> (1) -> (2) -> output]
          |        (1): nn.SpatialBatchNormalization (4D) (32)
          |        (2): nn.ReLU
          |      }
          |      (3): cudnn.SpatialConvolution(32 -> 32, 3x3, 1,1, 1,1) without bias
          |      (4): nn.SpatialBatchNormalization (4D) (32)
          |    }
           `-> (2): nn.Identity
           ... -> output
      }
      (2): nn.CAddTable
    }
    (4): nn.Sequential {
      [input -> (1) -> (2) -> output]
      (1): nn.ConcatTable {
        input
          |`-> (1): nn.Sequential {
          |      [input -> (1) -> (2) -> (3) -> (4) -> output]
          |      (1): cudnn.SpatialConvolution(32 -> 32, 3x3, 1,1, 1,1) without bias
          |      (2): nn.Sequential {
          |        [input -> (1) -> (2) -> output]
          |        (1): nn.SpatialBatchNormalization (4D) (32)
          |        (2): nn.ReLU
          |      }
          |      (3): cudnn.SpatialConvolution(32 -> 32, 3x3, 1,1, 1,1) without bias
          |      (4): nn.SpatialBatchNormalization (4D) (32)
          |    }
           `-> (2): nn.Identity
           ... -> output
      }
      (2): nn.CAddTable
    }
    (5): nn.Sequential {
      [input -> (1) -> (2) -> output]
      (1): nn.ConcatTable {
        input
          |`-> (1): nn.Sequential {
          |      [input -> (1) -> (2) -> (3) -> (4) -> output]
          |      (1): cudnn.SpatialConvolution(32 -> 32, 3x3, 1,1, 1,1) without bias
          |      (2): nn.Sequential {
          |        [input -> (1) -> (2) -> output]
          |        (1): nn.SpatialBatchNormalization (4D) (32)
          |        (2): nn.ReLU
          |      }
          |      (3): cudnn.SpatialConvolution(32 -> 32, 3x3, 1,1, 1,1) without bias
          |      (4): nn.SpatialBatchNormalization (4D) (32)
          |    }
           `-> (2): nn.Identity
           ... -> output
      }
      (2): nn.CAddTable
    }
    (6): nn.Sequential {
      [input -> (1) -> (2) -> output]
      (1): nn.ConcatTable {
        input
          |`-> (1): nn.Sequential {
          |      [input -> (1) -> (2) -> (3) -> (4) -> output]
          |      (1): cudnn.SpatialConvolution(32 -> 32, 3x3, 1,1, 1,1) without bias
          |      (2): nn.Sequential {
          |        [input -> (1) -> (2) -> output]
          |        (1): nn.SpatialBatchNormalization (4D) (32)
          |        (2): nn.ReLU
          |      }
          |      (3): cudnn.SpatialConvolution(32 -> 32, 3x3, 1,1, 1,1) without bias
          |      (4): nn.SpatialBatchNormalization (4D) (32)
          |    }
           `-> (2): nn.Identity
           ... -> output
      }
      (2): nn.CAddTable
    }
    (7): nn.Sequential {
      [input -> (1) -> (2) -> output]
      (1): nn.ConcatTable {
        input
          |`-> (1): nn.Sequential {
          |      [input -> (1) -> (2) -> (3) -> (4) -> output]
          |      (1): cudnn.SpatialConvolution(32 -> 32, 3x3, 1,1, 1,1) without bias
          |      (2): nn.Sequential {
          |        [input -> (1) -> (2) -> output]
          |        (1): nn.SpatialBatchNormalization (4D) (32)
          |        (2): nn.ReLU
          |      }
          |      (3): cudnn.SpatialConvolution(32 -> 32, 3x3, 1,1, 1,1) without bias
          |      (4): nn.SpatialBatchNormalization (4D) (32)
          |    }
           `-> (2): nn.Identity
           ... -> output
      }
      (2): nn.CAddTable
    }
    (8): nn.Sequential {
      [input -> (1) -> (2) -> output]
      (1): nn.ConcatTable {
        input
          |`-> (1): nn.Sequential {
          |      [input -> (1) -> (2) -> (3) -> (4) -> output]
          |      (1): cudnn.SpatialConvolution(32 -> 32, 3x3, 1,1, 1,1) without bias
          |      (2): nn.Sequential {
          |        [input -> (1) -> (2) -> output]
          |        (1): nn.SpatialBatchNormalization (4D) (32)
          |        (2): nn.ReLU
          |      }
          |      (3): cudnn.SpatialConvolution(32 -> 32, 3x3, 1,1, 1,1) without bias
          |      (4): nn.SpatialBatchNormalization (4D) (32)
          |    }
           `-> (2): nn.Identity
           ... -> output
      }
      (2): nn.CAddTable
    }
    (9): nn.Sequential {
      [input -> (1) -> (2) -> output]
      (1): nn.ConcatTable {
        input
          |`-> (1): nn.Sequential {
          |      [input -> (1) -> (2) -> (3) -> (4) -> output]
          |      (1): cudnn.SpatialConvolution(32 -> 32, 3x3, 1,1, 1,1) without bias
          |      (2): nn.Sequential {
          |        [input -> (1) -> (2) -> output]
          |        (1): nn.SpatialBatchNormalization (4D) (32)
          |        (2): nn.ReLU
          |      }
          |      (3): cudnn.SpatialConvolution(32 -> 32, 3x3, 1,1, 1,1) without bias
          |      (4): nn.SpatialBatchNormalization (4D) (32)
          |    }
           `-> (2): nn.Identity
           ... -> output
      }
      (2): nn.CAddTable
    }
    (10): nn.Sequential {
      [input -> (1) -> (2) -> output]
      (1): nn.ConcatTable {
        input
          |`-> (1): nn.Sequential {
          |      [input -> (1) -> (2) -> (3) -> (4) -> output]
          |      (1): cudnn.SpatialConvolution(32 -> 32, 3x3, 1,1, 1,1) without bias
          |      (2): nn.Sequential {
          |        [input -> (1) -> (2) -> output]
          |        (1): nn.SpatialBatchNormalization (4D) (32)
          |        (2): nn.ReLU
          |      }
          |      (3): cudnn.SpatialConvolution(32 -> 32, 3x3, 1,1, 1,1) without bias
          |      (4): nn.SpatialBatchNormalization (4D) (32)
          |    }
           `-> (2): nn.Identity
           ... -> output
      }
      (2): nn.CAddTable
    }
    (11): nn.Sequential {
      [input -> (1) -> (2) -> output]
      (1): nn.ConcatTable {
        input
          |`-> (1): nn.Sequential {
          |      [input -> (1) -> (2) -> (3) -> (4) -> output]
          |      (1): cudnn.SpatialConvolution(32 -> 32, 3x3, 1,1, 1,1) without bias
          |      (2): nn.Sequential {
          |        [input -> (1) -> (2) -> output]
          |        (1): nn.SpatialBatchNormalization (4D) (32)
          |        (2): nn.ReLU
          |      }
          |      (3): cudnn.SpatialConvolution(32 -> 32, 3x3, 1,1, 1,1) without bias
          |      (4): nn.SpatialBatchNormalization (4D) (32)
          |    }
           `-> (2): nn.Identity
           ... -> output
      }
      (2): nn.CAddTable
    }
    (12): nn.Sequential {
      [input -> (1) -> (2) -> output]
      (1): nn.ConcatTable {
        input
          |`-> (1): nn.Sequential {
          |      [input -> (1) -> (2) -> (3) -> (4) -> output]
          |      (1): cudnn.SpatialConvolution(32 -> 32, 3x3, 1,1, 1,1) without bias
          |      (2): nn.Sequential {
          |        [input -> (1) -> (2) -> output]
          |        (1): nn.SpatialBatchNormalization (4D) (32)
          |        (2): nn.ReLU
          |      }
          |      (3): cudnn.SpatialConvolution(32 -> 32, 3x3, 1,1, 1,1) without bias
          |      (4): nn.SpatialBatchNormalization (4D) (32)
          |    }
           `-> (2): nn.Identity
           ... -> output
      }
      (2): nn.CAddTable
    }
    (13): nn.Sequential {
      [input -> (1) -> (2) -> output]
      (1): nn.ConcatTable {
        input
          |`-> (1): nn.Sequential {
          |      [input -> (1) -> (2) -> (3) -> (4) -> output]
          |      (1): cudnn.SpatialConvolution(32 -> 32, 3x3, 1,1, 1,1) without bias
          |      (2): nn.Sequential {
          |        [input -> (1) -> (2) -> output]
          |        (1): nn.SpatialBatchNormalization (4D) (32)
          |        (2): nn.ReLU
          |      }
          |      (3): cudnn.SpatialConvolution(32 -> 32, 3x3, 1,1, 1,1) without bias
          |      (4): nn.SpatialBatchNormalization (4D) (32)
          |    }
           `-> (2): nn.Identity
           ... -> output
      }
      (2): nn.CAddTable
    }
    (14): nn.Sequential {
      [input -> (1) -> (2) -> output]
      (1): nn.ConcatTable {
        input
          |`-> (1): nn.Sequential {
          |      [input -> (1) -> (2) -> (3) -> (4) -> output]
          |      (1): cudnn.SpatialConvolution(32 -> 32, 3x3, 1,1, 1,1) without bias
          |      (2): nn.Sequential {
          |        [input -> (1) -> (2) -> output]
          |        (1): nn.SpatialBatchNormalization (4D) (32)
          |        (2): nn.ReLU
          |      }
          |      (3): cudnn.SpatialConvolution(32 -> 32, 3x3, 1,1, 1,1) without bias
          |      (4): nn.SpatialBatchNormalization (4D) (32)
          |    }
           `-> (2): nn.Identity
           ... -> output
      }
      (2): nn.CAddTable
    }
    (15): nn.Sequential {
      [input -> (1) -> (2) -> output]
      (1): nn.ConcatTable {
        input
          |`-> (1): nn.Sequential {
          |      [input -> (1) -> (2) -> (3) -> (4) -> output]
          |      (1): cudnn.SpatialConvolution(32 -> 32, 3x3, 1,1, 1,1) without bias
          |      (2): nn.Sequential {
          |        [input -> (1) -> (2) -> output]
          |        (1): nn.SpatialBatchNormalization (4D) (32)
          |        (2): nn.ReLU
          |      }
          |      (3): cudnn.SpatialConvolution(32 -> 32, 3x3, 1,1, 1,1) without bias
          |      (4): nn.SpatialBatchNormalization (4D) (32)
          |    }
           `-> (2): nn.Identity
           ... -> output
      }
      (2): nn.CAddTable
    }
    (16): nn.Sequential {
      [input -> (1) -> (2) -> output]
      (1): nn.ConcatTable {
        input
          |`-> (1): nn.Sequential {
          |      [input -> (1) -> (2) -> (3) -> (4) -> output]
          |      (1): cudnn.SpatialConvolution(32 -> 32, 3x3, 1,1, 1,1) without bias
          |      (2): nn.Sequential {
          |        [input -> (1) -> (2) -> output]
          |        (1): nn.SpatialBatchNormalization (4D) (32)
          |        (2): nn.ReLU
          |      }
          |      (3): cudnn.SpatialConvolution(32 -> 32, 3x3, 1,1, 1,1) without bias
          |      (4): nn.SpatialBatchNormalization (4D) (32)
          |    }
           `-> (2): nn.Identity
           ... -> output
      }
      (2): nn.CAddTable
    }
    (17): nn.Sequential {
      [input -> (1) -> (2) -> output]
      (1): nn.ConcatTable {
        input
          |`-> (1): nn.Sequential {
          |      [input -> (1) -> (2) -> (3) -> (4) -> output]
          |      (1): cudnn.SpatialConvolution(32 -> 32, 3x3, 1,1, 1,1) without bias
          |      (2): nn.Sequential {
          |        [input -> (1) -> (2) -> output]
          |        (1): nn.SpatialBatchNormalization (4D) (32)
          |        (2): nn.ReLU
          |      }
          |      (3): cudnn.SpatialConvolution(32 -> 32, 3x3, 1,1, 1,1) without bias
          |      (4): nn.SpatialBatchNormalization (4D) (32)
          |    }
           `-> (2): nn.Identity
           ... -> output
      }
      (2): nn.CAddTable
    }
    (18): nn.Sequential {
      [input -> (1) -> (2) -> output]
      (1): nn.ConcatTable {
        input
          |`-> (1): nn.Sequential {
          |      [input -> (1) -> (2) -> (3) -> (4) -> output]
          |      (1): cudnn.SpatialConvolution(32 -> 32, 3x3, 1,1, 1,1) without bias
          |      (2): nn.Sequential {
          |        [input -> (1) -> (2) -> output]
          |        (1): nn.SpatialBatchNormalization (4D) (32)
          |        (2): nn.ReLU
          |      }
          |      (3): cudnn.SpatialConvolution(32 -> 32, 3x3, 1,1, 1,1) without bias
          |      (4): nn.SpatialBatchNormalization (4D) (32)
          |    }
           `-> (2): nn.Identity
           ... -> output
      }
      (2): nn.CAddTable
    }
  }
  (5): nn.Sequential {
    [input -> (1) -> (2) -> (3) -> (4) -> (5) -> (6) -> (7) -> (8) -> (9) -> (10) -> (11) -> (12) -> (13) -> (14) -> (15) -> (16) -> (17) -> (18) -> output]
    (1): nn.Sequential {
      [input -> (1) -> (2) -> output]
      (1): nn.ConcatTable {
        input
          |`-> (1): nn.Sequential {
          |      [input -> (1) -> (2) -> (3) -> (4) -> output]
          |      (1): cudnn.SpatialConvolution(32 -> 64, 3x3, 2,2, 1,1) without bias
          |      (2): nn.Sequential {
          |        [input -> (1) -> (2) -> output]
          |        (1): nn.SpatialBatchNormalization (4D) (64)
          |        (2): nn.ReLU
          |      }
          |      (3): cudnn.SpatialConvolution(64 -> 64, 3x3, 1,1, 1,1) without bias
          |      (4): nn.SpatialBatchNormalization (4D) (64)
          |    }
           `-> (2): nn.Sequential {
                 [input -> (1) -> (2) -> output]
                 (1): nn.SpatialAveragePooling(1x1, 2,2)
                 (2): nn.Concat {
                   input
                     |`-> (1): nn.Identity
                      `-> (2): nn.MulConstant
                      ... -> output
                 }
               }
           ... -> output
      }
      (2): nn.CAddTable
    }
    (2): nn.Sequential {
      [input -> (1) -> (2) -> output]
      (1): nn.ConcatTable {
        input
          |`-> (1): nn.Sequential {
          |      [input -> (1) -> (2) -> (3) -> (4) -> output]
          |      (1): cudnn.SpatialConvolution(64 -> 64, 3x3, 1,1, 1,1) without bias
          |      (2): nn.Sequential {
          |        [input -> (1) -> (2) -> output]
          |        (1): nn.SpatialBatchNormalization (4D) (64)
          |        (2): nn.ReLU
          |      }
          |      (3): cudnn.SpatialConvolution(64 -> 64, 3x3, 1,1, 1,1) without bias
          |      (4): nn.SpatialBatchNormalization (4D) (64)
          |    }
           `-> (2): nn.Identity
           ... -> output
      }
      (2): nn.CAddTable
    }
    (3): nn.Sequential {
      [input -> (1) -> (2) -> output]
      (1): nn.ConcatTable {
        input
          |`-> (1): nn.Sequential {
          |      [input -> (1) -> (2) -> (3) -> (4) -> output]
          |      (1): cudnn.SpatialConvolution(64 -> 64, 3x3, 1,1, 1,1) without bias
          |      (2): nn.Sequential {
          |        [input -> (1) -> (2) -> output]
          |        (1): nn.SpatialBatchNormalization (4D) (64)
          |        (2): nn.ReLU
          |      }
          |      (3): cudnn.SpatialConvolution(64 -> 64, 3x3, 1,1, 1,1) without bias
          |      (4): nn.SpatialBatchNormalization (4D) (64)
          |    }
           `-> (2): nn.Identity
           ... -> output
      }
      (2): nn.CAddTable
    }
    (4): nn.Sequential {
      [input -> (1) -> (2) -> output]
      (1): nn.ConcatTable {
        input
          |`-> (1): nn.Sequential {
          |      [input -> (1) -> (2) -> (3) -> (4) -> output]
          |      (1): cudnn.SpatialConvolution(64 -> 64, 3x3, 1,1, 1,1) without bias
          |      (2): nn.Sequential {
          |        [input -> (1) -> (2) -> output]
          |        (1): nn.SpatialBatchNormalization (4D) (64)
          |        (2): nn.ReLU
          |      }
          |      (3): cudnn.SpatialConvolution(64 -> 64, 3x3, 1,1, 1,1) without bias
          |      (4): nn.SpatialBatchNormalization (4D) (64)
          |    }
           `-> (2): nn.Identity
           ... -> output
      }
      (2): nn.CAddTable
    }
    (5): nn.Sequential {
      [input -> (1) -> (2) -> output]
      (1): nn.ConcatTable {
        input
          |`-> (1): nn.Sequential {
          |      [input -> (1) -> (2) -> (3) -> (4) -> output]
          |      (1): cudnn.SpatialConvolution(64 -> 64, 3x3, 1,1, 1,1) without bias
          |      (2): nn.Sequential {
          |        [input -> (1) -> (2) -> output]
          |        (1): nn.SpatialBatchNormalization (4D) (64)
          |        (2): nn.ReLU
          |      }
          |      (3): cudnn.SpatialConvolution(64 -> 64, 3x3, 1,1, 1,1) without bias
          |      (4): nn.SpatialBatchNormalization (4D) (64)
          |    }
           `-> (2): nn.Identity
           ... -> output
      }
      (2): nn.CAddTable
    }
    (6): nn.Sequential {
      [input -> (1) -> (2) -> output]
      (1): nn.ConcatTable {
        input
          |`-> (1): nn.Sequential {
          |      [input -> (1) -> (2) -> (3) -> (4) -> output]
          |      (1): cudnn.SpatialConvolution(64 -> 64, 3x3, 1,1, 1,1) without bias
          |      (2): nn.Sequential {
          |        [input -> (1) -> (2) -> output]
          |        (1): nn.SpatialBatchNormalization (4D) (64)
          |        (2): nn.ReLU
          |      }
          |      (3): cudnn.SpatialConvolution(64 -> 64, 3x3, 1,1, 1,1) without bias
          |      (4): nn.SpatialBatchNormalization (4D) (64)
          |    }
           `-> (2): nn.Identity
           ... -> output
      }
      (2): nn.CAddTable
    }
    (7): nn.Sequential {
      [input -> (1) -> (2) -> output]
      (1): nn.ConcatTable {
        input
          |`-> (1): nn.Sequential {
          |      [input -> (1) -> (2) -> (3) -> (4) -> output]
          |      (1): cudnn.SpatialConvolution(64 -> 64, 3x3, 1,1, 1,1) without bias
          |      (2): nn.Sequential {
          |        [input -> (1) -> (2) -> output]
          |        (1): nn.SpatialBatchNormalization (4D) (64)
          |        (2): nn.ReLU
          |      }
          |      (3): cudnn.SpatialConvolution(64 -> 64, 3x3, 1,1, 1,1) without bias
          |      (4): nn.SpatialBatchNormalization (4D) (64)
          |    }
           `-> (2): nn.Identity
           ... -> output
      }
      (2): nn.CAddTable
    }
    (8): nn.Sequential {
      [input -> (1) -> (2) -> output]
      (1): nn.ConcatTable {
        input
          |`-> (1): nn.Sequential {
          |      [input -> (1) -> (2) -> (3) -> (4) -> output]
          |      (1): cudnn.SpatialConvolution(64 -> 64, 3x3, 1,1, 1,1) without bias
          |      (2): nn.Sequential {
          |        [input -> (1) -> (2) -> output]
          |        (1): nn.SpatialBatchNormalization (4D) (64)
          |        (2): nn.ReLU
          |      }
          |      (3): cudnn.SpatialConvolution(64 -> 64, 3x3, 1,1, 1,1) without bias
          |      (4): nn.SpatialBatchNormalization (4D) (64)
          |    }
           `-> (2): nn.Identity
           ... -> output
      }
      (2): nn.CAddTable
    }
    (9): nn.Sequential {
      [input -> (1) -> (2) -> output]
      (1): nn.ConcatTable {
        input
          |`-> (1): nn.Sequential {
          |      [input -> (1) -> (2) -> (3) -> (4) -> output]
          |      (1): cudnn.SpatialConvolution(64 -> 64, 3x3, 1,1, 1,1) without bias
          |      (2): nn.Sequential {
          |        [input -> (1) -> (2) -> output]
          |        (1): nn.SpatialBatchNormalization (4D) (64)
          |        (2): nn.ReLU
          |      }
          |      (3): cudnn.SpatialConvolution(64 -> 64, 3x3, 1,1, 1,1) without bias
          |      (4): nn.SpatialBatchNormalization (4D) (64)
          |    }
           `-> (2): nn.Identity
           ... -> output
      }
      (2): nn.CAddTable
    }
    (10): nn.Sequential {
      [input -> (1) -> (2) -> output]
      (1): nn.ConcatTable {
        input
          |`-> (1): nn.Sequential {
          |      [input -> (1) -> (2) -> (3) -> (4) -> output]
          |      (1): cudnn.SpatialConvolution(64 -> 64, 3x3, 1,1, 1,1) without bias
          |      (2): nn.Sequential {
          |        [input -> (1) -> (2) -> output]
          |        (1): nn.SpatialBatchNormalization (4D) (64)
          |        (2): nn.ReLU
          |      }
          |      (3): cudnn.SpatialConvolution(64 -> 64, 3x3, 1,1, 1,1) without bias
          |      (4): nn.SpatialBatchNormalization (4D) (64)
          |    }
           `-> (2): nn.Identity
           ... -> output
      }
      (2): nn.CAddTable
    }
    (11): nn.Sequential {
      [input -> (1) -> (2) -> output]
      (1): nn.ConcatTable {
        input
          |`-> (1): nn.Sequential {
          |      [input -> (1) -> (2) -> (3) -> (4) -> output]
          |      (1): cudnn.SpatialConvolution(64 -> 64, 3x3, 1,1, 1,1) without bias
          |      (2): nn.Sequential {
          |        [input -> (1) -> (2) -> output]
          |        (1): nn.SpatialBatchNormalization (4D) (64)
          |        (2): nn.ReLU
          |      }
          |      (3): cudnn.SpatialConvolution(64 -> 64, 3x3, 1,1, 1,1) without bias
          |      (4): nn.SpatialBatchNormalization (4D) (64)
          |    }
           `-> (2): nn.Identity
           ... -> output
      }
      (2): nn.CAddTable
    }
    (12): nn.Sequential {
      [input -> (1) -> (2) -> output]
      (1): nn.ConcatTable {
        input
          |`-> (1): nn.Sequential {
          |      [input -> (1) -> (2) -> (3) -> (4) -> output]
          |      (1): cudnn.SpatialConvolution(64 -> 64, 3x3, 1,1, 1,1) without bias
          |      (2): nn.Sequential {
          |        [input -> (1) -> (2) -> output]
          |        (1): nn.SpatialBatchNormalization (4D) (64)
          |        (2): nn.ReLU
          |      }
          |      (3): cudnn.SpatialConvolution(64 -> 64, 3x3, 1,1, 1,1) without bias
          |      (4): nn.SpatialBatchNormalization (4D) (64)
          |    }
           `-> (2): nn.Identity
           ... -> output
      }
      (2): nn.CAddTable
    }
    (13): nn.Sequential {
      [input -> (1) -> (2) -> output]
      (1): nn.ConcatTable {
        input
          |`-> (1): nn.Sequential {
          |      [input -> (1) -> (2) -> (3) -> (4) -> output]
          |      (1): cudnn.SpatialConvolution(64 -> 64, 3x3, 1,1, 1,1) without bias
          |      (2): nn.Sequential {
          |        [input -> (1) -> (2) -> output]
          |        (1): nn.SpatialBatchNormalization (4D) (64)
          |        (2): nn.ReLU
          |      }
          |      (3): cudnn.SpatialConvolution(64 -> 64, 3x3, 1,1, 1,1) without bias
          |      (4): nn.SpatialBatchNormalization (4D) (64)
          |    }
           `-> (2): nn.Identity
           ... -> output
      }
      (2): nn.CAddTable
    }
    (14): nn.Sequential {
      [input -> (1) -> (2) -> output]
      (1): nn.ConcatTable {
        input
          |`-> (1): nn.Sequential {
          |      [input -> (1) -> (2) -> (3) -> (4) -> output]
          |      (1): cudnn.SpatialConvolution(64 -> 64, 3x3, 1,1, 1,1) without bias
          |      (2): nn.Sequential {
          |        [input -> (1) -> (2) -> output]
          |        (1): nn.SpatialBatchNormalization (4D) (64)
          |        (2): nn.ReLU
          |      }
          |      (3): cudnn.SpatialConvolution(64 -> 64, 3x3, 1,1, 1,1) without bias
          |      (4): nn.SpatialBatchNormalization (4D) (64)
          |    }
           `-> (2): nn.Identity
           ... -> output
      }
      (2): nn.CAddTable
    }
    (15): nn.Sequential {
      [input -> (1) -> (2) -> output]
      (1): nn.ConcatTable {
        input
          |`-> (1): nn.Sequential {
          |      [input -> (1) -> (2) -> (3) -> (4) -> output]
          |      (1): cudnn.SpatialConvolution(64 -> 64, 3x3, 1,1, 1,1) without bias
          |      (2): nn.Sequential {
          |        [input -> (1) -> (2) -> output]
          |        (1): nn.SpatialBatchNormalization (4D) (64)
          |        (2): nn.ReLU
          |      }
          |      (3): cudnn.SpatialConvolution(64 -> 64, 3x3, 1,1, 1,1) without bias
          |      (4): nn.SpatialBatchNormalization (4D) (64)
          |    }
           `-> (2): nn.Identity
           ... -> output
      }
      (2): nn.CAddTable
    }
    (16): nn.Sequential {
      [input -> (1) -> (2) -> output]
      (1): nn.ConcatTable {
        input
          |`-> (1): nn.Sequential {
          |      [input -> (1) -> (2) -> (3) -> (4) -> output]
          |      (1): cudnn.SpatialConvolution(64 -> 64, 3x3, 1,1, 1,1) without bias
          |      (2): nn.Sequential {
          |        [input -> (1) -> (2) -> output]
          |        (1): nn.SpatialBatchNormalization (4D) (64)
          |        (2): nn.ReLU
          |      }
          |      (3): cudnn.SpatialConvolution(64 -> 64, 3x3, 1,1, 1,1) without bias
          |      (4): nn.SpatialBatchNormalization (4D) (64)
          |    }
           `-> (2): nn.Identity
           ... -> output
      }
      (2): nn.CAddTable
    }
    (17): nn.Sequential {
      [input -> (1) -> (2) -> output]
      (1): nn.ConcatTable {
        input
          |`-> (1): nn.Sequential {
          |      [input -> (1) -> (2) -> (3) -> (4) -> output]
          |      (1): cudnn.SpatialConvolution(64 -> 64, 3x3, 1,1, 1,1) without bias
          |      (2): nn.Sequential {
          |        [input -> (1) -> (2) -> output]
          |        (1): nn.SpatialBatchNormalization (4D) (64)
          |        (2): nn.ReLU
          |      }
          |      (3): cudnn.SpatialConvolution(64 -> 64, 3x3, 1,1, 1,1) without bias
          |      (4): nn.SpatialBatchNormalization (4D) (64)
          |    }
           `-> (2): nn.Identity
           ... -> output
      }
      (2): nn.CAddTable
    }
    (18): nn.Sequential {
      [input -> (1) -> (2) -> output]
      (1): nn.ConcatTable {
        input
          |`-> (1): nn.Sequential {
          |      [input -> (1) -> (2) -> (3) -> (4) -> output]
          |      (1): cudnn.SpatialConvolution(64 -> 64, 3x3, 1,1, 1,1) without bias
          |      (2): nn.Sequential {
          |        [input -> (1) -> (2) -> output]
          |        (1): nn.SpatialBatchNormalization (4D) (64)
          |        (2): nn.ReLU
          |      }
          |      (3): cudnn.SpatialConvolution(64 -> 64, 3x3, 1,1, 1,1) without bias
          |      (4): nn.SpatialBatchNormalization (4D) (64)
          |    }
           `-> (2): nn.Identity
           ... -> output
      }
      (2): nn.CAddTable
    }
  }
  (6): nn.Sequential {
    [input -> (1) -> (2) -> output]
    (1): nn.SpatialBatchNormalization (4D) (64)
    (2): nn.ReLU
  }
  (7): cudnn.SpatialAveragePooling(8x8, 1,1)
  (8): nn.View(64)
  (9): nn.Linear(64 -> 100)
}
=> Training epoch # 1	
 * Finished epoch # 1     top1:  89.219  top5:  68.779
	
 * Best model 	89.21875	68.779296875	
=> Training epoch # 2	
 * Finished epoch # 2     top1:  87.764  top5:  61.523
	
 * Best model 	87.763671875	61.5234375	
=> Training epoch # 3	
 * Finished epoch # 3     top1:  76.904  top5:  45.859
	
 * Best model 	76.904296875	45.859375	
=> Training epoch # 4	
 * Finished epoch # 4     top1:  73.408  top5:  40.811
	
 * Best model 	73.408203125	40.810546875	
=> Training epoch # 5	
 * Finished epoch # 5     top1:  69.551  top5:  37.451
	
 * Best model 	69.55078125	37.451171875	
=> Training epoch # 6	
 * Finished epoch # 6     top1:  62.695  top5:  27.793
	
 * Best model 	62.6953125	27.79296875	
=> Training epoch # 7	
 * Finished epoch # 7     top1:  63.662  top5:  30.410
	
=> Training epoch # 8	
 * Finished epoch # 8     top1:  62.686  top5:  28.818
	
 * Best model 	62.685546875	28.818359375	
=> Training epoch # 9	
 * Finished epoch # 9     top1:  59.795  top5:  26.533
	
 * Best model 	59.794921875	26.533203125	
=> Training epoch # 10	
 * Finished epoch # 10     top1:  56.953  top5:  23.174
	
 * Best model 	56.953125	23.173828125	
=> Training epoch # 11	
 * Finished epoch # 11     top1:  53.994  top5:  21.514
	
 * Best model 	53.994140625	21.513671875	
=> Training epoch # 12	
 * Finished epoch # 12     top1:  52.432  top5:  19.814
	
 * Best model 	52.431640625	19.814453125	
=> Training epoch # 13	
 * Finished epoch # 13     top1:  53.838  top5:  21.045
	
=> Training epoch # 14	
 * Finished epoch # 14     top1:  62.012  top5:  31.875
	
=> Training epoch # 15	
 * Finished epoch # 15     top1:  57.100  top5:  24.697
	
=> Training epoch # 16	
 * Finished epoch # 16     top1:  55.859  top5:  24.043
	
=> Training epoch # 17	
 * Finished epoch # 17     top1:  52.314  top5:  21.670
	
 * Best model 	52.314453125	21.669921875	
=> Training epoch # 18	
 * Finished epoch # 18     top1:  51.094  top5:  20.166
	
 * Best model 	51.09375	20.166015625	
=> Training epoch # 19	
 * Finished epoch # 19     top1:  54.629  top5:  22.256
	
=> Training epoch # 20	
 * Finished epoch # 20     top1:  54.336  top5:  23.594
	
=> Training epoch # 21	
 * Finished epoch # 21     top1:  52.900  top5:  21.523
	
=> Training epoch # 22	
 * Finished epoch # 22     top1:  48.350  top5:  18.164
	
 * Best model 	48.349609375	18.1640625	
=> Training epoch # 23	
 * Finished epoch # 23     top1:  56.143  top5:  24.883
	
=> Training epoch # 24	
 * Finished epoch # 24     top1:  48.711  top5:  17.197
	
=> Training epoch # 25	
 * Finished epoch # 25     top1:  51.318  top5:  20.342
	
=> Training epoch # 26	
 * Finished epoch # 26     top1:  48.926  top5:  17.803
	
=> Training epoch # 27	
 * Finished epoch # 27     top1:  52.520  top5:  21.846
	
=> Training epoch # 28	
 * Finished epoch # 28     top1:  55.332  top5:  23.545
	
=> Training epoch # 29	
 * Finished epoch # 29     top1:  47.207  top5:  18.486
	
 * Best model 	47.20703125	18.486328125	
=> Training epoch # 30	
 * Finished epoch # 30     top1:  48.096  top5:  17.910
	
=> Training epoch # 31	
 * Finished epoch # 31     top1:  50.098  top5:  19.443
	
=> Training epoch # 32	
 * Finished epoch # 32     top1:  51.191  top5:  20.039
	
=> Training epoch # 33	
 * Finished epoch # 33     top1:  46.680  top5:  16.377
	
 * Best model 	46.6796875	16.376953125	
=> Training epoch # 34	
 * Finished epoch # 34     top1:  51.250  top5:  20.469
	
=> Training epoch # 35	
 * Finished epoch # 35     top1:  50.361  top5:  20.703
	
=> Training epoch # 36	
 * Finished epoch # 36     top1:  49.912  top5:  20.518
	
=> Training epoch # 37	
 * Finished epoch # 37     top1:  51.016  top5:  19.912
	
=> Training epoch # 38	
 * Finished epoch # 38     top1:  52.627  top5:  22.949
	
=> Training epoch # 39	
 * Finished epoch # 39     top1:  46.631  top5:  17.100
	
 * Best model 	46.630859375	17.099609375	
=> Training epoch # 40	
 * Finished epoch # 40     top1:  47.549  top5:  17.041
	
=> Training epoch # 41	
 * Finished epoch # 41     top1:  53.711  top5:  20.967
	
=> Training epoch # 42	
 * Finished epoch # 42     top1:  44.990  top5:  15.703
	
 * Best model 	44.990234375	15.703125	
=> Training epoch # 43	
 * Finished epoch # 43     top1:  52.998  top5:  22.031
	
=> Training epoch # 44	
 * Finished epoch # 44     top1:  48.027  top5:  17.842
	
=> Training epoch # 45	
 * Finished epoch # 45     top1:  49.932  top5:  19.199
	
=> Training epoch # 46	
 * Finished epoch # 46     top1:  50.654  top5:  20.254
	
=> Training epoch # 47	
 * Finished epoch # 47     top1:  47.041  top5:  17.070
	
=> Training epoch # 48	
 * Finished epoch # 48     top1:  50.479  top5:  20.605
	
=> Training epoch # 49	
 * Finished epoch # 49     top1:  51.777  top5:  20.498
	
=> Training epoch # 50	
 * Finished epoch # 50     top1:  49.746  top5:  20.322
	
=> Training epoch # 51	
 * Finished epoch # 51     top1:  51.797  top5:  22.148
	
=> Training epoch # 52	
 * Finished epoch # 52     top1:  46.299  top5:  17.490
	
=> Training epoch # 53	
 * Finished epoch # 53     top1:  45.928  top5:  16.523
	
=> Training epoch # 54	
 * Finished epoch # 54     top1:  51.230  top5:  20.791
	
=> Training epoch # 55	
 * Finished epoch # 55     top1:  50.811  top5:  20.059
	
=> Training epoch # 56	
 * Finished epoch # 56     top1:  49.785  top5:  20.205
	
=> Training epoch # 57	
 * Finished epoch # 57     top1:  48.779  top5:  18.887
	
=> Training epoch # 58	
 * Finished epoch # 58     top1:  53.027  top5:  22.549
	
=> Training epoch # 59	
 * Finished epoch # 59     top1:  47.373  top5:  16.895
	
=> Training epoch # 60	
 * Finished epoch # 60     top1:  48.750  top5:  18.848
	
=> Training epoch # 61	
 * Finished epoch # 61     top1:  52.510  top5:  22.148
	
=> Training epoch # 62	
 * Finished epoch # 62     top1:  47.979  top5:  17.266
	
=> Training epoch # 63	
 * Finished epoch # 63     top1:  48.301  top5:  18.721
	
=> Training epoch # 64	
 * Finished epoch # 64     top1:  51.104  top5:  21.035
	
=> Training epoch # 65	
 * Finished epoch # 65     top1:  50.146  top5:  19.619
	
=> Training epoch # 66	
 * Finished epoch # 66     top1:  48.135  top5:  19.199
	
=> Training epoch # 67	
 * Finished epoch # 67     top1:  49.131  top5:  19.258
	
=> Training epoch # 68	
 * Finished epoch # 68     top1:  43.604  top5:  15.195
	
 * Best model 	43.603515625	15.1953125	
=> Training epoch # 69	
 * Finished epoch # 69     top1:  45.986  top5:  16.143
	
=> Training epoch # 70	
 * Finished epoch # 70     top1:  48.906  top5:  18.369
	
=> Training epoch # 71	
 * Finished epoch # 71     top1:  47.490  top5:  17.178
	
=> Training epoch # 72	
 * Finished epoch # 72     top1:  48.887  top5:  19.033
	
=> Training epoch # 73	
 * Finished epoch # 73     top1:  48.584  top5:  19.082
	
=> Training epoch # 74	
 * Finished epoch # 74     top1:  51.963  top5:  21.318
	
=> Training epoch # 75	
 * Finished epoch # 75     top1:  48.096  top5:  17.314
	
=> Training epoch # 76	
 * Finished epoch # 76     top1:  49.541  top5:  18.789
	
=> Training epoch # 77	
 * Finished epoch # 77     top1:  45.781  top5:  15.547
	
=> Training epoch # 78	
 * Finished epoch # 78     top1:  49.170  top5:  19.619
	
=> Training epoch # 79	
 * Finished epoch # 79     top1:  47.646  top5:  17.695
	
=> Training epoch # 80	
 * Finished epoch # 80     top1:  52.510  top5:  21.768
	
=> Training epoch # 81	
 * Finished epoch # 81     top1:  28.320  top5:   7.236
	
 * Best model 	28.3203125	7.236328125	
=> Training epoch # 82	
 * Finished epoch # 82     top1:  27.402  top5:   6.836
	
 * Best model 	27.40234375	6.8359375	
=> Training epoch # 83	
 * Finished epoch # 83     top1:  26.699  top5:   6.680
	
 * Best model 	26.69921875	6.6796875	
=> Training epoch # 84	
 * Finished epoch # 84     top1:  27.842  top5:   6.885
	
=> Training epoch # 85	
 * Finished epoch # 85     top1:  27.139  top5:   7.119
	
=> Training epoch # 86	
 * Finished epoch # 86     top1:  27.061  top5:   6.748
	
=> Training epoch # 87	
 * Finished epoch # 87     top1:  27.109  top5:   7.090
	
=> Training epoch # 88	
 * Finished epoch # 88     top1:  28.105  top5:   7.041
	
=> Training epoch # 89	
 * Finished epoch # 89     top1:  27.891  top5:   7.080
	
=> Training epoch # 90	
 * Finished epoch # 90     top1:  27.842  top5:   7.803
	
=> Training epoch # 91	
 * Finished epoch # 91     top1:  28.438  top5:   7.559
	
=> Training epoch # 92	
 * Finished epoch # 92     top1:  29.795  top5:   8.105
	
=> Training epoch # 93	
 * Finished epoch # 93     top1:  28.252  top5:   7.705
	
=> Training epoch # 94	
 * Finished epoch # 94     top1:  28.369  top5:   7.734
	
=> Training epoch # 95	
 * Finished epoch # 95     top1:  30.312  top5:   8.486
	
=> Training epoch # 96	
 * Finished epoch # 96     top1:  28.701  top5:   7.646
	
=> Training epoch # 97	
 * Finished epoch # 97     top1:  28.838  top5:   7.988
	
=> Training epoch # 98	
 * Finished epoch # 98     top1:  29.434  top5:   7.568
	
=> Training epoch # 99	
 * Finished epoch # 99     top1:  31.279  top5:   9.336
	
=> Training epoch # 100	
 * Finished epoch # 100     top1:  30.527  top5:   8.730
	
=> Training epoch # 101	
 * Finished epoch # 101     top1:  31.299  top5:   9.072
	
=> Training epoch # 102	
 * Finished epoch # 102     top1:  30.322  top5:   8.467
	
=> Training epoch # 103	
 * Finished epoch # 103     top1:  32.520  top5:   9.209
	
=> Training epoch # 104	
 * Finished epoch # 104     top1:  30.820  top5:   9.131
	
=> Training epoch # 105	
 * Finished epoch # 105     top1:  32.725  top5:  10.342
	
=> Training epoch # 106	
 * Finished epoch # 106     top1:  31.396  top5:   9.111
	
=> Training epoch # 107	
 * Finished epoch # 107     top1:  30.264  top5:   8.613
	
=> Training epoch # 108	
 * Finished epoch # 108     top1:  33.096  top5:  10.244
	
=> Training epoch # 109	
 * Finished epoch # 109     top1:  29.736  top5:   8.203
	
=> Training epoch # 110	
 * Finished epoch # 110     top1:  30.850  top5:   8.857
	
=> Training epoch # 111	
 * Finished epoch # 111     top1:  29.590  top5:   8.242
	
=> Training epoch # 112	
 * Finished epoch # 112     top1:  29.609  top5:   8.301
	
=> Training epoch # 113	
 * Finished epoch # 113     top1:  31.504  top5:   9.287
	
=> Training epoch # 114	
 * Finished epoch # 114     top1:  31.152  top5:   9.316
	
=> Training epoch # 115	
 * Finished epoch # 115     top1:  31.445  top5:   9.414
	
=> Training epoch # 116	
 * Finished epoch # 116     top1:  33.037  top5:   9.805
	
=> Training epoch # 117	
 * Finished epoch # 117     top1:  31.572  top5:   9.395
	
=> Training epoch # 118	
 * Finished epoch # 118     top1:  32.637  top5:   9.590
	
=> Training epoch # 119	
 * Finished epoch # 119     top1:  32.305  top5:   9.375
	
=> Training epoch # 120	
 * Finished epoch # 120     top1:  32.139  top5:   9.229
	
=> Training epoch # 121	
 * Finished epoch # 121     top1:  33.252  top5:  10.342
	
=> Training epoch # 122	
 * Finished epoch # 122     top1:  25.830  top5:   6.846
	
 * Best model 	25.830078125	6.845703125	
=> Training epoch # 123	
 * Finished epoch # 123     top1:  25.488  top5:   6.982
	
 * Best model 	25.48828125	6.982421875	
=> Training epoch # 124	
 * Finished epoch # 124     top1:  25.371  top5:   6.729
	
 * Best model 	25.37109375	6.728515625	
=> Training epoch # 125	
 * Finished epoch # 125     top1:  25.566  top5:   7.188
	
=> Training epoch # 126	
 * Finished epoch # 126     top1:  25.508  top5:   6.875
	
=> Training epoch # 127	
 * Finished epoch # 127     top1:  25.820  top5:   6.865
	
=> Training epoch # 128	
 * Finished epoch # 128     top1:  25.215  top5:   6.758
	
 * Best model 	25.21484375	6.7578125	
=> Training epoch # 129	
 * Finished epoch # 129     top1:  24.990  top5:   7.324
	
 * Best model 	24.990234375	7.32421875	
=> Training epoch # 130	
 * Finished epoch # 130     top1:  25.430  top5:   7.002
	
=> Training epoch # 131	
 * Finished epoch # 131     top1:  25.615  top5:   7.256
	
=> Training epoch # 132	
 * Finished epoch # 132     top1:  25.498  top5:   6.973
	
=> Training epoch # 133	
 * Finished epoch # 133     top1:  25.664  top5:   6.934
	
=> Training epoch # 134	
 * Finished epoch # 134     top1:  25.830  top5:   7.490
	
=> Training epoch # 135	
 * Finished epoch # 135     top1:  25.303  top5:   6.904
	
=> Training epoch # 136	
 * Finished epoch # 136     top1:  25.400  top5:   7.129
	
=> Training epoch # 137	
 * Finished epoch # 137     top1:  25.381  top5:   7.295
	
=> Training epoch # 138	
 * Finished epoch # 138     top1:  25.420  top5:   6.953
	
=> Training epoch # 139	
 * Finished epoch # 139     top1:  25.420  top5:   7.246
	
=> Training epoch # 140	
 * Finished epoch # 140     top1:  25.068  top5:   7.275
	
=> Training epoch # 141	
 * Finished epoch # 141     top1:  25.703  top5:   7.324
	
=> Training epoch # 142	
 * Finished epoch # 142     top1:  25.215  top5:   6.914
	
=> Training epoch # 143	
 * Finished epoch # 143     top1:  25.439  top5:   7.676
	
=> Training epoch # 144	
 * Finished epoch # 144     top1:  25.537  top5:   7.324
	
=> Training epoch # 145	
 * Finished epoch # 145     top1:  25.693  top5:   7.354
	
=> Training epoch # 146	
 * Finished epoch # 146     top1:  25.732  top5:   7.188
	
=> Training epoch # 147	
 * Finished epoch # 147     top1:  25.088  top5:   6.973
	
=> Training epoch # 148	
 * Finished epoch # 148     top1:  25.273  top5:   7.061
	
=> Training epoch # 149	
 * Finished epoch # 149     top1:  25.557  top5:   7.363
	
=> Training epoch # 150	
 * Finished epoch # 150     top1:  25.430  top5:   7.207
	
=> Training epoch # 151	
 * Finished epoch # 151     top1:  25.762  top5:   7.461
	
=> Training epoch # 152	
 * Finished epoch # 152     top1:  25.117  top5:   7.109
	
=> Training epoch # 153	
 * Finished epoch # 153     top1:  25.146  top5:   7.227
	
=> Training epoch # 154	
 * Finished epoch # 154     top1:  25.654  top5:   7.295
	
=> Training epoch # 155	
 * Finished epoch # 155     top1:  25.293  top5:   7.227
	
=> Training epoch # 156	
 * Finished epoch # 156     top1:  25.459  top5:   7.354
	
=> Training epoch # 157	
 * Finished epoch # 157     top1:  25.186  top5:   7.197
	
=> Training epoch # 158	
 * Finished epoch # 158     top1:  25.312  top5:   7.539
	
=> Training epoch # 159	
 * Finished epoch # 159     top1:  25.332  top5:   7.559
	
=> Training epoch # 160	
 * Finished epoch # 160     top1:  25.215  top5:   7.451
	
=> Training epoch # 161	
 * Finished epoch # 161     top1:  25.098  top5:   7.412
	
=> Training epoch # 162	
 * Finished epoch # 162     top1:  25.918  top5:   7.910
	
=> Training epoch # 163	
 * Finished epoch # 163     top1:  25.859  top5:   7.344
	
=> Training epoch # 164	
 * Finished epoch # 164     top1:  25.557  top5:   7.295
	
=> Training epoch # 165	
 * Finished epoch # 165     top1:  25.312  top5:   7.627
	
=> Training epoch # 166	
 * Finished epoch # 166     top1:  25.518  top5:   7.441
	
=> Training epoch # 167	
 * Finished epoch # 167     top1:  25.781  top5:   7.354
	
=> Training epoch # 168	
 * Finished epoch # 168     top1:  26.270  top5:   7.578
	
=> Training epoch # 169	
 * Finished epoch # 169     top1:  26.445  top5:   8.037
	
=> Training epoch # 170	
 * Finished epoch # 170     top1:  25.723  top5:   7.461
	
=> Training epoch # 171	
 * Finished epoch # 171     top1:  25.938  top5:   7.822
	
=> Training epoch # 172	
 * Finished epoch # 172     top1:  25.996  top5:   7.617
	
=> Training epoch # 173	
 * Finished epoch # 173     top1:  25.547  top5:   7.266
	
=> Training epoch # 174	
 * Finished epoch # 174     top1:  25.303  top5:   7.686
	
=> Training epoch # 175	
 * Finished epoch # 175     top1:  25.850  top5:   7.539
	
=> Training epoch # 176	
 * Finished epoch # 176     top1:  25.381  top5:   7.676
	
=> Training epoch # 177	
 * Finished epoch # 177     top1:  25.361  top5:   7.480
	
=> Training epoch # 178	
 * Finished epoch # 178     top1:  25.811  top5:   7.549
	
=> Training epoch # 179	
 * Finished epoch # 179     top1:  25.703  top5:   8.037
	
=> Training epoch # 180	
 * Finished epoch # 180     top1:  25.654  top5:   7.393
	
=> Training epoch # 181	
 * Finished epoch # 181     top1:  26.074  top5:   7.725
	
=> Training epoch # 182	
 * Finished epoch # 182     top1:  25.957  top5:   7.637
	
=> Training epoch # 183	
 * Finished epoch # 183     top1:  26.064  top5:   7.812
	
=> Training epoch # 184	
 * Finished epoch # 184     top1:  25.479  top5:   7.578
	
=> Training epoch # 185	
 * Finished epoch # 185     top1:  25.469  top5:   7.695
	
=> Training epoch # 186	
 * Finished epoch # 186     top1:  25.918  top5:   7.588
	
=> Training epoch # 187	
 * Finished epoch # 187     top1:  25.801  top5:   7.578
	
=> Training epoch # 188	
 * Finished epoch # 188     top1:  25.850  top5:   7.607
	
=> Training epoch # 189	
 * Finished epoch # 189     top1:  25.957  top5:   8.271
	
=> Training epoch # 190	
 * Finished epoch # 190     top1:  25.957  top5:   8.027
	
=> Training epoch # 191	
 * Finished epoch # 191     top1:  25.869  top5:   7.783
	
=> Training epoch # 192	
 * Finished epoch # 192     top1:  25.674  top5:   7.666
	
=> Training epoch # 193	
 * Finished epoch # 193     top1:  26.436  top5:   8.086
	
=> Training epoch # 194	
 * Finished epoch # 194     top1:  25.244  top5:   7.676
	
=> Training epoch # 195	
 * Finished epoch # 195     top1:  25.469  top5:   7.607
	
=> Training epoch # 196	
 * Finished epoch # 196     top1:  26.182  top5:   7.578
	
=> Training epoch # 197	
 * Finished epoch # 197     top1:  25.898  top5:   7.920
	
=> Training epoch # 198	
 * Finished epoch # 198     top1:  25.381  top5:   7.832
	
=> Training epoch # 199	
 * Finished epoch # 199     top1:  26.152  top5:   7.773
	
=> Training epoch # 200	
 * Finished epoch # 200     top1:  25.576  top5:   7.783
	
 * Finished top1: 24.990  top5:  7.324	
