{
  cudnn : "fastest"
  LR : 0.1
  nThreads : 2
  nClasses : 0
  batchSize : 256
  testOnly : false
  netType : "resnet-bn-prelu"
  resetClassifier : false
  shortcutType : "A"
  gen : "gen"
  nGPU : 1
  depth : 110
  weightDecay : 0.001
  data : ""
  dataset : "cifar10"
  epochNumber : 1
  manualSeed : 2
  resume : "results/results-bn-prelu/try5/cifar10/110"
  optimState : "none"
  nEpochs : 200
  tenCrop : false
  shareGradInput : false
  backend : "cudnn"
  momentum : 0.9
  retrain : "none"
}
=> Creating model from file: models/resnet-bn-prelu.lua	
 | ResNet-110 CIFAR-10	
nn.Sequential {
  [input -> (1) -> (2) -> (3) -> (4) -> (5) -> (6) -> (7) -> (8) -> (9) -> output]
  (1): cudnn.SpatialConvolution(3 -> 16, 3x3, 1,1, 1,1) without bias
  (2): nn.Sequential {
    [input -> (1) -> (2) -> output]
    (1): nn.SpatialBatchNormalization (4D) (16)
    (2): nn.PReLU
  }
  (3): nn.Sequential {
    [input -> (1) -> (2) -> (3) -> (4) -> (5) -> (6) -> (7) -> (8) -> (9) -> (10) -> (11) -> (12) -> (13) -> (14) -> (15) -> (16) -> (17) -> (18) -> output]
    (1): nn.Sequential {
      [input -> (1) -> (2) -> output]
      (1): nn.ConcatTable {
        input
          |`-> (1): nn.Sequential {
          |      [input -> (1) -> (2) -> (3) -> (4) -> output]
          |      (1): cudnn.SpatialConvolution(16 -> 16, 3x3, 1,1, 1,1) without bias
          |      (2): nn.Sequential {
          |        [input -> (1) -> (2) -> output]
          |        (1): nn.SpatialBatchNormalization (4D) (16)
          |        (2): nn.PReLU
          |      }
          |      (3): cudnn.SpatialConvolution(16 -> 16, 3x3, 1,1, 1,1) without bias
          |      (4): nn.SpatialBatchNormalization (4D) (16)
          |    }
           `-> (2): nn.Identity
           ... -> output
      }
      (2): nn.CAddTable
    }
    (2): nn.Sequential {
      [input -> (1) -> (2) -> output]
      (1): nn.ConcatTable {
        input
          |`-> (1): nn.Sequential {
          |      [input -> (1) -> (2) -> (3) -> (4) -> output]
          |      (1): cudnn.SpatialConvolution(16 -> 16, 3x3, 1,1, 1,1) without bias
          |      (2): nn.Sequential {
          |        [input -> (1) -> (2) -> output]
          |        (1): nn.SpatialBatchNormalization (4D) (16)
          |        (2): nn.PReLU
          |      }
          |      (3): cudnn.SpatialConvolution(16 -> 16, 3x3, 1,1, 1,1) without bias
          |      (4): nn.SpatialBatchNormalization (4D) (16)
          |    }
           `-> (2): nn.Identity
           ... -> output
      }
      (2): nn.CAddTable
    }
    (3): nn.Sequential {
      [input -> (1) -> (2) -> output]
      (1): nn.ConcatTable {
        input
          |`-> (1): nn.Sequential {
          |      [input -> (1) -> (2) -> (3) -> (4) -> output]
          |      (1): cudnn.SpatialConvolution(16 -> 16, 3x3, 1,1, 1,1) without bias
          |      (2): nn.Sequential {
          |        [input -> (1) -> (2) -> output]
          |        (1): nn.SpatialBatchNormalization (4D) (16)
          |        (2): nn.PReLU
          |      }
          |      (3): cudnn.SpatialConvolution(16 -> 16, 3x3, 1,1, 1,1) without bias
          |      (4): nn.SpatialBatchNormalization (4D) (16)
          |    }
           `-> (2): nn.Identity
           ... -> output
      }
      (2): nn.CAddTable
    }
    (4): nn.Sequential {
      [input -> (1) -> (2) -> output]
      (1): nn.ConcatTable {
        input
          |`-> (1): nn.Sequential {
          |      [input -> (1) -> (2) -> (3) -> (4) -> output]
          |      (1): cudnn.SpatialConvolution(16 -> 16, 3x3, 1,1, 1,1) without bias
          |      (2): nn.Sequential {
          |        [input -> (1) -> (2) -> output]
          |        (1): nn.SpatialBatchNormalization (4D) (16)
          |        (2): nn.PReLU
          |      }
          |      (3): cudnn.SpatialConvolution(16 -> 16, 3x3, 1,1, 1,1) without bias
          |      (4): nn.SpatialBatchNormalization (4D) (16)
          |    }
           `-> (2): nn.Identity
           ... -> output
      }
      (2): nn.CAddTable
    }
    (5): nn.Sequential {
      [input -> (1) -> (2) -> output]
      (1): nn.ConcatTable {
        input
          |`-> (1): nn.Sequential {
          |      [input -> (1) -> (2) -> (3) -> (4) -> output]
          |      (1): cudnn.SpatialConvolution(16 -> 16, 3x3, 1,1, 1,1) without bias
          |      (2): nn.Sequential {
          |        [input -> (1) -> (2) -> output]
          |        (1): nn.SpatialBatchNormalization (4D) (16)
          |        (2): nn.PReLU
          |      }
          |      (3): cudnn.SpatialConvolution(16 -> 16, 3x3, 1,1, 1,1) without bias
          |      (4): nn.SpatialBatchNormalization (4D) (16)
          |    }
           `-> (2): nn.Identity
           ... -> output
      }
      (2): nn.CAddTable
    }
    (6): nn.Sequential {
      [input -> (1) -> (2) -> output]
      (1): nn.ConcatTable {
        input
          |`-> (1): nn.Sequential {
          |      [input -> (1) -> (2) -> (3) -> (4) -> output]
          |      (1): cudnn.SpatialConvolution(16 -> 16, 3x3, 1,1, 1,1) without bias
          |      (2): nn.Sequential {
          |        [input -> (1) -> (2) -> output]
          |        (1): nn.SpatialBatchNormalization (4D) (16)
          |        (2): nn.PReLU
          |      }
          |      (3): cudnn.SpatialConvolution(16 -> 16, 3x3, 1,1, 1,1) without bias
          |      (4): nn.SpatialBatchNormalization (4D) (16)
          |    }
           `-> (2): nn.Identity
           ... -> output
      }
      (2): nn.CAddTable
    }
    (7): nn.Sequential {
      [input -> (1) -> (2) -> output]
      (1): nn.ConcatTable {
        input
          |`-> (1): nn.Sequential {
          |      [input -> (1) -> (2) -> (3) -> (4) -> output]
          |      (1): cudnn.SpatialConvolution(16 -> 16, 3x3, 1,1, 1,1) without bias
          |      (2): nn.Sequential {
          |        [input -> (1) -> (2) -> output]
          |        (1): nn.SpatialBatchNormalization (4D) (16)
          |        (2): nn.PReLU
          |      }
          |      (3): cudnn.SpatialConvolution(16 -> 16, 3x3, 1,1, 1,1) without bias
          |      (4): nn.SpatialBatchNormalization (4D) (16)
          |    }
           `-> (2): nn.Identity
           ... -> output
      }
      (2): nn.CAddTable
    }
    (8): nn.Sequential {
      [input -> (1) -> (2) -> output]
      (1): nn.ConcatTable {
        input
          |`-> (1): nn.Sequential {
          |      [input -> (1) -> (2) -> (3) -> (4) -> output]
          |      (1): cudnn.SpatialConvolution(16 -> 16, 3x3, 1,1, 1,1) without bias
          |      (2): nn.Sequential {
          |        [input -> (1) -> (2) -> output]
          |        (1): nn.SpatialBatchNormalization (4D) (16)
          |        (2): nn.PReLU
          |      }
          |      (3): cudnn.SpatialConvolution(16 -> 16, 3x3, 1,1, 1,1) without bias
          |      (4): nn.SpatialBatchNormalization (4D) (16)
          |    }
           `-> (2): nn.Identity
           ... -> output
      }
      (2): nn.CAddTable
    }
    (9): nn.Sequential {
      [input -> (1) -> (2) -> output]
      (1): nn.ConcatTable {
        input
          |`-> (1): nn.Sequential {
          |      [input -> (1) -> (2) -> (3) -> (4) -> output]
          |      (1): cudnn.SpatialConvolution(16 -> 16, 3x3, 1,1, 1,1) without bias
          |      (2): nn.Sequential {
          |        [input -> (1) -> (2) -> output]
          |        (1): nn.SpatialBatchNormalization (4D) (16)
          |        (2): nn.PReLU
          |      }
          |      (3): cudnn.SpatialConvolution(16 -> 16, 3x3, 1,1, 1,1) without bias
          |      (4): nn.SpatialBatchNormalization (4D) (16)
          |    }
           `-> (2): nn.Identity
           ... -> output
      }
      (2): nn.CAddTable
    }
    (10): nn.Sequential {
      [input -> (1) -> (2) -> output]
      (1): nn.ConcatTable {
        input
          |`-> (1): nn.Sequential {
          |      [input -> (1) -> (2) -> (3) -> (4) -> output]
          |      (1): cudnn.SpatialConvolution(16 -> 16, 3x3, 1,1, 1,1) without bias
          |      (2): nn.Sequential {
          |        [input -> (1) -> (2) -> output]
          |        (1): nn.SpatialBatchNormalization (4D) (16)
          |        (2): nn.PReLU
          |      }
          |      (3): cudnn.SpatialConvolution(16 -> 16, 3x3, 1,1, 1,1) without bias
          |      (4): nn.SpatialBatchNormalization (4D) (16)
          |    }
           `-> (2): nn.Identity
           ... -> output
      }
      (2): nn.CAddTable
    }
    (11): nn.Sequential {
      [input -> (1) -> (2) -> output]
      (1): nn.ConcatTable {
        input
          |`-> (1): nn.Sequential {
          |      [input -> (1) -> (2) -> (3) -> (4) -> output]
          |      (1): cudnn.SpatialConvolution(16 -> 16, 3x3, 1,1, 1,1) without bias
          |      (2): nn.Sequential {
          |        [input -> (1) -> (2) -> output]
          |        (1): nn.SpatialBatchNormalization (4D) (16)
          |        (2): nn.PReLU
          |      }
          |      (3): cudnn.SpatialConvolution(16 -> 16, 3x3, 1,1, 1,1) without bias
          |      (4): nn.SpatialBatchNormalization (4D) (16)
          |    }
           `-> (2): nn.Identity
           ... -> output
      }
      (2): nn.CAddTable
    }
    (12): nn.Sequential {
      [input -> (1) -> (2) -> output]
      (1): nn.ConcatTable {
        input
          |`-> (1): nn.Sequential {
          |      [input -> (1) -> (2) -> (3) -> (4) -> output]
          |      (1): cudnn.SpatialConvolution(16 -> 16, 3x3, 1,1, 1,1) without bias
          |      (2): nn.Sequential {
          |        [input -> (1) -> (2) -> output]
          |        (1): nn.SpatialBatchNormalization (4D) (16)
          |        (2): nn.PReLU
          |      }
          |      (3): cudnn.SpatialConvolution(16 -> 16, 3x3, 1,1, 1,1) without bias
          |      (4): nn.SpatialBatchNormalization (4D) (16)
          |    }
           `-> (2): nn.Identity
           ... -> output
      }
      (2): nn.CAddTable
    }
    (13): nn.Sequential {
      [input -> (1) -> (2) -> output]
      (1): nn.ConcatTable {
        input
          |`-> (1): nn.Sequential {
          |      [input -> (1) -> (2) -> (3) -> (4) -> output]
          |      (1): cudnn.SpatialConvolution(16 -> 16, 3x3, 1,1, 1,1) without bias
          |      (2): nn.Sequential {
          |        [input -> (1) -> (2) -> output]
          |        (1): nn.SpatialBatchNormalization (4D) (16)
          |        (2): nn.PReLU
          |      }
          |      (3): cudnn.SpatialConvolution(16 -> 16, 3x3, 1,1, 1,1) without bias
          |      (4): nn.SpatialBatchNormalization (4D) (16)
          |    }
           `-> (2): nn.Identity
           ... -> output
      }
      (2): nn.CAddTable
    }
    (14): nn.Sequential {
      [input -> (1) -> (2) -> output]
      (1): nn.ConcatTable {
        input
          |`-> (1): nn.Sequential {
          |      [input -> (1) -> (2) -> (3) -> (4) -> output]
          |      (1): cudnn.SpatialConvolution(16 -> 16, 3x3, 1,1, 1,1) without bias
          |      (2): nn.Sequential {
          |        [input -> (1) -> (2) -> output]
          |        (1): nn.SpatialBatchNormalization (4D) (16)
          |        (2): nn.PReLU
          |      }
          |      (3): cudnn.SpatialConvolution(16 -> 16, 3x3, 1,1, 1,1) without bias
          |      (4): nn.SpatialBatchNormalization (4D) (16)
          |    }
           `-> (2): nn.Identity
           ... -> output
      }
      (2): nn.CAddTable
    }
    (15): nn.Sequential {
      [input -> (1) -> (2) -> output]
      (1): nn.ConcatTable {
        input
          |`-> (1): nn.Sequential {
          |      [input -> (1) -> (2) -> (3) -> (4) -> output]
          |      (1): cudnn.SpatialConvolution(16 -> 16, 3x3, 1,1, 1,1) without bias
          |      (2): nn.Sequential {
          |        [input -> (1) -> (2) -> output]
          |        (1): nn.SpatialBatchNormalization (4D) (16)
          |        (2): nn.PReLU
          |      }
          |      (3): cudnn.SpatialConvolution(16 -> 16, 3x3, 1,1, 1,1) without bias
          |      (4): nn.SpatialBatchNormalization (4D) (16)
          |    }
           `-> (2): nn.Identity
           ... -> output
      }
      (2): nn.CAddTable
    }
    (16): nn.Sequential {
      [input -> (1) -> (2) -> output]
      (1): nn.ConcatTable {
        input
          |`-> (1): nn.Sequential {
          |      [input -> (1) -> (2) -> (3) -> (4) -> output]
          |      (1): cudnn.SpatialConvolution(16 -> 16, 3x3, 1,1, 1,1) without bias
          |      (2): nn.Sequential {
          |        [input -> (1) -> (2) -> output]
          |        (1): nn.SpatialBatchNormalization (4D) (16)
          |        (2): nn.PReLU
          |      }
          |      (3): cudnn.SpatialConvolution(16 -> 16, 3x3, 1,1, 1,1) without bias
          |      (4): nn.SpatialBatchNormalization (4D) (16)
          |    }
           `-> (2): nn.Identity
           ... -> output
      }
      (2): nn.CAddTable
    }
    (17): nn.Sequential {
      [input -> (1) -> (2) -> output]
      (1): nn.ConcatTable {
        input
          |`-> (1): nn.Sequential {
          |      [input -> (1) -> (2) -> (3) -> (4) -> output]
          |      (1): cudnn.SpatialConvolution(16 -> 16, 3x3, 1,1, 1,1) without bias
          |      (2): nn.Sequential {
          |        [input -> (1) -> (2) -> output]
          |        (1): nn.SpatialBatchNormalization (4D) (16)
          |        (2): nn.PReLU
          |      }
          |      (3): cudnn.SpatialConvolution(16 -> 16, 3x3, 1,1, 1,1) without bias
          |      (4): nn.SpatialBatchNormalization (4D) (16)
          |    }
           `-> (2): nn.Identity
           ... -> output
      }
      (2): nn.CAddTable
    }
    (18): nn.Sequential {
      [input -> (1) -> (2) -> output]
      (1): nn.ConcatTable {
        input
          |`-> (1): nn.Sequential {
          |      [input -> (1) -> (2) -> (3) -> (4) -> output]
          |      (1): cudnn.SpatialConvolution(16 -> 16, 3x3, 1,1, 1,1) without bias
          |      (2): nn.Sequential {
          |        [input -> (1) -> (2) -> output]
          |        (1): nn.SpatialBatchNormalization (4D) (16)
          |        (2): nn.PReLU
          |      }
          |      (3): cudnn.SpatialConvolution(16 -> 16, 3x3, 1,1, 1,1) without bias
          |      (4): nn.SpatialBatchNormalization (4D) (16)
          |    }
           `-> (2): nn.Identity
           ... -> output
      }
      (2): nn.CAddTable
    }
  }
  (4): nn.Sequential {
    [input -> (1) -> (2) -> (3) -> (4) -> (5) -> (6) -> (7) -> (8) -> (9) -> (10) -> (11) -> (12) -> (13) -> (14) -> (15) -> (16) -> (17) -> (18) -> output]
    (1): nn.Sequential {
      [input -> (1) -> (2) -> output]
      (1): nn.ConcatTable {
        input
          |`-> (1): nn.Sequential {
          |      [input -> (1) -> (2) -> (3) -> (4) -> output]
          |      (1): cudnn.SpatialConvolution(16 -> 32, 3x3, 2,2, 1,1) without bias
          |      (2): nn.Sequential {
          |        [input -> (1) -> (2) -> output]
          |        (1): nn.SpatialBatchNormalization (4D) (32)
          |        (2): nn.PReLU
          |      }
          |      (3): cudnn.SpatialConvolution(32 -> 32, 3x3, 1,1, 1,1) without bias
          |      (4): nn.SpatialBatchNormalization (4D) (32)
          |    }
           `-> (2): nn.Sequential {
                 [input -> (1) -> (2) -> output]
                 (1): nn.SpatialAveragePooling(1x1, 2,2)
                 (2): nn.Concat {
                   input
                     |`-> (1): nn.Identity
                      `-> (2): nn.MulConstant
                      ... -> output
                 }
               }
           ... -> output
      }
      (2): nn.CAddTable
    }
    (2): nn.Sequential {
      [input -> (1) -> (2) -> output]
      (1): nn.ConcatTable {
        input
          |`-> (1): nn.Sequential {
          |      [input -> (1) -> (2) -> (3) -> (4) -> output]
          |      (1): cudnn.SpatialConvolution(32 -> 32, 3x3, 1,1, 1,1) without bias
          |      (2): nn.Sequential {
          |        [input -> (1) -> (2) -> output]
          |        (1): nn.SpatialBatchNormalization (4D) (32)
          |        (2): nn.PReLU
          |      }
          |      (3): cudnn.SpatialConvolution(32 -> 32, 3x3, 1,1, 1,1) without bias
          |      (4): nn.SpatialBatchNormalization (4D) (32)
          |    }
           `-> (2): nn.Identity
           ... -> output
      }
      (2): nn.CAddTable
    }
    (3): nn.Sequential {
      [input -> (1) -> (2) -> output]
      (1): nn.ConcatTable {
        input
          |`-> (1): nn.Sequential {
          |      [input -> (1) -> (2) -> (3) -> (4) -> output]
          |      (1): cudnn.SpatialConvolution(32 -> 32, 3x3, 1,1, 1,1) without bias
          |      (2): nn.Sequential {
          |        [input -> (1) -> (2) -> output]
          |        (1): nn.SpatialBatchNormalization (4D) (32)
          |        (2): nn.PReLU
          |      }
          |      (3): cudnn.SpatialConvolution(32 -> 32, 3x3, 1,1, 1,1) without bias
          |      (4): nn.SpatialBatchNormalization (4D) (32)
          |    }
           `-> (2): nn.Identity
           ... -> output
      }
      (2): nn.CAddTable
    }
    (4): nn.Sequential {
      [input -> (1) -> (2) -> output]
      (1): nn.ConcatTable {
        input
          |`-> (1): nn.Sequential {
          |      [input -> (1) -> (2) -> (3) -> (4) -> output]
          |      (1): cudnn.SpatialConvolution(32 -> 32, 3x3, 1,1, 1,1) without bias
          |      (2): nn.Sequential {
          |        [input -> (1) -> (2) -> output]
          |        (1): nn.SpatialBatchNormalization (4D) (32)
          |        (2): nn.PReLU
          |      }
          |      (3): cudnn.SpatialConvolution(32 -> 32, 3x3, 1,1, 1,1) without bias
          |      (4): nn.SpatialBatchNormalization (4D) (32)
          |    }
           `-> (2): nn.Identity
           ... -> output
      }
      (2): nn.CAddTable
    }
    (5): nn.Sequential {
      [input -> (1) -> (2) -> output]
      (1): nn.ConcatTable {
        input
          |`-> (1): nn.Sequential {
          |      [input -> (1) -> (2) -> (3) -> (4) -> output]
          |      (1): cudnn.SpatialConvolution(32 -> 32, 3x3, 1,1, 1,1) without bias
          |      (2): nn.Sequential {
          |        [input -> (1) -> (2) -> output]
          |        (1): nn.SpatialBatchNormalization (4D) (32)
          |        (2): nn.PReLU
          |      }
          |      (3): cudnn.SpatialConvolution(32 -> 32, 3x3, 1,1, 1,1) without bias
          |      (4): nn.SpatialBatchNormalization (4D) (32)
          |    }
           `-> (2): nn.Identity
           ... -> output
      }
      (2): nn.CAddTable
    }
    (6): nn.Sequential {
      [input -> (1) -> (2) -> output]
      (1): nn.ConcatTable {
        input
          |`-> (1): nn.Sequential {
          |      [input -> (1) -> (2) -> (3) -> (4) -> output]
          |      (1): cudnn.SpatialConvolution(32 -> 32, 3x3, 1,1, 1,1) without bias
          |      (2): nn.Sequential {
          |        [input -> (1) -> (2) -> output]
          |        (1): nn.SpatialBatchNormalization (4D) (32)
          |        (2): nn.PReLU
          |      }
          |      (3): cudnn.SpatialConvolution(32 -> 32, 3x3, 1,1, 1,1) without bias
          |      (4): nn.SpatialBatchNormalization (4D) (32)
          |    }
           `-> (2): nn.Identity
           ... -> output
      }
      (2): nn.CAddTable
    }
    (7): nn.Sequential {
      [input -> (1) -> (2) -> output]
      (1): nn.ConcatTable {
        input
          |`-> (1): nn.Sequential {
          |      [input -> (1) -> (2) -> (3) -> (4) -> output]
          |      (1): cudnn.SpatialConvolution(32 -> 32, 3x3, 1,1, 1,1) without bias
          |      (2): nn.Sequential {
          |        [input -> (1) -> (2) -> output]
          |        (1): nn.SpatialBatchNormalization (4D) (32)
          |        (2): nn.PReLU
          |      }
          |      (3): cudnn.SpatialConvolution(32 -> 32, 3x3, 1,1, 1,1) without bias
          |      (4): nn.SpatialBatchNormalization (4D) (32)
          |    }
           `-> (2): nn.Identity
           ... -> output
      }
      (2): nn.CAddTable
    }
    (8): nn.Sequential {
      [input -> (1) -> (2) -> output]
      (1): nn.ConcatTable {
        input
          |`-> (1): nn.Sequential {
          |      [input -> (1) -> (2) -> (3) -> (4) -> output]
          |      (1): cudnn.SpatialConvolution(32 -> 32, 3x3, 1,1, 1,1) without bias
          |      (2): nn.Sequential {
          |        [input -> (1) -> (2) -> output]
          |        (1): nn.SpatialBatchNormalization (4D) (32)
          |        (2): nn.PReLU
          |      }
          |      (3): cudnn.SpatialConvolution(32 -> 32, 3x3, 1,1, 1,1) without bias
          |      (4): nn.SpatialBatchNormalization (4D) (32)
          |    }
           `-> (2): nn.Identity
           ... -> output
      }
      (2): nn.CAddTable
    }
    (9): nn.Sequential {
      [input -> (1) -> (2) -> output]
      (1): nn.ConcatTable {
        input
          |`-> (1): nn.Sequential {
          |      [input -> (1) -> (2) -> (3) -> (4) -> output]
          |      (1): cudnn.SpatialConvolution(32 -> 32, 3x3, 1,1, 1,1) without bias
          |      (2): nn.Sequential {
          |        [input -> (1) -> (2) -> output]
          |        (1): nn.SpatialBatchNormalization (4D) (32)
          |        (2): nn.PReLU
          |      }
          |      (3): cudnn.SpatialConvolution(32 -> 32, 3x3, 1,1, 1,1) without bias
          |      (4): nn.SpatialBatchNormalization (4D) (32)
          |    }
           `-> (2): nn.Identity
           ... -> output
      }
      (2): nn.CAddTable
    }
    (10): nn.Sequential {
      [input -> (1) -> (2) -> output]
      (1): nn.ConcatTable {
        input
          |`-> (1): nn.Sequential {
          |      [input -> (1) -> (2) -> (3) -> (4) -> output]
          |      (1): cudnn.SpatialConvolution(32 -> 32, 3x3, 1,1, 1,1) without bias
          |      (2): nn.Sequential {
          |        [input -> (1) -> (2) -> output]
          |        (1): nn.SpatialBatchNormalization (4D) (32)
          |        (2): nn.PReLU
          |      }
          |      (3): cudnn.SpatialConvolution(32 -> 32, 3x3, 1,1, 1,1) without bias
          |      (4): nn.SpatialBatchNormalization (4D) (32)
          |    }
           `-> (2): nn.Identity
           ... -> output
      }
      (2): nn.CAddTable
    }
    (11): nn.Sequential {
      [input -> (1) -> (2) -> output]
      (1): nn.ConcatTable {
        input
          |`-> (1): nn.Sequential {
          |      [input -> (1) -> (2) -> (3) -> (4) -> output]
          |      (1): cudnn.SpatialConvolution(32 -> 32, 3x3, 1,1, 1,1) without bias
          |      (2): nn.Sequential {
          |        [input -> (1) -> (2) -> output]
          |        (1): nn.SpatialBatchNormalization (4D) (32)
          |        (2): nn.PReLU
          |      }
          |      (3): cudnn.SpatialConvolution(32 -> 32, 3x3, 1,1, 1,1) without bias
          |      (4): nn.SpatialBatchNormalization (4D) (32)
          |    }
           `-> (2): nn.Identity
           ... -> output
      }
      (2): nn.CAddTable
    }
    (12): nn.Sequential {
      [input -> (1) -> (2) -> output]
      (1): nn.ConcatTable {
        input
          |`-> (1): nn.Sequential {
          |      [input -> (1) -> (2) -> (3) -> (4) -> output]
          |      (1): cudnn.SpatialConvolution(32 -> 32, 3x3, 1,1, 1,1) without bias
          |      (2): nn.Sequential {
          |        [input -> (1) -> (2) -> output]
          |        (1): nn.SpatialBatchNormalization (4D) (32)
          |        (2): nn.PReLU
          |      }
          |      (3): cudnn.SpatialConvolution(32 -> 32, 3x3, 1,1, 1,1) without bias
          |      (4): nn.SpatialBatchNormalization (4D) (32)
          |    }
           `-> (2): nn.Identity
           ... -> output
      }
      (2): nn.CAddTable
    }
    (13): nn.Sequential {
      [input -> (1) -> (2) -> output]
      (1): nn.ConcatTable {
        input
          |`-> (1): nn.Sequential {
          |      [input -> (1) -> (2) -> (3) -> (4) -> output]
          |      (1): cudnn.SpatialConvolution(32 -> 32, 3x3, 1,1, 1,1) without bias
          |      (2): nn.Sequential {
          |        [input -> (1) -> (2) -> output]
          |        (1): nn.SpatialBatchNormalization (4D) (32)
          |        (2): nn.PReLU
          |      }
          |      (3): cudnn.SpatialConvolution(32 -> 32, 3x3, 1,1, 1,1) without bias
          |      (4): nn.SpatialBatchNormalization (4D) (32)
          |    }
           `-> (2): nn.Identity
           ... -> output
      }
      (2): nn.CAddTable
    }
    (14): nn.Sequential {
      [input -> (1) -> (2) -> output]
      (1): nn.ConcatTable {
        input
          |`-> (1): nn.Sequential {
          |      [input -> (1) -> (2) -> (3) -> (4) -> output]
          |      (1): cudnn.SpatialConvolution(32 -> 32, 3x3, 1,1, 1,1) without bias
          |      (2): nn.Sequential {
          |        [input -> (1) -> (2) -> output]
          |        (1): nn.SpatialBatchNormalization (4D) (32)
          |        (2): nn.PReLU
          |      }
          |      (3): cudnn.SpatialConvolution(32 -> 32, 3x3, 1,1, 1,1) without bias
          |      (4): nn.SpatialBatchNormalization (4D) (32)
          |    }
           `-> (2): nn.Identity
           ... -> output
      }
      (2): nn.CAddTable
    }
    (15): nn.Sequential {
      [input -> (1) -> (2) -> output]
      (1): nn.ConcatTable {
        input
          |`-> (1): nn.Sequential {
          |      [input -> (1) -> (2) -> (3) -> (4) -> output]
          |      (1): cudnn.SpatialConvolution(32 -> 32, 3x3, 1,1, 1,1) without bias
          |      (2): nn.Sequential {
          |        [input -> (1) -> (2) -> output]
          |        (1): nn.SpatialBatchNormalization (4D) (32)
          |        (2): nn.PReLU
          |      }
          |      (3): cudnn.SpatialConvolution(32 -> 32, 3x3, 1,1, 1,1) without bias
          |      (4): nn.SpatialBatchNormalization (4D) (32)
          |    }
           `-> (2): nn.Identity
           ... -> output
      }
      (2): nn.CAddTable
    }
    (16): nn.Sequential {
      [input -> (1) -> (2) -> output]
      (1): nn.ConcatTable {
        input
          |`-> (1): nn.Sequential {
          |      [input -> (1) -> (2) -> (3) -> (4) -> output]
          |      (1): cudnn.SpatialConvolution(32 -> 32, 3x3, 1,1, 1,1) without bias
          |      (2): nn.Sequential {
          |        [input -> (1) -> (2) -> output]
          |        (1): nn.SpatialBatchNormalization (4D) (32)
          |        (2): nn.PReLU
          |      }
          |      (3): cudnn.SpatialConvolution(32 -> 32, 3x3, 1,1, 1,1) without bias
          |      (4): nn.SpatialBatchNormalization (4D) (32)
          |    }
           `-> (2): nn.Identity
           ... -> output
      }
      (2): nn.CAddTable
    }
    (17): nn.Sequential {
      [input -> (1) -> (2) -> output]
      (1): nn.ConcatTable {
        input
          |`-> (1): nn.Sequential {
          |      [input -> (1) -> (2) -> (3) -> (4) -> output]
          |      (1): cudnn.SpatialConvolution(32 -> 32, 3x3, 1,1, 1,1) without bias
          |      (2): nn.Sequential {
          |        [input -> (1) -> (2) -> output]
          |        (1): nn.SpatialBatchNormalization (4D) (32)
          |        (2): nn.PReLU
          |      }
          |      (3): cudnn.SpatialConvolution(32 -> 32, 3x3, 1,1, 1,1) without bias
          |      (4): nn.SpatialBatchNormalization (4D) (32)
          |    }
           `-> (2): nn.Identity
           ... -> output
      }
      (2): nn.CAddTable
    }
    (18): nn.Sequential {
      [input -> (1) -> (2) -> output]
      (1): nn.ConcatTable {
        input
          |`-> (1): nn.Sequential {
          |      [input -> (1) -> (2) -> (3) -> (4) -> output]
          |      (1): cudnn.SpatialConvolution(32 -> 32, 3x3, 1,1, 1,1) without bias
          |      (2): nn.Sequential {
          |        [input -> (1) -> (2) -> output]
          |        (1): nn.SpatialBatchNormalization (4D) (32)
          |        (2): nn.PReLU
          |      }
          |      (3): cudnn.SpatialConvolution(32 -> 32, 3x3, 1,1, 1,1) without bias
          |      (4): nn.SpatialBatchNormalization (4D) (32)
          |    }
           `-> (2): nn.Identity
           ... -> output
      }
      (2): nn.CAddTable
    }
  }
  (5): nn.Sequential {
    [input -> (1) -> (2) -> (3) -> (4) -> (5) -> (6) -> (7) -> (8) -> (9) -> (10) -> (11) -> (12) -> (13) -> (14) -> (15) -> (16) -> (17) -> (18) -> output]
    (1): nn.Sequential {
      [input -> (1) -> (2) -> output]
      (1): nn.ConcatTable {
        input
          |`-> (1): nn.Sequential {
          |      [input -> (1) -> (2) -> (3) -> (4) -> output]
          |      (1): cudnn.SpatialConvolution(32 -> 64, 3x3, 2,2, 1,1) without bias
          |      (2): nn.Sequential {
          |        [input -> (1) -> (2) -> output]
          |        (1): nn.SpatialBatchNormalization (4D) (64)
          |        (2): nn.PReLU
          |      }
          |      (3): cudnn.SpatialConvolution(64 -> 64, 3x3, 1,1, 1,1) without bias
          |      (4): nn.SpatialBatchNormalization (4D) (64)
          |    }
           `-> (2): nn.Sequential {
                 [input -> (1) -> (2) -> output]
                 (1): nn.SpatialAveragePooling(1x1, 2,2)
                 (2): nn.Concat {
                   input
                     |`-> (1): nn.Identity
                      `-> (2): nn.MulConstant
                      ... -> output
                 }
               }
           ... -> output
      }
      (2): nn.CAddTable
    }
    (2): nn.Sequential {
      [input -> (1) -> (2) -> output]
      (1): nn.ConcatTable {
        input
          |`-> (1): nn.Sequential {
          |      [input -> (1) -> (2) -> (3) -> (4) -> output]
          |      (1): cudnn.SpatialConvolution(64 -> 64, 3x3, 1,1, 1,1) without bias
          |      (2): nn.Sequential {
          |        [input -> (1) -> (2) -> output]
          |        (1): nn.SpatialBatchNormalization (4D) (64)
          |        (2): nn.PReLU
          |      }
          |      (3): cudnn.SpatialConvolution(64 -> 64, 3x3, 1,1, 1,1) without bias
          |      (4): nn.SpatialBatchNormalization (4D) (64)
          |    }
           `-> (2): nn.Identity
           ... -> output
      }
      (2): nn.CAddTable
    }
    (3): nn.Sequential {
      [input -> (1) -> (2) -> output]
      (1): nn.ConcatTable {
        input
          |`-> (1): nn.Sequential {
          |      [input -> (1) -> (2) -> (3) -> (4) -> output]
          |      (1): cudnn.SpatialConvolution(64 -> 64, 3x3, 1,1, 1,1) without bias
          |      (2): nn.Sequential {
          |        [input -> (1) -> (2) -> output]
          |        (1): nn.SpatialBatchNormalization (4D) (64)
          |        (2): nn.PReLU
          |      }
          |      (3): cudnn.SpatialConvolution(64 -> 64, 3x3, 1,1, 1,1) without bias
          |      (4): nn.SpatialBatchNormalization (4D) (64)
          |    }
           `-> (2): nn.Identity
           ... -> output
      }
      (2): nn.CAddTable
    }
    (4): nn.Sequential {
      [input -> (1) -> (2) -> output]
      (1): nn.ConcatTable {
        input
          |`-> (1): nn.Sequential {
          |      [input -> (1) -> (2) -> (3) -> (4) -> output]
          |      (1): cudnn.SpatialConvolution(64 -> 64, 3x3, 1,1, 1,1) without bias
          |      (2): nn.Sequential {
          |        [input -> (1) -> (2) -> output]
          |        (1): nn.SpatialBatchNormalization (4D) (64)
          |        (2): nn.PReLU
          |      }
          |      (3): cudnn.SpatialConvolution(64 -> 64, 3x3, 1,1, 1,1) without bias
          |      (4): nn.SpatialBatchNormalization (4D) (64)
          |    }
           `-> (2): nn.Identity
           ... -> output
      }
      (2): nn.CAddTable
    }
    (5): nn.Sequential {
      [input -> (1) -> (2) -> output]
      (1): nn.ConcatTable {
        input
          |`-> (1): nn.Sequential {
          |      [input -> (1) -> (2) -> (3) -> (4) -> output]
          |      (1): cudnn.SpatialConvolution(64 -> 64, 3x3, 1,1, 1,1) without bias
          |      (2): nn.Sequential {
          |        [input -> (1) -> (2) -> output]
          |        (1): nn.SpatialBatchNormalization (4D) (64)
          |        (2): nn.PReLU
          |      }
          |      (3): cudnn.SpatialConvolution(64 -> 64, 3x3, 1,1, 1,1) without bias
          |      (4): nn.SpatialBatchNormalization (4D) (64)
          |    }
           `-> (2): nn.Identity
           ... -> output
      }
      (2): nn.CAddTable
    }
    (6): nn.Sequential {
      [input -> (1) -> (2) -> output]
      (1): nn.ConcatTable {
        input
          |`-> (1): nn.Sequential {
          |      [input -> (1) -> (2) -> (3) -> (4) -> output]
          |      (1): cudnn.SpatialConvolution(64 -> 64, 3x3, 1,1, 1,1) without bias
          |      (2): nn.Sequential {
          |        [input -> (1) -> (2) -> output]
          |        (1): nn.SpatialBatchNormalization (4D) (64)
          |        (2): nn.PReLU
          |      }
          |      (3): cudnn.SpatialConvolution(64 -> 64, 3x3, 1,1, 1,1) without bias
          |      (4): nn.SpatialBatchNormalization (4D) (64)
          |    }
           `-> (2): nn.Identity
           ... -> output
      }
      (2): nn.CAddTable
    }
    (7): nn.Sequential {
      [input -> (1) -> (2) -> output]
      (1): nn.ConcatTable {
        input
          |`-> (1): nn.Sequential {
          |      [input -> (1) -> (2) -> (3) -> (4) -> output]
          |      (1): cudnn.SpatialConvolution(64 -> 64, 3x3, 1,1, 1,1) without bias
          |      (2): nn.Sequential {
          |        [input -> (1) -> (2) -> output]
          |        (1): nn.SpatialBatchNormalization (4D) (64)
          |        (2): nn.PReLU
          |      }
          |      (3): cudnn.SpatialConvolution(64 -> 64, 3x3, 1,1, 1,1) without bias
          |      (4): nn.SpatialBatchNormalization (4D) (64)
          |    }
           `-> (2): nn.Identity
           ... -> output
      }
      (2): nn.CAddTable
    }
    (8): nn.Sequential {
      [input -> (1) -> (2) -> output]
      (1): nn.ConcatTable {
        input
          |`-> (1): nn.Sequential {
          |      [input -> (1) -> (2) -> (3) -> (4) -> output]
          |      (1): cudnn.SpatialConvolution(64 -> 64, 3x3, 1,1, 1,1) without bias
          |      (2): nn.Sequential {
          |        [input -> (1) -> (2) -> output]
          |        (1): nn.SpatialBatchNormalization (4D) (64)
          |        (2): nn.PReLU
          |      }
          |      (3): cudnn.SpatialConvolution(64 -> 64, 3x3, 1,1, 1,1) without bias
          |      (4): nn.SpatialBatchNormalization (4D) (64)
          |    }
           `-> (2): nn.Identity
           ... -> output
      }
      (2): nn.CAddTable
    }
    (9): nn.Sequential {
      [input -> (1) -> (2) -> output]
      (1): nn.ConcatTable {
        input
          |`-> (1): nn.Sequential {
          |      [input -> (1) -> (2) -> (3) -> (4) -> output]
          |      (1): cudnn.SpatialConvolution(64 -> 64, 3x3, 1,1, 1,1) without bias
          |      (2): nn.Sequential {
          |        [input -> (1) -> (2) -> output]
          |        (1): nn.SpatialBatchNormalization (4D) (64)
          |        (2): nn.PReLU
          |      }
          |      (3): cudnn.SpatialConvolution(64 -> 64, 3x3, 1,1, 1,1) without bias
          |      (4): nn.SpatialBatchNormalization (4D) (64)
          |    }
           `-> (2): nn.Identity
           ... -> output
      }
      (2): nn.CAddTable
    }
    (10): nn.Sequential {
      [input -> (1) -> (2) -> output]
      (1): nn.ConcatTable {
        input
          |`-> (1): nn.Sequential {
          |      [input -> (1) -> (2) -> (3) -> (4) -> output]
          |      (1): cudnn.SpatialConvolution(64 -> 64, 3x3, 1,1, 1,1) without bias
          |      (2): nn.Sequential {
          |        [input -> (1) -> (2) -> output]
          |        (1): nn.SpatialBatchNormalization (4D) (64)
          |        (2): nn.PReLU
          |      }
          |      (3): cudnn.SpatialConvolution(64 -> 64, 3x3, 1,1, 1,1) without bias
          |      (4): nn.SpatialBatchNormalization (4D) (64)
          |    }
           `-> (2): nn.Identity
           ... -> output
      }
      (2): nn.CAddTable
    }
    (11): nn.Sequential {
      [input -> (1) -> (2) -> output]
      (1): nn.ConcatTable {
        input
          |`-> (1): nn.Sequential {
          |      [input -> (1) -> (2) -> (3) -> (4) -> output]
          |      (1): cudnn.SpatialConvolution(64 -> 64, 3x3, 1,1, 1,1) without bias
          |      (2): nn.Sequential {
          |        [input -> (1) -> (2) -> output]
          |        (1): nn.SpatialBatchNormalization (4D) (64)
          |        (2): nn.PReLU
          |      }
          |      (3): cudnn.SpatialConvolution(64 -> 64, 3x3, 1,1, 1,1) without bias
          |      (4): nn.SpatialBatchNormalization (4D) (64)
          |    }
           `-> (2): nn.Identity
           ... -> output
      }
      (2): nn.CAddTable
    }
    (12): nn.Sequential {
      [input -> (1) -> (2) -> output]
      (1): nn.ConcatTable {
        input
          |`-> (1): nn.Sequential {
          |      [input -> (1) -> (2) -> (3) -> (4) -> output]
          |      (1): cudnn.SpatialConvolution(64 -> 64, 3x3, 1,1, 1,1) without bias
          |      (2): nn.Sequential {
          |        [input -> (1) -> (2) -> output]
          |        (1): nn.SpatialBatchNormalization (4D) (64)
          |        (2): nn.PReLU
          |      }
          |      (3): cudnn.SpatialConvolution(64 -> 64, 3x3, 1,1, 1,1) without bias
          |      (4): nn.SpatialBatchNormalization (4D) (64)
          |    }
           `-> (2): nn.Identity
           ... -> output
      }
      (2): nn.CAddTable
    }
    (13): nn.Sequential {
      [input -> (1) -> (2) -> output]
      (1): nn.ConcatTable {
        input
          |`-> (1): nn.Sequential {
          |      [input -> (1) -> (2) -> (3) -> (4) -> output]
          |      (1): cudnn.SpatialConvolution(64 -> 64, 3x3, 1,1, 1,1) without bias
          |      (2): nn.Sequential {
          |        [input -> (1) -> (2) -> output]
          |        (1): nn.SpatialBatchNormalization (4D) (64)
          |        (2): nn.PReLU
          |      }
          |      (3): cudnn.SpatialConvolution(64 -> 64, 3x3, 1,1, 1,1) without bias
          |      (4): nn.SpatialBatchNormalization (4D) (64)
          |    }
           `-> (2): nn.Identity
           ... -> output
      }
      (2): nn.CAddTable
    }
    (14): nn.Sequential {
      [input -> (1) -> (2) -> output]
      (1): nn.ConcatTable {
        input
          |`-> (1): nn.Sequential {
          |      [input -> (1) -> (2) -> (3) -> (4) -> output]
          |      (1): cudnn.SpatialConvolution(64 -> 64, 3x3, 1,1, 1,1) without bias
          |      (2): nn.Sequential {
          |        [input -> (1) -> (2) -> output]
          |        (1): nn.SpatialBatchNormalization (4D) (64)
          |        (2): nn.PReLU
          |      }
          |      (3): cudnn.SpatialConvolution(64 -> 64, 3x3, 1,1, 1,1) without bias
          |      (4): nn.SpatialBatchNormalization (4D) (64)
          |    }
           `-> (2): nn.Identity
           ... -> output
      }
      (2): nn.CAddTable
    }
    (15): nn.Sequential {
      [input -> (1) -> (2) -> output]
      (1): nn.ConcatTable {
        input
          |`-> (1): nn.Sequential {
          |      [input -> (1) -> (2) -> (3) -> (4) -> output]
          |      (1): cudnn.SpatialConvolution(64 -> 64, 3x3, 1,1, 1,1) without bias
          |      (2): nn.Sequential {
          |        [input -> (1) -> (2) -> output]
          |        (1): nn.SpatialBatchNormalization (4D) (64)
          |        (2): nn.PReLU
          |      }
          |      (3): cudnn.SpatialConvolution(64 -> 64, 3x3, 1,1, 1,1) without bias
          |      (4): nn.SpatialBatchNormalization (4D) (64)
          |    }
           `-> (2): nn.Identity
           ... -> output
      }
      (2): nn.CAddTable
    }
    (16): nn.Sequential {
      [input -> (1) -> (2) -> output]
      (1): nn.ConcatTable {
        input
          |`-> (1): nn.Sequential {
          |      [input -> (1) -> (2) -> (3) -> (4) -> output]
          |      (1): cudnn.SpatialConvolution(64 -> 64, 3x3, 1,1, 1,1) without bias
          |      (2): nn.Sequential {
          |        [input -> (1) -> (2) -> output]
          |        (1): nn.SpatialBatchNormalization (4D) (64)
          |        (2): nn.PReLU
          |      }
          |      (3): cudnn.SpatialConvolution(64 -> 64, 3x3, 1,1, 1,1) without bias
          |      (4): nn.SpatialBatchNormalization (4D) (64)
          |    }
           `-> (2): nn.Identity
           ... -> output
      }
      (2): nn.CAddTable
    }
    (17): nn.Sequential {
      [input -> (1) -> (2) -> output]
      (1): nn.ConcatTable {
        input
          |`-> (1): nn.Sequential {
          |      [input -> (1) -> (2) -> (3) -> (4) -> output]
          |      (1): cudnn.SpatialConvolution(64 -> 64, 3x3, 1,1, 1,1) without bias
          |      (2): nn.Sequential {
          |        [input -> (1) -> (2) -> output]
          |        (1): nn.SpatialBatchNormalization (4D) (64)
          |        (2): nn.PReLU
          |      }
          |      (3): cudnn.SpatialConvolution(64 -> 64, 3x3, 1,1, 1,1) without bias
          |      (4): nn.SpatialBatchNormalization (4D) (64)
          |    }
           `-> (2): nn.Identity
           ... -> output
      }
      (2): nn.CAddTable
    }
    (18): nn.Sequential {
      [input -> (1) -> (2) -> output]
      (1): nn.ConcatTable {
        input
          |`-> (1): nn.Sequential {
          |      [input -> (1) -> (2) -> (3) -> (4) -> output]
          |      (1): cudnn.SpatialConvolution(64 -> 64, 3x3, 1,1, 1,1) without bias
          |      (2): nn.Sequential {
          |        [input -> (1) -> (2) -> output]
          |        (1): nn.SpatialBatchNormalization (4D) (64)
          |        (2): nn.PReLU
          |      }
          |      (3): cudnn.SpatialConvolution(64 -> 64, 3x3, 1,1, 1,1) without bias
          |      (4): nn.SpatialBatchNormalization (4D) (64)
          |    }
           `-> (2): nn.Identity
           ... -> output
      }
      (2): nn.CAddTable
    }
  }
  (6): nn.Sequential {
    [input -> (1) -> (2) -> output]
    (1): nn.SpatialBatchNormalization (4D) (64)
    (2): nn.PReLU
  }
  (7): cudnn.SpatialAveragePooling(8x8, 1,1)
  (8): nn.View(64)
  (9): nn.Linear(64 -> 10)
}
=> Training epoch # 1	
 * Finished epoch # 1     top1:  44.727  top5:   5.117
	
 * Best model 	44.7265625	5.1171875	
=> Training epoch # 2	
 * Finished epoch # 2     top1:  42.607  top5:   3.105
	
 * Best model 	42.607421875	3.10546875	
=> Training epoch # 3	
 * Finished epoch # 3     top1:  33.369  top5:   2.197
	
 * Best model 	33.369140625	2.197265625	
=> Training epoch # 4	
 * Finished epoch # 4     top1:  39.199  top5:   3.809
	
=> Training epoch # 5	
 * Finished epoch # 5     top1:  29.893  top5:   4.766
	
 * Best model 	29.892578125	4.765625	
=> Training epoch # 6	
 * Finished epoch # 6     top1:  24.365  top5:   1.924
	
 * Best model 	24.365234375	1.923828125	
=> Training epoch # 7	
 * Finished epoch # 7     top1:  40.166  top5:   1.885
	
=> Training epoch # 8	
 * Finished epoch # 8     top1:  21.396  top5:   1.904
	
 * Best model 	21.396484375	1.904296875	
=> Training epoch # 9	
 * Finished epoch # 9     top1:  29.932  top5:   2.617
	
=> Training epoch # 10	
 * Finished epoch # 10     top1:  28.359  top5:   2.363
	
=> Training epoch # 11	
 * Finished epoch # 11     top1:  25.264  top5:   1.523
	
=> Training epoch # 12	
 * Finished epoch # 12     top1:  21.865  top5:   1.504
	
=> Training epoch # 13	
 * Finished epoch # 13     top1:  28.037  top5:   2.705
	
=> Training epoch # 14	
 * Finished epoch # 14     top1:  36.318  top5:   3.486
	
=> Training epoch # 15	
 * Finished epoch # 15     top1:  27.559  top5:   2.549
	
=> Training epoch # 16	
 * Finished epoch # 16     top1:  23.555  top5:   1.299
	
=> Training epoch # 17	
 * Finished epoch # 17     top1:  25.254  top5:   2.588
	
=> Training epoch # 18	
 * Finished epoch # 18     top1:  19.688  top5:   1.035
	
 * Best model 	19.6875	1.03515625	
=> Training epoch # 19	
 * Finished epoch # 19     top1:  36.553  top5:   5.557
	
=> Training epoch # 20	
 * Finished epoch # 20     top1:  32.217  top5:   6.699
	
=> Training epoch # 21	
 * Finished epoch # 21     top1:  25.400  top5:   1.211
	
=> Training epoch # 22	
 * Finished epoch # 22     top1:  29.404  top5:   2.842
	
=> Training epoch # 23	
 * Finished epoch # 23     top1:  31.572  top5:   2.139
	
=> Training epoch # 24	
 * Finished epoch # 24     top1:  24.375  top5:   1.982
	
=> Training epoch # 25	
 * Finished epoch # 25     top1:  30.615  top5:   1.758
	
=> Training epoch # 26	
 * Finished epoch # 26     top1:  28.164  top5:   2.988
	
=> Training epoch # 27	
 * Finished epoch # 27     top1:  25.381  top5:   1.631
	
=> Training epoch # 28	
 * Finished epoch # 28     top1:  18.037  top5:   1.455
	
 * Best model 	18.037109375	1.455078125	
=> Training epoch # 29	
 * Finished epoch # 29     top1:  35.137  top5:   4.932
	
=> Training epoch # 30	
 * Finished epoch # 30     top1:  17.051  top5:   0.928
	
 * Best model 	17.05078125	0.927734375	
=> Training epoch # 31	
 * Finished epoch # 31     top1:  28.232  top5:   3.037
	
=> Training epoch # 32	
 * Finished epoch # 32     top1:  19.805  top5:   1.240
	
=> Training epoch # 33	
 * Finished epoch # 33     top1:  24.180  top5:   1.738
	
=> Training epoch # 34	
 * Finished epoch # 34     top1:  35.371  top5:   4.219
	
=> Training epoch # 35	
 * Finished epoch # 35     top1:  26.953  top5:   1.123
	
=> Training epoch # 36	
 * Finished epoch # 36     top1:  24.209  top5:   1.191
	
=> Training epoch # 37	
 * Finished epoch # 37     top1:  21.309  top5:   1.025
	
=> Training epoch # 38	
 * Finished epoch # 38     top1:  24.131  top5:   2.734
	
=> Training epoch # 39	
 * Finished epoch # 39     top1:  42.627  top5:   4.199
	
=> Training epoch # 40	
 * Finished epoch # 40     top1:  30.479  top5:   1.758
	
=> Training epoch # 41	
 * Finished epoch # 41     top1:  27.764  top5:   3.447
	
=> Training epoch # 42	
 * Finished epoch # 42     top1:  26.758  top5:   1.904
	
=> Training epoch # 43	
 * Finished epoch # 43     top1:  22.295  top5:   1.182
	
=> Training epoch # 44	
 * Finished epoch # 44     top1:  20.264  top5:   1.172
	
=> Training epoch # 45	
 * Finished epoch # 45     top1:  24.512  top5:   1.953
	
=> Training epoch # 46	
 * Finished epoch # 46     top1:  19.736  top5:   0.869
	
=> Training epoch # 47	
 * Finished epoch # 47     top1:  29.209  top5:   1.943
	
=> Training epoch # 48	
 * Finished epoch # 48     top1:  28.555  top5:   2.930
	
=> Training epoch # 49	
 * Finished epoch # 49     top1:  27.832  top5:   4.219
	
=> Training epoch # 50	
 * Finished epoch # 50     top1:  20.410  top5:   0.850
	
=> Training epoch # 51	
 * Finished epoch # 51     top1:  29.697  top5:   3.369
	
=> Training epoch # 52	
 * Finished epoch # 52     top1:  24.619  top5:   2.646
	
=> Training epoch # 53	
 * Finished epoch # 53     top1:  28.086  top5:   1.826
	
=> Training epoch # 54	
 * Finished epoch # 54     top1:  28.662  top5:   1.729
	
=> Training epoch # 55	
 * Finished epoch # 55     top1:  21.514  top5:   2.559
	
=> Training epoch # 56	
 * Finished epoch # 56     top1:  22.100  top5:   1.250
	
=> Training epoch # 57	
 * Finished epoch # 57     top1:  22.559  top5:   3.076
	
=> Training epoch # 58	
 * Finished epoch # 58     top1:  28.975  top5:   3.418
	
=> Training epoch # 59	
 * Finished epoch # 59     top1:  24.170  top5:   1.270
	
=> Training epoch # 60	
 * Finished epoch # 60     top1:  39.287  top5:   3.496
	
=> Training epoch # 61	
 * Finished epoch # 61     top1:  29.512  top5:   2.363
	
=> Training epoch # 62	
 * Finished epoch # 62     top1:  29.326  top5:   2.939
	
=> Training epoch # 63	
 * Finished epoch # 63     top1:  24.648  top5:   2.217
	
=> Training epoch # 64	
 * Finished epoch # 64     top1:  25.244  top5:   2.715
	
=> Training epoch # 65	
 * Finished epoch # 65     top1:  23.340  top5:   1.670
	
=> Training epoch # 66	
 * Finished epoch # 66     top1:  33.613  top5:   4.707
	
=> Training epoch # 67	
 * Finished epoch # 67     top1:  31.064  top5:   6.875
	
=> Training epoch # 68	
 * Finished epoch # 68     top1:  21.514  top5:   1.270
	
=> Training epoch # 69	
 * Finished epoch # 69     top1:  33.057  top5:   3.936
	
=> Training epoch # 70	
 * Finished epoch # 70     top1:  30.771  top5:   3.096
	
=> Training epoch # 71	
 * Finished epoch # 71     top1:  30.654  top5:   2.178
	
=> Training epoch # 72	
 * Finished epoch # 72     top1:  31.689  top5:   1.787
	
=> Training epoch # 73	
 * Finished epoch # 73     top1:  21.172  top5:   1.836
	
=> Training epoch # 74	
 * Finished epoch # 74     top1:  29.287  top5:   3.311
	
=> Training epoch # 75	
 * Finished epoch # 75     top1:  30.957  top5:   3.574
	
=> Training epoch # 76	
 * Finished epoch # 76     top1:  18.711  top5:   1.035
	
=> Training epoch # 77	
 * Finished epoch # 77     top1:  29.580  top5:   1.211
	
=> Training epoch # 78	
 * Finished epoch # 78     top1:  23.984  top5:   1.260
	
=> Training epoch # 79	
 * Finished epoch # 79     top1:  18.701  top5:   0.947
	
=> Training epoch # 80	
 * Finished epoch # 80     top1:  13.535  top5:   0.488
	
 * Best model 	13.53515625	0.48828125	
=> Training epoch # 81	
 * Finished epoch # 81     top1:   7.754  top5:   0.205
	
 * Best model 	7.75390625	0.205078125	
=> Training epoch # 82	
 * Finished epoch # 82     top1:   7.656  top5:   0.225
	
 * Best model 	7.65625	0.224609375	
=> Training epoch # 83	
 * Finished epoch # 83     top1:   6.875  top5:   0.215
	
 * Best model 	6.875	0.21484375	
=> Training epoch # 84	
 * Finished epoch # 84     top1:   7.002  top5:   0.156
	
=> Training epoch # 85	
 * Finished epoch # 85     top1:   7.158  top5:   0.186
	
=> Training epoch # 86	
 * Finished epoch # 86     top1:   6.982  top5:   0.156
	
=> Training epoch # 87	
 * Finished epoch # 87     top1:   6.895  top5:   0.166
	
=> Training epoch # 88	
 * Finished epoch # 88     top1:   6.973  top5:   0.176
	
=> Training epoch # 89	
 * Finished epoch # 89     top1:   7.227  top5:   0.146
	
=> Training epoch # 90	
 * Finished epoch # 90     top1:   7.227  top5:   0.146
	
=> Training epoch # 91	
 * Finished epoch # 91     top1:   6.973  top5:   0.195
	
=> Training epoch # 92	
 * Finished epoch # 92     top1:   6.807  top5:   0.166
	
 * Best model 	6.806640625	0.166015625	
=> Training epoch # 93	
 * Finished epoch # 93     top1:   7.314  top5:   0.186
	
=> Training epoch # 94	
 * Finished epoch # 94     top1:   7.373  top5:   0.215
	
=> Training epoch # 95	
 * Finished epoch # 95     top1:   7.451  top5:   0.322
	
=> Training epoch # 96	
 * Finished epoch # 96     top1:   7.148  top5:   0.156
	
=> Training epoch # 97	
 * Finished epoch # 97     top1:   7.979  top5:   0.361
	
=> Training epoch # 98	
 * Finished epoch # 98     top1:   7.188  top5:   0.186
	
=> Training epoch # 99	
 * Finished epoch # 99     top1:   8.047  top5:   0.146
	
=> Training epoch # 100	
 * Finished epoch # 100     top1:   7.920  top5:   0.254
	
=> Training epoch # 101	
 * Finished epoch # 101     top1:   7.178  top5:   0.186
	
=> Training epoch # 102	
 * Finished epoch # 102     top1:   7.275  top5:   0.234
	
=> Training epoch # 103	
 * Finished epoch # 103     top1:   8.057  top5:   0.273
	
=> Training epoch # 104	
 * Finished epoch # 104     top1:   7.822  top5:   0.176
	
=> Training epoch # 105	
 * Finished epoch # 105     top1:   7.783  top5:   0.215
	
=> Training epoch # 106	
 * Finished epoch # 106     top1:   7.920  top5:   0.205
	
=> Training epoch # 107	
 * Finished epoch # 107     top1:   7.607  top5:   0.273
	
=> Training epoch # 108	
 * Finished epoch # 108     top1:   8.086  top5:   0.273
	
=> Training epoch # 109	
 * Finished epoch # 109     top1:   8.867  top5:   0.176
	
=> Training epoch # 110	
 * Finished epoch # 110     top1:   7.910  top5:   0.254
	
=> Training epoch # 111	
 * Finished epoch # 111     top1:   8.643  top5:   0.322
	
=> Training epoch # 112	
 * Finished epoch # 112     top1:   8.701  top5:   0.234
	
=> Training epoch # 113	
 * Finished epoch # 113     top1:   8.701  top5:   0.352
	
=> Training epoch # 114	
 * Finished epoch # 114     top1:   8.594  top5:   0.322
	
=> Training epoch # 115	
 * Finished epoch # 115     top1:   9.033  top5:   0.312
	
=> Training epoch # 116	
 * Finished epoch # 116     top1:   9.385  top5:   0.244
	
=> Training epoch # 117	
 * Finished epoch # 117     top1:   7.637  top5:   0.215
	
=> Training epoch # 118	
 * Finished epoch # 118     top1:   8.965  top5:   0.361
	
=> Training epoch # 119	
 * Finished epoch # 119     top1:   9.775  top5:   0.410
	
=> Training epoch # 120	
 * Finished epoch # 120     top1:   8.584  top5:   0.205
	
=> Training epoch # 121	
 * Finished epoch # 121     top1:   8.262  top5:   0.273
	
=> Training epoch # 122	
 * Finished epoch # 122     top1:   6.006  top5:   0.137
	
 * Best model 	6.005859375	0.13671875	
=> Training epoch # 123	
 * Finished epoch # 123     top1:   6.582  top5:   0.420
	
=> Training epoch # 124	
 * Finished epoch # 124     top1:   6.367  top5:   0.107
	
=> Training epoch # 125	
 * Finished epoch # 125     top1:   5.664  top5:   0.127
	
 * Best model 	5.6640625	0.126953125	
=> Training epoch # 126	
 * Finished epoch # 126     top1:   5.840  top5:   0.107
	
=> Training epoch # 127	
 * Finished epoch # 127     top1:   5.986  top5:   0.107
	
=> Training epoch # 128	
 * Finished epoch # 128     top1:   5.801  top5:   0.127
	
=> Training epoch # 129	
 * Finished epoch # 129     top1:   5.713  top5:   0.088
	
=> Training epoch # 130	
 * Finished epoch # 130     top1:   5.576  top5:   0.117
	
 * Best model 	5.576171875	0.1171875	
=> Training epoch # 131	
 * Finished epoch # 131     top1:   5.479  top5:   0.137
	
 * Best model 	5.478515625	0.13671875	
=> Training epoch # 132	
 * Finished epoch # 132     top1:   5.811  top5:   0.137
	
=> Training epoch # 133	
 * Finished epoch # 133     top1:   5.508  top5:   0.107
	
=> Training epoch # 134	
 * Finished epoch # 134     top1:   5.889  top5:   0.117
	
=> Training epoch # 135	
 * Finished epoch # 135     top1:   5.859  top5:   0.127
	
=> Training epoch # 136	
 * Finished epoch # 136     top1:   5.820  top5:   0.127
	
=> Training epoch # 137	
 * Finished epoch # 137     top1:   5.586  top5:   0.098
	
=> Training epoch # 138	
 * Finished epoch # 138     top1:   5.869  top5:   0.127
	
=> Training epoch # 139	
 * Finished epoch # 139     top1:   5.342  top5:   0.117
	
 * Best model 	5.341796875	0.1171875	
=> Training epoch # 140	
 * Finished epoch # 140     top1:   5.410  top5:   0.146
	
=> Training epoch # 141	
 * Finished epoch # 141     top1:   5.635  top5:   0.117
	
=> Training epoch # 142	
 * Finished epoch # 142     top1:   5.615  top5:   0.127
	
=> Training epoch # 143	
 * Finished epoch # 143     top1:   5.527  top5:   0.107
	
=> Training epoch # 144	
 * Finished epoch # 144     top1:   5.400  top5:   0.107
	
=> Training epoch # 145	
 * Finished epoch # 145     top1:   5.557  top5:   0.117
	
=> Training epoch # 146	
 * Finished epoch # 146     top1:   5.449  top5:   0.137
	
=> Training epoch # 147	
 * Finished epoch # 147     top1:   5.713  top5:   0.117
	
=> Training epoch # 148	
 * Finished epoch # 148     top1:   5.684  top5:   0.107
	
=> Training epoch # 149	
 * Finished epoch # 149     top1:   5.664  top5:   0.107
	
=> Training epoch # 150	
 * Finished epoch # 150     top1:   5.488  top5:   0.107
	
=> Training epoch # 151	
 * Finished epoch # 151     top1:   5.508  top5:   0.117
	
=> Training epoch # 152	
 * Finished epoch # 152     top1:   6.123  top5:   0.098
	
=> Training epoch # 153	
 * Finished epoch # 153     top1:   5.830  top5:   0.107
	
=> Training epoch # 154	
 * Finished epoch # 154     top1:   5.498  top5:   0.127
	
=> Training epoch # 155	
 * Finished epoch # 155     top1:   5.381  top5:   0.137
	
=> Training epoch # 156	
 * Finished epoch # 156     top1:   5.557  top5:   0.127
	
=> Training epoch # 157	
 * Finished epoch # 157     top1:   5.381  top5:   0.107
	
=> Training epoch # 158	
 * Finished epoch # 158     top1:   5.420  top5:   0.137
	
=> Training epoch # 159	
 * Finished epoch # 159     top1:   5.596  top5:   0.127
	
=> Training epoch # 160	
 * Finished epoch # 160     top1:   5.361  top5:   0.127
	
=> Training epoch # 161	
 * Finished epoch # 161     top1:   5.449  top5:   0.127
	
=> Training epoch # 162	
 * Finished epoch # 162     top1:   5.576  top5:   0.117
	
=> Training epoch # 163	
 * Finished epoch # 163     top1:   5.469  top5:   0.146
	
=> Training epoch # 164	
 * Finished epoch # 164     top1:   5.449  top5:   0.098
	
=> Training epoch # 165	
 * Finished epoch # 165     top1:   5.547  top5:   0.107
	
=> Training epoch # 166	
 * Finished epoch # 166     top1:   5.586  top5:   0.107
	
=> Training epoch # 167	
 * Finished epoch # 167     top1:   5.703  top5:   0.273
	
=> Training epoch # 168	
 * Finished epoch # 168     top1:   5.498  top5:   0.273
	
=> Training epoch # 169	
 * Finished epoch # 169     top1:   5.303  top5:   0.098
	
 * Best model 	5.302734375	0.09765625	
=> Training epoch # 170	
 * Finished epoch # 170     top1:   5.693  top5:   0.107
	
=> Training epoch # 171	
 * Finished epoch # 171     top1:   5.361  top5:   0.117
	
=> Training epoch # 172	
 * Finished epoch # 172     top1:   5.469  top5:   0.107
	
=> Training epoch # 173	
 * Finished epoch # 173     top1:   5.508  top5:   0.117
	
=> Training epoch # 174	
 * Finished epoch # 174     top1:   5.381  top5:   0.107
	
=> Training epoch # 175	
 * Finished epoch # 175     top1:   5.674  top5:   0.127
	
=> Training epoch # 176	
 * Finished epoch # 176     top1:   5.400  top5:   0.117
	
=> Training epoch # 177	
 * Finished epoch # 177     top1:   5.176  top5:   0.127
	
 * Best model 	5.17578125	0.126953125	
=> Training epoch # 178	
 * Finished epoch # 178     top1:   5.713  top5:   0.146
	
=> Training epoch # 179	
 * Finished epoch # 179     top1:   5.361  top5:   0.137
	
=> Training epoch # 180	
 * Finished epoch # 180     top1:   5.381  top5:   0.117
	
=> Training epoch # 181	
 * Finished epoch # 181     top1:   5.342  top5:   0.127
	
=> Training epoch # 182	
 * Finished epoch # 182     top1:   5.693  top5:   0.127
	
=> Training epoch # 183	
 * Finished epoch # 183     top1:   5.312  top5:   0.127
	
=> Training epoch # 184	
 * Finished epoch # 184     top1:   5.557  top5:   0.127
	
=> Training epoch # 185	
 * Finished epoch # 185     top1:   5.400  top5:   0.127
	
=> Training epoch # 186	
 * Finished epoch # 186     top1:   5.518  top5:   0.107
	
=> Training epoch # 187	
 * Finished epoch # 187     top1:   5.508  top5:   0.127
	
=> Training epoch # 188	
 * Finished epoch # 188     top1:   5.527  top5:   0.117
	
=> Training epoch # 189	
 * Finished epoch # 189     top1:   5.322  top5:   0.127
	
=> Training epoch # 190	
 * Finished epoch # 190     top1:   5.400  top5:   0.107
	
=> Training epoch # 191	
 * Finished epoch # 191     top1:   5.400  top5:   0.127
	
=> Training epoch # 192	
 * Finished epoch # 192     top1:   5.391  top5:   0.117
	
=> Training epoch # 193	
 * Finished epoch # 193     top1:   5.674  top5:   0.117
	
=> Training epoch # 194	
 * Finished epoch # 194     top1:   5.420  top5:   0.127
	
=> Training epoch # 195	
 * Finished epoch # 195     top1:   5.439  top5:   0.117
	
=> Training epoch # 196	
 * Finished epoch # 196     top1:   5.322  top5:   0.117
	
=> Training epoch # 197	
 * Finished epoch # 197     top1:   5.547  top5:   0.137
	
=> Training epoch # 198	
 * Finished epoch # 198     top1:   5.391  top5:   0.127
	
=> Training epoch # 199	
 * Finished epoch # 199     top1:   5.479  top5:   0.137
	
=> Training epoch # 200	
 * Finished epoch # 200     top1:   5.215  top5:   0.137
	
 * Finished top1:  5.176  top5:  0.127	
