{
  cudnn : "fastest"
  LR : 0.1
  nThreads : 2
  nClasses : 0
  batchSize : 256
  testOnly : false
  netType : "resnet-bn-relu"
  resetClassifier : false
  shortcutType : "A"
  gen : "gen"
  nGPU : 1
  depth : 44
  weightDecay : 0.001
  data : ""
  dataset : "cifar100"
  epochNumber : 1
  manualSeed : 2
  resume : "results/results-bn-relu/try1/cifar100/44"
  optimState : "none"
  nEpochs : 200
  tenCrop : false
  shareGradInput : false
  backend : "cudnn"
  momentum : 0.9
  retrain : "none"
}
=> Creating model from file: models/resnet-bn-relu.lua	
 | ResNet-44 CIFAR-100	
nn.Sequential {
  [input -> (1) -> (2) -> (3) -> (4) -> (5) -> (6) -> (7) -> (8) -> (9) -> output]
  (1): cudnn.SpatialConvolution(3 -> 16, 3x3, 1,1, 1,1) without bias
  (2): nn.Sequential {
    [input -> (1) -> (2) -> output]
    (1): nn.SpatialBatchNormalization (4D) (16)
    (2): nn.ReLU
  }
  (3): nn.Sequential {
    [input -> (1) -> (2) -> (3) -> (4) -> (5) -> (6) -> (7) -> output]
    (1): nn.Sequential {
      [input -> (1) -> (2) -> output]
      (1): nn.ConcatTable {
        input
          |`-> (1): nn.Sequential {
          |      [input -> (1) -> (2) -> (3) -> (4) -> output]
          |      (1): cudnn.SpatialConvolution(16 -> 16, 3x3, 1,1, 1,1) without bias
          |      (2): nn.Sequential {
          |        [input -> (1) -> (2) -> output]
          |        (1): nn.SpatialBatchNormalization (4D) (16)
          |        (2): nn.ReLU
          |      }
          |      (3): cudnn.SpatialConvolution(16 -> 16, 3x3, 1,1, 1,1) without bias
          |      (4): nn.SpatialBatchNormalization (4D) (16)
          |    }
           `-> (2): nn.Identity
           ... -> output
      }
      (2): nn.CAddTable
    }
    (2): nn.Sequential {
      [input -> (1) -> (2) -> output]
      (1): nn.ConcatTable {
        input
          |`-> (1): nn.Sequential {
          |      [input -> (1) -> (2) -> (3) -> (4) -> output]
          |      (1): cudnn.SpatialConvolution(16 -> 16, 3x3, 1,1, 1,1) without bias
          |      (2): nn.Sequential {
          |        [input -> (1) -> (2) -> output]
          |        (1): nn.SpatialBatchNormalization (4D) (16)
          |        (2): nn.ReLU
          |      }
          |      (3): cudnn.SpatialConvolution(16 -> 16, 3x3, 1,1, 1,1) without bias
          |      (4): nn.SpatialBatchNormalization (4D) (16)
          |    }
           `-> (2): nn.Identity
           ... -> output
      }
      (2): nn.CAddTable
    }
    (3): nn.Sequential {
      [input -> (1) -> (2) -> output]
      (1): nn.ConcatTable {
        input
          |`-> (1): nn.Sequential {
          |      [input -> (1) -> (2) -> (3) -> (4) -> output]
          |      (1): cudnn.SpatialConvolution(16 -> 16, 3x3, 1,1, 1,1) without bias
          |      (2): nn.Sequential {
          |        [input -> (1) -> (2) -> output]
          |        (1): nn.SpatialBatchNormalization (4D) (16)
          |        (2): nn.ReLU
          |      }
          |      (3): cudnn.SpatialConvolution(16 -> 16, 3x3, 1,1, 1,1) without bias
          |      (4): nn.SpatialBatchNormalization (4D) (16)
          |    }
           `-> (2): nn.Identity
           ... -> output
      }
      (2): nn.CAddTable
    }
    (4): nn.Sequential {
      [input -> (1) -> (2) -> output]
      (1): nn.ConcatTable {
        input
          |`-> (1): nn.Sequential {
          |      [input -> (1) -> (2) -> (3) -> (4) -> output]
          |      (1): cudnn.SpatialConvolution(16 -> 16, 3x3, 1,1, 1,1) without bias
          |      (2): nn.Sequential {
          |        [input -> (1) -> (2) -> output]
          |        (1): nn.SpatialBatchNormalization (4D) (16)
          |        (2): nn.ReLU
          |      }
          |      (3): cudnn.SpatialConvolution(16 -> 16, 3x3, 1,1, 1,1) without bias
          |      (4): nn.SpatialBatchNormalization (4D) (16)
          |    }
           `-> (2): nn.Identity
           ... -> output
      }
      (2): nn.CAddTable
    }
    (5): nn.Sequential {
      [input -> (1) -> (2) -> output]
      (1): nn.ConcatTable {
        input
          |`-> (1): nn.Sequential {
          |      [input -> (1) -> (2) -> (3) -> (4) -> output]
          |      (1): cudnn.SpatialConvolution(16 -> 16, 3x3, 1,1, 1,1) without bias
          |      (2): nn.Sequential {
          |        [input -> (1) -> (2) -> output]
          |        (1): nn.SpatialBatchNormalization (4D) (16)
          |        (2): nn.ReLU
          |      }
          |      (3): cudnn.SpatialConvolution(16 -> 16, 3x3, 1,1, 1,1) without bias
          |      (4): nn.SpatialBatchNormalization (4D) (16)
          |    }
           `-> (2): nn.Identity
           ... -> output
      }
      (2): nn.CAddTable
    }
    (6): nn.Sequential {
      [input -> (1) -> (2) -> output]
      (1): nn.ConcatTable {
        input
          |`-> (1): nn.Sequential {
          |      [input -> (1) -> (2) -> (3) -> (4) -> output]
          |      (1): cudnn.SpatialConvolution(16 -> 16, 3x3, 1,1, 1,1) without bias
          |      (2): nn.Sequential {
          |        [input -> (1) -> (2) -> output]
          |        (1): nn.SpatialBatchNormalization (4D) (16)
          |        (2): nn.ReLU
          |      }
          |      (3): cudnn.SpatialConvolution(16 -> 16, 3x3, 1,1, 1,1) without bias
          |      (4): nn.SpatialBatchNormalization (4D) (16)
          |    }
           `-> (2): nn.Identity
           ... -> output
      }
      (2): nn.CAddTable
    }
    (7): nn.Sequential {
      [input -> (1) -> (2) -> output]
      (1): nn.ConcatTable {
        input
          |`-> (1): nn.Sequential {
          |      [input -> (1) -> (2) -> (3) -> (4) -> output]
          |      (1): cudnn.SpatialConvolution(16 -> 16, 3x3, 1,1, 1,1) without bias
          |      (2): nn.Sequential {
          |        [input -> (1) -> (2) -> output]
          |        (1): nn.SpatialBatchNormalization (4D) (16)
          |        (2): nn.ReLU
          |      }
          |      (3): cudnn.SpatialConvolution(16 -> 16, 3x3, 1,1, 1,1) without bias
          |      (4): nn.SpatialBatchNormalization (4D) (16)
          |    }
           `-> (2): nn.Identity
           ... -> output
      }
      (2): nn.CAddTable
    }
  }
  (4): nn.Sequential {
    [input -> (1) -> (2) -> (3) -> (4) -> (5) -> (6) -> (7) -> output]
    (1): nn.Sequential {
      [input -> (1) -> (2) -> output]
      (1): nn.ConcatTable {
        input
          |`-> (1): nn.Sequential {
          |      [input -> (1) -> (2) -> (3) -> (4) -> output]
          |      (1): cudnn.SpatialConvolution(16 -> 32, 3x3, 2,2, 1,1) without bias
          |      (2): nn.Sequential {
          |        [input -> (1) -> (2) -> output]
          |        (1): nn.SpatialBatchNormalization (4D) (32)
          |        (2): nn.ReLU
          |      }
          |      (3): cudnn.SpatialConvolution(32 -> 32, 3x3, 1,1, 1,1) without bias
          |      (4): nn.SpatialBatchNormalization (4D) (32)
          |    }
           `-> (2): nn.Sequential {
                 [input -> (1) -> (2) -> output]
                 (1): nn.SpatialAveragePooling(1x1, 2,2)
                 (2): nn.Concat {
                   input
                     |`-> (1): nn.Identity
                      `-> (2): nn.MulConstant
                      ... -> output
                 }
               }
           ... -> output
      }
      (2): nn.CAddTable
    }
    (2): nn.Sequential {
      [input -> (1) -> (2) -> output]
      (1): nn.ConcatTable {
        input
          |`-> (1): nn.Sequential {
          |      [input -> (1) -> (2) -> (3) -> (4) -> output]
          |      (1): cudnn.SpatialConvolution(32 -> 32, 3x3, 1,1, 1,1) without bias
          |      (2): nn.Sequential {
          |        [input -> (1) -> (2) -> output]
          |        (1): nn.SpatialBatchNormalization (4D) (32)
          |        (2): nn.ReLU
          |      }
          |      (3): cudnn.SpatialConvolution(32 -> 32, 3x3, 1,1, 1,1) without bias
          |      (4): nn.SpatialBatchNormalization (4D) (32)
          |    }
           `-> (2): nn.Identity
           ... -> output
      }
      (2): nn.CAddTable
    }
    (3): nn.Sequential {
      [input -> (1) -> (2) -> output]
      (1): nn.ConcatTable {
        input
          |`-> (1): nn.Sequential {
          |      [input -> (1) -> (2) -> (3) -> (4) -> output]
          |      (1): cudnn.SpatialConvolution(32 -> 32, 3x3, 1,1, 1,1) without bias
          |      (2): nn.Sequential {
          |        [input -> (1) -> (2) -> output]
          |        (1): nn.SpatialBatchNormalization (4D) (32)
          |        (2): nn.ReLU
          |      }
          |      (3): cudnn.SpatialConvolution(32 -> 32, 3x3, 1,1, 1,1) without bias
          |      (4): nn.SpatialBatchNormalization (4D) (32)
          |    }
           `-> (2): nn.Identity
           ... -> output
      }
      (2): nn.CAddTable
    }
    (4): nn.Sequential {
      [input -> (1) -> (2) -> output]
      (1): nn.ConcatTable {
        input
          |`-> (1): nn.Sequential {
          |      [input -> (1) -> (2) -> (3) -> (4) -> output]
          |      (1): cudnn.SpatialConvolution(32 -> 32, 3x3, 1,1, 1,1) without bias
          |      (2): nn.Sequential {
          |        [input -> (1) -> (2) -> output]
          |        (1): nn.SpatialBatchNormalization (4D) (32)
          |        (2): nn.ReLU
          |      }
          |      (3): cudnn.SpatialConvolution(32 -> 32, 3x3, 1,1, 1,1) without bias
          |      (4): nn.SpatialBatchNormalization (4D) (32)
          |    }
           `-> (2): nn.Identity
           ... -> output
      }
      (2): nn.CAddTable
    }
    (5): nn.Sequential {
      [input -> (1) -> (2) -> output]
      (1): nn.ConcatTable {
        input
          |`-> (1): nn.Sequential {
          |      [input -> (1) -> (2) -> (3) -> (4) -> output]
          |      (1): cudnn.SpatialConvolution(32 -> 32, 3x3, 1,1, 1,1) without bias
          |      (2): nn.Sequential {
          |        [input -> (1) -> (2) -> output]
          |        (1): nn.SpatialBatchNormalization (4D) (32)
          |        (2): nn.ReLU
          |      }
          |      (3): cudnn.SpatialConvolution(32 -> 32, 3x3, 1,1, 1,1) without bias
          |      (4): nn.SpatialBatchNormalization (4D) (32)
          |    }
           `-> (2): nn.Identity
           ... -> output
      }
      (2): nn.CAddTable
    }
    (6): nn.Sequential {
      [input -> (1) -> (2) -> output]
      (1): nn.ConcatTable {
        input
          |`-> (1): nn.Sequential {
          |      [input -> (1) -> (2) -> (3) -> (4) -> output]
          |      (1): cudnn.SpatialConvolution(32 -> 32, 3x3, 1,1, 1,1) without bias
          |      (2): nn.Sequential {
          |        [input -> (1) -> (2) -> output]
          |        (1): nn.SpatialBatchNormalization (4D) (32)
          |        (2): nn.ReLU
          |      }
          |      (3): cudnn.SpatialConvolution(32 -> 32, 3x3, 1,1, 1,1) without bias
          |      (4): nn.SpatialBatchNormalization (4D) (32)
          |    }
           `-> (2): nn.Identity
           ... -> output
      }
      (2): nn.CAddTable
    }
    (7): nn.Sequential {
      [input -> (1) -> (2) -> output]
      (1): nn.ConcatTable {
        input
          |`-> (1): nn.Sequential {
          |      [input -> (1) -> (2) -> (3) -> (4) -> output]
          |      (1): cudnn.SpatialConvolution(32 -> 32, 3x3, 1,1, 1,1) without bias
          |      (2): nn.Sequential {
          |        [input -> (1) -> (2) -> output]
          |        (1): nn.SpatialBatchNormalization (4D) (32)
          |        (2): nn.ReLU
          |      }
          |      (3): cudnn.SpatialConvolution(32 -> 32, 3x3, 1,1, 1,1) without bias
          |      (4): nn.SpatialBatchNormalization (4D) (32)
          |    }
           `-> (2): nn.Identity
           ... -> output
      }
      (2): nn.CAddTable
    }
  }
  (5): nn.Sequential {
    [input -> (1) -> (2) -> (3) -> (4) -> (5) -> (6) -> (7) -> output]
    (1): nn.Sequential {
      [input -> (1) -> (2) -> output]
      (1): nn.ConcatTable {
        input
          |`-> (1): nn.Sequential {
          |      [input -> (1) -> (2) -> (3) -> (4) -> output]
          |      (1): cudnn.SpatialConvolution(32 -> 64, 3x3, 2,2, 1,1) without bias
          |      (2): nn.Sequential {
          |        [input -> (1) -> (2) -> output]
          |        (1): nn.SpatialBatchNormalization (4D) (64)
          |        (2): nn.ReLU
          |      }
          |      (3): cudnn.SpatialConvolution(64 -> 64, 3x3, 1,1, 1,1) without bias
          |      (4): nn.SpatialBatchNormalization (4D) (64)
          |    }
           `-> (2): nn.Sequential {
                 [input -> (1) -> (2) -> output]
                 (1): nn.SpatialAveragePooling(1x1, 2,2)
                 (2): nn.Concat {
                   input
                     |`-> (1): nn.Identity
                      `-> (2): nn.MulConstant
                      ... -> output
                 }
               }
           ... -> output
      }
      (2): nn.CAddTable
    }
    (2): nn.Sequential {
      [input -> (1) -> (2) -> output]
      (1): nn.ConcatTable {
        input
          |`-> (1): nn.Sequential {
          |      [input -> (1) -> (2) -> (3) -> (4) -> output]
          |      (1): cudnn.SpatialConvolution(64 -> 64, 3x3, 1,1, 1,1) without bias
          |      (2): nn.Sequential {
          |        [input -> (1) -> (2) -> output]
          |        (1): nn.SpatialBatchNormalization (4D) (64)
          |        (2): nn.ReLU
          |      }
          |      (3): cudnn.SpatialConvolution(64 -> 64, 3x3, 1,1, 1,1) without bias
          |      (4): nn.SpatialBatchNormalization (4D) (64)
          |    }
           `-> (2): nn.Identity
           ... -> output
      }
      (2): nn.CAddTable
    }
    (3): nn.Sequential {
      [input -> (1) -> (2) -> output]
      (1): nn.ConcatTable {
        input
          |`-> (1): nn.Sequential {
          |      [input -> (1) -> (2) -> (3) -> (4) -> output]
          |      (1): cudnn.SpatialConvolution(64 -> 64, 3x3, 1,1, 1,1) without bias
          |      (2): nn.Sequential {
          |        [input -> (1) -> (2) -> output]
          |        (1): nn.SpatialBatchNormalization (4D) (64)
          |        (2): nn.ReLU
          |      }
          |      (3): cudnn.SpatialConvolution(64 -> 64, 3x3, 1,1, 1,1) without bias
          |      (4): nn.SpatialBatchNormalization (4D) (64)
          |    }
           `-> (2): nn.Identity
           ... -> output
      }
      (2): nn.CAddTable
    }
    (4): nn.Sequential {
      [input -> (1) -> (2) -> output]
      (1): nn.ConcatTable {
        input
          |`-> (1): nn.Sequential {
          |      [input -> (1) -> (2) -> (3) -> (4) -> output]
          |      (1): cudnn.SpatialConvolution(64 -> 64, 3x3, 1,1, 1,1) without bias
          |      (2): nn.Sequential {
          |        [input -> (1) -> (2) -> output]
          |        (1): nn.SpatialBatchNormalization (4D) (64)
          |        (2): nn.ReLU
          |      }
          |      (3): cudnn.SpatialConvolution(64 -> 64, 3x3, 1,1, 1,1) without bias
          |      (4): nn.SpatialBatchNormalization (4D) (64)
          |    }
           `-> (2): nn.Identity
           ... -> output
      }
      (2): nn.CAddTable
    }
    (5): nn.Sequential {
      [input -> (1) -> (2) -> output]
      (1): nn.ConcatTable {
        input
          |`-> (1): nn.Sequential {
          |      [input -> (1) -> (2) -> (3) -> (4) -> output]
          |      (1): cudnn.SpatialConvolution(64 -> 64, 3x3, 1,1, 1,1) without bias
          |      (2): nn.Sequential {
          |        [input -> (1) -> (2) -> output]
          |        (1): nn.SpatialBatchNormalization (4D) (64)
          |        (2): nn.ReLU
          |      }
          |      (3): cudnn.SpatialConvolution(64 -> 64, 3x3, 1,1, 1,1) without bias
          |      (4): nn.SpatialBatchNormalization (4D) (64)
          |    }
           `-> (2): nn.Identity
           ... -> output
      }
      (2): nn.CAddTable
    }
    (6): nn.Sequential {
      [input -> (1) -> (2) -> output]
      (1): nn.ConcatTable {
        input
          |`-> (1): nn.Sequential {
          |      [input -> (1) -> (2) -> (3) -> (4) -> output]
          |      (1): cudnn.SpatialConvolution(64 -> 64, 3x3, 1,1, 1,1) without bias
          |      (2): nn.Sequential {
          |        [input -> (1) -> (2) -> output]
          |        (1): nn.SpatialBatchNormalization (4D) (64)
          |        (2): nn.ReLU
          |      }
          |      (3): cudnn.SpatialConvolution(64 -> 64, 3x3, 1,1, 1,1) without bias
          |      (4): nn.SpatialBatchNormalization (4D) (64)
          |    }
           `-> (2): nn.Identity
           ... -> output
      }
      (2): nn.CAddTable
    }
    (7): nn.Sequential {
      [input -> (1) -> (2) -> output]
      (1): nn.ConcatTable {
        input
          |`-> (1): nn.Sequential {
          |      [input -> (1) -> (2) -> (3) -> (4) -> output]
          |      (1): cudnn.SpatialConvolution(64 -> 64, 3x3, 1,1, 1,1) without bias
          |      (2): nn.Sequential {
          |        [input -> (1) -> (2) -> output]
          |        (1): nn.SpatialBatchNormalization (4D) (64)
          |        (2): nn.ReLU
          |      }
          |      (3): cudnn.SpatialConvolution(64 -> 64, 3x3, 1,1, 1,1) without bias
          |      (4): nn.SpatialBatchNormalization (4D) (64)
          |    }
           `-> (2): nn.Identity
           ... -> output
      }
      (2): nn.CAddTable
    }
  }
  (6): nn.Sequential {
    [input -> (1) -> (2) -> output]
    (1): nn.SpatialBatchNormalization (4D) (64)
    (2): nn.ReLU
  }
  (7): cudnn.SpatialAveragePooling(8x8, 1,1)
  (8): nn.View(64)
  (9): nn.Linear(64 -> 100)
}
=> Training epoch # 1	
 * Finished epoch # 1     top1:  90.068  top5:  68.379
	
 * Best model 	90.068359375	68.37890625	
=> Training epoch # 2	
 * Finished epoch # 2     top1:  83.975  top5:  56.260
	
 * Best model 	83.974609375	56.259765625	
=> Training epoch # 3	
 * Finished epoch # 3     top1:  77.773  top5:  46.143
	
 * Best model 	77.7734375	46.142578125	
=> Training epoch # 4	
 * Finished epoch # 4     top1:  72.090  top5:  40.381
	
 * Best model 	72.08984375	40.380859375	
=> Training epoch # 5	
 * Finished epoch # 5     top1:  75.557  top5:  45.352
	
=> Training epoch # 6	
 * Finished epoch # 6     top1:  72.363  top5:  39.678
	
=> Training epoch # 7	
 * Finished epoch # 7     top1:  66.396  top5:  32.178
	
 * Best model 	66.396484375	32.177734375	
=> Training epoch # 8	
 * Finished epoch # 8     top1:  61.348  top5:  26.826
	
 * Best model 	61.34765625	26.826171875	
=> Training epoch # 9	
 * Finished epoch # 9     top1:  58.389  top5:  26.494
	
 * Best model 	58.388671875	26.494140625	
=> Training epoch # 10	
 * Finished epoch # 10     top1:  62.314  top5:  30.967
	
=> Training epoch # 11	
 * Finished epoch # 11     top1:  56.748  top5:  23.662
	
 * Best model 	56.748046875	23.662109375	
=> Training epoch # 12	
 * Finished epoch # 12     top1:  58.799  top5:  25.723
	
=> Training epoch # 13	
 * Finished epoch # 13     top1:  53.037  top5:  20.537
	
 * Best model 	53.037109375	20.537109375	
=> Training epoch # 14	
 * Finished epoch # 14     top1:  59.619  top5:  27.568
	
=> Training epoch # 15	
 * Finished epoch # 15     top1:  58.135  top5:  25.850
	
=> Training epoch # 16	
 * Finished epoch # 16     top1:  54.424  top5:  20.938
	
=> Training epoch # 17	
 * Finished epoch # 17     top1:  54.844  top5:  24.189
	
=> Training epoch # 18	
 * Finished epoch # 18     top1:  53.154  top5:  21.152
	
=> Training epoch # 19	
 * Finished epoch # 19     top1:  60.977  top5:  27.422
	
=> Training epoch # 20	
 * Finished epoch # 20     top1:  55.508  top5:  23.301
	
=> Training epoch # 21	
 * Finished epoch # 21     top1:  54.004  top5:  23.027
	
=> Training epoch # 22	
 * Finished epoch # 22     top1:  50.967  top5:  19.658
	
 * Best model 	50.966796875	19.658203125	
=> Training epoch # 23	
 * Finished epoch # 23     top1:  54.268  top5:  23.340
	
=> Training epoch # 24	
 * Finished epoch # 24     top1:  57.158  top5:  22.764
	
=> Training epoch # 25	
 * Finished epoch # 25     top1:  50.820  top5:  21.133
	
 * Best model 	50.8203125	21.1328125	
=> Training epoch # 26	
 * Finished epoch # 26     top1:  54.385  top5:  22.607
	
=> Training epoch # 27	
 * Finished epoch # 27     top1:  54.521  top5:  21.846
	
=> Training epoch # 28	
 * Finished epoch # 28     top1:  54.639  top5:  22.402
	
=> Training epoch # 29	
 * Finished epoch # 29     top1:  55.869  top5:  24.531
	
=> Training epoch # 30	
 * Finished epoch # 30     top1:  49.297  top5:  18.574
	
 * Best model 	49.296875	18.57421875	
=> Training epoch # 31	
 * Finished epoch # 31     top1:  63.936  top5:  34.912
	
=> Training epoch # 32	
 * Finished epoch # 32     top1:  49.785  top5:  19.023
	
=> Training epoch # 33	
 * Finished epoch # 33     top1:  51.768  top5:  20.723
	
=> Training epoch # 34	
 * Finished epoch # 34     top1:  49.082  top5:  19.033
	
 * Best model 	49.08203125	19.033203125	
=> Training epoch # 35	
 * Finished epoch # 35     top1:  54.092  top5:  21.611
	
=> Training epoch # 36	
 * Finished epoch # 36     top1:  49.297  top5:  20.078
	
=> Training epoch # 37	
 * Finished epoch # 37     top1:  55.576  top5:  24.092
	
=> Training epoch # 38	
 * Finished epoch # 38     top1:  50.000  top5:  19.541
	
=> Training epoch # 39	
 * Finished epoch # 39     top1:  49.053  top5:  18.428
	
 * Best model 	49.052734375	18.427734375	
=> Training epoch # 40	
 * Finished epoch # 40     top1:  51.172  top5:  21.543
	
=> Training epoch # 41	
 * Finished epoch # 41     top1:  50.723  top5:  20.898
	
=> Training epoch # 42	
 * Finished epoch # 42     top1:  49.746  top5:  19.131
	
=> Training epoch # 43	
 * Finished epoch # 43     top1:  49.609  top5:  18.916
	
=> Training epoch # 44	
 * Finished epoch # 44     top1:  51.162  top5:  19.229
	
=> Training epoch # 45	
 * Finished epoch # 45     top1:  55.127  top5:  24.893
	
=> Training epoch # 46	
 * Finished epoch # 46     top1:  56.367  top5:  26.201
	
=> Training epoch # 47	
 * Finished epoch # 47     top1:  55.801  top5:  23.838
	
=> Training epoch # 48	
 * Finished epoch # 48     top1:  47.266  top5:  17.402
	
 * Best model 	47.265625	17.40234375	
=> Training epoch # 49	
 * Finished epoch # 49     top1:  57.305  top5:  24.541
	
=> Training epoch # 50	
 * Finished epoch # 50     top1:  59.795  top5:  27.949
	
=> Training epoch # 51	
 * Finished epoch # 51     top1:  49.453  top5:  19.531
	
=> Training epoch # 52	
 * Finished epoch # 52     top1:  50.010  top5:  19.805
	
=> Training epoch # 53	
 * Finished epoch # 53     top1:  53.506  top5:  21.201
	
=> Training epoch # 54	
 * Finished epoch # 54     top1:  48.496  top5:  18.467
	
=> Training epoch # 55	
 * Finished epoch # 55     top1:  51.299  top5:  20.957
	
=> Training epoch # 56	
 * Finished epoch # 56     top1:  51.963  top5:  21.533
	
=> Training epoch # 57	
 * Finished epoch # 57     top1:  49.521  top5:  18.389
	
=> Training epoch # 58	
 * Finished epoch # 58     top1:  53.477  top5:  22.432
	
=> Training epoch # 59	
 * Finished epoch # 59     top1:  51.729  top5:  22.061
	
=> Training epoch # 60	
 * Finished epoch # 60     top1:  50.684  top5:  20.332
	
=> Training epoch # 61	
 * Finished epoch # 61     top1:  48.525  top5:  18.027
	
=> Training epoch # 62	
 * Finished epoch # 62     top1:  50.654  top5:  18.984
	
=> Training epoch # 63	
 * Finished epoch # 63     top1:  47.002  top5:  16.221
	
 * Best model 	47.001953125	16.220703125	
=> Training epoch # 64	
 * Finished epoch # 64     top1:  50.459  top5:  19.697
	
=> Training epoch # 65	
 * Finished epoch # 65     top1:  54.512  top5:  23.516
	
=> Training epoch # 66	
 * Finished epoch # 66     top1:  51.133  top5:  21.094
	
=> Training epoch # 67	
 * Finished epoch # 67     top1:  49.756  top5:  18.682
	
=> Training epoch # 68	
 * Finished epoch # 68     top1:  51.084  top5:  19.219
	
=> Training epoch # 69	
 * Finished epoch # 69     top1:  50.684  top5:  20.000
	
=> Training epoch # 70	
 * Finished epoch # 70     top1:  53.984  top5:  22.656
	
=> Training epoch # 71	
 * Finished epoch # 71     top1:  50.459  top5:  19.736
	
=> Training epoch # 72	
 * Finished epoch # 72     top1:  51.006  top5:  21.074
	
=> Training epoch # 73	
 * Finished epoch # 73     top1:  53.486  top5:  23.398
	
=> Training epoch # 74	
 * Finished epoch # 74     top1:  47.451  top5:  18.135
	
=> Training epoch # 75	
 * Finished epoch # 75     top1:  46.836  top5:  17.441
	
 * Best model 	46.8359375	17.44140625	
=> Training epoch # 76	
 * Finished epoch # 76     top1:  46.533  top5:  15.859
	
 * Best model 	46.533203125	15.859375	
=> Training epoch # 77	
 * Finished epoch # 77     top1:  50.508  top5:  19.902
	
=> Training epoch # 78	
 * Finished epoch # 78     top1:  46.709  top5:  16.553
	
=> Training epoch # 79	
 * Finished epoch # 79     top1:  55.420  top5:  23.877
	
=> Training epoch # 80	
 * Finished epoch # 80     top1:  54.502  top5:  23.154
	
=> Training epoch # 81	
 * Finished epoch # 81     top1:  30.879  top5:   7.393
	
 * Best model 	30.87890625	7.392578125	
=> Training epoch # 82	
 * Finished epoch # 82     top1:  30.029  top5:   7.529
	
 * Best model 	30.029296875	7.529296875	
=> Training epoch # 83	
 * Finished epoch # 83     top1:  30.381  top5:   7.578
	
=> Training epoch # 84	
 * Finished epoch # 84     top1:  30.449  top5:   7.881
	
=> Training epoch # 85	
 * Finished epoch # 85     top1:  29.482  top5:   7.139
	
 * Best model 	29.482421875	7.138671875	
=> Training epoch # 86	
 * Finished epoch # 86     top1:  29.648  top5:   7.383
	
=> Training epoch # 87	
 * Finished epoch # 87     top1:  30.156  top5:   7.871
	
=> Training epoch # 88	
 * Finished epoch # 88     top1:  29.971  top5:   7.354
	
=> Training epoch # 89	
 * Finished epoch # 89     top1:  30.352  top5:   7.666
	
=> Training epoch # 90	
 * Finished epoch # 90     top1:  30.312  top5:   8.105
	
=> Training epoch # 91	
 * Finished epoch # 91     top1:  29.893  top5:   7.734
	
=> Training epoch # 92	
 * Finished epoch # 92     top1:  30.273  top5:   7.676
	
=> Training epoch # 93	
 * Finished epoch # 93     top1:  30.830  top5:   8.086
	
=> Training epoch # 94	
 * Finished epoch # 94     top1:  30.186  top5:   7.812
	
=> Training epoch # 95	
 * Finished epoch # 95     top1:  31.768  top5:   9.297
	
=> Training epoch # 96	
 * Finished epoch # 96     top1:  31.113  top5:   8.213
	
=> Training epoch # 97	
 * Finished epoch # 97     top1:  31.689  top5:   9.238
	
=> Training epoch # 98	
 * Finished epoch # 98     top1:  32.031  top5:   8.799
	
=> Training epoch # 99	
 * Finished epoch # 99     top1:  30.986  top5:   8.223
	
=> Training epoch # 100	
 * Finished epoch # 100     top1:  30.928  top5:   8.389
	
=> Training epoch # 101	
 * Finished epoch # 101     top1:  31.289  top5:   8.701
	
=> Training epoch # 102	
 * Finished epoch # 102     top1:  31.865  top5:   9.414
	
=> Training epoch # 103	
 * Finished epoch # 103     top1:  32.041  top5:   9.316
	
=> Training epoch # 104	
 * Finished epoch # 104     top1:  31.582  top5:   8.818
	
=> Training epoch # 105	
 * Finished epoch # 105     top1:  33.154  top5:   9.531
	
=> Training epoch # 106	
 * Finished epoch # 106     top1:  31.436  top5:   8.916
	
=> Training epoch # 107	
 * Finished epoch # 107     top1:  33.545  top5:   9.561
	
=> Training epoch # 108	
 * Finished epoch # 108     top1:  33.291  top5:   9.678
	
=> Training epoch # 109	
 * Finished epoch # 109     top1:  32.041  top5:   8.877
	
=> Training epoch # 110	
 * Finished epoch # 110     top1:  31.592  top5:   9.004
	
=> Training epoch # 111	
 * Finished epoch # 111     top1:  34.180  top5:   9.570
	
=> Training epoch # 112	
 * Finished epoch # 112     top1:  32.334  top5:   9.727
	
=> Training epoch # 113	
 * Finished epoch # 113     top1:  32.139  top5:   9.316
	
=> Training epoch # 114	
 * Finished epoch # 114     top1:  34.131  top5:  10.166
	
=> Training epoch # 115	
 * Finished epoch # 115     top1:  32.461  top5:   9.023
	
=> Training epoch # 116	
 * Finished epoch # 116     top1:  32.607  top5:   9.131
	
=> Training epoch # 117	
 * Finished epoch # 117     top1:  31.689  top5:   8.779
	
=> Training epoch # 118	
 * Finished epoch # 118     top1:  32.627  top5:   8.965
	
=> Training epoch # 119	
 * Finished epoch # 119     top1:  33.359  top5:   9.580
	
=> Training epoch # 120	
 * Finished epoch # 120     top1:  33.135  top5:   9.775
	
=> Training epoch # 121	
 * Finished epoch # 121     top1:  32.764  top5:   9.619
	
=> Training epoch # 122	
 * Finished epoch # 122     top1:  27.207  top5:   6.914
	
 * Best model 	27.20703125	6.9140625	
=> Training epoch # 123	
 * Finished epoch # 123     top1:  27.246  top5:   6.816
	
=> Training epoch # 124	
 * Finished epoch # 124     top1:  27.490  top5:   7.021
	
=> Training epoch # 125	
 * Finished epoch # 125     top1:  27.803  top5:   7.549
	
=> Training epoch # 126	
 * Finished epoch # 126     top1:  27.197  top5:   7.217
	
 * Best model 	27.197265625	7.216796875	
=> Training epoch # 127	
 * Finished epoch # 127     top1:  28.008  top5:   7.061
	
=> Training epoch # 128	
 * Finished epoch # 128     top1:  27.461  top5:   7.188
	
=> Training epoch # 129	
 * Finished epoch # 129     top1:  27.070  top5:   7.295
	
 * Best model 	27.0703125	7.294921875	
=> Training epoch # 130	
 * Finished epoch # 130     top1:  27.334  top5:   7.275
	
=> Training epoch # 131	
 * Finished epoch # 131     top1:  27.695  top5:   7.236
	
=> Training epoch # 132	
 * Finished epoch # 132     top1:  27.158  top5:   7.148
	
=> Training epoch # 133	
 * Finished epoch # 133     top1:  27.109  top5:   7.441
	
=> Training epoch # 134	
 * Finished epoch # 134     top1:  27.480  top5:   7.607
	
=> Training epoch # 135	
 * Finished epoch # 135     top1:  27.129  top5:   7.441
	
=> Training epoch # 136	
 * Finished epoch # 136     top1:  27.705  top5:   7.266
	
=> Training epoch # 137	
 * Finished epoch # 137     top1:  27.793  top5:   7.305
	
=> Training epoch # 138	
 * Finished epoch # 138     top1:  27.607  top5:   7.422
	
=> Training epoch # 139	
 * Finished epoch # 139     top1:  27.422  top5:   7.422
	
=> Training epoch # 140	
 * Finished epoch # 140     top1:  28.213  top5:   7.441
	
=> Training epoch # 141	
 * Finished epoch # 141     top1:  28.184  top5:   7.334
	
=> Training epoch # 142	
 * Finished epoch # 142     top1:  27.822  top5:   7.393
	
=> Training epoch # 143	
 * Finished epoch # 143     top1:  28.574  top5:   7.656
	
=> Training epoch # 144	
 * Finished epoch # 144     top1:  27.686  top5:   7.637
	
=> Training epoch # 145	
 * Finished epoch # 145     top1:  27.529  top5:   7.441
	
=> Training epoch # 146	
 * Finished epoch # 146     top1:  27.773  top5:   7.607
	
=> Training epoch # 147	
 * Finished epoch # 147     top1:  27.969  top5:   7.744
	
=> Training epoch # 148	
 * Finished epoch # 148     top1:  27.412  top5:   7.402
	
=> Training epoch # 149	
 * Finished epoch # 149     top1:  27.910  top5:   7.793
	
=> Training epoch # 150	
 * Finished epoch # 150     top1:  28.018  top5:   7.705
	
=> Training epoch # 151	
 * Finished epoch # 151     top1:  28.105  top5:   7.656
	
=> Training epoch # 152	
 * Finished epoch # 152     top1:  27.852  top5:   7.686
	
=> Training epoch # 153	
 * Finished epoch # 153     top1:  28.379  top5:   7.578
	
=> Training epoch # 154	
 * Finished epoch # 154     top1:  27.979  top5:   7.842
	
=> Training epoch # 155	
 * Finished epoch # 155     top1:  28.174  top5:   8.008
	
=> Training epoch # 156	
 * Finished epoch # 156     top1:  28.340  top5:   7.998
	
=> Training epoch # 157	
 * Finished epoch # 157     top1:  28.838  top5:   8.213
	
=> Training epoch # 158	
 * Finished epoch # 158     top1:  28.955  top5:   8.076
	
=> Training epoch # 159	
 * Finished epoch # 159     top1:  27.949  top5:   7.852
	
=> Training epoch # 160	
 * Finished epoch # 160     top1:  28.359  top5:   8.105
	
=> Training epoch # 161	
 * Finished epoch # 161     top1:  28.594  top5:   7.480
	
=> Training epoch # 162	
 * Finished epoch # 162     top1:  27.900  top5:   7.998
	
=> Training epoch # 163	
 * Finished epoch # 163     top1:  28.135  top5:   7.783
	
=> Training epoch # 164	
 * Finished epoch # 164     top1:  28.418  top5:   7.891
	
=> Training epoch # 165	
 * Finished epoch # 165     top1:  28.252  top5:   8.057
	
=> Training epoch # 166	
 * Finished epoch # 166     top1:  28.887  top5:   8.145
	
=> Training epoch # 167	
 * Finished epoch # 167     top1:  28.379  top5:   8.223
	
=> Training epoch # 168	
 * Finished epoch # 168     top1:  28.584  top5:   7.773
	
=> Training epoch # 169	
 * Finished epoch # 169     top1:  28.223  top5:   8.018
	
=> Training epoch # 170	
 * Finished epoch # 170     top1:  28.906  top5:   7.881
	
=> Training epoch # 171	
 * Finished epoch # 171     top1:  28.203  top5:   7.998
	
=> Training epoch # 172	
 * Finished epoch # 172     top1:  28.438  top5:   7.910
	
=> Training epoch # 173	
 * Finished epoch # 173     top1:  27.988  top5:   8.184
	
=> Training epoch # 174	
 * Finished epoch # 174     top1:  27.920  top5:   7.900
	
=> Training epoch # 175	
 * Finished epoch # 175     top1:  28.682  top5:   8.105
	
=> Training epoch # 176	
 * Finished epoch # 176     top1:  28.311  top5:   8.252
	
=> Training epoch # 177	
 * Finished epoch # 177     top1:  28.594  top5:   8.076
	
=> Training epoch # 178	
 * Finished epoch # 178     top1:  28.486  top5:   8.047
	
=> Training epoch # 179	
 * Finished epoch # 179     top1:  28.496  top5:   8.281
	
=> Training epoch # 180	
 * Finished epoch # 180     top1:  28.369  top5:   8.379
	
=> Training epoch # 181	
 * Finished epoch # 181     top1:  28.818  top5:   8.643
	
=> Training epoch # 182	
 * Finished epoch # 182     top1:  28.232  top5:   8.291
	
=> Training epoch # 183	
 * Finished epoch # 183     top1:  28.057  top5:   8.291
	
=> Training epoch # 184	
 * Finished epoch # 184     top1:  28.096  top5:   8.613
	
=> Training epoch # 185	
 * Finished epoch # 185     top1:  28.525  top5:   8.252
	
=> Training epoch # 186	
 * Finished epoch # 186     top1:  28.730  top5:   8.408
	
=> Training epoch # 187	
 * Finished epoch # 187     top1:  28.535  top5:   8.018
	
=> Training epoch # 188	
 * Finished epoch # 188     top1:  28.740  top5:   8.320
	
=> Training epoch # 189	
 * Finished epoch # 189     top1:  28.926  top5:   8.242
	
=> Training epoch # 190	
 * Finished epoch # 190     top1:  28.916  top5:   8.516
	
=> Training epoch # 191	
 * Finished epoch # 191     top1:  29.189  top5:   8.721
	
=> Training epoch # 192	
 * Finished epoch # 192     top1:  28.174  top5:   8.271
	
=> Training epoch # 193	
 * Finished epoch # 193     top1:  28.525  top5:   8.408
	
=> Training epoch # 194	
 * Finished epoch # 194     top1:  28.428  top5:   8.584
	
=> Training epoch # 195	
 * Finished epoch # 195     top1:  28.447  top5:   8.418
	
=> Training epoch # 196	
 * Finished epoch # 196     top1:  28.701  top5:   8.711
	
=> Training epoch # 197	
 * Finished epoch # 197     top1:  28.809  top5:   8.672
	
=> Training epoch # 198	
 * Finished epoch # 198     top1:  28.486  top5:   8.809
	
=> Training epoch # 199	
 * Finished epoch # 199     top1:  29.004  top5:   8.652
	
=> Training epoch # 200	
 * Finished epoch # 200     top1:  28.701  top5:   8.213
	
 * Finished top1: 27.070  top5:  7.295	
