{
  cudnn : "fastest"
  LR : 0.1
  nThreads : 2
  nClasses : 0
  batchSize : 256
  testOnly : false
  netType : "resnet-bn-relu"
  resetClassifier : false
  shortcutType : "A"
  gen : "gen"
  nGPU : 1
  depth : 110
  weightDecay : 0.001
  data : ""
  dataset : "cifar100"
  epochNumber : 1
  manualSeed : 2
  resume : "results/results-bn-relu/try2/cifar100/110"
  optimState : "none"
  nEpochs : 200
  tenCrop : false
  shareGradInput : false
  backend : "cudnn"
  momentum : 0.9
  retrain : "none"
}
=> Creating model from file: models/resnet-bn-relu.lua	
 | ResNet-110 CIFAR-100	
nn.Sequential {
  [input -> (1) -> (2) -> (3) -> (4) -> (5) -> (6) -> (7) -> (8) -> (9) -> output]
  (1): cudnn.SpatialConvolution(3 -> 16, 3x3, 1,1, 1,1) without bias
  (2): nn.Sequential {
    [input -> (1) -> (2) -> output]
    (1): nn.SpatialBatchNormalization (4D) (16)
    (2): nn.ReLU
  }
  (3): nn.Sequential {
    [input -> (1) -> (2) -> (3) -> (4) -> (5) -> (6) -> (7) -> (8) -> (9) -> (10) -> (11) -> (12) -> (13) -> (14) -> (15) -> (16) -> (17) -> (18) -> output]
    (1): nn.Sequential {
      [input -> (1) -> (2) -> output]
      (1): nn.ConcatTable {
        input
          |`-> (1): nn.Sequential {
          |      [input -> (1) -> (2) -> (3) -> (4) -> output]
          |      (1): cudnn.SpatialConvolution(16 -> 16, 3x3, 1,1, 1,1) without bias
          |      (2): nn.Sequential {
          |        [input -> (1) -> (2) -> output]
          |        (1): nn.SpatialBatchNormalization (4D) (16)
          |        (2): nn.ReLU
          |      }
          |      (3): cudnn.SpatialConvolution(16 -> 16, 3x3, 1,1, 1,1) without bias
          |      (4): nn.SpatialBatchNormalization (4D) (16)
          |    }
           `-> (2): nn.Identity
           ... -> output
      }
      (2): nn.CAddTable
    }
    (2): nn.Sequential {
      [input -> (1) -> (2) -> output]
      (1): nn.ConcatTable {
        input
          |`-> (1): nn.Sequential {
          |      [input -> (1) -> (2) -> (3) -> (4) -> output]
          |      (1): cudnn.SpatialConvolution(16 -> 16, 3x3, 1,1, 1,1) without bias
          |      (2): nn.Sequential {
          |        [input -> (1) -> (2) -> output]
          |        (1): nn.SpatialBatchNormalization (4D) (16)
          |        (2): nn.ReLU
          |      }
          |      (3): cudnn.SpatialConvolution(16 -> 16, 3x3, 1,1, 1,1) without bias
          |      (4): nn.SpatialBatchNormalization (4D) (16)
          |    }
           `-> (2): nn.Identity
           ... -> output
      }
      (2): nn.CAddTable
    }
    (3): nn.Sequential {
      [input -> (1) -> (2) -> output]
      (1): nn.ConcatTable {
        input
          |`-> (1): nn.Sequential {
          |      [input -> (1) -> (2) -> (3) -> (4) -> output]
          |      (1): cudnn.SpatialConvolution(16 -> 16, 3x3, 1,1, 1,1) without bias
          |      (2): nn.Sequential {
          |        [input -> (1) -> (2) -> output]
          |        (1): nn.SpatialBatchNormalization (4D) (16)
          |        (2): nn.ReLU
          |      }
          |      (3): cudnn.SpatialConvolution(16 -> 16, 3x3, 1,1, 1,1) without bias
          |      (4): nn.SpatialBatchNormalization (4D) (16)
          |    }
           `-> (2): nn.Identity
           ... -> output
      }
      (2): nn.CAddTable
    }
    (4): nn.Sequential {
      [input -> (1) -> (2) -> output]
      (1): nn.ConcatTable {
        input
          |`-> (1): nn.Sequential {
          |      [input -> (1) -> (2) -> (3) -> (4) -> output]
          |      (1): cudnn.SpatialConvolution(16 -> 16, 3x3, 1,1, 1,1) without bias
          |      (2): nn.Sequential {
          |        [input -> (1) -> (2) -> output]
          |        (1): nn.SpatialBatchNormalization (4D) (16)
          |        (2): nn.ReLU
          |      }
          |      (3): cudnn.SpatialConvolution(16 -> 16, 3x3, 1,1, 1,1) without bias
          |      (4): nn.SpatialBatchNormalization (4D) (16)
          |    }
           `-> (2): nn.Identity
           ... -> output
      }
      (2): nn.CAddTable
    }
    (5): nn.Sequential {
      [input -> (1) -> (2) -> output]
      (1): nn.ConcatTable {
        input
          |`-> (1): nn.Sequential {
          |      [input -> (1) -> (2) -> (3) -> (4) -> output]
          |      (1): cudnn.SpatialConvolution(16 -> 16, 3x3, 1,1, 1,1) without bias
          |      (2): nn.Sequential {
          |        [input -> (1) -> (2) -> output]
          |        (1): nn.SpatialBatchNormalization (4D) (16)
          |        (2): nn.ReLU
          |      }
          |      (3): cudnn.SpatialConvolution(16 -> 16, 3x3, 1,1, 1,1) without bias
          |      (4): nn.SpatialBatchNormalization (4D) (16)
          |    }
           `-> (2): nn.Identity
           ... -> output
      }
      (2): nn.CAddTable
    }
    (6): nn.Sequential {
      [input -> (1) -> (2) -> output]
      (1): nn.ConcatTable {
        input
          |`-> (1): nn.Sequential {
          |      [input -> (1) -> (2) -> (3) -> (4) -> output]
          |      (1): cudnn.SpatialConvolution(16 -> 16, 3x3, 1,1, 1,1) without bias
          |      (2): nn.Sequential {
          |        [input -> (1) -> (2) -> output]
          |        (1): nn.SpatialBatchNormalization (4D) (16)
          |        (2): nn.ReLU
          |      }
          |      (3): cudnn.SpatialConvolution(16 -> 16, 3x3, 1,1, 1,1) without bias
          |      (4): nn.SpatialBatchNormalization (4D) (16)
          |    }
           `-> (2): nn.Identity
           ... -> output
      }
      (2): nn.CAddTable
    }
    (7): nn.Sequential {
      [input -> (1) -> (2) -> output]
      (1): nn.ConcatTable {
        input
          |`-> (1): nn.Sequential {
          |      [input -> (1) -> (2) -> (3) -> (4) -> output]
          |      (1): cudnn.SpatialConvolution(16 -> 16, 3x3, 1,1, 1,1) without bias
          |      (2): nn.Sequential {
          |        [input -> (1) -> (2) -> output]
          |        (1): nn.SpatialBatchNormalization (4D) (16)
          |        (2): nn.ReLU
          |      }
          |      (3): cudnn.SpatialConvolution(16 -> 16, 3x3, 1,1, 1,1) without bias
          |      (4): nn.SpatialBatchNormalization (4D) (16)
          |    }
           `-> (2): nn.Identity
           ... -> output
      }
      (2): nn.CAddTable
    }
    (8): nn.Sequential {
      [input -> (1) -> (2) -> output]
      (1): nn.ConcatTable {
        input
          |`-> (1): nn.Sequential {
          |      [input -> (1) -> (2) -> (3) -> (4) -> output]
          |      (1): cudnn.SpatialConvolution(16 -> 16, 3x3, 1,1, 1,1) without bias
          |      (2): nn.Sequential {
          |        [input -> (1) -> (2) -> output]
          |        (1): nn.SpatialBatchNormalization (4D) (16)
          |        (2): nn.ReLU
          |      }
          |      (3): cudnn.SpatialConvolution(16 -> 16, 3x3, 1,1, 1,1) without bias
          |      (4): nn.SpatialBatchNormalization (4D) (16)
          |    }
           `-> (2): nn.Identity
           ... -> output
      }
      (2): nn.CAddTable
    }
    (9): nn.Sequential {
      [input -> (1) -> (2) -> output]
      (1): nn.ConcatTable {
        input
          |`-> (1): nn.Sequential {
          |      [input -> (1) -> (2) -> (3) -> (4) -> output]
          |      (1): cudnn.SpatialConvolution(16 -> 16, 3x3, 1,1, 1,1) without bias
          |      (2): nn.Sequential {
          |        [input -> (1) -> (2) -> output]
          |        (1): nn.SpatialBatchNormalization (4D) (16)
          |        (2): nn.ReLU
          |      }
          |      (3): cudnn.SpatialConvolution(16 -> 16, 3x3, 1,1, 1,1) without bias
          |      (4): nn.SpatialBatchNormalization (4D) (16)
          |    }
           `-> (2): nn.Identity
           ... -> output
      }
      (2): nn.CAddTable
    }
    (10): nn.Sequential {
      [input -> (1) -> (2) -> output]
      (1): nn.ConcatTable {
        input
          |`-> (1): nn.Sequential {
          |      [input -> (1) -> (2) -> (3) -> (4) -> output]
          |      (1): cudnn.SpatialConvolution(16 -> 16, 3x3, 1,1, 1,1) without bias
          |      (2): nn.Sequential {
          |        [input -> (1) -> (2) -> output]
          |        (1): nn.SpatialBatchNormalization (4D) (16)
          |        (2): nn.ReLU
          |      }
          |      (3): cudnn.SpatialConvolution(16 -> 16, 3x3, 1,1, 1,1) without bias
          |      (4): nn.SpatialBatchNormalization (4D) (16)
          |    }
           `-> (2): nn.Identity
           ... -> output
      }
      (2): nn.CAddTable
    }
    (11): nn.Sequential {
      [input -> (1) -> (2) -> output]
      (1): nn.ConcatTable {
        input
          |`-> (1): nn.Sequential {
          |      [input -> (1) -> (2) -> (3) -> (4) -> output]
          |      (1): cudnn.SpatialConvolution(16 -> 16, 3x3, 1,1, 1,1) without bias
          |      (2): nn.Sequential {
          |        [input -> (1) -> (2) -> output]
          |        (1): nn.SpatialBatchNormalization (4D) (16)
          |        (2): nn.ReLU
          |      }
          |      (3): cudnn.SpatialConvolution(16 -> 16, 3x3, 1,1, 1,1) without bias
          |      (4): nn.SpatialBatchNormalization (4D) (16)
          |    }
           `-> (2): nn.Identity
           ... -> output
      }
      (2): nn.CAddTable
    }
    (12): nn.Sequential {
      [input -> (1) -> (2) -> output]
      (1): nn.ConcatTable {
        input
          |`-> (1): nn.Sequential {
          |      [input -> (1) -> (2) -> (3) -> (4) -> output]
          |      (1): cudnn.SpatialConvolution(16 -> 16, 3x3, 1,1, 1,1) without bias
          |      (2): nn.Sequential {
          |        [input -> (1) -> (2) -> output]
          |        (1): nn.SpatialBatchNormalization (4D) (16)
          |        (2): nn.ReLU
          |      }
          |      (3): cudnn.SpatialConvolution(16 -> 16, 3x3, 1,1, 1,1) without bias
          |      (4): nn.SpatialBatchNormalization (4D) (16)
          |    }
           `-> (2): nn.Identity
           ... -> output
      }
      (2): nn.CAddTable
    }
    (13): nn.Sequential {
      [input -> (1) -> (2) -> output]
      (1): nn.ConcatTable {
        input
          |`-> (1): nn.Sequential {
          |      [input -> (1) -> (2) -> (3) -> (4) -> output]
          |      (1): cudnn.SpatialConvolution(16 -> 16, 3x3, 1,1, 1,1) without bias
          |      (2): nn.Sequential {
          |        [input -> (1) -> (2) -> output]
          |        (1): nn.SpatialBatchNormalization (4D) (16)
          |        (2): nn.ReLU
          |      }
          |      (3): cudnn.SpatialConvolution(16 -> 16, 3x3, 1,1, 1,1) without bias
          |      (4): nn.SpatialBatchNormalization (4D) (16)
          |    }
           `-> (2): nn.Identity
           ... -> output
      }
      (2): nn.CAddTable
    }
    (14): nn.Sequential {
      [input -> (1) -> (2) -> output]
      (1): nn.ConcatTable {
        input
          |`-> (1): nn.Sequential {
          |      [input -> (1) -> (2) -> (3) -> (4) -> output]
          |      (1): cudnn.SpatialConvolution(16 -> 16, 3x3, 1,1, 1,1) without bias
          |      (2): nn.Sequential {
          |        [input -> (1) -> (2) -> output]
          |        (1): nn.SpatialBatchNormalization (4D) (16)
          |        (2): nn.ReLU
          |      }
          |      (3): cudnn.SpatialConvolution(16 -> 16, 3x3, 1,1, 1,1) without bias
          |      (4): nn.SpatialBatchNormalization (4D) (16)
          |    }
           `-> (2): nn.Identity
           ... -> output
      }
      (2): nn.CAddTable
    }
    (15): nn.Sequential {
      [input -> (1) -> (2) -> output]
      (1): nn.ConcatTable {
        input
          |`-> (1): nn.Sequential {
          |      [input -> (1) -> (2) -> (3) -> (4) -> output]
          |      (1): cudnn.SpatialConvolution(16 -> 16, 3x3, 1,1, 1,1) without bias
          |      (2): nn.Sequential {
          |        [input -> (1) -> (2) -> output]
          |        (1): nn.SpatialBatchNormalization (4D) (16)
          |        (2): nn.ReLU
          |      }
          |      (3): cudnn.SpatialConvolution(16 -> 16, 3x3, 1,1, 1,1) without bias
          |      (4): nn.SpatialBatchNormalization (4D) (16)
          |    }
           `-> (2): nn.Identity
           ... -> output
      }
      (2): nn.CAddTable
    }
    (16): nn.Sequential {
      [input -> (1) -> (2) -> output]
      (1): nn.ConcatTable {
        input
          |`-> (1): nn.Sequential {
          |      [input -> (1) -> (2) -> (3) -> (4) -> output]
          |      (1): cudnn.SpatialConvolution(16 -> 16, 3x3, 1,1, 1,1) without bias
          |      (2): nn.Sequential {
          |        [input -> (1) -> (2) -> output]
          |        (1): nn.SpatialBatchNormalization (4D) (16)
          |        (2): nn.ReLU
          |      }
          |      (3): cudnn.SpatialConvolution(16 -> 16, 3x3, 1,1, 1,1) without bias
          |      (4): nn.SpatialBatchNormalization (4D) (16)
          |    }
           `-> (2): nn.Identity
           ... -> output
      }
      (2): nn.CAddTable
    }
    (17): nn.Sequential {
      [input -> (1) -> (2) -> output]
      (1): nn.ConcatTable {
        input
          |`-> (1): nn.Sequential {
          |      [input -> (1) -> (2) -> (3) -> (4) -> output]
          |      (1): cudnn.SpatialConvolution(16 -> 16, 3x3, 1,1, 1,1) without bias
          |      (2): nn.Sequential {
          |        [input -> (1) -> (2) -> output]
          |        (1): nn.SpatialBatchNormalization (4D) (16)
          |        (2): nn.ReLU
          |      }
          |      (3): cudnn.SpatialConvolution(16 -> 16, 3x3, 1,1, 1,1) without bias
          |      (4): nn.SpatialBatchNormalization (4D) (16)
          |    }
           `-> (2): nn.Identity
           ... -> output
      }
      (2): nn.CAddTable
    }
    (18): nn.Sequential {
      [input -> (1) -> (2) -> output]
      (1): nn.ConcatTable {
        input
          |`-> (1): nn.Sequential {
          |      [input -> (1) -> (2) -> (3) -> (4) -> output]
          |      (1): cudnn.SpatialConvolution(16 -> 16, 3x3, 1,1, 1,1) without bias
          |      (2): nn.Sequential {
          |        [input -> (1) -> (2) -> output]
          |        (1): nn.SpatialBatchNormalization (4D) (16)
          |        (2): nn.ReLU
          |      }
          |      (3): cudnn.SpatialConvolution(16 -> 16, 3x3, 1,1, 1,1) without bias
          |      (4): nn.SpatialBatchNormalization (4D) (16)
          |    }
           `-> (2): nn.Identity
           ... -> output
      }
      (2): nn.CAddTable
    }
  }
  (4): nn.Sequential {
    [input -> (1) -> (2) -> (3) -> (4) -> (5) -> (6) -> (7) -> (8) -> (9) -> (10) -> (11) -> (12) -> (13) -> (14) -> (15) -> (16) -> (17) -> (18) -> output]
    (1): nn.Sequential {
      [input -> (1) -> (2) -> output]
      (1): nn.ConcatTable {
        input
          |`-> (1): nn.Sequential {
          |      [input -> (1) -> (2) -> (3) -> (4) -> output]
          |      (1): cudnn.SpatialConvolution(16 -> 32, 3x3, 2,2, 1,1) without bias
          |      (2): nn.Sequential {
          |        [input -> (1) -> (2) -> output]
          |        (1): nn.SpatialBatchNormalization (4D) (32)
          |        (2): nn.ReLU
          |      }
          |      (3): cudnn.SpatialConvolution(32 -> 32, 3x3, 1,1, 1,1) without bias
          |      (4): nn.SpatialBatchNormalization (4D) (32)
          |    }
           `-> (2): nn.Sequential {
                 [input -> (1) -> (2) -> output]
                 (1): nn.SpatialAveragePooling(1x1, 2,2)
                 (2): nn.Concat {
                   input
                     |`-> (1): nn.Identity
                      `-> (2): nn.MulConstant
                      ... -> output
                 }
               }
           ... -> output
      }
      (2): nn.CAddTable
    }
    (2): nn.Sequential {
      [input -> (1) -> (2) -> output]
      (1): nn.ConcatTable {
        input
          |`-> (1): nn.Sequential {
          |      [input -> (1) -> (2) -> (3) -> (4) -> output]
          |      (1): cudnn.SpatialConvolution(32 -> 32, 3x3, 1,1, 1,1) without bias
          |      (2): nn.Sequential {
          |        [input -> (1) -> (2) -> output]
          |        (1): nn.SpatialBatchNormalization (4D) (32)
          |        (2): nn.ReLU
          |      }
          |      (3): cudnn.SpatialConvolution(32 -> 32, 3x3, 1,1, 1,1) without bias
          |      (4): nn.SpatialBatchNormalization (4D) (32)
          |    }
           `-> (2): nn.Identity
           ... -> output
      }
      (2): nn.CAddTable
    }
    (3): nn.Sequential {
      [input -> (1) -> (2) -> output]
      (1): nn.ConcatTable {
        input
          |`-> (1): nn.Sequential {
          |      [input -> (1) -> (2) -> (3) -> (4) -> output]
          |      (1): cudnn.SpatialConvolution(32 -> 32, 3x3, 1,1, 1,1) without bias
          |      (2): nn.Sequential {
          |        [input -> (1) -> (2) -> output]
          |        (1): nn.SpatialBatchNormalization (4D) (32)
          |        (2): nn.ReLU
          |      }
          |      (3): cudnn.SpatialConvolution(32 -> 32, 3x3, 1,1, 1,1) without bias
          |      (4): nn.SpatialBatchNormalization (4D) (32)
          |    }
           `-> (2): nn.Identity
           ... -> output
      }
      (2): nn.CAddTable
    }
    (4): nn.Sequential {
      [input -> (1) -> (2) -> output]
      (1): nn.ConcatTable {
        input
          |`-> (1): nn.Sequential {
          |      [input -> (1) -> (2) -> (3) -> (4) -> output]
          |      (1): cudnn.SpatialConvolution(32 -> 32, 3x3, 1,1, 1,1) without bias
          |      (2): nn.Sequential {
          |        [input -> (1) -> (2) -> output]
          |        (1): nn.SpatialBatchNormalization (4D) (32)
          |        (2): nn.ReLU
          |      }
          |      (3): cudnn.SpatialConvolution(32 -> 32, 3x3, 1,1, 1,1) without bias
          |      (4): nn.SpatialBatchNormalization (4D) (32)
          |    }
           `-> (2): nn.Identity
           ... -> output
      }
      (2): nn.CAddTable
    }
    (5): nn.Sequential {
      [input -> (1) -> (2) -> output]
      (1): nn.ConcatTable {
        input
          |`-> (1): nn.Sequential {
          |      [input -> (1) -> (2) -> (3) -> (4) -> output]
          |      (1): cudnn.SpatialConvolution(32 -> 32, 3x3, 1,1, 1,1) without bias
          |      (2): nn.Sequential {
          |        [input -> (1) -> (2) -> output]
          |        (1): nn.SpatialBatchNormalization (4D) (32)
          |        (2): nn.ReLU
          |      }
          |      (3): cudnn.SpatialConvolution(32 -> 32, 3x3, 1,1, 1,1) without bias
          |      (4): nn.SpatialBatchNormalization (4D) (32)
          |    }
           `-> (2): nn.Identity
           ... -> output
      }
      (2): nn.CAddTable
    }
    (6): nn.Sequential {
      [input -> (1) -> (2) -> output]
      (1): nn.ConcatTable {
        input
          |`-> (1): nn.Sequential {
          |      [input -> (1) -> (2) -> (3) -> (4) -> output]
          |      (1): cudnn.SpatialConvolution(32 -> 32, 3x3, 1,1, 1,1) without bias
          |      (2): nn.Sequential {
          |        [input -> (1) -> (2) -> output]
          |        (1): nn.SpatialBatchNormalization (4D) (32)
          |        (2): nn.ReLU
          |      }
          |      (3): cudnn.SpatialConvolution(32 -> 32, 3x3, 1,1, 1,1) without bias
          |      (4): nn.SpatialBatchNormalization (4D) (32)
          |    }
           `-> (2): nn.Identity
           ... -> output
      }
      (2): nn.CAddTable
    }
    (7): nn.Sequential {
      [input -> (1) -> (2) -> output]
      (1): nn.ConcatTable {
        input
          |`-> (1): nn.Sequential {
          |      [input -> (1) -> (2) -> (3) -> (4) -> output]
          |      (1): cudnn.SpatialConvolution(32 -> 32, 3x3, 1,1, 1,1) without bias
          |      (2): nn.Sequential {
          |        [input -> (1) -> (2) -> output]
          |        (1): nn.SpatialBatchNormalization (4D) (32)
          |        (2): nn.ReLU
          |      }
          |      (3): cudnn.SpatialConvolution(32 -> 32, 3x3, 1,1, 1,1) without bias
          |      (4): nn.SpatialBatchNormalization (4D) (32)
          |    }
           `-> (2): nn.Identity
           ... -> output
      }
      (2): nn.CAddTable
    }
    (8): nn.Sequential {
      [input -> (1) -> (2) -> output]
      (1): nn.ConcatTable {
        input
          |`-> (1): nn.Sequential {
          |      [input -> (1) -> (2) -> (3) -> (4) -> output]
          |      (1): cudnn.SpatialConvolution(32 -> 32, 3x3, 1,1, 1,1) without bias
          |      (2): nn.Sequential {
          |        [input -> (1) -> (2) -> output]
          |        (1): nn.SpatialBatchNormalization (4D) (32)
          |        (2): nn.ReLU
          |      }
          |      (3): cudnn.SpatialConvolution(32 -> 32, 3x3, 1,1, 1,1) without bias
          |      (4): nn.SpatialBatchNormalization (4D) (32)
          |    }
           `-> (2): nn.Identity
           ... -> output
      }
      (2): nn.CAddTable
    }
    (9): nn.Sequential {
      [input -> (1) -> (2) -> output]
      (1): nn.ConcatTable {
        input
          |`-> (1): nn.Sequential {
          |      [input -> (1) -> (2) -> (3) -> (4) -> output]
          |      (1): cudnn.SpatialConvolution(32 -> 32, 3x3, 1,1, 1,1) without bias
          |      (2): nn.Sequential {
          |        [input -> (1) -> (2) -> output]
          |        (1): nn.SpatialBatchNormalization (4D) (32)
          |        (2): nn.ReLU
          |      }
          |      (3): cudnn.SpatialConvolution(32 -> 32, 3x3, 1,1, 1,1) without bias
          |      (4): nn.SpatialBatchNormalization (4D) (32)
          |    }
           `-> (2): nn.Identity
           ... -> output
      }
      (2): nn.CAddTable
    }
    (10): nn.Sequential {
      [input -> (1) -> (2) -> output]
      (1): nn.ConcatTable {
        input
          |`-> (1): nn.Sequential {
          |      [input -> (1) -> (2) -> (3) -> (4) -> output]
          |      (1): cudnn.SpatialConvolution(32 -> 32, 3x3, 1,1, 1,1) without bias
          |      (2): nn.Sequential {
          |        [input -> (1) -> (2) -> output]
          |        (1): nn.SpatialBatchNormalization (4D) (32)
          |        (2): nn.ReLU
          |      }
          |      (3): cudnn.SpatialConvolution(32 -> 32, 3x3, 1,1, 1,1) without bias
          |      (4): nn.SpatialBatchNormalization (4D) (32)
          |    }
           `-> (2): nn.Identity
           ... -> output
      }
      (2): nn.CAddTable
    }
    (11): nn.Sequential {
      [input -> (1) -> (2) -> output]
      (1): nn.ConcatTable {
        input
          |`-> (1): nn.Sequential {
          |      [input -> (1) -> (2) -> (3) -> (4) -> output]
          |      (1): cudnn.SpatialConvolution(32 -> 32, 3x3, 1,1, 1,1) without bias
          |      (2): nn.Sequential {
          |        [input -> (1) -> (2) -> output]
          |        (1): nn.SpatialBatchNormalization (4D) (32)
          |        (2): nn.ReLU
          |      }
          |      (3): cudnn.SpatialConvolution(32 -> 32, 3x3, 1,1, 1,1) without bias
          |      (4): nn.SpatialBatchNormalization (4D) (32)
          |    }
           `-> (2): nn.Identity
           ... -> output
      }
      (2): nn.CAddTable
    }
    (12): nn.Sequential {
      [input -> (1) -> (2) -> output]
      (1): nn.ConcatTable {
        input
          |`-> (1): nn.Sequential {
          |      [input -> (1) -> (2) -> (3) -> (4) -> output]
          |      (1): cudnn.SpatialConvolution(32 -> 32, 3x3, 1,1, 1,1) without bias
          |      (2): nn.Sequential {
          |        [input -> (1) -> (2) -> output]
          |        (1): nn.SpatialBatchNormalization (4D) (32)
          |        (2): nn.ReLU
          |      }
          |      (3): cudnn.SpatialConvolution(32 -> 32, 3x3, 1,1, 1,1) without bias
          |      (4): nn.SpatialBatchNormalization (4D) (32)
          |    }
           `-> (2): nn.Identity
           ... -> output
      }
      (2): nn.CAddTable
    }
    (13): nn.Sequential {
      [input -> (1) -> (2) -> output]
      (1): nn.ConcatTable {
        input
          |`-> (1): nn.Sequential {
          |      [input -> (1) -> (2) -> (3) -> (4) -> output]
          |      (1): cudnn.SpatialConvolution(32 -> 32, 3x3, 1,1, 1,1) without bias
          |      (2): nn.Sequential {
          |        [input -> (1) -> (2) -> output]
          |        (1): nn.SpatialBatchNormalization (4D) (32)
          |        (2): nn.ReLU
          |      }
          |      (3): cudnn.SpatialConvolution(32 -> 32, 3x3, 1,1, 1,1) without bias
          |      (4): nn.SpatialBatchNormalization (4D) (32)
          |    }
           `-> (2): nn.Identity
           ... -> output
      }
      (2): nn.CAddTable
    }
    (14): nn.Sequential {
      [input -> (1) -> (2) -> output]
      (1): nn.ConcatTable {
        input
          |`-> (1): nn.Sequential {
          |      [input -> (1) -> (2) -> (3) -> (4) -> output]
          |      (1): cudnn.SpatialConvolution(32 -> 32, 3x3, 1,1, 1,1) without bias
          |      (2): nn.Sequential {
          |        [input -> (1) -> (2) -> output]
          |        (1): nn.SpatialBatchNormalization (4D) (32)
          |        (2): nn.ReLU
          |      }
          |      (3): cudnn.SpatialConvolution(32 -> 32, 3x3, 1,1, 1,1) without bias
          |      (4): nn.SpatialBatchNormalization (4D) (32)
          |    }
           `-> (2): nn.Identity
           ... -> output
      }
      (2): nn.CAddTable
    }
    (15): nn.Sequential {
      [input -> (1) -> (2) -> output]
      (1): nn.ConcatTable {
        input
          |`-> (1): nn.Sequential {
          |      [input -> (1) -> (2) -> (3) -> (4) -> output]
          |      (1): cudnn.SpatialConvolution(32 -> 32, 3x3, 1,1, 1,1) without bias
          |      (2): nn.Sequential {
          |        [input -> (1) -> (2) -> output]
          |        (1): nn.SpatialBatchNormalization (4D) (32)
          |        (2): nn.ReLU
          |      }
          |      (3): cudnn.SpatialConvolution(32 -> 32, 3x3, 1,1, 1,1) without bias
          |      (4): nn.SpatialBatchNormalization (4D) (32)
          |    }
           `-> (2): nn.Identity
           ... -> output
      }
      (2): nn.CAddTable
    }
    (16): nn.Sequential {
      [input -> (1) -> (2) -> output]
      (1): nn.ConcatTable {
        input
          |`-> (1): nn.Sequential {
          |      [input -> (1) -> (2) -> (3) -> (4) -> output]
          |      (1): cudnn.SpatialConvolution(32 -> 32, 3x3, 1,1, 1,1) without bias
          |      (2): nn.Sequential {
          |        [input -> (1) -> (2) -> output]
          |        (1): nn.SpatialBatchNormalization (4D) (32)
          |        (2): nn.ReLU
          |      }
          |      (3): cudnn.SpatialConvolution(32 -> 32, 3x3, 1,1, 1,1) without bias
          |      (4): nn.SpatialBatchNormalization (4D) (32)
          |    }
           `-> (2): nn.Identity
           ... -> output
      }
      (2): nn.CAddTable
    }
    (17): nn.Sequential {
      [input -> (1) -> (2) -> output]
      (1): nn.ConcatTable {
        input
          |`-> (1): nn.Sequential {
          |      [input -> (1) -> (2) -> (3) -> (4) -> output]
          |      (1): cudnn.SpatialConvolution(32 -> 32, 3x3, 1,1, 1,1) without bias
          |      (2): nn.Sequential {
          |        [input -> (1) -> (2) -> output]
          |        (1): nn.SpatialBatchNormalization (4D) (32)
          |        (2): nn.ReLU
          |      }
          |      (3): cudnn.SpatialConvolution(32 -> 32, 3x3, 1,1, 1,1) without bias
          |      (4): nn.SpatialBatchNormalization (4D) (32)
          |    }
           `-> (2): nn.Identity
           ... -> output
      }
      (2): nn.CAddTable
    }
    (18): nn.Sequential {
      [input -> (1) -> (2) -> output]
      (1): nn.ConcatTable {
        input
          |`-> (1): nn.Sequential {
          |      [input -> (1) -> (2) -> (3) -> (4) -> output]
          |      (1): cudnn.SpatialConvolution(32 -> 32, 3x3, 1,1, 1,1) without bias
          |      (2): nn.Sequential {
          |        [input -> (1) -> (2) -> output]
          |        (1): nn.SpatialBatchNormalization (4D) (32)
          |        (2): nn.ReLU
          |      }
          |      (3): cudnn.SpatialConvolution(32 -> 32, 3x3, 1,1, 1,1) without bias
          |      (4): nn.SpatialBatchNormalization (4D) (32)
          |    }
           `-> (2): nn.Identity
           ... -> output
      }
      (2): nn.CAddTable
    }
  }
  (5): nn.Sequential {
    [input -> (1) -> (2) -> (3) -> (4) -> (5) -> (6) -> (7) -> (8) -> (9) -> (10) -> (11) -> (12) -> (13) -> (14) -> (15) -> (16) -> (17) -> (18) -> output]
    (1): nn.Sequential {
      [input -> (1) -> (2) -> output]
      (1): nn.ConcatTable {
        input
          |`-> (1): nn.Sequential {
          |      [input -> (1) -> (2) -> (3) -> (4) -> output]
          |      (1): cudnn.SpatialConvolution(32 -> 64, 3x3, 2,2, 1,1) without bias
          |      (2): nn.Sequential {
          |        [input -> (1) -> (2) -> output]
          |        (1): nn.SpatialBatchNormalization (4D) (64)
          |        (2): nn.ReLU
          |      }
          |      (3): cudnn.SpatialConvolution(64 -> 64, 3x3, 1,1, 1,1) without bias
          |      (4): nn.SpatialBatchNormalization (4D) (64)
          |    }
           `-> (2): nn.Sequential {
                 [input -> (1) -> (2) -> output]
                 (1): nn.SpatialAveragePooling(1x1, 2,2)
                 (2): nn.Concat {
                   input
                     |`-> (1): nn.Identity
                      `-> (2): nn.MulConstant
                      ... -> output
                 }
               }
           ... -> output
      }
      (2): nn.CAddTable
    }
    (2): nn.Sequential {
      [input -> (1) -> (2) -> output]
      (1): nn.ConcatTable {
        input
          |`-> (1): nn.Sequential {
          |      [input -> (1) -> (2) -> (3) -> (4) -> output]
          |      (1): cudnn.SpatialConvolution(64 -> 64, 3x3, 1,1, 1,1) without bias
          |      (2): nn.Sequential {
          |        [input -> (1) -> (2) -> output]
          |        (1): nn.SpatialBatchNormalization (4D) (64)
          |        (2): nn.ReLU
          |      }
          |      (3): cudnn.SpatialConvolution(64 -> 64, 3x3, 1,1, 1,1) without bias
          |      (4): nn.SpatialBatchNormalization (4D) (64)
          |    }
           `-> (2): nn.Identity
           ... -> output
      }
      (2): nn.CAddTable
    }
    (3): nn.Sequential {
      [input -> (1) -> (2) -> output]
      (1): nn.ConcatTable {
        input
          |`-> (1): nn.Sequential {
          |      [input -> (1) -> (2) -> (3) -> (4) -> output]
          |      (1): cudnn.SpatialConvolution(64 -> 64, 3x3, 1,1, 1,1) without bias
          |      (2): nn.Sequential {
          |        [input -> (1) -> (2) -> output]
          |        (1): nn.SpatialBatchNormalization (4D) (64)
          |        (2): nn.ReLU
          |      }
          |      (3): cudnn.SpatialConvolution(64 -> 64, 3x3, 1,1, 1,1) without bias
          |      (4): nn.SpatialBatchNormalization (4D) (64)
          |    }
           `-> (2): nn.Identity
           ... -> output
      }
      (2): nn.CAddTable
    }
    (4): nn.Sequential {
      [input -> (1) -> (2) -> output]
      (1): nn.ConcatTable {
        input
          |`-> (1): nn.Sequential {
          |      [input -> (1) -> (2) -> (3) -> (4) -> output]
          |      (1): cudnn.SpatialConvolution(64 -> 64, 3x3, 1,1, 1,1) without bias
          |      (2): nn.Sequential {
          |        [input -> (1) -> (2) -> output]
          |        (1): nn.SpatialBatchNormalization (4D) (64)
          |        (2): nn.ReLU
          |      }
          |      (3): cudnn.SpatialConvolution(64 -> 64, 3x3, 1,1, 1,1) without bias
          |      (4): nn.SpatialBatchNormalization (4D) (64)
          |    }
           `-> (2): nn.Identity
           ... -> output
      }
      (2): nn.CAddTable
    }
    (5): nn.Sequential {
      [input -> (1) -> (2) -> output]
      (1): nn.ConcatTable {
        input
          |`-> (1): nn.Sequential {
          |      [input -> (1) -> (2) -> (3) -> (4) -> output]
          |      (1): cudnn.SpatialConvolution(64 -> 64, 3x3, 1,1, 1,1) without bias
          |      (2): nn.Sequential {
          |        [input -> (1) -> (2) -> output]
          |        (1): nn.SpatialBatchNormalization (4D) (64)
          |        (2): nn.ReLU
          |      }
          |      (3): cudnn.SpatialConvolution(64 -> 64, 3x3, 1,1, 1,1) without bias
          |      (4): nn.SpatialBatchNormalization (4D) (64)
          |    }
           `-> (2): nn.Identity
           ... -> output
      }
      (2): nn.CAddTable
    }
    (6): nn.Sequential {
      [input -> (1) -> (2) -> output]
      (1): nn.ConcatTable {
        input
          |`-> (1): nn.Sequential {
          |      [input -> (1) -> (2) -> (3) -> (4) -> output]
          |      (1): cudnn.SpatialConvolution(64 -> 64, 3x3, 1,1, 1,1) without bias
          |      (2): nn.Sequential {
          |        [input -> (1) -> (2) -> output]
          |        (1): nn.SpatialBatchNormalization (4D) (64)
          |        (2): nn.ReLU
          |      }
          |      (3): cudnn.SpatialConvolution(64 -> 64, 3x3, 1,1, 1,1) without bias
          |      (4): nn.SpatialBatchNormalization (4D) (64)
          |    }
           `-> (2): nn.Identity
           ... -> output
      }
      (2): nn.CAddTable
    }
    (7): nn.Sequential {
      [input -> (1) -> (2) -> output]
      (1): nn.ConcatTable {
        input
          |`-> (1): nn.Sequential {
          |      [input -> (1) -> (2) -> (3) -> (4) -> output]
          |      (1): cudnn.SpatialConvolution(64 -> 64, 3x3, 1,1, 1,1) without bias
          |      (2): nn.Sequential {
          |        [input -> (1) -> (2) -> output]
          |        (1): nn.SpatialBatchNormalization (4D) (64)
          |        (2): nn.ReLU
          |      }
          |      (3): cudnn.SpatialConvolution(64 -> 64, 3x3, 1,1, 1,1) without bias
          |      (4): nn.SpatialBatchNormalization (4D) (64)
          |    }
           `-> (2): nn.Identity
           ... -> output
      }
      (2): nn.CAddTable
    }
    (8): nn.Sequential {
      [input -> (1) -> (2) -> output]
      (1): nn.ConcatTable {
        input
          |`-> (1): nn.Sequential {
          |      [input -> (1) -> (2) -> (3) -> (4) -> output]
          |      (1): cudnn.SpatialConvolution(64 -> 64, 3x3, 1,1, 1,1) without bias
          |      (2): nn.Sequential {
          |        [input -> (1) -> (2) -> output]
          |        (1): nn.SpatialBatchNormalization (4D) (64)
          |        (2): nn.ReLU
          |      }
          |      (3): cudnn.SpatialConvolution(64 -> 64, 3x3, 1,1, 1,1) without bias
          |      (4): nn.SpatialBatchNormalization (4D) (64)
          |    }
           `-> (2): nn.Identity
           ... -> output
      }
      (2): nn.CAddTable
    }
    (9): nn.Sequential {
      [input -> (1) -> (2) -> output]
      (1): nn.ConcatTable {
        input
          |`-> (1): nn.Sequential {
          |      [input -> (1) -> (2) -> (3) -> (4) -> output]
          |      (1): cudnn.SpatialConvolution(64 -> 64, 3x3, 1,1, 1,1) without bias
          |      (2): nn.Sequential {
          |        [input -> (1) -> (2) -> output]
          |        (1): nn.SpatialBatchNormalization (4D) (64)
          |        (2): nn.ReLU
          |      }
          |      (3): cudnn.SpatialConvolution(64 -> 64, 3x3, 1,1, 1,1) without bias
          |      (4): nn.SpatialBatchNormalization (4D) (64)
          |    }
           `-> (2): nn.Identity
           ... -> output
      }
      (2): nn.CAddTable
    }
    (10): nn.Sequential {
      [input -> (1) -> (2) -> output]
      (1): nn.ConcatTable {
        input
          |`-> (1): nn.Sequential {
          |      [input -> (1) -> (2) -> (3) -> (4) -> output]
          |      (1): cudnn.SpatialConvolution(64 -> 64, 3x3, 1,1, 1,1) without bias
          |      (2): nn.Sequential {
          |        [input -> (1) -> (2) -> output]
          |        (1): nn.SpatialBatchNormalization (4D) (64)
          |        (2): nn.ReLU
          |      }
          |      (3): cudnn.SpatialConvolution(64 -> 64, 3x3, 1,1, 1,1) without bias
          |      (4): nn.SpatialBatchNormalization (4D) (64)
          |    }
           `-> (2): nn.Identity
           ... -> output
      }
      (2): nn.CAddTable
    }
    (11): nn.Sequential {
      [input -> (1) -> (2) -> output]
      (1): nn.ConcatTable {
        input
          |`-> (1): nn.Sequential {
          |      [input -> (1) -> (2) -> (3) -> (4) -> output]
          |      (1): cudnn.SpatialConvolution(64 -> 64, 3x3, 1,1, 1,1) without bias
          |      (2): nn.Sequential {
          |        [input -> (1) -> (2) -> output]
          |        (1): nn.SpatialBatchNormalization (4D) (64)
          |        (2): nn.ReLU
          |      }
          |      (3): cudnn.SpatialConvolution(64 -> 64, 3x3, 1,1, 1,1) without bias
          |      (4): nn.SpatialBatchNormalization (4D) (64)
          |    }
           `-> (2): nn.Identity
           ... -> output
      }
      (2): nn.CAddTable
    }
    (12): nn.Sequential {
      [input -> (1) -> (2) -> output]
      (1): nn.ConcatTable {
        input
          |`-> (1): nn.Sequential {
          |      [input -> (1) -> (2) -> (3) -> (4) -> output]
          |      (1): cudnn.SpatialConvolution(64 -> 64, 3x3, 1,1, 1,1) without bias
          |      (2): nn.Sequential {
          |        [input -> (1) -> (2) -> output]
          |        (1): nn.SpatialBatchNormalization (4D) (64)
          |        (2): nn.ReLU
          |      }
          |      (3): cudnn.SpatialConvolution(64 -> 64, 3x3, 1,1, 1,1) without bias
          |      (4): nn.SpatialBatchNormalization (4D) (64)
          |    }
           `-> (2): nn.Identity
           ... -> output
      }
      (2): nn.CAddTable
    }
    (13): nn.Sequential {
      [input -> (1) -> (2) -> output]
      (1): nn.ConcatTable {
        input
          |`-> (1): nn.Sequential {
          |      [input -> (1) -> (2) -> (3) -> (4) -> output]
          |      (1): cudnn.SpatialConvolution(64 -> 64, 3x3, 1,1, 1,1) without bias
          |      (2): nn.Sequential {
          |        [input -> (1) -> (2) -> output]
          |        (1): nn.SpatialBatchNormalization (4D) (64)
          |        (2): nn.ReLU
          |      }
          |      (3): cudnn.SpatialConvolution(64 -> 64, 3x3, 1,1, 1,1) without bias
          |      (4): nn.SpatialBatchNormalization (4D) (64)
          |    }
           `-> (2): nn.Identity
           ... -> output
      }
      (2): nn.CAddTable
    }
    (14): nn.Sequential {
      [input -> (1) -> (2) -> output]
      (1): nn.ConcatTable {
        input
          |`-> (1): nn.Sequential {
          |      [input -> (1) -> (2) -> (3) -> (4) -> output]
          |      (1): cudnn.SpatialConvolution(64 -> 64, 3x3, 1,1, 1,1) without bias
          |      (2): nn.Sequential {
          |        [input -> (1) -> (2) -> output]
          |        (1): nn.SpatialBatchNormalization (4D) (64)
          |        (2): nn.ReLU
          |      }
          |      (3): cudnn.SpatialConvolution(64 -> 64, 3x3, 1,1, 1,1) without bias
          |      (4): nn.SpatialBatchNormalization (4D) (64)
          |    }
           `-> (2): nn.Identity
           ... -> output
      }
      (2): nn.CAddTable
    }
    (15): nn.Sequential {
      [input -> (1) -> (2) -> output]
      (1): nn.ConcatTable {
        input
          |`-> (1): nn.Sequential {
          |      [input -> (1) -> (2) -> (3) -> (4) -> output]
          |      (1): cudnn.SpatialConvolution(64 -> 64, 3x3, 1,1, 1,1) without bias
          |      (2): nn.Sequential {
          |        [input -> (1) -> (2) -> output]
          |        (1): nn.SpatialBatchNormalization (4D) (64)
          |        (2): nn.ReLU
          |      }
          |      (3): cudnn.SpatialConvolution(64 -> 64, 3x3, 1,1, 1,1) without bias
          |      (4): nn.SpatialBatchNormalization (4D) (64)
          |    }
           `-> (2): nn.Identity
           ... -> output
      }
      (2): nn.CAddTable
    }
    (16): nn.Sequential {
      [input -> (1) -> (2) -> output]
      (1): nn.ConcatTable {
        input
          |`-> (1): nn.Sequential {
          |      [input -> (1) -> (2) -> (3) -> (4) -> output]
          |      (1): cudnn.SpatialConvolution(64 -> 64, 3x3, 1,1, 1,1) without bias
          |      (2): nn.Sequential {
          |        [input -> (1) -> (2) -> output]
          |        (1): nn.SpatialBatchNormalization (4D) (64)
          |        (2): nn.ReLU
          |      }
          |      (3): cudnn.SpatialConvolution(64 -> 64, 3x3, 1,1, 1,1) without bias
          |      (4): nn.SpatialBatchNormalization (4D) (64)
          |    }
           `-> (2): nn.Identity
           ... -> output
      }
      (2): nn.CAddTable
    }
    (17): nn.Sequential {
      [input -> (1) -> (2) -> output]
      (1): nn.ConcatTable {
        input
          |`-> (1): nn.Sequential {
          |      [input -> (1) -> (2) -> (3) -> (4) -> output]
          |      (1): cudnn.SpatialConvolution(64 -> 64, 3x3, 1,1, 1,1) without bias
          |      (2): nn.Sequential {
          |        [input -> (1) -> (2) -> output]
          |        (1): nn.SpatialBatchNormalization (4D) (64)
          |        (2): nn.ReLU
          |      }
          |      (3): cudnn.SpatialConvolution(64 -> 64, 3x3, 1,1, 1,1) without bias
          |      (4): nn.SpatialBatchNormalization (4D) (64)
          |    }
           `-> (2): nn.Identity
           ... -> output
      }
      (2): nn.CAddTable
    }
    (18): nn.Sequential {
      [input -> (1) -> (2) -> output]
      (1): nn.ConcatTable {
        input
          |`-> (1): nn.Sequential {
          |      [input -> (1) -> (2) -> (3) -> (4) -> output]
          |      (1): cudnn.SpatialConvolution(64 -> 64, 3x3, 1,1, 1,1) without bias
          |      (2): nn.Sequential {
          |        [input -> (1) -> (2) -> output]
          |        (1): nn.SpatialBatchNormalization (4D) (64)
          |        (2): nn.ReLU
          |      }
          |      (3): cudnn.SpatialConvolution(64 -> 64, 3x3, 1,1, 1,1) without bias
          |      (4): nn.SpatialBatchNormalization (4D) (64)
          |    }
           `-> (2): nn.Identity
           ... -> output
      }
      (2): nn.CAddTable
    }
  }
  (6): nn.Sequential {
    [input -> (1) -> (2) -> output]
    (1): nn.SpatialBatchNormalization (4D) (64)
    (2): nn.ReLU
  }
  (7): cudnn.SpatialAveragePooling(8x8, 1,1)
  (8): nn.View(64)
  (9): nn.Linear(64 -> 100)
}
=> Training epoch # 1	
 * Finished epoch # 1     top1:  89.570  top5:  69.102
	
 * Best model 	89.5703125	69.1015625	
=> Training epoch # 2	
 * Finished epoch # 2     top1:  86.221  top5:  59.531
	
 * Best model 	86.220703125	59.53125	
=> Training epoch # 3	
 * Finished epoch # 3     top1:  76.943  top5:  45.527
	
 * Best model 	76.943359375	45.52734375	
=> Training epoch # 4	
 * Finished epoch # 4     top1:  73.320  top5:  39.932
	
 * Best model 	73.3203125	39.931640625	
=> Training epoch # 5	
 * Finished epoch # 5     top1:  72.832  top5:  40.703
	
 * Best model 	72.83203125	40.703125	
=> Training epoch # 6	
 * Finished epoch # 6     top1:  63.799  top5:  28.916
	
 * Best model 	63.798828125	28.916015625	
=> Training epoch # 7	
 * Finished epoch # 7     top1:  64.629  top5:  31.709
	
=> Training epoch # 8	
 * Finished epoch # 8     top1:  62.695  top5:  28.711
	
 * Best model 	62.6953125	28.7109375	
=> Training epoch # 9	
 * Finished epoch # 9     top1:  58.350  top5:  24.795
	
 * Best model 	58.349609375	24.794921875	
=> Training epoch # 10	
 * Finished epoch # 10     top1:  55.625  top5:  23.193
	
 * Best model 	55.625	23.193359375	
=> Training epoch # 11	
 * Finished epoch # 11     top1:  55.928  top5:  22.949
	
=> Training epoch # 12	
 * Finished epoch # 12     top1:  59.004  top5:  26.270
	
=> Training epoch # 13	
 * Finished epoch # 13     top1:  55.771  top5:  22.158
	
=> Training epoch # 14	
 * Finished epoch # 14     top1:  58.164  top5:  28.359
	
=> Training epoch # 15	
 * Finished epoch # 15     top1:  51.357  top5:  19.756
	
 * Best model 	51.357421875	19.755859375	
=> Training epoch # 16	
 * Finished epoch # 16     top1:  57.676  top5:  24.805
	
=> Training epoch # 17	
 * Finished epoch # 17     top1:  55.488  top5:  24.561
	
=> Training epoch # 18	
 * Finished epoch # 18     top1:  53.369  top5:  21.982
	
=> Training epoch # 19	
 * Finished epoch # 19     top1:  53.291  top5:  21.348
	
=> Training epoch # 20	
 * Finished epoch # 20     top1:  52.236  top5:  20.469
	
=> Training epoch # 21	
 * Finished epoch # 21     top1:  53.076  top5:  19.854
	
=> Training epoch # 22	
 * Finished epoch # 22     top1:  49.404  top5:  18.438
	
 * Best model 	49.404296875	18.4375	
=> Training epoch # 23	
 * Finished epoch # 23     top1:  57.969  top5:  28.799
	
=> Training epoch # 24	
 * Finished epoch # 24     top1:  53.721  top5:  22.578
	
=> Training epoch # 25	
 * Finished epoch # 25     top1:  50.166  top5:  19.004
	
=> Training epoch # 26	
 * Finished epoch # 26     top1:  51.738  top5:  20.127
	
=> Training epoch # 27	
 * Finished epoch # 27     top1:  50.117  top5:  19.697
	
=> Training epoch # 28	
 * Finished epoch # 28     top1:  57.383  top5:  25.078
	
=> Training epoch # 29	
 * Finished epoch # 29     top1:  46.738  top5:  17.275
	
 * Best model 	46.73828125	17.275390625	
=> Training epoch # 30	
 * Finished epoch # 30     top1:  53.047  top5:  23.066
	
=> Training epoch # 31	
 * Finished epoch # 31     top1:  50.830  top5:  20.986
	
=> Training epoch # 32	
 * Finished epoch # 32     top1:  52.383  top5:  20.430
	
=> Training epoch # 33	
 * Finished epoch # 33     top1:  49.170  top5:  19.092
	
=> Training epoch # 34	
 * Finished epoch # 34     top1:  48.438  top5:  19.375
	
=> Training epoch # 35	
 * Finished epoch # 35     top1:  52.002  top5:  20.898
	
=> Training epoch # 36	
 * Finished epoch # 36     top1:  49.814  top5:  19.834
	
=> Training epoch # 37	
 * Finished epoch # 37     top1:  47.930  top5:  17.646
	
=> Training epoch # 38	
 * Finished epoch # 38     top1:  54.199  top5:  24.912
	
=> Training epoch # 39	
 * Finished epoch # 39     top1:  53.799  top5:  20.605
	
=> Training epoch # 40	
 * Finished epoch # 40     top1:  44.688  top5:  15.752
	
 * Best model 	44.6875	15.751953125	
=> Training epoch # 41	
 * Finished epoch # 41     top1:  48.066  top5:  17.471
	
=> Training epoch # 42	
 * Finished epoch # 42     top1:  44.111  top5:  15.615
	
 * Best model 	44.111328125	15.615234375	
=> Training epoch # 43	
 * Finished epoch # 43     top1:  53.525  top5:  23.232
	
=> Training epoch # 44	
 * Finished epoch # 44     top1:  50.352  top5:  18.838
	
=> Training epoch # 45	
 * Finished epoch # 45     top1:  49.297  top5:  19.824
	
=> Training epoch # 46	
 * Finished epoch # 46     top1:  50.166  top5:  19.355
	
=> Training epoch # 47	
 * Finished epoch # 47     top1:  47.119  top5:  16.455
	
=> Training epoch # 48	
 * Finished epoch # 48     top1:  51.143  top5:  19.990
	
=> Training epoch # 49	
 * Finished epoch # 49     top1:  49.375  top5:  18.652
	
=> Training epoch # 50	
 * Finished epoch # 50     top1:  49.014  top5:  17.129
	
=> Training epoch # 51	
 * Finished epoch # 51     top1:  54.248  top5:  25.049
	
=> Training epoch # 52	
 * Finished epoch # 52     top1:  46.387  top5:  15.830
	
=> Training epoch # 53	
 * Finished epoch # 53     top1:  51.680  top5:  19.600
	
=> Training epoch # 54	
 * Finished epoch # 54     top1:  47.715  top5:  17.959
	
=> Training epoch # 55	
 * Finished epoch # 55     top1:  53.809  top5:  23.418
	
=> Training epoch # 56	
 * Finished epoch # 56     top1:  45.791  top5:  16.729
	
=> Training epoch # 57	
 * Finished epoch # 57     top1:  49.727  top5:  19.541
	
=> Training epoch # 58	
 * Finished epoch # 58     top1:  53.789  top5:  22.314
	
=> Training epoch # 59	
 * Finished epoch # 59     top1:  46.611  top5:  17.393
	
=> Training epoch # 60	
 * Finished epoch # 60     top1:  48.145  top5:  17.129
	
=> Training epoch # 61	
 * Finished epoch # 61     top1:  52.676  top5:  23.203
	
=> Training epoch # 62	
 * Finished epoch # 62     top1:  46.680  top5:  16.621
	
=> Training epoch # 63	
 * Finished epoch # 63     top1:  52.324  top5:  21.406
	
=> Training epoch # 64	
 * Finished epoch # 64     top1:  50.664  top5:  20.557
	
=> Training epoch # 65	
 * Finished epoch # 65     top1:  46.475  top5:  16.689
	
=> Training epoch # 66	
 * Finished epoch # 66     top1:  49.600  top5:  19.971
	
=> Training epoch # 67	
 * Finished epoch # 67     top1:  50.537  top5:  19.941
	
=> Training epoch # 68	
 * Finished epoch # 68     top1:  44.199  top5:  15.762
	
=> Training epoch # 69	
 * Finished epoch # 69     top1:  48.174  top5:  18.828
	
=> Training epoch # 70	
 * Finished epoch # 70     top1:  47.998  top5:  17.920
	
=> Training epoch # 71	
 * Finished epoch # 71     top1:  50.166  top5:  19.990
	
=> Training epoch # 72	
 * Finished epoch # 72     top1:  48.535  top5:  17.646
	
=> Training epoch # 73	
 * Finished epoch # 73     top1:  44.541  top5:  15.791
	
=> Training epoch # 74	
 * Finished epoch # 74     top1:  65.059  top5:  36.084
	
=> Training epoch # 75	
 * Finished epoch # 75     top1:  49.795  top5:  19.395
	
=> Training epoch # 76	
 * Finished epoch # 76     top1:  49.951  top5:  19.541
	
=> Training epoch # 77	
 * Finished epoch # 77     top1:  45.166  top5:  14.863
	
=> Training epoch # 78	
 * Finished epoch # 78     top1:  46.748  top5:  17.012
	
=> Training epoch # 79	
 * Finished epoch # 79     top1:  50.586  top5:  20.449
	
=> Training epoch # 80	
 * Finished epoch # 80     top1:  48.232  top5:  18.379
	
=> Training epoch # 81	
 * Finished epoch # 81     top1:  28.467  top5:   6.846
	
 * Best model 	28.466796875	6.845703125	
=> Training epoch # 82	
 * Finished epoch # 82     top1:  28.242  top5:   6.670
	
 * Best model 	28.2421875	6.669921875	
=> Training epoch # 83	
 * Finished epoch # 83     top1:  26.787  top5:   6.357
	
 * Best model 	26.787109375	6.357421875	
=> Training epoch # 84	
 * Finished epoch # 84     top1:  27.520  top5:   6.592
	
=> Training epoch # 85	
 * Finished epoch # 85     top1:  27.812  top5:   6.797
	
=> Training epoch # 86	
 * Finished epoch # 86     top1:  27.324  top5:   6.680
	
=> Training epoch # 87	
 * Finished epoch # 87     top1:  27.529  top5:   6.826
	
=> Training epoch # 88	
 * Finished epoch # 88     top1:  28.164  top5:   6.699
	
=> Training epoch # 89	
 * Finished epoch # 89     top1:  27.295  top5:   6.895
	
=> Training epoch # 90	
 * Finished epoch # 90     top1:  28.457  top5:   7.627
	
=> Training epoch # 91	
 * Finished epoch # 91     top1:  28.271  top5:   7.559
	
=> Training epoch # 92	
 * Finished epoch # 92     top1:  29.033  top5:   7.324
	
=> Training epoch # 93	
 * Finished epoch # 93     top1:  29.209  top5:   7.900
	
=> Training epoch # 94	
 * Finished epoch # 94     top1:  28.184  top5:   7.051
	
=> Training epoch # 95	
 * Finished epoch # 95     top1:  30.068  top5:   8.125
	
=> Training epoch # 96	
 * Finished epoch # 96     top1:  29.629  top5:   8.594
	
=> Training epoch # 97	
 * Finished epoch # 97     top1:  29.551  top5:   8.262
	
=> Training epoch # 98	
 * Finished epoch # 98     top1:  30.117  top5:   7.998
	
=> Training epoch # 99	
 * Finished epoch # 99     top1:  30.049  top5:   8.750
	
=> Training epoch # 100	
 * Finished epoch # 100     top1:  29.941  top5:   8.164
	
=> Training epoch # 101	
 * Finished epoch # 101     top1:  28.857  top5:   7.998
	
=> Training epoch # 102	
 * Finished epoch # 102     top1:  30.322  top5:   7.891
	
=> Training epoch # 103	
 * Finished epoch # 103     top1:  30.068  top5:   8.633
	
=> Training epoch # 104	
 * Finished epoch # 104     top1:  31.240  top5:   9.199
	
=> Training epoch # 105	
 * Finished epoch # 105     top1:  29.814  top5:   8.232
	
=> Training epoch # 106	
 * Finished epoch # 106     top1:  32.051  top5:   9.189
	
=> Training epoch # 107	
 * Finished epoch # 107     top1:  29.902  top5:   8.516
	
=> Training epoch # 108	
 * Finished epoch # 108     top1:  32.891  top5:   9.941
	
=> Training epoch # 109	
 * Finished epoch # 109     top1:  30.986  top5:   8.887
	
=> Training epoch # 110	
 * Finished epoch # 110     top1:  31.787  top5:   9.043
	
=> Training epoch # 111	
 * Finished epoch # 111     top1:  30.967  top5:   8.350
	
=> Training epoch # 112	
 * Finished epoch # 112     top1:  31.230  top5:   9.307
	
=> Training epoch # 113	
 * Finished epoch # 113     top1:  31.895  top5:   9.707
	
=> Training epoch # 114	
 * Finished epoch # 114     top1:  30.596  top5:   8.652
	
=> Training epoch # 115	
 * Finished epoch # 115     top1:  30.918  top5:   9.424
	
=> Training epoch # 116	
 * Finished epoch # 116     top1:  32.598  top5:   9.668
	
=> Training epoch # 117	
 * Finished epoch # 117     top1:  33.213  top5:  10.264
	
=> Training epoch # 118	
 * Finished epoch # 118     top1:  31.865  top5:   9.521
	
=> Training epoch # 119	
 * Finished epoch # 119     top1:  32.256  top5:   9.395
	
=> Training epoch # 120	
 * Finished epoch # 120     top1:  30.850  top5:   9.043
	
=> Training epoch # 121	
 * Finished epoch # 121     top1:  31.553  top5:   9.424
	
=> Training epoch # 122	
 * Finished epoch # 122     top1:  25.625  top5:   6.514
	
 * Best model 	25.625	6.513671875	
=> Training epoch # 123	
 * Finished epoch # 123     top1:  25.020  top5:   6.748
	
 * Best model 	25.01953125	6.748046875	
=> Training epoch # 124	
 * Finished epoch # 124     top1:  25.195  top5:   6.465
	
=> Training epoch # 125	
 * Finished epoch # 125     top1:  25.176  top5:   6.826
	
=> Training epoch # 126	
 * Finished epoch # 126     top1:  25.420  top5:   6.562
	
=> Training epoch # 127	
 * Finished epoch # 127     top1:  25.107  top5:   6.523
	
=> Training epoch # 128	
 * Finished epoch # 128     top1:  25.537  top5:   6.689
	
=> Training epoch # 129	
 * Finished epoch # 129     top1:  25.303  top5:   6.699
	
=> Training epoch # 130	
 * Finished epoch # 130     top1:  25.537  top5:   6.729
	
=> Training epoch # 131	
 * Finished epoch # 131     top1:  25.430  top5:   6.582
	
=> Training epoch # 132	
 * Finished epoch # 132     top1:  25.771  top5:   6.621
	
=> Training epoch # 133	
 * Finished epoch # 133     top1:  25.537  top5:   6.582
	
=> Training epoch # 134	
 * Finished epoch # 134     top1:  26.445  top5:   7.041
	
=> Training epoch # 135	
 * Finished epoch # 135     top1:  25.459  top5:   6.650
	
=> Training epoch # 136	
 * Finished epoch # 136     top1:  26.006  top5:   7.090
	
=> Training epoch # 137	
 * Finished epoch # 137     top1:  25.771  top5:   6.729
	
=> Training epoch # 138	
 * Finished epoch # 138     top1:  25.947  top5:   7.295
	
=> Training epoch # 139	
 * Finished epoch # 139     top1:  25.361  top5:   6.943
	
=> Training epoch # 140	
 * Finished epoch # 140     top1:  25.518  top5:   6.855
	
=> Training epoch # 141	
 * Finished epoch # 141     top1:  25.723  top5:   6.924
	
=> Training epoch # 142	
 * Finished epoch # 142     top1:  25.605  top5:   7.070
	
=> Training epoch # 143	
 * Finished epoch # 143     top1:  25.703  top5:   7.363
	
=> Training epoch # 144	
 * Finished epoch # 144     top1:  25.693  top5:   7.168
	
=> Training epoch # 145	
 * Finished epoch # 145     top1:  25.645  top5:   6.963
	
=> Training epoch # 146	
 * Finished epoch # 146     top1:  25.449  top5:   7.031
	
=> Training epoch # 147	
 * Finished epoch # 147     top1:  25.449  top5:   7.031
	
=> Training epoch # 148	
 * Finished epoch # 148     top1:  25.283  top5:   6.953
	
=> Training epoch # 149	
 * Finished epoch # 149     top1:  25.869  top5:   7.480
	
=> Training epoch # 150	
 * Finished epoch # 150     top1:  25.703  top5:   7.080
	
=> Training epoch # 151	
 * Finished epoch # 151     top1:  25.713  top5:   7.393
	
=> Training epoch # 152	
 * Finished epoch # 152     top1:  25.498  top5:   7.041
	
=> Training epoch # 153	
 * Finished epoch # 153     top1:  25.547  top5:   6.953
	
=> Training epoch # 154	
 * Finished epoch # 154     top1:  25.693  top5:   7.178
	
=> Training epoch # 155	
 * Finished epoch # 155     top1:  25.908  top5:   7.090
	
=> Training epoch # 156	
 * Finished epoch # 156     top1:  25.811  top5:   7.119
	
=> Training epoch # 157	
 * Finished epoch # 157     top1:  25.596  top5:   7.246
	
=> Training epoch # 158	
 * Finished epoch # 158     top1:  25.723  top5:   7.061
	
=> Training epoch # 159	
 * Finished epoch # 159     top1:  26.123  top5:   7.305
	
=> Training epoch # 160	
 * Finished epoch # 160     top1:  26.123  top5:   6.963
	
=> Training epoch # 161	
 * Finished epoch # 161     top1:  25.801  top5:   7.305
	
=> Training epoch # 162	
 * Finished epoch # 162     top1:  26.670  top5:   8.057
	
=> Training epoch # 163	
 * Finished epoch # 163     top1:  26.230  top5:   7.383
	
=> Training epoch # 164	
 * Finished epoch # 164     top1:  26.045  top5:   7.383
	
=> Training epoch # 165	
 * Finished epoch # 165     top1:  25.430  top5:   7.529
	
=> Training epoch # 166	
 * Finished epoch # 166     top1:  26.387  top5:   7.959
	
=> Training epoch # 167	
 * Finished epoch # 167     top1:  26.172  top5:   7.480
	
=> Training epoch # 168	
 * Finished epoch # 168     top1:  26.143  top5:   7.959
	
=> Training epoch # 169	
 * Finished epoch # 169     top1:  26.533  top5:   8.096
	
=> Training epoch # 170	
 * Finished epoch # 170     top1:  25.869  top5:   7.588
	
=> Training epoch # 171	
 * Finished epoch # 171     top1:  25.811  top5:   7.627
	
=> Training epoch # 172	
 * Finished epoch # 172     top1:  26.699  top5:   7.471
	
=> Training epoch # 173	
 * Finished epoch # 173     top1:  25.771  top5:   7.383
	
=> Training epoch # 174	
 * Finished epoch # 174     top1:  25.879  top5:   7.852
	
=> Training epoch # 175	
 * Finished epoch # 175     top1:  26.221  top5:   7.607
	
=> Training epoch # 176	
 * Finished epoch # 176     top1:  26.025  top5:   7.656
	
=> Training epoch # 177	
 * Finished epoch # 177     top1:  25.811  top5:   7.422
	
=> Training epoch # 178	
 * Finished epoch # 178     top1:  25.732  top5:   7.900
	
=> Training epoch # 179	
 * Finished epoch # 179     top1:  26.445  top5:   7.881
	
=> Training epoch # 180	
 * Finished epoch # 180     top1:  26.113  top5:   7.432
	
=> Training epoch # 181	
 * Finished epoch # 181     top1:  26.074  top5:   7.686
	
=> Training epoch # 182	
 * Finished epoch # 182     top1:  26.504  top5:   7.812
	
=> Training epoch # 183	
 * Finished epoch # 183     top1:  25.996  top5:   7.764
	
=> Training epoch # 184	
 * Finished epoch # 184     top1:  25.811  top5:   7.666
	
=> Training epoch # 185	
 * Finished epoch # 185     top1:  26.045  top5:   7.549
	
=> Training epoch # 186	
 * Finished epoch # 186     top1:  25.742  top5:   7.656
	
=> Training epoch # 187	
 * Finished epoch # 187     top1:  26.211  top5:   7.510
	
=> Training epoch # 188	
 * Finished epoch # 188     top1:  26.123  top5:   7.959
	
=> Training epoch # 189	
 * Finished epoch # 189     top1:  26.436  top5:   8.418
	
=> Training epoch # 190	
 * Finished epoch # 190     top1:  25.889  top5:   7.695
	
=> Training epoch # 191	
 * Finished epoch # 191     top1:  25.762  top5:   7.646
	
=> Training epoch # 192	
 * Finished epoch # 192     top1:  25.615  top5:   7.568
	
=> Training epoch # 193	
 * Finished epoch # 193     top1:  26.621  top5:   8.047
	
=> Training epoch # 194	
 * Finished epoch # 194     top1:  25.840  top5:   7.588
	
=> Training epoch # 195	
 * Finished epoch # 195     top1:  26.025  top5:   7.812
	
=> Training epoch # 196	
 * Finished epoch # 196     top1:  26.572  top5:   7.773
	
=> Training epoch # 197	
 * Finished epoch # 197     top1:  26.133  top5:   7.588
	
=> Training epoch # 198	
 * Finished epoch # 198     top1:  25.645  top5:   7.715
	
=> Training epoch # 199	
 * Finished epoch # 199     top1:  25.830  top5:   7.793
	
=> Training epoch # 200	
 * Finished epoch # 200     top1:  25.850  top5:   7.881
	
 * Finished top1: 25.020  top5:  6.748	
