{
  cudnn : "fastest"
  LR : 0.1
  nThreads : 2
  nClasses : 0
  batchSize : 256
  testOnly : false
  netType : "resnet"
  resetClassifier : false
  shortcutType : "A"
  gen : "gen"
  nGPU : 1
  depth : 110
  weightDecay : 0.001
  data : ""
  dataset : "cifar10"
  epochNumber : 1
  manualSeed : 2
  resume : "results/results-elu/try2/cifar10/110"
  optimState : "none"
  nEpochs : 200
  tenCrop : false
  shareGradInput : false
  backend : "cudnn"
  momentum : 0.9
  retrain : "none"
}
=> Creating model from file: models/resnet.lua	
 | ResNet-110 CIFAR-10	
nn.Sequential {
  [input -> (1) -> (2) -> (3) -> (4) -> (5) -> (6) -> (7) -> (8) -> (9) -> output]
  (1): cudnn.SpatialConvolution(3 -> 16, 3x3, 1,1, 1,1) without bias
  (2): nn.ELU (alpha:1.000000)
  (3): nn.Sequential {
    [input -> (1) -> (2) -> (3) -> (4) -> (5) -> (6) -> (7) -> (8) -> (9) -> (10) -> (11) -> (12) -> (13) -> (14) -> (15) -> (16) -> (17) -> (18) -> output]
    (1): nn.Sequential {
      [input -> (1) -> (2) -> output]
      (1): nn.ConcatTable {
        input
          |`-> (1): nn.Sequential {
          |      [input -> (1) -> (2) -> (3) -> (4) -> output]
          |      (1): cudnn.SpatialConvolution(16 -> 16, 3x3, 1,1, 1,1) without bias
          |      (2): nn.ELU (alpha:1.000000)
          |      (3): cudnn.SpatialConvolution(16 -> 16, 3x3, 1,1, 1,1) without bias
          |      (4): nn.SpatialBatchNormalization (4D) (16)
          |    }
           `-> (2): nn.Identity
           ... -> output
      }
      (2): nn.CAddTable
    }
    (2): nn.Sequential {
      [input -> (1) -> (2) -> output]
      (1): nn.ConcatTable {
        input
          |`-> (1): nn.Sequential {
          |      [input -> (1) -> (2) -> (3) -> (4) -> output]
          |      (1): cudnn.SpatialConvolution(16 -> 16, 3x3, 1,1, 1,1) without bias
          |      (2): nn.ELU (alpha:1.000000)
          |      (3): cudnn.SpatialConvolution(16 -> 16, 3x3, 1,1, 1,1) without bias
          |      (4): nn.SpatialBatchNormalization (4D) (16)
          |    }
           `-> (2): nn.Identity
           ... -> output
      }
      (2): nn.CAddTable
    }
    (3): nn.Sequential {
      [input -> (1) -> (2) -> output]
      (1): nn.ConcatTable {
        input
          |`-> (1): nn.Sequential {
          |      [input -> (1) -> (2) -> (3) -> (4) -> output]
          |      (1): cudnn.SpatialConvolution(16 -> 16, 3x3, 1,1, 1,1) without bias
          |      (2): nn.ELU (alpha:1.000000)
          |      (3): cudnn.SpatialConvolution(16 -> 16, 3x3, 1,1, 1,1) without bias
          |      (4): nn.SpatialBatchNormalization (4D) (16)
          |    }
           `-> (2): nn.Identity
           ... -> output
      }
      (2): nn.CAddTable
    }
    (4): nn.Sequential {
      [input -> (1) -> (2) -> output]
      (1): nn.ConcatTable {
        input
          |`-> (1): nn.Sequential {
          |      [input -> (1) -> (2) -> (3) -> (4) -> output]
          |      (1): cudnn.SpatialConvolution(16 -> 16, 3x3, 1,1, 1,1) without bias
          |      (2): nn.ELU (alpha:1.000000)
          |      (3): cudnn.SpatialConvolution(16 -> 16, 3x3, 1,1, 1,1) without bias
          |      (4): nn.SpatialBatchNormalization (4D) (16)
          |    }
           `-> (2): nn.Identity
           ... -> output
      }
      (2): nn.CAddTable
    }
    (5): nn.Sequential {
      [input -> (1) -> (2) -> output]
      (1): nn.ConcatTable {
        input
          |`-> (1): nn.Sequential {
          |      [input -> (1) -> (2) -> (3) -> (4) -> output]
          |      (1): cudnn.SpatialConvolution(16 -> 16, 3x3, 1,1, 1,1) without bias
          |      (2): nn.ELU (alpha:1.000000)
          |      (3): cudnn.SpatialConvolution(16 -> 16, 3x3, 1,1, 1,1) without bias
          |      (4): nn.SpatialBatchNormalization (4D) (16)
          |    }
           `-> (2): nn.Identity
           ... -> output
      }
      (2): nn.CAddTable
    }
    (6): nn.Sequential {
      [input -> (1) -> (2) -> output]
      (1): nn.ConcatTable {
        input
          |`-> (1): nn.Sequential {
          |      [input -> (1) -> (2) -> (3) -> (4) -> output]
          |      (1): cudnn.SpatialConvolution(16 -> 16, 3x3, 1,1, 1,1) without bias
          |      (2): nn.ELU (alpha:1.000000)
          |      (3): cudnn.SpatialConvolution(16 -> 16, 3x3, 1,1, 1,1) without bias
          |      (4): nn.SpatialBatchNormalization (4D) (16)
          |    }
           `-> (2): nn.Identity
           ... -> output
      }
      (2): nn.CAddTable
    }
    (7): nn.Sequential {
      [input -> (1) -> (2) -> output]
      (1): nn.ConcatTable {
        input
          |`-> (1): nn.Sequential {
          |      [input -> (1) -> (2) -> (3) -> (4) -> output]
          |      (1): cudnn.SpatialConvolution(16 -> 16, 3x3, 1,1, 1,1) without bias
          |      (2): nn.ELU (alpha:1.000000)
          |      (3): cudnn.SpatialConvolution(16 -> 16, 3x3, 1,1, 1,1) without bias
          |      (4): nn.SpatialBatchNormalization (4D) (16)
          |    }
           `-> (2): nn.Identity
           ... -> output
      }
      (2): nn.CAddTable
    }
    (8): nn.Sequential {
      [input -> (1) -> (2) -> output]
      (1): nn.ConcatTable {
        input
          |`-> (1): nn.Sequential {
          |      [input -> (1) -> (2) -> (3) -> (4) -> output]
          |      (1): cudnn.SpatialConvolution(16 -> 16, 3x3, 1,1, 1,1) without bias
          |      (2): nn.ELU (alpha:1.000000)
          |      (3): cudnn.SpatialConvolution(16 -> 16, 3x3, 1,1, 1,1) without bias
          |      (4): nn.SpatialBatchNormalization (4D) (16)
          |    }
           `-> (2): nn.Identity
           ... -> output
      }
      (2): nn.CAddTable
    }
    (9): nn.Sequential {
      [input -> (1) -> (2) -> output]
      (1): nn.ConcatTable {
        input
          |`-> (1): nn.Sequential {
          |      [input -> (1) -> (2) -> (3) -> (4) -> output]
          |      (1): cudnn.SpatialConvolution(16 -> 16, 3x3, 1,1, 1,1) without bias
          |      (2): nn.ELU (alpha:1.000000)
          |      (3): cudnn.SpatialConvolution(16 -> 16, 3x3, 1,1, 1,1) without bias
          |      (4): nn.SpatialBatchNormalization (4D) (16)
          |    }
           `-> (2): nn.Identity
           ... -> output
      }
      (2): nn.CAddTable
    }
    (10): nn.Sequential {
      [input -> (1) -> (2) -> output]
      (1): nn.ConcatTable {
        input
          |`-> (1): nn.Sequential {
          |      [input -> (1) -> (2) -> (3) -> (4) -> output]
          |      (1): cudnn.SpatialConvolution(16 -> 16, 3x3, 1,1, 1,1) without bias
          |      (2): nn.ELU (alpha:1.000000)
          |      (3): cudnn.SpatialConvolution(16 -> 16, 3x3, 1,1, 1,1) without bias
          |      (4): nn.SpatialBatchNormalization (4D) (16)
          |    }
           `-> (2): nn.Identity
           ... -> output
      }
      (2): nn.CAddTable
    }
    (11): nn.Sequential {
      [input -> (1) -> (2) -> output]
      (1): nn.ConcatTable {
        input
          |`-> (1): nn.Sequential {
          |      [input -> (1) -> (2) -> (3) -> (4) -> output]
          |      (1): cudnn.SpatialConvolution(16 -> 16, 3x3, 1,1, 1,1) without bias
          |      (2): nn.ELU (alpha:1.000000)
          |      (3): cudnn.SpatialConvolution(16 -> 16, 3x3, 1,1, 1,1) without bias
          |      (4): nn.SpatialBatchNormalization (4D) (16)
          |    }
           `-> (2): nn.Identity
           ... -> output
      }
      (2): nn.CAddTable
    }
    (12): nn.Sequential {
      [input -> (1) -> (2) -> output]
      (1): nn.ConcatTable {
        input
          |`-> (1): nn.Sequential {
          |      [input -> (1) -> (2) -> (3) -> (4) -> output]
          |      (1): cudnn.SpatialConvolution(16 -> 16, 3x3, 1,1, 1,1) without bias
          |      (2): nn.ELU (alpha:1.000000)
          |      (3): cudnn.SpatialConvolution(16 -> 16, 3x3, 1,1, 1,1) without bias
          |      (4): nn.SpatialBatchNormalization (4D) (16)
          |    }
           `-> (2): nn.Identity
           ... -> output
      }
      (2): nn.CAddTable
    }
    (13): nn.Sequential {
      [input -> (1) -> (2) -> output]
      (1): nn.ConcatTable {
        input
          |`-> (1): nn.Sequential {
          |      [input -> (1) -> (2) -> (3) -> (4) -> output]
          |      (1): cudnn.SpatialConvolution(16 -> 16, 3x3, 1,1, 1,1) without bias
          |      (2): nn.ELU (alpha:1.000000)
          |      (3): cudnn.SpatialConvolution(16 -> 16, 3x3, 1,1, 1,1) without bias
          |      (4): nn.SpatialBatchNormalization (4D) (16)
          |    }
           `-> (2): nn.Identity
           ... -> output
      }
      (2): nn.CAddTable
    }
    (14): nn.Sequential {
      [input -> (1) -> (2) -> output]
      (1): nn.ConcatTable {
        input
          |`-> (1): nn.Sequential {
          |      [input -> (1) -> (2) -> (3) -> (4) -> output]
          |      (1): cudnn.SpatialConvolution(16 -> 16, 3x3, 1,1, 1,1) without bias
          |      (2): nn.ELU (alpha:1.000000)
          |      (3): cudnn.SpatialConvolution(16 -> 16, 3x3, 1,1, 1,1) without bias
          |      (4): nn.SpatialBatchNormalization (4D) (16)
          |    }
           `-> (2): nn.Identity
           ... -> output
      }
      (2): nn.CAddTable
    }
    (15): nn.Sequential {
      [input -> (1) -> (2) -> output]
      (1): nn.ConcatTable {
        input
          |`-> (1): nn.Sequential {
          |      [input -> (1) -> (2) -> (3) -> (4) -> output]
          |      (1): cudnn.SpatialConvolution(16 -> 16, 3x3, 1,1, 1,1) without bias
          |      (2): nn.ELU (alpha:1.000000)
          |      (3): cudnn.SpatialConvolution(16 -> 16, 3x3, 1,1, 1,1) without bias
          |      (4): nn.SpatialBatchNormalization (4D) (16)
          |    }
           `-> (2): nn.Identity
           ... -> output
      }
      (2): nn.CAddTable
    }
    (16): nn.Sequential {
      [input -> (1) -> (2) -> output]
      (1): nn.ConcatTable {
        input
          |`-> (1): nn.Sequential {
          |      [input -> (1) -> (2) -> (3) -> (4) -> output]
          |      (1): cudnn.SpatialConvolution(16 -> 16, 3x3, 1,1, 1,1) without bias
          |      (2): nn.ELU (alpha:1.000000)
          |      (3): cudnn.SpatialConvolution(16 -> 16, 3x3, 1,1, 1,1) without bias
          |      (4): nn.SpatialBatchNormalization (4D) (16)
          |    }
           `-> (2): nn.Identity
           ... -> output
      }
      (2): nn.CAddTable
    }
    (17): nn.Sequential {
      [input -> (1) -> (2) -> output]
      (1): nn.ConcatTable {
        input
          |`-> (1): nn.Sequential {
          |      [input -> (1) -> (2) -> (3) -> (4) -> output]
          |      (1): cudnn.SpatialConvolution(16 -> 16, 3x3, 1,1, 1,1) without bias
          |      (2): nn.ELU (alpha:1.000000)
          |      (3): cudnn.SpatialConvolution(16 -> 16, 3x3, 1,1, 1,1) without bias
          |      (4): nn.SpatialBatchNormalization (4D) (16)
          |    }
           `-> (2): nn.Identity
           ... -> output
      }
      (2): nn.CAddTable
    }
    (18): nn.Sequential {
      [input -> (1) -> (2) -> output]
      (1): nn.ConcatTable {
        input
          |`-> (1): nn.Sequential {
          |      [input -> (1) -> (2) -> (3) -> (4) -> output]
          |      (1): cudnn.SpatialConvolution(16 -> 16, 3x3, 1,1, 1,1) without bias
          |      (2): nn.ELU (alpha:1.000000)
          |      (3): cudnn.SpatialConvolution(16 -> 16, 3x3, 1,1, 1,1) without bias
          |      (4): nn.SpatialBatchNormalization (4D) (16)
          |    }
           `-> (2): nn.Identity
           ... -> output
      }
      (2): nn.CAddTable
    }
  }
  (4): nn.Sequential {
    [input -> (1) -> (2) -> (3) -> (4) -> (5) -> (6) -> (7) -> (8) -> (9) -> (10) -> (11) -> (12) -> (13) -> (14) -> (15) -> (16) -> (17) -> (18) -> output]
    (1): nn.Sequential {
      [input -> (1) -> (2) -> output]
      (1): nn.ConcatTable {
        input
          |`-> (1): nn.Sequential {
          |      [input -> (1) -> (2) -> (3) -> (4) -> output]
          |      (1): cudnn.SpatialConvolution(16 -> 32, 3x3, 2,2, 1,1) without bias
          |      (2): nn.ELU (alpha:1.000000)
          |      (3): cudnn.SpatialConvolution(32 -> 32, 3x3, 1,1, 1,1) without bias
          |      (4): nn.SpatialBatchNormalization (4D) (32)
          |    }
           `-> (2): nn.Sequential {
                 [input -> (1) -> (2) -> output]
                 (1): nn.SpatialAveragePooling(1x1, 2,2)
                 (2): nn.Concat {
                   input
                     |`-> (1): nn.Identity
                      `-> (2): nn.MulConstant
                      ... -> output
                 }
               }
           ... -> output
      }
      (2): nn.CAddTable
    }
    (2): nn.Sequential {
      [input -> (1) -> (2) -> output]
      (1): nn.ConcatTable {
        input
          |`-> (1): nn.Sequential {
          |      [input -> (1) -> (2) -> (3) -> (4) -> output]
          |      (1): cudnn.SpatialConvolution(32 -> 32, 3x3, 1,1, 1,1) without bias
          |      (2): nn.ELU (alpha:1.000000)
          |      (3): cudnn.SpatialConvolution(32 -> 32, 3x3, 1,1, 1,1) without bias
          |      (4): nn.SpatialBatchNormalization (4D) (32)
          |    }
           `-> (2): nn.Identity
           ... -> output
      }
      (2): nn.CAddTable
    }
    (3): nn.Sequential {
      [input -> (1) -> (2) -> output]
      (1): nn.ConcatTable {
        input
          |`-> (1): nn.Sequential {
          |      [input -> (1) -> (2) -> (3) -> (4) -> output]
          |      (1): cudnn.SpatialConvolution(32 -> 32, 3x3, 1,1, 1,1) without bias
          |      (2): nn.ELU (alpha:1.000000)
          |      (3): cudnn.SpatialConvolution(32 -> 32, 3x3, 1,1, 1,1) without bias
          |      (4): nn.SpatialBatchNormalization (4D) (32)
          |    }
           `-> (2): nn.Identity
           ... -> output
      }
      (2): nn.CAddTable
    }
    (4): nn.Sequential {
      [input -> (1) -> (2) -> output]
      (1): nn.ConcatTable {
        input
          |`-> (1): nn.Sequential {
          |      [input -> (1) -> (2) -> (3) -> (4) -> output]
          |      (1): cudnn.SpatialConvolution(32 -> 32, 3x3, 1,1, 1,1) without bias
          |      (2): nn.ELU (alpha:1.000000)
          |      (3): cudnn.SpatialConvolution(32 -> 32, 3x3, 1,1, 1,1) without bias
          |      (4): nn.SpatialBatchNormalization (4D) (32)
          |    }
           `-> (2): nn.Identity
           ... -> output
      }
      (2): nn.CAddTable
    }
    (5): nn.Sequential {
      [input -> (1) -> (2) -> output]
      (1): nn.ConcatTable {
        input
          |`-> (1): nn.Sequential {
          |      [input -> (1) -> (2) -> (3) -> (4) -> output]
          |      (1): cudnn.SpatialConvolution(32 -> 32, 3x3, 1,1, 1,1) without bias
          |      (2): nn.ELU (alpha:1.000000)
          |      (3): cudnn.SpatialConvolution(32 -> 32, 3x3, 1,1, 1,1) without bias
          |      (4): nn.SpatialBatchNormalization (4D) (32)
          |    }
           `-> (2): nn.Identity
           ... -> output
      }
      (2): nn.CAddTable
    }
    (6): nn.Sequential {
      [input -> (1) -> (2) -> output]
      (1): nn.ConcatTable {
        input
          |`-> (1): nn.Sequential {
          |      [input -> (1) -> (2) -> (3) -> (4) -> output]
          |      (1): cudnn.SpatialConvolution(32 -> 32, 3x3, 1,1, 1,1) without bias
          |      (2): nn.ELU (alpha:1.000000)
          |      (3): cudnn.SpatialConvolution(32 -> 32, 3x3, 1,1, 1,1) without bias
          |      (4): nn.SpatialBatchNormalization (4D) (32)
          |    }
           `-> (2): nn.Identity
           ... -> output
      }
      (2): nn.CAddTable
    }
    (7): nn.Sequential {
      [input -> (1) -> (2) -> output]
      (1): nn.ConcatTable {
        input
          |`-> (1): nn.Sequential {
          |      [input -> (1) -> (2) -> (3) -> (4) -> output]
          |      (1): cudnn.SpatialConvolution(32 -> 32, 3x3, 1,1, 1,1) without bias
          |      (2): nn.ELU (alpha:1.000000)
          |      (3): cudnn.SpatialConvolution(32 -> 32, 3x3, 1,1, 1,1) without bias
          |      (4): nn.SpatialBatchNormalization (4D) (32)
          |    }
           `-> (2): nn.Identity
           ... -> output
      }
      (2): nn.CAddTable
    }
    (8): nn.Sequential {
      [input -> (1) -> (2) -> output]
      (1): nn.ConcatTable {
        input
          |`-> (1): nn.Sequential {
          |      [input -> (1) -> (2) -> (3) -> (4) -> output]
          |      (1): cudnn.SpatialConvolution(32 -> 32, 3x3, 1,1, 1,1) without bias
          |      (2): nn.ELU (alpha:1.000000)
          |      (3): cudnn.SpatialConvolution(32 -> 32, 3x3, 1,1, 1,1) without bias
          |      (4): nn.SpatialBatchNormalization (4D) (32)
          |    }
           `-> (2): nn.Identity
           ... -> output
      }
      (2): nn.CAddTable
    }
    (9): nn.Sequential {
      [input -> (1) -> (2) -> output]
      (1): nn.ConcatTable {
        input
          |`-> (1): nn.Sequential {
          |      [input -> (1) -> (2) -> (3) -> (4) -> output]
          |      (1): cudnn.SpatialConvolution(32 -> 32, 3x3, 1,1, 1,1) without bias
          |      (2): nn.ELU (alpha:1.000000)
          |      (3): cudnn.SpatialConvolution(32 -> 32, 3x3, 1,1, 1,1) without bias
          |      (4): nn.SpatialBatchNormalization (4D) (32)
          |    }
           `-> (2): nn.Identity
           ... -> output
      }
      (2): nn.CAddTable
    }
    (10): nn.Sequential {
      [input -> (1) -> (2) -> output]
      (1): nn.ConcatTable {
        input
          |`-> (1): nn.Sequential {
          |      [input -> (1) -> (2) -> (3) -> (4) -> output]
          |      (1): cudnn.SpatialConvolution(32 -> 32, 3x3, 1,1, 1,1) without bias
          |      (2): nn.ELU (alpha:1.000000)
          |      (3): cudnn.SpatialConvolution(32 -> 32, 3x3, 1,1, 1,1) without bias
          |      (4): nn.SpatialBatchNormalization (4D) (32)
          |    }
           `-> (2): nn.Identity
           ... -> output
      }
      (2): nn.CAddTable
    }
    (11): nn.Sequential {
      [input -> (1) -> (2) -> output]
      (1): nn.ConcatTable {
        input
          |`-> (1): nn.Sequential {
          |      [input -> (1) -> (2) -> (3) -> (4) -> output]
          |      (1): cudnn.SpatialConvolution(32 -> 32, 3x3, 1,1, 1,1) without bias
          |      (2): nn.ELU (alpha:1.000000)
          |      (3): cudnn.SpatialConvolution(32 -> 32, 3x3, 1,1, 1,1) without bias
          |      (4): nn.SpatialBatchNormalization (4D) (32)
          |    }
           `-> (2): nn.Identity
           ... -> output
      }
      (2): nn.CAddTable
    }
    (12): nn.Sequential {
      [input -> (1) -> (2) -> output]
      (1): nn.ConcatTable {
        input
          |`-> (1): nn.Sequential {
          |      [input -> (1) -> (2) -> (3) -> (4) -> output]
          |      (1): cudnn.SpatialConvolution(32 -> 32, 3x3, 1,1, 1,1) without bias
          |      (2): nn.ELU (alpha:1.000000)
          |      (3): cudnn.SpatialConvolution(32 -> 32, 3x3, 1,1, 1,1) without bias
          |      (4): nn.SpatialBatchNormalization (4D) (32)
          |    }
           `-> (2): nn.Identity
           ... -> output
      }
      (2): nn.CAddTable
    }
    (13): nn.Sequential {
      [input -> (1) -> (2) -> output]
      (1): nn.ConcatTable {
        input
          |`-> (1): nn.Sequential {
          |      [input -> (1) -> (2) -> (3) -> (4) -> output]
          |      (1): cudnn.SpatialConvolution(32 -> 32, 3x3, 1,1, 1,1) without bias
          |      (2): nn.ELU (alpha:1.000000)
          |      (3): cudnn.SpatialConvolution(32 -> 32, 3x3, 1,1, 1,1) without bias
          |      (4): nn.SpatialBatchNormalization (4D) (32)
          |    }
           `-> (2): nn.Identity
           ... -> output
      }
      (2): nn.CAddTable
    }
    (14): nn.Sequential {
      [input -> (1) -> (2) -> output]
      (1): nn.ConcatTable {
        input
          |`-> (1): nn.Sequential {
          |      [input -> (1) -> (2) -> (3) -> (4) -> output]
          |      (1): cudnn.SpatialConvolution(32 -> 32, 3x3, 1,1, 1,1) without bias
          |      (2): nn.ELU (alpha:1.000000)
          |      (3): cudnn.SpatialConvolution(32 -> 32, 3x3, 1,1, 1,1) without bias
          |      (4): nn.SpatialBatchNormalization (4D) (32)
          |    }
           `-> (2): nn.Identity
           ... -> output
      }
      (2): nn.CAddTable
    }
    (15): nn.Sequential {
      [input -> (1) -> (2) -> output]
      (1): nn.ConcatTable {
        input
          |`-> (1): nn.Sequential {
          |      [input -> (1) -> (2) -> (3) -> (4) -> output]
          |      (1): cudnn.SpatialConvolution(32 -> 32, 3x3, 1,1, 1,1) without bias
          |      (2): nn.ELU (alpha:1.000000)
          |      (3): cudnn.SpatialConvolution(32 -> 32, 3x3, 1,1, 1,1) without bias
          |      (4): nn.SpatialBatchNormalization (4D) (32)
          |    }
           `-> (2): nn.Identity
           ... -> output
      }
      (2): nn.CAddTable
    }
    (16): nn.Sequential {
      [input -> (1) -> (2) -> output]
      (1): nn.ConcatTable {
        input
          |`-> (1): nn.Sequential {
          |      [input -> (1) -> (2) -> (3) -> (4) -> output]
          |      (1): cudnn.SpatialConvolution(32 -> 32, 3x3, 1,1, 1,1) without bias
          |      (2): nn.ELU (alpha:1.000000)
          |      (3): cudnn.SpatialConvolution(32 -> 32, 3x3, 1,1, 1,1) without bias
          |      (4): nn.SpatialBatchNormalization (4D) (32)
          |    }
           `-> (2): nn.Identity
           ... -> output
      }
      (2): nn.CAddTable
    }
    (17): nn.Sequential {
      [input -> (1) -> (2) -> output]
      (1): nn.ConcatTable {
        input
          |`-> (1): nn.Sequential {
          |      [input -> (1) -> (2) -> (3) -> (4) -> output]
          |      (1): cudnn.SpatialConvolution(32 -> 32, 3x3, 1,1, 1,1) without bias
          |      (2): nn.ELU (alpha:1.000000)
          |      (3): cudnn.SpatialConvolution(32 -> 32, 3x3, 1,1, 1,1) without bias
          |      (4): nn.SpatialBatchNormalization (4D) (32)
          |    }
           `-> (2): nn.Identity
           ... -> output
      }
      (2): nn.CAddTable
    }
    (18): nn.Sequential {
      [input -> (1) -> (2) -> output]
      (1): nn.ConcatTable {
        input
          |`-> (1): nn.Sequential {
          |      [input -> (1) -> (2) -> (3) -> (4) -> output]
          |      (1): cudnn.SpatialConvolution(32 -> 32, 3x3, 1,1, 1,1) without bias
          |      (2): nn.ELU (alpha:1.000000)
          |      (3): cudnn.SpatialConvolution(32 -> 32, 3x3, 1,1, 1,1) without bias
          |      (4): nn.SpatialBatchNormalization (4D) (32)
          |    }
           `-> (2): nn.Identity
           ... -> output
      }
      (2): nn.CAddTable
    }
  }
  (5): nn.Sequential {
    [input -> (1) -> (2) -> (3) -> (4) -> (5) -> (6) -> (7) -> (8) -> (9) -> (10) -> (11) -> (12) -> (13) -> (14) -> (15) -> (16) -> (17) -> (18) -> output]
    (1): nn.Sequential {
      [input -> (1) -> (2) -> output]
      (1): nn.ConcatTable {
        input
          |`-> (1): nn.Sequential {
          |      [input -> (1) -> (2) -> (3) -> (4) -> output]
          |      (1): cudnn.SpatialConvolution(32 -> 64, 3x3, 2,2, 1,1) without bias
          |      (2): nn.ELU (alpha:1.000000)
          |      (3): cudnn.SpatialConvolution(64 -> 64, 3x3, 1,1, 1,1) without bias
          |      (4): nn.SpatialBatchNormalization (4D) (64)
          |    }
           `-> (2): nn.Sequential {
                 [input -> (1) -> (2) -> output]
                 (1): nn.SpatialAveragePooling(1x1, 2,2)
                 (2): nn.Concat {
                   input
                     |`-> (1): nn.Identity
                      `-> (2): nn.MulConstant
                      ... -> output
                 }
               }
           ... -> output
      }
      (2): nn.CAddTable
    }
    (2): nn.Sequential {
      [input -> (1) -> (2) -> output]
      (1): nn.ConcatTable {
        input
          |`-> (1): nn.Sequential {
          |      [input -> (1) -> (2) -> (3) -> (4) -> output]
          |      (1): cudnn.SpatialConvolution(64 -> 64, 3x3, 1,1, 1,1) without bias
          |      (2): nn.ELU (alpha:1.000000)
          |      (3): cudnn.SpatialConvolution(64 -> 64, 3x3, 1,1, 1,1) without bias
          |      (4): nn.SpatialBatchNormalization (4D) (64)
          |    }
           `-> (2): nn.Identity
           ... -> output
      }
      (2): nn.CAddTable
    }
    (3): nn.Sequential {
      [input -> (1) -> (2) -> output]
      (1): nn.ConcatTable {
        input
          |`-> (1): nn.Sequential {
          |      [input -> (1) -> (2) -> (3) -> (4) -> output]
          |      (1): cudnn.SpatialConvolution(64 -> 64, 3x3, 1,1, 1,1) without bias
          |      (2): nn.ELU (alpha:1.000000)
          |      (3): cudnn.SpatialConvolution(64 -> 64, 3x3, 1,1, 1,1) without bias
          |      (4): nn.SpatialBatchNormalization (4D) (64)
          |    }
           `-> (2): nn.Identity
           ... -> output
      }
      (2): nn.CAddTable
    }
    (4): nn.Sequential {
      [input -> (1) -> (2) -> output]
      (1): nn.ConcatTable {
        input
          |`-> (1): nn.Sequential {
          |      [input -> (1) -> (2) -> (3) -> (4) -> output]
          |      (1): cudnn.SpatialConvolution(64 -> 64, 3x3, 1,1, 1,1) without bias
          |      (2): nn.ELU (alpha:1.000000)
          |      (3): cudnn.SpatialConvolution(64 -> 64, 3x3, 1,1, 1,1) without bias
          |      (4): nn.SpatialBatchNormalization (4D) (64)
          |    }
           `-> (2): nn.Identity
           ... -> output
      }
      (2): nn.CAddTable
    }
    (5): nn.Sequential {
      [input -> (1) -> (2) -> output]
      (1): nn.ConcatTable {
        input
          |`-> (1): nn.Sequential {
          |      [input -> (1) -> (2) -> (3) -> (4) -> output]
          |      (1): cudnn.SpatialConvolution(64 -> 64, 3x3, 1,1, 1,1) without bias
          |      (2): nn.ELU (alpha:1.000000)
          |      (3): cudnn.SpatialConvolution(64 -> 64, 3x3, 1,1, 1,1) without bias
          |      (4): nn.SpatialBatchNormalization (4D) (64)
          |    }
           `-> (2): nn.Identity
           ... -> output
      }
      (2): nn.CAddTable
    }
    (6): nn.Sequential {
      [input -> (1) -> (2) -> output]
      (1): nn.ConcatTable {
        input
          |`-> (1): nn.Sequential {
          |      [input -> (1) -> (2) -> (3) -> (4) -> output]
          |      (1): cudnn.SpatialConvolution(64 -> 64, 3x3, 1,1, 1,1) without bias
          |      (2): nn.ELU (alpha:1.000000)
          |      (3): cudnn.SpatialConvolution(64 -> 64, 3x3, 1,1, 1,1) without bias
          |      (4): nn.SpatialBatchNormalization (4D) (64)
          |    }
           `-> (2): nn.Identity
           ... -> output
      }
      (2): nn.CAddTable
    }
    (7): nn.Sequential {
      [input -> (1) -> (2) -> output]
      (1): nn.ConcatTable {
        input
          |`-> (1): nn.Sequential {
          |      [input -> (1) -> (2) -> (3) -> (4) -> output]
          |      (1): cudnn.SpatialConvolution(64 -> 64, 3x3, 1,1, 1,1) without bias
          |      (2): nn.ELU (alpha:1.000000)
          |      (3): cudnn.SpatialConvolution(64 -> 64, 3x3, 1,1, 1,1) without bias
          |      (4): nn.SpatialBatchNormalization (4D) (64)
          |    }
           `-> (2): nn.Identity
           ... -> output
      }
      (2): nn.CAddTable
    }
    (8): nn.Sequential {
      [input -> (1) -> (2) -> output]
      (1): nn.ConcatTable {
        input
          |`-> (1): nn.Sequential {
          |      [input -> (1) -> (2) -> (3) -> (4) -> output]
          |      (1): cudnn.SpatialConvolution(64 -> 64, 3x3, 1,1, 1,1) without bias
          |      (2): nn.ELU (alpha:1.000000)
          |      (3): cudnn.SpatialConvolution(64 -> 64, 3x3, 1,1, 1,1) without bias
          |      (4): nn.SpatialBatchNormalization (4D) (64)
          |    }
           `-> (2): nn.Identity
           ... -> output
      }
      (2): nn.CAddTable
    }
    (9): nn.Sequential {
      [input -> (1) -> (2) -> output]
      (1): nn.ConcatTable {
        input
          |`-> (1): nn.Sequential {
          |      [input -> (1) -> (2) -> (3) -> (4) -> output]
          |      (1): cudnn.SpatialConvolution(64 -> 64, 3x3, 1,1, 1,1) without bias
          |      (2): nn.ELU (alpha:1.000000)
          |      (3): cudnn.SpatialConvolution(64 -> 64, 3x3, 1,1, 1,1) without bias
          |      (4): nn.SpatialBatchNormalization (4D) (64)
          |    }
           `-> (2): nn.Identity
           ... -> output
      }
      (2): nn.CAddTable
    }
    (10): nn.Sequential {
      [input -> (1) -> (2) -> output]
      (1): nn.ConcatTable {
        input
          |`-> (1): nn.Sequential {
          |      [input -> (1) -> (2) -> (3) -> (4) -> output]
          |      (1): cudnn.SpatialConvolution(64 -> 64, 3x3, 1,1, 1,1) without bias
          |      (2): nn.ELU (alpha:1.000000)
          |      (3): cudnn.SpatialConvolution(64 -> 64, 3x3, 1,1, 1,1) without bias
          |      (4): nn.SpatialBatchNormalization (4D) (64)
          |    }
           `-> (2): nn.Identity
           ... -> output
      }
      (2): nn.CAddTable
    }
    (11): nn.Sequential {
      [input -> (1) -> (2) -> output]
      (1): nn.ConcatTable {
        input
          |`-> (1): nn.Sequential {
          |      [input -> (1) -> (2) -> (3) -> (4) -> output]
          |      (1): cudnn.SpatialConvolution(64 -> 64, 3x3, 1,1, 1,1) without bias
          |      (2): nn.ELU (alpha:1.000000)
          |      (3): cudnn.SpatialConvolution(64 -> 64, 3x3, 1,1, 1,1) without bias
          |      (4): nn.SpatialBatchNormalization (4D) (64)
          |    }
           `-> (2): nn.Identity
           ... -> output
      }
      (2): nn.CAddTable
    }
    (12): nn.Sequential {
      [input -> (1) -> (2) -> output]
      (1): nn.ConcatTable {
        input
          |`-> (1): nn.Sequential {
          |      [input -> (1) -> (2) -> (3) -> (4) -> output]
          |      (1): cudnn.SpatialConvolution(64 -> 64, 3x3, 1,1, 1,1) without bias
          |      (2): nn.ELU (alpha:1.000000)
          |      (3): cudnn.SpatialConvolution(64 -> 64, 3x3, 1,1, 1,1) without bias
          |      (4): nn.SpatialBatchNormalization (4D) (64)
          |    }
           `-> (2): nn.Identity
           ... -> output
      }
      (2): nn.CAddTable
    }
    (13): nn.Sequential {
      [input -> (1) -> (2) -> output]
      (1): nn.ConcatTable {
        input
          |`-> (1): nn.Sequential {
          |      [input -> (1) -> (2) -> (3) -> (4) -> output]
          |      (1): cudnn.SpatialConvolution(64 -> 64, 3x3, 1,1, 1,1) without bias
          |      (2): nn.ELU (alpha:1.000000)
          |      (3): cudnn.SpatialConvolution(64 -> 64, 3x3, 1,1, 1,1) without bias
          |      (4): nn.SpatialBatchNormalization (4D) (64)
          |    }
           `-> (2): nn.Identity
           ... -> output
      }
      (2): nn.CAddTable
    }
    (14): nn.Sequential {
      [input -> (1) -> (2) -> output]
      (1): nn.ConcatTable {
        input
          |`-> (1): nn.Sequential {
          |      [input -> (1) -> (2) -> (3) -> (4) -> output]
          |      (1): cudnn.SpatialConvolution(64 -> 64, 3x3, 1,1, 1,1) without bias
          |      (2): nn.ELU (alpha:1.000000)
          |      (3): cudnn.SpatialConvolution(64 -> 64, 3x3, 1,1, 1,1) without bias
          |      (4): nn.SpatialBatchNormalization (4D) (64)
          |    }
           `-> (2): nn.Identity
           ... -> output
      }
      (2): nn.CAddTable
    }
    (15): nn.Sequential {
      [input -> (1) -> (2) -> output]
      (1): nn.ConcatTable {
        input
          |`-> (1): nn.Sequential {
          |      [input -> (1) -> (2) -> (3) -> (4) -> output]
          |      (1): cudnn.SpatialConvolution(64 -> 64, 3x3, 1,1, 1,1) without bias
          |      (2): nn.ELU (alpha:1.000000)
          |      (3): cudnn.SpatialConvolution(64 -> 64, 3x3, 1,1, 1,1) without bias
          |      (4): nn.SpatialBatchNormalization (4D) (64)
          |    }
           `-> (2): nn.Identity
           ... -> output
      }
      (2): nn.CAddTable
    }
    (16): nn.Sequential {
      [input -> (1) -> (2) -> output]
      (1): nn.ConcatTable {
        input
          |`-> (1): nn.Sequential {
          |      [input -> (1) -> (2) -> (3) -> (4) -> output]
          |      (1): cudnn.SpatialConvolution(64 -> 64, 3x3, 1,1, 1,1) without bias
          |      (2): nn.ELU (alpha:1.000000)
          |      (3): cudnn.SpatialConvolution(64 -> 64, 3x3, 1,1, 1,1) without bias
          |      (4): nn.SpatialBatchNormalization (4D) (64)
          |    }
           `-> (2): nn.Identity
           ... -> output
      }
      (2): nn.CAddTable
    }
    (17): nn.Sequential {
      [input -> (1) -> (2) -> output]
      (1): nn.ConcatTable {
        input
          |`-> (1): nn.Sequential {
          |      [input -> (1) -> (2) -> (3) -> (4) -> output]
          |      (1): cudnn.SpatialConvolution(64 -> 64, 3x3, 1,1, 1,1) without bias
          |      (2): nn.ELU (alpha:1.000000)
          |      (3): cudnn.SpatialConvolution(64 -> 64, 3x3, 1,1, 1,1) without bias
          |      (4): nn.SpatialBatchNormalization (4D) (64)
          |    }
           `-> (2): nn.Identity
           ... -> output
      }
      (2): nn.CAddTable
    }
    (18): nn.Sequential {
      [input -> (1) -> (2) -> output]
      (1): nn.ConcatTable {
        input
          |`-> (1): nn.Sequential {
          |      [input -> (1) -> (2) -> (3) -> (4) -> output]
          |      (1): cudnn.SpatialConvolution(64 -> 64, 3x3, 1,1, 1,1) without bias
          |      (2): nn.ELU (alpha:1.000000)
          |      (3): cudnn.SpatialConvolution(64 -> 64, 3x3, 1,1, 1,1) without bias
          |      (4): nn.SpatialBatchNormalization (4D) (64)
          |    }
           `-> (2): nn.Identity
           ... -> output
      }
      (2): nn.CAddTable
    }
  }
  (6): nn.ELU (alpha:1.000000)
  (7): cudnn.SpatialAveragePooling(8x8, 1,1)
  (8): nn.View(64)
  (9): nn.Linear(64 -> 10)
}
=> Training epoch # 1	
 * Finished epoch # 1     top1:  49.248  top5:   5.957
	
 * Best model 	49.248046875	5.95703125	
=> Training epoch # 2	
 * Finished epoch # 2     top1:  39.512  top5:   4.102
	
 * Best model 	39.51171875	4.1015625	
=> Training epoch # 3	
 * Finished epoch # 3     top1:  35.156  top5:   3.037
	
 * Best model 	35.15625	3.037109375	
=> Training epoch # 4	
 * Finished epoch # 4     top1:  25.283  top5:   1.934
	
 * Best model 	25.283203125	1.93359375	
=> Training epoch # 5	
 * Finished epoch # 5     top1:  23.857  top5:   1.387
	
 * Best model 	23.857421875	1.38671875	
=> Training epoch # 6	
 * Finished epoch # 6     top1:  23.564  top5:   1.367
	
 * Best model 	23.564453125	1.3671875	
=> Training epoch # 7	
 * Finished epoch # 7     top1:  24.570  top5:   1.230
	
=> Training epoch # 8	
 * Finished epoch # 8     top1:  27.930  top5:   3.105
	
=> Training epoch # 9	
 * Finished epoch # 9     top1:  30.010  top5:   3.379
	
=> Training epoch # 10	
 * Finished epoch # 10     top1:  23.438  top5:   1.602
	
 * Best model 	23.4375	1.6015625	
=> Training epoch # 11	
 * Finished epoch # 11     top1:  21.807  top5:   1.016
	
 * Best model 	21.806640625	1.015625	
=> Training epoch # 12	
 * Finished epoch # 12     top1:  31.699  top5:   2.588
	
=> Training epoch # 13	
 * Finished epoch # 13     top1:  20.850  top5:   1.445
	
 * Best model 	20.849609375	1.4453125	
=> Training epoch # 14	
 * Finished epoch # 14     top1:  20.449  top5:   1.250
	
 * Best model 	20.44921875	1.25	
=> Training epoch # 15	
 * Finished epoch # 15     top1:  21.816  top5:   0.996
	
=> Training epoch # 16	
 * Finished epoch # 16     top1:  17.793  top5:   1.123
	
 * Best model 	17.79296875	1.123046875	
=> Training epoch # 17	
 * Finished epoch # 17     top1:  27.578  top5:   2.754
	
=> Training epoch # 18	
 * Finished epoch # 18     top1:  21.279  top5:   1.768
	
=> Training epoch # 19	
 * Finished epoch # 19     top1:  26.260  top5:   2.275
	
=> Training epoch # 20	
 * Finished epoch # 20     top1:  26.436  top5:   3.145
	
=> Training epoch # 21	
 * Finished epoch # 21     top1:  22.432  top5:   1.230
	
=> Training epoch # 22	
 * Finished epoch # 22     top1:  18.760  top5:   1.445
	
=> Training epoch # 23	
 * Finished epoch # 23     top1:  25.615  top5:   3.027
	
=> Training epoch # 24	
 * Finished epoch # 24     top1:  19.365  top5:   1.611
	
=> Training epoch # 25	
 * Finished epoch # 25     top1:  19.180  top5:   0.742
	
=> Training epoch # 26	
 * Finished epoch # 26     top1:  19.561  top5:   1.289
	
=> Training epoch # 27	
 * Finished epoch # 27     top1:  27.041  top5:   2.139
	
=> Training epoch # 28	
 * Finished epoch # 28     top1:  22.305  top5:   1.348
	
=> Training epoch # 29	
 * Finished epoch # 29     top1:  22.051  top5:   1.953
	
=> Training epoch # 30	
 * Finished epoch # 30     top1:  21.064  top5:   1.387
	
=> Training epoch # 31	
 * Finished epoch # 31     top1:  15.957  top5:   0.850
	
 * Best model 	15.95703125	0.849609375	
=> Training epoch # 32	
 * Finished epoch # 32     top1:  35.068  top5:   1.582
	
=> Training epoch # 33	
 * Finished epoch # 33     top1:  23.438  top5:   2.129
	
=> Training epoch # 34	
 * Finished epoch # 34     top1:  25.879  top5:   1.973
	
=> Training epoch # 35	
 * Finished epoch # 35     top1:  22.227  top5:   1.865
	
=> Training epoch # 36	
 * Finished epoch # 36     top1:  22.520  top5:   1.074
	
=> Training epoch # 37	
 * Finished epoch # 37     top1:  28.242  top5:   1.523
	
=> Training epoch # 38	
 * Finished epoch # 38     top1:  28.926  top5:   2.773
	
=> Training epoch # 39	
 * Finished epoch # 39     top1:  23.555  top5:   0.752
	
=> Training epoch # 40	
 * Finished epoch # 40     top1:  20.938  top5:   1.367
	
=> Training epoch # 41	
 * Finished epoch # 41     top1:  43.799  top5:   4.502
	
=> Training epoch # 42	
 * Finished epoch # 42     top1:  21.768  top5:   0.928
	
=> Training epoch # 43	
 * Finished epoch # 43     top1:  32.568  top5:   3.672
	
=> Training epoch # 44	
 * Finished epoch # 44     top1:  22.480  top5:   1.240
	
=> Training epoch # 45	
 * Finished epoch # 45     top1:  33.115  top5:   1.963
	
=> Training epoch # 46	
 * Finished epoch # 46     top1:  17.178  top5:   0.625
	
=> Training epoch # 47	
 * Finished epoch # 47     top1:  18.965  top5:   2.803
	
=> Training epoch # 48	
 * Finished epoch # 48     top1:  21.719  top5:   1.904
	
=> Training epoch # 49	
 * Finished epoch # 49     top1:  20.859  top5:   1.641
	
=> Training epoch # 50	
 * Finished epoch # 50     top1:  19.746  top5:   1.787
	
=> Training epoch # 51	
 * Finished epoch # 51     top1:  28.486  top5:   4.326
	
=> Training epoch # 52	
 * Finished epoch # 52     top1:  29.697  top5:   1.670
	
=> Training epoch # 53	
 * Finished epoch # 53     top1:  23.594  top5:   2.344
	
=> Training epoch # 54	
 * Finished epoch # 54     top1:  34.521  top5:   5.723
	
=> Training epoch # 55	
 * Finished epoch # 55     top1:  22.354  top5:   1.348
	
=> Training epoch # 56	
 * Finished epoch # 56     top1:  21.709  top5:   1.211
	
=> Training epoch # 57	
 * Finished epoch # 57     top1:  22.900  top5:   1.416
	
=> Training epoch # 58	
 * Finished epoch # 58     top1:  25.723  top5:   1.328
	
=> Training epoch # 59	
 * Finished epoch # 59     top1:  33.779  top5:   3.125
	
=> Training epoch # 60	
 * Finished epoch # 60     top1:  22.021  top5:   1.592
	
=> Training epoch # 61	
 * Finished epoch # 61     top1:  25.615  top5:   1.641
	
=> Training epoch # 62	
 * Finished epoch # 62     top1:  23.145  top5:   1.289
	
=> Training epoch # 63	
 * Finished epoch # 63     top1:  19.023  top5:   1.084
	
=> Training epoch # 64	
 * Finished epoch # 64     top1:  19.375  top5:   1.484
	
=> Training epoch # 65	
 * Finished epoch # 65     top1:  28.008  top5:   1.162
	
=> Training epoch # 66	
 * Finished epoch # 66     top1:  26.094  top5:   2.881
	
=> Training epoch # 67	
 * Finished epoch # 67     top1:  25.166  top5:   2.236
	
=> Training epoch # 68	
 * Finished epoch # 68     top1:  23.174  top5:   1.523
	
=> Training epoch # 69	
 * Finished epoch # 69     top1:  29.072  top5:   3.438
	
=> Training epoch # 70	
 * Finished epoch # 70     top1:  29.629  top5:   1.748
	
=> Training epoch # 71	
 * Finished epoch # 71     top1:  21.123  top5:   1.416
	
=> Training epoch # 72	
 * Finished epoch # 72     top1:  36.494  top5:   3.057
	
=> Training epoch # 73	
 * Finished epoch # 73     top1:  18.906  top5:   0.850
	
=> Training epoch # 74	
 * Finished epoch # 74     top1:  31.377  top5:   4.102
	
=> Training epoch # 75	
 * Finished epoch # 75     top1:  20.459  top5:   0.996
	
=> Training epoch # 76	
 * Finished epoch # 76     top1:  18.369  top5:   0.693
	
=> Training epoch # 77	
 * Finished epoch # 77     top1:  24.512  top5:   1.230
	
=> Training epoch # 78	
 * Finished epoch # 78     top1:  19.951  top5:   1.250
	
=> Training epoch # 79	
 * Finished epoch # 79     top1:  24.775  top5:   1.143
	
=> Training epoch # 80	
 * Finished epoch # 80     top1:  41.787  top5:   4.531
	
=> Training epoch # 81	
 * Finished epoch # 81     top1:   7.451  top5:   0.176
	
 * Best model 	7.451171875	0.17578125	
=> Training epoch # 82	
 * Finished epoch # 82     top1:   7.256  top5:   0.205
	
 * Best model 	7.255859375	0.205078125	
=> Training epoch # 83	
 * Finished epoch # 83     top1:   7.451  top5:   0.166
	
=> Training epoch # 84	
 * Finished epoch # 84     top1:   6.816  top5:   0.137
	
 * Best model 	6.81640625	0.13671875	
=> Training epoch # 85	
 * Finished epoch # 85     top1:   7.061  top5:   0.117
	
=> Training epoch # 86	
 * Finished epoch # 86     top1:   8.115  top5:   0.156
	
=> Training epoch # 87	
 * Finished epoch # 87     top1:   6.934  top5:   0.166
	
=> Training epoch # 88	
 * Finished epoch # 88     top1:   8.359  top5:   0.127
	
=> Training epoch # 89	
 * Finished epoch # 89     top1:   8.955  top5:   0.146
	
=> Training epoch # 90	
 * Finished epoch # 90     top1:   7.461  top5:   0.205
	
=> Training epoch # 91	
 * Finished epoch # 91     top1:   7.910  top5:   0.332
	
=> Training epoch # 92	
 * Finished epoch # 92     top1:   8.291  top5:   0.215
	
=> Training epoch # 93	
 * Finished epoch # 93     top1:   9.453  top5:   0.244
	
=> Training epoch # 94	
 * Finished epoch # 94     top1:   9.785  top5:   0.195
	
=> Training epoch # 95	
 * Finished epoch # 95     top1:  17.539  top5:   0.928
	
=> Training epoch # 96	
 * Finished epoch # 96     top1:  18.350  top5:   0.693
	
=> Training epoch # 97	
 * Finished epoch # 97     top1:  12.666  top5:   0.469
	
=> Training epoch # 98	
 * Finished epoch # 98     top1:   7.881  top5:   0.195
	
=> Training epoch # 99	
 * Finished epoch # 99     top1:  10.107  top5:   0.225
	
=> Training epoch # 100	
 * Finished epoch # 100     top1:   9.443  top5:   0.254
	
=> Training epoch # 101	
 * Finished epoch # 101     top1:  16.562  top5:   1.299
	
=> Training epoch # 102	
 * Finished epoch # 102     top1:  14.570  top5:   0.957
	
=> Training epoch # 103	
 * Finished epoch # 103     top1:  18.506  top5:   1.445
	
=> Training epoch # 104	
 * Finished epoch # 104     top1:  15.850  top5:   0.830
	
=> Training epoch # 105	
 * Finished epoch # 105     top1:  11.924  top5:   0.459
	
=> Training epoch # 106	
 * Finished epoch # 106     top1:  12.803  top5:   1.152
	
=> Training epoch # 107	
 * Finished epoch # 107     top1:  26.523  top5:   4.316
	
=> Training epoch # 108	
 * Finished epoch # 108     top1:  15.234  top5:   0.625
	
=> Training epoch # 109	
 * Finished epoch # 109     top1:  12.432  top5:   1.123
	
=> Training epoch # 110	
 * Finished epoch # 110     top1:  13.125  top5:   0.498
	
=> Training epoch # 111	
 * Finished epoch # 111     top1:  12.295  top5:   0.459
	
=> Training epoch # 112	
 * Finished epoch # 112     top1:  15.947  top5:   1.182
	
=> Training epoch # 113	
 * Finished epoch # 113     top1:  13.896  top5:   0.508
	
=> Training epoch # 114	
 * Finished epoch # 114     top1:  14.277  top5:   0.684
	
=> Training epoch # 115	
 * Finished epoch # 115     top1:  17.256  top5:   0.977
	
=> Training epoch # 116	
 * Finished epoch # 116     top1:  13.330  top5:   0.596
	
=> Training epoch # 117	
 * Finished epoch # 117     top1:  16.543  top5:   1.436
	
=> Training epoch # 118	
 * Finished epoch # 118     top1:  33.320  top5:   2.227
	
=> Training epoch # 119	
 * Finished epoch # 119     top1:  19.531  top5:   2.051
	
=> Training epoch # 120	
 * Finished epoch # 120     top1:  12.676  top5:   1.016
	
=> Training epoch # 121	
 * Finished epoch # 121     top1:  16.699  top5:   2.803
	
=> Training epoch # 122	
 * Finished epoch # 122     top1:   6.924  top5:   0.186
	
=> Training epoch # 123	
 * Finished epoch # 123     top1:   6.279  top5:   0.225
	
 * Best model 	6.279296875	0.224609375	
=> Training epoch # 124	
 * Finished epoch # 124     top1:   6.367  top5:   0.195
	
=> Training epoch # 125	
 * Finished epoch # 125     top1:   6.279  top5:   0.195
	
=> Training epoch # 126	
 * Finished epoch # 126     top1:   6.328  top5:   0.215
	
=> Training epoch # 127	
 * Finished epoch # 127     top1:   6.455  top5:   0.225
	
=> Training epoch # 128	
 * Finished epoch # 128     top1:   6.406  top5:   0.205
	
=> Training epoch # 129	
 * Finished epoch # 129     top1:   6.543  top5:   0.342
	
=> Training epoch # 130	
 * Finished epoch # 130     top1:   6.348  top5:   0.215
	
=> Training epoch # 131	
 * Finished epoch # 131     top1:   6.084  top5:   0.195
	
 * Best model 	6.083984375	0.1953125	
=> Training epoch # 132	
 * Finished epoch # 132     top1:   6.074  top5:   0.186
	
 * Best model 	6.07421875	0.185546875	
=> Training epoch # 133	
 * Finished epoch # 133     top1:   6.055  top5:   0.186
	
 * Best model 	6.0546875	0.185546875	
=> Training epoch # 134	
 * Finished epoch # 134     top1:   6.221  top5:   0.205
	
=> Training epoch # 135	
 * Finished epoch # 135     top1:   6.377  top5:   0.381
	
=> Training epoch # 136	
 * Finished epoch # 136     top1:   6.162  top5:   0.205
	
=> Training epoch # 137	
 * Finished epoch # 137     top1:   6.289  top5:   0.225
	
=> Training epoch # 138	
 * Finished epoch # 138     top1:   6.133  top5:   0.195
	
=> Training epoch # 139	
 * Finished epoch # 139     top1:   6.279  top5:   0.215
	
=> Training epoch # 140	
 * Finished epoch # 140     top1:   6.162  top5:   0.225
	
=> Training epoch # 141	
 * Finished epoch # 141     top1:   6.367  top5:   0.195
	
=> Training epoch # 142	
 * Finished epoch # 142     top1:   6.123  top5:   0.244
	
=> Training epoch # 143	
 * Finished epoch # 143     top1:   6.279  top5:   0.205
	
=> Training epoch # 144	
 * Finished epoch # 144     top1:   6.201  top5:   0.205
	
=> Training epoch # 145	
 * Finished epoch # 145     top1:   6.260  top5:   0.195
	
=> Training epoch # 146	
 * Finished epoch # 146     top1:   6.338  top5:   0.215
	
=> Training epoch # 147	
 * Finished epoch # 147     top1:   6.270  top5:   0.205
	
=> Training epoch # 148	
 * Finished epoch # 148     top1:   6.260  top5:   0.244
	
=> Training epoch # 149	
 * Finished epoch # 149     top1:   6.123  top5:   0.215
	
=> Training epoch # 150	
 * Finished epoch # 150     top1:   6.260  top5:   0.225
	
=> Training epoch # 151	
 * Finished epoch # 151     top1:   6.348  top5:   0.186
	
=> Training epoch # 152	
 * Finished epoch # 152     top1:   6.367  top5:   0.332
	
=> Training epoch # 153	
 * Finished epoch # 153     top1:   6.289  top5:   0.225
	
=> Training epoch # 154	
 * Finished epoch # 154     top1:   6.387  top5:   0.195
	
=> Training epoch # 155	
 * Finished epoch # 155     top1:   6.465  top5:   0.225
	
=> Training epoch # 156	
 * Finished epoch # 156     top1:   6.406  top5:   0.195
	
=> Training epoch # 157	
 * Finished epoch # 157     top1:   6.221  top5:   0.186
	
=> Training epoch # 158	
 * Finished epoch # 158     top1:   6.094  top5:   0.176
	
=> Training epoch # 159	
 * Finished epoch # 159     top1:   6.406  top5:   0.186
	
=> Training epoch # 160	
 * Finished epoch # 160     top1:   6.133  top5:   0.195
	
=> Training epoch # 161	
 * Finished epoch # 161     top1:   6.572  top5:   0.205
	
=> Training epoch # 162	
 * Finished epoch # 162     top1:   6.514  top5:   0.205
	
=> Training epoch # 163	
 * Finished epoch # 163     top1:   6.367  top5:   0.195
	
=> Training epoch # 164	
 * Finished epoch # 164     top1:   6.445  top5:   0.244
	
=> Training epoch # 165	
 * Finished epoch # 165     top1:   6.172  top5:   0.186
	
=> Training epoch # 166	
 * Finished epoch # 166     top1:   6.123  top5:   0.234
	
=> Training epoch # 167	
 * Finished epoch # 167     top1:   6.377  top5:   0.205
	
=> Training epoch # 168	
 * Finished epoch # 168     top1:   6.611  top5:   0.205
	
=> Training epoch # 169	
 * Finished epoch # 169     top1:   6.084  top5:   0.234
	
=> Training epoch # 170	
 * Finished epoch # 170     top1:   6.836  top5:   0.293
	
=> Training epoch # 171	
 * Finished epoch # 171     top1:   6.230  top5:   0.215
	
=> Training epoch # 172	
 * Finished epoch # 172     top1:   6.201  top5:   0.225
	
=> Training epoch # 173	
 * Finished epoch # 173     top1:   6.289  top5:   0.195
	
=> Training epoch # 174	
 * Finished epoch # 174     top1:   6.182  top5:   0.195
	
=> Training epoch # 175	
 * Finished epoch # 175     top1:   6.162  top5:   0.254
	
=> Training epoch # 176	
 * Finished epoch # 176     top1:   6.201  top5:   0.283
	
=> Training epoch # 177	
 * Finished epoch # 177     top1:   6.377  top5:   0.234
	
=> Training epoch # 178	
 * Finished epoch # 178     top1:   6.270  top5:   0.264
	
=> Training epoch # 179	
 * Finished epoch # 179     top1:   6.270  top5:   0.195
	
=> Training epoch # 180	
 * Finished epoch # 180     top1:   6.553  top5:   0.215
	
=> Training epoch # 181	
 * Finished epoch # 181     top1:   6.201  top5:   0.244
	
=> Training epoch # 182	
 * Finished epoch # 182     top1:   6.250  top5:   0.195
	
=> Training epoch # 183	
 * Finished epoch # 183     top1:   7.041  top5:   0.293
	
=> Training epoch # 184	
 * Finished epoch # 184     top1:   6.377  top5:   0.400
	
=> Training epoch # 185	
 * Finished epoch # 185     top1:   6.484  top5:   0.273
	
=> Training epoch # 186	
 * Finished epoch # 186     top1:   6.221  top5:   0.264
	
=> Training epoch # 187	
 * Finished epoch # 187     top1:   6.504  top5:   0.205
	
=> Training epoch # 188	
 * Finished epoch # 188     top1:   6.904  top5:   0.215
	
=> Training epoch # 189	
 * Finished epoch # 189     top1:   6.357  top5:   0.234
	
=> Training epoch # 190	
 * Finished epoch # 190     top1:   6.318  top5:   0.225
	
=> Training epoch # 191	
 * Finished epoch # 191     top1:   6.709  top5:   0.205
	
=> Training epoch # 192	
 * Finished epoch # 192     top1:   7.090  top5:   0.264
	
=> Training epoch # 193	
 * Finished epoch # 193     top1:   6.289  top5:   0.264
	
=> Training epoch # 194	
 * Finished epoch # 194     top1:   6.436  top5:   0.166
	
=> Training epoch # 195	
 * Finished epoch # 195     top1:   6.406  top5:   0.225
	
=> Training epoch # 196	
 * Finished epoch # 196     top1:   6.406  top5:   0.244
	
=> Training epoch # 197	
 * Finished epoch # 197     top1:   7.568  top5:   0.205
	
=> Training epoch # 198	
 * Finished epoch # 198     top1:   6.943  top5:   0.342
	
=> Training epoch # 199	
 * Finished epoch # 199     top1:   6.240  top5:   0.264
	
=> Training epoch # 200	
 * Finished epoch # 200     top1:   6.562  top5:   0.254
	
 * Finished top1:  6.055  top5:  0.186	
