{
  cudnn : "fastest"
  LR : 0.1
  nThreads : 2
  nClasses : 0
  batchSize : 256
  testOnly : false
  netType : "resnet-bn-relu"
  resetClassifier : false
  shortcutType : "A"
  gen : "gen"
  nGPU : 1
  depth : 110
  weightDecay : 0.001
  data : ""
  dataset : "cifar100"
  epochNumber : 1
  manualSeed : 2
  resume : "results/results-bn-relu/try5/cifar100/110"
  optimState : "none"
  nEpochs : 200
  tenCrop : false
  shareGradInput : false
  backend : "cudnn"
  momentum : 0.9
  retrain : "none"
}
=> Creating model from file: models/resnet-bn-relu.lua	
 | ResNet-110 CIFAR-100	
nn.Sequential {
  [input -> (1) -> (2) -> (3) -> (4) -> (5) -> (6) -> (7) -> (8) -> (9) -> output]
  (1): cudnn.SpatialConvolution(3 -> 16, 3x3, 1,1, 1,1) without bias
  (2): nn.Sequential {
    [input -> (1) -> (2) -> output]
    (1): nn.SpatialBatchNormalization (4D) (16)
    (2): nn.ReLU
  }
  (3): nn.Sequential {
    [input -> (1) -> (2) -> (3) -> (4) -> (5) -> (6) -> (7) -> (8) -> (9) -> (10) -> (11) -> (12) -> (13) -> (14) -> (15) -> (16) -> (17) -> (18) -> output]
    (1): nn.Sequential {
      [input -> (1) -> (2) -> output]
      (1): nn.ConcatTable {
        input
          |`-> (1): nn.Sequential {
          |      [input -> (1) -> (2) -> (3) -> (4) -> output]
          |      (1): cudnn.SpatialConvolution(16 -> 16, 3x3, 1,1, 1,1) without bias
          |      (2): nn.Sequential {
          |        [input -> (1) -> (2) -> output]
          |        (1): nn.SpatialBatchNormalization (4D) (16)
          |        (2): nn.ReLU
          |      }
          |      (3): cudnn.SpatialConvolution(16 -> 16, 3x3, 1,1, 1,1) without bias
          |      (4): nn.SpatialBatchNormalization (4D) (16)
          |    }
           `-> (2): nn.Identity
           ... -> output
      }
      (2): nn.CAddTable
    }
    (2): nn.Sequential {
      [input -> (1) -> (2) -> output]
      (1): nn.ConcatTable {
        input
          |`-> (1): nn.Sequential {
          |      [input -> (1) -> (2) -> (3) -> (4) -> output]
          |      (1): cudnn.SpatialConvolution(16 -> 16, 3x3, 1,1, 1,1) without bias
          |      (2): nn.Sequential {
          |        [input -> (1) -> (2) -> output]
          |        (1): nn.SpatialBatchNormalization (4D) (16)
          |        (2): nn.ReLU
          |      }
          |      (3): cudnn.SpatialConvolution(16 -> 16, 3x3, 1,1, 1,1) without bias
          |      (4): nn.SpatialBatchNormalization (4D) (16)
          |    }
           `-> (2): nn.Identity
           ... -> output
      }
      (2): nn.CAddTable
    }
    (3): nn.Sequential {
      [input -> (1) -> (2) -> output]
      (1): nn.ConcatTable {
        input
          |`-> (1): nn.Sequential {
          |      [input -> (1) -> (2) -> (3) -> (4) -> output]
          |      (1): cudnn.SpatialConvolution(16 -> 16, 3x3, 1,1, 1,1) without bias
          |      (2): nn.Sequential {
          |        [input -> (1) -> (2) -> output]
          |        (1): nn.SpatialBatchNormalization (4D) (16)
          |        (2): nn.ReLU
          |      }
          |      (3): cudnn.SpatialConvolution(16 -> 16, 3x3, 1,1, 1,1) without bias
          |      (4): nn.SpatialBatchNormalization (4D) (16)
          |    }
           `-> (2): nn.Identity
           ... -> output
      }
      (2): nn.CAddTable
    }
    (4): nn.Sequential {
      [input -> (1) -> (2) -> output]
      (1): nn.ConcatTable {
        input
          |`-> (1): nn.Sequential {
          |      [input -> (1) -> (2) -> (3) -> (4) -> output]
          |      (1): cudnn.SpatialConvolution(16 -> 16, 3x3, 1,1, 1,1) without bias
          |      (2): nn.Sequential {
          |        [input -> (1) -> (2) -> output]
          |        (1): nn.SpatialBatchNormalization (4D) (16)
          |        (2): nn.ReLU
          |      }
          |      (3): cudnn.SpatialConvolution(16 -> 16, 3x3, 1,1, 1,1) without bias
          |      (4): nn.SpatialBatchNormalization (4D) (16)
          |    }
           `-> (2): nn.Identity
           ... -> output
      }
      (2): nn.CAddTable
    }
    (5): nn.Sequential {
      [input -> (1) -> (2) -> output]
      (1): nn.ConcatTable {
        input
          |`-> (1): nn.Sequential {
          |      [input -> (1) -> (2) -> (3) -> (4) -> output]
          |      (1): cudnn.SpatialConvolution(16 -> 16, 3x3, 1,1, 1,1) without bias
          |      (2): nn.Sequential {
          |        [input -> (1) -> (2) -> output]
          |        (1): nn.SpatialBatchNormalization (4D) (16)
          |        (2): nn.ReLU
          |      }
          |      (3): cudnn.SpatialConvolution(16 -> 16, 3x3, 1,1, 1,1) without bias
          |      (4): nn.SpatialBatchNormalization (4D) (16)
          |    }
           `-> (2): nn.Identity
           ... -> output
      }
      (2): nn.CAddTable
    }
    (6): nn.Sequential {
      [input -> (1) -> (2) -> output]
      (1): nn.ConcatTable {
        input
          |`-> (1): nn.Sequential {
          |      [input -> (1) -> (2) -> (3) -> (4) -> output]
          |      (1): cudnn.SpatialConvolution(16 -> 16, 3x3, 1,1, 1,1) without bias
          |      (2): nn.Sequential {
          |        [input -> (1) -> (2) -> output]
          |        (1): nn.SpatialBatchNormalization (4D) (16)
          |        (2): nn.ReLU
          |      }
          |      (3): cudnn.SpatialConvolution(16 -> 16, 3x3, 1,1, 1,1) without bias
          |      (4): nn.SpatialBatchNormalization (4D) (16)
          |    }
           `-> (2): nn.Identity
           ... -> output
      }
      (2): nn.CAddTable
    }
    (7): nn.Sequential {
      [input -> (1) -> (2) -> output]
      (1): nn.ConcatTable {
        input
          |`-> (1): nn.Sequential {
          |      [input -> (1) -> (2) -> (3) -> (4) -> output]
          |      (1): cudnn.SpatialConvolution(16 -> 16, 3x3, 1,1, 1,1) without bias
          |      (2): nn.Sequential {
          |        [input -> (1) -> (2) -> output]
          |        (1): nn.SpatialBatchNormalization (4D) (16)
          |        (2): nn.ReLU
          |      }
          |      (3): cudnn.SpatialConvolution(16 -> 16, 3x3, 1,1, 1,1) without bias
          |      (4): nn.SpatialBatchNormalization (4D) (16)
          |    }
           `-> (2): nn.Identity
           ... -> output
      }
      (2): nn.CAddTable
    }
    (8): nn.Sequential {
      [input -> (1) -> (2) -> output]
      (1): nn.ConcatTable {
        input
          |`-> (1): nn.Sequential {
          |      [input -> (1) -> (2) -> (3) -> (4) -> output]
          |      (1): cudnn.SpatialConvolution(16 -> 16, 3x3, 1,1, 1,1) without bias
          |      (2): nn.Sequential {
          |        [input -> (1) -> (2) -> output]
          |        (1): nn.SpatialBatchNormalization (4D) (16)
          |        (2): nn.ReLU
          |      }
          |      (3): cudnn.SpatialConvolution(16 -> 16, 3x3, 1,1, 1,1) without bias
          |      (4): nn.SpatialBatchNormalization (4D) (16)
          |    }
           `-> (2): nn.Identity
           ... -> output
      }
      (2): nn.CAddTable
    }
    (9): nn.Sequential {
      [input -> (1) -> (2) -> output]
      (1): nn.ConcatTable {
        input
          |`-> (1): nn.Sequential {
          |      [input -> (1) -> (2) -> (3) -> (4) -> output]
          |      (1): cudnn.SpatialConvolution(16 -> 16, 3x3, 1,1, 1,1) without bias
          |      (2): nn.Sequential {
          |        [input -> (1) -> (2) -> output]
          |        (1): nn.SpatialBatchNormalization (4D) (16)
          |        (2): nn.ReLU
          |      }
          |      (3): cudnn.SpatialConvolution(16 -> 16, 3x3, 1,1, 1,1) without bias
          |      (4): nn.SpatialBatchNormalization (4D) (16)
          |    }
           `-> (2): nn.Identity
           ... -> output
      }
      (2): nn.CAddTable
    }
    (10): nn.Sequential {
      [input -> (1) -> (2) -> output]
      (1): nn.ConcatTable {
        input
          |`-> (1): nn.Sequential {
          |      [input -> (1) -> (2) -> (3) -> (4) -> output]
          |      (1): cudnn.SpatialConvolution(16 -> 16, 3x3, 1,1, 1,1) without bias
          |      (2): nn.Sequential {
          |        [input -> (1) -> (2) -> output]
          |        (1): nn.SpatialBatchNormalization (4D) (16)
          |        (2): nn.ReLU
          |      }
          |      (3): cudnn.SpatialConvolution(16 -> 16, 3x3, 1,1, 1,1) without bias
          |      (4): nn.SpatialBatchNormalization (4D) (16)
          |    }
           `-> (2): nn.Identity
           ... -> output
      }
      (2): nn.CAddTable
    }
    (11): nn.Sequential {
      [input -> (1) -> (2) -> output]
      (1): nn.ConcatTable {
        input
          |`-> (1): nn.Sequential {
          |      [input -> (1) -> (2) -> (3) -> (4) -> output]
          |      (1): cudnn.SpatialConvolution(16 -> 16, 3x3, 1,1, 1,1) without bias
          |      (2): nn.Sequential {
          |        [input -> (1) -> (2) -> output]
          |        (1): nn.SpatialBatchNormalization (4D) (16)
          |        (2): nn.ReLU
          |      }
          |      (3): cudnn.SpatialConvolution(16 -> 16, 3x3, 1,1, 1,1) without bias
          |      (4): nn.SpatialBatchNormalization (4D) (16)
          |    }
           `-> (2): nn.Identity
           ... -> output
      }
      (2): nn.CAddTable
    }
    (12): nn.Sequential {
      [input -> (1) -> (2) -> output]
      (1): nn.ConcatTable {
        input
          |`-> (1): nn.Sequential {
          |      [input -> (1) -> (2) -> (3) -> (4) -> output]
          |      (1): cudnn.SpatialConvolution(16 -> 16, 3x3, 1,1, 1,1) without bias
          |      (2): nn.Sequential {
          |        [input -> (1) -> (2) -> output]
          |        (1): nn.SpatialBatchNormalization (4D) (16)
          |        (2): nn.ReLU
          |      }
          |      (3): cudnn.SpatialConvolution(16 -> 16, 3x3, 1,1, 1,1) without bias
          |      (4): nn.SpatialBatchNormalization (4D) (16)
          |    }
           `-> (2): nn.Identity
           ... -> output
      }
      (2): nn.CAddTable
    }
    (13): nn.Sequential {
      [input -> (1) -> (2) -> output]
      (1): nn.ConcatTable {
        input
          |`-> (1): nn.Sequential {
          |      [input -> (1) -> (2) -> (3) -> (4) -> output]
          |      (1): cudnn.SpatialConvolution(16 -> 16, 3x3, 1,1, 1,1) without bias
          |      (2): nn.Sequential {
          |        [input -> (1) -> (2) -> output]
          |        (1): nn.SpatialBatchNormalization (4D) (16)
          |        (2): nn.ReLU
          |      }
          |      (3): cudnn.SpatialConvolution(16 -> 16, 3x3, 1,1, 1,1) without bias
          |      (4): nn.SpatialBatchNormalization (4D) (16)
          |    }
           `-> (2): nn.Identity
           ... -> output
      }
      (2): nn.CAddTable
    }
    (14): nn.Sequential {
      [input -> (1) -> (2) -> output]
      (1): nn.ConcatTable {
        input
          |`-> (1): nn.Sequential {
          |      [input -> (1) -> (2) -> (3) -> (4) -> output]
          |      (1): cudnn.SpatialConvolution(16 -> 16, 3x3, 1,1, 1,1) without bias
          |      (2): nn.Sequential {
          |        [input -> (1) -> (2) -> output]
          |        (1): nn.SpatialBatchNormalization (4D) (16)
          |        (2): nn.ReLU
          |      }
          |      (3): cudnn.SpatialConvolution(16 -> 16, 3x3, 1,1, 1,1) without bias
          |      (4): nn.SpatialBatchNormalization (4D) (16)
          |    }
           `-> (2): nn.Identity
           ... -> output
      }
      (2): nn.CAddTable
    }
    (15): nn.Sequential {
      [input -> (1) -> (2) -> output]
      (1): nn.ConcatTable {
        input
          |`-> (1): nn.Sequential {
          |      [input -> (1) -> (2) -> (3) -> (4) -> output]
          |      (1): cudnn.SpatialConvolution(16 -> 16, 3x3, 1,1, 1,1) without bias
          |      (2): nn.Sequential {
          |        [input -> (1) -> (2) -> output]
          |        (1): nn.SpatialBatchNormalization (4D) (16)
          |        (2): nn.ReLU
          |      }
          |      (3): cudnn.SpatialConvolution(16 -> 16, 3x3, 1,1, 1,1) without bias
          |      (4): nn.SpatialBatchNormalization (4D) (16)
          |    }
           `-> (2): nn.Identity
           ... -> output
      }
      (2): nn.CAddTable
    }
    (16): nn.Sequential {
      [input -> (1) -> (2) -> output]
      (1): nn.ConcatTable {
        input
          |`-> (1): nn.Sequential {
          |      [input -> (1) -> (2) -> (3) -> (4) -> output]
          |      (1): cudnn.SpatialConvolution(16 -> 16, 3x3, 1,1, 1,1) without bias
          |      (2): nn.Sequential {
          |        [input -> (1) -> (2) -> output]
          |        (1): nn.SpatialBatchNormalization (4D) (16)
          |        (2): nn.ReLU
          |      }
          |      (3): cudnn.SpatialConvolution(16 -> 16, 3x3, 1,1, 1,1) without bias
          |      (4): nn.SpatialBatchNormalization (4D) (16)
          |    }
           `-> (2): nn.Identity
           ... -> output
      }
      (2): nn.CAddTable
    }
    (17): nn.Sequential {
      [input -> (1) -> (2) -> output]
      (1): nn.ConcatTable {
        input
          |`-> (1): nn.Sequential {
          |      [input -> (1) -> (2) -> (3) -> (4) -> output]
          |      (1): cudnn.SpatialConvolution(16 -> 16, 3x3, 1,1, 1,1) without bias
          |      (2): nn.Sequential {
          |        [input -> (1) -> (2) -> output]
          |        (1): nn.SpatialBatchNormalization (4D) (16)
          |        (2): nn.ReLU
          |      }
          |      (3): cudnn.SpatialConvolution(16 -> 16, 3x3, 1,1, 1,1) without bias
          |      (4): nn.SpatialBatchNormalization (4D) (16)
          |    }
           `-> (2): nn.Identity
           ... -> output
      }
      (2): nn.CAddTable
    }
    (18): nn.Sequential {
      [input -> (1) -> (2) -> output]
      (1): nn.ConcatTable {
        input
          |`-> (1): nn.Sequential {
          |      [input -> (1) -> (2) -> (3) -> (4) -> output]
          |      (1): cudnn.SpatialConvolution(16 -> 16, 3x3, 1,1, 1,1) without bias
          |      (2): nn.Sequential {
          |        [input -> (1) -> (2) -> output]
          |        (1): nn.SpatialBatchNormalization (4D) (16)
          |        (2): nn.ReLU
          |      }
          |      (3): cudnn.SpatialConvolution(16 -> 16, 3x3, 1,1, 1,1) without bias
          |      (4): nn.SpatialBatchNormalization (4D) (16)
          |    }
           `-> (2): nn.Identity
           ... -> output
      }
      (2): nn.CAddTable
    }
  }
  (4): nn.Sequential {
    [input -> (1) -> (2) -> (3) -> (4) -> (5) -> (6) -> (7) -> (8) -> (9) -> (10) -> (11) -> (12) -> (13) -> (14) -> (15) -> (16) -> (17) -> (18) -> output]
    (1): nn.Sequential {
      [input -> (1) -> (2) -> output]
      (1): nn.ConcatTable {
        input
          |`-> (1): nn.Sequential {
          |      [input -> (1) -> (2) -> (3) -> (4) -> output]
          |      (1): cudnn.SpatialConvolution(16 -> 32, 3x3, 2,2, 1,1) without bias
          |      (2): nn.Sequential {
          |        [input -> (1) -> (2) -> output]
          |        (1): nn.SpatialBatchNormalization (4D) (32)
          |        (2): nn.ReLU
          |      }
          |      (3): cudnn.SpatialConvolution(32 -> 32, 3x3, 1,1, 1,1) without bias
          |      (4): nn.SpatialBatchNormalization (4D) (32)
          |    }
           `-> (2): nn.Sequential {
                 [input -> (1) -> (2) -> output]
                 (1): nn.SpatialAveragePooling(1x1, 2,2)
                 (2): nn.Concat {
                   input
                     |`-> (1): nn.Identity
                      `-> (2): nn.MulConstant
                      ... -> output
                 }
               }
           ... -> output
      }
      (2): nn.CAddTable
    }
    (2): nn.Sequential {
      [input -> (1) -> (2) -> output]
      (1): nn.ConcatTable {
        input
          |`-> (1): nn.Sequential {
          |      [input -> (1) -> (2) -> (3) -> (4) -> output]
          |      (1): cudnn.SpatialConvolution(32 -> 32, 3x3, 1,1, 1,1) without bias
          |      (2): nn.Sequential {
          |        [input -> (1) -> (2) -> output]
          |        (1): nn.SpatialBatchNormalization (4D) (32)
          |        (2): nn.ReLU
          |      }
          |      (3): cudnn.SpatialConvolution(32 -> 32, 3x3, 1,1, 1,1) without bias
          |      (4): nn.SpatialBatchNormalization (4D) (32)
          |    }
           `-> (2): nn.Identity
           ... -> output
      }
      (2): nn.CAddTable
    }
    (3): nn.Sequential {
      [input -> (1) -> (2) -> output]
      (1): nn.ConcatTable {
        input
          |`-> (1): nn.Sequential {
          |      [input -> (1) -> (2) -> (3) -> (4) -> output]
          |      (1): cudnn.SpatialConvolution(32 -> 32, 3x3, 1,1, 1,1) without bias
          |      (2): nn.Sequential {
          |        [input -> (1) -> (2) -> output]
          |        (1): nn.SpatialBatchNormalization (4D) (32)
          |        (2): nn.ReLU
          |      }
          |      (3): cudnn.SpatialConvolution(32 -> 32, 3x3, 1,1, 1,1) without bias
          |      (4): nn.SpatialBatchNormalization (4D) (32)
          |    }
           `-> (2): nn.Identity
           ... -> output
      }
      (2): nn.CAddTable
    }
    (4): nn.Sequential {
      [input -> (1) -> (2) -> output]
      (1): nn.ConcatTable {
        input
          |`-> (1): nn.Sequential {
          |      [input -> (1) -> (2) -> (3) -> (4) -> output]
          |      (1): cudnn.SpatialConvolution(32 -> 32, 3x3, 1,1, 1,1) without bias
          |      (2): nn.Sequential {
          |        [input -> (1) -> (2) -> output]
          |        (1): nn.SpatialBatchNormalization (4D) (32)
          |        (2): nn.ReLU
          |      }
          |      (3): cudnn.SpatialConvolution(32 -> 32, 3x3, 1,1, 1,1) without bias
          |      (4): nn.SpatialBatchNormalization (4D) (32)
          |    }
           `-> (2): nn.Identity
           ... -> output
      }
      (2): nn.CAddTable
    }
    (5): nn.Sequential {
      [input -> (1) -> (2) -> output]
      (1): nn.ConcatTable {
        input
          |`-> (1): nn.Sequential {
          |      [input -> (1) -> (2) -> (3) -> (4) -> output]
          |      (1): cudnn.SpatialConvolution(32 -> 32, 3x3, 1,1, 1,1) without bias
          |      (2): nn.Sequential {
          |        [input -> (1) -> (2) -> output]
          |        (1): nn.SpatialBatchNormalization (4D) (32)
          |        (2): nn.ReLU
          |      }
          |      (3): cudnn.SpatialConvolution(32 -> 32, 3x3, 1,1, 1,1) without bias
          |      (4): nn.SpatialBatchNormalization (4D) (32)
          |    }
           `-> (2): nn.Identity
           ... -> output
      }
      (2): nn.CAddTable
    }
    (6): nn.Sequential {
      [input -> (1) -> (2) -> output]
      (1): nn.ConcatTable {
        input
          |`-> (1): nn.Sequential {
          |      [input -> (1) -> (2) -> (3) -> (4) -> output]
          |      (1): cudnn.SpatialConvolution(32 -> 32, 3x3, 1,1, 1,1) without bias
          |      (2): nn.Sequential {
          |        [input -> (1) -> (2) -> output]
          |        (1): nn.SpatialBatchNormalization (4D) (32)
          |        (2): nn.ReLU
          |      }
          |      (3): cudnn.SpatialConvolution(32 -> 32, 3x3, 1,1, 1,1) without bias
          |      (4): nn.SpatialBatchNormalization (4D) (32)
          |    }
           `-> (2): nn.Identity
           ... -> output
      }
      (2): nn.CAddTable
    }
    (7): nn.Sequential {
      [input -> (1) -> (2) -> output]
      (1): nn.ConcatTable {
        input
          |`-> (1): nn.Sequential {
          |      [input -> (1) -> (2) -> (3) -> (4) -> output]
          |      (1): cudnn.SpatialConvolution(32 -> 32, 3x3, 1,1, 1,1) without bias
          |      (2): nn.Sequential {
          |        [input -> (1) -> (2) -> output]
          |        (1): nn.SpatialBatchNormalization (4D) (32)
          |        (2): nn.ReLU
          |      }
          |      (3): cudnn.SpatialConvolution(32 -> 32, 3x3, 1,1, 1,1) without bias
          |      (4): nn.SpatialBatchNormalization (4D) (32)
          |    }
           `-> (2): nn.Identity
           ... -> output
      }
      (2): nn.CAddTable
    }
    (8): nn.Sequential {
      [input -> (1) -> (2) -> output]
      (1): nn.ConcatTable {
        input
          |`-> (1): nn.Sequential {
          |      [input -> (1) -> (2) -> (3) -> (4) -> output]
          |      (1): cudnn.SpatialConvolution(32 -> 32, 3x3, 1,1, 1,1) without bias
          |      (2): nn.Sequential {
          |        [input -> (1) -> (2) -> output]
          |        (1): nn.SpatialBatchNormalization (4D) (32)
          |        (2): nn.ReLU
          |      }
          |      (3): cudnn.SpatialConvolution(32 -> 32, 3x3, 1,1, 1,1) without bias
          |      (4): nn.SpatialBatchNormalization (4D) (32)
          |    }
           `-> (2): nn.Identity
           ... -> output
      }
      (2): nn.CAddTable
    }
    (9): nn.Sequential {
      [input -> (1) -> (2) -> output]
      (1): nn.ConcatTable {
        input
          |`-> (1): nn.Sequential {
          |      [input -> (1) -> (2) -> (3) -> (4) -> output]
          |      (1): cudnn.SpatialConvolution(32 -> 32, 3x3, 1,1, 1,1) without bias
          |      (2): nn.Sequential {
          |        [input -> (1) -> (2) -> output]
          |        (1): nn.SpatialBatchNormalization (4D) (32)
          |        (2): nn.ReLU
          |      }
          |      (3): cudnn.SpatialConvolution(32 -> 32, 3x3, 1,1, 1,1) without bias
          |      (4): nn.SpatialBatchNormalization (4D) (32)
          |    }
           `-> (2): nn.Identity
           ... -> output
      }
      (2): nn.CAddTable
    }
    (10): nn.Sequential {
      [input -> (1) -> (2) -> output]
      (1): nn.ConcatTable {
        input
          |`-> (1): nn.Sequential {
          |      [input -> (1) -> (2) -> (3) -> (4) -> output]
          |      (1): cudnn.SpatialConvolution(32 -> 32, 3x3, 1,1, 1,1) without bias
          |      (2): nn.Sequential {
          |        [input -> (1) -> (2) -> output]
          |        (1): nn.SpatialBatchNormalization (4D) (32)
          |        (2): nn.ReLU
          |      }
          |      (3): cudnn.SpatialConvolution(32 -> 32, 3x3, 1,1, 1,1) without bias
          |      (4): nn.SpatialBatchNormalization (4D) (32)
          |    }
           `-> (2): nn.Identity
           ... -> output
      }
      (2): nn.CAddTable
    }
    (11): nn.Sequential {
      [input -> (1) -> (2) -> output]
      (1): nn.ConcatTable {
        input
          |`-> (1): nn.Sequential {
          |      [input -> (1) -> (2) -> (3) -> (4) -> output]
          |      (1): cudnn.SpatialConvolution(32 -> 32, 3x3, 1,1, 1,1) without bias
          |      (2): nn.Sequential {
          |        [input -> (1) -> (2) -> output]
          |        (1): nn.SpatialBatchNormalization (4D) (32)
          |        (2): nn.ReLU
          |      }
          |      (3): cudnn.SpatialConvolution(32 -> 32, 3x3, 1,1, 1,1) without bias
          |      (4): nn.SpatialBatchNormalization (4D) (32)
          |    }
           `-> (2): nn.Identity
           ... -> output
      }
      (2): nn.CAddTable
    }
    (12): nn.Sequential {
      [input -> (1) -> (2) -> output]
      (1): nn.ConcatTable {
        input
          |`-> (1): nn.Sequential {
          |      [input -> (1) -> (2) -> (3) -> (4) -> output]
          |      (1): cudnn.SpatialConvolution(32 -> 32, 3x3, 1,1, 1,1) without bias
          |      (2): nn.Sequential {
          |        [input -> (1) -> (2) -> output]
          |        (1): nn.SpatialBatchNormalization (4D) (32)
          |        (2): nn.ReLU
          |      }
          |      (3): cudnn.SpatialConvolution(32 -> 32, 3x3, 1,1, 1,1) without bias
          |      (4): nn.SpatialBatchNormalization (4D) (32)
          |    }
           `-> (2): nn.Identity
           ... -> output
      }
      (2): nn.CAddTable
    }
    (13): nn.Sequential {
      [input -> (1) -> (2) -> output]
      (1): nn.ConcatTable {
        input
          |`-> (1): nn.Sequential {
          |      [input -> (1) -> (2) -> (3) -> (4) -> output]
          |      (1): cudnn.SpatialConvolution(32 -> 32, 3x3, 1,1, 1,1) without bias
          |      (2): nn.Sequential {
          |        [input -> (1) -> (2) -> output]
          |        (1): nn.SpatialBatchNormalization (4D) (32)
          |        (2): nn.ReLU
          |      }
          |      (3): cudnn.SpatialConvolution(32 -> 32, 3x3, 1,1, 1,1) without bias
          |      (4): nn.SpatialBatchNormalization (4D) (32)
          |    }
           `-> (2): nn.Identity
           ... -> output
      }
      (2): nn.CAddTable
    }
    (14): nn.Sequential {
      [input -> (1) -> (2) -> output]
      (1): nn.ConcatTable {
        input
          |`-> (1): nn.Sequential {
          |      [input -> (1) -> (2) -> (3) -> (4) -> output]
          |      (1): cudnn.SpatialConvolution(32 -> 32, 3x3, 1,1, 1,1) without bias
          |      (2): nn.Sequential {
          |        [input -> (1) -> (2) -> output]
          |        (1): nn.SpatialBatchNormalization (4D) (32)
          |        (2): nn.ReLU
          |      }
          |      (3): cudnn.SpatialConvolution(32 -> 32, 3x3, 1,1, 1,1) without bias
          |      (4): nn.SpatialBatchNormalization (4D) (32)
          |    }
           `-> (2): nn.Identity
           ... -> output
      }
      (2): nn.CAddTable
    }
    (15): nn.Sequential {
      [input -> (1) -> (2) -> output]
      (1): nn.ConcatTable {
        input
          |`-> (1): nn.Sequential {
          |      [input -> (1) -> (2) -> (3) -> (4) -> output]
          |      (1): cudnn.SpatialConvolution(32 -> 32, 3x3, 1,1, 1,1) without bias
          |      (2): nn.Sequential {
          |        [input -> (1) -> (2) -> output]
          |        (1): nn.SpatialBatchNormalization (4D) (32)
          |        (2): nn.ReLU
          |      }
          |      (3): cudnn.SpatialConvolution(32 -> 32, 3x3, 1,1, 1,1) without bias
          |      (4): nn.SpatialBatchNormalization (4D) (32)
          |    }
           `-> (2): nn.Identity
           ... -> output
      }
      (2): nn.CAddTable
    }
    (16): nn.Sequential {
      [input -> (1) -> (2) -> output]
      (1): nn.ConcatTable {
        input
          |`-> (1): nn.Sequential {
          |      [input -> (1) -> (2) -> (3) -> (4) -> output]
          |      (1): cudnn.SpatialConvolution(32 -> 32, 3x3, 1,1, 1,1) without bias
          |      (2): nn.Sequential {
          |        [input -> (1) -> (2) -> output]
          |        (1): nn.SpatialBatchNormalization (4D) (32)
          |        (2): nn.ReLU
          |      }
          |      (3): cudnn.SpatialConvolution(32 -> 32, 3x3, 1,1, 1,1) without bias
          |      (4): nn.SpatialBatchNormalization (4D) (32)
          |    }
           `-> (2): nn.Identity
           ... -> output
      }
      (2): nn.CAddTable
    }
    (17): nn.Sequential {
      [input -> (1) -> (2) -> output]
      (1): nn.ConcatTable {
        input
          |`-> (1): nn.Sequential {
          |      [input -> (1) -> (2) -> (3) -> (4) -> output]
          |      (1): cudnn.SpatialConvolution(32 -> 32, 3x3, 1,1, 1,1) without bias
          |      (2): nn.Sequential {
          |        [input -> (1) -> (2) -> output]
          |        (1): nn.SpatialBatchNormalization (4D) (32)
          |        (2): nn.ReLU
          |      }
          |      (3): cudnn.SpatialConvolution(32 -> 32, 3x3, 1,1, 1,1) without bias
          |      (4): nn.SpatialBatchNormalization (4D) (32)
          |    }
           `-> (2): nn.Identity
           ... -> output
      }
      (2): nn.CAddTable
    }
    (18): nn.Sequential {
      [input -> (1) -> (2) -> output]
      (1): nn.ConcatTable {
        input
          |`-> (1): nn.Sequential {
          |      [input -> (1) -> (2) -> (3) -> (4) -> output]
          |      (1): cudnn.SpatialConvolution(32 -> 32, 3x3, 1,1, 1,1) without bias
          |      (2): nn.Sequential {
          |        [input -> (1) -> (2) -> output]
          |        (1): nn.SpatialBatchNormalization (4D) (32)
          |        (2): nn.ReLU
          |      }
          |      (3): cudnn.SpatialConvolution(32 -> 32, 3x3, 1,1, 1,1) without bias
          |      (4): nn.SpatialBatchNormalization (4D) (32)
          |    }
           `-> (2): nn.Identity
           ... -> output
      }
      (2): nn.CAddTable
    }
  }
  (5): nn.Sequential {
    [input -> (1) -> (2) -> (3) -> (4) -> (5) -> (6) -> (7) -> (8) -> (9) -> (10) -> (11) -> (12) -> (13) -> (14) -> (15) -> (16) -> (17) -> (18) -> output]
    (1): nn.Sequential {
      [input -> (1) -> (2) -> output]
      (1): nn.ConcatTable {
        input
          |`-> (1): nn.Sequential {
          |      [input -> (1) -> (2) -> (3) -> (4) -> output]
          |      (1): cudnn.SpatialConvolution(32 -> 64, 3x3, 2,2, 1,1) without bias
          |      (2): nn.Sequential {
          |        [input -> (1) -> (2) -> output]
          |        (1): nn.SpatialBatchNormalization (4D) (64)
          |        (2): nn.ReLU
          |      }
          |      (3): cudnn.SpatialConvolution(64 -> 64, 3x3, 1,1, 1,1) without bias
          |      (4): nn.SpatialBatchNormalization (4D) (64)
          |    }
           `-> (2): nn.Sequential {
                 [input -> (1) -> (2) -> output]
                 (1): nn.SpatialAveragePooling(1x1, 2,2)
                 (2): nn.Concat {
                   input
                     |`-> (1): nn.Identity
                      `-> (2): nn.MulConstant
                      ... -> output
                 }
               }
           ... -> output
      }
      (2): nn.CAddTable
    }
    (2): nn.Sequential {
      [input -> (1) -> (2) -> output]
      (1): nn.ConcatTable {
        input
          |`-> (1): nn.Sequential {
          |      [input -> (1) -> (2) -> (3) -> (4) -> output]
          |      (1): cudnn.SpatialConvolution(64 -> 64, 3x3, 1,1, 1,1) without bias
          |      (2): nn.Sequential {
          |        [input -> (1) -> (2) -> output]
          |        (1): nn.SpatialBatchNormalization (4D) (64)
          |        (2): nn.ReLU
          |      }
          |      (3): cudnn.SpatialConvolution(64 -> 64, 3x3, 1,1, 1,1) without bias
          |      (4): nn.SpatialBatchNormalization (4D) (64)
          |    }
           `-> (2): nn.Identity
           ... -> output
      }
      (2): nn.CAddTable
    }
    (3): nn.Sequential {
      [input -> (1) -> (2) -> output]
      (1): nn.ConcatTable {
        input
          |`-> (1): nn.Sequential {
          |      [input -> (1) -> (2) -> (3) -> (4) -> output]
          |      (1): cudnn.SpatialConvolution(64 -> 64, 3x3, 1,1, 1,1) without bias
          |      (2): nn.Sequential {
          |        [input -> (1) -> (2) -> output]
          |        (1): nn.SpatialBatchNormalization (4D) (64)
          |        (2): nn.ReLU
          |      }
          |      (3): cudnn.SpatialConvolution(64 -> 64, 3x3, 1,1, 1,1) without bias
          |      (4): nn.SpatialBatchNormalization (4D) (64)
          |    }
           `-> (2): nn.Identity
           ... -> output
      }
      (2): nn.CAddTable
    }
    (4): nn.Sequential {
      [input -> (1) -> (2) -> output]
      (1): nn.ConcatTable {
        input
          |`-> (1): nn.Sequential {
          |      [input -> (1) -> (2) -> (3) -> (4) -> output]
          |      (1): cudnn.SpatialConvolution(64 -> 64, 3x3, 1,1, 1,1) without bias
          |      (2): nn.Sequential {
          |        [input -> (1) -> (2) -> output]
          |        (1): nn.SpatialBatchNormalization (4D) (64)
          |        (2): nn.ReLU
          |      }
          |      (3): cudnn.SpatialConvolution(64 -> 64, 3x3, 1,1, 1,1) without bias
          |      (4): nn.SpatialBatchNormalization (4D) (64)
          |    }
           `-> (2): nn.Identity
           ... -> output
      }
      (2): nn.CAddTable
    }
    (5): nn.Sequential {
      [input -> (1) -> (2) -> output]
      (1): nn.ConcatTable {
        input
          |`-> (1): nn.Sequential {
          |      [input -> (1) -> (2) -> (3) -> (4) -> output]
          |      (1): cudnn.SpatialConvolution(64 -> 64, 3x3, 1,1, 1,1) without bias
          |      (2): nn.Sequential {
          |        [input -> (1) -> (2) -> output]
          |        (1): nn.SpatialBatchNormalization (4D) (64)
          |        (2): nn.ReLU
          |      }
          |      (3): cudnn.SpatialConvolution(64 -> 64, 3x3, 1,1, 1,1) without bias
          |      (4): nn.SpatialBatchNormalization (4D) (64)
          |    }
           `-> (2): nn.Identity
           ... -> output
      }
      (2): nn.CAddTable
    }
    (6): nn.Sequential {
      [input -> (1) -> (2) -> output]
      (1): nn.ConcatTable {
        input
          |`-> (1): nn.Sequential {
          |      [input -> (1) -> (2) -> (3) -> (4) -> output]
          |      (1): cudnn.SpatialConvolution(64 -> 64, 3x3, 1,1, 1,1) without bias
          |      (2): nn.Sequential {
          |        [input -> (1) -> (2) -> output]
          |        (1): nn.SpatialBatchNormalization (4D) (64)
          |        (2): nn.ReLU
          |      }
          |      (3): cudnn.SpatialConvolution(64 -> 64, 3x3, 1,1, 1,1) without bias
          |      (4): nn.SpatialBatchNormalization (4D) (64)
          |    }
           `-> (2): nn.Identity
           ... -> output
      }
      (2): nn.CAddTable
    }
    (7): nn.Sequential {
      [input -> (1) -> (2) -> output]
      (1): nn.ConcatTable {
        input
          |`-> (1): nn.Sequential {
          |      [input -> (1) -> (2) -> (3) -> (4) -> output]
          |      (1): cudnn.SpatialConvolution(64 -> 64, 3x3, 1,1, 1,1) without bias
          |      (2): nn.Sequential {
          |        [input -> (1) -> (2) -> output]
          |        (1): nn.SpatialBatchNormalization (4D) (64)
          |        (2): nn.ReLU
          |      }
          |      (3): cudnn.SpatialConvolution(64 -> 64, 3x3, 1,1, 1,1) without bias
          |      (4): nn.SpatialBatchNormalization (4D) (64)
          |    }
           `-> (2): nn.Identity
           ... -> output
      }
      (2): nn.CAddTable
    }
    (8): nn.Sequential {
      [input -> (1) -> (2) -> output]
      (1): nn.ConcatTable {
        input
          |`-> (1): nn.Sequential {
          |      [input -> (1) -> (2) -> (3) -> (4) -> output]
          |      (1): cudnn.SpatialConvolution(64 -> 64, 3x3, 1,1, 1,1) without bias
          |      (2): nn.Sequential {
          |        [input -> (1) -> (2) -> output]
          |        (1): nn.SpatialBatchNormalization (4D) (64)
          |        (2): nn.ReLU
          |      }
          |      (3): cudnn.SpatialConvolution(64 -> 64, 3x3, 1,1, 1,1) without bias
          |      (4): nn.SpatialBatchNormalization (4D) (64)
          |    }
           `-> (2): nn.Identity
           ... -> output
      }
      (2): nn.CAddTable
    }
    (9): nn.Sequential {
      [input -> (1) -> (2) -> output]
      (1): nn.ConcatTable {
        input
          |`-> (1): nn.Sequential {
          |      [input -> (1) -> (2) -> (3) -> (4) -> output]
          |      (1): cudnn.SpatialConvolution(64 -> 64, 3x3, 1,1, 1,1) without bias
          |      (2): nn.Sequential {
          |        [input -> (1) -> (2) -> output]
          |        (1): nn.SpatialBatchNormalization (4D) (64)
          |        (2): nn.ReLU
          |      }
          |      (3): cudnn.SpatialConvolution(64 -> 64, 3x3, 1,1, 1,1) without bias
          |      (4): nn.SpatialBatchNormalization (4D) (64)
          |    }
           `-> (2): nn.Identity
           ... -> output
      }
      (2): nn.CAddTable
    }
    (10): nn.Sequential {
      [input -> (1) -> (2) -> output]
      (1): nn.ConcatTable {
        input
          |`-> (1): nn.Sequential {
          |      [input -> (1) -> (2) -> (3) -> (4) -> output]
          |      (1): cudnn.SpatialConvolution(64 -> 64, 3x3, 1,1, 1,1) without bias
          |      (2): nn.Sequential {
          |        [input -> (1) -> (2) -> output]
          |        (1): nn.SpatialBatchNormalization (4D) (64)
          |        (2): nn.ReLU
          |      }
          |      (3): cudnn.SpatialConvolution(64 -> 64, 3x3, 1,1, 1,1) without bias
          |      (4): nn.SpatialBatchNormalization (4D) (64)
          |    }
           `-> (2): nn.Identity
           ... -> output
      }
      (2): nn.CAddTable
    }
    (11): nn.Sequential {
      [input -> (1) -> (2) -> output]
      (1): nn.ConcatTable {
        input
          |`-> (1): nn.Sequential {
          |      [input -> (1) -> (2) -> (3) -> (4) -> output]
          |      (1): cudnn.SpatialConvolution(64 -> 64, 3x3, 1,1, 1,1) without bias
          |      (2): nn.Sequential {
          |        [input -> (1) -> (2) -> output]
          |        (1): nn.SpatialBatchNormalization (4D) (64)
          |        (2): nn.ReLU
          |      }
          |      (3): cudnn.SpatialConvolution(64 -> 64, 3x3, 1,1, 1,1) without bias
          |      (4): nn.SpatialBatchNormalization (4D) (64)
          |    }
           `-> (2): nn.Identity
           ... -> output
      }
      (2): nn.CAddTable
    }
    (12): nn.Sequential {
      [input -> (1) -> (2) -> output]
      (1): nn.ConcatTable {
        input
          |`-> (1): nn.Sequential {
          |      [input -> (1) -> (2) -> (3) -> (4) -> output]
          |      (1): cudnn.SpatialConvolution(64 -> 64, 3x3, 1,1, 1,1) without bias
          |      (2): nn.Sequential {
          |        [input -> (1) -> (2) -> output]
          |        (1): nn.SpatialBatchNormalization (4D) (64)
          |        (2): nn.ReLU
          |      }
          |      (3): cudnn.SpatialConvolution(64 -> 64, 3x3, 1,1, 1,1) without bias
          |      (4): nn.SpatialBatchNormalization (4D) (64)
          |    }
           `-> (2): nn.Identity
           ... -> output
      }
      (2): nn.CAddTable
    }
    (13): nn.Sequential {
      [input -> (1) -> (2) -> output]
      (1): nn.ConcatTable {
        input
          |`-> (1): nn.Sequential {
          |      [input -> (1) -> (2) -> (3) -> (4) -> output]
          |      (1): cudnn.SpatialConvolution(64 -> 64, 3x3, 1,1, 1,1) without bias
          |      (2): nn.Sequential {
          |        [input -> (1) -> (2) -> output]
          |        (1): nn.SpatialBatchNormalization (4D) (64)
          |        (2): nn.ReLU
          |      }
          |      (3): cudnn.SpatialConvolution(64 -> 64, 3x3, 1,1, 1,1) without bias
          |      (4): nn.SpatialBatchNormalization (4D) (64)
          |    }
           `-> (2): nn.Identity
           ... -> output
      }
      (2): nn.CAddTable
    }
    (14): nn.Sequential {
      [input -> (1) -> (2) -> output]
      (1): nn.ConcatTable {
        input
          |`-> (1): nn.Sequential {
          |      [input -> (1) -> (2) -> (3) -> (4) -> output]
          |      (1): cudnn.SpatialConvolution(64 -> 64, 3x3, 1,1, 1,1) without bias
          |      (2): nn.Sequential {
          |        [input -> (1) -> (2) -> output]
          |        (1): nn.SpatialBatchNormalization (4D) (64)
          |        (2): nn.ReLU
          |      }
          |      (3): cudnn.SpatialConvolution(64 -> 64, 3x3, 1,1, 1,1) without bias
          |      (4): nn.SpatialBatchNormalization (4D) (64)
          |    }
           `-> (2): nn.Identity
           ... -> output
      }
      (2): nn.CAddTable
    }
    (15): nn.Sequential {
      [input -> (1) -> (2) -> output]
      (1): nn.ConcatTable {
        input
          |`-> (1): nn.Sequential {
          |      [input -> (1) -> (2) -> (3) -> (4) -> output]
          |      (1): cudnn.SpatialConvolution(64 -> 64, 3x3, 1,1, 1,1) without bias
          |      (2): nn.Sequential {
          |        [input -> (1) -> (2) -> output]
          |        (1): nn.SpatialBatchNormalization (4D) (64)
          |        (2): nn.ReLU
          |      }
          |      (3): cudnn.SpatialConvolution(64 -> 64, 3x3, 1,1, 1,1) without bias
          |      (4): nn.SpatialBatchNormalization (4D) (64)
          |    }
           `-> (2): nn.Identity
           ... -> output
      }
      (2): nn.CAddTable
    }
    (16): nn.Sequential {
      [input -> (1) -> (2) -> output]
      (1): nn.ConcatTable {
        input
          |`-> (1): nn.Sequential {
          |      [input -> (1) -> (2) -> (3) -> (4) -> output]
          |      (1): cudnn.SpatialConvolution(64 -> 64, 3x3, 1,1, 1,1) without bias
          |      (2): nn.Sequential {
          |        [input -> (1) -> (2) -> output]
          |        (1): nn.SpatialBatchNormalization (4D) (64)
          |        (2): nn.ReLU
          |      }
          |      (3): cudnn.SpatialConvolution(64 -> 64, 3x3, 1,1, 1,1) without bias
          |      (4): nn.SpatialBatchNormalization (4D) (64)
          |    }
           `-> (2): nn.Identity
           ... -> output
      }
      (2): nn.CAddTable
    }
    (17): nn.Sequential {
      [input -> (1) -> (2) -> output]
      (1): nn.ConcatTable {
        input
          |`-> (1): nn.Sequential {
          |      [input -> (1) -> (2) -> (3) -> (4) -> output]
          |      (1): cudnn.SpatialConvolution(64 -> 64, 3x3, 1,1, 1,1) without bias
          |      (2): nn.Sequential {
          |        [input -> (1) -> (2) -> output]
          |        (1): nn.SpatialBatchNormalization (4D) (64)
          |        (2): nn.ReLU
          |      }
          |      (3): cudnn.SpatialConvolution(64 -> 64, 3x3, 1,1, 1,1) without bias
          |      (4): nn.SpatialBatchNormalization (4D) (64)
          |    }
           `-> (2): nn.Identity
           ... -> output
      }
      (2): nn.CAddTable
    }
    (18): nn.Sequential {
      [input -> (1) -> (2) -> output]
      (1): nn.ConcatTable {
        input
          |`-> (1): nn.Sequential {
          |      [input -> (1) -> (2) -> (3) -> (4) -> output]
          |      (1): cudnn.SpatialConvolution(64 -> 64, 3x3, 1,1, 1,1) without bias
          |      (2): nn.Sequential {
          |        [input -> (1) -> (2) -> output]
          |        (1): nn.SpatialBatchNormalization (4D) (64)
          |        (2): nn.ReLU
          |      }
          |      (3): cudnn.SpatialConvolution(64 -> 64, 3x3, 1,1, 1,1) without bias
          |      (4): nn.SpatialBatchNormalization (4D) (64)
          |    }
           `-> (2): nn.Identity
           ... -> output
      }
      (2): nn.CAddTable
    }
  }
  (6): nn.Sequential {
    [input -> (1) -> (2) -> output]
    (1): nn.SpatialBatchNormalization (4D) (64)
    (2): nn.ReLU
  }
  (7): cudnn.SpatialAveragePooling(8x8, 1,1)
  (8): nn.View(64)
  (9): nn.Linear(64 -> 100)
}
=> Training epoch # 1	
 * Finished epoch # 1     top1:  89.629  top5:  67.314
	
 * Best model 	89.62890625	67.314453125	
=> Training epoch # 2	
 * Finished epoch # 2     top1:  86.377  top5:  60.703
	
 * Best model 	86.376953125	60.703125	
=> Training epoch # 3	
 * Finished epoch # 3     top1:  79.316  top5:  49.414
	
 * Best model 	79.31640625	49.4140625	
=> Training epoch # 4	
 * Finished epoch # 4     top1:  77.012  top5:  43.789
	
 * Best model 	77.01171875	43.7890625	
=> Training epoch # 5	
 * Finished epoch # 5     top1:  74.219  top5:  41.709
	
 * Best model 	74.21875	41.708984375	
=> Training epoch # 6	
 * Finished epoch # 6     top1:  66.855  top5:  32.119
	
 * Best model 	66.85546875	32.119140625	
=> Training epoch # 7	
 * Finished epoch # 7     top1:  64.941  top5:  31.592
	
 * Best model 	64.94140625	31.591796875	
=> Training epoch # 8	
 * Finished epoch # 8     top1:  62.744  top5:  30.000
	
 * Best model 	62.744140625	30	
=> Training epoch # 9	
 * Finished epoch # 9     top1:  59.326  top5:  25.811
	
 * Best model 	59.326171875	25.810546875	
=> Training epoch # 10	
 * Finished epoch # 10     top1:  59.941  top5:  24.863
	
=> Training epoch # 11	
 * Finished epoch # 11     top1:  56.816  top5:  23.516
	
 * Best model 	56.81640625	23.515625	
=> Training epoch # 12	
 * Finished epoch # 12     top1:  55.967  top5:  22.910
	
 * Best model 	55.966796875	22.91015625	
=> Training epoch # 13	
 * Finished epoch # 13     top1:  52.617  top5:  20.029
	
 * Best model 	52.6171875	20.029296875	
=> Training epoch # 14	
 * Finished epoch # 14     top1:  52.285  top5:  21.426
	
 * Best model 	52.28515625	21.42578125	
=> Training epoch # 15	
 * Finished epoch # 15     top1:  55.020  top5:  24.414
	
=> Training epoch # 16	
 * Finished epoch # 16     top1:  52.627  top5:  22.002
	
=> Training epoch # 17	
 * Finished epoch # 17     top1:  53.809  top5:  20.254
	
=> Training epoch # 18	
 * Finished epoch # 18     top1:  53.936  top5:  22.275
	
=> Training epoch # 19	
 * Finished epoch # 19     top1:  51.357  top5:  20.264
	
 * Best model 	51.357421875	20.263671875	
=> Training epoch # 20	
 * Finished epoch # 20     top1:  57.334  top5:  26.484
	
=> Training epoch # 21	
 * Finished epoch # 21     top1:  49.414  top5:  19.023
	
 * Best model 	49.4140625	19.0234375	
=> Training epoch # 22	
 * Finished epoch # 22     top1:  56.270  top5:  23.770
	
=> Training epoch # 23	
 * Finished epoch # 23     top1:  55.488  top5:  25.713
	
=> Training epoch # 24	
 * Finished epoch # 24     top1:  57.139  top5:  25.615
	
=> Training epoch # 25	
 * Finished epoch # 25     top1:  50.830  top5:  20.879
	
=> Training epoch # 26	
 * Finished epoch # 26     top1:  50.615  top5:  19.961
	
=> Training epoch # 27	
 * Finished epoch # 27     top1:  49.863  top5:  17.891
	
=> Training epoch # 28	
 * Finished epoch # 28     top1:  54.248  top5:  23.613
	
=> Training epoch # 29	
 * Finished epoch # 29     top1:  48.555  top5:  18.096
	
 * Best model 	48.5546875	18.095703125	
=> Training epoch # 30	
 * Finished epoch # 30     top1:  47.305  top5:  17.490
	
 * Best model 	47.3046875	17.490234375	
=> Training epoch # 31	
 * Finished epoch # 31     top1:  48.320  top5:  18.213
	
=> Training epoch # 32	
 * Finished epoch # 32     top1:  50.859  top5:  18.896
	
=> Training epoch # 33	
 * Finished epoch # 33     top1:  47.891  top5:  18.301
	
=> Training epoch # 34	
 * Finished epoch # 34     top1:  50.566  top5:  20.615
	
=> Training epoch # 35	
 * Finished epoch # 35     top1:  51.465  top5:  20.566
	
=> Training epoch # 36	
 * Finished epoch # 36     top1:  45.068  top5:  15.225
	
 * Best model 	45.068359375	15.224609375	
=> Training epoch # 37	
 * Finished epoch # 37     top1:  47.041  top5:  16.514
	
=> Training epoch # 38	
 * Finished epoch # 38     top1:  47.432  top5:  18.096
	
=> Training epoch # 39	
 * Finished epoch # 39     top1:  55.000  top5:  21.562
	
=> Training epoch # 40	
 * Finished epoch # 40     top1:  47.764  top5:  18.438
	
=> Training epoch # 41	
 * Finished epoch # 41     top1:  46.240  top5:  16.963
	
=> Training epoch # 42	
 * Finished epoch # 42     top1:  48.320  top5:  19.023
	
=> Training epoch # 43	
 * Finished epoch # 43     top1:  53.154  top5:  22.510
	
=> Training epoch # 44	
 * Finished epoch # 44     top1:  49.521  top5:  19.424
	
=> Training epoch # 45	
 * Finished epoch # 45     top1:  47.432  top5:  18.730
	
=> Training epoch # 46	
 * Finished epoch # 46     top1:  47.812  top5:  18.184
	
=> Training epoch # 47	
 * Finished epoch # 47     top1:  53.838  top5:  23.457
	
=> Training epoch # 48	
 * Finished epoch # 48     top1:  48.828  top5:  18.711
	
=> Training epoch # 49	
 * Finished epoch # 49     top1:  49.346  top5:  19.395
	
=> Training epoch # 50	
 * Finished epoch # 50     top1:  48.838  top5:  17.598
	
=> Training epoch # 51	
 * Finished epoch # 51     top1:  53.076  top5:  22.822
	
=> Training epoch # 52	
 * Finished epoch # 52     top1:  49.199  top5:  17.969
	
=> Training epoch # 53	
 * Finished epoch # 53     top1:  55.479  top5:  23.320
	
=> Training epoch # 54	
 * Finished epoch # 54     top1:  45.605  top5:  16.836
	
=> Training epoch # 55	
 * Finished epoch # 55     top1:  47.725  top5:  17.871
	
=> Training epoch # 56	
 * Finished epoch # 56     top1:  45.234  top5:  16.562
	
=> Training epoch # 57	
 * Finished epoch # 57     top1:  48.369  top5:  18.496
	
=> Training epoch # 58	
 * Finished epoch # 58     top1:  49.082  top5:  17.441
	
=> Training epoch # 59	
 * Finished epoch # 59     top1:  45.615  top5:  16.445
	
=> Training epoch # 60	
 * Finished epoch # 60     top1:  47.900  top5:  17.822
	
=> Training epoch # 61	
 * Finished epoch # 61     top1:  46.387  top5:  16.758
	
=> Training epoch # 62	
 * Finished epoch # 62     top1:  49.756  top5:  18.975
	
=> Training epoch # 63	
 * Finished epoch # 63     top1:  51.230  top5:  20.479
	
=> Training epoch # 64	
 * Finished epoch # 64     top1:  52.100  top5:  21.084
	
=> Training epoch # 65	
 * Finished epoch # 65     top1:  51.611  top5:  19.795
	
=> Training epoch # 66	
 * Finished epoch # 66     top1:  51.230  top5:  21.221
	
=> Training epoch # 67	
 * Finished epoch # 67     top1:  45.098  top5:  15.654
	
=> Training epoch # 68	
 * Finished epoch # 68     top1:  50.820  top5:  19.971
	
=> Training epoch # 69	
 * Finished epoch # 69     top1:  46.357  top5:  16.357
	
=> Training epoch # 70	
 * Finished epoch # 70     top1:  48.818  top5:  19.551
	
=> Training epoch # 71	
 * Finished epoch # 71     top1:  47.725  top5:  17.275
	
=> Training epoch # 72	
 * Finished epoch # 72     top1:  51.992  top5:  21.855
	
=> Training epoch # 73	
 * Finished epoch # 73     top1:  52.158  top5:  21.309
	
=> Training epoch # 74	
 * Finished epoch # 74     top1:  57.012  top5:  23.223
	
=> Training epoch # 75	
 * Finished epoch # 75     top1:  46.885  top5:  17.803
	
=> Training epoch # 76	
 * Finished epoch # 76     top1:  54.561  top5:  24.512
	
=> Training epoch # 77	
 * Finished epoch # 77     top1:  48.926  top5:  17.822
	
=> Training epoch # 78	
 * Finished epoch # 78     top1:  47.432  top5:  18.086
	
=> Training epoch # 79	
 * Finished epoch # 79     top1:  50.801  top5:  19.746
	
=> Training epoch # 80	
 * Finished epoch # 80     top1:  47.773  top5:  17.451
	
=> Training epoch # 81	
 * Finished epoch # 81     top1:  28.545  top5:   6.572
	
 * Best model 	28.544921875	6.572265625	
=> Training epoch # 82	
 * Finished epoch # 82     top1:  28.330  top5:   6.670
	
 * Best model 	28.330078125	6.669921875	
=> Training epoch # 83	
 * Finished epoch # 83     top1:  26.855  top5:   6.484
	
 * Best model 	26.85546875	6.484375	
=> Training epoch # 84	
 * Finished epoch # 84     top1:  27.959  top5:   6.504
	
=> Training epoch # 85	
 * Finished epoch # 85     top1:  27.373  top5:   6.826
	
=> Training epoch # 86	
 * Finished epoch # 86     top1:  26.963  top5:   6.631
	
=> Training epoch # 87	
 * Finished epoch # 87     top1:  28.105  top5:   7.070
	
=> Training epoch # 88	
 * Finished epoch # 88     top1:  27.803  top5:   7.295
	
=> Training epoch # 89	
 * Finished epoch # 89     top1:  27.100  top5:   6.943
	
=> Training epoch # 90	
 * Finished epoch # 90     top1:  28.926  top5:   7.715
	
=> Training epoch # 91	
 * Finished epoch # 91     top1:  28.037  top5:   7.305
	
=> Training epoch # 92	
 * Finished epoch # 92     top1:  29.297  top5:   7.861
	
=> Training epoch # 93	
 * Finished epoch # 93     top1:  28.857  top5:   7.725
	
=> Training epoch # 94	
 * Finished epoch # 94     top1:  28.848  top5:   7.871
	
=> Training epoch # 95	
 * Finished epoch # 95     top1:  28.701  top5:   7.852
	
=> Training epoch # 96	
 * Finished epoch # 96     top1:  28.564  top5:   7.783
	
=> Training epoch # 97	
 * Finished epoch # 97     top1:  28.799  top5:   7.764
	
=> Training epoch # 98	
 * Finished epoch # 98     top1:  28.945  top5:   7.969
	
=> Training epoch # 99	
 * Finished epoch # 99     top1:  30.518  top5:   8.604
	
=> Training epoch # 100	
 * Finished epoch # 100     top1:  29.609  top5:   8.477
	
=> Training epoch # 101	
 * Finished epoch # 101     top1:  29.326  top5:   7.764
	
=> Training epoch # 102	
 * Finished epoch # 102     top1:  29.639  top5:   8.008
	
=> Training epoch # 103	
 * Finished epoch # 103     top1:  30.479  top5:   8.574
	
=> Training epoch # 104	
 * Finished epoch # 104     top1:  29.844  top5:   8.271
	
=> Training epoch # 105	
 * Finished epoch # 105     top1:  30.557  top5:   8.740
	
=> Training epoch # 106	
 * Finished epoch # 106     top1:  32.236  top5:   9.160
	
=> Training epoch # 107	
 * Finished epoch # 107     top1:  31.445  top5:   9.248
	
=> Training epoch # 108	
 * Finished epoch # 108     top1:  31.182  top5:   9.082
	
=> Training epoch # 109	
 * Finished epoch # 109     top1:  29.629  top5:   8.174
	
=> Training epoch # 110	
 * Finished epoch # 110     top1:  31.895  top5:   9.072
	
=> Training epoch # 111	
 * Finished epoch # 111     top1:  30.059  top5:   8.564
	
=> Training epoch # 112	
 * Finished epoch # 112     top1:  31.113  top5:   8.975
	
=> Training epoch # 113	
 * Finished epoch # 113     top1:  30.527  top5:   8.594
	
=> Training epoch # 114	
 * Finished epoch # 114     top1:  31.875  top5:   9.316
	
=> Training epoch # 115	
 * Finished epoch # 115     top1:  31.162  top5:   9.131
	
=> Training epoch # 116	
 * Finished epoch # 116     top1:  32.314  top5:   9.639
	
=> Training epoch # 117	
 * Finished epoch # 117     top1:  32.637  top5:   9.453
	
=> Training epoch # 118	
 * Finished epoch # 118     top1:  31.416  top5:   9.717
	
=> Training epoch # 119	
 * Finished epoch # 119     top1:  31.445  top5:   9.424
	
=> Training epoch # 120	
 * Finished epoch # 120     top1:  29.727  top5:   8.760
	
=> Training epoch # 121	
 * Finished epoch # 121     top1:  31.572  top5:   9.258
	
=> Training epoch # 122	
 * Finished epoch # 122     top1:  24.951  top5:   6.553
	
 * Best model 	24.951171875	6.552734375	
=> Training epoch # 123	
 * Finished epoch # 123     top1:  25.010  top5:   6.709
	
=> Training epoch # 124	
 * Finished epoch # 124     top1:  24.717  top5:   6.426
	
 * Best model 	24.716796875	6.42578125	
=> Training epoch # 125	
 * Finished epoch # 125     top1:  25.020  top5:   6.553
	
=> Training epoch # 126	
 * Finished epoch # 126     top1:  24.951  top5:   6.572
	
=> Training epoch # 127	
 * Finished epoch # 127     top1:  24.902  top5:   6.475
	
=> Training epoch # 128	
 * Finished epoch # 128     top1:  24.844  top5:   6.514
	
=> Training epoch # 129	
 * Finished epoch # 129     top1:  24.902  top5:   6.670
	
=> Training epoch # 130	
 * Finished epoch # 130     top1:  24.727  top5:   6.826
	
=> Training epoch # 131	
 * Finished epoch # 131     top1:  25.293  top5:   6.758
	
=> Training epoch # 132	
 * Finished epoch # 132     top1:  25.010  top5:   6.611
	
=> Training epoch # 133	
 * Finished epoch # 133     top1:  25.215  top5:   6.992
	
=> Training epoch # 134	
 * Finished epoch # 134     top1:  25.264  top5:   6.934
	
=> Training epoch # 135	
 * Finished epoch # 135     top1:  24.883  top5:   6.670
	
=> Training epoch # 136	
 * Finished epoch # 136     top1:  25.645  top5:   7.061
	
=> Training epoch # 137	
 * Finished epoch # 137     top1:  25.352  top5:   6.924
	
=> Training epoch # 138	
 * Finished epoch # 138     top1:  25.293  top5:   6.797
	
=> Training epoch # 139	
 * Finished epoch # 139     top1:  24.805  top5:   6.973
	
=> Training epoch # 140	
 * Finished epoch # 140     top1:  25.078  top5:   6.904
	
=> Training epoch # 141	
 * Finished epoch # 141     top1:  25.273  top5:   6.943
	
=> Training epoch # 142	
 * Finished epoch # 142     top1:  24.961  top5:   6.797
	
=> Training epoch # 143	
 * Finished epoch # 143     top1:  25.195  top5:   7.129
	
=> Training epoch # 144	
 * Finished epoch # 144     top1:  25.234  top5:   7.266
	
=> Training epoch # 145	
 * Finished epoch # 145     top1:  25.723  top5:   6.953
	
=> Training epoch # 146	
 * Finished epoch # 146     top1:  25.273  top5:   7.012
	
=> Training epoch # 147	
 * Finished epoch # 147     top1:  25.107  top5:   6.777
	
=> Training epoch # 148	
 * Finished epoch # 148     top1:  25.439  top5:   7.041
	
=> Training epoch # 149	
 * Finished epoch # 149     top1:  25.693  top5:   7.275
	
=> Training epoch # 150	
 * Finished epoch # 150     top1:  25.498  top5:   7.227
	
=> Training epoch # 151	
 * Finished epoch # 151     top1:  25.244  top5:   7.373
	
=> Training epoch # 152	
 * Finished epoch # 152     top1:  25.039  top5:   6.973
	
=> Training epoch # 153	
 * Finished epoch # 153     top1:  25.146  top5:   7.168
	
=> Training epoch # 154	
 * Finished epoch # 154     top1:  25.850  top5:   7.041
	
=> Training epoch # 155	
 * Finished epoch # 155     top1:  25.342  top5:   6.992
	
=> Training epoch # 156	
 * Finished epoch # 156     top1:  25.459  top5:   7.080
	
=> Training epoch # 157	
 * Finished epoch # 157     top1:  25.430  top5:   6.953
	
=> Training epoch # 158	
 * Finished epoch # 158     top1:  25.322  top5:   7.129
	
=> Training epoch # 159	
 * Finished epoch # 159     top1:  25.566  top5:   7.236
	
=> Training epoch # 160	
 * Finished epoch # 160     top1:  25.498  top5:   7.051
	
=> Training epoch # 161	
 * Finished epoch # 161     top1:  25.371  top5:   7.314
	
=> Training epoch # 162	
 * Finished epoch # 162     top1:  26.025  top5:   7.803
	
=> Training epoch # 163	
 * Finished epoch # 163     top1:  26.318  top5:   7.383
	
=> Training epoch # 164	
 * Finished epoch # 164     top1:  25.293  top5:   7.246
	
=> Training epoch # 165	
 * Finished epoch # 165     top1:  25.811  top5:   7.344
	
=> Training epoch # 166	
 * Finished epoch # 166     top1:  26.006  top5:   7.314
	
=> Training epoch # 167	
 * Finished epoch # 167     top1:  25.488  top5:   7.510
	
=> Training epoch # 168	
 * Finished epoch # 168     top1:  25.264  top5:   7.500
	
=> Training epoch # 169	
 * Finished epoch # 169     top1:  26.396  top5:   7.705
	
=> Training epoch # 170	
 * Finished epoch # 170     top1:  25.576  top5:   7.305
	
=> Training epoch # 171	
 * Finished epoch # 171     top1:  26.035  top5:   7.373
	
=> Training epoch # 172	
 * Finished epoch # 172     top1:  26.152  top5:   7.764
	
=> Training epoch # 173	
 * Finished epoch # 173     top1:  25.723  top5:   7.373
	
=> Training epoch # 174	
 * Finished epoch # 174     top1:  25.459  top5:   7.529
	
=> Training epoch # 175	
 * Finished epoch # 175     top1:  25.479  top5:   7.500
	
=> Training epoch # 176	
 * Finished epoch # 176     top1:  25.850  top5:   7.363
	
=> Training epoch # 177	
 * Finished epoch # 177     top1:  25.264  top5:   7.139
	
=> Training epoch # 178	
 * Finished epoch # 178     top1:  25.654  top5:   7.383
	
=> Training epoch # 179	
 * Finished epoch # 179     top1:  25.742  top5:   7.812
	
=> Training epoch # 180	
 * Finished epoch # 180     top1:  25.469  top5:   7.158
	
=> Training epoch # 181	
 * Finished epoch # 181     top1:  25.869  top5:   7.451
	
=> Training epoch # 182	
 * Finished epoch # 182     top1:  25.938  top5:   7.236
	
=> Training epoch # 183	
 * Finished epoch # 183     top1:  25.830  top5:   7.617
	
=> Training epoch # 184	
 * Finished epoch # 184     top1:  25.576  top5:   7.012
	
=> Training epoch # 185	
 * Finished epoch # 185     top1:  25.449  top5:   7.275
	
=> Training epoch # 186	
 * Finished epoch # 186     top1:  26.035  top5:   7.148
	
=> Training epoch # 187	
 * Finished epoch # 187     top1:  25.615  top5:   7.373
	
=> Training epoch # 188	
 * Finished epoch # 188     top1:  25.586  top5:   7.529
	
=> Training epoch # 189	
 * Finished epoch # 189     top1:  25.967  top5:   7.812
	
=> Training epoch # 190	
 * Finished epoch # 190     top1:  25.771  top5:   7.178
	
=> Training epoch # 191	
 * Finished epoch # 191     top1:  26.084  top5:   7.441
	
=> Training epoch # 192	
 * Finished epoch # 192     top1:  25.410  top5:   7.529
	
=> Training epoch # 193	
 * Finished epoch # 193     top1:  26.387  top5:   7.588
	
=> Training epoch # 194	
 * Finished epoch # 194     top1:  25.850  top5:   7.764
	
=> Training epoch # 195	
 * Finished epoch # 195     top1:  25.615  top5:   7.578
	
=> Training epoch # 196	
 * Finished epoch # 196     top1:  26.201  top5:   7.598
	
=> Training epoch # 197	
 * Finished epoch # 197     top1:  26.143  top5:   7.363
	
=> Training epoch # 198	
 * Finished epoch # 198     top1:  25.361  top5:   7.383
	
=> Training epoch # 199	
 * Finished epoch # 199     top1:  26.162  top5:   7.754
	
=> Training epoch # 200	
 * Finished epoch # 200     top1:  25.908  top5:   7.832
	
 * Finished top1: 24.717  top5:  6.426	
