{
  cudnn : "fastest"
  LR : 0.1
  nThreads : 2
  nClasses : 0
  batchSize : 256
  testOnly : false
  netType : "resnet"
  resetClassifier : false
  shortcutType : "A"
  gen : "gen"
  nGPU : 1
  depth : 56
  weightDecay : 0.001
  data : ""
  dataset : "cifar100"
  epochNumber : 1
  manualSeed : 2
  resume : "results/results-elu/try2/cifar100/56"
  optimState : "none"
  nEpochs : 200
  tenCrop : false
  shareGradInput : false
  backend : "cudnn"
  momentum : 0.9
  retrain : "none"
}
=> Creating model from file: models/resnet.lua	
 | ResNet-56 CIFAR-100	
nn.Sequential {
  [input -> (1) -> (2) -> (3) -> (4) -> (5) -> (6) -> (7) -> (8) -> (9) -> output]
  (1): cudnn.SpatialConvolution(3 -> 16, 3x3, 1,1, 1,1) without bias
  (2): nn.ELU (alpha:1.000000)
  (3): nn.Sequential {
    [input -> (1) -> (2) -> (3) -> (4) -> (5) -> (6) -> (7) -> (8) -> (9) -> output]
    (1): nn.Sequential {
      [input -> (1) -> (2) -> output]
      (1): nn.ConcatTable {
        input
          |`-> (1): nn.Sequential {
          |      [input -> (1) -> (2) -> (3) -> (4) -> output]
          |      (1): cudnn.SpatialConvolution(16 -> 16, 3x3, 1,1, 1,1) without bias
          |      (2): nn.ELU (alpha:1.000000)
          |      (3): cudnn.SpatialConvolution(16 -> 16, 3x3, 1,1, 1,1) without bias
          |      (4): nn.SpatialBatchNormalization (4D) (16)
          |    }
           `-> (2): nn.Identity
           ... -> output
      }
      (2): nn.CAddTable
    }
    (2): nn.Sequential {
      [input -> (1) -> (2) -> output]
      (1): nn.ConcatTable {
        input
          |`-> (1): nn.Sequential {
          |      [input -> (1) -> (2) -> (3) -> (4) -> output]
          |      (1): cudnn.SpatialConvolution(16 -> 16, 3x3, 1,1, 1,1) without bias
          |      (2): nn.ELU (alpha:1.000000)
          |      (3): cudnn.SpatialConvolution(16 -> 16, 3x3, 1,1, 1,1) without bias
          |      (4): nn.SpatialBatchNormalization (4D) (16)
          |    }
           `-> (2): nn.Identity
           ... -> output
      }
      (2): nn.CAddTable
    }
    (3): nn.Sequential {
      [input -> (1) -> (2) -> output]
      (1): nn.ConcatTable {
        input
          |`-> (1): nn.Sequential {
          |      [input -> (1) -> (2) -> (3) -> (4) -> output]
          |      (1): cudnn.SpatialConvolution(16 -> 16, 3x3, 1,1, 1,1) without bias
          |      (2): nn.ELU (alpha:1.000000)
          |      (3): cudnn.SpatialConvolution(16 -> 16, 3x3, 1,1, 1,1) without bias
          |      (4): nn.SpatialBatchNormalization (4D) (16)
          |    }
           `-> (2): nn.Identity
           ... -> output
      }
      (2): nn.CAddTable
    }
    (4): nn.Sequential {
      [input -> (1) -> (2) -> output]
      (1): nn.ConcatTable {
        input
          |`-> (1): nn.Sequential {
          |      [input -> (1) -> (2) -> (3) -> (4) -> output]
          |      (1): cudnn.SpatialConvolution(16 -> 16, 3x3, 1,1, 1,1) without bias
          |      (2): nn.ELU (alpha:1.000000)
          |      (3): cudnn.SpatialConvolution(16 -> 16, 3x3, 1,1, 1,1) without bias
          |      (4): nn.SpatialBatchNormalization (4D) (16)
          |    }
           `-> (2): nn.Identity
           ... -> output
      }
      (2): nn.CAddTable
    }
    (5): nn.Sequential {
      [input -> (1) -> (2) -> output]
      (1): nn.ConcatTable {
        input
          |`-> (1): nn.Sequential {
          |      [input -> (1) -> (2) -> (3) -> (4) -> output]
          |      (1): cudnn.SpatialConvolution(16 -> 16, 3x3, 1,1, 1,1) without bias
          |      (2): nn.ELU (alpha:1.000000)
          |      (3): cudnn.SpatialConvolution(16 -> 16, 3x3, 1,1, 1,1) without bias
          |      (4): nn.SpatialBatchNormalization (4D) (16)
          |    }
           `-> (2): nn.Identity
           ... -> output
      }
      (2): nn.CAddTable
    }
    (6): nn.Sequential {
      [input -> (1) -> (2) -> output]
      (1): nn.ConcatTable {
        input
          |`-> (1): nn.Sequential {
          |      [input -> (1) -> (2) -> (3) -> (4) -> output]
          |      (1): cudnn.SpatialConvolution(16 -> 16, 3x3, 1,1, 1,1) without bias
          |      (2): nn.ELU (alpha:1.000000)
          |      (3): cudnn.SpatialConvolution(16 -> 16, 3x3, 1,1, 1,1) without bias
          |      (4): nn.SpatialBatchNormalization (4D) (16)
          |    }
           `-> (2): nn.Identity
           ... -> output
      }
      (2): nn.CAddTable
    }
    (7): nn.Sequential {
      [input -> (1) -> (2) -> output]
      (1): nn.ConcatTable {
        input
          |`-> (1): nn.Sequential {
          |      [input -> (1) -> (2) -> (3) -> (4) -> output]
          |      (1): cudnn.SpatialConvolution(16 -> 16, 3x3, 1,1, 1,1) without bias
          |      (2): nn.ELU (alpha:1.000000)
          |      (3): cudnn.SpatialConvolution(16 -> 16, 3x3, 1,1, 1,1) without bias
          |      (4): nn.SpatialBatchNormalization (4D) (16)
          |    }
           `-> (2): nn.Identity
           ... -> output
      }
      (2): nn.CAddTable
    }
    (8): nn.Sequential {
      [input -> (1) -> (2) -> output]
      (1): nn.ConcatTable {
        input
          |`-> (1): nn.Sequential {
          |      [input -> (1) -> (2) -> (3) -> (4) -> output]
          |      (1): cudnn.SpatialConvolution(16 -> 16, 3x3, 1,1, 1,1) without bias
          |      (2): nn.ELU (alpha:1.000000)
          |      (3): cudnn.SpatialConvolution(16 -> 16, 3x3, 1,1, 1,1) without bias
          |      (4): nn.SpatialBatchNormalization (4D) (16)
          |    }
           `-> (2): nn.Identity
           ... -> output
      }
      (2): nn.CAddTable
    }
    (9): nn.Sequential {
      [input -> (1) -> (2) -> output]
      (1): nn.ConcatTable {
        input
          |`-> (1): nn.Sequential {
          |      [input -> (1) -> (2) -> (3) -> (4) -> output]
          |      (1): cudnn.SpatialConvolution(16 -> 16, 3x3, 1,1, 1,1) without bias
          |      (2): nn.ELU (alpha:1.000000)
          |      (3): cudnn.SpatialConvolution(16 -> 16, 3x3, 1,1, 1,1) without bias
          |      (4): nn.SpatialBatchNormalization (4D) (16)
          |    }
           `-> (2): nn.Identity
           ... -> output
      }
      (2): nn.CAddTable
    }
  }
  (4): nn.Sequential {
    [input -> (1) -> (2) -> (3) -> (4) -> (5) -> (6) -> (7) -> (8) -> (9) -> output]
    (1): nn.Sequential {
      [input -> (1) -> (2) -> output]
      (1): nn.ConcatTable {
        input
          |`-> (1): nn.Sequential {
          |      [input -> (1) -> (2) -> (3) -> (4) -> output]
          |      (1): cudnn.SpatialConvolution(16 -> 32, 3x3, 2,2, 1,1) without bias
          |      (2): nn.ELU (alpha:1.000000)
          |      (3): cudnn.SpatialConvolution(32 -> 32, 3x3, 1,1, 1,1) without bias
          |      (4): nn.SpatialBatchNormalization (4D) (32)
          |    }
           `-> (2): nn.Sequential {
                 [input -> (1) -> (2) -> output]
                 (1): nn.SpatialAveragePooling(1x1, 2,2)
                 (2): nn.Concat {
                   input
                     |`-> (1): nn.Identity
                      `-> (2): nn.MulConstant
                      ... -> output
                 }
               }
           ... -> output
      }
      (2): nn.CAddTable
    }
    (2): nn.Sequential {
      [input -> (1) -> (2) -> output]
      (1): nn.ConcatTable {
        input
          |`-> (1): nn.Sequential {
          |      [input -> (1) -> (2) -> (3) -> (4) -> output]
          |      (1): cudnn.SpatialConvolution(32 -> 32, 3x3, 1,1, 1,1) without bias
          |      (2): nn.ELU (alpha:1.000000)
          |      (3): cudnn.SpatialConvolution(32 -> 32, 3x3, 1,1, 1,1) without bias
          |      (4): nn.SpatialBatchNormalization (4D) (32)
          |    }
           `-> (2): nn.Identity
           ... -> output
      }
      (2): nn.CAddTable
    }
    (3): nn.Sequential {
      [input -> (1) -> (2) -> output]
      (1): nn.ConcatTable {
        input
          |`-> (1): nn.Sequential {
          |      [input -> (1) -> (2) -> (3) -> (4) -> output]
          |      (1): cudnn.SpatialConvolution(32 -> 32, 3x3, 1,1, 1,1) without bias
          |      (2): nn.ELU (alpha:1.000000)
          |      (3): cudnn.SpatialConvolution(32 -> 32, 3x3, 1,1, 1,1) without bias
          |      (4): nn.SpatialBatchNormalization (4D) (32)
          |    }
           `-> (2): nn.Identity
           ... -> output
      }
      (2): nn.CAddTable
    }
    (4): nn.Sequential {
      [input -> (1) -> (2) -> output]
      (1): nn.ConcatTable {
        input
          |`-> (1): nn.Sequential {
          |      [input -> (1) -> (2) -> (3) -> (4) -> output]
          |      (1): cudnn.SpatialConvolution(32 -> 32, 3x3, 1,1, 1,1) without bias
          |      (2): nn.ELU (alpha:1.000000)
          |      (3): cudnn.SpatialConvolution(32 -> 32, 3x3, 1,1, 1,1) without bias
          |      (4): nn.SpatialBatchNormalization (4D) (32)
          |    }
           `-> (2): nn.Identity
           ... -> output
      }
      (2): nn.CAddTable
    }
    (5): nn.Sequential {
      [input -> (1) -> (2) -> output]
      (1): nn.ConcatTable {
        input
          |`-> (1): nn.Sequential {
          |      [input -> (1) -> (2) -> (3) -> (4) -> output]
          |      (1): cudnn.SpatialConvolution(32 -> 32, 3x3, 1,1, 1,1) without bias
          |      (2): nn.ELU (alpha:1.000000)
          |      (3): cudnn.SpatialConvolution(32 -> 32, 3x3, 1,1, 1,1) without bias
          |      (4): nn.SpatialBatchNormalization (4D) (32)
          |    }
           `-> (2): nn.Identity
           ... -> output
      }
      (2): nn.CAddTable
    }
    (6): nn.Sequential {
      [input -> (1) -> (2) -> output]
      (1): nn.ConcatTable {
        input
          |`-> (1): nn.Sequential {
          |      [input -> (1) -> (2) -> (3) -> (4) -> output]
          |      (1): cudnn.SpatialConvolution(32 -> 32, 3x3, 1,1, 1,1) without bias
          |      (2): nn.ELU (alpha:1.000000)
          |      (3): cudnn.SpatialConvolution(32 -> 32, 3x3, 1,1, 1,1) without bias
          |      (4): nn.SpatialBatchNormalization (4D) (32)
          |    }
           `-> (2): nn.Identity
           ... -> output
      }
      (2): nn.CAddTable
    }
    (7): nn.Sequential {
      [input -> (1) -> (2) -> output]
      (1): nn.ConcatTable {
        input
          |`-> (1): nn.Sequential {
          |      [input -> (1) -> (2) -> (3) -> (4) -> output]
          |      (1): cudnn.SpatialConvolution(32 -> 32, 3x3, 1,1, 1,1) without bias
          |      (2): nn.ELU (alpha:1.000000)
          |      (3): cudnn.SpatialConvolution(32 -> 32, 3x3, 1,1, 1,1) without bias
          |      (4): nn.SpatialBatchNormalization (4D) (32)
          |    }
           `-> (2): nn.Identity
           ... -> output
      }
      (2): nn.CAddTable
    }
    (8): nn.Sequential {
      [input -> (1) -> (2) -> output]
      (1): nn.ConcatTable {
        input
          |`-> (1): nn.Sequential {
          |      [input -> (1) -> (2) -> (3) -> (4) -> output]
          |      (1): cudnn.SpatialConvolution(32 -> 32, 3x3, 1,1, 1,1) without bias
          |      (2): nn.ELU (alpha:1.000000)
          |      (3): cudnn.SpatialConvolution(32 -> 32, 3x3, 1,1, 1,1) without bias
          |      (4): nn.SpatialBatchNormalization (4D) (32)
          |    }
           `-> (2): nn.Identity
           ... -> output
      }
      (2): nn.CAddTable
    }
    (9): nn.Sequential {
      [input -> (1) -> (2) -> output]
      (1): nn.ConcatTable {
        input
          |`-> (1): nn.Sequential {
          |      [input -> (1) -> (2) -> (3) -> (4) -> output]
          |      (1): cudnn.SpatialConvolution(32 -> 32, 3x3, 1,1, 1,1) without bias
          |      (2): nn.ELU (alpha:1.000000)
          |      (3): cudnn.SpatialConvolution(32 -> 32, 3x3, 1,1, 1,1) without bias
          |      (4): nn.SpatialBatchNormalization (4D) (32)
          |    }
           `-> (2): nn.Identity
           ... -> output
      }
      (2): nn.CAddTable
    }
  }
  (5): nn.Sequential {
    [input -> (1) -> (2) -> (3) -> (4) -> (5) -> (6) -> (7) -> (8) -> (9) -> output]
    (1): nn.Sequential {
      [input -> (1) -> (2) -> output]
      (1): nn.ConcatTable {
        input
          |`-> (1): nn.Sequential {
          |      [input -> (1) -> (2) -> (3) -> (4) -> output]
          |      (1): cudnn.SpatialConvolution(32 -> 64, 3x3, 2,2, 1,1) without bias
          |      (2): nn.ELU (alpha:1.000000)
          |      (3): cudnn.SpatialConvolution(64 -> 64, 3x3, 1,1, 1,1) without bias
          |      (4): nn.SpatialBatchNormalization (4D) (64)
          |    }
           `-> (2): nn.Sequential {
                 [input -> (1) -> (2) -> output]
                 (1): nn.SpatialAveragePooling(1x1, 2,2)
                 (2): nn.Concat {
                   input
                     |`-> (1): nn.Identity
                      `-> (2): nn.MulConstant
                      ... -> output
                 }
               }
           ... -> output
      }
      (2): nn.CAddTable
    }
    (2): nn.Sequential {
      [input -> (1) -> (2) -> output]
      (1): nn.ConcatTable {
        input
          |`-> (1): nn.Sequential {
          |      [input -> (1) -> (2) -> (3) -> (4) -> output]
          |      (1): cudnn.SpatialConvolution(64 -> 64, 3x3, 1,1, 1,1) without bias
          |      (2): nn.ELU (alpha:1.000000)
          |      (3): cudnn.SpatialConvolution(64 -> 64, 3x3, 1,1, 1,1) without bias
          |      (4): nn.SpatialBatchNormalization (4D) (64)
          |    }
           `-> (2): nn.Identity
           ... -> output
      }
      (2): nn.CAddTable
    }
    (3): nn.Sequential {
      [input -> (1) -> (2) -> output]
      (1): nn.ConcatTable {
        input
          |`-> (1): nn.Sequential {
          |      [input -> (1) -> (2) -> (3) -> (4) -> output]
          |      (1): cudnn.SpatialConvolution(64 -> 64, 3x3, 1,1, 1,1) without bias
          |      (2): nn.ELU (alpha:1.000000)
          |      (3): cudnn.SpatialConvolution(64 -> 64, 3x3, 1,1, 1,1) without bias
          |      (4): nn.SpatialBatchNormalization (4D) (64)
          |    }
           `-> (2): nn.Identity
           ... -> output
      }
      (2): nn.CAddTable
    }
    (4): nn.Sequential {
      [input -> (1) -> (2) -> output]
      (1): nn.ConcatTable {
        input
          |`-> (1): nn.Sequential {
          |      [input -> (1) -> (2) -> (3) -> (4) -> output]
          |      (1): cudnn.SpatialConvolution(64 -> 64, 3x3, 1,1, 1,1) without bias
          |      (2): nn.ELU (alpha:1.000000)
          |      (3): cudnn.SpatialConvolution(64 -> 64, 3x3, 1,1, 1,1) without bias
          |      (4): nn.SpatialBatchNormalization (4D) (64)
          |    }
           `-> (2): nn.Identity
           ... -> output
      }
      (2): nn.CAddTable
    }
    (5): nn.Sequential {
      [input -> (1) -> (2) -> output]
      (1): nn.ConcatTable {
        input
          |`-> (1): nn.Sequential {
          |      [input -> (1) -> (2) -> (3) -> (4) -> output]
          |      (1): cudnn.SpatialConvolution(64 -> 64, 3x3, 1,1, 1,1) without bias
          |      (2): nn.ELU (alpha:1.000000)
          |      (3): cudnn.SpatialConvolution(64 -> 64, 3x3, 1,1, 1,1) without bias
          |      (4): nn.SpatialBatchNormalization (4D) (64)
          |    }
           `-> (2): nn.Identity
           ... -> output
      }
      (2): nn.CAddTable
    }
    (6): nn.Sequential {
      [input -> (1) -> (2) -> output]
      (1): nn.ConcatTable {
        input
          |`-> (1): nn.Sequential {
          |      [input -> (1) -> (2) -> (3) -> (4) -> output]
          |      (1): cudnn.SpatialConvolution(64 -> 64, 3x3, 1,1, 1,1) without bias
          |      (2): nn.ELU (alpha:1.000000)
          |      (3): cudnn.SpatialConvolution(64 -> 64, 3x3, 1,1, 1,1) without bias
          |      (4): nn.SpatialBatchNormalization (4D) (64)
          |    }
           `-> (2): nn.Identity
           ... -> output
      }
      (2): nn.CAddTable
    }
    (7): nn.Sequential {
      [input -> (1) -> (2) -> output]
      (1): nn.ConcatTable {
        input
          |`-> (1): nn.Sequential {
          |      [input -> (1) -> (2) -> (3) -> (4) -> output]
          |      (1): cudnn.SpatialConvolution(64 -> 64, 3x3, 1,1, 1,1) without bias
          |      (2): nn.ELU (alpha:1.000000)
          |      (3): cudnn.SpatialConvolution(64 -> 64, 3x3, 1,1, 1,1) without bias
          |      (4): nn.SpatialBatchNormalization (4D) (64)
          |    }
           `-> (2): nn.Identity
           ... -> output
      }
      (2): nn.CAddTable
    }
    (8): nn.Sequential {
      [input -> (1) -> (2) -> output]
      (1): nn.ConcatTable {
        input
          |`-> (1): nn.Sequential {
          |      [input -> (1) -> (2) -> (3) -> (4) -> output]
          |      (1): cudnn.SpatialConvolution(64 -> 64, 3x3, 1,1, 1,1) without bias
          |      (2): nn.ELU (alpha:1.000000)
          |      (3): cudnn.SpatialConvolution(64 -> 64, 3x3, 1,1, 1,1) without bias
          |      (4): nn.SpatialBatchNormalization (4D) (64)
          |    }
           `-> (2): nn.Identity
           ... -> output
      }
      (2): nn.CAddTable
    }
    (9): nn.Sequential {
      [input -> (1) -> (2) -> output]
      (1): nn.ConcatTable {
        input
          |`-> (1): nn.Sequential {
          |      [input -> (1) -> (2) -> (3) -> (4) -> output]
          |      (1): cudnn.SpatialConvolution(64 -> 64, 3x3, 1,1, 1,1) without bias
          |      (2): nn.ELU (alpha:1.000000)
          |      (3): cudnn.SpatialConvolution(64 -> 64, 3x3, 1,1, 1,1) without bias
          |      (4): nn.SpatialBatchNormalization (4D) (64)
          |    }
           `-> (2): nn.Identity
           ... -> output
      }
      (2): nn.CAddTable
    }
  }
  (6): nn.ELU (alpha:1.000000)
  (7): cudnn.SpatialAveragePooling(8x8, 1,1)
  (8): nn.View(64)
  (9): nn.Linear(64 -> 100)
}
=> Training epoch # 1	
 * Finished epoch # 1     top1:  79.932  top5:  49.609
	
 * Best model 	79.931640625	49.609375	
=> Training epoch # 2	
 * Finished epoch # 2     top1:  70.068  top5:  39.600
	
 * Best model 	70.068359375	39.599609375	
=> Training epoch # 3	
 * Finished epoch # 3     top1:  64.697  top5:  32.676
	
 * Best model 	64.697265625	32.67578125	
=> Training epoch # 4	
 * Finished epoch # 4     top1:  60.732  top5:  27.549
	
 * Best model 	60.732421875	27.548828125	
=> Training epoch # 5	
 * Finished epoch # 5     top1:  57.803  top5:  25.547
	
 * Best model 	57.802734375	25.546875	
=> Training epoch # 6	
 * Finished epoch # 6     top1:  55.439  top5:  24.170
	
 * Best model 	55.439453125	24.169921875	
=> Training epoch # 7	
 * Finished epoch # 7     top1:  50.312  top5:  19.277
	
 * Best model 	50.3125	19.27734375	
=> Training epoch # 8	
 * Finished epoch # 8     top1:  53.613  top5:  22.500
	
=> Training epoch # 9	
 * Finished epoch # 9     top1:  52.412  top5:  21.328
	
=> Training epoch # 10	
 * Finished epoch # 10     top1:  52.510  top5:  21.768
	
=> Training epoch # 11	
 * Finished epoch # 11     top1:  47.344  top5:  17.852
	
 * Best model 	47.34375	17.8515625	
=> Training epoch # 12	
 * Finished epoch # 12     top1:  48.730  top5:  18.154
	
=> Training epoch # 13	
 * Finished epoch # 13     top1:  50.264  top5:  18.438
	
=> Training epoch # 14	
 * Finished epoch # 14     top1:  48.623  top5:  17.188
	
=> Training epoch # 15	
 * Finished epoch # 15     top1:  49.590  top5:  18.613
	
=> Training epoch # 16	
 * Finished epoch # 16     top1:  49.766  top5:  20.273
	
=> Training epoch # 17	
 * Finished epoch # 17     top1:  51.611  top5:  21.357
	
=> Training epoch # 18	
 * Finished epoch # 18     top1:  50.068  top5:  20.293
	
=> Training epoch # 19	
 * Finished epoch # 19     top1:  46.768  top5:  16.670
	
 * Best model 	46.767578125	16.669921875	
=> Training epoch # 20	
 * Finished epoch # 20     top1:  46.748  top5:  16.865
	
 * Best model 	46.748046875	16.865234375	
=> Training epoch # 21	
 * Finished epoch # 21     top1:  48.154  top5:  17.939
	
=> Training epoch # 22	
 * Finished epoch # 22     top1:  46.514  top5:  17.168
	
 * Best model 	46.513671875	17.16796875	
=> Training epoch # 23	
 * Finished epoch # 23     top1:  48.857  top5:  18.906
	
=> Training epoch # 24	
 * Finished epoch # 24     top1:  47.568  top5:  18.018
	
=> Training epoch # 25	
 * Finished epoch # 25     top1:  47.666  top5:  18.398
	
=> Training epoch # 26	
 * Finished epoch # 26     top1:  50.498  top5:  20.928
	
=> Training epoch # 27	
 * Finished epoch # 27     top1:  45.732  top5:  16.133
	
 * Best model 	45.732421875	16.1328125	
=> Training epoch # 28	
 * Finished epoch # 28     top1:  47.422  top5:  16.680
	
=> Training epoch # 29	
 * Finished epoch # 29     top1:  45.869  top5:  15.049
	
=> Training epoch # 30	
 * Finished epoch # 30     top1:  43.193  top5:  14.268
	
 * Best model 	43.193359375	14.267578125	
=> Training epoch # 31	
 * Finished epoch # 31     top1:  46.699  top5:  16.641
	
=> Training epoch # 32	
 * Finished epoch # 32     top1:  45.449  top5:  16.055
	
=> Training epoch # 33	
 * Finished epoch # 33     top1:  46.914  top5:  17.051
	
=> Training epoch # 34	
 * Finished epoch # 34     top1:  49.033  top5:  19.570
	
=> Training epoch # 35	
 * Finished epoch # 35     top1:  44.893  top5:  15.938
	
=> Training epoch # 36	
 * Finished epoch # 36     top1:  47.656  top5:  18.496
	
=> Training epoch # 37	
 * Finished epoch # 37     top1:  47.666  top5:  18.477
	
=> Training epoch # 38	
 * Finished epoch # 38     top1:  45.312  top5:  17.217
	
=> Training epoch # 39	
 * Finished epoch # 39     top1:  43.623  top5:  15.957
	
=> Training epoch # 40	
 * Finished epoch # 40     top1:  48.555  top5:  18.994
	
=> Training epoch # 41	
 * Finished epoch # 41     top1:  43.486  top5:  14.756
	
=> Training epoch # 42	
 * Finished epoch # 42     top1:  43.096  top5:  14.180
	
 * Best model 	43.095703125	14.1796875	
=> Training epoch # 43	
 * Finished epoch # 43     top1:  45.010  top5:  15.352
	
=> Training epoch # 44	
 * Finished epoch # 44     top1:  46.748  top5:  16.465
	
=> Training epoch # 45	
 * Finished epoch # 45     top1:  45.508  top5:  16.396
	
=> Training epoch # 46	
 * Finished epoch # 46     top1:  45.469  top5:  16.250
	
=> Training epoch # 47	
 * Finished epoch # 47     top1:  48.779  top5:  18.486
	
=> Training epoch # 48	
 * Finished epoch # 48     top1:  43.955  top5:  14.795
	
=> Training epoch # 49	
 * Finished epoch # 49     top1:  46.143  top5:  16.787
	
=> Training epoch # 50	
 * Finished epoch # 50     top1:  50.117  top5:  20.859
	
=> Training epoch # 51	
 * Finished epoch # 51     top1:  50.049  top5:  20.010
	
=> Training epoch # 52	
 * Finished epoch # 52     top1:  43.740  top5:  16.553
	
=> Training epoch # 53	
 * Finished epoch # 53     top1:  43.320  top5:  14.209
	
=> Training epoch # 54	
 * Finished epoch # 54     top1:  44.453  top5:  15.117
	
=> Training epoch # 55	
 * Finished epoch # 55     top1:  44.365  top5:  16.240
	
=> Training epoch # 56	
 * Finished epoch # 56     top1:  47.305  top5:  17.539
	
=> Training epoch # 57	
 * Finished epoch # 57     top1:  45.518  top5:  15.801
	
=> Training epoch # 58	
 * Finished epoch # 58     top1:  43.438  top5:  15.576
	
=> Training epoch # 59	
 * Finished epoch # 59     top1:  50.342  top5:  22.100
	
=> Training epoch # 60	
 * Finished epoch # 60     top1:  47.070  top5:  17.217
	
=> Training epoch # 61	
 * Finished epoch # 61     top1:  44.795  top5:  14.727
	
=> Training epoch # 62	
 * Finished epoch # 62     top1:  46.201  top5:  16.436
	
=> Training epoch # 63	
 * Finished epoch # 63     top1:  45.508  top5:  16.641
	
=> Training epoch # 64	
 * Finished epoch # 64     top1:  50.371  top5:  19.180
	
=> Training epoch # 65	
 * Finished epoch # 65     top1:  47.939  top5:  17.314
	
=> Training epoch # 66	
 * Finished epoch # 66     top1:  44.824  top5:  15.156
	
=> Training epoch # 67	
 * Finished epoch # 67     top1:  46.992  top5:  17.373
	
=> Training epoch # 68	
 * Finished epoch # 68     top1:  50.361  top5:  19.111
	
=> Training epoch # 69	
 * Finished epoch # 69     top1:  48.662  top5:  19.326
	
=> Training epoch # 70	
 * Finished epoch # 70     top1:  56.299  top5:  25.869
	
=> Training epoch # 71	
 * Finished epoch # 71     top1:  45.059  top5:  15.703
	
=> Training epoch # 72	
 * Finished epoch # 72     top1:  45.908  top5:  16.211
	
=> Training epoch # 73	
 * Finished epoch # 73     top1:  45.879  top5:  17.285
	
=> Training epoch # 74	
 * Finished epoch # 74     top1:  43.037  top5:  14.033
	
 * Best model 	43.037109375	14.033203125	
=> Training epoch # 75	
 * Finished epoch # 75     top1:  47.998  top5:  17.939
	
=> Training epoch # 76	
 * Finished epoch # 76     top1:  45.098  top5:  16.553
	
=> Training epoch # 77	
 * Finished epoch # 77     top1:  47.324  top5:  17.461
	
=> Training epoch # 78	
 * Finished epoch # 78     top1:  43.418  top5:  14.795
	
=> Training epoch # 79	
 * Finished epoch # 79     top1:  44.736  top5:  16.660
	
=> Training epoch # 80	
 * Finished epoch # 80     top1:  47.656  top5:  17.295
	
=> Training epoch # 81	
 * Finished epoch # 81     top1:  29.131  top5:   7.246
	
 * Best model 	29.130859375	7.24609375	
=> Training epoch # 82	
 * Finished epoch # 82     top1:  28.213  top5:   6.699
	
 * Best model 	28.212890625	6.69921875	
=> Training epoch # 83	
 * Finished epoch # 83     top1:  28.398  top5:   6.982
	
=> Training epoch # 84	
 * Finished epoch # 84     top1:  28.320  top5:   6.875
	
=> Training epoch # 85	
 * Finished epoch # 85     top1:  28.242  top5:   6.738
	
=> Training epoch # 86	
 * Finished epoch # 86     top1:  29.053  top5:   6.953
	
=> Training epoch # 87	
 * Finished epoch # 87     top1:  29.629  top5:   7.451
	
=> Training epoch # 88	
 * Finished epoch # 88     top1:  28.496  top5:   7.578
	
=> Training epoch # 89	
 * Finished epoch # 89     top1:  29.053  top5:   7.275
	
=> Training epoch # 90	
 * Finished epoch # 90     top1:  29.922  top5:   7.871
	
=> Training epoch # 91	
 * Finished epoch # 91     top1:  30.723  top5:   8.564
	
=> Training epoch # 92	
 * Finished epoch # 92     top1:  29.971  top5:   7.998
	
=> Training epoch # 93	
 * Finished epoch # 93     top1:  31.104  top5:   9.004
	
=> Training epoch # 94	
 * Finished epoch # 94     top1:  32.471  top5:   9.111
	
=> Training epoch # 95	
 * Finished epoch # 95     top1:  35.029  top5:  10.430
	
=> Training epoch # 96	
 * Finished epoch # 96     top1:  33.398  top5:   9.961
	
=> Training epoch # 97	
 * Finished epoch # 97     top1:  31.680  top5:   9.609
	
=> Training epoch # 98	
 * Finished epoch # 98     top1:  35.752  top5:  11.201
	
=> Training epoch # 99	
 * Finished epoch # 99     top1:  34.160  top5:  10.039
	
=> Training epoch # 100	
 * Finished epoch # 100     top1:  33.789  top5:  10.391
	
=> Training epoch # 101	
 * Finished epoch # 101     top1:  35.547  top5:  11.377
	
=> Training epoch # 102	
 * Finished epoch # 102     top1:  36.035  top5:  11.172
	
=> Training epoch # 103	
 * Finished epoch # 103     top1:  35.078  top5:  11.367
	
=> Training epoch # 104	
 * Finished epoch # 104     top1:  36.377  top5:  11.865
	
=> Training epoch # 105	
 * Finished epoch # 105     top1:  38.848  top5:  12.812
	
=> Training epoch # 106	
 * Finished epoch # 106     top1:  36.963  top5:  13.213
	
=> Training epoch # 107	
 * Finished epoch # 107     top1:  38.291  top5:  12.998
	
=> Training epoch # 108	
 * Finished epoch # 108     top1:  37.207  top5:  11.523
	
=> Training epoch # 109	
 * Finished epoch # 109     top1:  37.295  top5:  12.422
	
=> Training epoch # 110	
 * Finished epoch # 110     top1:  43.281  top5:  15.264
	
=> Training epoch # 111	
 * Finished epoch # 111     top1:  40.283  top5:  13.721
	
=> Training epoch # 112	
 * Finished epoch # 112     top1:  42.539  top5:  16.436
	
=> Training epoch # 113	
 * Finished epoch # 113     top1:  35.596  top5:  11.826
	
=> Training epoch # 114	
 * Finished epoch # 114     top1:  39.131  top5:  13.955
	
=> Training epoch # 115	
 * Finished epoch # 115     top1:  40.928  top5:  13.965
	
=> Training epoch # 116	
 * Finished epoch # 116     top1:  39.365  top5:  13.340
	
=> Training epoch # 117	
 * Finished epoch # 117     top1:  36.875  top5:  12.324
	
=> Training epoch # 118	
 * Finished epoch # 118     top1:  41.074  top5:  14.551
	
=> Training epoch # 119	
 * Finished epoch # 119     top1:  43.574  top5:  15.107
	
=> Training epoch # 120	
 * Finished epoch # 120     top1:  38.867  top5:  14.326
	
=> Training epoch # 121	
 * Finished epoch # 121     top1:  37.100  top5:  12.031
	
=> Training epoch # 122	
 * Finished epoch # 122     top1:  27.686  top5:   7.451
	
 * Best model 	27.685546875	7.451171875	
=> Training epoch # 123	
 * Finished epoch # 123     top1:  27.461  top5:   7.217
	
 * Best model 	27.4609375	7.216796875	
=> Training epoch # 124	
 * Finished epoch # 124     top1:  27.295  top5:   7.402
	
 * Best model 	27.294921875	7.40234375	
=> Training epoch # 125	
 * Finished epoch # 125     top1:  27.373  top5:   7.627
	
=> Training epoch # 126	
 * Finished epoch # 126     top1:  27.207  top5:   7.676
	
 * Best model 	27.20703125	7.67578125	
=> Training epoch # 127	
 * Finished epoch # 127     top1:  26.924  top5:   7.480
	
 * Best model 	26.923828125	7.48046875	
=> Training epoch # 128	
 * Finished epoch # 128     top1:  27.617  top5:   7.617
	
=> Training epoch # 129	
 * Finished epoch # 129     top1:  27.363  top5:   7.549
	
=> Training epoch # 130	
 * Finished epoch # 130     top1:  27.627  top5:   7.324
	
=> Training epoch # 131	
 * Finished epoch # 131     top1:  27.539  top5:   7.568
	
=> Training epoch # 132	
 * Finished epoch # 132     top1:  27.627  top5:   7.432
	
=> Training epoch # 133	
 * Finished epoch # 133     top1:  27.842  top5:   7.793
	
=> Training epoch # 134	
 * Finished epoch # 134     top1:  27.949  top5:   7.490
	
=> Training epoch # 135	
 * Finished epoch # 135     top1:  28.125  top5:   7.480
	
=> Training epoch # 136	
 * Finished epoch # 136     top1:  26.738  top5:   7.402
	
 * Best model 	26.73828125	7.40234375	
=> Training epoch # 137	
 * Finished epoch # 137     top1:  27.402  top5:   7.637
	
=> Training epoch # 138	
 * Finished epoch # 138     top1:  27.891  top5:   7.715
	
=> Training epoch # 139	
 * Finished epoch # 139     top1:  27.783  top5:   7.451
	
=> Training epoch # 140	
 * Finished epoch # 140     top1:  27.764  top5:   7.744
	
=> Training epoch # 141	
 * Finished epoch # 141     top1:  28.252  top5:   7.910
	
=> Training epoch # 142	
 * Finished epoch # 142     top1:  27.725  top5:   7.822
	
=> Training epoch # 143	
 * Finished epoch # 143     top1:  28.389  top5:   7.822
	
=> Training epoch # 144	
 * Finished epoch # 144     top1:  27.754  top5:   8.027
	
=> Training epoch # 145	
 * Finished epoch # 145     top1:  28.125  top5:   7.549
	
=> Training epoch # 146	
 * Finished epoch # 146     top1:  27.793  top5:   7.598
	
=> Training epoch # 147	
 * Finished epoch # 147     top1:  28.213  top5:   8.008
	
=> Training epoch # 148	
 * Finished epoch # 148     top1:  28.311  top5:   7.832
	
=> Training epoch # 149	
 * Finished epoch # 149     top1:  27.725  top5:   7.725
	
=> Training epoch # 150	
 * Finished epoch # 150     top1:  27.695  top5:   7.939
	
=> Training epoch # 151	
 * Finished epoch # 151     top1:  28.184  top5:   7.900
	
=> Training epoch # 152	
 * Finished epoch # 152     top1:  28.643  top5:   7.900
	
=> Training epoch # 153	
 * Finished epoch # 153     top1:  27.480  top5:   7.900
	
=> Training epoch # 154	
 * Finished epoch # 154     top1:  28.018  top5:   7.871
	
=> Training epoch # 155	
 * Finished epoch # 155     top1:  27.734  top5:   7.754
	
=> Training epoch # 156	
 * Finished epoch # 156     top1:  28.125  top5:   7.822
	
=> Training epoch # 157	
 * Finished epoch # 157     top1:  27.617  top5:   7.725
	
=> Training epoch # 158	
 * Finished epoch # 158     top1:  27.998  top5:   7.803
	
=> Training epoch # 159	
 * Finished epoch # 159     top1:  27.598  top5:   7.881
	
=> Training epoch # 160	
 * Finished epoch # 160     top1:  28.125  top5:   8.135
	
=> Training epoch # 161	
 * Finished epoch # 161     top1:  27.559  top5:   7.910
	
=> Training epoch # 162	
 * Finished epoch # 162     top1:  28.330  top5:   7.881
	
=> Training epoch # 163	
 * Finished epoch # 163     top1:  27.881  top5:   8.271
	
=> Training epoch # 164	
 * Finished epoch # 164     top1:  28.467  top5:   7.734
	
=> Training epoch # 165	
 * Finished epoch # 165     top1:  28.877  top5:   8.789
	
=> Training epoch # 166	
 * Finished epoch # 166     top1:  28.926  top5:   8.545
	
=> Training epoch # 167	
 * Finished epoch # 167     top1:  28.271  top5:   7.998
	
=> Training epoch # 168	
 * Finished epoch # 168     top1:  28.525  top5:   8.135
	
=> Training epoch # 169	
 * Finished epoch # 169     top1:  28.232  top5:   8.154
	
=> Training epoch # 170	
 * Finished epoch # 170     top1:  28.887  top5:   8.447
	
=> Training epoch # 171	
 * Finished epoch # 171     top1:  28.613  top5:   8.213
	
=> Training epoch # 172	
 * Finished epoch # 172     top1:  29.053  top5:   8.496
	
=> Training epoch # 173	
 * Finished epoch # 173     top1:  28.408  top5:   8.418
	
=> Training epoch # 174	
 * Finished epoch # 174     top1:  28.398  top5:   8.223
	
=> Training epoch # 175	
 * Finished epoch # 175     top1:  29.043  top5:   8.311
	
=> Training epoch # 176	
 * Finished epoch # 176     top1:  28.877  top5:   8.213
	
=> Training epoch # 177	
 * Finished epoch # 177     top1:  28.271  top5:   8.174
	
=> Training epoch # 178	
 * Finished epoch # 178     top1:  29.004  top5:   8.584
	
=> Training epoch # 179	
 * Finished epoch # 179     top1:  28.066  top5:   7.891
	
=> Training epoch # 180	
 * Finished epoch # 180     top1:  29.590  top5:   8.359
	
=> Training epoch # 181	
 * Finished epoch # 181     top1:  28.965  top5:   8.486
	
=> Training epoch # 182	
 * Finished epoch # 182     top1:  29.141  top5:   8.594
	
=> Training epoch # 183	
 * Finished epoch # 183     top1:  29.434  top5:   8.779
	
=> Training epoch # 184	
 * Finished epoch # 184     top1:  28.809  top5:   8.418
	
=> Training epoch # 185	
 * Finished epoch # 185     top1:  29.844  top5:   8.691
	
=> Training epoch # 186	
 * Finished epoch # 186     top1:  28.906  top5:   8.418
	
=> Training epoch # 187	
 * Finished epoch # 187     top1:  29.502  top5:   8.721
	
=> Training epoch # 188	
 * Finished epoch # 188     top1:  28.770  top5:   8.555
	
=> Training epoch # 189	
 * Finished epoch # 189     top1:  29.307  top5:   8.613
	
=> Training epoch # 190	
 * Finished epoch # 190     top1:  29.570  top5:   8.740
	
=> Training epoch # 191	
 * Finished epoch # 191     top1:  28.965  top5:   8.701
	
=> Training epoch # 192	
 * Finished epoch # 192     top1:  29.092  top5:   8.652
	
=> Training epoch # 193	
 * Finished epoch # 193     top1:  29.043  top5:   8.613
	
=> Training epoch # 194	
 * Finished epoch # 194     top1:  29.434  top5:   8.838
	
=> Training epoch # 195	
 * Finished epoch # 195     top1:  29.648  top5:   8.662
	
=> Training epoch # 196	
 * Finished epoch # 196     top1:  29.189  top5:   8.848
	
=> Training epoch # 197	
 * Finished epoch # 197     top1:  29.346  top5:   9.053
	
=> Training epoch # 198	
 * Finished epoch # 198     top1:  30.566  top5:   9.482
	
=> Training epoch # 199	
 * Finished epoch # 199     top1:  30.205  top5:   9.141
	
=> Training epoch # 200	
 * Finished epoch # 200     top1:  29.072  top5:   8.711
	
 * Finished top1: 26.738  top5:  7.402	
