{
  cudnn : "fastest"
  LR : 0.1
  nThreads : 2
  nClasses : 0
  batchSize : 256
  testOnly : false
  netType : "resnet"
  resetClassifier : false
  shortcutType : "A"
  gen : "gen"
  nGPU : 1
  depth : 32
  weightDecay : 0.001
  data : ""
  dataset : "cifar100"
  epochNumber : 1
  manualSeed : 2
  resume : "results/try2/cifar100/32"
  optimState : "none"
  nEpochs : 200
  tenCrop : false
  shareGradInput : false
  backend : "cudnn"
  momentum : 0.9
  retrain : "none"
}
=> Creating model from file: models/resnet.lua	
 | ResNet-32 CIFAR-100	
nn.Sequential {
  [input -> (1) -> (2) -> (3) -> (4) -> (5) -> (6) -> (7) -> (8) -> (9) -> output]
  (1): cudnn.SpatialConvolution(3 -> 16, 3x3, 1,1, 1,1) without bias
  (2): nn.Sequential {
    [input -> (1) -> (2) -> (3) -> output]
    (1): nn.ConstrainedDiv
    (2): nn.ELU (alpha:1.000000)
    (3): nn.ConstrainedMul
  }
  (3): nn.Sequential {
    [input -> (1) -> (2) -> (3) -> (4) -> (5) -> output]
    (1): nn.Sequential {
      [input -> (1) -> (2) -> output]
      (1): nn.ConcatTable {
        input
          |`-> (1): nn.Sequential {
          |      [input -> (1) -> (2) -> (3) -> (4) -> output]
          |      (1): cudnn.SpatialConvolution(16 -> 16, 3x3, 1,1, 1,1) without bias
          |      (2): nn.Sequential {
          |        [input -> (1) -> (2) -> (3) -> output]
          |        (1): nn.ConstrainedDiv
          |        (2): nn.ELU (alpha:1.000000)
          |        (3): nn.ConstrainedMul
          |      }
          |      (3): cudnn.SpatialConvolution(16 -> 16, 3x3, 1,1, 1,1) without bias
          |      (4): nn.SpatialBatchNormalization (4D) (16)
          |    }
           `-> (2): nn.Identity
           ... -> output
      }
      (2): nn.CAddTable
    }
    (2): nn.Sequential {
      [input -> (1) -> (2) -> output]
      (1): nn.ConcatTable {
        input
          |`-> (1): nn.Sequential {
          |      [input -> (1) -> (2) -> (3) -> (4) -> output]
          |      (1): cudnn.SpatialConvolution(16 -> 16, 3x3, 1,1, 1,1) without bias
          |      (2): nn.Sequential {
          |        [input -> (1) -> (2) -> (3) -> output]
          |        (1): nn.ConstrainedDiv
          |        (2): nn.ELU (alpha:1.000000)
          |        (3): nn.ConstrainedMul
          |      }
          |      (3): cudnn.SpatialConvolution(16 -> 16, 3x3, 1,1, 1,1) without bias
          |      (4): nn.SpatialBatchNormalization (4D) (16)
          |    }
           `-> (2): nn.Identity
           ... -> output
      }
      (2): nn.CAddTable
    }
    (3): nn.Sequential {
      [input -> (1) -> (2) -> output]
      (1): nn.ConcatTable {
        input
          |`-> (1): nn.Sequential {
          |      [input -> (1) -> (2) -> (3) -> (4) -> output]
          |      (1): cudnn.SpatialConvolution(16 -> 16, 3x3, 1,1, 1,1) without bias
          |      (2): nn.Sequential {
          |        [input -> (1) -> (2) -> (3) -> output]
          |        (1): nn.ConstrainedDiv
          |        (2): nn.ELU (alpha:1.000000)
          |        (3): nn.ConstrainedMul
          |      }
          |      (3): cudnn.SpatialConvolution(16 -> 16, 3x3, 1,1, 1,1) without bias
          |      (4): nn.SpatialBatchNormalization (4D) (16)
          |    }
           `-> (2): nn.Identity
           ... -> output
      }
      (2): nn.CAddTable
    }
    (4): nn.Sequential {
      [input -> (1) -> (2) -> output]
      (1): nn.ConcatTable {
        input
          |`-> (1): nn.Sequential {
          |      [input -> (1) -> (2) -> (3) -> (4) -> output]
          |      (1): cudnn.SpatialConvolution(16 -> 16, 3x3, 1,1, 1,1) without bias
          |      (2): nn.Sequential {
          |        [input -> (1) -> (2) -> (3) -> output]
          |        (1): nn.ConstrainedDiv
          |        (2): nn.ELU (alpha:1.000000)
          |        (3): nn.ConstrainedMul
          |      }
          |      (3): cudnn.SpatialConvolution(16 -> 16, 3x3, 1,1, 1,1) without bias
          |      (4): nn.SpatialBatchNormalization (4D) (16)
          |    }
           `-> (2): nn.Identity
           ... -> output
      }
      (2): nn.CAddTable
    }
    (5): nn.Sequential {
      [input -> (1) -> (2) -> output]
      (1): nn.ConcatTable {
        input
          |`-> (1): nn.Sequential {
          |      [input -> (1) -> (2) -> (3) -> (4) -> output]
          |      (1): cudnn.SpatialConvolution(16 -> 16, 3x3, 1,1, 1,1) without bias
          |      (2): nn.Sequential {
          |        [input -> (1) -> (2) -> (3) -> output]
          |        (1): nn.ConstrainedDiv
          |        (2): nn.ELU (alpha:1.000000)
          |        (3): nn.ConstrainedMul
          |      }
          |      (3): cudnn.SpatialConvolution(16 -> 16, 3x3, 1,1, 1,1) without bias
          |      (4): nn.SpatialBatchNormalization (4D) (16)
          |    }
           `-> (2): nn.Identity
           ... -> output
      }
      (2): nn.CAddTable
    }
  }
  (4): nn.Sequential {
    [input -> (1) -> (2) -> (3) -> (4) -> (5) -> output]
    (1): nn.Sequential {
      [input -> (1) -> (2) -> output]
      (1): nn.ConcatTable {
        input
          |`-> (1): nn.Sequential {
          |      [input -> (1) -> (2) -> (3) -> (4) -> output]
          |      (1): cudnn.SpatialConvolution(16 -> 32, 3x3, 2,2, 1,1) without bias
          |      (2): nn.Sequential {
          |        [input -> (1) -> (2) -> (3) -> output]
          |        (1): nn.ConstrainedDiv
          |        (2): nn.ELU (alpha:1.000000)
          |        (3): nn.ConstrainedMul
          |      }
          |      (3): cudnn.SpatialConvolution(32 -> 32, 3x3, 1,1, 1,1) without bias
          |      (4): nn.SpatialBatchNormalization (4D) (32)
          |    }
           `-> (2): nn.Sequential {
                 [input -> (1) -> (2) -> output]
                 (1): nn.SpatialAveragePooling(1x1, 2,2)
                 (2): nn.Concat {
                   input
                     |`-> (1): nn.Identity
                      `-> (2): nn.MulConstant
                      ... -> output
                 }
               }
           ... -> output
      }
      (2): nn.CAddTable
    }
    (2): nn.Sequential {
      [input -> (1) -> (2) -> output]
      (1): nn.ConcatTable {
        input
          |`-> (1): nn.Sequential {
          |      [input -> (1) -> (2) -> (3) -> (4) -> output]
          |      (1): cudnn.SpatialConvolution(32 -> 32, 3x3, 1,1, 1,1) without bias
          |      (2): nn.Sequential {
          |        [input -> (1) -> (2) -> (3) -> output]
          |        (1): nn.ConstrainedDiv
          |        (2): nn.ELU (alpha:1.000000)
          |        (3): nn.ConstrainedMul
          |      }
          |      (3): cudnn.SpatialConvolution(32 -> 32, 3x3, 1,1, 1,1) without bias
          |      (4): nn.SpatialBatchNormalization (4D) (32)
          |    }
           `-> (2): nn.Identity
           ... -> output
      }
      (2): nn.CAddTable
    }
    (3): nn.Sequential {
      [input -> (1) -> (2) -> output]
      (1): nn.ConcatTable {
        input
          |`-> (1): nn.Sequential {
          |      [input -> (1) -> (2) -> (3) -> (4) -> output]
          |      (1): cudnn.SpatialConvolution(32 -> 32, 3x3, 1,1, 1,1) without bias
          |      (2): nn.Sequential {
          |        [input -> (1) -> (2) -> (3) -> output]
          |        (1): nn.ConstrainedDiv
          |        (2): nn.ELU (alpha:1.000000)
          |        (3): nn.ConstrainedMul
          |      }
          |      (3): cudnn.SpatialConvolution(32 -> 32, 3x3, 1,1, 1,1) without bias
          |      (4): nn.SpatialBatchNormalization (4D) (32)
          |    }
           `-> (2): nn.Identity
           ... -> output
      }
      (2): nn.CAddTable
    }
    (4): nn.Sequential {
      [input -> (1) -> (2) -> output]
      (1): nn.ConcatTable {
        input
          |`-> (1): nn.Sequential {
          |      [input -> (1) -> (2) -> (3) -> (4) -> output]
          |      (1): cudnn.SpatialConvolution(32 -> 32, 3x3, 1,1, 1,1) without bias
          |      (2): nn.Sequential {
          |        [input -> (1) -> (2) -> (3) -> output]
          |        (1): nn.ConstrainedDiv
          |        (2): nn.ELU (alpha:1.000000)
          |        (3): nn.ConstrainedMul
          |      }
          |      (3): cudnn.SpatialConvolution(32 -> 32, 3x3, 1,1, 1,1) without bias
          |      (4): nn.SpatialBatchNormalization (4D) (32)
          |    }
           `-> (2): nn.Identity
           ... -> output
      }
      (2): nn.CAddTable
    }
    (5): nn.Sequential {
      [input -> (1) -> (2) -> output]
      (1): nn.ConcatTable {
        input
          |`-> (1): nn.Sequential {
          |      [input -> (1) -> (2) -> (3) -> (4) -> output]
          |      (1): cudnn.SpatialConvolution(32 -> 32, 3x3, 1,1, 1,1) without bias
          |      (2): nn.Sequential {
          |        [input -> (1) -> (2) -> (3) -> output]
          |        (1): nn.ConstrainedDiv
          |        (2): nn.ELU (alpha:1.000000)
          |        (3): nn.ConstrainedMul
          |      }
          |      (3): cudnn.SpatialConvolution(32 -> 32, 3x3, 1,1, 1,1) without bias
          |      (4): nn.SpatialBatchNormalization (4D) (32)
          |    }
           `-> (2): nn.Identity
           ... -> output
      }
      (2): nn.CAddTable
    }
  }
  (5): nn.Sequential {
    [input -> (1) -> (2) -> (3) -> (4) -> (5) -> output]
    (1): nn.Sequential {
      [input -> (1) -> (2) -> output]
      (1): nn.ConcatTable {
        input
          |`-> (1): nn.Sequential {
          |      [input -> (1) -> (2) -> (3) -> (4) -> output]
          |      (1): cudnn.SpatialConvolution(32 -> 64, 3x3, 2,2, 1,1) without bias
          |      (2): nn.Sequential {
          |        [input -> (1) -> (2) -> (3) -> output]
          |        (1): nn.ConstrainedDiv
          |        (2): nn.ELU (alpha:1.000000)
          |        (3): nn.ConstrainedMul
          |      }
          |      (3): cudnn.SpatialConvolution(64 -> 64, 3x3, 1,1, 1,1) without bias
          |      (4): nn.SpatialBatchNormalization (4D) (64)
          |    }
           `-> (2): nn.Sequential {
                 [input -> (1) -> (2) -> output]
                 (1): nn.SpatialAveragePooling(1x1, 2,2)
                 (2): nn.Concat {
                   input
                     |`-> (1): nn.Identity
                      `-> (2): nn.MulConstant
                      ... -> output
                 }
               }
           ... -> output
      }
      (2): nn.CAddTable
    }
    (2): nn.Sequential {
      [input -> (1) -> (2) -> output]
      (1): nn.ConcatTable {
        input
          |`-> (1): nn.Sequential {
          |      [input -> (1) -> (2) -> (3) -> (4) -> output]
          |      (1): cudnn.SpatialConvolution(64 -> 64, 3x3, 1,1, 1,1) without bias
          |      (2): nn.Sequential {
          |        [input -> (1) -> (2) -> (3) -> output]
          |        (1): nn.ConstrainedDiv
          |        (2): nn.ELU (alpha:1.000000)
          |        (3): nn.ConstrainedMul
          |      }
          |      (3): cudnn.SpatialConvolution(64 -> 64, 3x3, 1,1, 1,1) without bias
          |      (4): nn.SpatialBatchNormalization (4D) (64)
          |    }
           `-> (2): nn.Identity
           ... -> output
      }
      (2): nn.CAddTable
    }
    (3): nn.Sequential {
      [input -> (1) -> (2) -> output]
      (1): nn.ConcatTable {
        input
          |`-> (1): nn.Sequential {
          |      [input -> (1) -> (2) -> (3) -> (4) -> output]
          |      (1): cudnn.SpatialConvolution(64 -> 64, 3x3, 1,1, 1,1) without bias
          |      (2): nn.Sequential {
          |        [input -> (1) -> (2) -> (3) -> output]
          |        (1): nn.ConstrainedDiv
          |        (2): nn.ELU (alpha:1.000000)
          |        (3): nn.ConstrainedMul
          |      }
          |      (3): cudnn.SpatialConvolution(64 -> 64, 3x3, 1,1, 1,1) without bias
          |      (4): nn.SpatialBatchNormalization (4D) (64)
          |    }
           `-> (2): nn.Identity
           ... -> output
      }
      (2): nn.CAddTable
    }
    (4): nn.Sequential {
      [input -> (1) -> (2) -> output]
      (1): nn.ConcatTable {
        input
          |`-> (1): nn.Sequential {
          |      [input -> (1) -> (2) -> (3) -> (4) -> output]
          |      (1): cudnn.SpatialConvolution(64 -> 64, 3x3, 1,1, 1,1) without bias
          |      (2): nn.Sequential {
          |        [input -> (1) -> (2) -> (3) -> output]
          |        (1): nn.ConstrainedDiv
          |        (2): nn.ELU (alpha:1.000000)
          |        (3): nn.ConstrainedMul
          |      }
          |      (3): cudnn.SpatialConvolution(64 -> 64, 3x3, 1,1, 1,1) without bias
          |      (4): nn.SpatialBatchNormalization (4D) (64)
          |    }
           `-> (2): nn.Identity
           ... -> output
      }
      (2): nn.CAddTable
    }
    (5): nn.Sequential {
      [input -> (1) -> (2) -> output]
      (1): nn.ConcatTable {
        input
          |`-> (1): nn.Sequential {
          |      [input -> (1) -> (2) -> (3) -> (4) -> output]
          |      (1): cudnn.SpatialConvolution(64 -> 64, 3x3, 1,1, 1,1) without bias
          |      (2): nn.Sequential {
          |        [input -> (1) -> (2) -> (3) -> output]
          |        (1): nn.ConstrainedDiv
          |        (2): nn.ELU (alpha:1.000000)
          |        (3): nn.ConstrainedMul
          |      }
          |      (3): cudnn.SpatialConvolution(64 -> 64, 3x3, 1,1, 1,1) without bias
          |      (4): nn.SpatialBatchNormalization (4D) (64)
          |    }
           `-> (2): nn.Identity
           ... -> output
      }
      (2): nn.CAddTable
    }
  }
  (6): nn.Sequential {
    [input -> (1) -> (2) -> (3) -> output]
    (1): nn.ConstrainedDiv
    (2): nn.ELU (alpha:1.000000)
    (3): nn.ConstrainedMul
  }
  (7): cudnn.SpatialAveragePooling(8x8, 1,1)
  (8): nn.View(64)
  (9): nn.Linear(64 -> 100)
}
=> Training epoch # 1	
 * Finished epoch # 1     top1:  89.072  top5:  66.689
	
 * Best model 	89.072265625	66.689453125	
=> Training epoch # 2	
 * Finished epoch # 2     top1:  79.678  top5:  48.203
	
 * Best model 	79.677734375	48.203125	
=> Training epoch # 3	
 * Finished epoch # 3     top1:  67.773  top5:  35.645
	
 * Best model 	67.7734375	35.64453125	
=> Training epoch # 4	
 * Finished epoch # 4     top1:  62.842  top5:  29.873
	
 * Best model 	62.841796875	29.873046875	
=> Training epoch # 5	
 * Finished epoch # 5     top1:  62.754  top5:  29.141
	
 * Best model 	62.75390625	29.140625	
=> Training epoch # 6	
 * Finished epoch # 6     top1:  54.766  top5:  22.861
	
 * Best model 	54.765625	22.861328125	
=> Training epoch # 7	
 * Finished epoch # 7     top1:  58.096  top5:  25.430
	
=> Training epoch # 8	
 * Finished epoch # 8     top1:  54.492  top5:  23.096
	
 * Best model 	54.4921875	23.095703125	
=> Training epoch # 9	
 * Finished epoch # 9     top1:  53.574  top5:  22.256
	
 * Best model 	53.57421875	22.255859375	
=> Training epoch # 10	
 * Finished epoch # 10     top1:  53.789  top5:  22.910
	
=> Training epoch # 11	
 * Finished epoch # 11     top1:  53.848  top5:  22.656
	
=> Training epoch # 12	
 * Finished epoch # 12     top1:  49.795  top5:  20.527
	
 * Best model 	49.794921875	20.52734375	
=> Training epoch # 13	
 * Finished epoch # 13     top1:  50.781  top5:  20.166
	
=> Training epoch # 14	
 * Finished epoch # 14     top1:  49.609  top5:  19.668
	
 * Best model 	49.609375	19.66796875	
=> Training epoch # 15	
 * Finished epoch # 15     top1:  49.658  top5:  19.775
	
=> Training epoch # 16	
 * Finished epoch # 16     top1:  48.916  top5:  18.086
	
 * Best model 	48.916015625	18.0859375	
=> Training epoch # 17	
 * Finished epoch # 17     top1:  47.822  top5:  18.730
	
 * Best model 	47.822265625	18.73046875	
=> Training epoch # 18	
 * Finished epoch # 18     top1:  49.668  top5:  20.000
	
=> Training epoch # 19	
 * Finished epoch # 19     top1:  48.887  top5:  19.277
	
=> Training epoch # 20	
 * Finished epoch # 20     top1:  48.271  top5:  18.975
	
=> Training epoch # 21	
 * Finished epoch # 21     top1:  47.578  top5:  17.686
	
 * Best model 	47.578125	17.685546875	
=> Training epoch # 22	
 * Finished epoch # 22     top1:  47.812  top5:  18.398
	
=> Training epoch # 23	
 * Finished epoch # 23     top1:  51.328  top5:  19.893
	
=> Training epoch # 24	
 * Finished epoch # 24     top1:  45.566  top5:  17.031
	
 * Best model 	45.56640625	17.03125	
=> Training epoch # 25	
 * Finished epoch # 25     top1:  45.244  top5:  15.908
	
 * Best model 	45.244140625	15.908203125	
=> Training epoch # 26	
 * Finished epoch # 26     top1:  45.186  top5:  16.182
	
 * Best model 	45.185546875	16.181640625	
=> Training epoch # 27	
 * Finished epoch # 27     top1:  48.369  top5:  18.398
	
=> Training epoch # 28	
 * Finished epoch # 28     top1:  45.186  top5:  16.357
	
=> Training epoch # 29	
 * Finished epoch # 29     top1:  46.309  top5:  17.900
	
=> Training epoch # 30	
 * Finished epoch # 30     top1:  52.041  top5:  21.543
	
=> Training epoch # 31	
 * Finished epoch # 31     top1:  44.951  top5:  15.596
	
 * Best model 	44.951171875	15.595703125	
=> Training epoch # 32	
 * Finished epoch # 32     top1:  44.932  top5:  15.781
	
 * Best model 	44.931640625	15.78125	
=> Training epoch # 33	
 * Finished epoch # 33     top1:  47.920  top5:  17.764
	
=> Training epoch # 34	
 * Finished epoch # 34     top1:  42.939  top5:  14.355
	
 * Best model 	42.939453125	14.35546875	
=> Training epoch # 35	
 * Finished epoch # 35     top1:  46.299  top5:  17.305
	
=> Training epoch # 36	
 * Finished epoch # 36     top1:  45.264  top5:  16.396
	
=> Training epoch # 37	
 * Finished epoch # 37     top1:  45.527  top5:  16.777
	
=> Training epoch # 38	
 * Finished epoch # 38     top1:  45.400  top5:  16.484
	
=> Training epoch # 39	
 * Finished epoch # 39     top1:  45.664  top5:  16.748
	
=> Training epoch # 40	
 * Finished epoch # 40     top1:  50.195  top5:  19.395
	
=> Training epoch # 41	
 * Finished epoch # 41     top1:  46.729  top5:  17.354
	
=> Training epoch # 42	
 * Finished epoch # 42     top1:  47.705  top5:  18.174
	
=> Training epoch # 43	
 * Finished epoch # 43     top1:  44.502  top5:  15.850
	
=> Training epoch # 44	
 * Finished epoch # 44     top1:  42.793  top5:  14.854
	
 * Best model 	42.79296875	14.853515625	
=> Training epoch # 45	
 * Finished epoch # 45     top1:  47.080  top5:  17.393
	
=> Training epoch # 46	
 * Finished epoch # 46     top1:  46.709  top5:  16.797
	
=> Training epoch # 47	
 * Finished epoch # 47     top1:  47.705  top5:  18.457
	
=> Training epoch # 48	
 * Finished epoch # 48     top1:  50.449  top5:  19.463
	
=> Training epoch # 49	
 * Finished epoch # 49     top1:  43.877  top5:  14.277
	
=> Training epoch # 50	
 * Finished epoch # 50     top1:  43.066  top5:  15.010
	
=> Training epoch # 51	
 * Finished epoch # 51     top1:  43.965  top5:  15.068
	
=> Training epoch # 52	
 * Finished epoch # 52     top1:  47.344  top5:  16.904
	
=> Training epoch # 53	
 * Finished epoch # 53     top1:  45.000  top5:  16.641
	
=> Training epoch # 54	
 * Finished epoch # 54     top1:  48.105  top5:  18.906
	
=> Training epoch # 55	
 * Finished epoch # 55     top1:  44.102  top5:  15.586
	
=> Training epoch # 56	
 * Finished epoch # 56     top1:  43.643  top5:  14.971
	
=> Training epoch # 57	
 * Finished epoch # 57     top1:  43.047  top5:  15.352
	
=> Training epoch # 58	
 * Finished epoch # 58     top1:  46.211  top5:  16.475
	
=> Training epoch # 59	
 * Finished epoch # 59     top1:  44.297  top5:  16.045
	
=> Training epoch # 60	
 * Finished epoch # 60     top1:  43.730  top5:  15.615
	
=> Training epoch # 61	
 * Finished epoch # 61     top1:  42.334  top5:  14.844
	
 * Best model 	42.333984375	14.84375	
=> Training epoch # 62	
 * Finished epoch # 62     top1:  43.213  top5:  15.420
	
=> Training epoch # 63	
 * Finished epoch # 63     top1:  44.541  top5:  15.469
	
=> Training epoch # 64	
 * Finished epoch # 64     top1:  43.486  top5:  15.049
	
=> Training epoch # 65	
 * Finished epoch # 65     top1:  44.951  top5:  15.342
	
=> Training epoch # 66	
 * Finished epoch # 66     top1:  45.215  top5:  15.371
	
=> Training epoch # 67	
 * Finished epoch # 67     top1:  43.711  top5:  14.668
	
=> Training epoch # 68	
 * Finished epoch # 68     top1:  43.281  top5:  15.869
	
=> Training epoch # 69	
 * Finished epoch # 69     top1:  44.951  top5:  15.645
	
=> Training epoch # 70	
 * Finished epoch # 70     top1:  45.918  top5:  16.445
	
=> Training epoch # 71	
 * Finished epoch # 71     top1:  46.357  top5:  17.744
	
=> Training epoch # 72	
 * Finished epoch # 72     top1:  41.924  top5:  13.477
	
 * Best model 	41.923828125	13.4765625	
=> Training epoch # 73	
 * Finished epoch # 73     top1:  44.961  top5:  16.396
	
=> Training epoch # 74	
 * Finished epoch # 74     top1:  45.068  top5:  15.684
	
=> Training epoch # 75	
 * Finished epoch # 75     top1:  46.260  top5:  17.080
	
=> Training epoch # 76	
 * Finished epoch # 76     top1:  44.385  top5:  16.064
	
=> Training epoch # 77	
 * Finished epoch # 77     top1:  45.068  top5:  15.908
	
=> Training epoch # 78	
 * Finished epoch # 78     top1:  44.082  top5:  15.186
	
=> Training epoch # 79	
 * Finished epoch # 79     top1:  45.811  top5:  17.188
	
=> Training epoch # 80	
 * Finished epoch # 80     top1:  41.641  top5:  13.613
	
 * Best model 	41.640625	13.61328125	
=> Training epoch # 81	
 * Finished epoch # 81     top1:  31.748  top5:   8.838
	
 * Best model 	31.748046875	8.837890625	
=> Training epoch # 82	
 * Finished epoch # 82     top1:  30.791  top5:   8.008
	
 * Best model 	30.791015625	8.0078125	
=> Training epoch # 83	
 * Finished epoch # 83     top1:  30.889  top5:   8.057
	
=> Training epoch # 84	
 * Finished epoch # 84     top1:  31.104  top5:   8.281
	
=> Training epoch # 85	
 * Finished epoch # 85     top1:  30.635  top5:   8.379
	
 * Best model 	30.634765625	8.37890625	
=> Training epoch # 86	
 * Finished epoch # 86     top1:  30.225  top5:   8.232
	
 * Best model 	30.224609375	8.232421875	
=> Training epoch # 87	
 * Finished epoch # 87     top1:  30.479  top5:   7.988
	
=> Training epoch # 88	
 * Finished epoch # 88     top1:  30.986  top5:   8.086
	
=> Training epoch # 89	
 * Finished epoch # 89     top1:  30.967  top5:   8.311
	
=> Training epoch # 90	
 * Finished epoch # 90     top1:  30.586  top5:   8.428
	
=> Training epoch # 91	
 * Finished epoch # 91     top1:  30.859  top5:   8.525
	
=> Training epoch # 92	
 * Finished epoch # 92     top1:  30.791  top5:   8.848
	
=> Training epoch # 93	
 * Finished epoch # 93     top1:  30.771  top5:   8.662
	
=> Training epoch # 94	
 * Finished epoch # 94     top1:  31.631  top5:   9.424
	
=> Training epoch # 95	
 * Finished epoch # 95     top1:  30.781  top5:   8.682
	
=> Training epoch # 96	
 * Finished epoch # 96     top1:  32.021  top5:   8.613
	
=> Training epoch # 97	
 * Finished epoch # 97     top1:  32.051  top5:   8.477
	
=> Training epoch # 98	
 * Finished epoch # 98     top1:  32.090  top5:   8.643
	
=> Training epoch # 99	
 * Finished epoch # 99     top1:  32.090  top5:   8.848
	
=> Training epoch # 100	
 * Finished epoch # 100     top1:  32.051  top5:   9.141
	
=> Training epoch # 101	
 * Finished epoch # 101     top1:  31.865  top5:   8.906
	
=> Training epoch # 102	
 * Finished epoch # 102     top1:  31.250  top5:   8.965
	
=> Training epoch # 103	
 * Finished epoch # 103     top1:  31.162  top5:   8.975
	
=> Training epoch # 104	
 * Finished epoch # 104     top1:  31.885  top5:   9.131
	
=> Training epoch # 105	
 * Finished epoch # 105     top1:  31.885  top5:   9.189
	
=> Training epoch # 106	
 * Finished epoch # 106     top1:  32.451  top5:   9.111
	
=> Training epoch # 107	
 * Finished epoch # 107     top1:  32.832  top5:   9.170
	
=> Training epoch # 108	
 * Finished epoch # 108     top1:  31.953  top5:   9.521
	
=> Training epoch # 109	
 * Finished epoch # 109     top1:  33.008  top5:   9.072
	
=> Training epoch # 110	
 * Finished epoch # 110     top1:  32.734  top5:   9.189
	
=> Training epoch # 111	
 * Finished epoch # 111     top1:  33.867  top5:   9.746
	
=> Training epoch # 112	
 * Finished epoch # 112     top1:  32.451  top5:   9.717
	
=> Training epoch # 113	
 * Finished epoch # 113     top1:  32.178  top5:   9.336
	
=> Training epoch # 114	
 * Finished epoch # 114     top1:  32.568  top5:   9.854
	
=> Training epoch # 115	
 * Finished epoch # 115     top1:  32.783  top5:   9.346
	
=> Training epoch # 116	
 * Finished epoch # 116     top1:  32.812  top5:   9.941
	
=> Training epoch # 117	
 * Finished epoch # 117     top1:  32.383  top5:   9.668
	
=> Training epoch # 118	
 * Finished epoch # 118     top1:  32.529  top5:   9.307
	
=> Training epoch # 119	
 * Finished epoch # 119     top1:  32.549  top5:  10.068
	
=> Training epoch # 120	
 * Finished epoch # 120     top1:  33.770  top5:  10.039
	
=> Training epoch # 121	
 * Finished epoch # 121     top1:  32.510  top5:   9.590
	
=> Training epoch # 122	
 * Finished epoch # 122     top1:  29.551  top5:   8.027
	
 * Best model 	29.55078125	8.02734375	
=> Training epoch # 123	
 * Finished epoch # 123     top1:  29.268  top5:   8.174
	
 * Best model 	29.267578125	8.173828125	
=> Training epoch # 124	
 * Finished epoch # 124     top1:  29.727  top5:   7.949
	
=> Training epoch # 125	
 * Finished epoch # 125     top1:  29.541  top5:   8.330
	
=> Training epoch # 126	
 * Finished epoch # 126     top1:  29.229  top5:   8.350
	
 * Best model 	29.228515625	8.349609375	
=> Training epoch # 127	
 * Finished epoch # 127     top1:  29.326  top5:   8.154
	
=> Training epoch # 128	
 * Finished epoch # 128     top1:  29.277  top5:   8.330
	
=> Training epoch # 129	
 * Finished epoch # 129     top1:  29.375  top5:   8.037
	
=> Training epoch # 130	
 * Finished epoch # 130     top1:  28.965  top5:   8.027
	
 * Best model 	28.96484375	8.02734375	
=> Training epoch # 131	
 * Finished epoch # 131     top1:  30.078  top5:   8.848
	
=> Training epoch # 132	
 * Finished epoch # 132     top1:  29.521  top5:   8.252
	
=> Training epoch # 133	
 * Finished epoch # 133     top1:  29.121  top5:   8.135
	
=> Training epoch # 134	
 * Finished epoch # 134     top1:  29.814  top5:   8.604
	
=> Training epoch # 135	
 * Finished epoch # 135     top1:  28.662  top5:   8.057
	
 * Best model 	28.662109375	8.056640625	
=> Training epoch # 136	
 * Finished epoch # 136     top1:  29.697  top5:   8.740
	
=> Training epoch # 137	
 * Finished epoch # 137     top1:  29.072  top5:   8.213
	
=> Training epoch # 138	
 * Finished epoch # 138     top1:  29.463  top5:   8.125
	
=> Training epoch # 139	
 * Finished epoch # 139     top1:  29.648  top5:   8.750
	
=> Training epoch # 140	
 * Finished epoch # 140     top1:  29.277  top5:   8.213
	
=> Training epoch # 141	
 * Finished epoch # 141     top1:  28.896  top5:   8.330
	
=> Training epoch # 142	
 * Finished epoch # 142     top1:  29.570  top5:   8.223
	
=> Training epoch # 143	
 * Finished epoch # 143     top1:  29.795  top5:   8.516
	
=> Training epoch # 144	
 * Finished epoch # 144     top1:  29.697  top5:   8.408
	
=> Training epoch # 145	
 * Finished epoch # 145     top1:  30.254  top5:   8.193
	
=> Training epoch # 146	
 * Finished epoch # 146     top1:  29.863  top5:   8.213
	
=> Training epoch # 147	
 * Finished epoch # 147     top1:  29.805  top5:   8.359
	
=> Training epoch # 148	
 * Finished epoch # 148     top1:  29.238  top5:   8.008
	
=> Training epoch # 149	
 * Finished epoch # 149     top1:  29.648  top5:   8.135
	
=> Training epoch # 150	
 * Finished epoch # 150     top1:  30.244  top5:   8.691
	
=> Training epoch # 151	
 * Finished epoch # 151     top1:  29.775  top5:   8.262
	
=> Training epoch # 152	
 * Finished epoch # 152     top1:  29.609  top5:   8.643
	
=> Training epoch # 153	
 * Finished epoch # 153     top1:  29.316  top5:   8.535
	
=> Training epoch # 154	
 * Finished epoch # 154     top1:  29.590  top5:   8.486
	
=> Training epoch # 155	
 * Finished epoch # 155     top1:  29.961  top5:   8.486
	
=> Training epoch # 156	
 * Finished epoch # 156     top1:  29.639  top5:   8.613
	
=> Training epoch # 157	
 * Finished epoch # 157     top1:  29.697  top5:   8.496
	
=> Training epoch # 158	
 * Finished epoch # 158     top1:  30.186  top5:   8.496
	
=> Training epoch # 159	
 * Finished epoch # 159     top1:  29.766  top5:   8.281
	
=> Training epoch # 160	
 * Finished epoch # 160     top1:  29.688  top5:   8.340
	
=> Training epoch # 161	
 * Finished epoch # 161     top1:  29.873  top5:   8.340
	
=> Training epoch # 162	
 * Finished epoch # 162     top1:  29.590  top5:   8.223
	
=> Training epoch # 163	
 * Finished epoch # 163     top1:  29.619  top5:   8.418
	
=> Training epoch # 164	
 * Finished epoch # 164     top1:  30.547  top5:   8.848
	
=> Training epoch # 165	
 * Finished epoch # 165     top1:  29.482  top5:   8.613
	
=> Training epoch # 166	
 * Finished epoch # 166     top1:  29.463  top5:   8.389
	
=> Training epoch # 167	
 * Finished epoch # 167     top1:  30.459  top5:   9.014
	
=> Training epoch # 168	
 * Finished epoch # 168     top1:  29.424  top5:   8.486
	
=> Training epoch # 169	
 * Finished epoch # 169     top1:  30.166  top5:   8.037
	
=> Training epoch # 170	
 * Finished epoch # 170     top1:  30.996  top5:   8.135
	
=> Training epoch # 171	
 * Finished epoch # 171     top1:  29.805  top5:   8.369
	
=> Training epoch # 172	
 * Finished epoch # 172     top1:  29.629  top5:   8.496
	
=> Training epoch # 173	
 * Finished epoch # 173     top1:  29.668  top5:   8.486
	
=> Training epoch # 174	
 * Finished epoch # 174     top1:  30.186  top5:   8.496
	
=> Training epoch # 175	
 * Finished epoch # 175     top1:  29.932  top5:   8.389
	
=> Training epoch # 176	
 * Finished epoch # 176     top1:  29.980  top5:   8.438
	
=> Training epoch # 177	
 * Finished epoch # 177     top1:  29.922  top5:   8.672
	
=> Training epoch # 178	
 * Finished epoch # 178     top1:  29.385  top5:   8.164
	
=> Training epoch # 179	
 * Finished epoch # 179     top1:  30.420  top5:   8.838
	
=> Training epoch # 180	
 * Finished epoch # 180     top1:  29.844  top5:   8.389
	
=> Training epoch # 181	
 * Finished epoch # 181     top1:  30.225  top5:   8.193
	
=> Training epoch # 182	
 * Finished epoch # 182     top1:  30.127  top5:   8.594
	
=> Training epoch # 183	
 * Finished epoch # 183     top1:  30.371  top5:   8.418
	
=> Training epoch # 184	
 * Finished epoch # 184     top1:  30.293  top5:   8.740
	
=> Training epoch # 185	
 * Finished epoch # 185     top1:  30.361  top5:   8.965
	
=> Training epoch # 186	
 * Finished epoch # 186     top1:  29.434  top5:   8.467
	
=> Training epoch # 187	
 * Finished epoch # 187     top1:  30.410  top5:   8.594
	
=> Training epoch # 188	
 * Finished epoch # 188     top1:  30.605  top5:   8.770
	
=> Training epoch # 189	
 * Finished epoch # 189     top1:  30.176  top5:   8.525
	
=> Training epoch # 190	
 * Finished epoch # 190     top1:  30.312  top5:   8.945
	
=> Training epoch # 191	
 * Finished epoch # 191     top1:  29.893  top5:   8.486
	
=> Training epoch # 192	
 * Finished epoch # 192     top1:  30.059  top5:   8.721
	
=> Training epoch # 193	
 * Finished epoch # 193     top1:  30.127  top5:   8.623
	
=> Training epoch # 194	
 * Finished epoch # 194     top1:  30.674  top5:   8.506
	
=> Training epoch # 195	
 * Finished epoch # 195     top1:  30.137  top5:   8.730
	
=> Training epoch # 196	
 * Finished epoch # 196     top1:  30.361  top5:   8.574
	
=> Training epoch # 197	
 * Finished epoch # 197     top1:  30.576  top5:   8.955
	
=> Training epoch # 198	
 * Finished epoch # 198     top1:  30.195  top5:   8.379
	
=> Training epoch # 199	
 * Finished epoch # 199     top1:  30.430  top5:   8.740
	
=> Training epoch # 200	
 * Finished epoch # 200     top1:  30.596  top5:   8.838
	
 * Finished top1: 28.662  top5:  8.057	
