{
  cudnn : "fastest"
  LR : 0.1
  nThreads : 2
  nClasses : 0
  batchSize : 256
  testOnly : false
  netType : "resnet-bn-relu"
  resetClassifier : false
  shortcutType : "A"
  gen : "gen"
  nGPU : 1
  depth : 20
  weightDecay : 0.001
  data : ""
  dataset : "cifar100"
  epochNumber : 1
  manualSeed : 2
  resume : "results/results-bn-relu/try4/cifar100/20"
  optimState : "none"
  nEpochs : 200
  tenCrop : false
  shareGradInput : false
  backend : "cudnn"
  momentum : 0.9
  retrain : "none"
}
=> Creating model from file: models/resnet-bn-relu.lua	
 | ResNet-20 CIFAR-100	
nn.Sequential {
  [input -> (1) -> (2) -> (3) -> (4) -> (5) -> (6) -> (7) -> (8) -> (9) -> output]
  (1): cudnn.SpatialConvolution(3 -> 16, 3x3, 1,1, 1,1) without bias
  (2): nn.Sequential {
    [input -> (1) -> (2) -> output]
    (1): nn.SpatialBatchNormalization (4D) (16)
    (2): nn.ReLU
  }
  (3): nn.Sequential {
    [input -> (1) -> (2) -> (3) -> output]
    (1): nn.Sequential {
      [input -> (1) -> (2) -> output]
      (1): nn.ConcatTable {
        input
          |`-> (1): nn.Sequential {
          |      [input -> (1) -> (2) -> (3) -> (4) -> output]
          |      (1): cudnn.SpatialConvolution(16 -> 16, 3x3, 1,1, 1,1) without bias
          |      (2): nn.Sequential {
          |        [input -> (1) -> (2) -> output]
          |        (1): nn.SpatialBatchNormalization (4D) (16)
          |        (2): nn.ReLU
          |      }
          |      (3): cudnn.SpatialConvolution(16 -> 16, 3x3, 1,1, 1,1) without bias
          |      (4): nn.SpatialBatchNormalization (4D) (16)
          |    }
           `-> (2): nn.Identity
           ... -> output
      }
      (2): nn.CAddTable
    }
    (2): nn.Sequential {
      [input -> (1) -> (2) -> output]
      (1): nn.ConcatTable {
        input
          |`-> (1): nn.Sequential {
          |      [input -> (1) -> (2) -> (3) -> (4) -> output]
          |      (1): cudnn.SpatialConvolution(16 -> 16, 3x3, 1,1, 1,1) without bias
          |      (2): nn.Sequential {
          |        [input -> (1) -> (2) -> output]
          |        (1): nn.SpatialBatchNormalization (4D) (16)
          |        (2): nn.ReLU
          |      }
          |      (3): cudnn.SpatialConvolution(16 -> 16, 3x3, 1,1, 1,1) without bias
          |      (4): nn.SpatialBatchNormalization (4D) (16)
          |    }
           `-> (2): nn.Identity
           ... -> output
      }
      (2): nn.CAddTable
    }
    (3): nn.Sequential {
      [input -> (1) -> (2) -> output]
      (1): nn.ConcatTable {
        input
          |`-> (1): nn.Sequential {
          |      [input -> (1) -> (2) -> (3) -> (4) -> output]
          |      (1): cudnn.SpatialConvolution(16 -> 16, 3x3, 1,1, 1,1) without bias
          |      (2): nn.Sequential {
          |        [input -> (1) -> (2) -> output]
          |        (1): nn.SpatialBatchNormalization (4D) (16)
          |        (2): nn.ReLU
          |      }
          |      (3): cudnn.SpatialConvolution(16 -> 16, 3x3, 1,1, 1,1) without bias
          |      (4): nn.SpatialBatchNormalization (4D) (16)
          |    }
           `-> (2): nn.Identity
           ... -> output
      }
      (2): nn.CAddTable
    }
  }
  (4): nn.Sequential {
    [input -> (1) -> (2) -> (3) -> output]
    (1): nn.Sequential {
      [input -> (1) -> (2) -> output]
      (1): nn.ConcatTable {
        input
          |`-> (1): nn.Sequential {
          |      [input -> (1) -> (2) -> (3) -> (4) -> output]
          |      (1): cudnn.SpatialConvolution(16 -> 32, 3x3, 2,2, 1,1) without bias
          |      (2): nn.Sequential {
          |        [input -> (1) -> (2) -> output]
          |        (1): nn.SpatialBatchNormalization (4D) (32)
          |        (2): nn.ReLU
          |      }
          |      (3): cudnn.SpatialConvolution(32 -> 32, 3x3, 1,1, 1,1) without bias
          |      (4): nn.SpatialBatchNormalization (4D) (32)
          |    }
           `-> (2): nn.Sequential {
                 [input -> (1) -> (2) -> output]
                 (1): nn.SpatialAveragePooling(1x1, 2,2)
                 (2): nn.Concat {
                   input
                     |`-> (1): nn.Identity
                      `-> (2): nn.MulConstant
                      ... -> output
                 }
               }
           ... -> output
      }
      (2): nn.CAddTable
    }
    (2): nn.Sequential {
      [input -> (1) -> (2) -> output]
      (1): nn.ConcatTable {
        input
          |`-> (1): nn.Sequential {
          |      [input -> (1) -> (2) -> (3) -> (4) -> output]
          |      (1): cudnn.SpatialConvolution(32 -> 32, 3x3, 1,1, 1,1) without bias
          |      (2): nn.Sequential {
          |        [input -> (1) -> (2) -> output]
          |        (1): nn.SpatialBatchNormalization (4D) (32)
          |        (2): nn.ReLU
          |      }
          |      (3): cudnn.SpatialConvolution(32 -> 32, 3x3, 1,1, 1,1) without bias
          |      (4): nn.SpatialBatchNormalization (4D) (32)
          |    }
           `-> (2): nn.Identity
           ... -> output
      }
      (2): nn.CAddTable
    }
    (3): nn.Sequential {
      [input -> (1) -> (2) -> output]
      (1): nn.ConcatTable {
        input
          |`-> (1): nn.Sequential {
          |      [input -> (1) -> (2) -> (3) -> (4) -> output]
          |      (1): cudnn.SpatialConvolution(32 -> 32, 3x3, 1,1, 1,1) without bias
          |      (2): nn.Sequential {
          |        [input -> (1) -> (2) -> output]
          |        (1): nn.SpatialBatchNormalization (4D) (32)
          |        (2): nn.ReLU
          |      }
          |      (3): cudnn.SpatialConvolution(32 -> 32, 3x3, 1,1, 1,1) without bias
          |      (4): nn.SpatialBatchNormalization (4D) (32)
          |    }
           `-> (2): nn.Identity
           ... -> output
      }
      (2): nn.CAddTable
    }
  }
  (5): nn.Sequential {
    [input -> (1) -> (2) -> (3) -> output]
    (1): nn.Sequential {
      [input -> (1) -> (2) -> output]
      (1): nn.ConcatTable {
        input
          |`-> (1): nn.Sequential {
          |      [input -> (1) -> (2) -> (3) -> (4) -> output]
          |      (1): cudnn.SpatialConvolution(32 -> 64, 3x3, 2,2, 1,1) without bias
          |      (2): nn.Sequential {
          |        [input -> (1) -> (2) -> output]
          |        (1): nn.SpatialBatchNormalization (4D) (64)
          |        (2): nn.ReLU
          |      }
          |      (3): cudnn.SpatialConvolution(64 -> 64, 3x3, 1,1, 1,1) without bias
          |      (4): nn.SpatialBatchNormalization (4D) (64)
          |    }
           `-> (2): nn.Sequential {
                 [input -> (1) -> (2) -> output]
                 (1): nn.SpatialAveragePooling(1x1, 2,2)
                 (2): nn.Concat {
                   input
                     |`-> (1): nn.Identity
                      `-> (2): nn.MulConstant
                      ... -> output
                 }
               }
           ... -> output
      }
      (2): nn.CAddTable
    }
    (2): nn.Sequential {
      [input -> (1) -> (2) -> output]
      (1): nn.ConcatTable {
        input
          |`-> (1): nn.Sequential {
          |      [input -> (1) -> (2) -> (3) -> (4) -> output]
          |      (1): cudnn.SpatialConvolution(64 -> 64, 3x3, 1,1, 1,1) without bias
          |      (2): nn.Sequential {
          |        [input -> (1) -> (2) -> output]
          |        (1): nn.SpatialBatchNormalization (4D) (64)
          |        (2): nn.ReLU
          |      }
          |      (3): cudnn.SpatialConvolution(64 -> 64, 3x3, 1,1, 1,1) without bias
          |      (4): nn.SpatialBatchNormalization (4D) (64)
          |    }
           `-> (2): nn.Identity
           ... -> output
      }
      (2): nn.CAddTable
    }
    (3): nn.Sequential {
      [input -> (1) -> (2) -> output]
      (1): nn.ConcatTable {
        input
          |`-> (1): nn.Sequential {
          |      [input -> (1) -> (2) -> (3) -> (4) -> output]
          |      (1): cudnn.SpatialConvolution(64 -> 64, 3x3, 1,1, 1,1) without bias
          |      (2): nn.Sequential {
          |        [input -> (1) -> (2) -> output]
          |        (1): nn.SpatialBatchNormalization (4D) (64)
          |        (2): nn.ReLU
          |      }
          |      (3): cudnn.SpatialConvolution(64 -> 64, 3x3, 1,1, 1,1) without bias
          |      (4): nn.SpatialBatchNormalization (4D) (64)
          |    }
           `-> (2): nn.Identity
           ... -> output
      }
      (2): nn.CAddTable
    }
  }
  (6): nn.Sequential {
    [input -> (1) -> (2) -> output]
    (1): nn.SpatialBatchNormalization (4D) (64)
    (2): nn.ReLU
  }
  (7): cudnn.SpatialAveragePooling(8x8, 1,1)
  (8): nn.View(64)
  (9): nn.Linear(64 -> 100)
}
=> Training epoch # 1	
 * Finished epoch # 1     top1:  90.879  top5:  68.662
	
 * Best model 	90.87890625	68.662109375	
=> Training epoch # 2	
 * Finished epoch # 2     top1:  87.139  top5:  62.266
	
 * Best model 	87.138671875	62.265625	
=> Training epoch # 3	
 * Finished epoch # 3     top1:  78.037  top5:  47.803
	
 * Best model 	78.037109375	47.802734375	
=> Training epoch # 4	
 * Finished epoch # 4     top1:  76.328  top5:  43.076
	
 * Best model 	76.328125	43.076171875	
=> Training epoch # 5	
 * Finished epoch # 5     top1:  69.668  top5:  35.908
	
 * Best model 	69.66796875	35.908203125	
=> Training epoch # 6	
 * Finished epoch # 6     top1:  70.957  top5:  39.219
	
=> Training epoch # 7	
 * Finished epoch # 7     top1:  68.457  top5:  34.121
	
 * Best model 	68.45703125	34.12109375	
=> Training epoch # 8	
 * Finished epoch # 8     top1:  70.684  top5:  37.539
	
=> Training epoch # 9	
 * Finished epoch # 9     top1:  65.195  top5:  32.256
	
 * Best model 	65.1953125	32.255859375	
=> Training epoch # 10	
 * Finished epoch # 10     top1:  62.891  top5:  30.625
	
 * Best model 	62.890625	30.625	
=> Training epoch # 11	
 * Finished epoch # 11     top1:  61.719  top5:  28.945
	
 * Best model 	61.71875	28.9453125	
=> Training epoch # 12	
 * Finished epoch # 12     top1:  64.395  top5:  31.143
	
=> Training epoch # 13	
 * Finished epoch # 13     top1:  63.867  top5:  31.592
	
=> Training epoch # 14	
 * Finished epoch # 14     top1:  66.143  top5:  32.324
	
=> Training epoch # 15	
 * Finished epoch # 15     top1:  66.143  top5:  34.922
	
=> Training epoch # 16	
 * Finished epoch # 16     top1:  61.104  top5:  30.000
	
 * Best model 	61.103515625	30	
=> Training epoch # 17	
 * Finished epoch # 17     top1:  56.602  top5:  24.385
	
 * Best model 	56.6015625	24.384765625	
=> Training epoch # 18	
 * Finished epoch # 18     top1:  55.977  top5:  23.643
	
 * Best model 	55.9765625	23.642578125	
=> Training epoch # 19	
 * Finished epoch # 19     top1:  60.479  top5:  26.846
	
=> Training epoch # 20	
 * Finished epoch # 20     top1:  57.949  top5:  25.371
	
=> Training epoch # 21	
 * Finished epoch # 21     top1:  64.932  top5:  32.393
	
=> Training epoch # 22	
 * Finished epoch # 22     top1:  52.822  top5:  20.283
	
 * Best model 	52.822265625	20.283203125	
=> Training epoch # 23	
 * Finished epoch # 23     top1:  57.334  top5:  25.068
	
=> Training epoch # 24	
 * Finished epoch # 24     top1:  60.098  top5:  28.389
	
=> Training epoch # 25	
 * Finished epoch # 25     top1:  56.006  top5:  24.102
	
=> Training epoch # 26	
 * Finished epoch # 26     top1:  59.053  top5:  27.881
	
=> Training epoch # 27	
 * Finished epoch # 27     top1:  57.490  top5:  24.727
	
=> Training epoch # 28	
 * Finished epoch # 28     top1:  61.172  top5:  27.910
	
=> Training epoch # 29	
 * Finished epoch # 29     top1:  63.984  top5:  31.182
	
=> Training epoch # 30	
 * Finished epoch # 30     top1:  51.680  top5:  21.006
	
 * Best model 	51.6796875	21.005859375	
=> Training epoch # 31	
 * Finished epoch # 31     top1:  55.225  top5:  24.941
	
=> Training epoch # 32	
 * Finished epoch # 32     top1:  56.680  top5:  23.457
	
=> Training epoch # 33	
 * Finished epoch # 33     top1:  67.266  top5:  35.312
	
=> Training epoch # 34	
 * Finished epoch # 34     top1:  58.652  top5:  24.785
	
=> Training epoch # 35	
 * Finished epoch # 35     top1:  52.314  top5:  20.996
	
=> Training epoch # 36	
 * Finished epoch # 36     top1:  51.484  top5:  20.752
	
 * Best model 	51.484375	20.751953125	
=> Training epoch # 37	
 * Finished epoch # 37     top1:  51.982  top5:  21.006
	
=> Training epoch # 38	
 * Finished epoch # 38     top1:  58.906  top5:  26.719
	
=> Training epoch # 39	
 * Finished epoch # 39     top1:  59.883  top5:  28.135
	
=> Training epoch # 40	
 * Finished epoch # 40     top1:  54.229  top5:  22.471
	
=> Training epoch # 41	
 * Finished epoch # 41     top1:  52.998  top5:  20.283
	
=> Training epoch # 42	
 * Finished epoch # 42     top1:  60.645  top5:  29.004
	
=> Training epoch # 43	
 * Finished epoch # 43     top1:  55.547  top5:  22.480
	
=> Training epoch # 44	
 * Finished epoch # 44     top1:  56.914  top5:  25.137
	
=> Training epoch # 45	
 * Finished epoch # 45     top1:  52.148  top5:  20.488
	
=> Training epoch # 46	
 * Finished epoch # 46     top1:  56.162  top5:  24.609
	
=> Training epoch # 47	
 * Finished epoch # 47     top1:  54.268  top5:  22.568
	
=> Training epoch # 48	
 * Finished epoch # 48     top1:  56.143  top5:  23.359
	
=> Training epoch # 49	
 * Finished epoch # 49     top1:  54.766  top5:  23.857
	
=> Training epoch # 50	
 * Finished epoch # 50     top1:  49.961  top5:  20.576
	
 * Best model 	49.9609375	20.576171875	
=> Training epoch # 51	
 * Finished epoch # 51     top1:  53.184  top5:  21.201
	
=> Training epoch # 52	
 * Finished epoch # 52     top1:  53.369  top5:  20.615
	
=> Training epoch # 53	
 * Finished epoch # 53     top1:  51.064  top5:  20.479
	
=> Training epoch # 54	
 * Finished epoch # 54     top1:  53.057  top5:  21.338
	
=> Training epoch # 55	
 * Finished epoch # 55     top1:  50.459  top5:  19.404
	
=> Training epoch # 56	
 * Finished epoch # 56     top1:  54.932  top5:  22.920
	
=> Training epoch # 57	
 * Finished epoch # 57     top1:  50.781  top5:  19.336
	
=> Training epoch # 58	
 * Finished epoch # 58     top1:  51.328  top5:  19.355
	
=> Training epoch # 59	
 * Finished epoch # 59     top1:  57.959  top5:  26.250
	
=> Training epoch # 60	
 * Finished epoch # 60     top1:  52.285  top5:  21.260
	
=> Training epoch # 61	
 * Finished epoch # 61     top1:  51.289  top5:  20.000
	
=> Training epoch # 62	
 * Finished epoch # 62     top1:  55.771  top5:  22.734
	
=> Training epoch # 63	
 * Finished epoch # 63     top1:  50.732  top5:  19.570
	
=> Training epoch # 64	
 * Finished epoch # 64     top1:  52.236  top5:  20.098
	
=> Training epoch # 65	
 * Finished epoch # 65     top1:  55.664  top5:  24.629
	
=> Training epoch # 66	
 * Finished epoch # 66     top1:  54.756  top5:  21.992
	
=> Training epoch # 67	
 * Finished epoch # 67     top1:  54.678  top5:  21.982
	
=> Training epoch # 68	
 * Finished epoch # 68     top1:  51.719  top5:  20.566
	
=> Training epoch # 69	
 * Finished epoch # 69     top1:  51.621  top5:  20.176
	
=> Training epoch # 70	
 * Finished epoch # 70     top1:  52.617  top5:  21.123
	
=> Training epoch # 71	
 * Finished epoch # 71     top1:  55.684  top5:  24.404
	
=> Training epoch # 72	
 * Finished epoch # 72     top1:  57.412  top5:  24.512
	
=> Training epoch # 73	
 * Finished epoch # 73     top1:  52.871  top5:  22.373
	
=> Training epoch # 74	
 * Finished epoch # 74     top1:  60.537  top5:  27.529
	
=> Training epoch # 75	
 * Finished epoch # 75     top1:  54.053  top5:  22.070
	
=> Training epoch # 76	
 * Finished epoch # 76     top1:  61.162  top5:  27.959
	
=> Training epoch # 77	
 * Finished epoch # 77     top1:  54.004  top5:  22.871
	
=> Training epoch # 78	
 * Finished epoch # 78     top1:  52.422  top5:  20.693
	
=> Training epoch # 79	
 * Finished epoch # 79     top1:  50.000  top5:  19.609
	
=> Training epoch # 80	
 * Finished epoch # 80     top1:  57.686  top5:  25.127
	
=> Training epoch # 81	
 * Finished epoch # 81     top1:  35.508  top5:  10.479
	
 * Best model 	35.5078125	10.478515625	
=> Training epoch # 82	
 * Finished epoch # 82     top1:  34.893  top5:   9.473
	
 * Best model 	34.892578125	9.47265625	
=> Training epoch # 83	
 * Finished epoch # 83     top1:  34.590  top5:   9.521
	
 * Best model 	34.58984375	9.521484375	
=> Training epoch # 84	
 * Finished epoch # 84     top1:  34.297  top5:   9.668
	
 * Best model 	34.296875	9.66796875	
=> Training epoch # 85	
 * Finished epoch # 85     top1:  34.229  top5:   9.355
	
 * Best model 	34.228515625	9.35546875	
=> Training epoch # 86	
 * Finished epoch # 86     top1:  33.994  top5:   9.395
	
 * Best model 	33.994140625	9.39453125	
=> Training epoch # 87	
 * Finished epoch # 87     top1:  34.639  top5:   8.857
	
=> Training epoch # 88	
 * Finished epoch # 88     top1:  33.457  top5:   9.229
	
 * Best model 	33.45703125	9.228515625	
=> Training epoch # 89	
 * Finished epoch # 89     top1:  34.795  top5:   9.785
	
=> Training epoch # 90	
 * Finished epoch # 90     top1:  34.629  top5:  10.000
	
=> Training epoch # 91	
 * Finished epoch # 91     top1:  33.672  top5:   9.189
	
=> Training epoch # 92	
 * Finished epoch # 92     top1:  35.020  top5:  10.039
	
=> Training epoch # 93	
 * Finished epoch # 93     top1:  35.000  top5:   9.482
	
=> Training epoch # 94	
 * Finished epoch # 94     top1:  35.137  top5:   9.932
	
=> Training epoch # 95	
 * Finished epoch # 95     top1:  35.615  top5:  10.303
	
=> Training epoch # 96	
 * Finished epoch # 96     top1:  35.283  top5:  10.449
	
=> Training epoch # 97	
 * Finished epoch # 97     top1:  35.264  top5:  10.645
	
=> Training epoch # 98	
 * Finished epoch # 98     top1:  34.580  top5:  10.225
	
=> Training epoch # 99	
 * Finished epoch # 99     top1:  36.016  top5:  10.859
	
=> Training epoch # 100	
 * Finished epoch # 100     top1:  36.074  top5:  10.273
	
=> Training epoch # 101	
 * Finished epoch # 101     top1:  35.947  top5:   9.961
	
=> Training epoch # 102	
 * Finished epoch # 102     top1:  37.090  top5:  11.387
	
=> Training epoch # 103	
 * Finished epoch # 103     top1:  36.416  top5:  10.342
	
=> Training epoch # 104	
 * Finished epoch # 104     top1:  37.773  top5:  11.035
	
=> Training epoch # 105	
 * Finished epoch # 105     top1:  35.205  top5:  10.059
	
=> Training epoch # 106	
 * Finished epoch # 106     top1:  35.684  top5:  10.537
	
=> Training epoch # 107	
 * Finished epoch # 107     top1:  36.768  top5:  10.811
	
=> Training epoch # 108	
 * Finished epoch # 108     top1:  36.816  top5:  11.055
	
=> Training epoch # 109	
 * Finished epoch # 109     top1:  37.080  top5:  10.713
	
=> Training epoch # 110	
 * Finished epoch # 110     top1:  36.299  top5:  10.488
	
=> Training epoch # 111	
 * Finished epoch # 111     top1:  36.875  top5:  11.367
	
=> Training epoch # 112	
 * Finished epoch # 112     top1:  37.070  top5:  10.605
	
=> Training epoch # 113	
 * Finished epoch # 113     top1:  36.484  top5:  10.840
	
=> Training epoch # 114	
 * Finished epoch # 114     top1:  36.172  top5:  10.576
	
=> Training epoch # 115	
 * Finished epoch # 115     top1:  37.090  top5:  10.244
	
=> Training epoch # 116	
 * Finished epoch # 116     top1:  35.723  top5:  10.146
	
=> Training epoch # 117	
 * Finished epoch # 117     top1:  36.211  top5:  10.684
	
=> Training epoch # 118	
 * Finished epoch # 118     top1:  36.914  top5:  11.035
	
=> Training epoch # 119	
 * Finished epoch # 119     top1:  37.100  top5:  10.791
	
=> Training epoch # 120	
 * Finished epoch # 120     top1:  36.582  top5:  11.201
	
=> Training epoch # 121	
 * Finished epoch # 121     top1:  36.191  top5:  10.830
	
=> Training epoch # 122	
 * Finished epoch # 122     top1:  31.592  top5:   8.193
	
 * Best model 	31.591796875	8.193359375	
=> Training epoch # 123	
 * Finished epoch # 123     top1:  31.484  top5:   8.047
	
 * Best model 	31.484375	8.046875	
=> Training epoch # 124	
 * Finished epoch # 124     top1:  31.602  top5:   8.242
	
=> Training epoch # 125	
 * Finished epoch # 125     top1:  31.826  top5:   8.125
	
=> Training epoch # 126	
 * Finished epoch # 126     top1:  31.406  top5:   8.125
	
 * Best model 	31.40625	8.125	
=> Training epoch # 127	
 * Finished epoch # 127     top1:  31.123  top5:   8.047
	
 * Best model 	31.123046875	8.046875	
=> Training epoch # 128	
 * Finished epoch # 128     top1:  31.719  top5:   8.379
	
=> Training epoch # 129	
 * Finished epoch # 129     top1:  31.797  top5:   8.604
	
=> Training epoch # 130	
 * Finished epoch # 130     top1:  31.660  top5:   8.486
	
=> Training epoch # 131	
 * Finished epoch # 131     top1:  32.139  top5:   8.213
	
=> Training epoch # 132	
 * Finished epoch # 132     top1:  31.611  top5:   8.115
	
=> Training epoch # 133	
 * Finished epoch # 133     top1:  31.357  top5:   8.066
	
=> Training epoch # 134	
 * Finished epoch # 134     top1:  31.533  top5:   8.428
	
=> Training epoch # 135	
 * Finished epoch # 135     top1:  31.475  top5:   8.242
	
=> Training epoch # 136	
 * Finished epoch # 136     top1:  31.670  top5:   8.379
	
=> Training epoch # 137	
 * Finished epoch # 137     top1:  31.445  top5:   8.301
	
=> Training epoch # 138	
 * Finished epoch # 138     top1:  32.109  top5:   8.486
	
=> Training epoch # 139	
 * Finished epoch # 139     top1:  31.289  top5:   8.125
	
=> Training epoch # 140	
 * Finished epoch # 140     top1:  31.045  top5:   8.135
	
 * Best model 	31.044921875	8.134765625	
=> Training epoch # 141	
 * Finished epoch # 141     top1:  31.768  top5:   8.242
	
=> Training epoch # 142	
 * Finished epoch # 142     top1:  31.484  top5:   8.350
	
=> Training epoch # 143	
 * Finished epoch # 143     top1:  31.426  top5:   8.906
	
=> Training epoch # 144	
 * Finished epoch # 144     top1:  31.582  top5:   8.760
	
=> Training epoch # 145	
 * Finished epoch # 145     top1:  31.367  top5:   8.076
	
=> Training epoch # 146	
 * Finished epoch # 146     top1:  31.035  top5:   8.047
	
 * Best model 	31.03515625	8.046875	
=> Training epoch # 147	
 * Finished epoch # 147     top1:  31.338  top5:   8.457
	
=> Training epoch # 148	
 * Finished epoch # 148     top1:  31.328  top5:   8.164
	
=> Training epoch # 149	
 * Finished epoch # 149     top1:  31.416  top5:   8.496
	
=> Training epoch # 150	
 * Finished epoch # 150     top1:  31.465  top5:   8.438
	
=> Training epoch # 151	
 * Finished epoch # 151     top1:  31.592  top5:   8.428
	
=> Training epoch # 152	
 * Finished epoch # 152     top1:  31.348  top5:   8.320
	
=> Training epoch # 153	
 * Finished epoch # 153     top1:  31.934  top5:   8.936
	
=> Training epoch # 154	
 * Finished epoch # 154     top1:  31.387  top5:   8.242
	
=> Training epoch # 155	
 * Finished epoch # 155     top1:  31.484  top5:   8.525
	
=> Training epoch # 156	
 * Finished epoch # 156     top1:  31.885  top5:   8.193
	
=> Training epoch # 157	
 * Finished epoch # 157     top1:  31.719  top5:   8.271
	
=> Training epoch # 158	
 * Finished epoch # 158     top1:  31.553  top5:   8.291
	
=> Training epoch # 159	
 * Finished epoch # 159     top1:  31.670  top5:   8.740
	
=> Training epoch # 160	
 * Finished epoch # 160     top1:  31.865  top5:   8.848
	
=> Training epoch # 161	
 * Finished epoch # 161     top1:  31.748  top5:   8.271
	
=> Training epoch # 162	
 * Finished epoch # 162     top1:  31.582  top5:   8.477
	
=> Training epoch # 163	
 * Finished epoch # 163     top1:  32.119  top5:   8.721
	
=> Training epoch # 164	
 * Finished epoch # 164     top1:  32.256  top5:   9.111
	
=> Training epoch # 165	
 * Finished epoch # 165     top1:  31.553  top5:   8.428
	
=> Training epoch # 166	
 * Finished epoch # 166     top1:  31.309  top5:   8.477
	
=> Training epoch # 167	
 * Finished epoch # 167     top1:  31.885  top5:   8.506
	
=> Training epoch # 168	
 * Finished epoch # 168     top1:  31.572  top5:   8.848
	
=> Training epoch # 169	
 * Finished epoch # 169     top1:  31.572  top5:   8.496
	
=> Training epoch # 170	
 * Finished epoch # 170     top1:  31.699  top5:   8.760
	
=> Training epoch # 171	
 * Finished epoch # 171     top1:  31.670  top5:   8.350
	
=> Training epoch # 172	
 * Finished epoch # 172     top1:  32.441  top5:   8.555
	
=> Training epoch # 173	
 * Finished epoch # 173     top1:  31.455  top5:   8.486
	
=> Training epoch # 174	
 * Finished epoch # 174     top1:  32.246  top5:   8.428
	
=> Training epoch # 175	
 * Finished epoch # 175     top1:  31.680  top5:   8.682
	
=> Training epoch # 176	
 * Finished epoch # 176     top1:  32.559  top5:   9.219
	
=> Training epoch # 177	
 * Finished epoch # 177     top1:  32.705  top5:   8.613
	
=> Training epoch # 178	
 * Finished epoch # 178     top1:  31.650  top5:   8.252
	
=> Training epoch # 179	
 * Finished epoch # 179     top1:  31.738  top5:   8.857
	
=> Training epoch # 180	
 * Finished epoch # 180     top1:  31.895  top5:   8.730
	
=> Training epoch # 181	
 * Finished epoch # 181     top1:  32.344  top5:   8.984
	
=> Training epoch # 182	
 * Finished epoch # 182     top1:  31.934  top5:   8.789
	
=> Training epoch # 183	
 * Finished epoch # 183     top1:  32.266  top5:   8.906
	
=> Training epoch # 184	
 * Finished epoch # 184     top1:  32.920  top5:   8.535
	
=> Training epoch # 185	
 * Finished epoch # 185     top1:  31.943  top5:   8.506
	
=> Training epoch # 186	
 * Finished epoch # 186     top1:  32.373  top5:   8.975
	
=> Training epoch # 187	
 * Finished epoch # 187     top1:  32.363  top5:   8.545
	
=> Training epoch # 188	
 * Finished epoch # 188     top1:  32.568  top5:   8.574
	
=> Training epoch # 189	
 * Finished epoch # 189     top1:  32.217  top5:   8.848
	
=> Training epoch # 190	
 * Finished epoch # 190     top1:  32.510  top5:   8.447
	
=> Training epoch # 191	
 * Finished epoch # 191     top1:  32.061  top5:   8.662
	
=> Training epoch # 192	
 * Finished epoch # 192     top1:  32.051  top5:   8.818
	
=> Training epoch # 193	
 * Finished epoch # 193     top1:  32.773  top5:   9.072
	
=> Training epoch # 194	
 * Finished epoch # 194     top1:  32.305  top5:   8.604
	
=> Training epoch # 195	
 * Finished epoch # 195     top1:  32.432  top5:   8.799
	
=> Training epoch # 196	
 * Finished epoch # 196     top1:  32.285  top5:   8.633
	
=> Training epoch # 197	
 * Finished epoch # 197     top1:  31.953  top5:   8.896
	
=> Training epoch # 198	
 * Finished epoch # 198     top1:  32.588  top5:   8.926
	
=> Training epoch # 199	
 * Finished epoch # 199     top1:  33.066  top5:   9.131
	
=> Training epoch # 200	
 * Finished epoch # 200     top1:  32.227  top5:   8.848
	
 * Finished top1: 31.035  top5:  8.047	
