{
  cudnn : "fastest"
  LR : 0.1
  nThreads : 2
  nClasses : 0
  batchSize : 256
  testOnly : false
  netType : "resnet-pelu-mul-mul"
  resetClassifier : false
  shortcutType : "A"
  gen : "gen"
  nGPU : 1
  depth : 110
  weightDecay : 0.001
  data : ""
  dataset : "cifar100"
  epochNumber : 1
  manualSeed : 2
  resume : "results/results-pelu-mul-mul/try4/cifar100/110"
  optimState : "none"
  nEpochs : 200
  tenCrop : false
  shareGradInput : false
  backend : "cudnn"
  momentum : 0.9
  retrain : "none"
}
=> Creating model from file: models/resnet-pelu-mul-mul.lua	
 | ResNet-110 CIFAR-100	
nn.Sequential {
  [input -> (1) -> (2) -> (3) -> (4) -> (5) -> (6) -> (7) -> (8) -> (9) -> output]
  (1): cudnn.SpatialConvolution(3 -> 16, 3x3, 1,1, 1,1) without bias
  (2): nn.Sequential {
    [input -> (1) -> (2) -> (3) -> output]
    (1): nn.ConstrainedMul
    (2): nn.ELU (alpha:1.000000)
    (3): nn.ConstrainedMul
  }
  (3): nn.Sequential {
    [input -> (1) -> (2) -> (3) -> (4) -> (5) -> (6) -> (7) -> (8) -> (9) -> (10) -> (11) -> (12) -> (13) -> (14) -> (15) -> (16) -> (17) -> (18) -> output]
    (1): nn.Sequential {
      [input -> (1) -> (2) -> output]
      (1): nn.ConcatTable {
        input
          |`-> (1): nn.Sequential {
          |      [input -> (1) -> (2) -> (3) -> (4) -> output]
          |      (1): cudnn.SpatialConvolution(16 -> 16, 3x3, 1,1, 1,1) without bias
          |      (2): nn.Sequential {
          |        [input -> (1) -> (2) -> (3) -> output]
          |        (1): nn.ConstrainedMul
          |        (2): nn.ELU (alpha:1.000000)
          |        (3): nn.ConstrainedMul
          |      }
          |      (3): cudnn.SpatialConvolution(16 -> 16, 3x3, 1,1, 1,1) without bias
          |      (4): nn.SpatialBatchNormalization (4D) (16)
          |    }
           `-> (2): nn.Identity
           ... -> output
      }
      (2): nn.CAddTable
    }
    (2): nn.Sequential {
      [input -> (1) -> (2) -> output]
      (1): nn.ConcatTable {
        input
          |`-> (1): nn.Sequential {
          |      [input -> (1) -> (2) -> (3) -> (4) -> output]
          |      (1): cudnn.SpatialConvolution(16 -> 16, 3x3, 1,1, 1,1) without bias
          |      (2): nn.Sequential {
          |        [input -> (1) -> (2) -> (3) -> output]
          |        (1): nn.ConstrainedMul
          |        (2): nn.ELU (alpha:1.000000)
          |        (3): nn.ConstrainedMul
          |      }
          |      (3): cudnn.SpatialConvolution(16 -> 16, 3x3, 1,1, 1,1) without bias
          |      (4): nn.SpatialBatchNormalization (4D) (16)
          |    }
           `-> (2): nn.Identity
           ... -> output
      }
      (2): nn.CAddTable
    }
    (3): nn.Sequential {
      [input -> (1) -> (2) -> output]
      (1): nn.ConcatTable {
        input
          |`-> (1): nn.Sequential {
          |      [input -> (1) -> (2) -> (3) -> (4) -> output]
          |      (1): cudnn.SpatialConvolution(16 -> 16, 3x3, 1,1, 1,1) without bias
          |      (2): nn.Sequential {
          |        [input -> (1) -> (2) -> (3) -> output]
          |        (1): nn.ConstrainedMul
          |        (2): nn.ELU (alpha:1.000000)
          |        (3): nn.ConstrainedMul
          |      }
          |      (3): cudnn.SpatialConvolution(16 -> 16, 3x3, 1,1, 1,1) without bias
          |      (4): nn.SpatialBatchNormalization (4D) (16)
          |    }
           `-> (2): nn.Identity
           ... -> output
      }
      (2): nn.CAddTable
    }
    (4): nn.Sequential {
      [input -> (1) -> (2) -> output]
      (1): nn.ConcatTable {
        input
          |`-> (1): nn.Sequential {
          |      [input -> (1) -> (2) -> (3) -> (4) -> output]
          |      (1): cudnn.SpatialConvolution(16 -> 16, 3x3, 1,1, 1,1) without bias
          |      (2): nn.Sequential {
          |        [input -> (1) -> (2) -> (3) -> output]
          |        (1): nn.ConstrainedMul
          |        (2): nn.ELU (alpha:1.000000)
          |        (3): nn.ConstrainedMul
          |      }
          |      (3): cudnn.SpatialConvolution(16 -> 16, 3x3, 1,1, 1,1) without bias
          |      (4): nn.SpatialBatchNormalization (4D) (16)
          |    }
           `-> (2): nn.Identity
           ... -> output
      }
      (2): nn.CAddTable
    }
    (5): nn.Sequential {
      [input -> (1) -> (2) -> output]
      (1): nn.ConcatTable {
        input
          |`-> (1): nn.Sequential {
          |      [input -> (1) -> (2) -> (3) -> (4) -> output]
          |      (1): cudnn.SpatialConvolution(16 -> 16, 3x3, 1,1, 1,1) without bias
          |      (2): nn.Sequential {
          |        [input -> (1) -> (2) -> (3) -> output]
          |        (1): nn.ConstrainedMul
          |        (2): nn.ELU (alpha:1.000000)
          |        (3): nn.ConstrainedMul
          |      }
          |      (3): cudnn.SpatialConvolution(16 -> 16, 3x3, 1,1, 1,1) without bias
          |      (4): nn.SpatialBatchNormalization (4D) (16)
          |    }
           `-> (2): nn.Identity
           ... -> output
      }
      (2): nn.CAddTable
    }
    (6): nn.Sequential {
      [input -> (1) -> (2) -> output]
      (1): nn.ConcatTable {
        input
          |`-> (1): nn.Sequential {
          |      [input -> (1) -> (2) -> (3) -> (4) -> output]
          |      (1): cudnn.SpatialConvolution(16 -> 16, 3x3, 1,1, 1,1) without bias
          |      (2): nn.Sequential {
          |        [input -> (1) -> (2) -> (3) -> output]
          |        (1): nn.ConstrainedMul
          |        (2): nn.ELU (alpha:1.000000)
          |        (3): nn.ConstrainedMul
          |      }
          |      (3): cudnn.SpatialConvolution(16 -> 16, 3x3, 1,1, 1,1) without bias
          |      (4): nn.SpatialBatchNormalization (4D) (16)
          |    }
           `-> (2): nn.Identity
           ... -> output
      }
      (2): nn.CAddTable
    }
    (7): nn.Sequential {
      [input -> (1) -> (2) -> output]
      (1): nn.ConcatTable {
        input
          |`-> (1): nn.Sequential {
          |      [input -> (1) -> (2) -> (3) -> (4) -> output]
          |      (1): cudnn.SpatialConvolution(16 -> 16, 3x3, 1,1, 1,1) without bias
          |      (2): nn.Sequential {
          |        [input -> (1) -> (2) -> (3) -> output]
          |        (1): nn.ConstrainedMul
          |        (2): nn.ELU (alpha:1.000000)
          |        (3): nn.ConstrainedMul
          |      }
          |      (3): cudnn.SpatialConvolution(16 -> 16, 3x3, 1,1, 1,1) without bias
          |      (4): nn.SpatialBatchNormalization (4D) (16)
          |    }
           `-> (2): nn.Identity
           ... -> output
      }
      (2): nn.CAddTable
    }
    (8): nn.Sequential {
      [input -> (1) -> (2) -> output]
      (1): nn.ConcatTable {
        input
          |`-> (1): nn.Sequential {
          |      [input -> (1) -> (2) -> (3) -> (4) -> output]
          |      (1): cudnn.SpatialConvolution(16 -> 16, 3x3, 1,1, 1,1) without bias
          |      (2): nn.Sequential {
          |        [input -> (1) -> (2) -> (3) -> output]
          |        (1): nn.ConstrainedMul
          |        (2): nn.ELU (alpha:1.000000)
          |        (3): nn.ConstrainedMul
          |      }
          |      (3): cudnn.SpatialConvolution(16 -> 16, 3x3, 1,1, 1,1) without bias
          |      (4): nn.SpatialBatchNormalization (4D) (16)
          |    }
           `-> (2): nn.Identity
           ... -> output
      }
      (2): nn.CAddTable
    }
    (9): nn.Sequential {
      [input -> (1) -> (2) -> output]
      (1): nn.ConcatTable {
        input
          |`-> (1): nn.Sequential {
          |      [input -> (1) -> (2) -> (3) -> (4) -> output]
          |      (1): cudnn.SpatialConvolution(16 -> 16, 3x3, 1,1, 1,1) without bias
          |      (2): nn.Sequential {
          |        [input -> (1) -> (2) -> (3) -> output]
          |        (1): nn.ConstrainedMul
          |        (2): nn.ELU (alpha:1.000000)
          |        (3): nn.ConstrainedMul
          |      }
          |      (3): cudnn.SpatialConvolution(16 -> 16, 3x3, 1,1, 1,1) without bias
          |      (4): nn.SpatialBatchNormalization (4D) (16)
          |    }
           `-> (2): nn.Identity
           ... -> output
      }
      (2): nn.CAddTable
    }
    (10): nn.Sequential {
      [input -> (1) -> (2) -> output]
      (1): nn.ConcatTable {
        input
          |`-> (1): nn.Sequential {
          |      [input -> (1) -> (2) -> (3) -> (4) -> output]
          |      (1): cudnn.SpatialConvolution(16 -> 16, 3x3, 1,1, 1,1) without bias
          |      (2): nn.Sequential {
          |        [input -> (1) -> (2) -> (3) -> output]
          |        (1): nn.ConstrainedMul
          |        (2): nn.ELU (alpha:1.000000)
          |        (3): nn.ConstrainedMul
          |      }
          |      (3): cudnn.SpatialConvolution(16 -> 16, 3x3, 1,1, 1,1) without bias
          |      (4): nn.SpatialBatchNormalization (4D) (16)
          |    }
           `-> (2): nn.Identity
           ... -> output
      }
      (2): nn.CAddTable
    }
    (11): nn.Sequential {
      [input -> (1) -> (2) -> output]
      (1): nn.ConcatTable {
        input
          |`-> (1): nn.Sequential {
          |      [input -> (1) -> (2) -> (3) -> (4) -> output]
          |      (1): cudnn.SpatialConvolution(16 -> 16, 3x3, 1,1, 1,1) without bias
          |      (2): nn.Sequential {
          |        [input -> (1) -> (2) -> (3) -> output]
          |        (1): nn.ConstrainedMul
          |        (2): nn.ELU (alpha:1.000000)
          |        (3): nn.ConstrainedMul
          |      }
          |      (3): cudnn.SpatialConvolution(16 -> 16, 3x3, 1,1, 1,1) without bias
          |      (4): nn.SpatialBatchNormalization (4D) (16)
          |    }
           `-> (2): nn.Identity
           ... -> output
      }
      (2): nn.CAddTable
    }
    (12): nn.Sequential {
      [input -> (1) -> (2) -> output]
      (1): nn.ConcatTable {
        input
          |`-> (1): nn.Sequential {
          |      [input -> (1) -> (2) -> (3) -> (4) -> output]
          |      (1): cudnn.SpatialConvolution(16 -> 16, 3x3, 1,1, 1,1) without bias
          |      (2): nn.Sequential {
          |        [input -> (1) -> (2) -> (3) -> output]
          |        (1): nn.ConstrainedMul
          |        (2): nn.ELU (alpha:1.000000)
          |        (3): nn.ConstrainedMul
          |      }
          |      (3): cudnn.SpatialConvolution(16 -> 16, 3x3, 1,1, 1,1) without bias
          |      (4): nn.SpatialBatchNormalization (4D) (16)
          |    }
           `-> (2): nn.Identity
           ... -> output
      }
      (2): nn.CAddTable
    }
    (13): nn.Sequential {
      [input -> (1) -> (2) -> output]
      (1): nn.ConcatTable {
        input
          |`-> (1): nn.Sequential {
          |      [input -> (1) -> (2) -> (3) -> (4) -> output]
          |      (1): cudnn.SpatialConvolution(16 -> 16, 3x3, 1,1, 1,1) without bias
          |      (2): nn.Sequential {
          |        [input -> (1) -> (2) -> (3) -> output]
          |        (1): nn.ConstrainedMul
          |        (2): nn.ELU (alpha:1.000000)
          |        (3): nn.ConstrainedMul
          |      }
          |      (3): cudnn.SpatialConvolution(16 -> 16, 3x3, 1,1, 1,1) without bias
          |      (4): nn.SpatialBatchNormalization (4D) (16)
          |    }
           `-> (2): nn.Identity
           ... -> output
      }
      (2): nn.CAddTable
    }
    (14): nn.Sequential {
      [input -> (1) -> (2) -> output]
      (1): nn.ConcatTable {
        input
          |`-> (1): nn.Sequential {
          |      [input -> (1) -> (2) -> (3) -> (4) -> output]
          |      (1): cudnn.SpatialConvolution(16 -> 16, 3x3, 1,1, 1,1) without bias
          |      (2): nn.Sequential {
          |        [input -> (1) -> (2) -> (3) -> output]
          |        (1): nn.ConstrainedMul
          |        (2): nn.ELU (alpha:1.000000)
          |        (3): nn.ConstrainedMul
          |      }
          |      (3): cudnn.SpatialConvolution(16 -> 16, 3x3, 1,1, 1,1) without bias
          |      (4): nn.SpatialBatchNormalization (4D) (16)
          |    }
           `-> (2): nn.Identity
           ... -> output
      }
      (2): nn.CAddTable
    }
    (15): nn.Sequential {
      [input -> (1) -> (2) -> output]
      (1): nn.ConcatTable {
        input
          |`-> (1): nn.Sequential {
          |      [input -> (1) -> (2) -> (3) -> (4) -> output]
          |      (1): cudnn.SpatialConvolution(16 -> 16, 3x3, 1,1, 1,1) without bias
          |      (2): nn.Sequential {
          |        [input -> (1) -> (2) -> (3) -> output]
          |        (1): nn.ConstrainedMul
          |        (2): nn.ELU (alpha:1.000000)
          |        (3): nn.ConstrainedMul
          |      }
          |      (3): cudnn.SpatialConvolution(16 -> 16, 3x3, 1,1, 1,1) without bias
          |      (4): nn.SpatialBatchNormalization (4D) (16)
          |    }
           `-> (2): nn.Identity
           ... -> output
      }
      (2): nn.CAddTable
    }
    (16): nn.Sequential {
      [input -> (1) -> (2) -> output]
      (1): nn.ConcatTable {
        input
          |`-> (1): nn.Sequential {
          |      [input -> (1) -> (2) -> (3) -> (4) -> output]
          |      (1): cudnn.SpatialConvolution(16 -> 16, 3x3, 1,1, 1,1) without bias
          |      (2): nn.Sequential {
          |        [input -> (1) -> (2) -> (3) -> output]
          |        (1): nn.ConstrainedMul
          |        (2): nn.ELU (alpha:1.000000)
          |        (3): nn.ConstrainedMul
          |      }
          |      (3): cudnn.SpatialConvolution(16 -> 16, 3x3, 1,1, 1,1) without bias
          |      (4): nn.SpatialBatchNormalization (4D) (16)
          |    }
           `-> (2): nn.Identity
           ... -> output
      }
      (2): nn.CAddTable
    }
    (17): nn.Sequential {
      [input -> (1) -> (2) -> output]
      (1): nn.ConcatTable {
        input
          |`-> (1): nn.Sequential {
          |      [input -> (1) -> (2) -> (3) -> (4) -> output]
          |      (1): cudnn.SpatialConvolution(16 -> 16, 3x3, 1,1, 1,1) without bias
          |      (2): nn.Sequential {
          |        [input -> (1) -> (2) -> (3) -> output]
          |        (1): nn.ConstrainedMul
          |        (2): nn.ELU (alpha:1.000000)
          |        (3): nn.ConstrainedMul
          |      }
          |      (3): cudnn.SpatialConvolution(16 -> 16, 3x3, 1,1, 1,1) without bias
          |      (4): nn.SpatialBatchNormalization (4D) (16)
          |    }
           `-> (2): nn.Identity
           ... -> output
      }
      (2): nn.CAddTable
    }
    (18): nn.Sequential {
      [input -> (1) -> (2) -> output]
      (1): nn.ConcatTable {
        input
          |`-> (1): nn.Sequential {
          |      [input -> (1) -> (2) -> (3) -> (4) -> output]
          |      (1): cudnn.SpatialConvolution(16 -> 16, 3x3, 1,1, 1,1) without bias
          |      (2): nn.Sequential {
          |        [input -> (1) -> (2) -> (3) -> output]
          |        (1): nn.ConstrainedMul
          |        (2): nn.ELU (alpha:1.000000)
          |        (3): nn.ConstrainedMul
          |      }
          |      (3): cudnn.SpatialConvolution(16 -> 16, 3x3, 1,1, 1,1) without bias
          |      (4): nn.SpatialBatchNormalization (4D) (16)
          |    }
           `-> (2): nn.Identity
           ... -> output
      }
      (2): nn.CAddTable
    }
  }
  (4): nn.Sequential {
    [input -> (1) -> (2) -> (3) -> (4) -> (5) -> (6) -> (7) -> (8) -> (9) -> (10) -> (11) -> (12) -> (13) -> (14) -> (15) -> (16) -> (17) -> (18) -> output]
    (1): nn.Sequential {
      [input -> (1) -> (2) -> output]
      (1): nn.ConcatTable {
        input
          |`-> (1): nn.Sequential {
          |      [input -> (1) -> (2) -> (3) -> (4) -> output]
          |      (1): cudnn.SpatialConvolution(16 -> 32, 3x3, 2,2, 1,1) without bias
          |      (2): nn.Sequential {
          |        [input -> (1) -> (2) -> (3) -> output]
          |        (1): nn.ConstrainedMul
          |        (2): nn.ELU (alpha:1.000000)
          |        (3): nn.ConstrainedMul
          |      }
          |      (3): cudnn.SpatialConvolution(32 -> 32, 3x3, 1,1, 1,1) without bias
          |      (4): nn.SpatialBatchNormalization (4D) (32)
          |    }
           `-> (2): nn.Sequential {
                 [input -> (1) -> (2) -> output]
                 (1): nn.SpatialAveragePooling(1x1, 2,2)
                 (2): nn.Concat {
                   input
                     |`-> (1): nn.Identity
                      `-> (2): nn.MulConstant
                      ... -> output
                 }
               }
           ... -> output
      }
      (2): nn.CAddTable
    }
    (2): nn.Sequential {
      [input -> (1) -> (2) -> output]
      (1): nn.ConcatTable {
        input
          |`-> (1): nn.Sequential {
          |      [input -> (1) -> (2) -> (3) -> (4) -> output]
          |      (1): cudnn.SpatialConvolution(32 -> 32, 3x3, 1,1, 1,1) without bias
          |      (2): nn.Sequential {
          |        [input -> (1) -> (2) -> (3) -> output]
          |        (1): nn.ConstrainedMul
          |        (2): nn.ELU (alpha:1.000000)
          |        (3): nn.ConstrainedMul
          |      }
          |      (3): cudnn.SpatialConvolution(32 -> 32, 3x3, 1,1, 1,1) without bias
          |      (4): nn.SpatialBatchNormalization (4D) (32)
          |    }
           `-> (2): nn.Identity
           ... -> output
      }
      (2): nn.CAddTable
    }
    (3): nn.Sequential {
      [input -> (1) -> (2) -> output]
      (1): nn.ConcatTable {
        input
          |`-> (1): nn.Sequential {
          |      [input -> (1) -> (2) -> (3) -> (4) -> output]
          |      (1): cudnn.SpatialConvolution(32 -> 32, 3x3, 1,1, 1,1) without bias
          |      (2): nn.Sequential {
          |        [input -> (1) -> (2) -> (3) -> output]
          |        (1): nn.ConstrainedMul
          |        (2): nn.ELU (alpha:1.000000)
          |        (3): nn.ConstrainedMul
          |      }
          |      (3): cudnn.SpatialConvolution(32 -> 32, 3x3, 1,1, 1,1) without bias
          |      (4): nn.SpatialBatchNormalization (4D) (32)
          |    }
           `-> (2): nn.Identity
           ... -> output
      }
      (2): nn.CAddTable
    }
    (4): nn.Sequential {
      [input -> (1) -> (2) -> output]
      (1): nn.ConcatTable {
        input
          |`-> (1): nn.Sequential {
          |      [input -> (1) -> (2) -> (3) -> (4) -> output]
          |      (1): cudnn.SpatialConvolution(32 -> 32, 3x3, 1,1, 1,1) without bias
          |      (2): nn.Sequential {
          |        [input -> (1) -> (2) -> (3) -> output]
          |        (1): nn.ConstrainedMul
          |        (2): nn.ELU (alpha:1.000000)
          |        (3): nn.ConstrainedMul
          |      }
          |      (3): cudnn.SpatialConvolution(32 -> 32, 3x3, 1,1, 1,1) without bias
          |      (4): nn.SpatialBatchNormalization (4D) (32)
          |    }
           `-> (2): nn.Identity
           ... -> output
      }
      (2): nn.CAddTable
    }
    (5): nn.Sequential {
      [input -> (1) -> (2) -> output]
      (1): nn.ConcatTable {
        input
          |`-> (1): nn.Sequential {
          |      [input -> (1) -> (2) -> (3) -> (4) -> output]
          |      (1): cudnn.SpatialConvolution(32 -> 32, 3x3, 1,1, 1,1) without bias
          |      (2): nn.Sequential {
          |        [input -> (1) -> (2) -> (3) -> output]
          |        (1): nn.ConstrainedMul
          |        (2): nn.ELU (alpha:1.000000)
          |        (3): nn.ConstrainedMul
          |      }
          |      (3): cudnn.SpatialConvolution(32 -> 32, 3x3, 1,1, 1,1) without bias
          |      (4): nn.SpatialBatchNormalization (4D) (32)
          |    }
           `-> (2): nn.Identity
           ... -> output
      }
      (2): nn.CAddTable
    }
    (6): nn.Sequential {
      [input -> (1) -> (2) -> output]
      (1): nn.ConcatTable {
        input
          |`-> (1): nn.Sequential {
          |      [input -> (1) -> (2) -> (3) -> (4) -> output]
          |      (1): cudnn.SpatialConvolution(32 -> 32, 3x3, 1,1, 1,1) without bias
          |      (2): nn.Sequential {
          |        [input -> (1) -> (2) -> (3) -> output]
          |        (1): nn.ConstrainedMul
          |        (2): nn.ELU (alpha:1.000000)
          |        (3): nn.ConstrainedMul
          |      }
          |      (3): cudnn.SpatialConvolution(32 -> 32, 3x3, 1,1, 1,1) without bias
          |      (4): nn.SpatialBatchNormalization (4D) (32)
          |    }
           `-> (2): nn.Identity
           ... -> output
      }
      (2): nn.CAddTable
    }
    (7): nn.Sequential {
      [input -> (1) -> (2) -> output]
      (1): nn.ConcatTable {
        input
          |`-> (1): nn.Sequential {
          |      [input -> (1) -> (2) -> (3) -> (4) -> output]
          |      (1): cudnn.SpatialConvolution(32 -> 32, 3x3, 1,1, 1,1) without bias
          |      (2): nn.Sequential {
          |        [input -> (1) -> (2) -> (3) -> output]
          |        (1): nn.ConstrainedMul
          |        (2): nn.ELU (alpha:1.000000)
          |        (3): nn.ConstrainedMul
          |      }
          |      (3): cudnn.SpatialConvolution(32 -> 32, 3x3, 1,1, 1,1) without bias
          |      (4): nn.SpatialBatchNormalization (4D) (32)
          |    }
           `-> (2): nn.Identity
           ... -> output
      }
      (2): nn.CAddTable
    }
    (8): nn.Sequential {
      [input -> (1) -> (2) -> output]
      (1): nn.ConcatTable {
        input
          |`-> (1): nn.Sequential {
          |      [input -> (1) -> (2) -> (3) -> (4) -> output]
          |      (1): cudnn.SpatialConvolution(32 -> 32, 3x3, 1,1, 1,1) without bias
          |      (2): nn.Sequential {
          |        [input -> (1) -> (2) -> (3) -> output]
          |        (1): nn.ConstrainedMul
          |        (2): nn.ELU (alpha:1.000000)
          |        (3): nn.ConstrainedMul
          |      }
          |      (3): cudnn.SpatialConvolution(32 -> 32, 3x3, 1,1, 1,1) without bias
          |      (4): nn.SpatialBatchNormalization (4D) (32)
          |    }
           `-> (2): nn.Identity
           ... -> output
      }
      (2): nn.CAddTable
    }
    (9): nn.Sequential {
      [input -> (1) -> (2) -> output]
      (1): nn.ConcatTable {
        input
          |`-> (1): nn.Sequential {
          |      [input -> (1) -> (2) -> (3) -> (4) -> output]
          |      (1): cudnn.SpatialConvolution(32 -> 32, 3x3, 1,1, 1,1) without bias
          |      (2): nn.Sequential {
          |        [input -> (1) -> (2) -> (3) -> output]
          |        (1): nn.ConstrainedMul
          |        (2): nn.ELU (alpha:1.000000)
          |        (3): nn.ConstrainedMul
          |      }
          |      (3): cudnn.SpatialConvolution(32 -> 32, 3x3, 1,1, 1,1) without bias
          |      (4): nn.SpatialBatchNormalization (4D) (32)
          |    }
           `-> (2): nn.Identity
           ... -> output
      }
      (2): nn.CAddTable
    }
    (10): nn.Sequential {
      [input -> (1) -> (2) -> output]
      (1): nn.ConcatTable {
        input
          |`-> (1): nn.Sequential {
          |      [input -> (1) -> (2) -> (3) -> (4) -> output]
          |      (1): cudnn.SpatialConvolution(32 -> 32, 3x3, 1,1, 1,1) without bias
          |      (2): nn.Sequential {
          |        [input -> (1) -> (2) -> (3) -> output]
          |        (1): nn.ConstrainedMul
          |        (2): nn.ELU (alpha:1.000000)
          |        (3): nn.ConstrainedMul
          |      }
          |      (3): cudnn.SpatialConvolution(32 -> 32, 3x3, 1,1, 1,1) without bias
          |      (4): nn.SpatialBatchNormalization (4D) (32)
          |    }
           `-> (2): nn.Identity
           ... -> output
      }
      (2): nn.CAddTable
    }
    (11): nn.Sequential {
      [input -> (1) -> (2) -> output]
      (1): nn.ConcatTable {
        input
          |`-> (1): nn.Sequential {
          |      [input -> (1) -> (2) -> (3) -> (4) -> output]
          |      (1): cudnn.SpatialConvolution(32 -> 32, 3x3, 1,1, 1,1) without bias
          |      (2): nn.Sequential {
          |        [input -> (1) -> (2) -> (3) -> output]
          |        (1): nn.ConstrainedMul
          |        (2): nn.ELU (alpha:1.000000)
          |        (3): nn.ConstrainedMul
          |      }
          |      (3): cudnn.SpatialConvolution(32 -> 32, 3x3, 1,1, 1,1) without bias
          |      (4): nn.SpatialBatchNormalization (4D) (32)
          |    }
           `-> (2): nn.Identity
           ... -> output
      }
      (2): nn.CAddTable
    }
    (12): nn.Sequential {
      [input -> (1) -> (2) -> output]
      (1): nn.ConcatTable {
        input
          |`-> (1): nn.Sequential {
          |      [input -> (1) -> (2) -> (3) -> (4) -> output]
          |      (1): cudnn.SpatialConvolution(32 -> 32, 3x3, 1,1, 1,1) without bias
          |      (2): nn.Sequential {
          |        [input -> (1) -> (2) -> (3) -> output]
          |        (1): nn.ConstrainedMul
          |        (2): nn.ELU (alpha:1.000000)
          |        (3): nn.ConstrainedMul
          |      }
          |      (3): cudnn.SpatialConvolution(32 -> 32, 3x3, 1,1, 1,1) without bias
          |      (4): nn.SpatialBatchNormalization (4D) (32)
          |    }
           `-> (2): nn.Identity
           ... -> output
      }
      (2): nn.CAddTable
    }
    (13): nn.Sequential {
      [input -> (1) -> (2) -> output]
      (1): nn.ConcatTable {
        input
          |`-> (1): nn.Sequential {
          |      [input -> (1) -> (2) -> (3) -> (4) -> output]
          |      (1): cudnn.SpatialConvolution(32 -> 32, 3x3, 1,1, 1,1) without bias
          |      (2): nn.Sequential {
          |        [input -> (1) -> (2) -> (3) -> output]
          |        (1): nn.ConstrainedMul
          |        (2): nn.ELU (alpha:1.000000)
          |        (3): nn.ConstrainedMul
          |      }
          |      (3): cudnn.SpatialConvolution(32 -> 32, 3x3, 1,1, 1,1) without bias
          |      (4): nn.SpatialBatchNormalization (4D) (32)
          |    }
           `-> (2): nn.Identity
           ... -> output
      }
      (2): nn.CAddTable
    }
    (14): nn.Sequential {
      [input -> (1) -> (2) -> output]
      (1): nn.ConcatTable {
        input
          |`-> (1): nn.Sequential {
          |      [input -> (1) -> (2) -> (3) -> (4) -> output]
          |      (1): cudnn.SpatialConvolution(32 -> 32, 3x3, 1,1, 1,1) without bias
          |      (2): nn.Sequential {
          |        [input -> (1) -> (2) -> (3) -> output]
          |        (1): nn.ConstrainedMul
          |        (2): nn.ELU (alpha:1.000000)
          |        (3): nn.ConstrainedMul
          |      }
          |      (3): cudnn.SpatialConvolution(32 -> 32, 3x3, 1,1, 1,1) without bias
          |      (4): nn.SpatialBatchNormalization (4D) (32)
          |    }
           `-> (2): nn.Identity
           ... -> output
      }
      (2): nn.CAddTable
    }
    (15): nn.Sequential {
      [input -> (1) -> (2) -> output]
      (1): nn.ConcatTable {
        input
          |`-> (1): nn.Sequential {
          |      [input -> (1) -> (2) -> (3) -> (4) -> output]
          |      (1): cudnn.SpatialConvolution(32 -> 32, 3x3, 1,1, 1,1) without bias
          |      (2): nn.Sequential {
          |        [input -> (1) -> (2) -> (3) -> output]
          |        (1): nn.ConstrainedMul
          |        (2): nn.ELU (alpha:1.000000)
          |        (3): nn.ConstrainedMul
          |      }
          |      (3): cudnn.SpatialConvolution(32 -> 32, 3x3, 1,1, 1,1) without bias
          |      (4): nn.SpatialBatchNormalization (4D) (32)
          |    }
           `-> (2): nn.Identity
           ... -> output
      }
      (2): nn.CAddTable
    }
    (16): nn.Sequential {
      [input -> (1) -> (2) -> output]
      (1): nn.ConcatTable {
        input
          |`-> (1): nn.Sequential {
          |      [input -> (1) -> (2) -> (3) -> (4) -> output]
          |      (1): cudnn.SpatialConvolution(32 -> 32, 3x3, 1,1, 1,1) without bias
          |      (2): nn.Sequential {
          |        [input -> (1) -> (2) -> (3) -> output]
          |        (1): nn.ConstrainedMul
          |        (2): nn.ELU (alpha:1.000000)
          |        (3): nn.ConstrainedMul
          |      }
          |      (3): cudnn.SpatialConvolution(32 -> 32, 3x3, 1,1, 1,1) without bias
          |      (4): nn.SpatialBatchNormalization (4D) (32)
          |    }
           `-> (2): nn.Identity
           ... -> output
      }
      (2): nn.CAddTable
    }
    (17): nn.Sequential {
      [input -> (1) -> (2) -> output]
      (1): nn.ConcatTable {
        input
          |`-> (1): nn.Sequential {
          |      [input -> (1) -> (2) -> (3) -> (4) -> output]
          |      (1): cudnn.SpatialConvolution(32 -> 32, 3x3, 1,1, 1,1) without bias
          |      (2): nn.Sequential {
          |        [input -> (1) -> (2) -> (3) -> output]
          |        (1): nn.ConstrainedMul
          |        (2): nn.ELU (alpha:1.000000)
          |        (3): nn.ConstrainedMul
          |      }
          |      (3): cudnn.SpatialConvolution(32 -> 32, 3x3, 1,1, 1,1) without bias
          |      (4): nn.SpatialBatchNormalization (4D) (32)
          |    }
           `-> (2): nn.Identity
           ... -> output
      }
      (2): nn.CAddTable
    }
    (18): nn.Sequential {
      [input -> (1) -> (2) -> output]
      (1): nn.ConcatTable {
        input
          |`-> (1): nn.Sequential {
          |      [input -> (1) -> (2) -> (3) -> (4) -> output]
          |      (1): cudnn.SpatialConvolution(32 -> 32, 3x3, 1,1, 1,1) without bias
          |      (2): nn.Sequential {
          |        [input -> (1) -> (2) -> (3) -> output]
          |        (1): nn.ConstrainedMul
          |        (2): nn.ELU (alpha:1.000000)
          |        (3): nn.ConstrainedMul
          |      }
          |      (3): cudnn.SpatialConvolution(32 -> 32, 3x3, 1,1, 1,1) without bias
          |      (4): nn.SpatialBatchNormalization (4D) (32)
          |    }
           `-> (2): nn.Identity
           ... -> output
      }
      (2): nn.CAddTable
    }
  }
  (5): nn.Sequential {
    [input -> (1) -> (2) -> (3) -> (4) -> (5) -> (6) -> (7) -> (8) -> (9) -> (10) -> (11) -> (12) -> (13) -> (14) -> (15) -> (16) -> (17) -> (18) -> output]
    (1): nn.Sequential {
      [input -> (1) -> (2) -> output]
      (1): nn.ConcatTable {
        input
          |`-> (1): nn.Sequential {
          |      [input -> (1) -> (2) -> (3) -> (4) -> output]
          |      (1): cudnn.SpatialConvolution(32 -> 64, 3x3, 2,2, 1,1) without bias
          |      (2): nn.Sequential {
          |        [input -> (1) -> (2) -> (3) -> output]
          |        (1): nn.ConstrainedMul
          |        (2): nn.ELU (alpha:1.000000)
          |        (3): nn.ConstrainedMul
          |      }
          |      (3): cudnn.SpatialConvolution(64 -> 64, 3x3, 1,1, 1,1) without bias
          |      (4): nn.SpatialBatchNormalization (4D) (64)
          |    }
           `-> (2): nn.Sequential {
                 [input -> (1) -> (2) -> output]
                 (1): nn.SpatialAveragePooling(1x1, 2,2)
                 (2): nn.Concat {
                   input
                     |`-> (1): nn.Identity
                      `-> (2): nn.MulConstant
                      ... -> output
                 }
               }
           ... -> output
      }
      (2): nn.CAddTable
    }
    (2): nn.Sequential {
      [input -> (1) -> (2) -> output]
      (1): nn.ConcatTable {
        input
          |`-> (1): nn.Sequential {
          |      [input -> (1) -> (2) -> (3) -> (4) -> output]
          |      (1): cudnn.SpatialConvolution(64 -> 64, 3x3, 1,1, 1,1) without bias
          |      (2): nn.Sequential {
          |        [input -> (1) -> (2) -> (3) -> output]
          |        (1): nn.ConstrainedMul
          |        (2): nn.ELU (alpha:1.000000)
          |        (3): nn.ConstrainedMul
          |      }
          |      (3): cudnn.SpatialConvolution(64 -> 64, 3x3, 1,1, 1,1) without bias
          |      (4): nn.SpatialBatchNormalization (4D) (64)
          |    }
           `-> (2): nn.Identity
           ... -> output
      }
      (2): nn.CAddTable
    }
    (3): nn.Sequential {
      [input -> (1) -> (2) -> output]
      (1): nn.ConcatTable {
        input
          |`-> (1): nn.Sequential {
          |      [input -> (1) -> (2) -> (3) -> (4) -> output]
          |      (1): cudnn.SpatialConvolution(64 -> 64, 3x3, 1,1, 1,1) without bias
          |      (2): nn.Sequential {
          |        [input -> (1) -> (2) -> (3) -> output]
          |        (1): nn.ConstrainedMul
          |        (2): nn.ELU (alpha:1.000000)
          |        (3): nn.ConstrainedMul
          |      }
          |      (3): cudnn.SpatialConvolution(64 -> 64, 3x3, 1,1, 1,1) without bias
          |      (4): nn.SpatialBatchNormalization (4D) (64)
          |    }
           `-> (2): nn.Identity
           ... -> output
      }
      (2): nn.CAddTable
    }
    (4): nn.Sequential {
      [input -> (1) -> (2) -> output]
      (1): nn.ConcatTable {
        input
          |`-> (1): nn.Sequential {
          |      [input -> (1) -> (2) -> (3) -> (4) -> output]
          |      (1): cudnn.SpatialConvolution(64 -> 64, 3x3, 1,1, 1,1) without bias
          |      (2): nn.Sequential {
          |        [input -> (1) -> (2) -> (3) -> output]
          |        (1): nn.ConstrainedMul
          |        (2): nn.ELU (alpha:1.000000)
          |        (3): nn.ConstrainedMul
          |      }
          |      (3): cudnn.SpatialConvolution(64 -> 64, 3x3, 1,1, 1,1) without bias
          |      (4): nn.SpatialBatchNormalization (4D) (64)
          |    }
           `-> (2): nn.Identity
           ... -> output
      }
      (2): nn.CAddTable
    }
    (5): nn.Sequential {
      [input -> (1) -> (2) -> output]
      (1): nn.ConcatTable {
        input
          |`-> (1): nn.Sequential {
          |      [input -> (1) -> (2) -> (3) -> (4) -> output]
          |      (1): cudnn.SpatialConvolution(64 -> 64, 3x3, 1,1, 1,1) without bias
          |      (2): nn.Sequential {
          |        [input -> (1) -> (2) -> (3) -> output]
          |        (1): nn.ConstrainedMul
          |        (2): nn.ELU (alpha:1.000000)
          |        (3): nn.ConstrainedMul
          |      }
          |      (3): cudnn.SpatialConvolution(64 -> 64, 3x3, 1,1, 1,1) without bias
          |      (4): nn.SpatialBatchNormalization (4D) (64)
          |    }
           `-> (2): nn.Identity
           ... -> output
      }
      (2): nn.CAddTable
    }
    (6): nn.Sequential {
      [input -> (1) -> (2) -> output]
      (1): nn.ConcatTable {
        input
          |`-> (1): nn.Sequential {
          |      [input -> (1) -> (2) -> (3) -> (4) -> output]
          |      (1): cudnn.SpatialConvolution(64 -> 64, 3x3, 1,1, 1,1) without bias
          |      (2): nn.Sequential {
          |        [input -> (1) -> (2) -> (3) -> output]
          |        (1): nn.ConstrainedMul
          |        (2): nn.ELU (alpha:1.000000)
          |        (3): nn.ConstrainedMul
          |      }
          |      (3): cudnn.SpatialConvolution(64 -> 64, 3x3, 1,1, 1,1) without bias
          |      (4): nn.SpatialBatchNormalization (4D) (64)
          |    }
           `-> (2): nn.Identity
           ... -> output
      }
      (2): nn.CAddTable
    }
    (7): nn.Sequential {
      [input -> (1) -> (2) -> output]
      (1): nn.ConcatTable {
        input
          |`-> (1): nn.Sequential {
          |      [input -> (1) -> (2) -> (3) -> (4) -> output]
          |      (1): cudnn.SpatialConvolution(64 -> 64, 3x3, 1,1, 1,1) without bias
          |      (2): nn.Sequential {
          |        [input -> (1) -> (2) -> (3) -> output]
          |        (1): nn.ConstrainedMul
          |        (2): nn.ELU (alpha:1.000000)
          |        (3): nn.ConstrainedMul
          |      }
          |      (3): cudnn.SpatialConvolution(64 -> 64, 3x3, 1,1, 1,1) without bias
          |      (4): nn.SpatialBatchNormalization (4D) (64)
          |    }
           `-> (2): nn.Identity
           ... -> output
      }
      (2): nn.CAddTable
    }
    (8): nn.Sequential {
      [input -> (1) -> (2) -> output]
      (1): nn.ConcatTable {
        input
          |`-> (1): nn.Sequential {
          |      [input -> (1) -> (2) -> (3) -> (4) -> output]
          |      (1): cudnn.SpatialConvolution(64 -> 64, 3x3, 1,1, 1,1) without bias
          |      (2): nn.Sequential {
          |        [input -> (1) -> (2) -> (3) -> output]
          |        (1): nn.ConstrainedMul
          |        (2): nn.ELU (alpha:1.000000)
          |        (3): nn.ConstrainedMul
          |      }
          |      (3): cudnn.SpatialConvolution(64 -> 64, 3x3, 1,1, 1,1) without bias
          |      (4): nn.SpatialBatchNormalization (4D) (64)
          |    }
           `-> (2): nn.Identity
           ... -> output
      }
      (2): nn.CAddTable
    }
    (9): nn.Sequential {
      [input -> (1) -> (2) -> output]
      (1): nn.ConcatTable {
        input
          |`-> (1): nn.Sequential {
          |      [input -> (1) -> (2) -> (3) -> (4) -> output]
          |      (1): cudnn.SpatialConvolution(64 -> 64, 3x3, 1,1, 1,1) without bias
          |      (2): nn.Sequential {
          |        [input -> (1) -> (2) -> (3) -> output]
          |        (1): nn.ConstrainedMul
          |        (2): nn.ELU (alpha:1.000000)
          |        (3): nn.ConstrainedMul
          |      }
          |      (3): cudnn.SpatialConvolution(64 -> 64, 3x3, 1,1, 1,1) without bias
          |      (4): nn.SpatialBatchNormalization (4D) (64)
          |    }
           `-> (2): nn.Identity
           ... -> output
      }
      (2): nn.CAddTable
    }
    (10): nn.Sequential {
      [input -> (1) -> (2) -> output]
      (1): nn.ConcatTable {
        input
          |`-> (1): nn.Sequential {
          |      [input -> (1) -> (2) -> (3) -> (4) -> output]
          |      (1): cudnn.SpatialConvolution(64 -> 64, 3x3, 1,1, 1,1) without bias
          |      (2): nn.Sequential {
          |        [input -> (1) -> (2) -> (3) -> output]
          |        (1): nn.ConstrainedMul
          |        (2): nn.ELU (alpha:1.000000)
          |        (3): nn.ConstrainedMul
          |      }
          |      (3): cudnn.SpatialConvolution(64 -> 64, 3x3, 1,1, 1,1) without bias
          |      (4): nn.SpatialBatchNormalization (4D) (64)
          |    }
           `-> (2): nn.Identity
           ... -> output
      }
      (2): nn.CAddTable
    }
    (11): nn.Sequential {
      [input -> (1) -> (2) -> output]
      (1): nn.ConcatTable {
        input
          |`-> (1): nn.Sequential {
          |      [input -> (1) -> (2) -> (3) -> (4) -> output]
          |      (1): cudnn.SpatialConvolution(64 -> 64, 3x3, 1,1, 1,1) without bias
          |      (2): nn.Sequential {
          |        [input -> (1) -> (2) -> (3) -> output]
          |        (1): nn.ConstrainedMul
          |        (2): nn.ELU (alpha:1.000000)
          |        (3): nn.ConstrainedMul
          |      }
          |      (3): cudnn.SpatialConvolution(64 -> 64, 3x3, 1,1, 1,1) without bias
          |      (4): nn.SpatialBatchNormalization (4D) (64)
          |    }
           `-> (2): nn.Identity
           ... -> output
      }
      (2): nn.CAddTable
    }
    (12): nn.Sequential {
      [input -> (1) -> (2) -> output]
      (1): nn.ConcatTable {
        input
          |`-> (1): nn.Sequential {
          |      [input -> (1) -> (2) -> (3) -> (4) -> output]
          |      (1): cudnn.SpatialConvolution(64 -> 64, 3x3, 1,1, 1,1) without bias
          |      (2): nn.Sequential {
          |        [input -> (1) -> (2) -> (3) -> output]
          |        (1): nn.ConstrainedMul
          |        (2): nn.ELU (alpha:1.000000)
          |        (3): nn.ConstrainedMul
          |      }
          |      (3): cudnn.SpatialConvolution(64 -> 64, 3x3, 1,1, 1,1) without bias
          |      (4): nn.SpatialBatchNormalization (4D) (64)
          |    }
           `-> (2): nn.Identity
           ... -> output
      }
      (2): nn.CAddTable
    }
    (13): nn.Sequential {
      [input -> (1) -> (2) -> output]
      (1): nn.ConcatTable {
        input
          |`-> (1): nn.Sequential {
          |      [input -> (1) -> (2) -> (3) -> (4) -> output]
          |      (1): cudnn.SpatialConvolution(64 -> 64, 3x3, 1,1, 1,1) without bias
          |      (2): nn.Sequential {
          |        [input -> (1) -> (2) -> (3) -> output]
          |        (1): nn.ConstrainedMul
          |        (2): nn.ELU (alpha:1.000000)
          |        (3): nn.ConstrainedMul
          |      }
          |      (3): cudnn.SpatialConvolution(64 -> 64, 3x3, 1,1, 1,1) without bias
          |      (4): nn.SpatialBatchNormalization (4D) (64)
          |    }
           `-> (2): nn.Identity
           ... -> output
      }
      (2): nn.CAddTable
    }
    (14): nn.Sequential {
      [input -> (1) -> (2) -> output]
      (1): nn.ConcatTable {
        input
          |`-> (1): nn.Sequential {
          |      [input -> (1) -> (2) -> (3) -> (4) -> output]
          |      (1): cudnn.SpatialConvolution(64 -> 64, 3x3, 1,1, 1,1) without bias
          |      (2): nn.Sequential {
          |        [input -> (1) -> (2) -> (3) -> output]
          |        (1): nn.ConstrainedMul
          |        (2): nn.ELU (alpha:1.000000)
          |        (3): nn.ConstrainedMul
          |      }
          |      (3): cudnn.SpatialConvolution(64 -> 64, 3x3, 1,1, 1,1) without bias
          |      (4): nn.SpatialBatchNormalization (4D) (64)
          |    }
           `-> (2): nn.Identity
           ... -> output
      }
      (2): nn.CAddTable
    }
    (15): nn.Sequential {
      [input -> (1) -> (2) -> output]
      (1): nn.ConcatTable {
        input
          |`-> (1): nn.Sequential {
          |      [input -> (1) -> (2) -> (3) -> (4) -> output]
          |      (1): cudnn.SpatialConvolution(64 -> 64, 3x3, 1,1, 1,1) without bias
          |      (2): nn.Sequential {
          |        [input -> (1) -> (2) -> (3) -> output]
          |        (1): nn.ConstrainedMul
          |        (2): nn.ELU (alpha:1.000000)
          |        (3): nn.ConstrainedMul
          |      }
          |      (3): cudnn.SpatialConvolution(64 -> 64, 3x3, 1,1, 1,1) without bias
          |      (4): nn.SpatialBatchNormalization (4D) (64)
          |    }
           `-> (2): nn.Identity
           ... -> output
      }
      (2): nn.CAddTable
    }
    (16): nn.Sequential {
      [input -> (1) -> (2) -> output]
      (1): nn.ConcatTable {
        input
          |`-> (1): nn.Sequential {
          |      [input -> (1) -> (2) -> (3) -> (4) -> output]
          |      (1): cudnn.SpatialConvolution(64 -> 64, 3x3, 1,1, 1,1) without bias
          |      (2): nn.Sequential {
          |        [input -> (1) -> (2) -> (3) -> output]
          |        (1): nn.ConstrainedMul
          |        (2): nn.ELU (alpha:1.000000)
          |        (3): nn.ConstrainedMul
          |      }
          |      (3): cudnn.SpatialConvolution(64 -> 64, 3x3, 1,1, 1,1) without bias
          |      (4): nn.SpatialBatchNormalization (4D) (64)
          |    }
           `-> (2): nn.Identity
           ... -> output
      }
      (2): nn.CAddTable
    }
    (17): nn.Sequential {
      [input -> (1) -> (2) -> output]
      (1): nn.ConcatTable {
        input
          |`-> (1): nn.Sequential {
          |      [input -> (1) -> (2) -> (3) -> (4) -> output]
          |      (1): cudnn.SpatialConvolution(64 -> 64, 3x3, 1,1, 1,1) without bias
          |      (2): nn.Sequential {
          |        [input -> (1) -> (2) -> (3) -> output]
          |        (1): nn.ConstrainedMul
          |        (2): nn.ELU (alpha:1.000000)
          |        (3): nn.ConstrainedMul
          |      }
          |      (3): cudnn.SpatialConvolution(64 -> 64, 3x3, 1,1, 1,1) without bias
          |      (4): nn.SpatialBatchNormalization (4D) (64)
          |    }
           `-> (2): nn.Identity
           ... -> output
      }
      (2): nn.CAddTable
    }
    (18): nn.Sequential {
      [input -> (1) -> (2) -> output]
      (1): nn.ConcatTable {
        input
          |`-> (1): nn.Sequential {
          |      [input -> (1) -> (2) -> (3) -> (4) -> output]
          |      (1): cudnn.SpatialConvolution(64 -> 64, 3x3, 1,1, 1,1) without bias
          |      (2): nn.Sequential {
          |        [input -> (1) -> (2) -> (3) -> output]
          |        (1): nn.ConstrainedMul
          |        (2): nn.ELU (alpha:1.000000)
          |        (3): nn.ConstrainedMul
          |      }
          |      (3): cudnn.SpatialConvolution(64 -> 64, 3x3, 1,1, 1,1) without bias
          |      (4): nn.SpatialBatchNormalization (4D) (64)
          |    }
           `-> (2): nn.Identity
           ... -> output
      }
      (2): nn.CAddTable
    }
  }
  (6): nn.Sequential {
    [input -> (1) -> (2) -> (3) -> output]
    (1): nn.ConstrainedMul
    (2): nn.ELU (alpha:1.000000)
    (3): nn.ConstrainedMul
  }
  (7): cudnn.SpatialAveragePooling(8x8, 1,1)
  (8): nn.View(64)
  (9): nn.Linear(64 -> 100)
}
=> Training epoch # 1	
 * Finished epoch # 1     top1:  86.182  top5:  60.117
	
 * Best model 	86.181640625	60.1171875	
=> Training epoch # 2	
 * Finished epoch # 2     top1:  74.883  top5:  45.146
	
 * Best model 	74.8828125	45.146484375	
=> Training epoch # 3	
 * Finished epoch # 3     top1:  67.637  top5:  35.762
	
 * Best model 	67.63671875	35.76171875	
=> Training epoch # 4	
 * Finished epoch # 4     top1:  61.055  top5:  29.541
	
 * Best model 	61.0546875	29.541015625	
=> Training epoch # 5	
 * Finished epoch # 5     top1:  58.096  top5:  25.195
	
 * Best model 	58.095703125	25.1953125	
=> Training epoch # 6	
 * Finished epoch # 6     top1:  54.326  top5:  22.275
	
 * Best model 	54.326171875	22.275390625	
=> Training epoch # 7	
 * Finished epoch # 7     top1:  51.572  top5:  21.230
	
 * Best model 	51.572265625	21.23046875	
=> Training epoch # 8	
 * Finished epoch # 8     top1:  55.107  top5:  23.496
	
=> Training epoch # 9	
 * Finished epoch # 9     top1:  53.184  top5:  20.752
	
=> Training epoch # 10	
 * Finished epoch # 10     top1:  50.322  top5:  20.244
	
 * Best model 	50.322265625	20.244140625	
=> Training epoch # 11	
 * Finished epoch # 11     top1:  47.266  top5:  18.174
	
 * Best model 	47.265625	18.173828125	
=> Training epoch # 12	
 * Finished epoch # 12     top1:  50.293  top5:  20.215
	
=> Training epoch # 13	
 * Finished epoch # 13     top1:  50.107  top5:  20.088
	
=> Training epoch # 14	
 * Finished epoch # 14     top1:  49.121  top5:  19.023
	
=> Training epoch # 15	
 * Finished epoch # 15     top1:  49.688  top5:  18.525
	
=> Training epoch # 16	
 * Finished epoch # 16     top1:  47.383  top5:  17.842
	
=> Training epoch # 17	
 * Finished epoch # 17     top1:  54.795  top5:  23.447
	
=> Training epoch # 18	
 * Finished epoch # 18     top1:  47.207  top5:  16.680
	
 * Best model 	47.20703125	16.6796875	
=> Training epoch # 19	
 * Finished epoch # 19     top1:  50.039  top5:  18.428
	
=> Training epoch # 20	
 * Finished epoch # 20     top1:  44.248  top5:  14.824
	
 * Best model 	44.248046875	14.82421875	
=> Training epoch # 21	
 * Finished epoch # 21     top1:  43.750  top5:  16.006
	
 * Best model 	43.75	16.005859375	
=> Training epoch # 22	
 * Finished epoch # 22     top1:  47.412  top5:  18.086
	
=> Training epoch # 23	
 * Finished epoch # 23     top1:  48.896  top5:  18.643
	
=> Training epoch # 24	
 * Finished epoch # 24     top1:  45.059  top5:  16.055
	
=> Training epoch # 25	
 * Finished epoch # 25     top1:  43.477  top5:  16.221
	
 * Best model 	43.4765625	16.220703125	
=> Training epoch # 26	
 * Finished epoch # 26     top1:  48.418  top5:  17.373
	
=> Training epoch # 27	
 * Finished epoch # 27     top1:  46.719  top5:  17.246
	
=> Training epoch # 28	
 * Finished epoch # 28     top1:  44.287  top5:  15.430
	
=> Training epoch # 29	
 * Finished epoch # 29     top1:  43.115  top5:  14.971
	
 * Best model 	43.115234375	14.970703125	
=> Training epoch # 30	
 * Finished epoch # 30     top1:  46.973  top5:  16.943
	
=> Training epoch # 31	
 * Finished epoch # 31     top1:  46.367  top5:  17.002
	
=> Training epoch # 32	
 * Finished epoch # 32     top1:  46.240  top5:  16.621
	
=> Training epoch # 33	
 * Finished epoch # 33     top1:  50.361  top5:  22.686
	
=> Training epoch # 34	
 * Finished epoch # 34     top1:  47.422  top5:  17.803
	
=> Training epoch # 35	
 * Finished epoch # 35     top1:  49.941  top5:  20.527
	
=> Training epoch # 36	
 * Finished epoch # 36     top1:  45.068  top5:  15.967
	
=> Training epoch # 37	
 * Finished epoch # 37     top1:  44.834  top5:  16.182
	
=> Training epoch # 38	
 * Finished epoch # 38     top1:  45.654  top5:  16.211
	
=> Training epoch # 39	
 * Finished epoch # 39     top1:  47.637  top5:  18.604
	
=> Training epoch # 40	
 * Finished epoch # 40     top1:  45.947  top5:  18.438
	
=> Training epoch # 41	
 * Finished epoch # 41     top1:  50.293  top5:  19.814
	
=> Training epoch # 42	
 * Finished epoch # 42     top1:  45.527  top5:  17.324
	
=> Training epoch # 43	
 * Finished epoch # 43     top1:  45.918  top5:  17.080
	
=> Training epoch # 44	
 * Finished epoch # 44     top1:  49.004  top5:  18.701
	
=> Training epoch # 45	
 * Finished epoch # 45     top1:  46.631  top5:  17.891
	
=> Training epoch # 46	
 * Finished epoch # 46     top1:  47.529  top5:  18.496
	
=> Training epoch # 47	
 * Finished epoch # 47     top1:  43.467  top5:  15.684
	
=> Training epoch # 48	
 * Finished epoch # 48     top1:  41.748  top5:  15.215
	
 * Best model 	41.748046875	15.21484375	
=> Training epoch # 49	
 * Finished epoch # 49     top1:  41.123  top5:  14.033
	
 * Best model 	41.123046875	14.033203125	
=> Training epoch # 50	
 * Finished epoch # 50     top1:  44.922  top5:  16.963
	
=> Training epoch # 51	
 * Finished epoch # 51     top1:  46.182  top5:  17.891
	
=> Training epoch # 52	
 * Finished epoch # 52     top1:  48.477  top5:  18.223
	
=> Training epoch # 53	
 * Finished epoch # 53     top1:  45.098  top5:  15.117
	
=> Training epoch # 54	
 * Finished epoch # 54     top1:  44.248  top5:  15.820
	
=> Training epoch # 55	
 * Finished epoch # 55     top1:  45.771  top5:  17.383
	
=> Training epoch # 56	
 * Finished epoch # 56     top1:  42.217  top5:  14.775
	
=> Training epoch # 57	
 * Finished epoch # 57     top1:  42.754  top5:  14.902
	
=> Training epoch # 58	
 * Finished epoch # 58     top1:  45.234  top5:  15.830
	
=> Training epoch # 59	
 * Finished epoch # 59     top1:  43.936  top5:  15.771
	
=> Training epoch # 60	
 * Finished epoch # 60     top1:  40.381  top5:  13.643
	
 * Best model 	40.380859375	13.642578125	
=> Training epoch # 61	
 * Finished epoch # 61     top1:  46.260  top5:  17.002
	
=> Training epoch # 62	
 * Finished epoch # 62     top1:  47.900  top5:  18.047
	
=> Training epoch # 63	
 * Finished epoch # 63     top1:  50.195  top5:  20.566
	
=> Training epoch # 64	
 * Finished epoch # 64     top1:  42.100  top5:  14.258
	
=> Training epoch # 65	
 * Finished epoch # 65     top1:  51.123  top5:  22.725
	
=> Training epoch # 66	
 * Finished epoch # 66     top1:  43.359  top5:  15.811
	
=> Training epoch # 67	
 * Finished epoch # 67     top1:  50.010  top5:  20.420
	
=> Training epoch # 68	
 * Finished epoch # 68     top1:  46.094  top5:  16.045
	
=> Training epoch # 69	
 * Finished epoch # 69     top1:  43.369  top5:  14.883
	
=> Training epoch # 70	
 * Finished epoch # 70     top1:  46.484  top5:  18.115
	
=> Training epoch # 71	
 * Finished epoch # 71     top1:  44.463  top5:  15.879
	
=> Training epoch # 72	
 * Finished epoch # 72     top1:  48.486  top5:  19.717
	
=> Training epoch # 73	
 * Finished epoch # 73     top1:  45.986  top5:  17.158
	
=> Training epoch # 74	
 * Finished epoch # 74     top1:  48.105  top5:  19.717
	
=> Training epoch # 75	
 * Finished epoch # 75     top1:  44.141  top5:  15.273
	
=> Training epoch # 76	
 * Finished epoch # 76     top1:  42.578  top5:  14.326
	
=> Training epoch # 77	
 * Finished epoch # 77     top1:  45.918  top5:  16.084
	
=> Training epoch # 78	
 * Finished epoch # 78     top1:  46.240  top5:  16.504
	
=> Training epoch # 79	
 * Finished epoch # 79     top1:  50.107  top5:  19.209
	
=> Training epoch # 80	
 * Finished epoch # 80     top1:  45.293  top5:  16.094
	
=> Training epoch # 81	
 * Finished epoch # 81     top1:  27.744  top5:   6.572
	
 * Best model 	27.744140625	6.572265625	
=> Training epoch # 82	
 * Finished epoch # 82     top1:  26.934  top5:   6.514
	
 * Best model 	26.93359375	6.513671875	
=> Training epoch # 83	
 * Finished epoch # 83     top1:  26.689  top5:   6.250
	
 * Best model 	26.689453125	6.25	
=> Training epoch # 84	
 * Finished epoch # 84     top1:  26.055  top5:   6.348
	
 * Best model 	26.0546875	6.34765625	
=> Training epoch # 85	
 * Finished epoch # 85     top1:  27.793  top5:   6.709
	
=> Training epoch # 86	
 * Finished epoch # 86     top1:  27.061  top5:   6.709
	
=> Training epoch # 87	
 * Finished epoch # 87     top1:  26.885  top5:   7.070
	
=> Training epoch # 88	
 * Finished epoch # 88     top1:  28.008  top5:   7.197
	
=> Training epoch # 89	
 * Finished epoch # 89     top1:  28.145  top5:   7.617
	
=> Training epoch # 90	
 * Finished epoch # 90     top1:  28.037  top5:   7.109
	
=> Training epoch # 91	
 * Finished epoch # 91     top1:  28.320  top5:   7.432
	
=> Training epoch # 92	
 * Finished epoch # 92     top1:  30.293  top5:   8.740
	
=> Training epoch # 93	
 * Finished epoch # 93     top1:  30.361  top5:   8.379
	
=> Training epoch # 94	
 * Finished epoch # 94     top1:  30.830  top5:   8.984
	
=> Training epoch # 95	
 * Finished epoch # 95     top1:  29.629  top5:   8.613
	
=> Training epoch # 96	
 * Finished epoch # 96     top1:  29.668  top5:   8.682
	
=> Training epoch # 97	
 * Finished epoch # 97     top1:  30.186  top5:   8.809
	
=> Training epoch # 98	
 * Finished epoch # 98     top1:  30.088  top5:   8.760
	
=> Training epoch # 99	
 * Finished epoch # 99     top1:  32.344  top5:   9.902
	
=> Training epoch # 100	
 * Finished epoch # 100     top1:  32.637  top5:  10.791
	
=> Training epoch # 101	
 * Finished epoch # 101     top1:  34.453  top5:  11.494
	
=> Training epoch # 102	
 * Finished epoch # 102     top1:  34.932  top5:  11.299
	
=> Training epoch # 103	
 * Finished epoch # 103     top1:  32.061  top5:  10.283
	
=> Training epoch # 104	
 * Finished epoch # 104     top1:  35.371  top5:  11.904
	
=> Training epoch # 105	
 * Finished epoch # 105     top1:  33.926  top5:  11.426
	
=> Training epoch # 106	
 * Finished epoch # 106     top1:  35.791  top5:  11.562
	
=> Training epoch # 107	
 * Finished epoch # 107     top1:  33.770  top5:  11.318
	
=> Training epoch # 108	
 * Finished epoch # 108     top1:  38.135  top5:  12.041
	
=> Training epoch # 109	
 * Finished epoch # 109     top1:  34.775  top5:  10.762
	
=> Training epoch # 110	
 * Finished epoch # 110     top1:  36.895  top5:  11.973
	
=> Training epoch # 111	
 * Finished epoch # 111     top1:  37.461  top5:  13.027
	
=> Training epoch # 112	
 * Finished epoch # 112     top1:  38.389  top5:  12.686
	
=> Training epoch # 113	
 * Finished epoch # 113     top1:  38.838  top5:  13.760
	
=> Training epoch # 114	
 * Finished epoch # 114     top1:  39.248  top5:  13.896
	
=> Training epoch # 115	
 * Finished epoch # 115     top1:  38.975  top5:  12.695
	
=> Training epoch # 116	
 * Finished epoch # 116     top1:  44.102  top5:  18.535
	
=> Training epoch # 117	
 * Finished epoch # 117     top1:  36.426  top5:  12.949
	
=> Training epoch # 118	
 * Finished epoch # 118     top1:  37.637  top5:  13.818
	
=> Training epoch # 119	
 * Finished epoch # 119     top1:  36.357  top5:  12.744
	
=> Training epoch # 120	
 * Finished epoch # 120     top1:  37.705  top5:  13.633
	
=> Training epoch # 121	
 * Finished epoch # 121     top1:  41.025  top5:  14.756
	
=> Training epoch # 122	
 * Finished epoch # 122     top1:  26.494  top5:   6.895
	
=> Training epoch # 123	
 * Finished epoch # 123     top1:  26.641  top5:   7.080
	
=> Training epoch # 124	
 * Finished epoch # 124     top1:  26.357  top5:   7.139
	
=> Training epoch # 125	
 * Finished epoch # 125     top1:  25.635  top5:   7.080
	
 * Best model 	25.634765625	7.080078125	
=> Training epoch # 126	
 * Finished epoch # 126     top1:  25.596  top5:   6.953
	
 * Best model 	25.595703125	6.953125	
=> Training epoch # 127	
 * Finished epoch # 127     top1:  25.645  top5:   7.021
	
=> Training epoch # 128	
 * Finished epoch # 128     top1:  25.693  top5:   7.051
	
=> Training epoch # 129	
 * Finished epoch # 129     top1:  25.742  top5:   7.070
	
=> Training epoch # 130	
 * Finished epoch # 130     top1:  25.635  top5:   7.070
	
=> Training epoch # 131	
 * Finished epoch # 131     top1:  25.957  top5:   6.943
	
=> Training epoch # 132	
 * Finished epoch # 132     top1:  25.645  top5:   6.875
	
=> Training epoch # 133	
 * Finished epoch # 133     top1:  25.771  top5:   7.129
	
=> Training epoch # 134	
 * Finished epoch # 134     top1:  25.391  top5:   7.227
	
 * Best model 	25.390625	7.2265625	
=> Training epoch # 135	
 * Finished epoch # 135     top1:  25.947  top5:   7.344
	
=> Training epoch # 136	
 * Finished epoch # 136     top1:  25.889  top5:   7.119
	
=> Training epoch # 137	
 * Finished epoch # 137     top1:  25.947  top5:   7.031
	
=> Training epoch # 138	
 * Finished epoch # 138     top1:  25.479  top5:   7.031
	
=> Training epoch # 139	
 * Finished epoch # 139     top1:  26.357  top5:   7.109
	
=> Training epoch # 140	
 * Finished epoch # 140     top1:  25.723  top5:   7.236
	
=> Training epoch # 141	
 * Finished epoch # 141     top1:  25.674  top5:   7.373
	
=> Training epoch # 142	
 * Finished epoch # 142     top1:  25.977  top5:   7.041
	
=> Training epoch # 143	
 * Finished epoch # 143     top1:  25.908  top5:   7.080
	
=> Training epoch # 144	
 * Finished epoch # 144     top1:  26.250  top5:   7.051
	
=> Training epoch # 145	
 * Finished epoch # 145     top1:  26.162  top5:   7.568
	
=> Training epoch # 146	
 * Finished epoch # 146     top1:  25.918  top5:   7.363
	
=> Training epoch # 147	
 * Finished epoch # 147     top1:  25.703  top5:   7.373
	
=> Training epoch # 148	
 * Finished epoch # 148     top1:  25.859  top5:   7.012
	
=> Training epoch # 149	
 * Finished epoch # 149     top1:  26.094  top5:   7.646
	
=> Training epoch # 150	
 * Finished epoch # 150     top1:  25.869  top5:   6.836
	
=> Training epoch # 151	
 * Finished epoch # 151     top1:  26.250  top5:   7.295
	
=> Training epoch # 152	
 * Finished epoch # 152     top1:  26.279  top5:   7.510
	
=> Training epoch # 153	
 * Finished epoch # 153     top1:  25.869  top5:   7.285
	
=> Training epoch # 154	
 * Finished epoch # 154     top1:  26.152  top5:   7.197
	
=> Training epoch # 155	
 * Finished epoch # 155     top1:  25.811  top5:   7.314
	
=> Training epoch # 156	
 * Finished epoch # 156     top1:  26.299  top5:   7.256
	
=> Training epoch # 157	
 * Finished epoch # 157     top1:  25.518  top5:   7.197
	
=> Training epoch # 158	
 * Finished epoch # 158     top1:  26.143  top5:   7.295
	
=> Training epoch # 159	
 * Finished epoch # 159     top1:  26.602  top5:   7.764
	
=> Training epoch # 160	
 * Finished epoch # 160     top1:  25.420  top5:   7.158
	
=> Training epoch # 161	
 * Finished epoch # 161     top1:  26.055  top5:   7.373
	
=> Training epoch # 162	
 * Finished epoch # 162     top1:  26.035  top5:   7.148
	
=> Training epoch # 163	
 * Finished epoch # 163     top1:  26.035  top5:   7.217
	
=> Training epoch # 164	
 * Finished epoch # 164     top1:  26.211  top5:   7.158
	
=> Training epoch # 165	
 * Finished epoch # 165     top1:  25.977  top5:   7.236
	
=> Training epoch # 166	
 * Finished epoch # 166     top1:  25.898  top5:   7.217
	
=> Training epoch # 167	
 * Finished epoch # 167     top1:  25.947  top5:   7.432
	
=> Training epoch # 168	
 * Finished epoch # 168     top1:  25.918  top5:   7.207
	
=> Training epoch # 169	
 * Finished epoch # 169     top1:  26.016  top5:   7.422
	
=> Training epoch # 170	
 * Finished epoch # 170     top1:  26.543  top5:   7.725
	
=> Training epoch # 171	
 * Finished epoch # 171     top1:  25.605  top5:   7.275
	
=> Training epoch # 172	
 * Finished epoch # 172     top1:  26.211  top5:   7.539
	
=> Training epoch # 173	
 * Finished epoch # 173     top1:  26.523  top5:   7.666
	
=> Training epoch # 174	
 * Finished epoch # 174     top1:  26.133  top5:   7.402
	
=> Training epoch # 175	
 * Finished epoch # 175     top1:  25.879  top5:   7.178
	
=> Training epoch # 176	
 * Finished epoch # 176     top1:  26.094  top5:   7.236
	
=> Training epoch # 177	
 * Finished epoch # 177     top1:  26.445  top5:   7.500
	
=> Training epoch # 178	
 * Finished epoch # 178     top1:  26.455  top5:   7.490
	
=> Training epoch # 179	
 * Finished epoch # 179     top1:  25.771  top5:   7.422
	
=> Training epoch # 180	
 * Finished epoch # 180     top1:  26.064  top5:   7.393
	
=> Training epoch # 181	
 * Finished epoch # 181     top1:  25.703  top5:   7.285
	
=> Training epoch # 182	
 * Finished epoch # 182     top1:  26.553  top5:   7.480
	
=> Training epoch # 183	
 * Finished epoch # 183     top1:  25.898  top5:   7.344
	
=> Training epoch # 184	
 * Finished epoch # 184     top1:  26.758  top5:   7.402
	
=> Training epoch # 185	
 * Finished epoch # 185     top1:  26.045  top5:   7.500
	
=> Training epoch # 186	
 * Finished epoch # 186     top1:  26.045  top5:   7.764
	
=> Training epoch # 187	
 * Finished epoch # 187     top1:  26.074  top5:   7.842
	
=> Training epoch # 188	
 * Finished epoch # 188     top1:  26.162  top5:   7.393
	
=> Training epoch # 189	
 * Finished epoch # 189     top1:  25.820  top5:   7.266
	
=> Training epoch # 190	
 * Finished epoch # 190     top1:  26.318  top5:   7.461
	
=> Training epoch # 191	
 * Finished epoch # 191     top1:  26.045  top5:   7.441
	
=> Training epoch # 192	
 * Finished epoch # 192     top1:  26.094  top5:   7.480
	
=> Training epoch # 193	
 * Finished epoch # 193     top1:  26.211  top5:   7.471
	
=> Training epoch # 194	
 * Finished epoch # 194     top1:  26.396  top5:   7.529
	
=> Training epoch # 195	
 * Finished epoch # 195     top1:  25.410  top5:   7.441
	
=> Training epoch # 196	
 * Finished epoch # 196     top1:  26.553  top5:   7.500
	
=> Training epoch # 197	
 * Finished epoch # 197     top1:  25.986  top5:   7.383
	
=> Training epoch # 198	
 * Finished epoch # 198     top1:  26.279  top5:   7.627
	
=> Training epoch # 199	
 * Finished epoch # 199     top1:  26.328  top5:   7.607
	
=> Training epoch # 200	
 * Finished epoch # 200     top1:  25.869  top5:   7.295
	
 * Finished top1: 25.391  top5:  7.227	
