{
  cudnn : "fastest"
  LR : 0.1
  nThreads : 2
  nClasses : 0
  batchSize : 256
  testOnly : false
  netType : "resnet-bn-relu"
  resetClassifier : false
  shortcutType : "A"
  gen : "gen"
  nGPU : 1
  depth : 110
  weightDecay : 0.001
  data : ""
  dataset : "cifar100"
  epochNumber : 1
  manualSeed : 2
  resume : "results/results-bn-relu/try3/cifar100/110"
  optimState : "none"
  nEpochs : 200
  tenCrop : false
  shareGradInput : false
  backend : "cudnn"
  momentum : 0.9
  retrain : "none"
}
=> Creating model from file: models/resnet-bn-relu.lua	
 | ResNet-110 CIFAR-100	
nn.Sequential {
  [input -> (1) -> (2) -> (3) -> (4) -> (5) -> (6) -> (7) -> (8) -> (9) -> output]
  (1): cudnn.SpatialConvolution(3 -> 16, 3x3, 1,1, 1,1) without bias
  (2): nn.Sequential {
    [input -> (1) -> (2) -> output]
    (1): nn.SpatialBatchNormalization (4D) (16)
    (2): nn.ReLU
  }
  (3): nn.Sequential {
    [input -> (1) -> (2) -> (3) -> (4) -> (5) -> (6) -> (7) -> (8) -> (9) -> (10) -> (11) -> (12) -> (13) -> (14) -> (15) -> (16) -> (17) -> (18) -> output]
    (1): nn.Sequential {
      [input -> (1) -> (2) -> output]
      (1): nn.ConcatTable {
        input
          |`-> (1): nn.Sequential {
          |      [input -> (1) -> (2) -> (3) -> (4) -> output]
          |      (1): cudnn.SpatialConvolution(16 -> 16, 3x3, 1,1, 1,1) without bias
          |      (2): nn.Sequential {
          |        [input -> (1) -> (2) -> output]
          |        (1): nn.SpatialBatchNormalization (4D) (16)
          |        (2): nn.ReLU
          |      }
          |      (3): cudnn.SpatialConvolution(16 -> 16, 3x3, 1,1, 1,1) without bias
          |      (4): nn.SpatialBatchNormalization (4D) (16)
          |    }
           `-> (2): nn.Identity
           ... -> output
      }
      (2): nn.CAddTable
    }
    (2): nn.Sequential {
      [input -> (1) -> (2) -> output]
      (1): nn.ConcatTable {
        input
          |`-> (1): nn.Sequential {
          |      [input -> (1) -> (2) -> (3) -> (4) -> output]
          |      (1): cudnn.SpatialConvolution(16 -> 16, 3x3, 1,1, 1,1) without bias
          |      (2): nn.Sequential {
          |        [input -> (1) -> (2) -> output]
          |        (1): nn.SpatialBatchNormalization (4D) (16)
          |        (2): nn.ReLU
          |      }
          |      (3): cudnn.SpatialConvolution(16 -> 16, 3x3, 1,1, 1,1) without bias
          |      (4): nn.SpatialBatchNormalization (4D) (16)
          |    }
           `-> (2): nn.Identity
           ... -> output
      }
      (2): nn.CAddTable
    }
    (3): nn.Sequential {
      [input -> (1) -> (2) -> output]
      (1): nn.ConcatTable {
        input
          |`-> (1): nn.Sequential {
          |      [input -> (1) -> (2) -> (3) -> (4) -> output]
          |      (1): cudnn.SpatialConvolution(16 -> 16, 3x3, 1,1, 1,1) without bias
          |      (2): nn.Sequential {
          |        [input -> (1) -> (2) -> output]
          |        (1): nn.SpatialBatchNormalization (4D) (16)
          |        (2): nn.ReLU
          |      }
          |      (3): cudnn.SpatialConvolution(16 -> 16, 3x3, 1,1, 1,1) without bias
          |      (4): nn.SpatialBatchNormalization (4D) (16)
          |    }
           `-> (2): nn.Identity
           ... -> output
      }
      (2): nn.CAddTable
    }
    (4): nn.Sequential {
      [input -> (1) -> (2) -> output]
      (1): nn.ConcatTable {
        input
          |`-> (1): nn.Sequential {
          |      [input -> (1) -> (2) -> (3) -> (4) -> output]
          |      (1): cudnn.SpatialConvolution(16 -> 16, 3x3, 1,1, 1,1) without bias
          |      (2): nn.Sequential {
          |        [input -> (1) -> (2) -> output]
          |        (1): nn.SpatialBatchNormalization (4D) (16)
          |        (2): nn.ReLU
          |      }
          |      (3): cudnn.SpatialConvolution(16 -> 16, 3x3, 1,1, 1,1) without bias
          |      (4): nn.SpatialBatchNormalization (4D) (16)
          |    }
           `-> (2): nn.Identity
           ... -> output
      }
      (2): nn.CAddTable
    }
    (5): nn.Sequential {
      [input -> (1) -> (2) -> output]
      (1): nn.ConcatTable {
        input
          |`-> (1): nn.Sequential {
          |      [input -> (1) -> (2) -> (3) -> (4) -> output]
          |      (1): cudnn.SpatialConvolution(16 -> 16, 3x3, 1,1, 1,1) without bias
          |      (2): nn.Sequential {
          |        [input -> (1) -> (2) -> output]
          |        (1): nn.SpatialBatchNormalization (4D) (16)
          |        (2): nn.ReLU
          |      }
          |      (3): cudnn.SpatialConvolution(16 -> 16, 3x3, 1,1, 1,1) without bias
          |      (4): nn.SpatialBatchNormalization (4D) (16)
          |    }
           `-> (2): nn.Identity
           ... -> output
      }
      (2): nn.CAddTable
    }
    (6): nn.Sequential {
      [input -> (1) -> (2) -> output]
      (1): nn.ConcatTable {
        input
          |`-> (1): nn.Sequential {
          |      [input -> (1) -> (2) -> (3) -> (4) -> output]
          |      (1): cudnn.SpatialConvolution(16 -> 16, 3x3, 1,1, 1,1) without bias
          |      (2): nn.Sequential {
          |        [input -> (1) -> (2) -> output]
          |        (1): nn.SpatialBatchNormalization (4D) (16)
          |        (2): nn.ReLU
          |      }
          |      (3): cudnn.SpatialConvolution(16 -> 16, 3x3, 1,1, 1,1) without bias
          |      (4): nn.SpatialBatchNormalization (4D) (16)
          |    }
           `-> (2): nn.Identity
           ... -> output
      }
      (2): nn.CAddTable
    }
    (7): nn.Sequential {
      [input -> (1) -> (2) -> output]
      (1): nn.ConcatTable {
        input
          |`-> (1): nn.Sequential {
          |      [input -> (1) -> (2) -> (3) -> (4) -> output]
          |      (1): cudnn.SpatialConvolution(16 -> 16, 3x3, 1,1, 1,1) without bias
          |      (2): nn.Sequential {
          |        [input -> (1) -> (2) -> output]
          |        (1): nn.SpatialBatchNormalization (4D) (16)
          |        (2): nn.ReLU
          |      }
          |      (3): cudnn.SpatialConvolution(16 -> 16, 3x3, 1,1, 1,1) without bias
          |      (4): nn.SpatialBatchNormalization (4D) (16)
          |    }
           `-> (2): nn.Identity
           ... -> output
      }
      (2): nn.CAddTable
    }
    (8): nn.Sequential {
      [input -> (1) -> (2) -> output]
      (1): nn.ConcatTable {
        input
          |`-> (1): nn.Sequential {
          |      [input -> (1) -> (2) -> (3) -> (4) -> output]
          |      (1): cudnn.SpatialConvolution(16 -> 16, 3x3, 1,1, 1,1) without bias
          |      (2): nn.Sequential {
          |        [input -> (1) -> (2) -> output]
          |        (1): nn.SpatialBatchNormalization (4D) (16)
          |        (2): nn.ReLU
          |      }
          |      (3): cudnn.SpatialConvolution(16 -> 16, 3x3, 1,1, 1,1) without bias
          |      (4): nn.SpatialBatchNormalization (4D) (16)
          |    }
           `-> (2): nn.Identity
           ... -> output
      }
      (2): nn.CAddTable
    }
    (9): nn.Sequential {
      [input -> (1) -> (2) -> output]
      (1): nn.ConcatTable {
        input
          |`-> (1): nn.Sequential {
          |      [input -> (1) -> (2) -> (3) -> (4) -> output]
          |      (1): cudnn.SpatialConvolution(16 -> 16, 3x3, 1,1, 1,1) without bias
          |      (2): nn.Sequential {
          |        [input -> (1) -> (2) -> output]
          |        (1): nn.SpatialBatchNormalization (4D) (16)
          |        (2): nn.ReLU
          |      }
          |      (3): cudnn.SpatialConvolution(16 -> 16, 3x3, 1,1, 1,1) without bias
          |      (4): nn.SpatialBatchNormalization (4D) (16)
          |    }
           `-> (2): nn.Identity
           ... -> output
      }
      (2): nn.CAddTable
    }
    (10): nn.Sequential {
      [input -> (1) -> (2) -> output]
      (1): nn.ConcatTable {
        input
          |`-> (1): nn.Sequential {
          |      [input -> (1) -> (2) -> (3) -> (4) -> output]
          |      (1): cudnn.SpatialConvolution(16 -> 16, 3x3, 1,1, 1,1) without bias
          |      (2): nn.Sequential {
          |        [input -> (1) -> (2) -> output]
          |        (1): nn.SpatialBatchNormalization (4D) (16)
          |        (2): nn.ReLU
          |      }
          |      (3): cudnn.SpatialConvolution(16 -> 16, 3x3, 1,1, 1,1) without bias
          |      (4): nn.SpatialBatchNormalization (4D) (16)
          |    }
           `-> (2): nn.Identity
           ... -> output
      }
      (2): nn.CAddTable
    }
    (11): nn.Sequential {
      [input -> (1) -> (2) -> output]
      (1): nn.ConcatTable {
        input
          |`-> (1): nn.Sequential {
          |      [input -> (1) -> (2) -> (3) -> (4) -> output]
          |      (1): cudnn.SpatialConvolution(16 -> 16, 3x3, 1,1, 1,1) without bias
          |      (2): nn.Sequential {
          |        [input -> (1) -> (2) -> output]
          |        (1): nn.SpatialBatchNormalization (4D) (16)
          |        (2): nn.ReLU
          |      }
          |      (3): cudnn.SpatialConvolution(16 -> 16, 3x3, 1,1, 1,1) without bias
          |      (4): nn.SpatialBatchNormalization (4D) (16)
          |    }
           `-> (2): nn.Identity
           ... -> output
      }
      (2): nn.CAddTable
    }
    (12): nn.Sequential {
      [input -> (1) -> (2) -> output]
      (1): nn.ConcatTable {
        input
          |`-> (1): nn.Sequential {
          |      [input -> (1) -> (2) -> (3) -> (4) -> output]
          |      (1): cudnn.SpatialConvolution(16 -> 16, 3x3, 1,1, 1,1) without bias
          |      (2): nn.Sequential {
          |        [input -> (1) -> (2) -> output]
          |        (1): nn.SpatialBatchNormalization (4D) (16)
          |        (2): nn.ReLU
          |      }
          |      (3): cudnn.SpatialConvolution(16 -> 16, 3x3, 1,1, 1,1) without bias
          |      (4): nn.SpatialBatchNormalization (4D) (16)
          |    }
           `-> (2): nn.Identity
           ... -> output
      }
      (2): nn.CAddTable
    }
    (13): nn.Sequential {
      [input -> (1) -> (2) -> output]
      (1): nn.ConcatTable {
        input
          |`-> (1): nn.Sequential {
          |      [input -> (1) -> (2) -> (3) -> (4) -> output]
          |      (1): cudnn.SpatialConvolution(16 -> 16, 3x3, 1,1, 1,1) without bias
          |      (2): nn.Sequential {
          |        [input -> (1) -> (2) -> output]
          |        (1): nn.SpatialBatchNormalization (4D) (16)
          |        (2): nn.ReLU
          |      }
          |      (3): cudnn.SpatialConvolution(16 -> 16, 3x3, 1,1, 1,1) without bias
          |      (4): nn.SpatialBatchNormalization (4D) (16)
          |    }
           `-> (2): nn.Identity
           ... -> output
      }
      (2): nn.CAddTable
    }
    (14): nn.Sequential {
      [input -> (1) -> (2) -> output]
      (1): nn.ConcatTable {
        input
          |`-> (1): nn.Sequential {
          |      [input -> (1) -> (2) -> (3) -> (4) -> output]
          |      (1): cudnn.SpatialConvolution(16 -> 16, 3x3, 1,1, 1,1) without bias
          |      (2): nn.Sequential {
          |        [input -> (1) -> (2) -> output]
          |        (1): nn.SpatialBatchNormalization (4D) (16)
          |        (2): nn.ReLU
          |      }
          |      (3): cudnn.SpatialConvolution(16 -> 16, 3x3, 1,1, 1,1) without bias
          |      (4): nn.SpatialBatchNormalization (4D) (16)
          |    }
           `-> (2): nn.Identity
           ... -> output
      }
      (2): nn.CAddTable
    }
    (15): nn.Sequential {
      [input -> (1) -> (2) -> output]
      (1): nn.ConcatTable {
        input
          |`-> (1): nn.Sequential {
          |      [input -> (1) -> (2) -> (3) -> (4) -> output]
          |      (1): cudnn.SpatialConvolution(16 -> 16, 3x3, 1,1, 1,1) without bias
          |      (2): nn.Sequential {
          |        [input -> (1) -> (2) -> output]
          |        (1): nn.SpatialBatchNormalization (4D) (16)
          |        (2): nn.ReLU
          |      }
          |      (3): cudnn.SpatialConvolution(16 -> 16, 3x3, 1,1, 1,1) without bias
          |      (4): nn.SpatialBatchNormalization (4D) (16)
          |    }
           `-> (2): nn.Identity
           ... -> output
      }
      (2): nn.CAddTable
    }
    (16): nn.Sequential {
      [input -> (1) -> (2) -> output]
      (1): nn.ConcatTable {
        input
          |`-> (1): nn.Sequential {
          |      [input -> (1) -> (2) -> (3) -> (4) -> output]
          |      (1): cudnn.SpatialConvolution(16 -> 16, 3x3, 1,1, 1,1) without bias
          |      (2): nn.Sequential {
          |        [input -> (1) -> (2) -> output]
          |        (1): nn.SpatialBatchNormalization (4D) (16)
          |        (2): nn.ReLU
          |      }
          |      (3): cudnn.SpatialConvolution(16 -> 16, 3x3, 1,1, 1,1) without bias
          |      (4): nn.SpatialBatchNormalization (4D) (16)
          |    }
           `-> (2): nn.Identity
           ... -> output
      }
      (2): nn.CAddTable
    }
    (17): nn.Sequential {
      [input -> (1) -> (2) -> output]
      (1): nn.ConcatTable {
        input
          |`-> (1): nn.Sequential {
          |      [input -> (1) -> (2) -> (3) -> (4) -> output]
          |      (1): cudnn.SpatialConvolution(16 -> 16, 3x3, 1,1, 1,1) without bias
          |      (2): nn.Sequential {
          |        [input -> (1) -> (2) -> output]
          |        (1): nn.SpatialBatchNormalization (4D) (16)
          |        (2): nn.ReLU
          |      }
          |      (3): cudnn.SpatialConvolution(16 -> 16, 3x3, 1,1, 1,1) without bias
          |      (4): nn.SpatialBatchNormalization (4D) (16)
          |    }
           `-> (2): nn.Identity
           ... -> output
      }
      (2): nn.CAddTable
    }
    (18): nn.Sequential {
      [input -> (1) -> (2) -> output]
      (1): nn.ConcatTable {
        input
          |`-> (1): nn.Sequential {
          |      [input -> (1) -> (2) -> (3) -> (4) -> output]
          |      (1): cudnn.SpatialConvolution(16 -> 16, 3x3, 1,1, 1,1) without bias
          |      (2): nn.Sequential {
          |        [input -> (1) -> (2) -> output]
          |        (1): nn.SpatialBatchNormalization (4D) (16)
          |        (2): nn.ReLU
          |      }
          |      (3): cudnn.SpatialConvolution(16 -> 16, 3x3, 1,1, 1,1) without bias
          |      (4): nn.SpatialBatchNormalization (4D) (16)
          |    }
           `-> (2): nn.Identity
           ... -> output
      }
      (2): nn.CAddTable
    }
  }
  (4): nn.Sequential {
    [input -> (1) -> (2) -> (3) -> (4) -> (5) -> (6) -> (7) -> (8) -> (9) -> (10) -> (11) -> (12) -> (13) -> (14) -> (15) -> (16) -> (17) -> (18) -> output]
    (1): nn.Sequential {
      [input -> (1) -> (2) -> output]
      (1): nn.ConcatTable {
        input
          |`-> (1): nn.Sequential {
          |      [input -> (1) -> (2) -> (3) -> (4) -> output]
          |      (1): cudnn.SpatialConvolution(16 -> 32, 3x3, 2,2, 1,1) without bias
          |      (2): nn.Sequential {
          |        [input -> (1) -> (2) -> output]
          |        (1): nn.SpatialBatchNormalization (4D) (32)
          |        (2): nn.ReLU
          |      }
          |      (3): cudnn.SpatialConvolution(32 -> 32, 3x3, 1,1, 1,1) without bias
          |      (4): nn.SpatialBatchNormalization (4D) (32)
          |    }
           `-> (2): nn.Sequential {
                 [input -> (1) -> (2) -> output]
                 (1): nn.SpatialAveragePooling(1x1, 2,2)
                 (2): nn.Concat {
                   input
                     |`-> (1): nn.Identity
                      `-> (2): nn.MulConstant
                      ... -> output
                 }
               }
           ... -> output
      }
      (2): nn.CAddTable
    }
    (2): nn.Sequential {
      [input -> (1) -> (2) -> output]
      (1): nn.ConcatTable {
        input
          |`-> (1): nn.Sequential {
          |      [input -> (1) -> (2) -> (3) -> (4) -> output]
          |      (1): cudnn.SpatialConvolution(32 -> 32, 3x3, 1,1, 1,1) without bias
          |      (2): nn.Sequential {
          |        [input -> (1) -> (2) -> output]
          |        (1): nn.SpatialBatchNormalization (4D) (32)
          |        (2): nn.ReLU
          |      }
          |      (3): cudnn.SpatialConvolution(32 -> 32, 3x3, 1,1, 1,1) without bias
          |      (4): nn.SpatialBatchNormalization (4D) (32)
          |    }
           `-> (2): nn.Identity
           ... -> output
      }
      (2): nn.CAddTable
    }
    (3): nn.Sequential {
      [input -> (1) -> (2) -> output]
      (1): nn.ConcatTable {
        input
          |`-> (1): nn.Sequential {
          |      [input -> (1) -> (2) -> (3) -> (4) -> output]
          |      (1): cudnn.SpatialConvolution(32 -> 32, 3x3, 1,1, 1,1) without bias
          |      (2): nn.Sequential {
          |        [input -> (1) -> (2) -> output]
          |        (1): nn.SpatialBatchNormalization (4D) (32)
          |        (2): nn.ReLU
          |      }
          |      (3): cudnn.SpatialConvolution(32 -> 32, 3x3, 1,1, 1,1) without bias
          |      (4): nn.SpatialBatchNormalization (4D) (32)
          |    }
           `-> (2): nn.Identity
           ... -> output
      }
      (2): nn.CAddTable
    }
    (4): nn.Sequential {
      [input -> (1) -> (2) -> output]
      (1): nn.ConcatTable {
        input
          |`-> (1): nn.Sequential {
          |      [input -> (1) -> (2) -> (3) -> (4) -> output]
          |      (1): cudnn.SpatialConvolution(32 -> 32, 3x3, 1,1, 1,1) without bias
          |      (2): nn.Sequential {
          |        [input -> (1) -> (2) -> output]
          |        (1): nn.SpatialBatchNormalization (4D) (32)
          |        (2): nn.ReLU
          |      }
          |      (3): cudnn.SpatialConvolution(32 -> 32, 3x3, 1,1, 1,1) without bias
          |      (4): nn.SpatialBatchNormalization (4D) (32)
          |    }
           `-> (2): nn.Identity
           ... -> output
      }
      (2): nn.CAddTable
    }
    (5): nn.Sequential {
      [input -> (1) -> (2) -> output]
      (1): nn.ConcatTable {
        input
          |`-> (1): nn.Sequential {
          |      [input -> (1) -> (2) -> (3) -> (4) -> output]
          |      (1): cudnn.SpatialConvolution(32 -> 32, 3x3, 1,1, 1,1) without bias
          |      (2): nn.Sequential {
          |        [input -> (1) -> (2) -> output]
          |        (1): nn.SpatialBatchNormalization (4D) (32)
          |        (2): nn.ReLU
          |      }
          |      (3): cudnn.SpatialConvolution(32 -> 32, 3x3, 1,1, 1,1) without bias
          |      (4): nn.SpatialBatchNormalization (4D) (32)
          |    }
           `-> (2): nn.Identity
           ... -> output
      }
      (2): nn.CAddTable
    }
    (6): nn.Sequential {
      [input -> (1) -> (2) -> output]
      (1): nn.ConcatTable {
        input
          |`-> (1): nn.Sequential {
          |      [input -> (1) -> (2) -> (3) -> (4) -> output]
          |      (1): cudnn.SpatialConvolution(32 -> 32, 3x3, 1,1, 1,1) without bias
          |      (2): nn.Sequential {
          |        [input -> (1) -> (2) -> output]
          |        (1): nn.SpatialBatchNormalization (4D) (32)
          |        (2): nn.ReLU
          |      }
          |      (3): cudnn.SpatialConvolution(32 -> 32, 3x3, 1,1, 1,1) without bias
          |      (4): nn.SpatialBatchNormalization (4D) (32)
          |    }
           `-> (2): nn.Identity
           ... -> output
      }
      (2): nn.CAddTable
    }
    (7): nn.Sequential {
      [input -> (1) -> (2) -> output]
      (1): nn.ConcatTable {
        input
          |`-> (1): nn.Sequential {
          |      [input -> (1) -> (2) -> (3) -> (4) -> output]
          |      (1): cudnn.SpatialConvolution(32 -> 32, 3x3, 1,1, 1,1) without bias
          |      (2): nn.Sequential {
          |        [input -> (1) -> (2) -> output]
          |        (1): nn.SpatialBatchNormalization (4D) (32)
          |        (2): nn.ReLU
          |      }
          |      (3): cudnn.SpatialConvolution(32 -> 32, 3x3, 1,1, 1,1) without bias
          |      (4): nn.SpatialBatchNormalization (4D) (32)
          |    }
           `-> (2): nn.Identity
           ... -> output
      }
      (2): nn.CAddTable
    }
    (8): nn.Sequential {
      [input -> (1) -> (2) -> output]
      (1): nn.ConcatTable {
        input
          |`-> (1): nn.Sequential {
          |      [input -> (1) -> (2) -> (3) -> (4) -> output]
          |      (1): cudnn.SpatialConvolution(32 -> 32, 3x3, 1,1, 1,1) without bias
          |      (2): nn.Sequential {
          |        [input -> (1) -> (2) -> output]
          |        (1): nn.SpatialBatchNormalization (4D) (32)
          |        (2): nn.ReLU
          |      }
          |      (3): cudnn.SpatialConvolution(32 -> 32, 3x3, 1,1, 1,1) without bias
          |      (4): nn.SpatialBatchNormalization (4D) (32)
          |    }
           `-> (2): nn.Identity
           ... -> output
      }
      (2): nn.CAddTable
    }
    (9): nn.Sequential {
      [input -> (1) -> (2) -> output]
      (1): nn.ConcatTable {
        input
          |`-> (1): nn.Sequential {
          |      [input -> (1) -> (2) -> (3) -> (4) -> output]
          |      (1): cudnn.SpatialConvolution(32 -> 32, 3x3, 1,1, 1,1) without bias
          |      (2): nn.Sequential {
          |        [input -> (1) -> (2) -> output]
          |        (1): nn.SpatialBatchNormalization (4D) (32)
          |        (2): nn.ReLU
          |      }
          |      (3): cudnn.SpatialConvolution(32 -> 32, 3x3, 1,1, 1,1) without bias
          |      (4): nn.SpatialBatchNormalization (4D) (32)
          |    }
           `-> (2): nn.Identity
           ... -> output
      }
      (2): nn.CAddTable
    }
    (10): nn.Sequential {
      [input -> (1) -> (2) -> output]
      (1): nn.ConcatTable {
        input
          |`-> (1): nn.Sequential {
          |      [input -> (1) -> (2) -> (3) -> (4) -> output]
          |      (1): cudnn.SpatialConvolution(32 -> 32, 3x3, 1,1, 1,1) without bias
          |      (2): nn.Sequential {
          |        [input -> (1) -> (2) -> output]
          |        (1): nn.SpatialBatchNormalization (4D) (32)
          |        (2): nn.ReLU
          |      }
          |      (3): cudnn.SpatialConvolution(32 -> 32, 3x3, 1,1, 1,1) without bias
          |      (4): nn.SpatialBatchNormalization (4D) (32)
          |    }
           `-> (2): nn.Identity
           ... -> output
      }
      (2): nn.CAddTable
    }
    (11): nn.Sequential {
      [input -> (1) -> (2) -> output]
      (1): nn.ConcatTable {
        input
          |`-> (1): nn.Sequential {
          |      [input -> (1) -> (2) -> (3) -> (4) -> output]
          |      (1): cudnn.SpatialConvolution(32 -> 32, 3x3, 1,1, 1,1) without bias
          |      (2): nn.Sequential {
          |        [input -> (1) -> (2) -> output]
          |        (1): nn.SpatialBatchNormalization (4D) (32)
          |        (2): nn.ReLU
          |      }
          |      (3): cudnn.SpatialConvolution(32 -> 32, 3x3, 1,1, 1,1) without bias
          |      (4): nn.SpatialBatchNormalization (4D) (32)
          |    }
           `-> (2): nn.Identity
           ... -> output
      }
      (2): nn.CAddTable
    }
    (12): nn.Sequential {
      [input -> (1) -> (2) -> output]
      (1): nn.ConcatTable {
        input
          |`-> (1): nn.Sequential {
          |      [input -> (1) -> (2) -> (3) -> (4) -> output]
          |      (1): cudnn.SpatialConvolution(32 -> 32, 3x3, 1,1, 1,1) without bias
          |      (2): nn.Sequential {
          |        [input -> (1) -> (2) -> output]
          |        (1): nn.SpatialBatchNormalization (4D) (32)
          |        (2): nn.ReLU
          |      }
          |      (3): cudnn.SpatialConvolution(32 -> 32, 3x3, 1,1, 1,1) without bias
          |      (4): nn.SpatialBatchNormalization (4D) (32)
          |    }
           `-> (2): nn.Identity
           ... -> output
      }
      (2): nn.CAddTable
    }
    (13): nn.Sequential {
      [input -> (1) -> (2) -> output]
      (1): nn.ConcatTable {
        input
          |`-> (1): nn.Sequential {
          |      [input -> (1) -> (2) -> (3) -> (4) -> output]
          |      (1): cudnn.SpatialConvolution(32 -> 32, 3x3, 1,1, 1,1) without bias
          |      (2): nn.Sequential {
          |        [input -> (1) -> (2) -> output]
          |        (1): nn.SpatialBatchNormalization (4D) (32)
          |        (2): nn.ReLU
          |      }
          |      (3): cudnn.SpatialConvolution(32 -> 32, 3x3, 1,1, 1,1) without bias
          |      (4): nn.SpatialBatchNormalization (4D) (32)
          |    }
           `-> (2): nn.Identity
           ... -> output
      }
      (2): nn.CAddTable
    }
    (14): nn.Sequential {
      [input -> (1) -> (2) -> output]
      (1): nn.ConcatTable {
        input
          |`-> (1): nn.Sequential {
          |      [input -> (1) -> (2) -> (3) -> (4) -> output]
          |      (1): cudnn.SpatialConvolution(32 -> 32, 3x3, 1,1, 1,1) without bias
          |      (2): nn.Sequential {
          |        [input -> (1) -> (2) -> output]
          |        (1): nn.SpatialBatchNormalization (4D) (32)
          |        (2): nn.ReLU
          |      }
          |      (3): cudnn.SpatialConvolution(32 -> 32, 3x3, 1,1, 1,1) without bias
          |      (4): nn.SpatialBatchNormalization (4D) (32)
          |    }
           `-> (2): nn.Identity
           ... -> output
      }
      (2): nn.CAddTable
    }
    (15): nn.Sequential {
      [input -> (1) -> (2) -> output]
      (1): nn.ConcatTable {
        input
          |`-> (1): nn.Sequential {
          |      [input -> (1) -> (2) -> (3) -> (4) -> output]
          |      (1): cudnn.SpatialConvolution(32 -> 32, 3x3, 1,1, 1,1) without bias
          |      (2): nn.Sequential {
          |        [input -> (1) -> (2) -> output]
          |        (1): nn.SpatialBatchNormalization (4D) (32)
          |        (2): nn.ReLU
          |      }
          |      (3): cudnn.SpatialConvolution(32 -> 32, 3x3, 1,1, 1,1) without bias
          |      (4): nn.SpatialBatchNormalization (4D) (32)
          |    }
           `-> (2): nn.Identity
           ... -> output
      }
      (2): nn.CAddTable
    }
    (16): nn.Sequential {
      [input -> (1) -> (2) -> output]
      (1): nn.ConcatTable {
        input
          |`-> (1): nn.Sequential {
          |      [input -> (1) -> (2) -> (3) -> (4) -> output]
          |      (1): cudnn.SpatialConvolution(32 -> 32, 3x3, 1,1, 1,1) without bias
          |      (2): nn.Sequential {
          |        [input -> (1) -> (2) -> output]
          |        (1): nn.SpatialBatchNormalization (4D) (32)
          |        (2): nn.ReLU
          |      }
          |      (3): cudnn.SpatialConvolution(32 -> 32, 3x3, 1,1, 1,1) without bias
          |      (4): nn.SpatialBatchNormalization (4D) (32)
          |    }
           `-> (2): nn.Identity
           ... -> output
      }
      (2): nn.CAddTable
    }
    (17): nn.Sequential {
      [input -> (1) -> (2) -> output]
      (1): nn.ConcatTable {
        input
          |`-> (1): nn.Sequential {
          |      [input -> (1) -> (2) -> (3) -> (4) -> output]
          |      (1): cudnn.SpatialConvolution(32 -> 32, 3x3, 1,1, 1,1) without bias
          |      (2): nn.Sequential {
          |        [input -> (1) -> (2) -> output]
          |        (1): nn.SpatialBatchNormalization (4D) (32)
          |        (2): nn.ReLU
          |      }
          |      (3): cudnn.SpatialConvolution(32 -> 32, 3x3, 1,1, 1,1) without bias
          |      (4): nn.SpatialBatchNormalization (4D) (32)
          |    }
           `-> (2): nn.Identity
           ... -> output
      }
      (2): nn.CAddTable
    }
    (18): nn.Sequential {
      [input -> (1) -> (2) -> output]
      (1): nn.ConcatTable {
        input
          |`-> (1): nn.Sequential {
          |      [input -> (1) -> (2) -> (3) -> (4) -> output]
          |      (1): cudnn.SpatialConvolution(32 -> 32, 3x3, 1,1, 1,1) without bias
          |      (2): nn.Sequential {
          |        [input -> (1) -> (2) -> output]
          |        (1): nn.SpatialBatchNormalization (4D) (32)
          |        (2): nn.ReLU
          |      }
          |      (3): cudnn.SpatialConvolution(32 -> 32, 3x3, 1,1, 1,1) without bias
          |      (4): nn.SpatialBatchNormalization (4D) (32)
          |    }
           `-> (2): nn.Identity
           ... -> output
      }
      (2): nn.CAddTable
    }
  }
  (5): nn.Sequential {
    [input -> (1) -> (2) -> (3) -> (4) -> (5) -> (6) -> (7) -> (8) -> (9) -> (10) -> (11) -> (12) -> (13) -> (14) -> (15) -> (16) -> (17) -> (18) -> output]
    (1): nn.Sequential {
      [input -> (1) -> (2) -> output]
      (1): nn.ConcatTable {
        input
          |`-> (1): nn.Sequential {
          |      [input -> (1) -> (2) -> (3) -> (4) -> output]
          |      (1): cudnn.SpatialConvolution(32 -> 64, 3x3, 2,2, 1,1) without bias
          |      (2): nn.Sequential {
          |        [input -> (1) -> (2) -> output]
          |        (1): nn.SpatialBatchNormalization (4D) (64)
          |        (2): nn.ReLU
          |      }
          |      (3): cudnn.SpatialConvolution(64 -> 64, 3x3, 1,1, 1,1) without bias
          |      (4): nn.SpatialBatchNormalization (4D) (64)
          |    }
           `-> (2): nn.Sequential {
                 [input -> (1) -> (2) -> output]
                 (1): nn.SpatialAveragePooling(1x1, 2,2)
                 (2): nn.Concat {
                   input
                     |`-> (1): nn.Identity
                      `-> (2): nn.MulConstant
                      ... -> output
                 }
               }
           ... -> output
      }
      (2): nn.CAddTable
    }
    (2): nn.Sequential {
      [input -> (1) -> (2) -> output]
      (1): nn.ConcatTable {
        input
          |`-> (1): nn.Sequential {
          |      [input -> (1) -> (2) -> (3) -> (4) -> output]
          |      (1): cudnn.SpatialConvolution(64 -> 64, 3x3, 1,1, 1,1) without bias
          |      (2): nn.Sequential {
          |        [input -> (1) -> (2) -> output]
          |        (1): nn.SpatialBatchNormalization (4D) (64)
          |        (2): nn.ReLU
          |      }
          |      (3): cudnn.SpatialConvolution(64 -> 64, 3x3, 1,1, 1,1) without bias
          |      (4): nn.SpatialBatchNormalization (4D) (64)
          |    }
           `-> (2): nn.Identity
           ... -> output
      }
      (2): nn.CAddTable
    }
    (3): nn.Sequential {
      [input -> (1) -> (2) -> output]
      (1): nn.ConcatTable {
        input
          |`-> (1): nn.Sequential {
          |      [input -> (1) -> (2) -> (3) -> (4) -> output]
          |      (1): cudnn.SpatialConvolution(64 -> 64, 3x3, 1,1, 1,1) without bias
          |      (2): nn.Sequential {
          |        [input -> (1) -> (2) -> output]
          |        (1): nn.SpatialBatchNormalization (4D) (64)
          |        (2): nn.ReLU
          |      }
          |      (3): cudnn.SpatialConvolution(64 -> 64, 3x3, 1,1, 1,1) without bias
          |      (4): nn.SpatialBatchNormalization (4D) (64)
          |    }
           `-> (2): nn.Identity
           ... -> output
      }
      (2): nn.CAddTable
    }
    (4): nn.Sequential {
      [input -> (1) -> (2) -> output]
      (1): nn.ConcatTable {
        input
          |`-> (1): nn.Sequential {
          |      [input -> (1) -> (2) -> (3) -> (4) -> output]
          |      (1): cudnn.SpatialConvolution(64 -> 64, 3x3, 1,1, 1,1) without bias
          |      (2): nn.Sequential {
          |        [input -> (1) -> (2) -> output]
          |        (1): nn.SpatialBatchNormalization (4D) (64)
          |        (2): nn.ReLU
          |      }
          |      (3): cudnn.SpatialConvolution(64 -> 64, 3x3, 1,1, 1,1) without bias
          |      (4): nn.SpatialBatchNormalization (4D) (64)
          |    }
           `-> (2): nn.Identity
           ... -> output
      }
      (2): nn.CAddTable
    }
    (5): nn.Sequential {
      [input -> (1) -> (2) -> output]
      (1): nn.ConcatTable {
        input
          |`-> (1): nn.Sequential {
          |      [input -> (1) -> (2) -> (3) -> (4) -> output]
          |      (1): cudnn.SpatialConvolution(64 -> 64, 3x3, 1,1, 1,1) without bias
          |      (2): nn.Sequential {
          |        [input -> (1) -> (2) -> output]
          |        (1): nn.SpatialBatchNormalization (4D) (64)
          |        (2): nn.ReLU
          |      }
          |      (3): cudnn.SpatialConvolution(64 -> 64, 3x3, 1,1, 1,1) without bias
          |      (4): nn.SpatialBatchNormalization (4D) (64)
          |    }
           `-> (2): nn.Identity
           ... -> output
      }
      (2): nn.CAddTable
    }
    (6): nn.Sequential {
      [input -> (1) -> (2) -> output]
      (1): nn.ConcatTable {
        input
          |`-> (1): nn.Sequential {
          |      [input -> (1) -> (2) -> (3) -> (4) -> output]
          |      (1): cudnn.SpatialConvolution(64 -> 64, 3x3, 1,1, 1,1) without bias
          |      (2): nn.Sequential {
          |        [input -> (1) -> (2) -> output]
          |        (1): nn.SpatialBatchNormalization (4D) (64)
          |        (2): nn.ReLU
          |      }
          |      (3): cudnn.SpatialConvolution(64 -> 64, 3x3, 1,1, 1,1) without bias
          |      (4): nn.SpatialBatchNormalization (4D) (64)
          |    }
           `-> (2): nn.Identity
           ... -> output
      }
      (2): nn.CAddTable
    }
    (7): nn.Sequential {
      [input -> (1) -> (2) -> output]
      (1): nn.ConcatTable {
        input
          |`-> (1): nn.Sequential {
          |      [input -> (1) -> (2) -> (3) -> (4) -> output]
          |      (1): cudnn.SpatialConvolution(64 -> 64, 3x3, 1,1, 1,1) without bias
          |      (2): nn.Sequential {
          |        [input -> (1) -> (2) -> output]
          |        (1): nn.SpatialBatchNormalization (4D) (64)
          |        (2): nn.ReLU
          |      }
          |      (3): cudnn.SpatialConvolution(64 -> 64, 3x3, 1,1, 1,1) without bias
          |      (4): nn.SpatialBatchNormalization (4D) (64)
          |    }
           `-> (2): nn.Identity
           ... -> output
      }
      (2): nn.CAddTable
    }
    (8): nn.Sequential {
      [input -> (1) -> (2) -> output]
      (1): nn.ConcatTable {
        input
          |`-> (1): nn.Sequential {
          |      [input -> (1) -> (2) -> (3) -> (4) -> output]
          |      (1): cudnn.SpatialConvolution(64 -> 64, 3x3, 1,1, 1,1) without bias
          |      (2): nn.Sequential {
          |        [input -> (1) -> (2) -> output]
          |        (1): nn.SpatialBatchNormalization (4D) (64)
          |        (2): nn.ReLU
          |      }
          |      (3): cudnn.SpatialConvolution(64 -> 64, 3x3, 1,1, 1,1) without bias
          |      (4): nn.SpatialBatchNormalization (4D) (64)
          |    }
           `-> (2): nn.Identity
           ... -> output
      }
      (2): nn.CAddTable
    }
    (9): nn.Sequential {
      [input -> (1) -> (2) -> output]
      (1): nn.ConcatTable {
        input
          |`-> (1): nn.Sequential {
          |      [input -> (1) -> (2) -> (3) -> (4) -> output]
          |      (1): cudnn.SpatialConvolution(64 -> 64, 3x3, 1,1, 1,1) without bias
          |      (2): nn.Sequential {
          |        [input -> (1) -> (2) -> output]
          |        (1): nn.SpatialBatchNormalization (4D) (64)
          |        (2): nn.ReLU
          |      }
          |      (3): cudnn.SpatialConvolution(64 -> 64, 3x3, 1,1, 1,1) without bias
          |      (4): nn.SpatialBatchNormalization (4D) (64)
          |    }
           `-> (2): nn.Identity
           ... -> output
      }
      (2): nn.CAddTable
    }
    (10): nn.Sequential {
      [input -> (1) -> (2) -> output]
      (1): nn.ConcatTable {
        input
          |`-> (1): nn.Sequential {
          |      [input -> (1) -> (2) -> (3) -> (4) -> output]
          |      (1): cudnn.SpatialConvolution(64 -> 64, 3x3, 1,1, 1,1) without bias
          |      (2): nn.Sequential {
          |        [input -> (1) -> (2) -> output]
          |        (1): nn.SpatialBatchNormalization (4D) (64)
          |        (2): nn.ReLU
          |      }
          |      (3): cudnn.SpatialConvolution(64 -> 64, 3x3, 1,1, 1,1) without bias
          |      (4): nn.SpatialBatchNormalization (4D) (64)
          |    }
           `-> (2): nn.Identity
           ... -> output
      }
      (2): nn.CAddTable
    }
    (11): nn.Sequential {
      [input -> (1) -> (2) -> output]
      (1): nn.ConcatTable {
        input
          |`-> (1): nn.Sequential {
          |      [input -> (1) -> (2) -> (3) -> (4) -> output]
          |      (1): cudnn.SpatialConvolution(64 -> 64, 3x3, 1,1, 1,1) without bias
          |      (2): nn.Sequential {
          |        [input -> (1) -> (2) -> output]
          |        (1): nn.SpatialBatchNormalization (4D) (64)
          |        (2): nn.ReLU
          |      }
          |      (3): cudnn.SpatialConvolution(64 -> 64, 3x3, 1,1, 1,1) without bias
          |      (4): nn.SpatialBatchNormalization (4D) (64)
          |    }
           `-> (2): nn.Identity
           ... -> output
      }
      (2): nn.CAddTable
    }
    (12): nn.Sequential {
      [input -> (1) -> (2) -> output]
      (1): nn.ConcatTable {
        input
          |`-> (1): nn.Sequential {
          |      [input -> (1) -> (2) -> (3) -> (4) -> output]
          |      (1): cudnn.SpatialConvolution(64 -> 64, 3x3, 1,1, 1,1) without bias
          |      (2): nn.Sequential {
          |        [input -> (1) -> (2) -> output]
          |        (1): nn.SpatialBatchNormalization (4D) (64)
          |        (2): nn.ReLU
          |      }
          |      (3): cudnn.SpatialConvolution(64 -> 64, 3x3, 1,1, 1,1) without bias
          |      (4): nn.SpatialBatchNormalization (4D) (64)
          |    }
           `-> (2): nn.Identity
           ... -> output
      }
      (2): nn.CAddTable
    }
    (13): nn.Sequential {
      [input -> (1) -> (2) -> output]
      (1): nn.ConcatTable {
        input
          |`-> (1): nn.Sequential {
          |      [input -> (1) -> (2) -> (3) -> (4) -> output]
          |      (1): cudnn.SpatialConvolution(64 -> 64, 3x3, 1,1, 1,1) without bias
          |      (2): nn.Sequential {
          |        [input -> (1) -> (2) -> output]
          |        (1): nn.SpatialBatchNormalization (4D) (64)
          |        (2): nn.ReLU
          |      }
          |      (3): cudnn.SpatialConvolution(64 -> 64, 3x3, 1,1, 1,1) without bias
          |      (4): nn.SpatialBatchNormalization (4D) (64)
          |    }
           `-> (2): nn.Identity
           ... -> output
      }
      (2): nn.CAddTable
    }
    (14): nn.Sequential {
      [input -> (1) -> (2) -> output]
      (1): nn.ConcatTable {
        input
          |`-> (1): nn.Sequential {
          |      [input -> (1) -> (2) -> (3) -> (4) -> output]
          |      (1): cudnn.SpatialConvolution(64 -> 64, 3x3, 1,1, 1,1) without bias
          |      (2): nn.Sequential {
          |        [input -> (1) -> (2) -> output]
          |        (1): nn.SpatialBatchNormalization (4D) (64)
          |        (2): nn.ReLU
          |      }
          |      (3): cudnn.SpatialConvolution(64 -> 64, 3x3, 1,1, 1,1) without bias
          |      (4): nn.SpatialBatchNormalization (4D) (64)
          |    }
           `-> (2): nn.Identity
           ... -> output
      }
      (2): nn.CAddTable
    }
    (15): nn.Sequential {
      [input -> (1) -> (2) -> output]
      (1): nn.ConcatTable {
        input
          |`-> (1): nn.Sequential {
          |      [input -> (1) -> (2) -> (3) -> (4) -> output]
          |      (1): cudnn.SpatialConvolution(64 -> 64, 3x3, 1,1, 1,1) without bias
          |      (2): nn.Sequential {
          |        [input -> (1) -> (2) -> output]
          |        (1): nn.SpatialBatchNormalization (4D) (64)
          |        (2): nn.ReLU
          |      }
          |      (3): cudnn.SpatialConvolution(64 -> 64, 3x3, 1,1, 1,1) without bias
          |      (4): nn.SpatialBatchNormalization (4D) (64)
          |    }
           `-> (2): nn.Identity
           ... -> output
      }
      (2): nn.CAddTable
    }
    (16): nn.Sequential {
      [input -> (1) -> (2) -> output]
      (1): nn.ConcatTable {
        input
          |`-> (1): nn.Sequential {
          |      [input -> (1) -> (2) -> (3) -> (4) -> output]
          |      (1): cudnn.SpatialConvolution(64 -> 64, 3x3, 1,1, 1,1) without bias
          |      (2): nn.Sequential {
          |        [input -> (1) -> (2) -> output]
          |        (1): nn.SpatialBatchNormalization (4D) (64)
          |        (2): nn.ReLU
          |      }
          |      (3): cudnn.SpatialConvolution(64 -> 64, 3x3, 1,1, 1,1) without bias
          |      (4): nn.SpatialBatchNormalization (4D) (64)
          |    }
           `-> (2): nn.Identity
           ... -> output
      }
      (2): nn.CAddTable
    }
    (17): nn.Sequential {
      [input -> (1) -> (2) -> output]
      (1): nn.ConcatTable {
        input
          |`-> (1): nn.Sequential {
          |      [input -> (1) -> (2) -> (3) -> (4) -> output]
          |      (1): cudnn.SpatialConvolution(64 -> 64, 3x3, 1,1, 1,1) without bias
          |      (2): nn.Sequential {
          |        [input -> (1) -> (2) -> output]
          |        (1): nn.SpatialBatchNormalization (4D) (64)
          |        (2): nn.ReLU
          |      }
          |      (3): cudnn.SpatialConvolution(64 -> 64, 3x3, 1,1, 1,1) without bias
          |      (4): nn.SpatialBatchNormalization (4D) (64)
          |    }
           `-> (2): nn.Identity
           ... -> output
      }
      (2): nn.CAddTable
    }
    (18): nn.Sequential {
      [input -> (1) -> (2) -> output]
      (1): nn.ConcatTable {
        input
          |`-> (1): nn.Sequential {
          |      [input -> (1) -> (2) -> (3) -> (4) -> output]
          |      (1): cudnn.SpatialConvolution(64 -> 64, 3x3, 1,1, 1,1) without bias
          |      (2): nn.Sequential {
          |        [input -> (1) -> (2) -> output]
          |        (1): nn.SpatialBatchNormalization (4D) (64)
          |        (2): nn.ReLU
          |      }
          |      (3): cudnn.SpatialConvolution(64 -> 64, 3x3, 1,1, 1,1) without bias
          |      (4): nn.SpatialBatchNormalization (4D) (64)
          |    }
           `-> (2): nn.Identity
           ... -> output
      }
      (2): nn.CAddTable
    }
  }
  (6): nn.Sequential {
    [input -> (1) -> (2) -> output]
    (1): nn.SpatialBatchNormalization (4D) (64)
    (2): nn.ReLU
  }
  (7): cudnn.SpatialAveragePooling(8x8, 1,1)
  (8): nn.View(64)
  (9): nn.Linear(64 -> 100)
}
=> Training epoch # 1	
 * Finished epoch # 1     top1:  89.756  top5:  68.076
	
 * Best model 	89.755859375	68.076171875	
=> Training epoch # 2	
 * Finished epoch # 2     top1:  84.697  top5:  56.660
	
 * Best model 	84.697265625	56.66015625	
=> Training epoch # 3	
 * Finished epoch # 3     top1:  76.221  top5:  45.537
	
 * Best model 	76.220703125	45.537109375	
=> Training epoch # 4	
 * Finished epoch # 4     top1:  75.928  top5:  42.871
	
 * Best model 	75.927734375	42.87109375	
=> Training epoch # 5	
 * Finished epoch # 5     top1:  73.750  top5:  42.305
	
 * Best model 	73.75	42.3046875	
=> Training epoch # 6	
 * Finished epoch # 6     top1:  66.338  top5:  34.062
	
 * Best model 	66.337890625	34.0625	
=> Training epoch # 7	
 * Finished epoch # 7     top1:  62.158  top5:  28.232
	
 * Best model 	62.158203125	28.232421875	
=> Training epoch # 8	
 * Finished epoch # 8     top1:  59.766  top5:  26.387
	
 * Best model 	59.765625	26.38671875	
=> Training epoch # 9	
 * Finished epoch # 9     top1:  57.607  top5:  24.551
	
 * Best model 	57.607421875	24.55078125	
=> Training epoch # 10	
 * Finished epoch # 10     top1:  54.775  top5:  21.455
	
 * Best model 	54.775390625	21.455078125	
=> Training epoch # 11	
 * Finished epoch # 11     top1:  58.047  top5:  23.750
	
=> Training epoch # 12	
 * Finished epoch # 12     top1:  51.885  top5:  20.430
	
 * Best model 	51.884765625	20.4296875	
=> Training epoch # 13	
 * Finished epoch # 13     top1:  55.117  top5:  23.633
	
=> Training epoch # 14	
 * Finished epoch # 14     top1:  55.977  top5:  25.137
	
=> Training epoch # 15	
 * Finished epoch # 15     top1:  53.564  top5:  22.695
	
=> Training epoch # 16	
 * Finished epoch # 16     top1:  56.543  top5:  25.059
	
=> Training epoch # 17	
 * Finished epoch # 17     top1:  52.812  top5:  20.801
	
=> Training epoch # 18	
 * Finished epoch # 18     top1:  55.566  top5:  24.414
	
=> Training epoch # 19	
 * Finished epoch # 19     top1:  51.104  top5:  20.566
	
 * Best model 	51.103515625	20.56640625	
=> Training epoch # 20	
 * Finished epoch # 20     top1:  52.109  top5:  21.318
	
=> Training epoch # 21	
 * Finished epoch # 21     top1:  51.221  top5:  20.254
	
=> Training epoch # 22	
 * Finished epoch # 22     top1:  49.297  top5:  17.871
	
 * Best model 	49.296875	17.87109375	
=> Training epoch # 23	
 * Finished epoch # 23     top1:  53.145  top5:  21.875
	
=> Training epoch # 24	
 * Finished epoch # 24     top1:  53.887  top5:  22.676
	
=> Training epoch # 25	
 * Finished epoch # 25     top1:  52.734  top5:  20.791
	
=> Training epoch # 26	
 * Finished epoch # 26     top1:  50.166  top5:  18.506
	
=> Training epoch # 27	
 * Finished epoch # 27     top1:  54.111  top5:  22.266
	
=> Training epoch # 28	
 * Finished epoch # 28     top1:  55.020  top5:  24.424
	
=> Training epoch # 29	
 * Finished epoch # 29     top1:  46.865  top5:  17.148
	
 * Best model 	46.865234375	17.1484375	
=> Training epoch # 30	
 * Finished epoch # 30     top1:  51.680  top5:  19.824
	
=> Training epoch # 31	
 * Finished epoch # 31     top1:  52.402  top5:  20.430
	
=> Training epoch # 32	
 * Finished epoch # 32     top1:  49.951  top5:  20.283
	
=> Training epoch # 33	
 * Finished epoch # 33     top1:  49.111  top5:  18.457
	
=> Training epoch # 34	
 * Finished epoch # 34     top1:  52.266  top5:  22.529
	
=> Training epoch # 35	
 * Finished epoch # 35     top1:  50.918  top5:  20.801
	
=> Training epoch # 36	
 * Finished epoch # 36     top1:  48.271  top5:  19.326
	
=> Training epoch # 37	
 * Finished epoch # 37     top1:  48.701  top5:  16.367
	
=> Training epoch # 38	
 * Finished epoch # 38     top1:  46.562  top5:  16.797
	
 * Best model 	46.5625	16.796875	
=> Training epoch # 39	
 * Finished epoch # 39     top1:  47.822  top5:  17.432
	
=> Training epoch # 40	
 * Finished epoch # 40     top1:  49.092  top5:  19.268
	
=> Training epoch # 41	
 * Finished epoch # 41     top1:  46.270  top5:  16.113
	
 * Best model 	46.26953125	16.11328125	
=> Training epoch # 42	
 * Finished epoch # 42     top1:  48.682  top5:  17.842
	
=> Training epoch # 43	
 * Finished epoch # 43     top1:  48.057  top5:  18.613
	
=> Training epoch # 44	
 * Finished epoch # 44     top1:  49.014  top5:  18.633
	
=> Training epoch # 45	
 * Finished epoch # 45     top1:  50.938  top5:  21.221
	
=> Training epoch # 46	
 * Finished epoch # 46     top1:  50.254  top5:  19.629
	
=> Training epoch # 47	
 * Finished epoch # 47     top1:  48.662  top5:  18.203
	
=> Training epoch # 48	
 * Finished epoch # 48     top1:  54.971  top5:  24.082
	
=> Training epoch # 49	
 * Finished epoch # 49     top1:  49.434  top5:  19.287
	
=> Training epoch # 50	
 * Finished epoch # 50     top1:  49.609  top5:  19.443
	
=> Training epoch # 51	
 * Finished epoch # 51     top1:  48.057  top5:  16.660
	
=> Training epoch # 52	
 * Finished epoch # 52     top1:  49.570  top5:  18.594
	
=> Training epoch # 53	
 * Finished epoch # 53     top1:  49.629  top5:  20.527
	
=> Training epoch # 54	
 * Finished epoch # 54     top1:  47.324  top5:  18.682
	
=> Training epoch # 55	
 * Finished epoch # 55     top1:  46.172  top5:  17.383
	
 * Best model 	46.171875	17.3828125	
=> Training epoch # 56	
 * Finished epoch # 56     top1:  48.408  top5:  18.721
	
=> Training epoch # 57	
 * Finished epoch # 57     top1:  50.039  top5:  20.166
	
=> Training epoch # 58	
 * Finished epoch # 58     top1:  51.309  top5:  20.879
	
=> Training epoch # 59	
 * Finished epoch # 59     top1:  46.689  top5:  16.836
	
=> Training epoch # 60	
 * Finished epoch # 60     top1:  48.008  top5:  17.949
	
=> Training epoch # 61	
 * Finished epoch # 61     top1:  44.854  top5:  16.338
	
 * Best model 	44.853515625	16.337890625	
=> Training epoch # 62	
 * Finished epoch # 62     top1:  44.629  top5:  15.703
	
 * Best model 	44.62890625	15.703125	
=> Training epoch # 63	
 * Finished epoch # 63     top1:  48.857  top5:  19.502
	
=> Training epoch # 64	
 * Finished epoch # 64     top1:  48.477  top5:  19.014
	
=> Training epoch # 65	
 * Finished epoch # 65     top1:  41.670  top5:  14.248
	
 * Best model 	41.669921875	14.248046875	
=> Training epoch # 66	
 * Finished epoch # 66     top1:  51.084  top5:  20.283
	
=> Training epoch # 67	
 * Finished epoch # 67     top1:  47.578  top5:  17.002
	
=> Training epoch # 68	
 * Finished epoch # 68     top1:  48.838  top5:  19.824
	
=> Training epoch # 69	
 * Finished epoch # 69     top1:  52.148  top5:  21.299
	
=> Training epoch # 70	
 * Finished epoch # 70     top1:  51.729  top5:  21.514
	
=> Training epoch # 71	
 * Finished epoch # 71     top1:  48.594  top5:  18.408
	
=> Training epoch # 72	
 * Finished epoch # 72     top1:  47.734  top5:  18.838
	
=> Training epoch # 73	
 * Finished epoch # 73     top1:  46.436  top5:  17.441
	
=> Training epoch # 74	
 * Finished epoch # 74     top1:  51.660  top5:  21.494
	
=> Training epoch # 75	
 * Finished epoch # 75     top1:  47.666  top5:  16.475
	
=> Training epoch # 76	
 * Finished epoch # 76     top1:  51.377  top5:  20.029
	
=> Training epoch # 77	
 * Finished epoch # 77     top1:  46.162  top5:  17.461
	
=> Training epoch # 78	
 * Finished epoch # 78     top1:  45.459  top5:  14.590
	
=> Training epoch # 79	
 * Finished epoch # 79     top1:  43.818  top5:  16.748
	
=> Training epoch # 80	
 * Finished epoch # 80     top1:  46.807  top5:  17.773
	
=> Training epoch # 81	
 * Finished epoch # 81     top1:  28.145  top5:   7.070
	
 * Best model 	28.14453125	7.0703125	
=> Training epoch # 82	
 * Finished epoch # 82     top1:  27.764  top5:   6.846
	
 * Best model 	27.763671875	6.845703125	
=> Training epoch # 83	
 * Finished epoch # 83     top1:  26.895  top5:   6.729
	
 * Best model 	26.89453125	6.728515625	
=> Training epoch # 84	
 * Finished epoch # 84     top1:  27.119  top5:   6.846
	
=> Training epoch # 85	
 * Finished epoch # 85     top1:  27.578  top5:   7.158
	
=> Training epoch # 86	
 * Finished epoch # 86     top1:  26.895  top5:   6.562
	
=> Training epoch # 87	
 * Finished epoch # 87     top1:  27.422  top5:   7.148
	
=> Training epoch # 88	
 * Finished epoch # 88     top1:  28.447  top5:   7.080
	
=> Training epoch # 89	
 * Finished epoch # 89     top1:  27.520  top5:   7.178
	
=> Training epoch # 90	
 * Finished epoch # 90     top1:  28.184  top5:   7.715
	
=> Training epoch # 91	
 * Finished epoch # 91     top1:  28.271  top5:   7.578
	
=> Training epoch # 92	
 * Finished epoch # 92     top1:  28.281  top5:   7.686
	
=> Training epoch # 93	
 * Finished epoch # 93     top1:  28.379  top5:   7.715
	
=> Training epoch # 94	
 * Finished epoch # 94     top1:  28.613  top5:   7.529
	
=> Training epoch # 95	
 * Finished epoch # 95     top1:  29.180  top5:   7.871
	
=> Training epoch # 96	
 * Finished epoch # 96     top1:  28.096  top5:   7.607
	
=> Training epoch # 97	
 * Finished epoch # 97     top1:  29.375  top5:   7.393
	
=> Training epoch # 98	
 * Finished epoch # 98     top1:  30.498  top5:   8.301
	
=> Training epoch # 99	
 * Finished epoch # 99     top1:  29.502  top5:   8.711
	
=> Training epoch # 100	
 * Finished epoch # 100     top1:  30.293  top5:   8.652
	
=> Training epoch # 101	
 * Finished epoch # 101     top1:  30.303  top5:   8.447
	
=> Training epoch # 102	
 * Finished epoch # 102     top1:  29.932  top5:   7.920
	
=> Training epoch # 103	
 * Finished epoch # 103     top1:  30.811  top5:   8.633
	
=> Training epoch # 104	
 * Finished epoch # 104     top1:  30.635  top5:   8.506
	
=> Training epoch # 105	
 * Finished epoch # 105     top1:  31.279  top5:   8.418
	
=> Training epoch # 106	
 * Finished epoch # 106     top1:  30.986  top5:   8.828
	
=> Training epoch # 107	
 * Finished epoch # 107     top1:  31.094  top5:   8.877
	
=> Training epoch # 108	
 * Finished epoch # 108     top1:  31.963  top5:   9.727
	
=> Training epoch # 109	
 * Finished epoch # 109     top1:  31.699  top5:   8.301
	
=> Training epoch # 110	
 * Finished epoch # 110     top1:  31.572  top5:   9.277
	
=> Training epoch # 111	
 * Finished epoch # 111     top1:  30.928  top5:   8.711
	
=> Training epoch # 112	
 * Finished epoch # 112     top1:  29.932  top5:   8.604
	
=> Training epoch # 113	
 * Finished epoch # 113     top1:  31.289  top5:   8.975
	
=> Training epoch # 114	
 * Finished epoch # 114     top1:  31.211  top5:   8.691
	
=> Training epoch # 115	
 * Finished epoch # 115     top1:  32.178  top5:   9.863
	
=> Training epoch # 116	
 * Finished epoch # 116     top1:  31.807  top5:   8.994
	
=> Training epoch # 117	
 * Finished epoch # 117     top1:  31.982  top5:   8.867
	
=> Training epoch # 118	
 * Finished epoch # 118     top1:  31.680  top5:   9.287
	
=> Training epoch # 119	
 * Finished epoch # 119     top1:  33.613  top5:  10.049
	
=> Training epoch # 120	
 * Finished epoch # 120     top1:  32.539  top5:   9.297
	
=> Training epoch # 121	
 * Finished epoch # 121     top1:  32.197  top5:   9.502
	
=> Training epoch # 122	
 * Finished epoch # 122     top1:  24.941  top5:   6.582
	
 * Best model 	24.94140625	6.58203125	
=> Training epoch # 123	
 * Finished epoch # 123     top1:  24.854  top5:   6.709
	
 * Best model 	24.853515625	6.708984375	
=> Training epoch # 124	
 * Finished epoch # 124     top1:  24.541  top5:   6.514
	
 * Best model 	24.541015625	6.513671875	
=> Training epoch # 125	
 * Finished epoch # 125     top1:  24.902  top5:   6.680
	
=> Training epoch # 126	
 * Finished epoch # 126     top1:  24.854  top5:   6.387
	
=> Training epoch # 127	
 * Finished epoch # 127     top1:  24.971  top5:   6.504
	
=> Training epoch # 128	
 * Finished epoch # 128     top1:  24.707  top5:   6.475
	
=> Training epoch # 129	
 * Finished epoch # 129     top1:  24.922  top5:   6.758
	
=> Training epoch # 130	
 * Finished epoch # 130     top1:  24.746  top5:   6.807
	
=> Training epoch # 131	
 * Finished epoch # 131     top1:  24.873  top5:   6.660
	
=> Training epoch # 132	
 * Finished epoch # 132     top1:  25.020  top5:   7.305
	
=> Training epoch # 133	
 * Finished epoch # 133     top1:  25.508  top5:   6.631
	
=> Training epoch # 134	
 * Finished epoch # 134     top1:  25.518  top5:   7.256
	
=> Training epoch # 135	
 * Finished epoch # 135     top1:  24.893  top5:   6.924
	
=> Training epoch # 136	
 * Finished epoch # 136     top1:  24.980  top5:   7.002
	
=> Training epoch # 137	
 * Finished epoch # 137     top1:  25.322  top5:   7.109
	
=> Training epoch # 138	
 * Finished epoch # 138     top1:  25.273  top5:   6.670
	
=> Training epoch # 139	
 * Finished epoch # 139     top1:  24.521  top5:   6.914
	
 * Best model 	24.521484375	6.9140625	
=> Training epoch # 140	
 * Finished epoch # 140     top1:  24.707  top5:   7.227
	
=> Training epoch # 141	
 * Finished epoch # 141     top1:  25.498  top5:   7.002
	
=> Training epoch # 142	
 * Finished epoch # 142     top1:  24.766  top5:   7.129
	
=> Training epoch # 143	
 * Finished epoch # 143     top1:  25.449  top5:   7.295
	
=> Training epoch # 144	
 * Finished epoch # 144     top1:  25.156  top5:   6.924
	
=> Training epoch # 145	
 * Finished epoch # 145     top1:  25.127  top5:   6.973
	
=> Training epoch # 146	
 * Finished epoch # 146     top1:  25.068  top5:   6.904
	
=> Training epoch # 147	
 * Finished epoch # 147     top1:  24.951  top5:   6.904
	
=> Training epoch # 148	
 * Finished epoch # 148     top1:  25.107  top5:   6.895
	
=> Training epoch # 149	
 * Finished epoch # 149     top1:  25.293  top5:   7.373
	
=> Training epoch # 150	
 * Finished epoch # 150     top1:  25.225  top5:   7.012
	
=> Training epoch # 151	
 * Finished epoch # 151     top1:  24.805  top5:   7.432
	
=> Training epoch # 152	
 * Finished epoch # 152     top1:  25.615  top5:   7.305
	
=> Training epoch # 153	
 * Finished epoch # 153     top1:  24.902  top5:   7.051
	
=> Training epoch # 154	
 * Finished epoch # 154     top1:  25.889  top5:   7.412
	
=> Training epoch # 155	
 * Finished epoch # 155     top1:  25.400  top5:   7.285
	
=> Training epoch # 156	
 * Finished epoch # 156     top1:  25.068  top5:   7.109
	
=> Training epoch # 157	
 * Finished epoch # 157     top1:  25.244  top5:   7.227
	
=> Training epoch # 158	
 * Finished epoch # 158     top1:  25.449  top5:   7.178
	
=> Training epoch # 159	
 * Finished epoch # 159     top1:  25.479  top5:   7.197
	
=> Training epoch # 160	
 * Finished epoch # 160     top1:  25.322  top5:   7.246
	
=> Training epoch # 161	
 * Finished epoch # 161     top1:  25.234  top5:   7.148
	
=> Training epoch # 162	
 * Finished epoch # 162     top1:  25.879  top5:   7.695
	
=> Training epoch # 163	
 * Finished epoch # 163     top1:  25.889  top5:   7.461
	
=> Training epoch # 164	
 * Finished epoch # 164     top1:  25.615  top5:   7.227
	
=> Training epoch # 165	
 * Finished epoch # 165     top1:  25.879  top5:   7.344
	
=> Training epoch # 166	
 * Finished epoch # 166     top1:  25.820  top5:   7.480
	
=> Training epoch # 167	
 * Finished epoch # 167     top1:  25.820  top5:   7.334
	
=> Training epoch # 168	
 * Finished epoch # 168     top1:  25.596  top5:   7.725
	
=> Training epoch # 169	
 * Finished epoch # 169     top1:  26.250  top5:   7.256
	
=> Training epoch # 170	
 * Finished epoch # 170     top1:  25.566  top5:   7.305
	
=> Training epoch # 171	
 * Finished epoch # 171     top1:  25.498  top5:   7.607
	
=> Training epoch # 172	
 * Finished epoch # 172     top1:  25.791  top5:   7.441
	
=> Training epoch # 173	
 * Finished epoch # 173     top1:  24.873  top5:   7.168
	
=> Training epoch # 174	
 * Finished epoch # 174     top1:  25.635  top5:   7.451
	
=> Training epoch # 175	
 * Finished epoch # 175     top1:  25.859  top5:   7.334
	
=> Training epoch # 176	
 * Finished epoch # 176     top1:  25.137  top5:   7.246
	
=> Training epoch # 177	
 * Finished epoch # 177     top1:  25.527  top5:   7.354
	
=> Training epoch # 178	
 * Finished epoch # 178     top1:  25.762  top5:   7.529
	
=> Training epoch # 179	
 * Finished epoch # 179     top1:  25.820  top5:   7.812
	
=> Training epoch # 180	
 * Finished epoch # 180     top1:  24.951  top5:   7.344
	
=> Training epoch # 181	
 * Finished epoch # 181     top1:  25.850  top5:   7.578
	
=> Training epoch # 182	
 * Finished epoch # 182     top1:  25.381  top5:   7.285
	
=> Training epoch # 183	
 * Finished epoch # 183     top1:  24.980  top5:   7.412
	
=> Training epoch # 184	
 * Finished epoch # 184     top1:  25.176  top5:   7.666
	
=> Training epoch # 185	
 * Finished epoch # 185     top1:  25.576  top5:   7.520
	
=> Training epoch # 186	
 * Finished epoch # 186     top1:  25.439  top5:   7.422
	
=> Training epoch # 187	
 * Finished epoch # 187     top1:  25.762  top5:   7.656
	
=> Training epoch # 188	
 * Finished epoch # 188     top1:  26.006  top5:   7.539
	
=> Training epoch # 189	
 * Finished epoch # 189     top1:  25.703  top5:   7.549
	
=> Training epoch # 190	
 * Finished epoch # 190     top1:  25.859  top5:   7.471
	
=> Training epoch # 191	
 * Finished epoch # 191     top1:  25.791  top5:   7.949
	
=> Training epoch # 192	
 * Finished epoch # 192     top1:  25.889  top5:   7.744
	
=> Training epoch # 193	
 * Finished epoch # 193     top1:  26.182  top5:   7.764
	
=> Training epoch # 194	
 * Finished epoch # 194     top1:  25.508  top5:   7.422
	
=> Training epoch # 195	
 * Finished epoch # 195     top1:  25.469  top5:   7.637
	
=> Training epoch # 196	
 * Finished epoch # 196     top1:  25.518  top5:   7.715
	
=> Training epoch # 197	
 * Finished epoch # 197     top1:  25.332  top5:   7.627
	
=> Training epoch # 198	
 * Finished epoch # 198     top1:  25.459  top5:   7.520
	
=> Training epoch # 199	
 * Finished epoch # 199     top1:  25.762  top5:   7.666
	
=> Training epoch # 200	
 * Finished epoch # 200     top1:  26.113  top5:   7.764
	
 * Finished top1: 24.521  top5:  6.914	
