{
  cudnn : "fastest"
  LR : 0.1
  nThreads : 2
  nClasses : 0
  batchSize : 256
  testOnly : false
  netType : "resnet"
  resetClassifier : false
  shortcutType : "A"
  gen : "gen"
  nGPU : 1
  depth : 56
  weightDecay : 0.001
  data : ""
  dataset : "cifar10"
  epochNumber : 1
  manualSeed : 2
  resume : "results/results-elu/try4/cifar10/56"
  optimState : "none"
  nEpochs : 200
  tenCrop : false
  shareGradInput : false
  backend : "cudnn"
  momentum : 0.9
  retrain : "none"
}
=> Creating model from file: models/resnet.lua	
 | ResNet-56 CIFAR-10	
nn.Sequential {
  [input -> (1) -> (2) -> (3) -> (4) -> (5) -> (6) -> (7) -> (8) -> (9) -> output]
  (1): cudnn.SpatialConvolution(3 -> 16, 3x3, 1,1, 1,1) without bias
  (2): nn.ELU (alpha:1.000000)
  (3): nn.Sequential {
    [input -> (1) -> (2) -> (3) -> (4) -> (5) -> (6) -> (7) -> (8) -> (9) -> output]
    (1): nn.Sequential {
      [input -> (1) -> (2) -> output]
      (1): nn.ConcatTable {
        input
          |`-> (1): nn.Sequential {
          |      [input -> (1) -> (2) -> (3) -> (4) -> output]
          |      (1): cudnn.SpatialConvolution(16 -> 16, 3x3, 1,1, 1,1) without bias
          |      (2): nn.ELU (alpha:1.000000)
          |      (3): cudnn.SpatialConvolution(16 -> 16, 3x3, 1,1, 1,1) without bias
          |      (4): nn.SpatialBatchNormalization (4D) (16)
          |    }
           `-> (2): nn.Identity
           ... -> output
      }
      (2): nn.CAddTable
    }
    (2): nn.Sequential {
      [input -> (1) -> (2) -> output]
      (1): nn.ConcatTable {
        input
          |`-> (1): nn.Sequential {
          |      [input -> (1) -> (2) -> (3) -> (4) -> output]
          |      (1): cudnn.SpatialConvolution(16 -> 16, 3x3, 1,1, 1,1) without bias
          |      (2): nn.ELU (alpha:1.000000)
          |      (3): cudnn.SpatialConvolution(16 -> 16, 3x3, 1,1, 1,1) without bias
          |      (4): nn.SpatialBatchNormalization (4D) (16)
          |    }
           `-> (2): nn.Identity
           ... -> output
      }
      (2): nn.CAddTable
    }
    (3): nn.Sequential {
      [input -> (1) -> (2) -> output]
      (1): nn.ConcatTable {
        input
          |`-> (1): nn.Sequential {
          |      [input -> (1) -> (2) -> (3) -> (4) -> output]
          |      (1): cudnn.SpatialConvolution(16 -> 16, 3x3, 1,1, 1,1) without bias
          |      (2): nn.ELU (alpha:1.000000)
          |      (3): cudnn.SpatialConvolution(16 -> 16, 3x3, 1,1, 1,1) without bias
          |      (4): nn.SpatialBatchNormalization (4D) (16)
          |    }
           `-> (2): nn.Identity
           ... -> output
      }
      (2): nn.CAddTable
    }
    (4): nn.Sequential {
      [input -> (1) -> (2) -> output]
      (1): nn.ConcatTable {
        input
          |`-> (1): nn.Sequential {
          |      [input -> (1) -> (2) -> (3) -> (4) -> output]
          |      (1): cudnn.SpatialConvolution(16 -> 16, 3x3, 1,1, 1,1) without bias
          |      (2): nn.ELU (alpha:1.000000)
          |      (3): cudnn.SpatialConvolution(16 -> 16, 3x3, 1,1, 1,1) without bias
          |      (4): nn.SpatialBatchNormalization (4D) (16)
          |    }
           `-> (2): nn.Identity
           ... -> output
      }
      (2): nn.CAddTable
    }
    (5): nn.Sequential {
      [input -> (1) -> (2) -> output]
      (1): nn.ConcatTable {
        input
          |`-> (1): nn.Sequential {
          |      [input -> (1) -> (2) -> (3) -> (4) -> output]
          |      (1): cudnn.SpatialConvolution(16 -> 16, 3x3, 1,1, 1,1) without bias
          |      (2): nn.ELU (alpha:1.000000)
          |      (3): cudnn.SpatialConvolution(16 -> 16, 3x3, 1,1, 1,1) without bias
          |      (4): nn.SpatialBatchNormalization (4D) (16)
          |    }
           `-> (2): nn.Identity
           ... -> output
      }
      (2): nn.CAddTable
    }
    (6): nn.Sequential {
      [input -> (1) -> (2) -> output]
      (1): nn.ConcatTable {
        input
          |`-> (1): nn.Sequential {
          |      [input -> (1) -> (2) -> (3) -> (4) -> output]
          |      (1): cudnn.SpatialConvolution(16 -> 16, 3x3, 1,1, 1,1) without bias
          |      (2): nn.ELU (alpha:1.000000)
          |      (3): cudnn.SpatialConvolution(16 -> 16, 3x3, 1,1, 1,1) without bias
          |      (4): nn.SpatialBatchNormalization (4D) (16)
          |    }
           `-> (2): nn.Identity
           ... -> output
      }
      (2): nn.CAddTable
    }
    (7): nn.Sequential {
      [input -> (1) -> (2) -> output]
      (1): nn.ConcatTable {
        input
          |`-> (1): nn.Sequential {
          |      [input -> (1) -> (2) -> (3) -> (4) -> output]
          |      (1): cudnn.SpatialConvolution(16 -> 16, 3x3, 1,1, 1,1) without bias
          |      (2): nn.ELU (alpha:1.000000)
          |      (3): cudnn.SpatialConvolution(16 -> 16, 3x3, 1,1, 1,1) without bias
          |      (4): nn.SpatialBatchNormalization (4D) (16)
          |    }
           `-> (2): nn.Identity
           ... -> output
      }
      (2): nn.CAddTable
    }
    (8): nn.Sequential {
      [input -> (1) -> (2) -> output]
      (1): nn.ConcatTable {
        input
          |`-> (1): nn.Sequential {
          |      [input -> (1) -> (2) -> (3) -> (4) -> output]
          |      (1): cudnn.SpatialConvolution(16 -> 16, 3x3, 1,1, 1,1) without bias
          |      (2): nn.ELU (alpha:1.000000)
          |      (3): cudnn.SpatialConvolution(16 -> 16, 3x3, 1,1, 1,1) without bias
          |      (4): nn.SpatialBatchNormalization (4D) (16)
          |    }
           `-> (2): nn.Identity
           ... -> output
      }
      (2): nn.CAddTable
    }
    (9): nn.Sequential {
      [input -> (1) -> (2) -> output]
      (1): nn.ConcatTable {
        input
          |`-> (1): nn.Sequential {
          |      [input -> (1) -> (2) -> (3) -> (4) -> output]
          |      (1): cudnn.SpatialConvolution(16 -> 16, 3x3, 1,1, 1,1) without bias
          |      (2): nn.ELU (alpha:1.000000)
          |      (3): cudnn.SpatialConvolution(16 -> 16, 3x3, 1,1, 1,1) without bias
          |      (4): nn.SpatialBatchNormalization (4D) (16)
          |    }
           `-> (2): nn.Identity
           ... -> output
      }
      (2): nn.CAddTable
    }
  }
  (4): nn.Sequential {
    [input -> (1) -> (2) -> (3) -> (4) -> (5) -> (6) -> (7) -> (8) -> (9) -> output]
    (1): nn.Sequential {
      [input -> (1) -> (2) -> output]
      (1): nn.ConcatTable {
        input
          |`-> (1): nn.Sequential {
          |      [input -> (1) -> (2) -> (3) -> (4) -> output]
          |      (1): cudnn.SpatialConvolution(16 -> 32, 3x3, 2,2, 1,1) without bias
          |      (2): nn.ELU (alpha:1.000000)
          |      (3): cudnn.SpatialConvolution(32 -> 32, 3x3, 1,1, 1,1) without bias
          |      (4): nn.SpatialBatchNormalization (4D) (32)
          |    }
           `-> (2): nn.Sequential {
                 [input -> (1) -> (2) -> output]
                 (1): nn.SpatialAveragePooling(1x1, 2,2)
                 (2): nn.Concat {
                   input
                     |`-> (1): nn.Identity
                      `-> (2): nn.MulConstant
                      ... -> output
                 }
               }
           ... -> output
      }
      (2): nn.CAddTable
    }
    (2): nn.Sequential {
      [input -> (1) -> (2) -> output]
      (1): nn.ConcatTable {
        input
          |`-> (1): nn.Sequential {
          |      [input -> (1) -> (2) -> (3) -> (4) -> output]
          |      (1): cudnn.SpatialConvolution(32 -> 32, 3x3, 1,1, 1,1) without bias
          |      (2): nn.ELU (alpha:1.000000)
          |      (3): cudnn.SpatialConvolution(32 -> 32, 3x3, 1,1, 1,1) without bias
          |      (4): nn.SpatialBatchNormalization (4D) (32)
          |    }
           `-> (2): nn.Identity
           ... -> output
      }
      (2): nn.CAddTable
    }
    (3): nn.Sequential {
      [input -> (1) -> (2) -> output]
      (1): nn.ConcatTable {
        input
          |`-> (1): nn.Sequential {
          |      [input -> (1) -> (2) -> (3) -> (4) -> output]
          |      (1): cudnn.SpatialConvolution(32 -> 32, 3x3, 1,1, 1,1) without bias
          |      (2): nn.ELU (alpha:1.000000)
          |      (3): cudnn.SpatialConvolution(32 -> 32, 3x3, 1,1, 1,1) without bias
          |      (4): nn.SpatialBatchNormalization (4D) (32)
          |    }
           `-> (2): nn.Identity
           ... -> output
      }
      (2): nn.CAddTable
    }
    (4): nn.Sequential {
      [input -> (1) -> (2) -> output]
      (1): nn.ConcatTable {
        input
          |`-> (1): nn.Sequential {
          |      [input -> (1) -> (2) -> (3) -> (4) -> output]
          |      (1): cudnn.SpatialConvolution(32 -> 32, 3x3, 1,1, 1,1) without bias
          |      (2): nn.ELU (alpha:1.000000)
          |      (3): cudnn.SpatialConvolution(32 -> 32, 3x3, 1,1, 1,1) without bias
          |      (4): nn.SpatialBatchNormalization (4D) (32)
          |    }
           `-> (2): nn.Identity
           ... -> output
      }
      (2): nn.CAddTable
    }
    (5): nn.Sequential {
      [input -> (1) -> (2) -> output]
      (1): nn.ConcatTable {
        input
          |`-> (1): nn.Sequential {
          |      [input -> (1) -> (2) -> (3) -> (4) -> output]
          |      (1): cudnn.SpatialConvolution(32 -> 32, 3x3, 1,1, 1,1) without bias
          |      (2): nn.ELU (alpha:1.000000)
          |      (3): cudnn.SpatialConvolution(32 -> 32, 3x3, 1,1, 1,1) without bias
          |      (4): nn.SpatialBatchNormalization (4D) (32)
          |    }
           `-> (2): nn.Identity
           ... -> output
      }
      (2): nn.CAddTable
    }
    (6): nn.Sequential {
      [input -> (1) -> (2) -> output]
      (1): nn.ConcatTable {
        input
          |`-> (1): nn.Sequential {
          |      [input -> (1) -> (2) -> (3) -> (4) -> output]
          |      (1): cudnn.SpatialConvolution(32 -> 32, 3x3, 1,1, 1,1) without bias
          |      (2): nn.ELU (alpha:1.000000)
          |      (3): cudnn.SpatialConvolution(32 -> 32, 3x3, 1,1, 1,1) without bias
          |      (4): nn.SpatialBatchNormalization (4D) (32)
          |    }
           `-> (2): nn.Identity
           ... -> output
      }
      (2): nn.CAddTable
    }
    (7): nn.Sequential {
      [input -> (1) -> (2) -> output]
      (1): nn.ConcatTable {
        input
          |`-> (1): nn.Sequential {
          |      [input -> (1) -> (2) -> (3) -> (4) -> output]
          |      (1): cudnn.SpatialConvolution(32 -> 32, 3x3, 1,1, 1,1) without bias
          |      (2): nn.ELU (alpha:1.000000)
          |      (3): cudnn.SpatialConvolution(32 -> 32, 3x3, 1,1, 1,1) without bias
          |      (4): nn.SpatialBatchNormalization (4D) (32)
          |    }
           `-> (2): nn.Identity
           ... -> output
      }
      (2): nn.CAddTable
    }
    (8): nn.Sequential {
      [input -> (1) -> (2) -> output]
      (1): nn.ConcatTable {
        input
          |`-> (1): nn.Sequential {
          |      [input -> (1) -> (2) -> (3) -> (4) -> output]
          |      (1): cudnn.SpatialConvolution(32 -> 32, 3x3, 1,1, 1,1) without bias
          |      (2): nn.ELU (alpha:1.000000)
          |      (3): cudnn.SpatialConvolution(32 -> 32, 3x3, 1,1, 1,1) without bias
          |      (4): nn.SpatialBatchNormalization (4D) (32)
          |    }
           `-> (2): nn.Identity
           ... -> output
      }
      (2): nn.CAddTable
    }
    (9): nn.Sequential {
      [input -> (1) -> (2) -> output]
      (1): nn.ConcatTable {
        input
          |`-> (1): nn.Sequential {
          |      [input -> (1) -> (2) -> (3) -> (4) -> output]
          |      (1): cudnn.SpatialConvolution(32 -> 32, 3x3, 1,1, 1,1) without bias
          |      (2): nn.ELU (alpha:1.000000)
          |      (3): cudnn.SpatialConvolution(32 -> 32, 3x3, 1,1, 1,1) without bias
          |      (4): nn.SpatialBatchNormalization (4D) (32)
          |    }
           `-> (2): nn.Identity
           ... -> output
      }
      (2): nn.CAddTable
    }
  }
  (5): nn.Sequential {
    [input -> (1) -> (2) -> (3) -> (4) -> (5) -> (6) -> (7) -> (8) -> (9) -> output]
    (1): nn.Sequential {
      [input -> (1) -> (2) -> output]
      (1): nn.ConcatTable {
        input
          |`-> (1): nn.Sequential {
          |      [input -> (1) -> (2) -> (3) -> (4) -> output]
          |      (1): cudnn.SpatialConvolution(32 -> 64, 3x3, 2,2, 1,1) without bias
          |      (2): nn.ELU (alpha:1.000000)
          |      (3): cudnn.SpatialConvolution(64 -> 64, 3x3, 1,1, 1,1) without bias
          |      (4): nn.SpatialBatchNormalization (4D) (64)
          |    }
           `-> (2): nn.Sequential {
                 [input -> (1) -> (2) -> output]
                 (1): nn.SpatialAveragePooling(1x1, 2,2)
                 (2): nn.Concat {
                   input
                     |`-> (1): nn.Identity
                      `-> (2): nn.MulConstant
                      ... -> output
                 }
               }
           ... -> output
      }
      (2): nn.CAddTable
    }
    (2): nn.Sequential {
      [input -> (1) -> (2) -> output]
      (1): nn.ConcatTable {
        input
          |`-> (1): nn.Sequential {
          |      [input -> (1) -> (2) -> (3) -> (4) -> output]
          |      (1): cudnn.SpatialConvolution(64 -> 64, 3x3, 1,1, 1,1) without bias
          |      (2): nn.ELU (alpha:1.000000)
          |      (3): cudnn.SpatialConvolution(64 -> 64, 3x3, 1,1, 1,1) without bias
          |      (4): nn.SpatialBatchNormalization (4D) (64)
          |    }
           `-> (2): nn.Identity
           ... -> output
      }
      (2): nn.CAddTable
    }
    (3): nn.Sequential {
      [input -> (1) -> (2) -> output]
      (1): nn.ConcatTable {
        input
          |`-> (1): nn.Sequential {
          |      [input -> (1) -> (2) -> (3) -> (4) -> output]
          |      (1): cudnn.SpatialConvolution(64 -> 64, 3x3, 1,1, 1,1) without bias
          |      (2): nn.ELU (alpha:1.000000)
          |      (3): cudnn.SpatialConvolution(64 -> 64, 3x3, 1,1, 1,1) without bias
          |      (4): nn.SpatialBatchNormalization (4D) (64)
          |    }
           `-> (2): nn.Identity
           ... -> output
      }
      (2): nn.CAddTable
    }
    (4): nn.Sequential {
      [input -> (1) -> (2) -> output]
      (1): nn.ConcatTable {
        input
          |`-> (1): nn.Sequential {
          |      [input -> (1) -> (2) -> (3) -> (4) -> output]
          |      (1): cudnn.SpatialConvolution(64 -> 64, 3x3, 1,1, 1,1) without bias
          |      (2): nn.ELU (alpha:1.000000)
          |      (3): cudnn.SpatialConvolution(64 -> 64, 3x3, 1,1, 1,1) without bias
          |      (4): nn.SpatialBatchNormalization (4D) (64)
          |    }
           `-> (2): nn.Identity
           ... -> output
      }
      (2): nn.CAddTable
    }
    (5): nn.Sequential {
      [input -> (1) -> (2) -> output]
      (1): nn.ConcatTable {
        input
          |`-> (1): nn.Sequential {
          |      [input -> (1) -> (2) -> (3) -> (4) -> output]
          |      (1): cudnn.SpatialConvolution(64 -> 64, 3x3, 1,1, 1,1) without bias
          |      (2): nn.ELU (alpha:1.000000)
          |      (3): cudnn.SpatialConvolution(64 -> 64, 3x3, 1,1, 1,1) without bias
          |      (4): nn.SpatialBatchNormalization (4D) (64)
          |    }
           `-> (2): nn.Identity
           ... -> output
      }
      (2): nn.CAddTable
    }
    (6): nn.Sequential {
      [input -> (1) -> (2) -> output]
      (1): nn.ConcatTable {
        input
          |`-> (1): nn.Sequential {
          |      [input -> (1) -> (2) -> (3) -> (4) -> output]
          |      (1): cudnn.SpatialConvolution(64 -> 64, 3x3, 1,1, 1,1) without bias
          |      (2): nn.ELU (alpha:1.000000)
          |      (3): cudnn.SpatialConvolution(64 -> 64, 3x3, 1,1, 1,1) without bias
          |      (4): nn.SpatialBatchNormalization (4D) (64)
          |    }
           `-> (2): nn.Identity
           ... -> output
      }
      (2): nn.CAddTable
    }
    (7): nn.Sequential {
      [input -> (1) -> (2) -> output]
      (1): nn.ConcatTable {
        input
          |`-> (1): nn.Sequential {
          |      [input -> (1) -> (2) -> (3) -> (4) -> output]
          |      (1): cudnn.SpatialConvolution(64 -> 64, 3x3, 1,1, 1,1) without bias
          |      (2): nn.ELU (alpha:1.000000)
          |      (3): cudnn.SpatialConvolution(64 -> 64, 3x3, 1,1, 1,1) without bias
          |      (4): nn.SpatialBatchNormalization (4D) (64)
          |    }
           `-> (2): nn.Identity
           ... -> output
      }
      (2): nn.CAddTable
    }
    (8): nn.Sequential {
      [input -> (1) -> (2) -> output]
      (1): nn.ConcatTable {
        input
          |`-> (1): nn.Sequential {
          |      [input -> (1) -> (2) -> (3) -> (4) -> output]
          |      (1): cudnn.SpatialConvolution(64 -> 64, 3x3, 1,1, 1,1) without bias
          |      (2): nn.ELU (alpha:1.000000)
          |      (3): cudnn.SpatialConvolution(64 -> 64, 3x3, 1,1, 1,1) without bias
          |      (4): nn.SpatialBatchNormalization (4D) (64)
          |    }
           `-> (2): nn.Identity
           ... -> output
      }
      (2): nn.CAddTable
    }
    (9): nn.Sequential {
      [input -> (1) -> (2) -> output]
      (1): nn.ConcatTable {
        input
          |`-> (1): nn.Sequential {
          |      [input -> (1) -> (2) -> (3) -> (4) -> output]
          |      (1): cudnn.SpatialConvolution(64 -> 64, 3x3, 1,1, 1,1) without bias
          |      (2): nn.ELU (alpha:1.000000)
          |      (3): cudnn.SpatialConvolution(64 -> 64, 3x3, 1,1, 1,1) without bias
          |      (4): nn.SpatialBatchNormalization (4D) (64)
          |    }
           `-> (2): nn.Identity
           ... -> output
      }
      (2): nn.CAddTable
    }
  }
  (6): nn.ELU (alpha:1.000000)
  (7): cudnn.SpatialAveragePooling(8x8, 1,1)
  (8): nn.View(64)
  (9): nn.Linear(64 -> 10)
}
=> Training epoch # 1	
 * Finished epoch # 1     top1:  45.625  top5:   5.674
	
 * Best model 	45.625	5.673828125	
=> Training epoch # 2	
 * Finished epoch # 2     top1:  35.557  top5:   3.262
	
 * Best model 	35.556640625	3.26171875	
=> Training epoch # 3	
 * Finished epoch # 3     top1:  31.133  top5:   2.207
	
 * Best model 	31.1328125	2.20703125	
=> Training epoch # 4	
 * Finished epoch # 4     top1:  27.402  top5:   1.768
	
 * Best model 	27.40234375	1.767578125	
=> Training epoch # 5	
 * Finished epoch # 5     top1:  22.773  top5:   1.377
	
 * Best model 	22.7734375	1.376953125	
=> Training epoch # 6	
 * Finished epoch # 6     top1:  21.299  top5:   1.309
	
 * Best model 	21.298828125	1.30859375	
=> Training epoch # 7	
 * Finished epoch # 7     top1:  27.744  top5:   2.363
	
=> Training epoch # 8	
 * Finished epoch # 8     top1:  24.434  top5:   1.631
	
=> Training epoch # 9	
 * Finished epoch # 9     top1:  27.324  top5:   1.934
	
=> Training epoch # 10	
 * Finished epoch # 10     top1:  24.004  top5:   1.094
	
=> Training epoch # 11	
 * Finished epoch # 11     top1:  29.619  top5:   3.389
	
=> Training epoch # 12	
 * Finished epoch # 12     top1:  30.664  top5:   3.408
	
=> Training epoch # 13	
 * Finished epoch # 13     top1:  24.834  top5:   2.549
	
=> Training epoch # 14	
 * Finished epoch # 14     top1:  20.479  top5:   1.045
	
 * Best model 	20.478515625	1.044921875	
=> Training epoch # 15	
 * Finished epoch # 15     top1:  17.529  top5:   0.859
	
 * Best model 	17.529296875	0.859375	
=> Training epoch # 16	
 * Finished epoch # 16     top1:  28.340  top5:   1.914
	
=> Training epoch # 17	
 * Finished epoch # 17     top1:  20.586  top5:   1.152
	
=> Training epoch # 18	
 * Finished epoch # 18     top1:  21.162  top5:   1.035
	
=> Training epoch # 19	
 * Finished epoch # 19     top1:  25.254  top5:   1.191
	
=> Training epoch # 20	
 * Finished epoch # 20     top1:  28.379  top5:   3.350
	
=> Training epoch # 21	
 * Finished epoch # 21     top1:  25.664  top5:   1.455
	
=> Training epoch # 22	
 * Finished epoch # 22     top1:  30.986  top5:   2.305
	
=> Training epoch # 23	
 * Finished epoch # 23     top1:  21.436  top5:   1.104
	
=> Training epoch # 24	
 * Finished epoch # 24     top1:  24.561  top5:   3.213
	
=> Training epoch # 25	
 * Finished epoch # 25     top1:  23.301  top5:   1.250
	
=> Training epoch # 26	
 * Finished epoch # 26     top1:  31.299  top5:   4.150
	
=> Training epoch # 27	
 * Finished epoch # 27     top1:  22.529  top5:   1.250
	
=> Training epoch # 28	
 * Finished epoch # 28     top1:  22.891  top5:   1.934
	
=> Training epoch # 29	
 * Finished epoch # 29     top1:  16.797  top5:   0.576
	
 * Best model 	16.796875	0.576171875	
=> Training epoch # 30	
 * Finished epoch # 30     top1:  21.641  top5:   1.504
	
=> Training epoch # 31	
 * Finished epoch # 31     top1:  20.137  top5:   1.289
	
=> Training epoch # 32	
 * Finished epoch # 32     top1:  18.330  top5:   0.957
	
=> Training epoch # 33	
 * Finished epoch # 33     top1:  22.178  top5:   1.084
	
=> Training epoch # 34	
 * Finished epoch # 34     top1:  24.189  top5:   1.064
	
=> Training epoch # 35	
 * Finished epoch # 35     top1:  25.225  top5:   2.314
	
=> Training epoch # 36	
 * Finished epoch # 36     top1:  35.771  top5:   5.859
	
=> Training epoch # 37	
 * Finished epoch # 37     top1:  25.479  top5:   1.709
	
=> Training epoch # 38	
 * Finished epoch # 38     top1:  22.266  top5:   1.436
	
=> Training epoch # 39	
 * Finished epoch # 39     top1:  34.102  top5:   4.033
	
=> Training epoch # 40	
 * Finished epoch # 40     top1:  27.744  top5:   1.504
	
=> Training epoch # 41	
 * Finished epoch # 41     top1:  27.129  top5:   2.275
	
=> Training epoch # 42	
 * Finished epoch # 42     top1:  16.230  top5:   0.615
	
 * Best model 	16.23046875	0.615234375	
=> Training epoch # 43	
 * Finished epoch # 43     top1:  21.211  top5:   1.934
	
=> Training epoch # 44	
 * Finished epoch # 44     top1:  45.439  top5:   3.330
	
=> Training epoch # 45	
 * Finished epoch # 45     top1:  21.152  top5:   1.230
	
=> Training epoch # 46	
 * Finished epoch # 46     top1:  18.428  top5:   0.977
	
=> Training epoch # 47	
 * Finished epoch # 47     top1:  25.566  top5:   1.475
	
=> Training epoch # 48	
 * Finished epoch # 48     top1:  21.895  top5:   1.426
	
=> Training epoch # 49	
 * Finished epoch # 49     top1:  27.842  top5:   1.807
	
=> Training epoch # 50	
 * Finished epoch # 50     top1:  17.383  top5:   1.045
	
=> Training epoch # 51	
 * Finished epoch # 51     top1:  30.205  top5:   3.047
	
=> Training epoch # 52	
 * Finished epoch # 52     top1:  20.801  top5:   1.777
	
=> Training epoch # 53	
 * Finished epoch # 53     top1:  18.281  top5:   1.611
	
=> Training epoch # 54	
 * Finished epoch # 54     top1:  26.074  top5:   2.451
	
=> Training epoch # 55	
 * Finished epoch # 55     top1:  20.547  top5:   0.898
	
=> Training epoch # 56	
 * Finished epoch # 56     top1:  21.514  top5:   1.562
	
=> Training epoch # 57	
 * Finished epoch # 57     top1:  19.209  top5:   1.738
	
=> Training epoch # 58	
 * Finished epoch # 58     top1:  17.412  top5:   0.967
	
=> Training epoch # 59	
 * Finished epoch # 59     top1:  22.998  top5:   1.367
	
=> Training epoch # 60	
 * Finished epoch # 60     top1:  19.668  top5:   1.123
	
=> Training epoch # 61	
 * Finished epoch # 61     top1:  20.801  top5:   0.977
	
=> Training epoch # 62	
 * Finished epoch # 62     top1:  26.768  top5:   1.865
	
=> Training epoch # 63	
 * Finished epoch # 63     top1:  17.158  top5:   0.674
	
=> Training epoch # 64	
 * Finished epoch # 64     top1:  21.436  top5:   1.367
	
=> Training epoch # 65	
 * Finished epoch # 65     top1:  28.447  top5:   1.855
	
=> Training epoch # 66	
 * Finished epoch # 66     top1:  16.768  top5:   0.820
	
=> Training epoch # 67	
 * Finished epoch # 67     top1:  20.645  top5:   1.611
	
=> Training epoch # 68	
 * Finished epoch # 68     top1:  18.691  top5:   1.113
	
=> Training epoch # 69	
 * Finished epoch # 69     top1:  27.080  top5:   1.543
	
=> Training epoch # 70	
 * Finished epoch # 70     top1:  31.299  top5:   5.850
	
=> Training epoch # 71	
 * Finished epoch # 71     top1:  23.076  top5:   1.836
	
=> Training epoch # 72	
 * Finished epoch # 72     top1:  22.500  top5:   3.125
	
=> Training epoch # 73	
 * Finished epoch # 73     top1:  24.297  top5:   3.193
	
=> Training epoch # 74	
 * Finished epoch # 74     top1:  29.258  top5:   2.109
	
=> Training epoch # 75	
 * Finished epoch # 75     top1:  17.979  top5:   0.977
	
=> Training epoch # 76	
 * Finished epoch # 76     top1:  19.023  top5:   1.016
	
=> Training epoch # 77	
 * Finished epoch # 77     top1:  39.355  top5:   6.729
	
=> Training epoch # 78	
 * Finished epoch # 78     top1:  17.871  top5:   1.074
	
=> Training epoch # 79	
 * Finished epoch # 79     top1:  25.039  top5:   1.943
	
=> Training epoch # 80	
 * Finished epoch # 80     top1:  15.342  top5:   0.781
	
 * Best model 	15.341796875	0.78125	
=> Training epoch # 81	
 * Finished epoch # 81     top1:   8.506  top5:   0.146
	
 * Best model 	8.505859375	0.146484375	
=> Training epoch # 82	
 * Finished epoch # 82     top1:   7.988  top5:   0.156
	
 * Best model 	7.98828125	0.15625	
=> Training epoch # 83	
 * Finished epoch # 83     top1:   7.715  top5:   0.146
	
 * Best model 	7.71484375	0.146484375	
=> Training epoch # 84	
 * Finished epoch # 84     top1:   7.744  top5:   0.176
	
=> Training epoch # 85	
 * Finished epoch # 85     top1:   7.393  top5:   0.303
	
 * Best model 	7.392578125	0.302734375	
=> Training epoch # 86	
 * Finished epoch # 86     top1:   7.314  top5:   0.166
	
 * Best model 	7.314453125	0.166015625	
=> Training epoch # 87	
 * Finished epoch # 87     top1:   9.463  top5:   0.400
	
=> Training epoch # 88	
 * Finished epoch # 88     top1:   8.643  top5:   0.166
	
=> Training epoch # 89	
 * Finished epoch # 89     top1:   8.896  top5:   0.205
	
=> Training epoch # 90	
 * Finished epoch # 90     top1:   8.301  top5:   0.215
	
=> Training epoch # 91	
 * Finished epoch # 91     top1:  10.234  top5:   0.322
	
=> Training epoch # 92	
 * Finished epoch # 92     top1:  11.162  top5:   0.449
	
=> Training epoch # 93	
 * Finished epoch # 93     top1:  10.674  top5:   0.469
	
=> Training epoch # 94	
 * Finished epoch # 94     top1:   8.770  top5:   0.488
	
=> Training epoch # 95	
 * Finished epoch # 95     top1:  13.438  top5:   0.977
	
=> Training epoch # 96	
 * Finished epoch # 96     top1:  11.387  top5:   0.537
	
=> Training epoch # 97	
 * Finished epoch # 97     top1:  11.602  top5:   0.664
	
=> Training epoch # 98	
 * Finished epoch # 98     top1:  14.053  top5:   1.045
	
=> Training epoch # 99	
 * Finished epoch # 99     top1:  20.312  top5:   1.504
	
=> Training epoch # 100	
 * Finished epoch # 100     top1:   9.688  top5:   0.361
	
=> Training epoch # 101	
 * Finished epoch # 101     top1:  12.871  top5:   0.771
	
=> Training epoch # 102	
 * Finished epoch # 102     top1:  13.652  top5:   1.768
	
=> Training epoch # 103	
 * Finished epoch # 103     top1:  10.117  top5:   0.352
	
=> Training epoch # 104	
 * Finished epoch # 104     top1:  10.283  top5:   0.566
	
=> Training epoch # 105	
 * Finished epoch # 105     top1:  18.096  top5:   1.533
	
=> Training epoch # 106	
 * Finished epoch # 106     top1:  11.982  top5:   0.713
	
=> Training epoch # 107	
 * Finished epoch # 107     top1:  16.943  top5:   1.309
	
=> Training epoch # 108	
 * Finished epoch # 108     top1:  13.691  top5:   0.830
	
=> Training epoch # 109	
 * Finished epoch # 109     top1:  14.062  top5:   1.025
	
=> Training epoch # 110	
 * Finished epoch # 110     top1:  26.367  top5:   2.129
	
=> Training epoch # 111	
 * Finished epoch # 111     top1:  14.639  top5:   0.928
	
=> Training epoch # 112	
 * Finished epoch # 112     top1:  25.781  top5:   1.826
	
=> Training epoch # 113	
 * Finished epoch # 113     top1:  16.562  top5:   1.514
	
=> Training epoch # 114	
 * Finished epoch # 114     top1:  18.604  top5:   1.270
	
=> Training epoch # 115	
 * Finished epoch # 115     top1:  24.727  top5:   1.064
	
=> Training epoch # 116	
 * Finished epoch # 116     top1:  17.354  top5:   1.006
	
=> Training epoch # 117	
 * Finished epoch # 117     top1:  14.580  top5:   1.191
	
=> Training epoch # 118	
 * Finished epoch # 118     top1:  11.826  top5:   0.459
	
=> Training epoch # 119	
 * Finished epoch # 119     top1:  19.199  top5:   1.357
	
=> Training epoch # 120	
 * Finished epoch # 120     top1:  11.768  top5:   0.469
	
=> Training epoch # 121	
 * Finished epoch # 121     top1:  21.133  top5:   1.436
	
=> Training epoch # 122	
 * Finished epoch # 122     top1:   6.670  top5:   0.195
	
 * Best model 	6.669921875	0.1953125	
=> Training epoch # 123	
 * Finished epoch # 123     top1:   6.738  top5:   0.352
	
=> Training epoch # 124	
 * Finished epoch # 124     top1:   6.738  top5:   0.215
	
=> Training epoch # 125	
 * Finished epoch # 125     top1:   6.406  top5:   0.195
	
 * Best model 	6.40625	0.1953125	
=> Training epoch # 126	
 * Finished epoch # 126     top1:   6.250  top5:   0.137
	
 * Best model 	6.25	0.13671875	
=> Training epoch # 127	
 * Finished epoch # 127     top1:   6.699  top5:   0.176
	
=> Training epoch # 128	
 * Finished epoch # 128     top1:   6.709  top5:   0.215
	
=> Training epoch # 129	
 * Finished epoch # 129     top1:   6.494  top5:   0.205
	
=> Training epoch # 130	
 * Finished epoch # 130     top1:   6.826  top5:   0.322
	
=> Training epoch # 131	
 * Finished epoch # 131     top1:   6.279  top5:   0.215
	
=> Training epoch # 132	
 * Finished epoch # 132     top1:   6.689  top5:   0.186
	
=> Training epoch # 133	
 * Finished epoch # 133     top1:   6.484  top5:   0.195
	
=> Training epoch # 134	
 * Finished epoch # 134     top1:   6.328  top5:   0.215
	
=> Training epoch # 135	
 * Finished epoch # 135     top1:   6.260  top5:   0.156
	
=> Training epoch # 136	
 * Finished epoch # 136     top1:   6.201  top5:   0.156
	
 * Best model 	6.201171875	0.15625	
=> Training epoch # 137	
 * Finished epoch # 137     top1:   6.289  top5:   0.195
	
=> Training epoch # 138	
 * Finished epoch # 138     top1:   6.201  top5:   0.215
	
=> Training epoch # 139	
 * Finished epoch # 139     top1:   6.611  top5:   0.205
	
=> Training epoch # 140	
 * Finished epoch # 140     top1:   6.455  top5:   0.215
	
=> Training epoch # 141	
 * Finished epoch # 141     top1:   6.270  top5:   0.215
	
=> Training epoch # 142	
 * Finished epoch # 142     top1:   6.279  top5:   0.195
	
=> Training epoch # 143	
 * Finished epoch # 143     top1:   6.270  top5:   0.215
	
=> Training epoch # 144	
 * Finished epoch # 144     top1:   6.494  top5:   0.186
	
=> Training epoch # 145	
 * Finished epoch # 145     top1:   6.572  top5:   0.166
	
=> Training epoch # 146	
 * Finished epoch # 146     top1:   6.348  top5:   0.156
	
=> Training epoch # 147	
 * Finished epoch # 147     top1:   6.455  top5:   0.166
	
=> Training epoch # 148	
 * Finished epoch # 148     top1:   6.279  top5:   0.195
	
=> Training epoch # 149	
 * Finished epoch # 149     top1:   6.211  top5:   0.176
	
=> Training epoch # 150	
 * Finished epoch # 150     top1:   6.426  top5:   0.156
	
=> Training epoch # 151	
 * Finished epoch # 151     top1:   6.611  top5:   0.244
	
=> Training epoch # 152	
 * Finished epoch # 152     top1:   6.357  top5:   0.186
	
=> Training epoch # 153	
 * Finished epoch # 153     top1:   6.660  top5:   0.205
	
=> Training epoch # 154	
 * Finished epoch # 154     top1:   6.357  top5:   0.234
	
=> Training epoch # 155	
 * Finished epoch # 155     top1:   6.152  top5:   0.195
	
 * Best model 	6.15234375	0.1953125	
=> Training epoch # 156	
 * Finished epoch # 156     top1:   6.621  top5:   0.273
	
=> Training epoch # 157	
 * Finished epoch # 157     top1:   6.914  top5:   0.166
	
=> Training epoch # 158	
 * Finished epoch # 158     top1:   6.641  top5:   0.273
	
=> Training epoch # 159	
 * Finished epoch # 159     top1:   7.158  top5:   0.195
	
=> Training epoch # 160	
 * Finished epoch # 160     top1:   6.543  top5:   0.215
	
=> Training epoch # 161	
 * Finished epoch # 161     top1:   6.855  top5:   0.186
	
=> Training epoch # 162	
 * Finished epoch # 162     top1:   6.621  top5:   0.215
	
=> Training epoch # 163	
 * Finished epoch # 163     top1:   6.953  top5:   0.146
	
=> Training epoch # 164	
 * Finished epoch # 164     top1:   7.139  top5:   0.283
	
=> Training epoch # 165	
 * Finished epoch # 165     top1:   6.689  top5:   0.420
	
=> Training epoch # 166	
 * Finished epoch # 166     top1:   6.602  top5:   0.215
	
=> Training epoch # 167	
 * Finished epoch # 167     top1:   6.680  top5:   0.205
	
=> Training epoch # 168	
 * Finished epoch # 168     top1:   6.670  top5:   0.225
	
=> Training epoch # 169	
 * Finished epoch # 169     top1:   6.650  top5:   0.234
	
=> Training epoch # 170	
 * Finished epoch # 170     top1:   6.719  top5:   0.195
	
=> Training epoch # 171	
 * Finished epoch # 171     top1:   6.533  top5:   0.244
	
=> Training epoch # 172	
 * Finished epoch # 172     top1:   6.494  top5:   0.234
	
=> Training epoch # 173	
 * Finished epoch # 173     top1:   6.396  top5:   0.205
	
=> Training epoch # 174	
 * Finished epoch # 174     top1:   6.309  top5:   0.215
	
=> Training epoch # 175	
 * Finished epoch # 175     top1:   6.777  top5:   0.186
	
=> Training epoch # 176	
 * Finished epoch # 176     top1:   6.777  top5:   0.205
	
=> Training epoch # 177	
 * Finished epoch # 177     top1:   6.592  top5:   0.225
	
=> Training epoch # 178	
 * Finished epoch # 178     top1:   6.562  top5:   0.225
	
=> Training epoch # 179	
 * Finished epoch # 179     top1:   6.475  top5:   0.264
	
=> Training epoch # 180	
 * Finished epoch # 180     top1:   6.836  top5:   0.254
	
=> Training epoch # 181	
 * Finished epoch # 181     top1:   6.904  top5:   0.244
	
=> Training epoch # 182	
 * Finished epoch # 182     top1:   7.002  top5:   0.273
	
=> Training epoch # 183	
 * Finished epoch # 183     top1:   6.836  top5:   0.215
	
=> Training epoch # 184	
 * Finished epoch # 184     top1:   6.855  top5:   0.254
	
=> Training epoch # 185	
 * Finished epoch # 185     top1:   6.895  top5:   0.264
	
=> Training epoch # 186	
 * Finished epoch # 186     top1:   7.344  top5:   0.254
	
=> Training epoch # 187	
 * Finished epoch # 187     top1:   6.738  top5:   0.303
	
=> Training epoch # 188	
 * Finished epoch # 188     top1:   7.031  top5:   0.273
	
=> Training epoch # 189	
 * Finished epoch # 189     top1:   6.992  top5:   0.244
	
=> Training epoch # 190	
 * Finished epoch # 190     top1:   6.992  top5:   0.215
	
=> Training epoch # 191	
 * Finished epoch # 191     top1:   6.982  top5:   0.459
	
=> Training epoch # 192	
 * Finished epoch # 192     top1:   6.592  top5:   0.244
	
=> Training epoch # 193	
 * Finished epoch # 193     top1:   6.875  top5:   0.332
	
=> Training epoch # 194	
 * Finished epoch # 194     top1:   7.451  top5:   0.264
	
=> Training epoch # 195	
 * Finished epoch # 195     top1:   7.539  top5:   0.254
	
=> Training epoch # 196	
 * Finished epoch # 196     top1:   7.480  top5:   0.283
	
=> Training epoch # 197	
 * Finished epoch # 197     top1:   6.514  top5:   0.254
	
=> Training epoch # 198	
 * Finished epoch # 198     top1:   6.602  top5:   0.244
	
=> Training epoch # 199	
 * Finished epoch # 199     top1:   6.816  top5:   0.254
	
=> Training epoch # 200	
 * Finished epoch # 200     top1:   7.451  top5:   0.352
	
 * Finished top1:  6.152  top5:  0.195	
