{
  cudnn : "fastest"
  LR : 0.1
  nThreads : 2
  nClasses : 0
  batchSize : 256
  testOnly : false
  netType : "resnet"
  resetClassifier : false
  shortcutType : "A"
  gen : "gen"
  nGPU : 1
  depth : 56
  weightDecay : 0.001
  data : ""
  dataset : "cifar100"
  epochNumber : 1
  manualSeed : 2
  resume : "results/try5/cifar100/56"
  optimState : "none"
  nEpochs : 200
  tenCrop : false
  shareGradInput : false
  backend : "cudnn"
  momentum : 0.9
  retrain : "none"
}
=> Creating model from file: models/resnet.lua	
 | ResNet-56 CIFAR-100	
nn.Sequential {
  [input -> (1) -> (2) -> (3) -> (4) -> (5) -> (6) -> (7) -> (8) -> (9) -> output]
  (1): cudnn.SpatialConvolution(3 -> 16, 3x3, 1,1, 1,1) without bias
  (2): nn.Sequential {
    [input -> (1) -> (2) -> (3) -> output]
    (1): nn.ConstrainedDiv
    (2): nn.ELU (alpha:1.000000)
    (3): nn.ConstrainedMul
  }
  (3): nn.Sequential {
    [input -> (1) -> (2) -> (3) -> (4) -> (5) -> (6) -> (7) -> (8) -> (9) -> output]
    (1): nn.Sequential {
      [input -> (1) -> (2) -> output]
      (1): nn.ConcatTable {
        input
          |`-> (1): nn.Sequential {
          |      [input -> (1) -> (2) -> (3) -> (4) -> output]
          |      (1): cudnn.SpatialConvolution(16 -> 16, 3x3, 1,1, 1,1) without bias
          |      (2): nn.Sequential {
          |        [input -> (1) -> (2) -> (3) -> output]
          |        (1): nn.ConstrainedDiv
          |        (2): nn.ELU (alpha:1.000000)
          |        (3): nn.ConstrainedMul
          |      }
          |      (3): cudnn.SpatialConvolution(16 -> 16, 3x3, 1,1, 1,1) without bias
          |      (4): nn.SpatialBatchNormalization (4D) (16)
          |    }
           `-> (2): nn.Identity
           ... -> output
      }
      (2): nn.CAddTable
    }
    (2): nn.Sequential {
      [input -> (1) -> (2) -> output]
      (1): nn.ConcatTable {
        input
          |`-> (1): nn.Sequential {
          |      [input -> (1) -> (2) -> (3) -> (4) -> output]
          |      (1): cudnn.SpatialConvolution(16 -> 16, 3x3, 1,1, 1,1) without bias
          |      (2): nn.Sequential {
          |        [input -> (1) -> (2) -> (3) -> output]
          |        (1): nn.ConstrainedDiv
          |        (2): nn.ELU (alpha:1.000000)
          |        (3): nn.ConstrainedMul
          |      }
          |      (3): cudnn.SpatialConvolution(16 -> 16, 3x3, 1,1, 1,1) without bias
          |      (4): nn.SpatialBatchNormalization (4D) (16)
          |    }
           `-> (2): nn.Identity
           ... -> output
      }
      (2): nn.CAddTable
    }
    (3): nn.Sequential {
      [input -> (1) -> (2) -> output]
      (1): nn.ConcatTable {
        input
          |`-> (1): nn.Sequential {
          |      [input -> (1) -> (2) -> (3) -> (4) -> output]
          |      (1): cudnn.SpatialConvolution(16 -> 16, 3x3, 1,1, 1,1) without bias
          |      (2): nn.Sequential {
          |        [input -> (1) -> (2) -> (3) -> output]
          |        (1): nn.ConstrainedDiv
          |        (2): nn.ELU (alpha:1.000000)
          |        (3): nn.ConstrainedMul
          |      }
          |      (3): cudnn.SpatialConvolution(16 -> 16, 3x3, 1,1, 1,1) without bias
          |      (4): nn.SpatialBatchNormalization (4D) (16)
          |    }
           `-> (2): nn.Identity
           ... -> output
      }
      (2): nn.CAddTable
    }
    (4): nn.Sequential {
      [input -> (1) -> (2) -> output]
      (1): nn.ConcatTable {
        input
          |`-> (1): nn.Sequential {
          |      [input -> (1) -> (2) -> (3) -> (4) -> output]
          |      (1): cudnn.SpatialConvolution(16 -> 16, 3x3, 1,1, 1,1) without bias
          |      (2): nn.Sequential {
          |        [input -> (1) -> (2) -> (3) -> output]
          |        (1): nn.ConstrainedDiv
          |        (2): nn.ELU (alpha:1.000000)
          |        (3): nn.ConstrainedMul
          |      }
          |      (3): cudnn.SpatialConvolution(16 -> 16, 3x3, 1,1, 1,1) without bias
          |      (4): nn.SpatialBatchNormalization (4D) (16)
          |    }
           `-> (2): nn.Identity
           ... -> output
      }
      (2): nn.CAddTable
    }
    (5): nn.Sequential {
      [input -> (1) -> (2) -> output]
      (1): nn.ConcatTable {
        input
          |`-> (1): nn.Sequential {
          |      [input -> (1) -> (2) -> (3) -> (4) -> output]
          |      (1): cudnn.SpatialConvolution(16 -> 16, 3x3, 1,1, 1,1) without bias
          |      (2): nn.Sequential {
          |        [input -> (1) -> (2) -> (3) -> output]
          |        (1): nn.ConstrainedDiv
          |        (2): nn.ELU (alpha:1.000000)
          |        (3): nn.ConstrainedMul
          |      }
          |      (3): cudnn.SpatialConvolution(16 -> 16, 3x3, 1,1, 1,1) without bias
          |      (4): nn.SpatialBatchNormalization (4D) (16)
          |    }
           `-> (2): nn.Identity
           ... -> output
      }
      (2): nn.CAddTable
    }
    (6): nn.Sequential {
      [input -> (1) -> (2) -> output]
      (1): nn.ConcatTable {
        input
          |`-> (1): nn.Sequential {
          |      [input -> (1) -> (2) -> (3) -> (4) -> output]
          |      (1): cudnn.SpatialConvolution(16 -> 16, 3x3, 1,1, 1,1) without bias
          |      (2): nn.Sequential {
          |        [input -> (1) -> (2) -> (3) -> output]
          |        (1): nn.ConstrainedDiv
          |        (2): nn.ELU (alpha:1.000000)
          |        (3): nn.ConstrainedMul
          |      }
          |      (3): cudnn.SpatialConvolution(16 -> 16, 3x3, 1,1, 1,1) without bias
          |      (4): nn.SpatialBatchNormalization (4D) (16)
          |    }
           `-> (2): nn.Identity
           ... -> output
      }
      (2): nn.CAddTable
    }
    (7): nn.Sequential {
      [input -> (1) -> (2) -> output]
      (1): nn.ConcatTable {
        input
          |`-> (1): nn.Sequential {
          |      [input -> (1) -> (2) -> (3) -> (4) -> output]
          |      (1): cudnn.SpatialConvolution(16 -> 16, 3x3, 1,1, 1,1) without bias
          |      (2): nn.Sequential {
          |        [input -> (1) -> (2) -> (3) -> output]
          |        (1): nn.ConstrainedDiv
          |        (2): nn.ELU (alpha:1.000000)
          |        (3): nn.ConstrainedMul
          |      }
          |      (3): cudnn.SpatialConvolution(16 -> 16, 3x3, 1,1, 1,1) without bias
          |      (4): nn.SpatialBatchNormalization (4D) (16)
          |    }
           `-> (2): nn.Identity
           ... -> output
      }
      (2): nn.CAddTable
    }
    (8): nn.Sequential {
      [input -> (1) -> (2) -> output]
      (1): nn.ConcatTable {
        input
          |`-> (1): nn.Sequential {
          |      [input -> (1) -> (2) -> (3) -> (4) -> output]
          |      (1): cudnn.SpatialConvolution(16 -> 16, 3x3, 1,1, 1,1) without bias
          |      (2): nn.Sequential {
          |        [input -> (1) -> (2) -> (3) -> output]
          |        (1): nn.ConstrainedDiv
          |        (2): nn.ELU (alpha:1.000000)
          |        (3): nn.ConstrainedMul
          |      }
          |      (3): cudnn.SpatialConvolution(16 -> 16, 3x3, 1,1, 1,1) without bias
          |      (4): nn.SpatialBatchNormalization (4D) (16)
          |    }
           `-> (2): nn.Identity
           ... -> output
      }
      (2): nn.CAddTable
    }
    (9): nn.Sequential {
      [input -> (1) -> (2) -> output]
      (1): nn.ConcatTable {
        input
          |`-> (1): nn.Sequential {
          |      [input -> (1) -> (2) -> (3) -> (4) -> output]
          |      (1): cudnn.SpatialConvolution(16 -> 16, 3x3, 1,1, 1,1) without bias
          |      (2): nn.Sequential {
          |        [input -> (1) -> (2) -> (3) -> output]
          |        (1): nn.ConstrainedDiv
          |        (2): nn.ELU (alpha:1.000000)
          |        (3): nn.ConstrainedMul
          |      }
          |      (3): cudnn.SpatialConvolution(16 -> 16, 3x3, 1,1, 1,1) without bias
          |      (4): nn.SpatialBatchNormalization (4D) (16)
          |    }
           `-> (2): nn.Identity
           ... -> output
      }
      (2): nn.CAddTable
    }
  }
  (4): nn.Sequential {
    [input -> (1) -> (2) -> (3) -> (4) -> (5) -> (6) -> (7) -> (8) -> (9) -> output]
    (1): nn.Sequential {
      [input -> (1) -> (2) -> output]
      (1): nn.ConcatTable {
        input
          |`-> (1): nn.Sequential {
          |      [input -> (1) -> (2) -> (3) -> (4) -> output]
          |      (1): cudnn.SpatialConvolution(16 -> 32, 3x3, 2,2, 1,1) without bias
          |      (2): nn.Sequential {
          |        [input -> (1) -> (2) -> (3) -> output]
          |        (1): nn.ConstrainedDiv
          |        (2): nn.ELU (alpha:1.000000)
          |        (3): nn.ConstrainedMul
          |      }
          |      (3): cudnn.SpatialConvolution(32 -> 32, 3x3, 1,1, 1,1) without bias
          |      (4): nn.SpatialBatchNormalization (4D) (32)
          |    }
           `-> (2): nn.Sequential {
                 [input -> (1) -> (2) -> output]
                 (1): nn.SpatialAveragePooling(1x1, 2,2)
                 (2): nn.Concat {
                   input
                     |`-> (1): nn.Identity
                      `-> (2): nn.MulConstant
                      ... -> output
                 }
               }
           ... -> output
      }
      (2): nn.CAddTable
    }
    (2): nn.Sequential {
      [input -> (1) -> (2) -> output]
      (1): nn.ConcatTable {
        input
          |`-> (1): nn.Sequential {
          |      [input -> (1) -> (2) -> (3) -> (4) -> output]
          |      (1): cudnn.SpatialConvolution(32 -> 32, 3x3, 1,1, 1,1) without bias
          |      (2): nn.Sequential {
          |        [input -> (1) -> (2) -> (3) -> output]
          |        (1): nn.ConstrainedDiv
          |        (2): nn.ELU (alpha:1.000000)
          |        (3): nn.ConstrainedMul
          |      }
          |      (3): cudnn.SpatialConvolution(32 -> 32, 3x3, 1,1, 1,1) without bias
          |      (4): nn.SpatialBatchNormalization (4D) (32)
          |    }
           `-> (2): nn.Identity
           ... -> output
      }
      (2): nn.CAddTable
    }
    (3): nn.Sequential {
      [input -> (1) -> (2) -> output]
      (1): nn.ConcatTable {
        input
          |`-> (1): nn.Sequential {
          |      [input -> (1) -> (2) -> (3) -> (4) -> output]
          |      (1): cudnn.SpatialConvolution(32 -> 32, 3x3, 1,1, 1,1) without bias
          |      (2): nn.Sequential {
          |        [input -> (1) -> (2) -> (3) -> output]
          |        (1): nn.ConstrainedDiv
          |        (2): nn.ELU (alpha:1.000000)
          |        (3): nn.ConstrainedMul
          |      }
          |      (3): cudnn.SpatialConvolution(32 -> 32, 3x3, 1,1, 1,1) without bias
          |      (4): nn.SpatialBatchNormalization (4D) (32)
          |    }
           `-> (2): nn.Identity
           ... -> output
      }
      (2): nn.CAddTable
    }
    (4): nn.Sequential {
      [input -> (1) -> (2) -> output]
      (1): nn.ConcatTable {
        input
          |`-> (1): nn.Sequential {
          |      [input -> (1) -> (2) -> (3) -> (4) -> output]
          |      (1): cudnn.SpatialConvolution(32 -> 32, 3x3, 1,1, 1,1) without bias
          |      (2): nn.Sequential {
          |        [input -> (1) -> (2) -> (3) -> output]
          |        (1): nn.ConstrainedDiv
          |        (2): nn.ELU (alpha:1.000000)
          |        (3): nn.ConstrainedMul
          |      }
          |      (3): cudnn.SpatialConvolution(32 -> 32, 3x3, 1,1, 1,1) without bias
          |      (4): nn.SpatialBatchNormalization (4D) (32)
          |    }
           `-> (2): nn.Identity
           ... -> output
      }
      (2): nn.CAddTable
    }
    (5): nn.Sequential {
      [input -> (1) -> (2) -> output]
      (1): nn.ConcatTable {
        input
          |`-> (1): nn.Sequential {
          |      [input -> (1) -> (2) -> (3) -> (4) -> output]
          |      (1): cudnn.SpatialConvolution(32 -> 32, 3x3, 1,1, 1,1) without bias
          |      (2): nn.Sequential {
          |        [input -> (1) -> (2) -> (3) -> output]
          |        (1): nn.ConstrainedDiv
          |        (2): nn.ELU (alpha:1.000000)
          |        (3): nn.ConstrainedMul
          |      }
          |      (3): cudnn.SpatialConvolution(32 -> 32, 3x3, 1,1, 1,1) without bias
          |      (4): nn.SpatialBatchNormalization (4D) (32)
          |    }
           `-> (2): nn.Identity
           ... -> output
      }
      (2): nn.CAddTable
    }
    (6): nn.Sequential {
      [input -> (1) -> (2) -> output]
      (1): nn.ConcatTable {
        input
          |`-> (1): nn.Sequential {
          |      [input -> (1) -> (2) -> (3) -> (4) -> output]
          |      (1): cudnn.SpatialConvolution(32 -> 32, 3x3, 1,1, 1,1) without bias
          |      (2): nn.Sequential {
          |        [input -> (1) -> (2) -> (3) -> output]
          |        (1): nn.ConstrainedDiv
          |        (2): nn.ELU (alpha:1.000000)
          |        (3): nn.ConstrainedMul
          |      }
          |      (3): cudnn.SpatialConvolution(32 -> 32, 3x3, 1,1, 1,1) without bias
          |      (4): nn.SpatialBatchNormalization (4D) (32)
          |    }
           `-> (2): nn.Identity
           ... -> output
      }
      (2): nn.CAddTable
    }
    (7): nn.Sequential {
      [input -> (1) -> (2) -> output]
      (1): nn.ConcatTable {
        input
          |`-> (1): nn.Sequential {
          |      [input -> (1) -> (2) -> (3) -> (4) -> output]
          |      (1): cudnn.SpatialConvolution(32 -> 32, 3x3, 1,1, 1,1) without bias
          |      (2): nn.Sequential {
          |        [input -> (1) -> (2) -> (3) -> output]
          |        (1): nn.ConstrainedDiv
          |        (2): nn.ELU (alpha:1.000000)
          |        (3): nn.ConstrainedMul
          |      }
          |      (3): cudnn.SpatialConvolution(32 -> 32, 3x3, 1,1, 1,1) without bias
          |      (4): nn.SpatialBatchNormalization (4D) (32)
          |    }
           `-> (2): nn.Identity
           ... -> output
      }
      (2): nn.CAddTable
    }
    (8): nn.Sequential {
      [input -> (1) -> (2) -> output]
      (1): nn.ConcatTable {
        input
          |`-> (1): nn.Sequential {
          |      [input -> (1) -> (2) -> (3) -> (4) -> output]
          |      (1): cudnn.SpatialConvolution(32 -> 32, 3x3, 1,1, 1,1) without bias
          |      (2): nn.Sequential {
          |        [input -> (1) -> (2) -> (3) -> output]
          |        (1): nn.ConstrainedDiv
          |        (2): nn.ELU (alpha:1.000000)
          |        (3): nn.ConstrainedMul
          |      }
          |      (3): cudnn.SpatialConvolution(32 -> 32, 3x3, 1,1, 1,1) without bias
          |      (4): nn.SpatialBatchNormalization (4D) (32)
          |    }
           `-> (2): nn.Identity
           ... -> output
      }
      (2): nn.CAddTable
    }
    (9): nn.Sequential {
      [input -> (1) -> (2) -> output]
      (1): nn.ConcatTable {
        input
          |`-> (1): nn.Sequential {
          |      [input -> (1) -> (2) -> (3) -> (4) -> output]
          |      (1): cudnn.SpatialConvolution(32 -> 32, 3x3, 1,1, 1,1) without bias
          |      (2): nn.Sequential {
          |        [input -> (1) -> (2) -> (3) -> output]
          |        (1): nn.ConstrainedDiv
          |        (2): nn.ELU (alpha:1.000000)
          |        (3): nn.ConstrainedMul
          |      }
          |      (3): cudnn.SpatialConvolution(32 -> 32, 3x3, 1,1, 1,1) without bias
          |      (4): nn.SpatialBatchNormalization (4D) (32)
          |    }
           `-> (2): nn.Identity
           ... -> output
      }
      (2): nn.CAddTable
    }
  }
  (5): nn.Sequential {
    [input -> (1) -> (2) -> (3) -> (4) -> (5) -> (6) -> (7) -> (8) -> (9) -> output]
    (1): nn.Sequential {
      [input -> (1) -> (2) -> output]
      (1): nn.ConcatTable {
        input
          |`-> (1): nn.Sequential {
          |      [input -> (1) -> (2) -> (3) -> (4) -> output]
          |      (1): cudnn.SpatialConvolution(32 -> 64, 3x3, 2,2, 1,1) without bias
          |      (2): nn.Sequential {
          |        [input -> (1) -> (2) -> (3) -> output]
          |        (1): nn.ConstrainedDiv
          |        (2): nn.ELU (alpha:1.000000)
          |        (3): nn.ConstrainedMul
          |      }
          |      (3): cudnn.SpatialConvolution(64 -> 64, 3x3, 1,1, 1,1) without bias
          |      (4): nn.SpatialBatchNormalization (4D) (64)
          |    }
           `-> (2): nn.Sequential {
                 [input -> (1) -> (2) -> output]
                 (1): nn.SpatialAveragePooling(1x1, 2,2)
                 (2): nn.Concat {
                   input
                     |`-> (1): nn.Identity
                      `-> (2): nn.MulConstant
                      ... -> output
                 }
               }
           ... -> output
      }
      (2): nn.CAddTable
    }
    (2): nn.Sequential {
      [input -> (1) -> (2) -> output]
      (1): nn.ConcatTable {
        input
          |`-> (1): nn.Sequential {
          |      [input -> (1) -> (2) -> (3) -> (4) -> output]
          |      (1): cudnn.SpatialConvolution(64 -> 64, 3x3, 1,1, 1,1) without bias
          |      (2): nn.Sequential {
          |        [input -> (1) -> (2) -> (3) -> output]
          |        (1): nn.ConstrainedDiv
          |        (2): nn.ELU (alpha:1.000000)
          |        (3): nn.ConstrainedMul
          |      }
          |      (3): cudnn.SpatialConvolution(64 -> 64, 3x3, 1,1, 1,1) without bias
          |      (4): nn.SpatialBatchNormalization (4D) (64)
          |    }
           `-> (2): nn.Identity
           ... -> output
      }
      (2): nn.CAddTable
    }
    (3): nn.Sequential {
      [input -> (1) -> (2) -> output]
      (1): nn.ConcatTable {
        input
          |`-> (1): nn.Sequential {
          |      [input -> (1) -> (2) -> (3) -> (4) -> output]
          |      (1): cudnn.SpatialConvolution(64 -> 64, 3x3, 1,1, 1,1) without bias
          |      (2): nn.Sequential {
          |        [input -> (1) -> (2) -> (3) -> output]
          |        (1): nn.ConstrainedDiv
          |        (2): nn.ELU (alpha:1.000000)
          |        (3): nn.ConstrainedMul
          |      }
          |      (3): cudnn.SpatialConvolution(64 -> 64, 3x3, 1,1, 1,1) without bias
          |      (4): nn.SpatialBatchNormalization (4D) (64)
          |    }
           `-> (2): nn.Identity
           ... -> output
      }
      (2): nn.CAddTable
    }
    (4): nn.Sequential {
      [input -> (1) -> (2) -> output]
      (1): nn.ConcatTable {
        input
          |`-> (1): nn.Sequential {
          |      [input -> (1) -> (2) -> (3) -> (4) -> output]
          |      (1): cudnn.SpatialConvolution(64 -> 64, 3x3, 1,1, 1,1) without bias
          |      (2): nn.Sequential {
          |        [input -> (1) -> (2) -> (3) -> output]
          |        (1): nn.ConstrainedDiv
          |        (2): nn.ELU (alpha:1.000000)
          |        (3): nn.ConstrainedMul
          |      }
          |      (3): cudnn.SpatialConvolution(64 -> 64, 3x3, 1,1, 1,1) without bias
          |      (4): nn.SpatialBatchNormalization (4D) (64)
          |    }
           `-> (2): nn.Identity
           ... -> output
      }
      (2): nn.CAddTable
    }
    (5): nn.Sequential {
      [input -> (1) -> (2) -> output]
      (1): nn.ConcatTable {
        input
          |`-> (1): nn.Sequential {
          |      [input -> (1) -> (2) -> (3) -> (4) -> output]
          |      (1): cudnn.SpatialConvolution(64 -> 64, 3x3, 1,1, 1,1) without bias
          |      (2): nn.Sequential {
          |        [input -> (1) -> (2) -> (3) -> output]
          |        (1): nn.ConstrainedDiv
          |        (2): nn.ELU (alpha:1.000000)
          |        (3): nn.ConstrainedMul
          |      }
          |      (3): cudnn.SpatialConvolution(64 -> 64, 3x3, 1,1, 1,1) without bias
          |      (4): nn.SpatialBatchNormalization (4D) (64)
          |    }
           `-> (2): nn.Identity
           ... -> output
      }
      (2): nn.CAddTable
    }
    (6): nn.Sequential {
      [input -> (1) -> (2) -> output]
      (1): nn.ConcatTable {
        input
          |`-> (1): nn.Sequential {
          |      [input -> (1) -> (2) -> (3) -> (4) -> output]
          |      (1): cudnn.SpatialConvolution(64 -> 64, 3x3, 1,1, 1,1) without bias
          |      (2): nn.Sequential {
          |        [input -> (1) -> (2) -> (3) -> output]
          |        (1): nn.ConstrainedDiv
          |        (2): nn.ELU (alpha:1.000000)
          |        (3): nn.ConstrainedMul
          |      }
          |      (3): cudnn.SpatialConvolution(64 -> 64, 3x3, 1,1, 1,1) without bias
          |      (4): nn.SpatialBatchNormalization (4D) (64)
          |    }
           `-> (2): nn.Identity
           ... -> output
      }
      (2): nn.CAddTable
    }
    (7): nn.Sequential {
      [input -> (1) -> (2) -> output]
      (1): nn.ConcatTable {
        input
          |`-> (1): nn.Sequential {
          |      [input -> (1) -> (2) -> (3) -> (4) -> output]
          |      (1): cudnn.SpatialConvolution(64 -> 64, 3x3, 1,1, 1,1) without bias
          |      (2): nn.Sequential {
          |        [input -> (1) -> (2) -> (3) -> output]
          |        (1): nn.ConstrainedDiv
          |        (2): nn.ELU (alpha:1.000000)
          |        (3): nn.ConstrainedMul
          |      }
          |      (3): cudnn.SpatialConvolution(64 -> 64, 3x3, 1,1, 1,1) without bias
          |      (4): nn.SpatialBatchNormalization (4D) (64)
          |    }
           `-> (2): nn.Identity
           ... -> output
      }
      (2): nn.CAddTable
    }
    (8): nn.Sequential {
      [input -> (1) -> (2) -> output]
      (1): nn.ConcatTable {
        input
          |`-> (1): nn.Sequential {
          |      [input -> (1) -> (2) -> (3) -> (4) -> output]
          |      (1): cudnn.SpatialConvolution(64 -> 64, 3x3, 1,1, 1,1) without bias
          |      (2): nn.Sequential {
          |        [input -> (1) -> (2) -> (3) -> output]
          |        (1): nn.ConstrainedDiv
          |        (2): nn.ELU (alpha:1.000000)
          |        (3): nn.ConstrainedMul
          |      }
          |      (3): cudnn.SpatialConvolution(64 -> 64, 3x3, 1,1, 1,1) without bias
          |      (4): nn.SpatialBatchNormalization (4D) (64)
          |    }
           `-> (2): nn.Identity
           ... -> output
      }
      (2): nn.CAddTable
    }
    (9): nn.Sequential {
      [input -> (1) -> (2) -> output]
      (1): nn.ConcatTable {
        input
          |`-> (1): nn.Sequential {
          |      [input -> (1) -> (2) -> (3) -> (4) -> output]
          |      (1): cudnn.SpatialConvolution(64 -> 64, 3x3, 1,1, 1,1) without bias
          |      (2): nn.Sequential {
          |        [input -> (1) -> (2) -> (3) -> output]
          |        (1): nn.ConstrainedDiv
          |        (2): nn.ELU (alpha:1.000000)
          |        (3): nn.ConstrainedMul
          |      }
          |      (3): cudnn.SpatialConvolution(64 -> 64, 3x3, 1,1, 1,1) without bias
          |      (4): nn.SpatialBatchNormalization (4D) (64)
          |    }
           `-> (2): nn.Identity
           ... -> output
      }
      (2): nn.CAddTable
    }
  }
  (6): nn.Sequential {
    [input -> (1) -> (2) -> (3) -> output]
    (1): nn.ConstrainedDiv
    (2): nn.ELU (alpha:1.000000)
    (3): nn.ConstrainedMul
  }
  (7): cudnn.SpatialAveragePooling(8x8, 1,1)
  (8): nn.View(64)
  (9): nn.Linear(64 -> 100)
}
=> Training epoch # 1	
 * Finished epoch # 1     top1:  84.043  top5:  59.033
	
 * Best model 	84.04296875	59.033203125	
=> Training epoch # 2	
 * Finished epoch # 2     top1:  73.711  top5:  43.379
	
 * Best model 	73.7109375	43.37890625	
=> Training epoch # 3	
 * Finished epoch # 3     top1:  66.416  top5:  33.516
	
 * Best model 	66.416015625	33.515625	
=> Training epoch # 4	
 * Finished epoch # 4     top1:  62.773  top5:  27.422
	
 * Best model 	62.7734375	27.421875	
=> Training epoch # 5	
 * Finished epoch # 5     top1:  57.139  top5:  24.336
	
 * Best model 	57.138671875	24.3359375	
=> Training epoch # 6	
 * Finished epoch # 6     top1:  53.047  top5:  22.637
	
 * Best model 	53.046875	22.63671875	
=> Training epoch # 7	
 * Finished epoch # 7     top1:  52.910  top5:  21.797
	
 * Best model 	52.91015625	21.796875	
=> Training epoch # 8	
 * Finished epoch # 8     top1:  51.846  top5:  20.723
	
 * Best model 	51.845703125	20.72265625	
=> Training epoch # 9	
 * Finished epoch # 9     top1:  51.953  top5:  21.318
	
=> Training epoch # 10	
 * Finished epoch # 10     top1:  50.430  top5:  19.092
	
 * Best model 	50.4296875	19.091796875	
=> Training epoch # 11	
 * Finished epoch # 11     top1:  45.771  top5:  16.885
	
 * Best model 	45.771484375	16.884765625	
=> Training epoch # 12	
 * Finished epoch # 12     top1:  49.600  top5:  19.482
	
=> Training epoch # 13	
 * Finished epoch # 13     top1:  49.629  top5:  18.867
	
=> Training epoch # 14	
 * Finished epoch # 14     top1:  49.697  top5:  19.707
	
=> Training epoch # 15	
 * Finished epoch # 15     top1:  46.133  top5:  16.162
	
=> Training epoch # 16	
 * Finished epoch # 16     top1:  45.801  top5:  16.719
	
=> Training epoch # 17	
 * Finished epoch # 17     top1:  47.891  top5:  17.012
	
=> Training epoch # 18	
 * Finished epoch # 18     top1:  47.334  top5:  17.695
	
=> Training epoch # 19	
 * Finished epoch # 19     top1:  45.332  top5:  15.596
	
 * Best model 	45.33203125	15.595703125	
=> Training epoch # 20	
 * Finished epoch # 20     top1:  43.242  top5:  15.078
	
 * Best model 	43.2421875	15.078125	
=> Training epoch # 21	
 * Finished epoch # 21     top1:  46.201  top5:  16.914
	
=> Training epoch # 22	
 * Finished epoch # 22     top1:  45.146  top5:  16.436
	
=> Training epoch # 23	
 * Finished epoch # 23     top1:  44.600  top5:  16.152
	
=> Training epoch # 24	
 * Finished epoch # 24     top1:  45.752  top5:  15.986
	
=> Training epoch # 25	
 * Finished epoch # 25     top1:  44.834  top5:  15.498
	
=> Training epoch # 26	
 * Finished epoch # 26     top1:  44.678  top5:  15.029
	
=> Training epoch # 27	
 * Finished epoch # 27     top1:  45.371  top5:  16.016
	
=> Training epoch # 28	
 * Finished epoch # 28     top1:  46.504  top5:  16.133
	
=> Training epoch # 29	
 * Finished epoch # 29     top1:  45.146  top5:  15.811
	
=> Training epoch # 30	
 * Finished epoch # 30     top1:  43.779  top5:  15.537
	
=> Training epoch # 31	
 * Finished epoch # 31     top1:  46.699  top5:  17.676
	
=> Training epoch # 32	
 * Finished epoch # 32     top1:  44.521  top5:  15.791
	
=> Training epoch # 33	
 * Finished epoch # 33     top1:  44.883  top5:  15.469
	
=> Training epoch # 34	
 * Finished epoch # 34     top1:  43.516  top5:  15.596
	
=> Training epoch # 35	
 * Finished epoch # 35     top1:  42.305  top5:  14.492
	
 * Best model 	42.3046875	14.4921875	
=> Training epoch # 36	
 * Finished epoch # 36     top1:  55.898  top5:  26.055
	
=> Training epoch # 37	
 * Finished epoch # 37     top1:  43.535  top5:  14.404
	
=> Training epoch # 38	
 * Finished epoch # 38     top1:  42.217  top5:  14.648
	
 * Best model 	42.216796875	14.6484375	
=> Training epoch # 39	
 * Finished epoch # 39     top1:  42.471  top5:  14.541
	
=> Training epoch # 40	
 * Finished epoch # 40     top1:  43.828  top5:  15.127
	
=> Training epoch # 41	
 * Finished epoch # 41     top1:  41.895  top5:  13.994
	
 * Best model 	41.89453125	13.994140625	
=> Training epoch # 42	
 * Finished epoch # 42     top1:  41.543  top5:  13.506
	
 * Best model 	41.54296875	13.505859375	
=> Training epoch # 43	
 * Finished epoch # 43     top1:  42.402  top5:  14.609
	
=> Training epoch # 44	
 * Finished epoch # 44     top1:  44.365  top5:  14.707
	
=> Training epoch # 45	
 * Finished epoch # 45     top1:  43.682  top5:  16.006
	
=> Training epoch # 46	
 * Finished epoch # 46     top1:  44.717  top5:  15.986
	
=> Training epoch # 47	
 * Finished epoch # 47     top1:  46.602  top5:  17.812
	
=> Training epoch # 48	
 * Finished epoch # 48     top1:  45.205  top5:  15.908
	
=> Training epoch # 49	
 * Finished epoch # 49     top1:  41.650  top5:  14.072
	
=> Training epoch # 50	
 * Finished epoch # 50     top1:  46.787  top5:  18.691
	
=> Training epoch # 51	
 * Finished epoch # 51     top1:  43.477  top5:  15.498
	
=> Training epoch # 52	
 * Finished epoch # 52     top1:  41.875  top5:  13.643
	
=> Training epoch # 53	
 * Finished epoch # 53     top1:  45.430  top5:  17.100
	
=> Training epoch # 54	
 * Finished epoch # 54     top1:  43.301  top5:  14.531
	
=> Training epoch # 55	
 * Finished epoch # 55     top1:  42.559  top5:  14.785
	
=> Training epoch # 56	
 * Finished epoch # 56     top1:  43.857  top5:  15.479
	
=> Training epoch # 57	
 * Finished epoch # 57     top1:  46.582  top5:  16.914
	
=> Training epoch # 58	
 * Finished epoch # 58     top1:  40.391  top5:  14.023
	
 * Best model 	40.390625	14.0234375	
=> Training epoch # 59	
 * Finished epoch # 59     top1:  47.754  top5:  17.607
	
=> Training epoch # 60	
 * Finished epoch # 60     top1:  46.885  top5:  17.422
	
=> Training epoch # 61	
 * Finished epoch # 61     top1:  41.934  top5:  14.453
	
=> Training epoch # 62	
 * Finished epoch # 62     top1:  42.207  top5:  14.316
	
=> Training epoch # 63	
 * Finished epoch # 63     top1:  42.393  top5:  14.570
	
=> Training epoch # 64	
 * Finished epoch # 64     top1:  44.258  top5:  14.902
	
=> Training epoch # 65	
 * Finished epoch # 65     top1:  43.740  top5:  15.908
	
=> Training epoch # 66	
 * Finished epoch # 66     top1:  45.576  top5:  14.893
	
=> Training epoch # 67	
 * Finished epoch # 67     top1:  43.096  top5:  14.531
	
=> Training epoch # 68	
 * Finished epoch # 68     top1:  45.107  top5:  16.543
	
=> Training epoch # 69	
 * Finished epoch # 69     top1:  41.787  top5:  14.141
	
=> Training epoch # 70	
 * Finished epoch # 70     top1:  42.002  top5:  14.102
	
=> Training epoch # 71	
 * Finished epoch # 71     top1:  48.086  top5:  18.477
	
=> Training epoch # 72	
 * Finished epoch # 72     top1:  43.701  top5:  15.195
	
=> Training epoch # 73	
 * Finished epoch # 73     top1:  45.254  top5:  15.811
	
=> Training epoch # 74	
 * Finished epoch # 74     top1:  41.299  top5:  13.037
	
=> Training epoch # 75	
 * Finished epoch # 75     top1:  42.646  top5:  14.766
	
=> Training epoch # 76	
 * Finished epoch # 76     top1:  44.619  top5:  16.680
	
=> Training epoch # 77	
 * Finished epoch # 77     top1:  40.869  top5:  13.398
	
=> Training epoch # 78	
 * Finished epoch # 78     top1:  42.188  top5:  14.717
	
=> Training epoch # 79	
 * Finished epoch # 79     top1:  45.859  top5:  17.324
	
=> Training epoch # 80	
 * Finished epoch # 80     top1:  45.000  top5:  16.729
	
=> Training epoch # 81	
 * Finished epoch # 81     top1:  28.848  top5:   7.910
	
 * Best model 	28.84765625	7.91015625	
=> Training epoch # 82	
 * Finished epoch # 82     top1:  28.652  top5:   7.207
	
 * Best model 	28.65234375	7.20703125	
=> Training epoch # 83	
 * Finished epoch # 83     top1:  28.770  top5:   7.422
	
=> Training epoch # 84	
 * Finished epoch # 84     top1:  28.428  top5:   7.402
	
 * Best model 	28.427734375	7.40234375	
=> Training epoch # 85	
 * Finished epoch # 85     top1:  28.047  top5:   7.412
	
 * Best model 	28.046875	7.412109375	
=> Training epoch # 86	
 * Finished epoch # 86     top1:  28.506  top5:   7.588
	
=> Training epoch # 87	
 * Finished epoch # 87     top1:  29.062  top5:   7.480
	
=> Training epoch # 88	
 * Finished epoch # 88     top1:  28.838  top5:   7.500
	
=> Training epoch # 89	
 * Finished epoch # 89     top1:  28.955  top5:   7.969
	
=> Training epoch # 90	
 * Finished epoch # 90     top1:  29.082  top5:   8.115
	
=> Training epoch # 91	
 * Finished epoch # 91     top1:  29.277  top5:   8.086
	
=> Training epoch # 92	
 * Finished epoch # 92     top1:  29.033  top5:   8.047
	
=> Training epoch # 93	
 * Finished epoch # 93     top1:  29.736  top5:   7.988
	
=> Training epoch # 94	
 * Finished epoch # 94     top1:  29.795  top5:   8.643
	
=> Training epoch # 95	
 * Finished epoch # 95     top1:  29.053  top5:   7.852
	
=> Training epoch # 96	
 * Finished epoch # 96     top1:  28.984  top5:   8.066
	
=> Training epoch # 97	
 * Finished epoch # 97     top1:  29.707  top5:   8.232
	
=> Training epoch # 98	
 * Finished epoch # 98     top1:  30.283  top5:   8.281
	
=> Training epoch # 99	
 * Finished epoch # 99     top1:  29.971  top5:   8.350
	
=> Training epoch # 100	
 * Finished epoch # 100     top1:  29.941  top5:   8.232
	
=> Training epoch # 101	
 * Finished epoch # 101     top1:  30.918  top5:   8.291
	
=> Training epoch # 102	
 * Finished epoch # 102     top1:  30.557  top5:   8.330
	
=> Training epoch # 103	
 * Finished epoch # 103     top1:  29.570  top5:   8.369
	
=> Training epoch # 104	
 * Finished epoch # 104     top1:  30.332  top5:   8.896
	
=> Training epoch # 105	
 * Finished epoch # 105     top1:  29.619  top5:   8.604
	
=> Training epoch # 106	
 * Finished epoch # 106     top1:  30.430  top5:   8.594
	
=> Training epoch # 107	
 * Finished epoch # 107     top1:  30.684  top5:   8.975
	
=> Training epoch # 108	
 * Finished epoch # 108     top1:  29.893  top5:   8.594
	
=> Training epoch # 109	
 * Finished epoch # 109     top1:  30.566  top5:   8.760
	
=> Training epoch # 110	
 * Finished epoch # 110     top1:  31.064  top5:   9.033
	
=> Training epoch # 111	
 * Finished epoch # 111     top1:  30.459  top5:   8.789
	
=> Training epoch # 112	
 * Finished epoch # 112     top1:  30.986  top5:   8.984
	
=> Training epoch # 113	
 * Finished epoch # 113     top1:  30.420  top5:   8.809
	
=> Training epoch # 114	
 * Finished epoch # 114     top1:  30.400  top5:   8.574
	
=> Training epoch # 115	
 * Finished epoch # 115     top1:  31.768  top5:   9.570
	
=> Training epoch # 116	
 * Finished epoch # 116     top1:  30.869  top5:   8.799
	
=> Training epoch # 117	
 * Finished epoch # 117     top1:  30.898  top5:   8.965
	
=> Training epoch # 118	
 * Finished epoch # 118     top1:  30.957  top5:   9.463
	
=> Training epoch # 119	
 * Finished epoch # 119     top1:  30.596  top5:   8.984
	
=> Training epoch # 120	
 * Finished epoch # 120     top1:  30.645  top5:   8.994
	
=> Training epoch # 121	
 * Finished epoch # 121     top1:  30.889  top5:   8.799
	
=> Training epoch # 122	
 * Finished epoch # 122     top1:  27.910  top5:   7.607
	
 * Best model 	27.91015625	7.607421875	
=> Training epoch # 123	
 * Finished epoch # 123     top1:  27.754  top5:   7.363
	
 * Best model 	27.75390625	7.36328125	
=> Training epoch # 124	
 * Finished epoch # 124     top1:  27.910  top5:   7.480
	
=> Training epoch # 125	
 * Finished epoch # 125     top1:  27.656  top5:   7.725
	
 * Best model 	27.65625	7.724609375	
=> Training epoch # 126	
 * Finished epoch # 126     top1:  27.627  top5:   7.617
	
 * Best model 	27.626953125	7.6171875	
=> Training epoch # 127	
 * Finished epoch # 127     top1:  27.021  top5:   7.178
	
 * Best model 	27.021484375	7.177734375	
=> Training epoch # 128	
 * Finished epoch # 128     top1:  27.422  top5:   7.324
	
=> Training epoch # 129	
 * Finished epoch # 129     top1:  27.852  top5:   7.510
	
=> Training epoch # 130	
 * Finished epoch # 130     top1:  27.793  top5:   7.197
	
=> Training epoch # 131	
 * Finished epoch # 131     top1:  27.021  top5:   7.314
	
=> Training epoch # 132	
 * Finished epoch # 132     top1:  27.021  top5:   7.207
	
=> Training epoch # 133	
 * Finished epoch # 133     top1:  27.500  top5:   7.441
	
=> Training epoch # 134	
 * Finished epoch # 134     top1:  27.207  top5:   7.012
	
=> Training epoch # 135	
 * Finished epoch # 135     top1:  27.549  top5:   7.031
	
=> Training epoch # 136	
 * Finished epoch # 136     top1:  26.982  top5:   7.041
	
 * Best model 	26.982421875	7.041015625	
=> Training epoch # 137	
 * Finished epoch # 137     top1:  27.363  top5:   7.070
	
=> Training epoch # 138	
 * Finished epoch # 138     top1:  26.992  top5:   6.973
	
=> Training epoch # 139	
 * Finished epoch # 139     top1:  27.256  top5:   7.266
	
=> Training epoch # 140	
 * Finished epoch # 140     top1:  27.471  top5:   7.188
	
=> Training epoch # 141	
 * Finished epoch # 141     top1:  27.490  top5:   7.334
	
=> Training epoch # 142	
 * Finished epoch # 142     top1:  27.549  top5:   7.393
	
=> Training epoch # 143	
 * Finished epoch # 143     top1:  27.402  top5:   7.256
	
=> Training epoch # 144	
 * Finished epoch # 144     top1:  27.021  top5:   7.324
	
=> Training epoch # 145	
 * Finished epoch # 145     top1:  26.602  top5:   7.021
	
 * Best model 	26.6015625	7.021484375	
=> Training epoch # 146	
 * Finished epoch # 146     top1:  27.578  top5:   7.090
	
=> Training epoch # 147	
 * Finished epoch # 147     top1:  27.393  top5:   7.246
	
=> Training epoch # 148	
 * Finished epoch # 148     top1:  27.227  top5:   7.246
	
=> Training epoch # 149	
 * Finished epoch # 149     top1:  27.412  top5:   7.314
	
=> Training epoch # 150	
 * Finished epoch # 150     top1:  26.914  top5:   7.285
	
=> Training epoch # 151	
 * Finished epoch # 151     top1:  27.383  top5:   7.090
	
=> Training epoch # 152	
 * Finished epoch # 152     top1:  27.480  top5:   7.002
	
=> Training epoch # 153	
 * Finished epoch # 153     top1:  26.943  top5:   6.963
	
=> Training epoch # 154	
 * Finished epoch # 154     top1:  27.529  top5:   7.109
	
=> Training epoch # 155	
 * Finished epoch # 155     top1:  26.670  top5:   7.041
	
=> Training epoch # 156	
 * Finished epoch # 156     top1:  26.895  top5:   7.148
	
=> Training epoch # 157	
 * Finished epoch # 157     top1:  26.777  top5:   7.119
	
=> Training epoch # 158	
 * Finished epoch # 158     top1:  27.441  top5:   7.373
	
=> Training epoch # 159	
 * Finished epoch # 159     top1:  27.090  top5:   7.168
	
=> Training epoch # 160	
 * Finished epoch # 160     top1:  27.295  top5:   7.461
	
=> Training epoch # 161	
 * Finished epoch # 161     top1:  27.178  top5:   7.246
	
=> Training epoch # 162	
 * Finished epoch # 162     top1:  27.607  top5:   7.500
	
=> Training epoch # 163	
 * Finished epoch # 163     top1:  27.383  top5:   7.363
	
=> Training epoch # 164	
 * Finished epoch # 164     top1:  27.637  top5:   7.246
	
=> Training epoch # 165	
 * Finished epoch # 165     top1:  27.764  top5:   7.627
	
=> Training epoch # 166	
 * Finished epoch # 166     top1:  27.188  top5:   7.393
	
=> Training epoch # 167	
 * Finished epoch # 167     top1:  27.178  top5:   7.119
	
=> Training epoch # 168	
 * Finished epoch # 168     top1:  27.412  top5:   7.314
	
=> Training epoch # 169	
 * Finished epoch # 169     top1:  27.988  top5:   7.480
	
=> Training epoch # 170	
 * Finished epoch # 170     top1:  27.969  top5:   7.812
	
=> Training epoch # 171	
 * Finished epoch # 171     top1:  27.656  top5:   7.354
	
=> Training epoch # 172	
 * Finished epoch # 172     top1:  27.256  top5:   7.568
	
=> Training epoch # 173	
 * Finished epoch # 173     top1:  26.865  top5:   7.285
	
=> Training epoch # 174	
 * Finished epoch # 174     top1:  27.725  top5:   7.559
	
=> Training epoch # 175	
 * Finished epoch # 175     top1:  27.412  top5:   7.363
	
=> Training epoch # 176	
 * Finished epoch # 176     top1:  27.451  top5:   7.109
	
=> Training epoch # 177	
 * Finished epoch # 177     top1:  27.500  top5:   7.412
	
=> Training epoch # 178	
 * Finished epoch # 178     top1:  27.314  top5:   7.080
	
=> Training epoch # 179	
 * Finished epoch # 179     top1:  27.656  top5:   7.168
	
=> Training epoch # 180	
 * Finished epoch # 180     top1:  27.266  top5:   7.227
	
=> Training epoch # 181	
 * Finished epoch # 181     top1:  27.803  top5:   7.588
	
=> Training epoch # 182	
 * Finished epoch # 182     top1:  27.969  top5:   7.695
	
=> Training epoch # 183	
 * Finished epoch # 183     top1:  27.568  top5:   7.344
	
=> Training epoch # 184	
 * Finished epoch # 184     top1:  27.686  top5:   7.314
	
=> Training epoch # 185	
 * Finished epoch # 185     top1:  28.008  top5:   7.314
	
=> Training epoch # 186	
 * Finished epoch # 186     top1:  27.598  top5:   7.637
	
=> Training epoch # 187	
 * Finished epoch # 187     top1:  27.432  top5:   7.344
	
=> Training epoch # 188	
 * Finished epoch # 188     top1:  27.256  top5:   7.373
	
=> Training epoch # 189	
 * Finished epoch # 189     top1:  27.021  top5:   7.266
	
=> Training epoch # 190	
 * Finished epoch # 190     top1:  27.510  top5:   7.617
	
=> Training epoch # 191	
 * Finished epoch # 191     top1:  27.285  top5:   7.266
	
=> Training epoch # 192	
 * Finished epoch # 192     top1:  27.627  top5:   7.236
	
=> Training epoch # 193	
 * Finished epoch # 193     top1:  27.480  top5:   7.402
	
=> Training epoch # 194	
 * Finished epoch # 194     top1:  27.803  top5:   7.734
	
=> Training epoch # 195	
 * Finished epoch # 195     top1:  27.607  top5:   7.529
	
=> Training epoch # 196	
 * Finished epoch # 196     top1:  27.412  top5:   7.451
	
=> Training epoch # 197	
 * Finished epoch # 197     top1:  26.807  top5:   7.383
	
=> Training epoch # 198	
 * Finished epoch # 198     top1:  27.549  top5:   7.715
	
=> Training epoch # 199	
 * Finished epoch # 199     top1:  27.773  top5:   7.334
	
=> Training epoch # 200	
 * Finished epoch # 200     top1:  27.949  top5:   7.422
	
 * Finished top1: 26.602  top5:  7.021	
