{
  cudnn : "fastest"
  LR : 0.1
  nThreads : 2
  nClasses : 0
  batchSize : 256
  testOnly : false
  netType : "resnet"
  resetClassifier : false
  shortcutType : "A"
  gen : "gen"
  nGPU : 1
  depth : 110
  weightDecay : 0.001
  data : ""
  dataset : "cifar100"
  epochNumber : 1
  manualSeed : 2
  resume : "results/results-elu/try2/cifar100/110"
  optimState : "none"
  nEpochs : 200
  tenCrop : false
  shareGradInput : false
  backend : "cudnn"
  momentum : 0.9
  retrain : "none"
}
=> Creating model from file: models/resnet.lua	
 | ResNet-110 CIFAR-100	
nn.Sequential {
  [input -> (1) -> (2) -> (3) -> (4) -> (5) -> (6) -> (7) -> (8) -> (9) -> output]
  (1): cudnn.SpatialConvolution(3 -> 16, 3x3, 1,1, 1,1) without bias
  (2): nn.ELU (alpha:1.000000)
  (3): nn.Sequential {
    [input -> (1) -> (2) -> (3) -> (4) -> (5) -> (6) -> (7) -> (8) -> (9) -> (10) -> (11) -> (12) -> (13) -> (14) -> (15) -> (16) -> (17) -> (18) -> output]
    (1): nn.Sequential {
      [input -> (1) -> (2) -> output]
      (1): nn.ConcatTable {
        input
          |`-> (1): nn.Sequential {
          |      [input -> (1) -> (2) -> (3) -> (4) -> output]
          |      (1): cudnn.SpatialConvolution(16 -> 16, 3x3, 1,1, 1,1) without bias
          |      (2): nn.ELU (alpha:1.000000)
          |      (3): cudnn.SpatialConvolution(16 -> 16, 3x3, 1,1, 1,1) without bias
          |      (4): nn.SpatialBatchNormalization (4D) (16)
          |    }
           `-> (2): nn.Identity
           ... -> output
      }
      (2): nn.CAddTable
    }
    (2): nn.Sequential {
      [input -> (1) -> (2) -> output]
      (1): nn.ConcatTable {
        input
          |`-> (1): nn.Sequential {
          |      [input -> (1) -> (2) -> (3) -> (4) -> output]
          |      (1): cudnn.SpatialConvolution(16 -> 16, 3x3, 1,1, 1,1) without bias
          |      (2): nn.ELU (alpha:1.000000)
          |      (3): cudnn.SpatialConvolution(16 -> 16, 3x3, 1,1, 1,1) without bias
          |      (4): nn.SpatialBatchNormalization (4D) (16)
          |    }
           `-> (2): nn.Identity
           ... -> output
      }
      (2): nn.CAddTable
    }
    (3): nn.Sequential {
      [input -> (1) -> (2) -> output]
      (1): nn.ConcatTable {
        input
          |`-> (1): nn.Sequential {
          |      [input -> (1) -> (2) -> (3) -> (4) -> output]
          |      (1): cudnn.SpatialConvolution(16 -> 16, 3x3, 1,1, 1,1) without bias
          |      (2): nn.ELU (alpha:1.000000)
          |      (3): cudnn.SpatialConvolution(16 -> 16, 3x3, 1,1, 1,1) without bias
          |      (4): nn.SpatialBatchNormalization (4D) (16)
          |    }
           `-> (2): nn.Identity
           ... -> output
      }
      (2): nn.CAddTable
    }
    (4): nn.Sequential {
      [input -> (1) -> (2) -> output]
      (1): nn.ConcatTable {
        input
          |`-> (1): nn.Sequential {
          |      [input -> (1) -> (2) -> (3) -> (4) -> output]
          |      (1): cudnn.SpatialConvolution(16 -> 16, 3x3, 1,1, 1,1) without bias
          |      (2): nn.ELU (alpha:1.000000)
          |      (3): cudnn.SpatialConvolution(16 -> 16, 3x3, 1,1, 1,1) without bias
          |      (4): nn.SpatialBatchNormalization (4D) (16)
          |    }
           `-> (2): nn.Identity
           ... -> output
      }
      (2): nn.CAddTable
    }
    (5): nn.Sequential {
      [input -> (1) -> (2) -> output]
      (1): nn.ConcatTable {
        input
          |`-> (1): nn.Sequential {
          |      [input -> (1) -> (2) -> (3) -> (4) -> output]
          |      (1): cudnn.SpatialConvolution(16 -> 16, 3x3, 1,1, 1,1) without bias
          |      (2): nn.ELU (alpha:1.000000)
          |      (3): cudnn.SpatialConvolution(16 -> 16, 3x3, 1,1, 1,1) without bias
          |      (4): nn.SpatialBatchNormalization (4D) (16)
          |    }
           `-> (2): nn.Identity
           ... -> output
      }
      (2): nn.CAddTable
    }
    (6): nn.Sequential {
      [input -> (1) -> (2) -> output]
      (1): nn.ConcatTable {
        input
          |`-> (1): nn.Sequential {
          |      [input -> (1) -> (2) -> (3) -> (4) -> output]
          |      (1): cudnn.SpatialConvolution(16 -> 16, 3x3, 1,1, 1,1) without bias
          |      (2): nn.ELU (alpha:1.000000)
          |      (3): cudnn.SpatialConvolution(16 -> 16, 3x3, 1,1, 1,1) without bias
          |      (4): nn.SpatialBatchNormalization (4D) (16)
          |    }
           `-> (2): nn.Identity
           ... -> output
      }
      (2): nn.CAddTable
    }
    (7): nn.Sequential {
      [input -> (1) -> (2) -> output]
      (1): nn.ConcatTable {
        input
          |`-> (1): nn.Sequential {
          |      [input -> (1) -> (2) -> (3) -> (4) -> output]
          |      (1): cudnn.SpatialConvolution(16 -> 16, 3x3, 1,1, 1,1) without bias
          |      (2): nn.ELU (alpha:1.000000)
          |      (3): cudnn.SpatialConvolution(16 -> 16, 3x3, 1,1, 1,1) without bias
          |      (4): nn.SpatialBatchNormalization (4D) (16)
          |    }
           `-> (2): nn.Identity
           ... -> output
      }
      (2): nn.CAddTable
    }
    (8): nn.Sequential {
      [input -> (1) -> (2) -> output]
      (1): nn.ConcatTable {
        input
          |`-> (1): nn.Sequential {
          |      [input -> (1) -> (2) -> (3) -> (4) -> output]
          |      (1): cudnn.SpatialConvolution(16 -> 16, 3x3, 1,1, 1,1) without bias
          |      (2): nn.ELU (alpha:1.000000)
          |      (3): cudnn.SpatialConvolution(16 -> 16, 3x3, 1,1, 1,1) without bias
          |      (4): nn.SpatialBatchNormalization (4D) (16)
          |    }
           `-> (2): nn.Identity
           ... -> output
      }
      (2): nn.CAddTable
    }
    (9): nn.Sequential {
      [input -> (1) -> (2) -> output]
      (1): nn.ConcatTable {
        input
          |`-> (1): nn.Sequential {
          |      [input -> (1) -> (2) -> (3) -> (4) -> output]
          |      (1): cudnn.SpatialConvolution(16 -> 16, 3x3, 1,1, 1,1) without bias
          |      (2): nn.ELU (alpha:1.000000)
          |      (3): cudnn.SpatialConvolution(16 -> 16, 3x3, 1,1, 1,1) without bias
          |      (4): nn.SpatialBatchNormalization (4D) (16)
          |    }
           `-> (2): nn.Identity
           ... -> output
      }
      (2): nn.CAddTable
    }
    (10): nn.Sequential {
      [input -> (1) -> (2) -> output]
      (1): nn.ConcatTable {
        input
          |`-> (1): nn.Sequential {
          |      [input -> (1) -> (2) -> (3) -> (4) -> output]
          |      (1): cudnn.SpatialConvolution(16 -> 16, 3x3, 1,1, 1,1) without bias
          |      (2): nn.ELU (alpha:1.000000)
          |      (3): cudnn.SpatialConvolution(16 -> 16, 3x3, 1,1, 1,1) without bias
          |      (4): nn.SpatialBatchNormalization (4D) (16)
          |    }
           `-> (2): nn.Identity
           ... -> output
      }
      (2): nn.CAddTable
    }
    (11): nn.Sequential {
      [input -> (1) -> (2) -> output]
      (1): nn.ConcatTable {
        input
          |`-> (1): nn.Sequential {
          |      [input -> (1) -> (2) -> (3) -> (4) -> output]
          |      (1): cudnn.SpatialConvolution(16 -> 16, 3x3, 1,1, 1,1) without bias
          |      (2): nn.ELU (alpha:1.000000)
          |      (3): cudnn.SpatialConvolution(16 -> 16, 3x3, 1,1, 1,1) without bias
          |      (4): nn.SpatialBatchNormalization (4D) (16)
          |    }
           `-> (2): nn.Identity
           ... -> output
      }
      (2): nn.CAddTable
    }
    (12): nn.Sequential {
      [input -> (1) -> (2) -> output]
      (1): nn.ConcatTable {
        input
          |`-> (1): nn.Sequential {
          |      [input -> (1) -> (2) -> (3) -> (4) -> output]
          |      (1): cudnn.SpatialConvolution(16 -> 16, 3x3, 1,1, 1,1) without bias
          |      (2): nn.ELU (alpha:1.000000)
          |      (3): cudnn.SpatialConvolution(16 -> 16, 3x3, 1,1, 1,1) without bias
          |      (4): nn.SpatialBatchNormalization (4D) (16)
          |    }
           `-> (2): nn.Identity
           ... -> output
      }
      (2): nn.CAddTable
    }
    (13): nn.Sequential {
      [input -> (1) -> (2) -> output]
      (1): nn.ConcatTable {
        input
          |`-> (1): nn.Sequential {
          |      [input -> (1) -> (2) -> (3) -> (4) -> output]
          |      (1): cudnn.SpatialConvolution(16 -> 16, 3x3, 1,1, 1,1) without bias
          |      (2): nn.ELU (alpha:1.000000)
          |      (3): cudnn.SpatialConvolution(16 -> 16, 3x3, 1,1, 1,1) without bias
          |      (4): nn.SpatialBatchNormalization (4D) (16)
          |    }
           `-> (2): nn.Identity
           ... -> output
      }
      (2): nn.CAddTable
    }
    (14): nn.Sequential {
      [input -> (1) -> (2) -> output]
      (1): nn.ConcatTable {
        input
          |`-> (1): nn.Sequential {
          |      [input -> (1) -> (2) -> (3) -> (4) -> output]
          |      (1): cudnn.SpatialConvolution(16 -> 16, 3x3, 1,1, 1,1) without bias
          |      (2): nn.ELU (alpha:1.000000)
          |      (3): cudnn.SpatialConvolution(16 -> 16, 3x3, 1,1, 1,1) without bias
          |      (4): nn.SpatialBatchNormalization (4D) (16)
          |    }
           `-> (2): nn.Identity
           ... -> output
      }
      (2): nn.CAddTable
    }
    (15): nn.Sequential {
      [input -> (1) -> (2) -> output]
      (1): nn.ConcatTable {
        input
          |`-> (1): nn.Sequential {
          |      [input -> (1) -> (2) -> (3) -> (4) -> output]
          |      (1): cudnn.SpatialConvolution(16 -> 16, 3x3, 1,1, 1,1) without bias
          |      (2): nn.ELU (alpha:1.000000)
          |      (3): cudnn.SpatialConvolution(16 -> 16, 3x3, 1,1, 1,1) without bias
          |      (4): nn.SpatialBatchNormalization (4D) (16)
          |    }
           `-> (2): nn.Identity
           ... -> output
      }
      (2): nn.CAddTable
    }
    (16): nn.Sequential {
      [input -> (1) -> (2) -> output]
      (1): nn.ConcatTable {
        input
          |`-> (1): nn.Sequential {
          |      [input -> (1) -> (2) -> (3) -> (4) -> output]
          |      (1): cudnn.SpatialConvolution(16 -> 16, 3x3, 1,1, 1,1) without bias
          |      (2): nn.ELU (alpha:1.000000)
          |      (3): cudnn.SpatialConvolution(16 -> 16, 3x3, 1,1, 1,1) without bias
          |      (4): nn.SpatialBatchNormalization (4D) (16)
          |    }
           `-> (2): nn.Identity
           ... -> output
      }
      (2): nn.CAddTable
    }
    (17): nn.Sequential {
      [input -> (1) -> (2) -> output]
      (1): nn.ConcatTable {
        input
          |`-> (1): nn.Sequential {
          |      [input -> (1) -> (2) -> (3) -> (4) -> output]
          |      (1): cudnn.SpatialConvolution(16 -> 16, 3x3, 1,1, 1,1) without bias
          |      (2): nn.ELU (alpha:1.000000)
          |      (3): cudnn.SpatialConvolution(16 -> 16, 3x3, 1,1, 1,1) without bias
          |      (4): nn.SpatialBatchNormalization (4D) (16)
          |    }
           `-> (2): nn.Identity
           ... -> output
      }
      (2): nn.CAddTable
    }
    (18): nn.Sequential {
      [input -> (1) -> (2) -> output]
      (1): nn.ConcatTable {
        input
          |`-> (1): nn.Sequential {
          |      [input -> (1) -> (2) -> (3) -> (4) -> output]
          |      (1): cudnn.SpatialConvolution(16 -> 16, 3x3, 1,1, 1,1) without bias
          |      (2): nn.ELU (alpha:1.000000)
          |      (3): cudnn.SpatialConvolution(16 -> 16, 3x3, 1,1, 1,1) without bias
          |      (4): nn.SpatialBatchNormalization (4D) (16)
          |    }
           `-> (2): nn.Identity
           ... -> output
      }
      (2): nn.CAddTable
    }
  }
  (4): nn.Sequential {
    [input -> (1) -> (2) -> (3) -> (4) -> (5) -> (6) -> (7) -> (8) -> (9) -> (10) -> (11) -> (12) -> (13) -> (14) -> (15) -> (16) -> (17) -> (18) -> output]
    (1): nn.Sequential {
      [input -> (1) -> (2) -> output]
      (1): nn.ConcatTable {
        input
          |`-> (1): nn.Sequential {
          |      [input -> (1) -> (2) -> (3) -> (4) -> output]
          |      (1): cudnn.SpatialConvolution(16 -> 32, 3x3, 2,2, 1,1) without bias
          |      (2): nn.ELU (alpha:1.000000)
          |      (3): cudnn.SpatialConvolution(32 -> 32, 3x3, 1,1, 1,1) without bias
          |      (4): nn.SpatialBatchNormalization (4D) (32)
          |    }
           `-> (2): nn.Sequential {
                 [input -> (1) -> (2) -> output]
                 (1): nn.SpatialAveragePooling(1x1, 2,2)
                 (2): nn.Concat {
                   input
                     |`-> (1): nn.Identity
                      `-> (2): nn.MulConstant
                      ... -> output
                 }
               }
           ... -> output
      }
      (2): nn.CAddTable
    }
    (2): nn.Sequential {
      [input -> (1) -> (2) -> output]
      (1): nn.ConcatTable {
        input
          |`-> (1): nn.Sequential {
          |      [input -> (1) -> (2) -> (3) -> (4) -> output]
          |      (1): cudnn.SpatialConvolution(32 -> 32, 3x3, 1,1, 1,1) without bias
          |      (2): nn.ELU (alpha:1.000000)
          |      (3): cudnn.SpatialConvolution(32 -> 32, 3x3, 1,1, 1,1) without bias
          |      (4): nn.SpatialBatchNormalization (4D) (32)
          |    }
           `-> (2): nn.Identity
           ... -> output
      }
      (2): nn.CAddTable
    }
    (3): nn.Sequential {
      [input -> (1) -> (2) -> output]
      (1): nn.ConcatTable {
        input
          |`-> (1): nn.Sequential {
          |      [input -> (1) -> (2) -> (3) -> (4) -> output]
          |      (1): cudnn.SpatialConvolution(32 -> 32, 3x3, 1,1, 1,1) without bias
          |      (2): nn.ELU (alpha:1.000000)
          |      (3): cudnn.SpatialConvolution(32 -> 32, 3x3, 1,1, 1,1) without bias
          |      (4): nn.SpatialBatchNormalization (4D) (32)
          |    }
           `-> (2): nn.Identity
           ... -> output
      }
      (2): nn.CAddTable
    }
    (4): nn.Sequential {
      [input -> (1) -> (2) -> output]
      (1): nn.ConcatTable {
        input
          |`-> (1): nn.Sequential {
          |      [input -> (1) -> (2) -> (3) -> (4) -> output]
          |      (1): cudnn.SpatialConvolution(32 -> 32, 3x3, 1,1, 1,1) without bias
          |      (2): nn.ELU (alpha:1.000000)
          |      (3): cudnn.SpatialConvolution(32 -> 32, 3x3, 1,1, 1,1) without bias
          |      (4): nn.SpatialBatchNormalization (4D) (32)
          |    }
           `-> (2): nn.Identity
           ... -> output
      }
      (2): nn.CAddTable
    }
    (5): nn.Sequential {
      [input -> (1) -> (2) -> output]
      (1): nn.ConcatTable {
        input
          |`-> (1): nn.Sequential {
          |      [input -> (1) -> (2) -> (3) -> (4) -> output]
          |      (1): cudnn.SpatialConvolution(32 -> 32, 3x3, 1,1, 1,1) without bias
          |      (2): nn.ELU (alpha:1.000000)
          |      (3): cudnn.SpatialConvolution(32 -> 32, 3x3, 1,1, 1,1) without bias
          |      (4): nn.SpatialBatchNormalization (4D) (32)
          |    }
           `-> (2): nn.Identity
           ... -> output
      }
      (2): nn.CAddTable
    }
    (6): nn.Sequential {
      [input -> (1) -> (2) -> output]
      (1): nn.ConcatTable {
        input
          |`-> (1): nn.Sequential {
          |      [input -> (1) -> (2) -> (3) -> (4) -> output]
          |      (1): cudnn.SpatialConvolution(32 -> 32, 3x3, 1,1, 1,1) without bias
          |      (2): nn.ELU (alpha:1.000000)
          |      (3): cudnn.SpatialConvolution(32 -> 32, 3x3, 1,1, 1,1) without bias
          |      (4): nn.SpatialBatchNormalization (4D) (32)
          |    }
           `-> (2): nn.Identity
           ... -> output
      }
      (2): nn.CAddTable
    }
    (7): nn.Sequential {
      [input -> (1) -> (2) -> output]
      (1): nn.ConcatTable {
        input
          |`-> (1): nn.Sequential {
          |      [input -> (1) -> (2) -> (3) -> (4) -> output]
          |      (1): cudnn.SpatialConvolution(32 -> 32, 3x3, 1,1, 1,1) without bias
          |      (2): nn.ELU (alpha:1.000000)
          |      (3): cudnn.SpatialConvolution(32 -> 32, 3x3, 1,1, 1,1) without bias
          |      (4): nn.SpatialBatchNormalization (4D) (32)
          |    }
           `-> (2): nn.Identity
           ... -> output
      }
      (2): nn.CAddTable
    }
    (8): nn.Sequential {
      [input -> (1) -> (2) -> output]
      (1): nn.ConcatTable {
        input
          |`-> (1): nn.Sequential {
          |      [input -> (1) -> (2) -> (3) -> (4) -> output]
          |      (1): cudnn.SpatialConvolution(32 -> 32, 3x3, 1,1, 1,1) without bias
          |      (2): nn.ELU (alpha:1.000000)
          |      (3): cudnn.SpatialConvolution(32 -> 32, 3x3, 1,1, 1,1) without bias
          |      (4): nn.SpatialBatchNormalization (4D) (32)
          |    }
           `-> (2): nn.Identity
           ... -> output
      }
      (2): nn.CAddTable
    }
    (9): nn.Sequential {
      [input -> (1) -> (2) -> output]
      (1): nn.ConcatTable {
        input
          |`-> (1): nn.Sequential {
          |      [input -> (1) -> (2) -> (3) -> (4) -> output]
          |      (1): cudnn.SpatialConvolution(32 -> 32, 3x3, 1,1, 1,1) without bias
          |      (2): nn.ELU (alpha:1.000000)
          |      (3): cudnn.SpatialConvolution(32 -> 32, 3x3, 1,1, 1,1) without bias
          |      (4): nn.SpatialBatchNormalization (4D) (32)
          |    }
           `-> (2): nn.Identity
           ... -> output
      }
      (2): nn.CAddTable
    }
    (10): nn.Sequential {
      [input -> (1) -> (2) -> output]
      (1): nn.ConcatTable {
        input
          |`-> (1): nn.Sequential {
          |      [input -> (1) -> (2) -> (3) -> (4) -> output]
          |      (1): cudnn.SpatialConvolution(32 -> 32, 3x3, 1,1, 1,1) without bias
          |      (2): nn.ELU (alpha:1.000000)
          |      (3): cudnn.SpatialConvolution(32 -> 32, 3x3, 1,1, 1,1) without bias
          |      (4): nn.SpatialBatchNormalization (4D) (32)
          |    }
           `-> (2): nn.Identity
           ... -> output
      }
      (2): nn.CAddTable
    }
    (11): nn.Sequential {
      [input -> (1) -> (2) -> output]
      (1): nn.ConcatTable {
        input
          |`-> (1): nn.Sequential {
          |      [input -> (1) -> (2) -> (3) -> (4) -> output]
          |      (1): cudnn.SpatialConvolution(32 -> 32, 3x3, 1,1, 1,1) without bias
          |      (2): nn.ELU (alpha:1.000000)
          |      (3): cudnn.SpatialConvolution(32 -> 32, 3x3, 1,1, 1,1) without bias
          |      (4): nn.SpatialBatchNormalization (4D) (32)
          |    }
           `-> (2): nn.Identity
           ... -> output
      }
      (2): nn.CAddTable
    }
    (12): nn.Sequential {
      [input -> (1) -> (2) -> output]
      (1): nn.ConcatTable {
        input
          |`-> (1): nn.Sequential {
          |      [input -> (1) -> (2) -> (3) -> (4) -> output]
          |      (1): cudnn.SpatialConvolution(32 -> 32, 3x3, 1,1, 1,1) without bias
          |      (2): nn.ELU (alpha:1.000000)
          |      (3): cudnn.SpatialConvolution(32 -> 32, 3x3, 1,1, 1,1) without bias
          |      (4): nn.SpatialBatchNormalization (4D) (32)
          |    }
           `-> (2): nn.Identity
           ... -> output
      }
      (2): nn.CAddTable
    }
    (13): nn.Sequential {
      [input -> (1) -> (2) -> output]
      (1): nn.ConcatTable {
        input
          |`-> (1): nn.Sequential {
          |      [input -> (1) -> (2) -> (3) -> (4) -> output]
          |      (1): cudnn.SpatialConvolution(32 -> 32, 3x3, 1,1, 1,1) without bias
          |      (2): nn.ELU (alpha:1.000000)
          |      (3): cudnn.SpatialConvolution(32 -> 32, 3x3, 1,1, 1,1) without bias
          |      (4): nn.SpatialBatchNormalization (4D) (32)
          |    }
           `-> (2): nn.Identity
           ... -> output
      }
      (2): nn.CAddTable
    }
    (14): nn.Sequential {
      [input -> (1) -> (2) -> output]
      (1): nn.ConcatTable {
        input
          |`-> (1): nn.Sequential {
          |      [input -> (1) -> (2) -> (3) -> (4) -> output]
          |      (1): cudnn.SpatialConvolution(32 -> 32, 3x3, 1,1, 1,1) without bias
          |      (2): nn.ELU (alpha:1.000000)
          |      (3): cudnn.SpatialConvolution(32 -> 32, 3x3, 1,1, 1,1) without bias
          |      (4): nn.SpatialBatchNormalization (4D) (32)
          |    }
           `-> (2): nn.Identity
           ... -> output
      }
      (2): nn.CAddTable
    }
    (15): nn.Sequential {
      [input -> (1) -> (2) -> output]
      (1): nn.ConcatTable {
        input
          |`-> (1): nn.Sequential {
          |      [input -> (1) -> (2) -> (3) -> (4) -> output]
          |      (1): cudnn.SpatialConvolution(32 -> 32, 3x3, 1,1, 1,1) without bias
          |      (2): nn.ELU (alpha:1.000000)
          |      (3): cudnn.SpatialConvolution(32 -> 32, 3x3, 1,1, 1,1) without bias
          |      (4): nn.SpatialBatchNormalization (4D) (32)
          |    }
           `-> (2): nn.Identity
           ... -> output
      }
      (2): nn.CAddTable
    }
    (16): nn.Sequential {
      [input -> (1) -> (2) -> output]
      (1): nn.ConcatTable {
        input
          |`-> (1): nn.Sequential {
          |      [input -> (1) -> (2) -> (3) -> (4) -> output]
          |      (1): cudnn.SpatialConvolution(32 -> 32, 3x3, 1,1, 1,1) without bias
          |      (2): nn.ELU (alpha:1.000000)
          |      (3): cudnn.SpatialConvolution(32 -> 32, 3x3, 1,1, 1,1) without bias
          |      (4): nn.SpatialBatchNormalization (4D) (32)
          |    }
           `-> (2): nn.Identity
           ... -> output
      }
      (2): nn.CAddTable
    }
    (17): nn.Sequential {
      [input -> (1) -> (2) -> output]
      (1): nn.ConcatTable {
        input
          |`-> (1): nn.Sequential {
          |      [input -> (1) -> (2) -> (3) -> (4) -> output]
          |      (1): cudnn.SpatialConvolution(32 -> 32, 3x3, 1,1, 1,1) without bias
          |      (2): nn.ELU (alpha:1.000000)
          |      (3): cudnn.SpatialConvolution(32 -> 32, 3x3, 1,1, 1,1) without bias
          |      (4): nn.SpatialBatchNormalization (4D) (32)
          |    }
           `-> (2): nn.Identity
           ... -> output
      }
      (2): nn.CAddTable
    }
    (18): nn.Sequential {
      [input -> (1) -> (2) -> output]
      (1): nn.ConcatTable {
        input
          |`-> (1): nn.Sequential {
          |      [input -> (1) -> (2) -> (3) -> (4) -> output]
          |      (1): cudnn.SpatialConvolution(32 -> 32, 3x3, 1,1, 1,1) without bias
          |      (2): nn.ELU (alpha:1.000000)
          |      (3): cudnn.SpatialConvolution(32 -> 32, 3x3, 1,1, 1,1) without bias
          |      (4): nn.SpatialBatchNormalization (4D) (32)
          |    }
           `-> (2): nn.Identity
           ... -> output
      }
      (2): nn.CAddTable
    }
  }
  (5): nn.Sequential {
    [input -> (1) -> (2) -> (3) -> (4) -> (5) -> (6) -> (7) -> (8) -> (9) -> (10) -> (11) -> (12) -> (13) -> (14) -> (15) -> (16) -> (17) -> (18) -> output]
    (1): nn.Sequential {
      [input -> (1) -> (2) -> output]
      (1): nn.ConcatTable {
        input
          |`-> (1): nn.Sequential {
          |      [input -> (1) -> (2) -> (3) -> (4) -> output]
          |      (1): cudnn.SpatialConvolution(32 -> 64, 3x3, 2,2, 1,1) without bias
          |      (2): nn.ELU (alpha:1.000000)
          |      (3): cudnn.SpatialConvolution(64 -> 64, 3x3, 1,1, 1,1) without bias
          |      (4): nn.SpatialBatchNormalization (4D) (64)
          |    }
           `-> (2): nn.Sequential {
                 [input -> (1) -> (2) -> output]
                 (1): nn.SpatialAveragePooling(1x1, 2,2)
                 (2): nn.Concat {
                   input
                     |`-> (1): nn.Identity
                      `-> (2): nn.MulConstant
                      ... -> output
                 }
               }
           ... -> output
      }
      (2): nn.CAddTable
    }
    (2): nn.Sequential {
      [input -> (1) -> (2) -> output]
      (1): nn.ConcatTable {
        input
          |`-> (1): nn.Sequential {
          |      [input -> (1) -> (2) -> (3) -> (4) -> output]
          |      (1): cudnn.SpatialConvolution(64 -> 64, 3x3, 1,1, 1,1) without bias
          |      (2): nn.ELU (alpha:1.000000)
          |      (3): cudnn.SpatialConvolution(64 -> 64, 3x3, 1,1, 1,1) without bias
          |      (4): nn.SpatialBatchNormalization (4D) (64)
          |    }
           `-> (2): nn.Identity
           ... -> output
      }
      (2): nn.CAddTable
    }
    (3): nn.Sequential {
      [input -> (1) -> (2) -> output]
      (1): nn.ConcatTable {
        input
          |`-> (1): nn.Sequential {
          |      [input -> (1) -> (2) -> (3) -> (4) -> output]
          |      (1): cudnn.SpatialConvolution(64 -> 64, 3x3, 1,1, 1,1) without bias
          |      (2): nn.ELU (alpha:1.000000)
          |      (3): cudnn.SpatialConvolution(64 -> 64, 3x3, 1,1, 1,1) without bias
          |      (4): nn.SpatialBatchNormalization (4D) (64)
          |    }
           `-> (2): nn.Identity
           ... -> output
      }
      (2): nn.CAddTable
    }
    (4): nn.Sequential {
      [input -> (1) -> (2) -> output]
      (1): nn.ConcatTable {
        input
          |`-> (1): nn.Sequential {
          |      [input -> (1) -> (2) -> (3) -> (4) -> output]
          |      (1): cudnn.SpatialConvolution(64 -> 64, 3x3, 1,1, 1,1) without bias
          |      (2): nn.ELU (alpha:1.000000)
          |      (3): cudnn.SpatialConvolution(64 -> 64, 3x3, 1,1, 1,1) without bias
          |      (4): nn.SpatialBatchNormalization (4D) (64)
          |    }
           `-> (2): nn.Identity
           ... -> output
      }
      (2): nn.CAddTable
    }
    (5): nn.Sequential {
      [input -> (1) -> (2) -> output]
      (1): nn.ConcatTable {
        input
          |`-> (1): nn.Sequential {
          |      [input -> (1) -> (2) -> (3) -> (4) -> output]
          |      (1): cudnn.SpatialConvolution(64 -> 64, 3x3, 1,1, 1,1) without bias
          |      (2): nn.ELU (alpha:1.000000)
          |      (3): cudnn.SpatialConvolution(64 -> 64, 3x3, 1,1, 1,1) without bias
          |      (4): nn.SpatialBatchNormalization (4D) (64)
          |    }
           `-> (2): nn.Identity
           ... -> output
      }
      (2): nn.CAddTable
    }
    (6): nn.Sequential {
      [input -> (1) -> (2) -> output]
      (1): nn.ConcatTable {
        input
          |`-> (1): nn.Sequential {
          |      [input -> (1) -> (2) -> (3) -> (4) -> output]
          |      (1): cudnn.SpatialConvolution(64 -> 64, 3x3, 1,1, 1,1) without bias
          |      (2): nn.ELU (alpha:1.000000)
          |      (3): cudnn.SpatialConvolution(64 -> 64, 3x3, 1,1, 1,1) without bias
          |      (4): nn.SpatialBatchNormalization (4D) (64)
          |    }
           `-> (2): nn.Identity
           ... -> output
      }
      (2): nn.CAddTable
    }
    (7): nn.Sequential {
      [input -> (1) -> (2) -> output]
      (1): nn.ConcatTable {
        input
          |`-> (1): nn.Sequential {
          |      [input -> (1) -> (2) -> (3) -> (4) -> output]
          |      (1): cudnn.SpatialConvolution(64 -> 64, 3x3, 1,1, 1,1) without bias
          |      (2): nn.ELU (alpha:1.000000)
          |      (3): cudnn.SpatialConvolution(64 -> 64, 3x3, 1,1, 1,1) without bias
          |      (4): nn.SpatialBatchNormalization (4D) (64)
          |    }
           `-> (2): nn.Identity
           ... -> output
      }
      (2): nn.CAddTable
    }
    (8): nn.Sequential {
      [input -> (1) -> (2) -> output]
      (1): nn.ConcatTable {
        input
          |`-> (1): nn.Sequential {
          |      [input -> (1) -> (2) -> (3) -> (4) -> output]
          |      (1): cudnn.SpatialConvolution(64 -> 64, 3x3, 1,1, 1,1) without bias
          |      (2): nn.ELU (alpha:1.000000)
          |      (3): cudnn.SpatialConvolution(64 -> 64, 3x3, 1,1, 1,1) without bias
          |      (4): nn.SpatialBatchNormalization (4D) (64)
          |    }
           `-> (2): nn.Identity
           ... -> output
      }
      (2): nn.CAddTable
    }
    (9): nn.Sequential {
      [input -> (1) -> (2) -> output]
      (1): nn.ConcatTable {
        input
          |`-> (1): nn.Sequential {
          |      [input -> (1) -> (2) -> (3) -> (4) -> output]
          |      (1): cudnn.SpatialConvolution(64 -> 64, 3x3, 1,1, 1,1) without bias
          |      (2): nn.ELU (alpha:1.000000)
          |      (3): cudnn.SpatialConvolution(64 -> 64, 3x3, 1,1, 1,1) without bias
          |      (4): nn.SpatialBatchNormalization (4D) (64)
          |    }
           `-> (2): nn.Identity
           ... -> output
      }
      (2): nn.CAddTable
    }
    (10): nn.Sequential {
      [input -> (1) -> (2) -> output]
      (1): nn.ConcatTable {
        input
          |`-> (1): nn.Sequential {
          |      [input -> (1) -> (2) -> (3) -> (4) -> output]
          |      (1): cudnn.SpatialConvolution(64 -> 64, 3x3, 1,1, 1,1) without bias
          |      (2): nn.ELU (alpha:1.000000)
          |      (3): cudnn.SpatialConvolution(64 -> 64, 3x3, 1,1, 1,1) without bias
          |      (4): nn.SpatialBatchNormalization (4D) (64)
          |    }
           `-> (2): nn.Identity
           ... -> output
      }
      (2): nn.CAddTable
    }
    (11): nn.Sequential {
      [input -> (1) -> (2) -> output]
      (1): nn.ConcatTable {
        input
          |`-> (1): nn.Sequential {
          |      [input -> (1) -> (2) -> (3) -> (4) -> output]
          |      (1): cudnn.SpatialConvolution(64 -> 64, 3x3, 1,1, 1,1) without bias
          |      (2): nn.ELU (alpha:1.000000)
          |      (3): cudnn.SpatialConvolution(64 -> 64, 3x3, 1,1, 1,1) without bias
          |      (4): nn.SpatialBatchNormalization (4D) (64)
          |    }
           `-> (2): nn.Identity
           ... -> output
      }
      (2): nn.CAddTable
    }
    (12): nn.Sequential {
      [input -> (1) -> (2) -> output]
      (1): nn.ConcatTable {
        input
          |`-> (1): nn.Sequential {
          |      [input -> (1) -> (2) -> (3) -> (4) -> output]
          |      (1): cudnn.SpatialConvolution(64 -> 64, 3x3, 1,1, 1,1) without bias
          |      (2): nn.ELU (alpha:1.000000)
          |      (3): cudnn.SpatialConvolution(64 -> 64, 3x3, 1,1, 1,1) without bias
          |      (4): nn.SpatialBatchNormalization (4D) (64)
          |    }
           `-> (2): nn.Identity
           ... -> output
      }
      (2): nn.CAddTable
    }
    (13): nn.Sequential {
      [input -> (1) -> (2) -> output]
      (1): nn.ConcatTable {
        input
          |`-> (1): nn.Sequential {
          |      [input -> (1) -> (2) -> (3) -> (4) -> output]
          |      (1): cudnn.SpatialConvolution(64 -> 64, 3x3, 1,1, 1,1) without bias
          |      (2): nn.ELU (alpha:1.000000)
          |      (3): cudnn.SpatialConvolution(64 -> 64, 3x3, 1,1, 1,1) without bias
          |      (4): nn.SpatialBatchNormalization (4D) (64)
          |    }
           `-> (2): nn.Identity
           ... -> output
      }
      (2): nn.CAddTable
    }
    (14): nn.Sequential {
      [input -> (1) -> (2) -> output]
      (1): nn.ConcatTable {
        input
          |`-> (1): nn.Sequential {
          |      [input -> (1) -> (2) -> (3) -> (4) -> output]
          |      (1): cudnn.SpatialConvolution(64 -> 64, 3x3, 1,1, 1,1) without bias
          |      (2): nn.ELU (alpha:1.000000)
          |      (3): cudnn.SpatialConvolution(64 -> 64, 3x3, 1,1, 1,1) without bias
          |      (4): nn.SpatialBatchNormalization (4D) (64)
          |    }
           `-> (2): nn.Identity
           ... -> output
      }
      (2): nn.CAddTable
    }
    (15): nn.Sequential {
      [input -> (1) -> (2) -> output]
      (1): nn.ConcatTable {
        input
          |`-> (1): nn.Sequential {
          |      [input -> (1) -> (2) -> (3) -> (4) -> output]
          |      (1): cudnn.SpatialConvolution(64 -> 64, 3x3, 1,1, 1,1) without bias
          |      (2): nn.ELU (alpha:1.000000)
          |      (3): cudnn.SpatialConvolution(64 -> 64, 3x3, 1,1, 1,1) without bias
          |      (4): nn.SpatialBatchNormalization (4D) (64)
          |    }
           `-> (2): nn.Identity
           ... -> output
      }
      (2): nn.CAddTable
    }
    (16): nn.Sequential {
      [input -> (1) -> (2) -> output]
      (1): nn.ConcatTable {
        input
          |`-> (1): nn.Sequential {
          |      [input -> (1) -> (2) -> (3) -> (4) -> output]
          |      (1): cudnn.SpatialConvolution(64 -> 64, 3x3, 1,1, 1,1) without bias
          |      (2): nn.ELU (alpha:1.000000)
          |      (3): cudnn.SpatialConvolution(64 -> 64, 3x3, 1,1, 1,1) without bias
          |      (4): nn.SpatialBatchNormalization (4D) (64)
          |    }
           `-> (2): nn.Identity
           ... -> output
      }
      (2): nn.CAddTable
    }
    (17): nn.Sequential {
      [input -> (1) -> (2) -> output]
      (1): nn.ConcatTable {
        input
          |`-> (1): nn.Sequential {
          |      [input -> (1) -> (2) -> (3) -> (4) -> output]
          |      (1): cudnn.SpatialConvolution(64 -> 64, 3x3, 1,1, 1,1) without bias
          |      (2): nn.ELU (alpha:1.000000)
          |      (3): cudnn.SpatialConvolution(64 -> 64, 3x3, 1,1, 1,1) without bias
          |      (4): nn.SpatialBatchNormalization (4D) (64)
          |    }
           `-> (2): nn.Identity
           ... -> output
      }
      (2): nn.CAddTable
    }
    (18): nn.Sequential {
      [input -> (1) -> (2) -> output]
      (1): nn.ConcatTable {
        input
          |`-> (1): nn.Sequential {
          |      [input -> (1) -> (2) -> (3) -> (4) -> output]
          |      (1): cudnn.SpatialConvolution(64 -> 64, 3x3, 1,1, 1,1) without bias
          |      (2): nn.ELU (alpha:1.000000)
          |      (3): cudnn.SpatialConvolution(64 -> 64, 3x3, 1,1, 1,1) without bias
          |      (4): nn.SpatialBatchNormalization (4D) (64)
          |    }
           `-> (2): nn.Identity
           ... -> output
      }
      (2): nn.CAddTable
    }
  }
  (6): nn.ELU (alpha:1.000000)
  (7): cudnn.SpatialAveragePooling(8x8, 1,1)
  (8): nn.View(64)
  (9): nn.Linear(64 -> 100)
}
=> Training epoch # 1	
 * Finished epoch # 1     top1:  81.074  top5:  52.910
	
 * Best model 	81.07421875	52.91015625	
=> Training epoch # 2	
 * Finished epoch # 2     top1:  71.982  top5:  41.270
	
 * Best model 	71.982421875	41.26953125	
=> Training epoch # 3	
 * Finished epoch # 3     top1:  61.289  top5:  28.877
	
 * Best model 	61.2890625	28.876953125	
=> Training epoch # 4	
 * Finished epoch # 4     top1:  60.635  top5:  27.197
	
 * Best model 	60.634765625	27.197265625	
=> Training epoch # 5	
 * Finished epoch # 5     top1:  58.906  top5:  25.518
	
 * Best model 	58.90625	25.517578125	
=> Training epoch # 6	
 * Finished epoch # 6     top1:  52.236  top5:  19.766
	
 * Best model 	52.236328125	19.765625	
=> Training epoch # 7	
 * Finished epoch # 7     top1:  52.178  top5:  20.762
	
 * Best model 	52.177734375	20.76171875	
=> Training epoch # 8	
 * Finished epoch # 8     top1:  54.717  top5:  23.887
	
=> Training epoch # 9	
 * Finished epoch # 9     top1:  50.947  top5:  18.486
	
 * Best model 	50.947265625	18.486328125	
=> Training epoch # 10	
 * Finished epoch # 10     top1:  49.453  top5:  19.678
	
 * Best model 	49.453125	19.677734375	
=> Training epoch # 11	
 * Finished epoch # 11     top1:  46.768  top5:  16.553
	
 * Best model 	46.767578125	16.552734375	
=> Training epoch # 12	
 * Finished epoch # 12     top1:  48.311  top5:  19.014
	
=> Training epoch # 13	
 * Finished epoch # 13     top1:  45.303  top5:  16.279
	
 * Best model 	45.302734375	16.279296875	
=> Training epoch # 14	
 * Finished epoch # 14     top1:  45.703  top5:  16.084
	
=> Training epoch # 15	
 * Finished epoch # 15     top1:  47.256  top5:  18.008
	
=> Training epoch # 16	
 * Finished epoch # 16     top1:  47.266  top5:  16.934
	
=> Training epoch # 17	
 * Finished epoch # 17     top1:  49.385  top5:  19.941
	
=> Training epoch # 18	
 * Finished epoch # 18     top1:  47.949  top5:  17.432
	
=> Training epoch # 19	
 * Finished epoch # 19     top1:  46.592  top5:  16.914
	
=> Training epoch # 20	
 * Finished epoch # 20     top1:  44.863  top5:  15.928
	
 * Best model 	44.86328125	15.927734375	
=> Training epoch # 21	
 * Finished epoch # 21     top1:  47.822  top5:  19.229
	
=> Training epoch # 22	
 * Finished epoch # 22     top1:  47.314  top5:  17.275
	
=> Training epoch # 23	
 * Finished epoch # 23     top1:  49.561  top5:  19.990
	
=> Training epoch # 24	
 * Finished epoch # 24     top1:  48.311  top5:  18.154
	
=> Training epoch # 25	
 * Finished epoch # 25     top1:  47.793  top5:  18.887
	
=> Training epoch # 26	
 * Finished epoch # 26     top1:  46.279  top5:  17.412
	
=> Training epoch # 27	
 * Finished epoch # 27     top1:  45.273  top5:  16.475
	
=> Training epoch # 28	
 * Finished epoch # 28     top1:  48.262  top5:  18.516
	
=> Training epoch # 29	
 * Finished epoch # 29     top1:  46.689  top5:  17.529
	
=> Training epoch # 30	
 * Finished epoch # 30     top1:  48.184  top5:  18.359
	
=> Training epoch # 31	
 * Finished epoch # 31     top1:  57.725  top5:  27.539
	
=> Training epoch # 32	
 * Finished epoch # 32     top1:  40.039  top5:  13.760
	
 * Best model 	40.0390625	13.759765625	
=> Training epoch # 33	
 * Finished epoch # 33     top1:  46.348  top5:  17.061
	
=> Training epoch # 34	
 * Finished epoch # 34     top1:  50.518  top5:  19.570
	
=> Training epoch # 35	
 * Finished epoch # 35     top1:  49.756  top5:  20.908
	
=> Training epoch # 36	
 * Finished epoch # 36     top1:  46.680  top5:  16.875
	
=> Training epoch # 37	
 * Finished epoch # 37     top1:  44.141  top5:  16.709
	
=> Training epoch # 38	
 * Finished epoch # 38     top1:  45.264  top5:  16.777
	
=> Training epoch # 39	
 * Finished epoch # 39     top1:  45.449  top5:  16.094
	
=> Training epoch # 40	
 * Finished epoch # 40     top1:  45.264  top5:  16.826
	
=> Training epoch # 41	
 * Finished epoch # 41     top1:  47.041  top5:  16.670
	
=> Training epoch # 42	
 * Finished epoch # 42     top1:  51.426  top5:  22.129
	
=> Training epoch # 43	
 * Finished epoch # 43     top1:  46.602  top5:  17.041
	
=> Training epoch # 44	
 * Finished epoch # 44     top1:  47.969  top5:  18.203
	
=> Training epoch # 45	
 * Finished epoch # 45     top1:  43.184  top5:  15.889
	
=> Training epoch # 46	
 * Finished epoch # 46     top1:  45.986  top5:  18.252
	
=> Training epoch # 47	
 * Finished epoch # 47     top1:  47.188  top5:  18.203
	
=> Training epoch # 48	
 * Finished epoch # 48     top1:  42.822  top5:  15.869
	
=> Training epoch # 49	
 * Finished epoch # 49     top1:  47.217  top5:  17.812
	
=> Training epoch # 50	
 * Finished epoch # 50     top1:  46.885  top5:  16.865
	
=> Training epoch # 51	
 * Finished epoch # 51     top1:  47.695  top5:  18.672
	
=> Training epoch # 52	
 * Finished epoch # 52     top1:  45.752  top5:  15.898
	
=> Training epoch # 53	
 * Finished epoch # 53     top1:  46.211  top5:  17.314
	
=> Training epoch # 54	
 * Finished epoch # 54     top1:  46.543  top5:  17.939
	
=> Training epoch # 55	
 * Finished epoch # 55     top1:  48.633  top5:  18.945
	
=> Training epoch # 56	
 * Finished epoch # 56     top1:  44.727  top5:  16.240
	
=> Training epoch # 57	
 * Finished epoch # 57     top1:  43.115  top5:  15.918
	
=> Training epoch # 58	
 * Finished epoch # 58     top1:  46.621  top5:  18.320
	
=> Training epoch # 59	
 * Finished epoch # 59     top1:  54.307  top5:  23.926
	
=> Training epoch # 60	
 * Finished epoch # 60     top1:  46.025  top5:  16.885
	
=> Training epoch # 61	
 * Finished epoch # 61     top1:  45.537  top5:  16.602
	
=> Training epoch # 62	
 * Finished epoch # 62     top1:  43.516  top5:  15.332
	
=> Training epoch # 63	
 * Finished epoch # 63     top1:  45.361  top5:  16.807
	
=> Training epoch # 64	
 * Finished epoch # 64     top1:  47.188  top5:  18.320
	
=> Training epoch # 65	
 * Finished epoch # 65     top1:  47.773  top5:  17.812
	
=> Training epoch # 66	
 * Finished epoch # 66     top1:  49.414  top5:  19.346
	
=> Training epoch # 67	
 * Finished epoch # 67     top1:  46.572  top5:  18.174
	
=> Training epoch # 68	
 * Finished epoch # 68     top1:  47.930  top5:  18.691
	
=> Training epoch # 69	
 * Finished epoch # 69     top1:  45.869  top5:  16.279
	
=> Training epoch # 70	
 * Finished epoch # 70     top1:  50.439  top5:  21.201
	
=> Training epoch # 71	
 * Finished epoch # 71     top1:  47.236  top5:  18.506
	
=> Training epoch # 72	
 * Finished epoch # 72     top1:  47.695  top5:  18.975
	
=> Training epoch # 73	
 * Finished epoch # 73     top1:  46.953  top5:  16.543
	
=> Training epoch # 74	
 * Finished epoch # 74     top1:  47.744  top5:  19.072
	
=> Training epoch # 75	
 * Finished epoch # 75     top1:  48.467  top5:  19.238
	
=> Training epoch # 76	
 * Finished epoch # 76     top1:  43.574  top5:  15.830
	
=> Training epoch # 77	
 * Finished epoch # 77     top1:  45.859  top5:  16.816
	
=> Training epoch # 78	
 * Finished epoch # 78     top1:  46.846  top5:  16.543
	
=> Training epoch # 79	
 * Finished epoch # 79     top1:  62.256  top5:  29.648
	
=> Training epoch # 80	
 * Finished epoch # 80     top1:  42.949  top5:  15.186
	
=> Training epoch # 81	
 * Finished epoch # 81     top1:  27.080  top5:   6.230
	
 * Best model 	27.080078125	6.23046875	
=> Training epoch # 82	
 * Finished epoch # 82     top1:  26.191  top5:   6.113
	
 * Best model 	26.19140625	6.11328125	
=> Training epoch # 83	
 * Finished epoch # 83     top1:  26.602  top5:   6.377
	
=> Training epoch # 84	
 * Finished epoch # 84     top1:  26.260  top5:   6.230
	
=> Training epoch # 85	
 * Finished epoch # 85     top1:  28.564  top5:   7.139
	
=> Training epoch # 86	
 * Finished epoch # 86     top1:  27.236  top5:   6.621
	
=> Training epoch # 87	
 * Finished epoch # 87     top1:  27.236  top5:   7.031
	
=> Training epoch # 88	
 * Finished epoch # 88     top1:  27.354  top5:   6.719
	
=> Training epoch # 89	
 * Finished epoch # 89     top1:  28.965  top5:   7.871
	
=> Training epoch # 90	
 * Finished epoch # 90     top1:  29.482  top5:   8.115
	
=> Training epoch # 91	
 * Finished epoch # 91     top1:  32.197  top5:   9.570
	
=> Training epoch # 92	
 * Finished epoch # 92     top1:  31.982  top5:   9.160
	
=> Training epoch # 93	
 * Finished epoch # 93     top1:  34.404  top5:  11.338
	
=> Training epoch # 94	
 * Finished epoch # 94     top1:  34.639  top5:  10.938
	
=> Training epoch # 95	
 * Finished epoch # 95     top1:  34.990  top5:  12.070
	
=> Training epoch # 96	
 * Finished epoch # 96     top1:  35.850  top5:  11.797
	
=> Training epoch # 97	
 * Finished epoch # 97     top1:  37.393  top5:  13.076
	
=> Training epoch # 98	
 * Finished epoch # 98     top1:  39.199  top5:  13.770
	
=> Training epoch # 99	
 * Finished epoch # 99     top1:  38.555  top5:  13.564
	
=> Training epoch # 100	
 * Finished epoch # 100     top1:  39.463  top5:  14.502
	
=> Training epoch # 101	
 * Finished epoch # 101     top1:  38.955  top5:  14.395
	
=> Training epoch # 102	
 * Finished epoch # 102     top1:  38.516  top5:  13.242
	
=> Training epoch # 103	
 * Finished epoch # 103     top1:  37.578  top5:  14.209
	
=> Training epoch # 104	
 * Finished epoch # 104     top1:  44.717  top5:  18.164
	
=> Training epoch # 105	
 * Finished epoch # 105     top1:  40.361  top5:  14.268
	
=> Training epoch # 106	
 * Finished epoch # 106     top1:  41.016  top5:  15.889
	
=> Training epoch # 107	
 * Finished epoch # 107     top1:  37.070  top5:  13.350
	
=> Training epoch # 108	
 * Finished epoch # 108     top1:  43.906  top5:  17.441
	
=> Training epoch # 109	
 * Finished epoch # 109     top1:  44.385  top5:  17.324
	
=> Training epoch # 110	
 * Finished epoch # 110     top1:  42.432  top5:  16.846
	
=> Training epoch # 111	
 * Finished epoch # 111     top1:  55.234  top5:  27.031
	
=> Training epoch # 112	
 * Finished epoch # 112     top1:  47.832  top5:  19.512
	
=> Training epoch # 113	
 * Finished epoch # 113     top1:  45.605  top5:  18.643
	
=> Training epoch # 114	
 * Finished epoch # 114     top1:  52.695  top5:  25.771
	
=> Training epoch # 115	
 * Finished epoch # 115     top1:  44.043  top5:  17.217
	
=> Training epoch # 116	
 * Finished epoch # 116     top1:  45.176  top5:  17.305
	
=> Training epoch # 117	
 * Finished epoch # 117     top1:  47.139  top5:  19.463
	
=> Training epoch # 118	
 * Finished epoch # 118     top1:  48.232  top5:  21.094
	
=> Training epoch # 119	
 * Finished epoch # 119     top1:  47.568  top5:  18.516
	
=> Training epoch # 120	
 * Finished epoch # 120     top1:  49.180  top5:  21.445
	
=> Training epoch # 121	
 * Finished epoch # 121     top1:  42.129  top5:  16.709
	
=> Training epoch # 122	
 * Finished epoch # 122     top1:  26.514  top5:   6.904
	
=> Training epoch # 123	
 * Finished epoch # 123     top1:  26.309  top5:   7.090
	
=> Training epoch # 124	
 * Finished epoch # 124     top1:  26.084  top5:   6.982
	
 * Best model 	26.083984375	6.982421875	
=> Training epoch # 125	
 * Finished epoch # 125     top1:  25.049  top5:   6.553
	
 * Best model 	25.048828125	6.552734375	
=> Training epoch # 126	
 * Finished epoch # 126     top1:  25.430  top5:   6.719
	
=> Training epoch # 127	
 * Finished epoch # 127     top1:  25.098  top5:   6.494
	
=> Training epoch # 128	
 * Finished epoch # 128     top1:  25.566  top5:   6.621
	
=> Training epoch # 129	
 * Finished epoch # 129     top1:  25.039  top5:   6.719
	
 * Best model 	25.0390625	6.71875	
=> Training epoch # 130	
 * Finished epoch # 130     top1:  25.537  top5:   7.061
	
=> Training epoch # 131	
 * Finished epoch # 131     top1:  25.664  top5:   6.719
	
=> Training epoch # 132	
 * Finished epoch # 132     top1:  25.469  top5:   6.660
	
=> Training epoch # 133	
 * Finished epoch # 133     top1:  25.898  top5:   7.041
	
=> Training epoch # 134	
 * Finished epoch # 134     top1:  25.430  top5:   6.953
	
=> Training epoch # 135	
 * Finished epoch # 135     top1:  25.879  top5:   6.689
	
=> Training epoch # 136	
 * Finished epoch # 136     top1:  24.990  top5:   6.904
	
 * Best model 	24.990234375	6.904296875	
=> Training epoch # 137	
 * Finished epoch # 137     top1:  25.605  top5:   6.924
	
=> Training epoch # 138	
 * Finished epoch # 138     top1:  24.834  top5:   6.807
	
 * Best model 	24.833984375	6.806640625	
=> Training epoch # 139	
 * Finished epoch # 139     top1:  26.143  top5:   7.207
	
=> Training epoch # 140	
 * Finished epoch # 140     top1:  25.361  top5:   7.061
	
=> Training epoch # 141	
 * Finished epoch # 141     top1:  25.088  top5:   6.904
	
=> Training epoch # 142	
 * Finished epoch # 142     top1:  25.967  top5:   7.080
	
=> Training epoch # 143	
 * Finished epoch # 143     top1:  25.586  top5:   7.158
	
=> Training epoch # 144	
 * Finished epoch # 144     top1:  25.762  top5:   7.100
	
=> Training epoch # 145	
 * Finished epoch # 145     top1:  25.469  top5:   7.070
	
=> Training epoch # 146	
 * Finished epoch # 146     top1:  25.693  top5:   7.061
	
=> Training epoch # 147	
 * Finished epoch # 147     top1:  25.566  top5:   7.256
	
=> Training epoch # 148	
 * Finished epoch # 148     top1:  25.908  top5:   7.168
	
=> Training epoch # 149	
 * Finished epoch # 149     top1:  26.445  top5:   7.158
	
=> Training epoch # 150	
 * Finished epoch # 150     top1:  25.361  top5:   7.148
	
=> Training epoch # 151	
 * Finished epoch # 151     top1:  25.938  top5:   7.461
	
=> Training epoch # 152	
 * Finished epoch # 152     top1:  26.504  top5:   7.979
	
=> Training epoch # 153	
 * Finished epoch # 153     top1:  25.635  top5:   7.246
	
=> Training epoch # 154	
 * Finished epoch # 154     top1:  25.586  top5:   7.314
	
=> Training epoch # 155	
 * Finished epoch # 155     top1:  26.094  top5:   7.559
	
=> Training epoch # 156	
 * Finished epoch # 156     top1:  25.996  top5:   7.275
	
=> Training epoch # 157	
 * Finished epoch # 157     top1:  25.576  top5:   7.002
	
=> Training epoch # 158	
 * Finished epoch # 158     top1:  25.703  top5:   7.080
	
=> Training epoch # 159	
 * Finished epoch # 159     top1:  26.621  top5:   7.490
	
=> Training epoch # 160	
 * Finished epoch # 160     top1:  25.527  top5:   7.236
	
=> Training epoch # 161	
 * Finished epoch # 161     top1:  25.820  top5:   7.451
	
=> Training epoch # 162	
 * Finished epoch # 162     top1:  26.162  top5:   7.275
	
=> Training epoch # 163	
 * Finished epoch # 163     top1:  25.684  top5:   7.266
	
=> Training epoch # 164	
 * Finished epoch # 164     top1:  26.016  top5:   7.412
	
=> Training epoch # 165	
 * Finished epoch # 165     top1:  26.035  top5:   7.197
	
=> Training epoch # 166	
 * Finished epoch # 166     top1:  25.801  top5:   7.148
	
=> Training epoch # 167	
 * Finished epoch # 167     top1:  26.152  top5:   7.520
	
=> Training epoch # 168	
 * Finished epoch # 168     top1:  25.889  top5:   7.324
	
=> Training epoch # 169	
 * Finished epoch # 169     top1:  26.084  top5:   7.334
	
=> Training epoch # 170	
 * Finished epoch # 170     top1:  26.016  top5:   7.842
	
=> Training epoch # 171	
 * Finished epoch # 171     top1:  25.869  top5:   7.480
	
=> Training epoch # 172	
 * Finished epoch # 172     top1:  26.045  top5:   7.578
	
=> Training epoch # 173	
 * Finished epoch # 173     top1:  25.801  top5:   7.578
	
=> Training epoch # 174	
 * Finished epoch # 174     top1:  25.898  top5:   7.217
	
=> Training epoch # 175	
 * Finished epoch # 175     top1:  25.586  top5:   7.402
	
=> Training epoch # 176	
 * Finished epoch # 176     top1:  26.006  top5:   7.480
	
=> Training epoch # 177	
 * Finished epoch # 177     top1:  26.475  top5:   7.871
	
=> Training epoch # 178	
 * Finished epoch # 178     top1:  26.475  top5:   7.656
	
=> Training epoch # 179	
 * Finished epoch # 179     top1:  26.289  top5:   7.598
	
=> Training epoch # 180	
 * Finished epoch # 180     top1:  26.182  top5:   7.695
	
=> Training epoch # 181	
 * Finished epoch # 181     top1:  26.797  top5:   7.773
	
=> Training epoch # 182	
 * Finished epoch # 182     top1:  26.865  top5:   7.627
	
=> Training epoch # 183	
 * Finished epoch # 183     top1:  26.416  top5:   7.646
	
=> Training epoch # 184	
 * Finished epoch # 184     top1:  27.393  top5:   7.666
	
=> Training epoch # 185	
 * Finished epoch # 185     top1:  26.348  top5:   7.979
	
=> Training epoch # 186	
 * Finished epoch # 186     top1:  26.494  top5:   7.559
	
=> Training epoch # 187	
 * Finished epoch # 187     top1:  26.934  top5:   8.154
	
=> Training epoch # 188	
 * Finished epoch # 188     top1:  26.064  top5:   7.471
	
=> Training epoch # 189	
 * Finished epoch # 189     top1:  26.777  top5:   7.559
	
=> Training epoch # 190	
 * Finished epoch # 190     top1:  26.914  top5:   8.213
	
=> Training epoch # 191	
 * Finished epoch # 191     top1:  26.270  top5:   7.520
	
=> Training epoch # 192	
 * Finished epoch # 192     top1:  26.543  top5:   7.861
	
=> Training epoch # 193	
 * Finished epoch # 193     top1:  25.938  top5:   7.676
	
=> Training epoch # 194	
 * Finished epoch # 194     top1:  26.318  top5:   7.725
	
=> Training epoch # 195	
 * Finished epoch # 195     top1:  26.318  top5:   7.588
	
=> Training epoch # 196	
 * Finished epoch # 196     top1:  27.266  top5:   7.979
	
=> Training epoch # 197	
 * Finished epoch # 197     top1:  26.484  top5:   7.666
	
=> Training epoch # 198	
 * Finished epoch # 198     top1:  26.328  top5:   7.676
	
=> Training epoch # 199	
 * Finished epoch # 199     top1:  27.148  top5:   8.213
	
=> Training epoch # 200	
 * Finished epoch # 200     top1:  26.699  top5:   7.734
	
 * Finished top1: 24.834  top5:  6.807	
