{
  cudnn : "fastest"
  LR : 0.1
  nThreads : 2
  nClasses : 0
  batchSize : 256
  testOnly : false
  netType : "resnet"
  resetClassifier : false
  shortcutType : "A"
  gen : "gen"
  nGPU : 1
  depth : 44
  weightDecay : 0.001
  data : ""
  dataset : "cifar100"
  epochNumber : 1
  manualSeed : 2
  resume : "results/try5/cifar100/44"
  optimState : "none"
  nEpochs : 200
  tenCrop : false
  shareGradInput : false
  backend : "cudnn"
  momentum : 0.9
  retrain : "none"
}
=> Creating model from file: models/resnet.lua	
 | ResNet-44 CIFAR-100	
nn.Sequential {
  [input -> (1) -> (2) -> (3) -> (4) -> (5) -> (6) -> (7) -> (8) -> (9) -> output]
  (1): cudnn.SpatialConvolution(3 -> 16, 3x3, 1,1, 1,1) without bias
  (2): nn.Sequential {
    [input -> (1) -> (2) -> (3) -> output]
    (1): nn.ConstrainedDiv
    (2): nn.ELU (alpha:1.000000)
    (3): nn.ConstrainedMul
  }
  (3): nn.Sequential {
    [input -> (1) -> (2) -> (3) -> (4) -> (5) -> (6) -> (7) -> output]
    (1): nn.Sequential {
      [input -> (1) -> (2) -> output]
      (1): nn.ConcatTable {
        input
          |`-> (1): nn.Sequential {
          |      [input -> (1) -> (2) -> (3) -> (4) -> output]
          |      (1): cudnn.SpatialConvolution(16 -> 16, 3x3, 1,1, 1,1) without bias
          |      (2): nn.Sequential {
          |        [input -> (1) -> (2) -> (3) -> output]
          |        (1): nn.ConstrainedDiv
          |        (2): nn.ELU (alpha:1.000000)
          |        (3): nn.ConstrainedMul
          |      }
          |      (3): cudnn.SpatialConvolution(16 -> 16, 3x3, 1,1, 1,1) without bias
          |      (4): nn.SpatialBatchNormalization (4D) (16)
          |    }
           `-> (2): nn.Identity
           ... -> output
      }
      (2): nn.CAddTable
    }
    (2): nn.Sequential {
      [input -> (1) -> (2) -> output]
      (1): nn.ConcatTable {
        input
          |`-> (1): nn.Sequential {
          |      [input -> (1) -> (2) -> (3) -> (4) -> output]
          |      (1): cudnn.SpatialConvolution(16 -> 16, 3x3, 1,1, 1,1) without bias
          |      (2): nn.Sequential {
          |        [input -> (1) -> (2) -> (3) -> output]
          |        (1): nn.ConstrainedDiv
          |        (2): nn.ELU (alpha:1.000000)
          |        (3): nn.ConstrainedMul
          |      }
          |      (3): cudnn.SpatialConvolution(16 -> 16, 3x3, 1,1, 1,1) without bias
          |      (4): nn.SpatialBatchNormalization (4D) (16)
          |    }
           `-> (2): nn.Identity
           ... -> output
      }
      (2): nn.CAddTable
    }
    (3): nn.Sequential {
      [input -> (1) -> (2) -> output]
      (1): nn.ConcatTable {
        input
          |`-> (1): nn.Sequential {
          |      [input -> (1) -> (2) -> (3) -> (4) -> output]
          |      (1): cudnn.SpatialConvolution(16 -> 16, 3x3, 1,1, 1,1) without bias
          |      (2): nn.Sequential {
          |        [input -> (1) -> (2) -> (3) -> output]
          |        (1): nn.ConstrainedDiv
          |        (2): nn.ELU (alpha:1.000000)
          |        (3): nn.ConstrainedMul
          |      }
          |      (3): cudnn.SpatialConvolution(16 -> 16, 3x3, 1,1, 1,1) without bias
          |      (4): nn.SpatialBatchNormalization (4D) (16)
          |    }
           `-> (2): nn.Identity
           ... -> output
      }
      (2): nn.CAddTable
    }
    (4): nn.Sequential {
      [input -> (1) -> (2) -> output]
      (1): nn.ConcatTable {
        input
          |`-> (1): nn.Sequential {
          |      [input -> (1) -> (2) -> (3) -> (4) -> output]
          |      (1): cudnn.SpatialConvolution(16 -> 16, 3x3, 1,1, 1,1) without bias
          |      (2): nn.Sequential {
          |        [input -> (1) -> (2) -> (3) -> output]
          |        (1): nn.ConstrainedDiv
          |        (2): nn.ELU (alpha:1.000000)
          |        (3): nn.ConstrainedMul
          |      }
          |      (3): cudnn.SpatialConvolution(16 -> 16, 3x3, 1,1, 1,1) without bias
          |      (4): nn.SpatialBatchNormalization (4D) (16)
          |    }
           `-> (2): nn.Identity
           ... -> output
      }
      (2): nn.CAddTable
    }
    (5): nn.Sequential {
      [input -> (1) -> (2) -> output]
      (1): nn.ConcatTable {
        input
          |`-> (1): nn.Sequential {
          |      [input -> (1) -> (2) -> (3) -> (4) -> output]
          |      (1): cudnn.SpatialConvolution(16 -> 16, 3x3, 1,1, 1,1) without bias
          |      (2): nn.Sequential {
          |        [input -> (1) -> (2) -> (3) -> output]
          |        (1): nn.ConstrainedDiv
          |        (2): nn.ELU (alpha:1.000000)
          |        (3): nn.ConstrainedMul
          |      }
          |      (3): cudnn.SpatialConvolution(16 -> 16, 3x3, 1,1, 1,1) without bias
          |      (4): nn.SpatialBatchNormalization (4D) (16)
          |    }
           `-> (2): nn.Identity
           ... -> output
      }
      (2): nn.CAddTable
    }
    (6): nn.Sequential {
      [input -> (1) -> (2) -> output]
      (1): nn.ConcatTable {
        input
          |`-> (1): nn.Sequential {
          |      [input -> (1) -> (2) -> (3) -> (4) -> output]
          |      (1): cudnn.SpatialConvolution(16 -> 16, 3x3, 1,1, 1,1) without bias
          |      (2): nn.Sequential {
          |        [input -> (1) -> (2) -> (3) -> output]
          |        (1): nn.ConstrainedDiv
          |        (2): nn.ELU (alpha:1.000000)
          |        (3): nn.ConstrainedMul
          |      }
          |      (3): cudnn.SpatialConvolution(16 -> 16, 3x3, 1,1, 1,1) without bias
          |      (4): nn.SpatialBatchNormalization (4D) (16)
          |    }
           `-> (2): nn.Identity
           ... -> output
      }
      (2): nn.CAddTable
    }
    (7): nn.Sequential {
      [input -> (1) -> (2) -> output]
      (1): nn.ConcatTable {
        input
          |`-> (1): nn.Sequential {
          |      [input -> (1) -> (2) -> (3) -> (4) -> output]
          |      (1): cudnn.SpatialConvolution(16 -> 16, 3x3, 1,1, 1,1) without bias
          |      (2): nn.Sequential {
          |        [input -> (1) -> (2) -> (3) -> output]
          |        (1): nn.ConstrainedDiv
          |        (2): nn.ELU (alpha:1.000000)
          |        (3): nn.ConstrainedMul
          |      }
          |      (3): cudnn.SpatialConvolution(16 -> 16, 3x3, 1,1, 1,1) without bias
          |      (4): nn.SpatialBatchNormalization (4D) (16)
          |    }
           `-> (2): nn.Identity
           ... -> output
      }
      (2): nn.CAddTable
    }
  }
  (4): nn.Sequential {
    [input -> (1) -> (2) -> (3) -> (4) -> (5) -> (6) -> (7) -> output]
    (1): nn.Sequential {
      [input -> (1) -> (2) -> output]
      (1): nn.ConcatTable {
        input
          |`-> (1): nn.Sequential {
          |      [input -> (1) -> (2) -> (3) -> (4) -> output]
          |      (1): cudnn.SpatialConvolution(16 -> 32, 3x3, 2,2, 1,1) without bias
          |      (2): nn.Sequential {
          |        [input -> (1) -> (2) -> (3) -> output]
          |        (1): nn.ConstrainedDiv
          |        (2): nn.ELU (alpha:1.000000)
          |        (3): nn.ConstrainedMul
          |      }
          |      (3): cudnn.SpatialConvolution(32 -> 32, 3x3, 1,1, 1,1) without bias
          |      (4): nn.SpatialBatchNormalization (4D) (32)
          |    }
           `-> (2): nn.Sequential {
                 [input -> (1) -> (2) -> output]
                 (1): nn.SpatialAveragePooling(1x1, 2,2)
                 (2): nn.Concat {
                   input
                     |`-> (1): nn.Identity
                      `-> (2): nn.MulConstant
                      ... -> output
                 }
               }
           ... -> output
      }
      (2): nn.CAddTable
    }
    (2): nn.Sequential {
      [input -> (1) -> (2) -> output]
      (1): nn.ConcatTable {
        input
          |`-> (1): nn.Sequential {
          |      [input -> (1) -> (2) -> (3) -> (4) -> output]
          |      (1): cudnn.SpatialConvolution(32 -> 32, 3x3, 1,1, 1,1) without bias
          |      (2): nn.Sequential {
          |        [input -> (1) -> (2) -> (3) -> output]
          |        (1): nn.ConstrainedDiv
          |        (2): nn.ELU (alpha:1.000000)
          |        (3): nn.ConstrainedMul
          |      }
          |      (3): cudnn.SpatialConvolution(32 -> 32, 3x3, 1,1, 1,1) without bias
          |      (4): nn.SpatialBatchNormalization (4D) (32)
          |    }
           `-> (2): nn.Identity
           ... -> output
      }
      (2): nn.CAddTable
    }
    (3): nn.Sequential {
      [input -> (1) -> (2) -> output]
      (1): nn.ConcatTable {
        input
          |`-> (1): nn.Sequential {
          |      [input -> (1) -> (2) -> (3) -> (4) -> output]
          |      (1): cudnn.SpatialConvolution(32 -> 32, 3x3, 1,1, 1,1) without bias
          |      (2): nn.Sequential {
          |        [input -> (1) -> (2) -> (3) -> output]
          |        (1): nn.ConstrainedDiv
          |        (2): nn.ELU (alpha:1.000000)
          |        (3): nn.ConstrainedMul
          |      }
          |      (3): cudnn.SpatialConvolution(32 -> 32, 3x3, 1,1, 1,1) without bias
          |      (4): nn.SpatialBatchNormalization (4D) (32)
          |    }
           `-> (2): nn.Identity
           ... -> output
      }
      (2): nn.CAddTable
    }
    (4): nn.Sequential {
      [input -> (1) -> (2) -> output]
      (1): nn.ConcatTable {
        input
          |`-> (1): nn.Sequential {
          |      [input -> (1) -> (2) -> (3) -> (4) -> output]
          |      (1): cudnn.SpatialConvolution(32 -> 32, 3x3, 1,1, 1,1) without bias
          |      (2): nn.Sequential {
          |        [input -> (1) -> (2) -> (3) -> output]
          |        (1): nn.ConstrainedDiv
          |        (2): nn.ELU (alpha:1.000000)
          |        (3): nn.ConstrainedMul
          |      }
          |      (3): cudnn.SpatialConvolution(32 -> 32, 3x3, 1,1, 1,1) without bias
          |      (4): nn.SpatialBatchNormalization (4D) (32)
          |    }
           `-> (2): nn.Identity
           ... -> output
      }
      (2): nn.CAddTable
    }
    (5): nn.Sequential {
      [input -> (1) -> (2) -> output]
      (1): nn.ConcatTable {
        input
          |`-> (1): nn.Sequential {
          |      [input -> (1) -> (2) -> (3) -> (4) -> output]
          |      (1): cudnn.SpatialConvolution(32 -> 32, 3x3, 1,1, 1,1) without bias
          |      (2): nn.Sequential {
          |        [input -> (1) -> (2) -> (3) -> output]
          |        (1): nn.ConstrainedDiv
          |        (2): nn.ELU (alpha:1.000000)
          |        (3): nn.ConstrainedMul
          |      }
          |      (3): cudnn.SpatialConvolution(32 -> 32, 3x3, 1,1, 1,1) without bias
          |      (4): nn.SpatialBatchNormalization (4D) (32)
          |    }
           `-> (2): nn.Identity
           ... -> output
      }
      (2): nn.CAddTable
    }
    (6): nn.Sequential {
      [input -> (1) -> (2) -> output]
      (1): nn.ConcatTable {
        input
          |`-> (1): nn.Sequential {
          |      [input -> (1) -> (2) -> (3) -> (4) -> output]
          |      (1): cudnn.SpatialConvolution(32 -> 32, 3x3, 1,1, 1,1) without bias
          |      (2): nn.Sequential {
          |        [input -> (1) -> (2) -> (3) -> output]
          |        (1): nn.ConstrainedDiv
          |        (2): nn.ELU (alpha:1.000000)
          |        (3): nn.ConstrainedMul
          |      }
          |      (3): cudnn.SpatialConvolution(32 -> 32, 3x3, 1,1, 1,1) without bias
          |      (4): nn.SpatialBatchNormalization (4D) (32)
          |    }
           `-> (2): nn.Identity
           ... -> output
      }
      (2): nn.CAddTable
    }
    (7): nn.Sequential {
      [input -> (1) -> (2) -> output]
      (1): nn.ConcatTable {
        input
          |`-> (1): nn.Sequential {
          |      [input -> (1) -> (2) -> (3) -> (4) -> output]
          |      (1): cudnn.SpatialConvolution(32 -> 32, 3x3, 1,1, 1,1) without bias
          |      (2): nn.Sequential {
          |        [input -> (1) -> (2) -> (3) -> output]
          |        (1): nn.ConstrainedDiv
          |        (2): nn.ELU (alpha:1.000000)
          |        (3): nn.ConstrainedMul
          |      }
          |      (3): cudnn.SpatialConvolution(32 -> 32, 3x3, 1,1, 1,1) without bias
          |      (4): nn.SpatialBatchNormalization (4D) (32)
          |    }
           `-> (2): nn.Identity
           ... -> output
      }
      (2): nn.CAddTable
    }
  }
  (5): nn.Sequential {
    [input -> (1) -> (2) -> (3) -> (4) -> (5) -> (6) -> (7) -> output]
    (1): nn.Sequential {
      [input -> (1) -> (2) -> output]
      (1): nn.ConcatTable {
        input
          |`-> (1): nn.Sequential {
          |      [input -> (1) -> (2) -> (3) -> (4) -> output]
          |      (1): cudnn.SpatialConvolution(32 -> 64, 3x3, 2,2, 1,1) without bias
          |      (2): nn.Sequential {
          |        [input -> (1) -> (2) -> (3) -> output]
          |        (1): nn.ConstrainedDiv
          |        (2): nn.ELU (alpha:1.000000)
          |        (3): nn.ConstrainedMul
          |      }
          |      (3): cudnn.SpatialConvolution(64 -> 64, 3x3, 1,1, 1,1) without bias
          |      (4): nn.SpatialBatchNormalization (4D) (64)
          |    }
           `-> (2): nn.Sequential {
                 [input -> (1) -> (2) -> output]
                 (1): nn.SpatialAveragePooling(1x1, 2,2)
                 (2): nn.Concat {
                   input
                     |`-> (1): nn.Identity
                      `-> (2): nn.MulConstant
                      ... -> output
                 }
               }
           ... -> output
      }
      (2): nn.CAddTable
    }
    (2): nn.Sequential {
      [input -> (1) -> (2) -> output]
      (1): nn.ConcatTable {
        input
          |`-> (1): nn.Sequential {
          |      [input -> (1) -> (2) -> (3) -> (4) -> output]
          |      (1): cudnn.SpatialConvolution(64 -> 64, 3x3, 1,1, 1,1) without bias
          |      (2): nn.Sequential {
          |        [input -> (1) -> (2) -> (3) -> output]
          |        (1): nn.ConstrainedDiv
          |        (2): nn.ELU (alpha:1.000000)
          |        (3): nn.ConstrainedMul
          |      }
          |      (3): cudnn.SpatialConvolution(64 -> 64, 3x3, 1,1, 1,1) without bias
          |      (4): nn.SpatialBatchNormalization (4D) (64)
          |    }
           `-> (2): nn.Identity
           ... -> output
      }
      (2): nn.CAddTable
    }
    (3): nn.Sequential {
      [input -> (1) -> (2) -> output]
      (1): nn.ConcatTable {
        input
          |`-> (1): nn.Sequential {
          |      [input -> (1) -> (2) -> (3) -> (4) -> output]
          |      (1): cudnn.SpatialConvolution(64 -> 64, 3x3, 1,1, 1,1) without bias
          |      (2): nn.Sequential {
          |        [input -> (1) -> (2) -> (3) -> output]
          |        (1): nn.ConstrainedDiv
          |        (2): nn.ELU (alpha:1.000000)
          |        (3): nn.ConstrainedMul
          |      }
          |      (3): cudnn.SpatialConvolution(64 -> 64, 3x3, 1,1, 1,1) without bias
          |      (4): nn.SpatialBatchNormalization (4D) (64)
          |    }
           `-> (2): nn.Identity
           ... -> output
      }
      (2): nn.CAddTable
    }
    (4): nn.Sequential {
      [input -> (1) -> (2) -> output]
      (1): nn.ConcatTable {
        input
          |`-> (1): nn.Sequential {
          |      [input -> (1) -> (2) -> (3) -> (4) -> output]
          |      (1): cudnn.SpatialConvolution(64 -> 64, 3x3, 1,1, 1,1) without bias
          |      (2): nn.Sequential {
          |        [input -> (1) -> (2) -> (3) -> output]
          |        (1): nn.ConstrainedDiv
          |        (2): nn.ELU (alpha:1.000000)
          |        (3): nn.ConstrainedMul
          |      }
          |      (3): cudnn.SpatialConvolution(64 -> 64, 3x3, 1,1, 1,1) without bias
          |      (4): nn.SpatialBatchNormalization (4D) (64)
          |    }
           `-> (2): nn.Identity
           ... -> output
      }
      (2): nn.CAddTable
    }
    (5): nn.Sequential {
      [input -> (1) -> (2) -> output]
      (1): nn.ConcatTable {
        input
          |`-> (1): nn.Sequential {
          |      [input -> (1) -> (2) -> (3) -> (4) -> output]
          |      (1): cudnn.SpatialConvolution(64 -> 64, 3x3, 1,1, 1,1) without bias
          |      (2): nn.Sequential {
          |        [input -> (1) -> (2) -> (3) -> output]
          |        (1): nn.ConstrainedDiv
          |        (2): nn.ELU (alpha:1.000000)
          |        (3): nn.ConstrainedMul
          |      }
          |      (3): cudnn.SpatialConvolution(64 -> 64, 3x3, 1,1, 1,1) without bias
          |      (4): nn.SpatialBatchNormalization (4D) (64)
          |    }
           `-> (2): nn.Identity
           ... -> output
      }
      (2): nn.CAddTable
    }
    (6): nn.Sequential {
      [input -> (1) -> (2) -> output]
      (1): nn.ConcatTable {
        input
          |`-> (1): nn.Sequential {
          |      [input -> (1) -> (2) -> (3) -> (4) -> output]
          |      (1): cudnn.SpatialConvolution(64 -> 64, 3x3, 1,1, 1,1) without bias
          |      (2): nn.Sequential {
          |        [input -> (1) -> (2) -> (3) -> output]
          |        (1): nn.ConstrainedDiv
          |        (2): nn.ELU (alpha:1.000000)
          |        (3): nn.ConstrainedMul
          |      }
          |      (3): cudnn.SpatialConvolution(64 -> 64, 3x3, 1,1, 1,1) without bias
          |      (4): nn.SpatialBatchNormalization (4D) (64)
          |    }
           `-> (2): nn.Identity
           ... -> output
      }
      (2): nn.CAddTable
    }
    (7): nn.Sequential {
      [input -> (1) -> (2) -> output]
      (1): nn.ConcatTable {
        input
          |`-> (1): nn.Sequential {
          |      [input -> (1) -> (2) -> (3) -> (4) -> output]
          |      (1): cudnn.SpatialConvolution(64 -> 64, 3x3, 1,1, 1,1) without bias
          |      (2): nn.Sequential {
          |        [input -> (1) -> (2) -> (3) -> output]
          |        (1): nn.ConstrainedDiv
          |        (2): nn.ELU (alpha:1.000000)
          |        (3): nn.ConstrainedMul
          |      }
          |      (3): cudnn.SpatialConvolution(64 -> 64, 3x3, 1,1, 1,1) without bias
          |      (4): nn.SpatialBatchNormalization (4D) (64)
          |    }
           `-> (2): nn.Identity
           ... -> output
      }
      (2): nn.CAddTable
    }
  }
  (6): nn.Sequential {
    [input -> (1) -> (2) -> (3) -> output]
    (1): nn.ConstrainedDiv
    (2): nn.ELU (alpha:1.000000)
    (3): nn.ConstrainedMul
  }
  (7): cudnn.SpatialAveragePooling(8x8, 1,1)
  (8): nn.View(64)
  (9): nn.Linear(64 -> 100)
}
=> Training epoch # 1	
 * Finished epoch # 1     top1:  86.484  top5:  63.066
	
 * Best model 	86.484375	63.06640625	
=> Training epoch # 2	
 * Finished epoch # 2     top1:  77.725  top5:  47.363
	
 * Best model 	77.724609375	47.36328125	
=> Training epoch # 3	
 * Finished epoch # 3     top1:  68.262  top5:  35.508
	
 * Best model 	68.26171875	35.5078125	
=> Training epoch # 4	
 * Finished epoch # 4     top1:  60.312  top5:  28.027
	
 * Best model 	60.3125	28.02734375	
=> Training epoch # 5	
 * Finished epoch # 5     top1:  66.025  top5:  36.230
	
=> Training epoch # 6	
 * Finished epoch # 6     top1:  56.104  top5:  24.668
	
 * Best model 	56.103515625	24.66796875	
=> Training epoch # 7	
 * Finished epoch # 7     top1:  57.520  top5:  25.771
	
=> Training epoch # 8	
 * Finished epoch # 8     top1:  51.523  top5:  20.674
	
 * Best model 	51.5234375	20.673828125	
=> Training epoch # 9	
 * Finished epoch # 9     top1:  49.990  top5:  19.219
	
 * Best model 	49.990234375	19.21875	
=> Training epoch # 10	
 * Finished epoch # 10     top1:  49.580  top5:  18.389
	
 * Best model 	49.580078125	18.388671875	
=> Training epoch # 11	
 * Finished epoch # 11     top1:  49.629  top5:  17.939
	
=> Training epoch # 12	
 * Finished epoch # 12     top1:  51.328  top5:  20.166
	
=> Training epoch # 13	
 * Finished epoch # 13     top1:  47.383  top5:  17.334
	
 * Best model 	47.3828125	17.333984375	
=> Training epoch # 14	
 * Finished epoch # 14     top1:  48.555  top5:  19.277
	
=> Training epoch # 15	
 * Finished epoch # 15     top1:  46.680  top5:  17.070
	
 * Best model 	46.6796875	17.0703125	
=> Training epoch # 16	
 * Finished epoch # 16     top1:  49.268  top5:  18.838
	
=> Training epoch # 17	
 * Finished epoch # 17     top1:  50.225  top5:  20.625
	
=> Training epoch # 18	
 * Finished epoch # 18     top1:  47.305  top5:  17.207
	
=> Training epoch # 19	
 * Finished epoch # 19     top1:  45.215  top5:  16.729
	
 * Best model 	45.21484375	16.728515625	
=> Training epoch # 20	
 * Finished epoch # 20     top1:  48.916  top5:  17.510
	
=> Training epoch # 21	
 * Finished epoch # 21     top1:  48.613  top5:  18.877
	
=> Training epoch # 22	
 * Finished epoch # 22     top1:  45.547  top5:  15.342
	
=> Training epoch # 23	
 * Finished epoch # 23     top1:  45.625  top5:  17.295
	
=> Training epoch # 24	
 * Finished epoch # 24     top1:  45.273  top5:  17.881
	
=> Training epoch # 25	
 * Finished epoch # 25     top1:  47.715  top5:  17.363
	
=> Training epoch # 26	
 * Finished epoch # 26     top1:  44.229  top5:  14.756
	
 * Best model 	44.228515625	14.755859375	
=> Training epoch # 27	
 * Finished epoch # 27     top1:  49.248  top5:  17.305
	
=> Training epoch # 28	
 * Finished epoch # 28     top1:  43.809  top5:  15.801
	
 * Best model 	43.80859375	15.80078125	
=> Training epoch # 29	
 * Finished epoch # 29     top1:  45.869  top5:  16.699
	
=> Training epoch # 30	
 * Finished epoch # 30     top1:  44.355  top5:  14.922
	
=> Training epoch # 31	
 * Finished epoch # 31     top1:  43.574  top5:  15.215
	
 * Best model 	43.57421875	15.21484375	
=> Training epoch # 32	
 * Finished epoch # 32     top1:  45.430  top5:  16.592
	
=> Training epoch # 33	
 * Finished epoch # 33     top1:  44.062  top5:  15.117
	
=> Training epoch # 34	
 * Finished epoch # 34     top1:  46.992  top5:  17.266
	
=> Training epoch # 35	
 * Finished epoch # 35     top1:  44.795  top5:  16.523
	
=> Training epoch # 36	
 * Finished epoch # 36     top1:  45.869  top5:  17.412
	
=> Training epoch # 37	
 * Finished epoch # 37     top1:  50.322  top5:  19.463
	
=> Training epoch # 38	
 * Finished epoch # 38     top1:  44.131  top5:  15.117
	
=> Training epoch # 39	
 * Finished epoch # 39     top1:  47.354  top5:  17.881
	
=> Training epoch # 40	
 * Finished epoch # 40     top1:  44.951  top5:  15.645
	
=> Training epoch # 41	
 * Finished epoch # 41     top1:  45.498  top5:  16.191
	
=> Training epoch # 42	
 * Finished epoch # 42     top1:  44.922  top5:  15.869
	
=> Training epoch # 43	
 * Finished epoch # 43     top1:  41.475  top5:  14.404
	
 * Best model 	41.474609375	14.404296875	
=> Training epoch # 44	
 * Finished epoch # 44     top1:  44.971  top5:  15.879
	
=> Training epoch # 45	
 * Finished epoch # 45     top1:  44.561  top5:  15.742
	
=> Training epoch # 46	
 * Finished epoch # 46     top1:  46.006  top5:  16.670
	
=> Training epoch # 47	
 * Finished epoch # 47     top1:  43.018  top5:  14.834
	
=> Training epoch # 48	
 * Finished epoch # 48     top1:  43.877  top5:  14.521
	
=> Training epoch # 49	
 * Finished epoch # 49     top1:  46.074  top5:  16.279
	
=> Training epoch # 50	
 * Finished epoch # 50     top1:  46.953  top5:  17.480
	
=> Training epoch # 51	
 * Finished epoch # 51     top1:  41.904  top5:  13.701
	
=> Training epoch # 52	
 * Finished epoch # 52     top1:  43.193  top5:  15.410
	
=> Training epoch # 53	
 * Finished epoch # 53     top1:  42.256  top5:  14.004
	
=> Training epoch # 54	
 * Finished epoch # 54     top1:  44.238  top5:  15.391
	
=> Training epoch # 55	
 * Finished epoch # 55     top1:  43.262  top5:  14.932
	
=> Training epoch # 56	
 * Finished epoch # 56     top1:  45.371  top5:  16.777
	
=> Training epoch # 57	
 * Finished epoch # 57     top1:  41.523  top5:  14.287
	
=> Training epoch # 58	
 * Finished epoch # 58     top1:  41.865  top5:  13.936
	
=> Training epoch # 59	
 * Finished epoch # 59     top1:  42.881  top5:  14.893
	
=> Training epoch # 60	
 * Finished epoch # 60     top1:  40.264  top5:  13.242
	
 * Best model 	40.263671875	13.2421875	
=> Training epoch # 61	
 * Finished epoch # 61     top1:  43.115  top5:  13.926
	
=> Training epoch # 62	
 * Finished epoch # 62     top1:  43.730  top5:  14.229
	
=> Training epoch # 63	
 * Finished epoch # 63     top1:  41.904  top5:  14.180
	
=> Training epoch # 64	
 * Finished epoch # 64     top1:  43.320  top5:  15.225
	
=> Training epoch # 65	
 * Finished epoch # 65     top1:  42.861  top5:  14.785
	
=> Training epoch # 66	
 * Finished epoch # 66     top1:  40.596  top5:  13.643
	
=> Training epoch # 67	
 * Finished epoch # 67     top1:  42.119  top5:  15.117
	
=> Training epoch # 68	
 * Finished epoch # 68     top1:  44.043  top5:  15.186
	
=> Training epoch # 69	
 * Finished epoch # 69     top1:  46.143  top5:  16.035
	
=> Training epoch # 70	
 * Finished epoch # 70     top1:  44.834  top5:  15.518
	
=> Training epoch # 71	
 * Finished epoch # 71     top1:  45.322  top5:  16.299
	
=> Training epoch # 72	
 * Finished epoch # 72     top1:  43.584  top5:  14.941
	
=> Training epoch # 73	
 * Finished epoch # 73     top1:  43.906  top5:  16.123
	
=> Training epoch # 74	
 * Finished epoch # 74     top1:  46.914  top5:  18.164
	
=> Training epoch # 75	
 * Finished epoch # 75     top1:  44.033  top5:  16.104
	
=> Training epoch # 76	
 * Finished epoch # 76     top1:  46.035  top5:  16.611
	
=> Training epoch # 77	
 * Finished epoch # 77     top1:  43.906  top5:  15.820
	
=> Training epoch # 78	
 * Finished epoch # 78     top1:  45.293  top5:  15.078
	
=> Training epoch # 79	
 * Finished epoch # 79     top1:  46.641  top5:  17.363
	
=> Training epoch # 80	
 * Finished epoch # 80     top1:  46.191  top5:  16.494
	
=> Training epoch # 81	
 * Finished epoch # 81     top1:  30.547  top5:   8.369
	
 * Best model 	30.546875	8.369140625	
=> Training epoch # 82	
 * Finished epoch # 82     top1:  29.648  top5:   7.637
	
 * Best model 	29.6484375	7.63671875	
=> Training epoch # 83	
 * Finished epoch # 83     top1:  28.662  top5:   7.373
	
 * Best model 	28.662109375	7.373046875	
=> Training epoch # 84	
 * Finished epoch # 84     top1:  29.629  top5:   7.412
	
=> Training epoch # 85	
 * Finished epoch # 85     top1:  29.609  top5:   7.422
	
=> Training epoch # 86	
 * Finished epoch # 86     top1:  29.336  top5:   7.744
	
=> Training epoch # 87	
 * Finished epoch # 87     top1:  29.346  top5:   7.500
	
=> Training epoch # 88	
 * Finished epoch # 88     top1:  30.186  top5:   7.891
	
=> Training epoch # 89	
 * Finished epoch # 89     top1:  30.049  top5:   7.832
	
=> Training epoch # 90	
 * Finished epoch # 90     top1:  30.439  top5:   7.773
	
=> Training epoch # 91	
 * Finished epoch # 91     top1:  30.439  top5:   8.281
	
=> Training epoch # 92	
 * Finished epoch # 92     top1:  31.016  top5:   8.262
	
=> Training epoch # 93	
 * Finished epoch # 93     top1:  30.410  top5:   8.467
	
=> Training epoch # 94	
 * Finished epoch # 94     top1:  30.615  top5:   8.613
	
=> Training epoch # 95	
 * Finished epoch # 95     top1:  30.342  top5:   8.184
	
=> Training epoch # 96	
 * Finished epoch # 96     top1:  30.703  top5:   8.506
	
=> Training epoch # 97	
 * Finished epoch # 97     top1:  31.250  top5:   8.164
	
=> Training epoch # 98	
 * Finished epoch # 98     top1:  30.859  top5:   8.633
	
=> Training epoch # 99	
 * Finished epoch # 99     top1:  30.625  top5:   9.111
	
=> Training epoch # 100	
 * Finished epoch # 100     top1:  30.908  top5:   8.809
	
=> Training epoch # 101	
 * Finished epoch # 101     top1:  30.996  top5:   8.857
	
=> Training epoch # 102	
 * Finished epoch # 102     top1:  31.465  top5:   8.623
	
=> Training epoch # 103	
 * Finished epoch # 103     top1:  31.396  top5:   8.428
	
=> Training epoch # 104	
 * Finished epoch # 104     top1:  31.816  top5:   8.662
	
=> Training epoch # 105	
 * Finished epoch # 105     top1:  32.383  top5:   8.838
	
=> Training epoch # 106	
 * Finished epoch # 106     top1:  31.455  top5:   8.945
	
=> Training epoch # 107	
 * Finished epoch # 107     top1:  32.100  top5:   8.457
	
=> Training epoch # 108	
 * Finished epoch # 108     top1:  31.816  top5:   9.326
	
=> Training epoch # 109	
 * Finished epoch # 109     top1:  31.133  top5:   8.740
	
=> Training epoch # 110	
 * Finished epoch # 110     top1:  30.859  top5:   8.545
	
=> Training epoch # 111	
 * Finished epoch # 111     top1:  31.729  top5:   9.053
	
=> Training epoch # 112	
 * Finished epoch # 112     top1:  31.816  top5:   9.102
	
=> Training epoch # 113	
 * Finished epoch # 113     top1:  31.621  top5:   8.838
	
=> Training epoch # 114	
 * Finished epoch # 114     top1:  32.627  top5:   9.092
	
=> Training epoch # 115	
 * Finished epoch # 115     top1:  31.748  top5:   8.740
	
=> Training epoch # 116	
 * Finished epoch # 116     top1:  31.553  top5:   8.623
	
=> Training epoch # 117	
 * Finished epoch # 117     top1:  32.969  top5:   9.814
	
=> Training epoch # 118	
 * Finished epoch # 118     top1:  31.572  top5:   8.652
	
=> Training epoch # 119	
 * Finished epoch # 119     top1:  32.314  top5:   9.189
	
=> Training epoch # 120	
 * Finished epoch # 120     top1:  32.383  top5:   9.121
	
=> Training epoch # 121	
 * Finished epoch # 121     top1:  32.422  top5:   9.668
	
=> Training epoch # 122	
 * Finished epoch # 122     top1:  29.248  top5:   7.354
	
=> Training epoch # 123	
 * Finished epoch # 123     top1:  28.838  top5:   7.471
	
=> Training epoch # 124	
 * Finished epoch # 124     top1:  28.350  top5:   7.295
	
 * Best model 	28.349609375	7.294921875	
=> Training epoch # 125	
 * Finished epoch # 125     top1:  28.447  top5:   7.236
	
=> Training epoch # 126	
 * Finished epoch # 126     top1:  28.525  top5:   7.217
	
=> Training epoch # 127	
 * Finished epoch # 127     top1:  28.682  top5:   7.764
	
=> Training epoch # 128	
 * Finished epoch # 128     top1:  28.555  top5:   7.422
	
=> Training epoch # 129	
 * Finished epoch # 129     top1:  28.926  top5:   7.607
	
=> Training epoch # 130	
 * Finished epoch # 130     top1:  28.320  top5:   7.285
	
 * Best model 	28.3203125	7.28515625	
=> Training epoch # 131	
 * Finished epoch # 131     top1:  27.979  top5:   7.168
	
 * Best model 	27.978515625	7.16796875	
=> Training epoch # 132	
 * Finished epoch # 132     top1:  28.633  top5:   7.588
	
=> Training epoch # 133	
 * Finished epoch # 133     top1:  28.145  top5:   7.432
	
=> Training epoch # 134	
 * Finished epoch # 134     top1:  28.623  top5:   7.412
	
=> Training epoch # 135	
 * Finished epoch # 135     top1:  28.350  top5:   7.549
	
=> Training epoch # 136	
 * Finished epoch # 136     top1:  28.564  top5:   7.686
	
=> Training epoch # 137	
 * Finished epoch # 137     top1:  28.076  top5:   7.451
	
=> Training epoch # 138	
 * Finished epoch # 138     top1:  28.535  top5:   7.480
	
=> Training epoch # 139	
 * Finished epoch # 139     top1:  28.125  top5:   7.754
	
=> Training epoch # 140	
 * Finished epoch # 140     top1:  28.652  top5:   7.471
	
=> Training epoch # 141	
 * Finished epoch # 141     top1:  28.193  top5:   7.637
	
=> Training epoch # 142	
 * Finished epoch # 142     top1:  28.145  top5:   7.412
	
=> Training epoch # 143	
 * Finished epoch # 143     top1:  28.213  top5:   7.412
	
=> Training epoch # 144	
 * Finished epoch # 144     top1:  28.555  top5:   7.734
	
=> Training epoch # 145	
 * Finished epoch # 145     top1:  28.291  top5:   7.529
	
=> Training epoch # 146	
 * Finished epoch # 146     top1:  28.877  top5:   7.666
	
=> Training epoch # 147	
 * Finished epoch # 147     top1:  28.584  top5:   7.783
	
=> Training epoch # 148	
 * Finished epoch # 148     top1:  28.418  top5:   7.539
	
=> Training epoch # 149	
 * Finished epoch # 149     top1:  28.301  top5:   7.783
	
=> Training epoch # 150	
 * Finished epoch # 150     top1:  28.848  top5:   7.764
	
=> Training epoch # 151	
 * Finished epoch # 151     top1:  28.652  top5:   7.793
	
=> Training epoch # 152	
 * Finished epoch # 152     top1:  28.809  top5:   7.705
	
=> Training epoch # 153	
 * Finished epoch # 153     top1:  28.564  top5:   7.832
	
=> Training epoch # 154	
 * Finished epoch # 154     top1:  29.209  top5:   7.676
	
=> Training epoch # 155	
 * Finished epoch # 155     top1:  28.574  top5:   7.607
	
=> Training epoch # 156	
 * Finished epoch # 156     top1:  28.887  top5:   7.852
	
=> Training epoch # 157	
 * Finished epoch # 157     top1:  28.350  top5:   7.490
	
=> Training epoch # 158	
 * Finished epoch # 158     top1:  28.213  top5:   7.754
	
=> Training epoch # 159	
 * Finished epoch # 159     top1:  28.770  top5:   7.637
	
=> Training epoch # 160	
 * Finished epoch # 160     top1:  28.457  top5:   7.549
	
=> Training epoch # 161	
 * Finished epoch # 161     top1:  28.525  top5:   7.852
	
=> Training epoch # 162	
 * Finished epoch # 162     top1:  28.799  top5:   7.783
	
=> Training epoch # 163	
 * Finished epoch # 163     top1:  28.779  top5:   7.686
	
=> Training epoch # 164	
 * Finished epoch # 164     top1:  28.447  top5:   7.900
	
=> Training epoch # 165	
 * Finished epoch # 165     top1:  28.838  top5:   8.037
	
=> Training epoch # 166	
 * Finished epoch # 166     top1:  28.389  top5:   7.852
	
=> Training epoch # 167	
 * Finished epoch # 167     top1:  28.516  top5:   7.852
	
=> Training epoch # 168	
 * Finished epoch # 168     top1:  28.857  top5:   8.525
	
=> Training epoch # 169	
 * Finished epoch # 169     top1:  28.467  top5:   7.959
	
=> Training epoch # 170	
 * Finished epoch # 170     top1:  28.438  top5:   7.676
	
=> Training epoch # 171	
 * Finished epoch # 171     top1:  28.867  top5:   7.881
	
=> Training epoch # 172	
 * Finished epoch # 172     top1:  28.438  top5:   7.725
	
=> Training epoch # 173	
 * Finished epoch # 173     top1:  28.408  top5:   7.686
	
=> Training epoch # 174	
 * Finished epoch # 174     top1:  28.916  top5:   7.910
	
=> Training epoch # 175	
 * Finished epoch # 175     top1:  28.330  top5:   7.607
	
=> Training epoch # 176	
 * Finished epoch # 176     top1:  28.906  top5:   7.812
	
=> Training epoch # 177	
 * Finished epoch # 177     top1:  28.623  top5:   7.725
	
=> Training epoch # 178	
 * Finished epoch # 178     top1:  28.945  top5:   7.920
	
=> Training epoch # 179	
 * Finished epoch # 179     top1:  28.906  top5:   8.066
	
=> Training epoch # 180	
 * Finished epoch # 180     top1:  28.672  top5:   8.154
	
=> Training epoch # 181	
 * Finished epoch # 181     top1:  28.271  top5:   7.803
	
=> Training epoch # 182	
 * Finished epoch # 182     top1:  28.750  top5:   8.213
	
=> Training epoch # 183	
 * Finished epoch # 183     top1:  28.672  top5:   7.900
	
=> Training epoch # 184	
 * Finished epoch # 184     top1:  28.447  top5:   7.568
	
=> Training epoch # 185	
 * Finished epoch # 185     top1:  28.193  top5:   7.939
	
=> Training epoch # 186	
 * Finished epoch # 186     top1:  28.545  top5:   7.871
	
=> Training epoch # 187	
 * Finished epoch # 187     top1:  28.779  top5:   7.715
	
=> Training epoch # 188	
 * Finished epoch # 188     top1:  28.477  top5:   7.695
	
=> Training epoch # 189	
 * Finished epoch # 189     top1:  28.613  top5:   7.891
	
=> Training epoch # 190	
 * Finished epoch # 190     top1:  29.229  top5:   8.145
	
=> Training epoch # 191	
 * Finished epoch # 191     top1:  29.023  top5:   7.695
	
=> Training epoch # 192	
 * Finished epoch # 192     top1:  28.809  top5:   8.105
	
=> Training epoch # 193	
 * Finished epoch # 193     top1:  28.838  top5:   7.959
	
=> Training epoch # 194	
 * Finished epoch # 194     top1:  29.062  top5:   8.018
	
=> Training epoch # 195	
 * Finished epoch # 195     top1:  28.193  top5:   7.910
	
=> Training epoch # 196	
 * Finished epoch # 196     top1:  28.330  top5:   7.676
	
=> Training epoch # 197	
 * Finished epoch # 197     top1:  29.014  top5:   8.232
	
=> Training epoch # 198	
 * Finished epoch # 198     top1:  29.062  top5:   7.803
	
=> Training epoch # 199	
 * Finished epoch # 199     top1:  28.887  top5:   7.666
	
=> Training epoch # 200	
 * Finished epoch # 200     top1:  28.379  top5:   8.037
	
 * Finished top1: 27.979  top5:  7.168	
