{
  cudnn : "fastest"
  LR : 0.1
  nThreads : 2
  nClasses : 0
  batchSize : 256
  testOnly : false
  netType : "resnet-bn-relu"
  resetClassifier : false
  shortcutType : "A"
  gen : "gen"
  nGPU : 1
  depth : 32
  weightDecay : 0.001
  data : ""
  dataset : "cifar100"
  epochNumber : 1
  manualSeed : 2
  resume : "results/results-bn-relu/try1/cifar100/32"
  optimState : "none"
  nEpochs : 200
  tenCrop : false
  shareGradInput : false
  backend : "cudnn"
  momentum : 0.9
  retrain : "none"
}
=> Creating model from file: models/resnet-bn-relu.lua	
 | ResNet-32 CIFAR-100	
nn.Sequential {
  [input -> (1) -> (2) -> (3) -> (4) -> (5) -> (6) -> (7) -> (8) -> (9) -> output]
  (1): cudnn.SpatialConvolution(3 -> 16, 3x3, 1,1, 1,1) without bias
  (2): nn.Sequential {
    [input -> (1) -> (2) -> output]
    (1): nn.SpatialBatchNormalization (4D) (16)
    (2): nn.ReLU
  }
  (3): nn.Sequential {
    [input -> (1) -> (2) -> (3) -> (4) -> (5) -> output]
    (1): nn.Sequential {
      [input -> (1) -> (2) -> output]
      (1): nn.ConcatTable {
        input
          |`-> (1): nn.Sequential {
          |      [input -> (1) -> (2) -> (3) -> (4) -> output]
          |      (1): cudnn.SpatialConvolution(16 -> 16, 3x3, 1,1, 1,1) without bias
          |      (2): nn.Sequential {
          |        [input -> (1) -> (2) -> output]
          |        (1): nn.SpatialBatchNormalization (4D) (16)
          |        (2): nn.ReLU
          |      }
          |      (3): cudnn.SpatialConvolution(16 -> 16, 3x3, 1,1, 1,1) without bias
          |      (4): nn.SpatialBatchNormalization (4D) (16)
          |    }
           `-> (2): nn.Identity
           ... -> output
      }
      (2): nn.CAddTable
    }
    (2): nn.Sequential {
      [input -> (1) -> (2) -> output]
      (1): nn.ConcatTable {
        input
          |`-> (1): nn.Sequential {
          |      [input -> (1) -> (2) -> (3) -> (4) -> output]
          |      (1): cudnn.SpatialConvolution(16 -> 16, 3x3, 1,1, 1,1) without bias
          |      (2): nn.Sequential {
          |        [input -> (1) -> (2) -> output]
          |        (1): nn.SpatialBatchNormalization (4D) (16)
          |        (2): nn.ReLU
          |      }
          |      (3): cudnn.SpatialConvolution(16 -> 16, 3x3, 1,1, 1,1) without bias
          |      (4): nn.SpatialBatchNormalization (4D) (16)
          |    }
           `-> (2): nn.Identity
           ... -> output
      }
      (2): nn.CAddTable
    }
    (3): nn.Sequential {
      [input -> (1) -> (2) -> output]
      (1): nn.ConcatTable {
        input
          |`-> (1): nn.Sequential {
          |      [input -> (1) -> (2) -> (3) -> (4) -> output]
          |      (1): cudnn.SpatialConvolution(16 -> 16, 3x3, 1,1, 1,1) without bias
          |      (2): nn.Sequential {
          |        [input -> (1) -> (2) -> output]
          |        (1): nn.SpatialBatchNormalization (4D) (16)
          |        (2): nn.ReLU
          |      }
          |      (3): cudnn.SpatialConvolution(16 -> 16, 3x3, 1,1, 1,1) without bias
          |      (4): nn.SpatialBatchNormalization (4D) (16)
          |    }
           `-> (2): nn.Identity
           ... -> output
      }
      (2): nn.CAddTable
    }
    (4): nn.Sequential {
      [input -> (1) -> (2) -> output]
      (1): nn.ConcatTable {
        input
          |`-> (1): nn.Sequential {
          |      [input -> (1) -> (2) -> (3) -> (4) -> output]
          |      (1): cudnn.SpatialConvolution(16 -> 16, 3x3, 1,1, 1,1) without bias
          |      (2): nn.Sequential {
          |        [input -> (1) -> (2) -> output]
          |        (1): nn.SpatialBatchNormalization (4D) (16)
          |        (2): nn.ReLU
          |      }
          |      (3): cudnn.SpatialConvolution(16 -> 16, 3x3, 1,1, 1,1) without bias
          |      (4): nn.SpatialBatchNormalization (4D) (16)
          |    }
           `-> (2): nn.Identity
           ... -> output
      }
      (2): nn.CAddTable
    }
    (5): nn.Sequential {
      [input -> (1) -> (2) -> output]
      (1): nn.ConcatTable {
        input
          |`-> (1): nn.Sequential {
          |      [input -> (1) -> (2) -> (3) -> (4) -> output]
          |      (1): cudnn.SpatialConvolution(16 -> 16, 3x3, 1,1, 1,1) without bias
          |      (2): nn.Sequential {
          |        [input -> (1) -> (2) -> output]
          |        (1): nn.SpatialBatchNormalization (4D) (16)
          |        (2): nn.ReLU
          |      }
          |      (3): cudnn.SpatialConvolution(16 -> 16, 3x3, 1,1, 1,1) without bias
          |      (4): nn.SpatialBatchNormalization (4D) (16)
          |    }
           `-> (2): nn.Identity
           ... -> output
      }
      (2): nn.CAddTable
    }
  }
  (4): nn.Sequential {
    [input -> (1) -> (2) -> (3) -> (4) -> (5) -> output]
    (1): nn.Sequential {
      [input -> (1) -> (2) -> output]
      (1): nn.ConcatTable {
        input
          |`-> (1): nn.Sequential {
          |      [input -> (1) -> (2) -> (3) -> (4) -> output]
          |      (1): cudnn.SpatialConvolution(16 -> 32, 3x3, 2,2, 1,1) without bias
          |      (2): nn.Sequential {
          |        [input -> (1) -> (2) -> output]
          |        (1): nn.SpatialBatchNormalization (4D) (32)
          |        (2): nn.ReLU
          |      }
          |      (3): cudnn.SpatialConvolution(32 -> 32, 3x3, 1,1, 1,1) without bias
          |      (4): nn.SpatialBatchNormalization (4D) (32)
          |    }
           `-> (2): nn.Sequential {
                 [input -> (1) -> (2) -> output]
                 (1): nn.SpatialAveragePooling(1x1, 2,2)
                 (2): nn.Concat {
                   input
                     |`-> (1): nn.Identity
                      `-> (2): nn.MulConstant
                      ... -> output
                 }
               }
           ... -> output
      }
      (2): nn.CAddTable
    }
    (2): nn.Sequential {
      [input -> (1) -> (2) -> output]
      (1): nn.ConcatTable {
        input
          |`-> (1): nn.Sequential {
          |      [input -> (1) -> (2) -> (3) -> (4) -> output]
          |      (1): cudnn.SpatialConvolution(32 -> 32, 3x3, 1,1, 1,1) without bias
          |      (2): nn.Sequential {
          |        [input -> (1) -> (2) -> output]
          |        (1): nn.SpatialBatchNormalization (4D) (32)
          |        (2): nn.ReLU
          |      }
          |      (3): cudnn.SpatialConvolution(32 -> 32, 3x3, 1,1, 1,1) without bias
          |      (4): nn.SpatialBatchNormalization (4D) (32)
          |    }
           `-> (2): nn.Identity
           ... -> output
      }
      (2): nn.CAddTable
    }
    (3): nn.Sequential {
      [input -> (1) -> (2) -> output]
      (1): nn.ConcatTable {
        input
          |`-> (1): nn.Sequential {
          |      [input -> (1) -> (2) -> (3) -> (4) -> output]
          |      (1): cudnn.SpatialConvolution(32 -> 32, 3x3, 1,1, 1,1) without bias
          |      (2): nn.Sequential {
          |        [input -> (1) -> (2) -> output]
          |        (1): nn.SpatialBatchNormalization (4D) (32)
          |        (2): nn.ReLU
          |      }
          |      (3): cudnn.SpatialConvolution(32 -> 32, 3x3, 1,1, 1,1) without bias
          |      (4): nn.SpatialBatchNormalization (4D) (32)
          |    }
           `-> (2): nn.Identity
           ... -> output
      }
      (2): nn.CAddTable
    }
    (4): nn.Sequential {
      [input -> (1) -> (2) -> output]
      (1): nn.ConcatTable {
        input
          |`-> (1): nn.Sequential {
          |      [input -> (1) -> (2) -> (3) -> (4) -> output]
          |      (1): cudnn.SpatialConvolution(32 -> 32, 3x3, 1,1, 1,1) without bias
          |      (2): nn.Sequential {
          |        [input -> (1) -> (2) -> output]
          |        (1): nn.SpatialBatchNormalization (4D) (32)
          |        (2): nn.ReLU
          |      }
          |      (3): cudnn.SpatialConvolution(32 -> 32, 3x3, 1,1, 1,1) without bias
          |      (4): nn.SpatialBatchNormalization (4D) (32)
          |    }
           `-> (2): nn.Identity
           ... -> output
      }
      (2): nn.CAddTable
    }
    (5): nn.Sequential {
      [input -> (1) -> (2) -> output]
      (1): nn.ConcatTable {
        input
          |`-> (1): nn.Sequential {
          |      [input -> (1) -> (2) -> (3) -> (4) -> output]
          |      (1): cudnn.SpatialConvolution(32 -> 32, 3x3, 1,1, 1,1) without bias
          |      (2): nn.Sequential {
          |        [input -> (1) -> (2) -> output]
          |        (1): nn.SpatialBatchNormalization (4D) (32)
          |        (2): nn.ReLU
          |      }
          |      (3): cudnn.SpatialConvolution(32 -> 32, 3x3, 1,1, 1,1) without bias
          |      (4): nn.SpatialBatchNormalization (4D) (32)
          |    }
           `-> (2): nn.Identity
           ... -> output
      }
      (2): nn.CAddTable
    }
  }
  (5): nn.Sequential {
    [input -> (1) -> (2) -> (3) -> (4) -> (5) -> output]
    (1): nn.Sequential {
      [input -> (1) -> (2) -> output]
      (1): nn.ConcatTable {
        input
          |`-> (1): nn.Sequential {
          |      [input -> (1) -> (2) -> (3) -> (4) -> output]
          |      (1): cudnn.SpatialConvolution(32 -> 64, 3x3, 2,2, 1,1) without bias
          |      (2): nn.Sequential {
          |        [input -> (1) -> (2) -> output]
          |        (1): nn.SpatialBatchNormalization (4D) (64)
          |        (2): nn.ReLU
          |      }
          |      (3): cudnn.SpatialConvolution(64 -> 64, 3x3, 1,1, 1,1) without bias
          |      (4): nn.SpatialBatchNormalization (4D) (64)
          |    }
           `-> (2): nn.Sequential {
                 [input -> (1) -> (2) -> output]
                 (1): nn.SpatialAveragePooling(1x1, 2,2)
                 (2): nn.Concat {
                   input
                     |`-> (1): nn.Identity
                      `-> (2): nn.MulConstant
                      ... -> output
                 }
               }
           ... -> output
      }
      (2): nn.CAddTable
    }
    (2): nn.Sequential {
      [input -> (1) -> (2) -> output]
      (1): nn.ConcatTable {
        input
          |`-> (1): nn.Sequential {
          |      [input -> (1) -> (2) -> (3) -> (4) -> output]
          |      (1): cudnn.SpatialConvolution(64 -> 64, 3x3, 1,1, 1,1) without bias
          |      (2): nn.Sequential {
          |        [input -> (1) -> (2) -> output]
          |        (1): nn.SpatialBatchNormalization (4D) (64)
          |        (2): nn.ReLU
          |      }
          |      (3): cudnn.SpatialConvolution(64 -> 64, 3x3, 1,1, 1,1) without bias
          |      (4): nn.SpatialBatchNormalization (4D) (64)
          |    }
           `-> (2): nn.Identity
           ... -> output
      }
      (2): nn.CAddTable
    }
    (3): nn.Sequential {
      [input -> (1) -> (2) -> output]
      (1): nn.ConcatTable {
        input
          |`-> (1): nn.Sequential {
          |      [input -> (1) -> (2) -> (3) -> (4) -> output]
          |      (1): cudnn.SpatialConvolution(64 -> 64, 3x3, 1,1, 1,1) without bias
          |      (2): nn.Sequential {
          |        [input -> (1) -> (2) -> output]
          |        (1): nn.SpatialBatchNormalization (4D) (64)
          |        (2): nn.ReLU
          |      }
          |      (3): cudnn.SpatialConvolution(64 -> 64, 3x3, 1,1, 1,1) without bias
          |      (4): nn.SpatialBatchNormalization (4D) (64)
          |    }
           `-> (2): nn.Identity
           ... -> output
      }
      (2): nn.CAddTable
    }
    (4): nn.Sequential {
      [input -> (1) -> (2) -> output]
      (1): nn.ConcatTable {
        input
          |`-> (1): nn.Sequential {
          |      [input -> (1) -> (2) -> (3) -> (4) -> output]
          |      (1): cudnn.SpatialConvolution(64 -> 64, 3x3, 1,1, 1,1) without bias
          |      (2): nn.Sequential {
          |        [input -> (1) -> (2) -> output]
          |        (1): nn.SpatialBatchNormalization (4D) (64)
          |        (2): nn.ReLU
          |      }
          |      (3): cudnn.SpatialConvolution(64 -> 64, 3x3, 1,1, 1,1) without bias
          |      (4): nn.SpatialBatchNormalization (4D) (64)
          |    }
           `-> (2): nn.Identity
           ... -> output
      }
      (2): nn.CAddTable
    }
    (5): nn.Sequential {
      [input -> (1) -> (2) -> output]
      (1): nn.ConcatTable {
        input
          |`-> (1): nn.Sequential {
          |      [input -> (1) -> (2) -> (3) -> (4) -> output]
          |      (1): cudnn.SpatialConvolution(64 -> 64, 3x3, 1,1, 1,1) without bias
          |      (2): nn.Sequential {
          |        [input -> (1) -> (2) -> output]
          |        (1): nn.SpatialBatchNormalization (4D) (64)
          |        (2): nn.ReLU
          |      }
          |      (3): cudnn.SpatialConvolution(64 -> 64, 3x3, 1,1, 1,1) without bias
          |      (4): nn.SpatialBatchNormalization (4D) (64)
          |    }
           `-> (2): nn.Identity
           ... -> output
      }
      (2): nn.CAddTable
    }
  }
  (6): nn.Sequential {
    [input -> (1) -> (2) -> output]
    (1): nn.SpatialBatchNormalization (4D) (64)
    (2): nn.ReLU
  }
  (7): cudnn.SpatialAveragePooling(8x8, 1,1)
  (8): nn.View(64)
  (9): nn.Linear(64 -> 100)
}
=> Training epoch # 1	
 * Finished epoch # 1     top1:  91.953  top5:  72.441
	
 * Best model 	91.953125	72.44140625	
=> Training epoch # 2	
 * Finished epoch # 2     top1:  89.092  top5:  65.557
	
 * Best model 	89.091796875	65.556640625	
=> Training epoch # 3	
 * Finished epoch # 3     top1:  81.543  top5:  56.045
	
 * Best model 	81.54296875	56.044921875	
=> Training epoch # 4	
 * Finished epoch # 4     top1:  75.195  top5:  41.865
	
 * Best model 	75.1953125	41.865234375	
=> Training epoch # 5	
 * Finished epoch # 5     top1:  66.416  top5:  32.031
	
 * Best model 	66.416015625	32.03125	
=> Training epoch # 6	
 * Finished epoch # 6     top1:  68.037  top5:  34.746
	
=> Training epoch # 7	
 * Finished epoch # 7     top1:  68.477  top5:  37.324
	
=> Training epoch # 8	
 * Finished epoch # 8     top1:  69.883  top5:  39.219
	
=> Training epoch # 9	
 * Finished epoch # 9     top1:  72.148  top5:  42.412
	
=> Training epoch # 10	
 * Finished epoch # 10     top1:  64.326  top5:  31.787
	
 * Best model 	64.326171875	31.787109375	
=> Training epoch # 11	
 * Finished epoch # 11     top1:  67.500  top5:  33.564
	
=> Training epoch # 12	
 * Finished epoch # 12     top1:  64.873  top5:  32.471
	
=> Training epoch # 13	
 * Finished epoch # 13     top1:  62.979  top5:  28.789
	
 * Best model 	62.978515625	28.7890625	
=> Training epoch # 14	
 * Finished epoch # 14     top1:  56.279  top5:  23.027
	
 * Best model 	56.279296875	23.02734375	
=> Training epoch # 15	
 * Finished epoch # 15     top1:  57.803  top5:  25.459
	
=> Training epoch # 16	
 * Finished epoch # 16     top1:  54.131  top5:  23.301
	
 * Best model 	54.130859375	23.30078125	
=> Training epoch # 17	
 * Finished epoch # 17     top1:  70.303  top5:  38.135
	
=> Training epoch # 18	
 * Finished epoch # 18     top1:  53.994  top5:  22.920
	
 * Best model 	53.994140625	22.919921875	
=> Training epoch # 19	
 * Finished epoch # 19     top1:  54.258  top5:  22.871
	
=> Training epoch # 20	
 * Finished epoch # 20     top1:  60.693  top5:  29.004
	
=> Training epoch # 21	
 * Finished epoch # 21     top1:  54.150  top5:  23.721
	
=> Training epoch # 22	
 * Finished epoch # 22     top1:  52.314  top5:  20.352
	
 * Best model 	52.314453125	20.3515625	
=> Training epoch # 23	
 * Finished epoch # 23     top1:  57.285  top5:  24.521
	
=> Training epoch # 24	
 * Finished epoch # 24     top1:  55.088  top5:  21.172
	
=> Training epoch # 25	
 * Finished epoch # 25     top1:  53.516  top5:  22.871
	
=> Training epoch # 26	
 * Finished epoch # 26     top1:  52.451  top5:  20.889
	
=> Training epoch # 27	
 * Finished epoch # 27     top1:  57.451  top5:  25.928
	
=> Training epoch # 28	
 * Finished epoch # 28     top1:  50.977  top5:  20.020
	
 * Best model 	50.9765625	20.01953125	
=> Training epoch # 29	
 * Finished epoch # 29     top1:  51.797  top5:  20.400
	
=> Training epoch # 30	
 * Finished epoch # 30     top1:  55.635  top5:  24.043
	
=> Training epoch # 31	
 * Finished epoch # 31     top1:  59.688  top5:  26.201
	
=> Training epoch # 32	
 * Finished epoch # 32     top1:  53.320  top5:  21.816
	
=> Training epoch # 33	
 * Finished epoch # 33     top1:  53.389  top5:  22.686
	
=> Training epoch # 34	
 * Finished epoch # 34     top1:  50.762  top5:  19.072
	
 * Best model 	50.76171875	19.072265625	
=> Training epoch # 35	
 * Finished epoch # 35     top1:  53.828  top5:  22.148
	
=> Training epoch # 36	
 * Finished epoch # 36     top1:  49.961  top5:  20.312
	
 * Best model 	49.9609375	20.3125	
=> Training epoch # 37	
 * Finished epoch # 37     top1:  53.213  top5:  22.520
	
=> Training epoch # 38	
 * Finished epoch # 38     top1:  52.705  top5:  22.656
	
=> Training epoch # 39	
 * Finished epoch # 39     top1:  51.494  top5:  19.951
	
=> Training epoch # 40	
 * Finished epoch # 40     top1:  54.990  top5:  22.598
	
=> Training epoch # 41	
 * Finished epoch # 41     top1:  53.359  top5:  21.631
	
=> Training epoch # 42	
 * Finished epoch # 42     top1:  51.992  top5:  22.168
	
=> Training epoch # 43	
 * Finished epoch # 43     top1:  52.656  top5:  21.260
	
=> Training epoch # 44	
 * Finished epoch # 44     top1:  52.725  top5:  20.449
	
=> Training epoch # 45	
 * Finished epoch # 45     top1:  50.332  top5:  20.557
	
=> Training epoch # 46	
 * Finished epoch # 46     top1:  49.961  top5:  18.770
	
=> Training epoch # 47	
 * Finished epoch # 47     top1:  53.066  top5:  20.654
	
=> Training epoch # 48	
 * Finished epoch # 48     top1:  49.727  top5:  17.666
	
 * Best model 	49.7265625	17.666015625	
=> Training epoch # 49	
 * Finished epoch # 49     top1:  52.822  top5:  20.723
	
=> Training epoch # 50	
 * Finished epoch # 50     top1:  53.223  top5:  22.236
	
=> Training epoch # 51	
 * Finished epoch # 51     top1:  51.709  top5:  19.932
	
=> Training epoch # 52	
 * Finished epoch # 52     top1:  53.350  top5:  21.523
	
=> Training epoch # 53	
 * Finished epoch # 53     top1:  50.078  top5:  18.467
	
=> Training epoch # 54	
 * Finished epoch # 54     top1:  53.408  top5:  22.793
	
=> Training epoch # 55	
 * Finished epoch # 55     top1:  53.965  top5:  22.119
	
=> Training epoch # 56	
 * Finished epoch # 56     top1:  47.949  top5:  16.455
	
 * Best model 	47.94921875	16.455078125	
=> Training epoch # 57	
 * Finished epoch # 57     top1:  48.350  top5:  18.369
	
=> Training epoch # 58	
 * Finished epoch # 58     top1:  49.326  top5:  19.268
	
=> Training epoch # 59	
 * Finished epoch # 59     top1:  52.129  top5:  21.494
	
=> Training epoch # 60	
 * Finished epoch # 60     top1:  59.424  top5:  25.752
	
=> Training epoch # 61	
 * Finished epoch # 61     top1:  50.684  top5:  20.430
	
=> Training epoch # 62	
 * Finished epoch # 62     top1:  58.701  top5:  26.641
	
=> Training epoch # 63	
 * Finished epoch # 63     top1:  52.393  top5:  20.557
	
=> Training epoch # 64	
 * Finished epoch # 64     top1:  50.732  top5:  20.371
	
=> Training epoch # 65	
 * Finished epoch # 65     top1:  52.090  top5:  20.947
	
=> Training epoch # 66	
 * Finished epoch # 66     top1:  48.457  top5:  18.584
	
=> Training epoch # 67	
 * Finished epoch # 67     top1:  56.719  top5:  26.006
	
=> Training epoch # 68	
 * Finished epoch # 68     top1:  52.803  top5:  22.568
	
=> Training epoch # 69	
 * Finished epoch # 69     top1:  51.299  top5:  21.494
	
=> Training epoch # 70	
 * Finished epoch # 70     top1:  49.902  top5:  19.922
	
=> Training epoch # 71	
 * Finished epoch # 71     top1:  50.693  top5:  19.062
	
=> Training epoch # 72	
 * Finished epoch # 72     top1:  46.855  top5:  17.002
	
 * Best model 	46.85546875	17.001953125	
=> Training epoch # 73	
 * Finished epoch # 73     top1:  50.156  top5:  19.863
	
=> Training epoch # 74	
 * Finished epoch # 74     top1:  54.287  top5:  20.537
	
=> Training epoch # 75	
 * Finished epoch # 75     top1:  54.170  top5:  22.471
	
=> Training epoch # 76	
 * Finished epoch # 76     top1:  50.469  top5:  18.809
	
=> Training epoch # 77	
 * Finished epoch # 77     top1:  51.768  top5:  20.283
	
=> Training epoch # 78	
 * Finished epoch # 78     top1:  53.838  top5:  22.051
	
=> Training epoch # 79	
 * Finished epoch # 79     top1:  47.158  top5:  17.373
	
=> Training epoch # 80	
 * Finished epoch # 80     top1:  50.566  top5:  19.873
	
=> Training epoch # 81	
 * Finished epoch # 81     top1:  32.314  top5:   8.809
	
 * Best model 	32.314453125	8.80859375	
=> Training epoch # 82	
 * Finished epoch # 82     top1:  32.637  top5:   8.672
	
=> Training epoch # 83	
 * Finished epoch # 83     top1:  31.475  top5:   8.555
	
 * Best model 	31.474609375	8.5546875	
=> Training epoch # 84	
 * Finished epoch # 84     top1:  31.416  top5:   8.447
	
 * Best model 	31.416015625	8.447265625	
=> Training epoch # 85	
 * Finished epoch # 85     top1:  31.074  top5:   8.281
	
 * Best model 	31.07421875	8.28125	
=> Training epoch # 86	
 * Finished epoch # 86     top1:  31.650  top5:   8.545
	
=> Training epoch # 87	
 * Finished epoch # 87     top1:  31.484  top5:   8.389
	
=> Training epoch # 88	
 * Finished epoch # 88     top1:  31.631  top5:   8.506
	
=> Training epoch # 89	
 * Finished epoch # 89     top1:  31.631  top5:   8.555
	
=> Training epoch # 90	
 * Finished epoch # 90     top1:  31.416  top5:   8.252
	
=> Training epoch # 91	
 * Finished epoch # 91     top1:  31.611  top5:   8.574
	
=> Training epoch # 92	
 * Finished epoch # 92     top1:  32.441  top5:   8.838
	
=> Training epoch # 93	
 * Finished epoch # 93     top1:  31.543  top5:   8.789
	
=> Training epoch # 94	
 * Finished epoch # 94     top1:  33.232  top5:   8.857
	
=> Training epoch # 95	
 * Finished epoch # 95     top1:  32.246  top5:   9.141
	
=> Training epoch # 96	
 * Finished epoch # 96     top1:  32.520  top5:   9.111
	
=> Training epoch # 97	
 * Finished epoch # 97     top1:  32.617  top5:   9.111
	
=> Training epoch # 98	
 * Finished epoch # 98     top1:  32.910  top5:   8.691
	
=> Training epoch # 99	
 * Finished epoch # 99     top1:  32.607  top5:   8.857
	
=> Training epoch # 100	
 * Finished epoch # 100     top1:  32.363  top5:   8.975
	
=> Training epoch # 101	
 * Finished epoch # 101     top1:  32.393  top5:   8.623
	
=> Training epoch # 102	
 * Finished epoch # 102     top1:  32.236  top5:   9.092
	
=> Training epoch # 103	
 * Finished epoch # 103     top1:  32.637  top5:   8.936
	
=> Training epoch # 104	
 * Finished epoch # 104     top1:  33.242  top5:   9.238
	
=> Training epoch # 105	
 * Finished epoch # 105     top1:  34.033  top5:  10.029
	
=> Training epoch # 106	
 * Finished epoch # 106     top1:  34.248  top5:  10.234
	
=> Training epoch # 107	
 * Finished epoch # 107     top1:  33.418  top5:   9.062
	
=> Training epoch # 108	
 * Finished epoch # 108     top1:  32.305  top5:   9.062
	
=> Training epoch # 109	
 * Finished epoch # 109     top1:  34.043  top5:   9.658
	
=> Training epoch # 110	
 * Finished epoch # 110     top1:  33.281  top5:   9.561
	
=> Training epoch # 111	
 * Finished epoch # 111     top1:  34.092  top5:   9.863
	
=> Training epoch # 112	
 * Finished epoch # 112     top1:  33.750  top5:   9.668
	
=> Training epoch # 113	
 * Finished epoch # 113     top1:  33.125  top5:   9.102
	
=> Training epoch # 114	
 * Finished epoch # 114     top1:  34.355  top5:   9.844
	
=> Training epoch # 115	
 * Finished epoch # 115     top1:  33.301  top5:   9.785
	
=> Training epoch # 116	
 * Finished epoch # 116     top1:  34.385  top5:   9.873
	
=> Training epoch # 117	
 * Finished epoch # 117     top1:  33.174  top5:   9.971
	
=> Training epoch # 118	
 * Finished epoch # 118     top1:  34.199  top5:  10.029
	
=> Training epoch # 119	
 * Finished epoch # 119     top1:  33.457  top5:   9.736
	
=> Training epoch # 120	
 * Finished epoch # 120     top1:  33.428  top5:   9.775
	
=> Training epoch # 121	
 * Finished epoch # 121     top1:  34.160  top5:  10.098
	
=> Training epoch # 122	
 * Finished epoch # 122     top1:  29.541  top5:   7.842
	
 * Best model 	29.541015625	7.841796875	
=> Training epoch # 123	
 * Finished epoch # 123     top1:  29.473  top5:   7.520
	
 * Best model 	29.47265625	7.51953125	
=> Training epoch # 124	
 * Finished epoch # 124     top1:  29.580  top5:   7.676
	
=> Training epoch # 125	
 * Finished epoch # 125     top1:  29.736  top5:   8.018
	
=> Training epoch # 126	
 * Finished epoch # 126     top1:  29.082  top5:   7.480
	
 * Best model 	29.08203125	7.48046875	
=> Training epoch # 127	
 * Finished epoch # 127     top1:  29.482  top5:   8.066
	
=> Training epoch # 128	
 * Finished epoch # 128     top1:  29.053  top5:   7.539
	
 * Best model 	29.052734375	7.5390625	
=> Training epoch # 129	
 * Finished epoch # 129     top1:  29.385  top5:   8.096
	
=> Training epoch # 130	
 * Finished epoch # 130     top1:  29.463  top5:   7.734
	
=> Training epoch # 131	
 * Finished epoch # 131     top1:  29.033  top5:   7.656
	
 * Best model 	29.033203125	7.65625	
=> Training epoch # 132	
 * Finished epoch # 132     top1:  29.609  top5:   7.744
	
=> Training epoch # 133	
 * Finished epoch # 133     top1:  29.541  top5:   7.754
	
=> Training epoch # 134	
 * Finished epoch # 134     top1:  29.580  top5:   8.037
	
=> Training epoch # 135	
 * Finished epoch # 135     top1:  29.648  top5:   8.086
	
=> Training epoch # 136	
 * Finished epoch # 136     top1:  29.961  top5:   8.633
	
=> Training epoch # 137	
 * Finished epoch # 137     top1:  29.238  top5:   7.988
	
=> Training epoch # 138	
 * Finished epoch # 138     top1:  29.453  top5:   8.008
	
=> Training epoch # 139	
 * Finished epoch # 139     top1:  29.980  top5:   7.861
	
=> Training epoch # 140	
 * Finished epoch # 140     top1:  29.170  top5:   7.783
	
=> Training epoch # 141	
 * Finished epoch # 141     top1:  29.941  top5:   8.037
	
=> Training epoch # 142	
 * Finished epoch # 142     top1:  30.264  top5:   8.213
	
=> Training epoch # 143	
 * Finished epoch # 143     top1:  30.117  top5:   7.998
	
=> Training epoch # 144	
 * Finished epoch # 144     top1:  29.287  top5:   7.891
	
=> Training epoch # 145	
 * Finished epoch # 145     top1:  29.395  top5:   8.125
	
=> Training epoch # 146	
 * Finished epoch # 146     top1:  29.746  top5:   8.213
	
=> Training epoch # 147	
 * Finished epoch # 147     top1:  30.029  top5:   8.525
	
=> Training epoch # 148	
 * Finished epoch # 148     top1:  29.746  top5:   8.057
	
=> Training epoch # 149	
 * Finished epoch # 149     top1:  29.648  top5:   8.262
	
=> Training epoch # 150	
 * Finished epoch # 150     top1:  30.078  top5:   8.330
	
=> Training epoch # 151	
 * Finished epoch # 151     top1:  29.951  top5:   8.291
	
=> Training epoch # 152	
 * Finished epoch # 152     top1:  30.518  top5:   8.506
	
=> Training epoch # 153	
 * Finished epoch # 153     top1:  29.990  top5:   8.301
	
=> Training epoch # 154	
 * Finished epoch # 154     top1:  30.273  top5:   8.477
	
=> Training epoch # 155	
 * Finished epoch # 155     top1:  30.312  top5:   8.252
	
=> Training epoch # 156	
 * Finished epoch # 156     top1:  30.352  top5:   8.115
	
=> Training epoch # 157	
 * Finished epoch # 157     top1:  30.186  top5:   8.252
	
=> Training epoch # 158	
 * Finished epoch # 158     top1:  30.303  top5:   8.066
	
=> Training epoch # 159	
 * Finished epoch # 159     top1:  30.254  top5:   8.389
	
=> Training epoch # 160	
 * Finished epoch # 160     top1:  30.088  top5:   8.027
	
=> Training epoch # 161	
 * Finished epoch # 161     top1:  29.961  top5:   8.281
	
=> Training epoch # 162	
 * Finished epoch # 162     top1:  30.566  top5:   8.291
	
=> Training epoch # 163	
 * Finished epoch # 163     top1:  30.859  top5:   8.613
	
=> Training epoch # 164	
 * Finished epoch # 164     top1:  30.117  top5:   8.281
	
=> Training epoch # 165	
 * Finished epoch # 165     top1:  30.430  top5:   8.350
	
=> Training epoch # 166	
 * Finished epoch # 166     top1:  30.410  top5:   8.066
	
=> Training epoch # 167	
 * Finished epoch # 167     top1:  30.498  top5:   8.545
	
=> Training epoch # 168	
 * Finished epoch # 168     top1:  30.859  top5:   8.652
	
=> Training epoch # 169	
 * Finished epoch # 169     top1:  30.732  top5:   8.340
	
=> Training epoch # 170	
 * Finished epoch # 170     top1:  30.312  top5:   8.408
	
=> Training epoch # 171	
 * Finished epoch # 171     top1:  30.420  top5:   8.613
	
=> Training epoch # 172	
 * Finished epoch # 172     top1:  30.518  top5:   8.467
	
=> Training epoch # 173	
 * Finished epoch # 173     top1:  30.469  top5:   8.760
	
=> Training epoch # 174	
 * Finished epoch # 174     top1:  30.049  top5:   8.379
	
=> Training epoch # 175	
 * Finished epoch # 175     top1:  30.020  top5:   8.477
	
=> Training epoch # 176	
 * Finished epoch # 176     top1:  31.016  top5:   8.555
	
=> Training epoch # 177	
 * Finished epoch # 177     top1:  30.830  top5:   8.467
	
=> Training epoch # 178	
 * Finished epoch # 178     top1:  30.332  top5:   8.379
	
=> Training epoch # 179	
 * Finished epoch # 179     top1:  30.752  top5:   8.418
	
=> Training epoch # 180	
 * Finished epoch # 180     top1:  31.143  top5:   8.887
	
=> Training epoch # 181	
 * Finished epoch # 181     top1:  30.479  top5:   8.721
	
=> Training epoch # 182	
 * Finished epoch # 182     top1:  30.293  top5:   8.486
	
=> Training epoch # 183	
 * Finished epoch # 183     top1:  30.391  top5:   8.525
	
=> Training epoch # 184	
 * Finished epoch # 184     top1:  30.840  top5:   8.955
	
=> Training epoch # 185	
 * Finished epoch # 185     top1:  31.006  top5:   8.506
	
=> Training epoch # 186	
 * Finished epoch # 186     top1:  31.055  top5:   8.652
	
=> Training epoch # 187	
 * Finished epoch # 187     top1:  30.596  top5:   8.506
	
=> Training epoch # 188	
 * Finished epoch # 188     top1:  30.654  top5:   8.701
	
=> Training epoch # 189	
 * Finished epoch # 189     top1:  30.508  top5:   8.652
	
=> Training epoch # 190	
 * Finished epoch # 190     top1:  30.752  top5:   8.711
	
=> Training epoch # 191	
 * Finished epoch # 191     top1:  30.850  top5:   8.682
	
=> Training epoch # 192	
 * Finished epoch # 192     top1:  31.084  top5:   9.023
	
=> Training epoch # 193	
 * Finished epoch # 193     top1:  31.104  top5:   8.682
	
=> Training epoch # 194	
 * Finished epoch # 194     top1:  30.273  top5:   8.564
	
=> Training epoch # 195	
 * Finished epoch # 195     top1:  30.635  top5:   8.877
	
=> Training epoch # 196	
 * Finished epoch # 196     top1:  30.635  top5:   8.574
	
=> Training epoch # 197	
 * Finished epoch # 197     top1:  30.977  top5:   9.053
	
=> Training epoch # 198	
 * Finished epoch # 198     top1:  30.869  top5:   8.760
	
=> Training epoch # 199	
 * Finished epoch # 199     top1:  31.240  top5:   9.160
	
=> Training epoch # 200	
 * Finished epoch # 200     top1:  30.352  top5:   8.662
	
 * Finished top1: 29.033  top5:  7.656	
