{
  cudnn : "fastest"
  LR : 0.1
  nThreads : 2
  nClasses : 0
  batchSize : 256
  testOnly : false
  netType : "resnet"
  resetClassifier : false
  shortcutType : "A"
  gen : "gen"
  nGPU : 1
  depth : 32
  weightDecay : 0.001
  data : ""
  dataset : "cifar100"
  epochNumber : 1
  manualSeed : 2
  resume : "results/results-elu/try2/cifar100/32"
  optimState : "none"
  nEpochs : 200
  tenCrop : false
  shareGradInput : false
  backend : "cudnn"
  momentum : 0.9
  retrain : "none"
}
=> Creating model from file: models/resnet.lua	
 | ResNet-32 CIFAR-100	
nn.Sequential {
  [input -> (1) -> (2) -> (3) -> (4) -> (5) -> (6) -> (7) -> (8) -> (9) -> output]
  (1): cudnn.SpatialConvolution(3 -> 16, 3x3, 1,1, 1,1) without bias
  (2): nn.ELU (alpha:1.000000)
  (3): nn.Sequential {
    [input -> (1) -> (2) -> (3) -> (4) -> (5) -> output]
    (1): nn.Sequential {
      [input -> (1) -> (2) -> output]
      (1): nn.ConcatTable {
        input
          |`-> (1): nn.Sequential {
          |      [input -> (1) -> (2) -> (3) -> (4) -> output]
          |      (1): cudnn.SpatialConvolution(16 -> 16, 3x3, 1,1, 1,1) without bias
          |      (2): nn.ELU (alpha:1.000000)
          |      (3): cudnn.SpatialConvolution(16 -> 16, 3x3, 1,1, 1,1) without bias
          |      (4): nn.SpatialBatchNormalization (4D) (16)
          |    }
           `-> (2): nn.Identity
           ... -> output
      }
      (2): nn.CAddTable
    }
    (2): nn.Sequential {
      [input -> (1) -> (2) -> output]
      (1): nn.ConcatTable {
        input
          |`-> (1): nn.Sequential {
          |      [input -> (1) -> (2) -> (3) -> (4) -> output]
          |      (1): cudnn.SpatialConvolution(16 -> 16, 3x3, 1,1, 1,1) without bias
          |      (2): nn.ELU (alpha:1.000000)
          |      (3): cudnn.SpatialConvolution(16 -> 16, 3x3, 1,1, 1,1) without bias
          |      (4): nn.SpatialBatchNormalization (4D) (16)
          |    }
           `-> (2): nn.Identity
           ... -> output
      }
      (2): nn.CAddTable
    }
    (3): nn.Sequential {
      [input -> (1) -> (2) -> output]
      (1): nn.ConcatTable {
        input
          |`-> (1): nn.Sequential {
          |      [input -> (1) -> (2) -> (3) -> (4) -> output]
          |      (1): cudnn.SpatialConvolution(16 -> 16, 3x3, 1,1, 1,1) without bias
          |      (2): nn.ELU (alpha:1.000000)
          |      (3): cudnn.SpatialConvolution(16 -> 16, 3x3, 1,1, 1,1) without bias
          |      (4): nn.SpatialBatchNormalization (4D) (16)
          |    }
           `-> (2): nn.Identity
           ... -> output
      }
      (2): nn.CAddTable
    }
    (4): nn.Sequential {
      [input -> (1) -> (2) -> output]
      (1): nn.ConcatTable {
        input
          |`-> (1): nn.Sequential {
          |      [input -> (1) -> (2) -> (3) -> (4) -> output]
          |      (1): cudnn.SpatialConvolution(16 -> 16, 3x3, 1,1, 1,1) without bias
          |      (2): nn.ELU (alpha:1.000000)
          |      (3): cudnn.SpatialConvolution(16 -> 16, 3x3, 1,1, 1,1) without bias
          |      (4): nn.SpatialBatchNormalization (4D) (16)
          |    }
           `-> (2): nn.Identity
           ... -> output
      }
      (2): nn.CAddTable
    }
    (5): nn.Sequential {
      [input -> (1) -> (2) -> output]
      (1): nn.ConcatTable {
        input
          |`-> (1): nn.Sequential {
          |      [input -> (1) -> (2) -> (3) -> (4) -> output]
          |      (1): cudnn.SpatialConvolution(16 -> 16, 3x3, 1,1, 1,1) without bias
          |      (2): nn.ELU (alpha:1.000000)
          |      (3): cudnn.SpatialConvolution(16 -> 16, 3x3, 1,1, 1,1) without bias
          |      (4): nn.SpatialBatchNormalization (4D) (16)
          |    }
           `-> (2): nn.Identity
           ... -> output
      }
      (2): nn.CAddTable
    }
  }
  (4): nn.Sequential {
    [input -> (1) -> (2) -> (3) -> (4) -> (5) -> output]
    (1): nn.Sequential {
      [input -> (1) -> (2) -> output]
      (1): nn.ConcatTable {
        input
          |`-> (1): nn.Sequential {
          |      [input -> (1) -> (2) -> (3) -> (4) -> output]
          |      (1): cudnn.SpatialConvolution(16 -> 32, 3x3, 2,2, 1,1) without bias
          |      (2): nn.ELU (alpha:1.000000)
          |      (3): cudnn.SpatialConvolution(32 -> 32, 3x3, 1,1, 1,1) without bias
          |      (4): nn.SpatialBatchNormalization (4D) (32)
          |    }
           `-> (2): nn.Sequential {
                 [input -> (1) -> (2) -> output]
                 (1): nn.SpatialAveragePooling(1x1, 2,2)
                 (2): nn.Concat {
                   input
                     |`-> (1): nn.Identity
                      `-> (2): nn.MulConstant
                      ... -> output
                 }
               }
           ... -> output
      }
      (2): nn.CAddTable
    }
    (2): nn.Sequential {
      [input -> (1) -> (2) -> output]
      (1): nn.ConcatTable {
        input
          |`-> (1): nn.Sequential {
          |      [input -> (1) -> (2) -> (3) -> (4) -> output]
          |      (1): cudnn.SpatialConvolution(32 -> 32, 3x3, 1,1, 1,1) without bias
          |      (2): nn.ELU (alpha:1.000000)
          |      (3): cudnn.SpatialConvolution(32 -> 32, 3x3, 1,1, 1,1) without bias
          |      (4): nn.SpatialBatchNormalization (4D) (32)
          |    }
           `-> (2): nn.Identity
           ... -> output
      }
      (2): nn.CAddTable
    }
    (3): nn.Sequential {
      [input -> (1) -> (2) -> output]
      (1): nn.ConcatTable {
        input
          |`-> (1): nn.Sequential {
          |      [input -> (1) -> (2) -> (3) -> (4) -> output]
          |      (1): cudnn.SpatialConvolution(32 -> 32, 3x3, 1,1, 1,1) without bias
          |      (2): nn.ELU (alpha:1.000000)
          |      (3): cudnn.SpatialConvolution(32 -> 32, 3x3, 1,1, 1,1) without bias
          |      (4): nn.SpatialBatchNormalization (4D) (32)
          |    }
           `-> (2): nn.Identity
           ... -> output
      }
      (2): nn.CAddTable
    }
    (4): nn.Sequential {
      [input -> (1) -> (2) -> output]
      (1): nn.ConcatTable {
        input
          |`-> (1): nn.Sequential {
          |      [input -> (1) -> (2) -> (3) -> (4) -> output]
          |      (1): cudnn.SpatialConvolution(32 -> 32, 3x3, 1,1, 1,1) without bias
          |      (2): nn.ELU (alpha:1.000000)
          |      (3): cudnn.SpatialConvolution(32 -> 32, 3x3, 1,1, 1,1) without bias
          |      (4): nn.SpatialBatchNormalization (4D) (32)
          |    }
           `-> (2): nn.Identity
           ... -> output
      }
      (2): nn.CAddTable
    }
    (5): nn.Sequential {
      [input -> (1) -> (2) -> output]
      (1): nn.ConcatTable {
        input
          |`-> (1): nn.Sequential {
          |      [input -> (1) -> (2) -> (3) -> (4) -> output]
          |      (1): cudnn.SpatialConvolution(32 -> 32, 3x3, 1,1, 1,1) without bias
          |      (2): nn.ELU (alpha:1.000000)
          |      (3): cudnn.SpatialConvolution(32 -> 32, 3x3, 1,1, 1,1) without bias
          |      (4): nn.SpatialBatchNormalization (4D) (32)
          |    }
           `-> (2): nn.Identity
           ... -> output
      }
      (2): nn.CAddTable
    }
  }
  (5): nn.Sequential {
    [input -> (1) -> (2) -> (3) -> (4) -> (5) -> output]
    (1): nn.Sequential {
      [input -> (1) -> (2) -> output]
      (1): nn.ConcatTable {
        input
          |`-> (1): nn.Sequential {
          |      [input -> (1) -> (2) -> (3) -> (4) -> output]
          |      (1): cudnn.SpatialConvolution(32 -> 64, 3x3, 2,2, 1,1) without bias
          |      (2): nn.ELU (alpha:1.000000)
          |      (3): cudnn.SpatialConvolution(64 -> 64, 3x3, 1,1, 1,1) without bias
          |      (4): nn.SpatialBatchNormalization (4D) (64)
          |    }
           `-> (2): nn.Sequential {
                 [input -> (1) -> (2) -> output]
                 (1): nn.SpatialAveragePooling(1x1, 2,2)
                 (2): nn.Concat {
                   input
                     |`-> (1): nn.Identity
                      `-> (2): nn.MulConstant
                      ... -> output
                 }
               }
           ... -> output
      }
      (2): nn.CAddTable
    }
    (2): nn.Sequential {
      [input -> (1) -> (2) -> output]
      (1): nn.ConcatTable {
        input
          |`-> (1): nn.Sequential {
          |      [input -> (1) -> (2) -> (3) -> (4) -> output]
          |      (1): cudnn.SpatialConvolution(64 -> 64, 3x3, 1,1, 1,1) without bias
          |      (2): nn.ELU (alpha:1.000000)
          |      (3): cudnn.SpatialConvolution(64 -> 64, 3x3, 1,1, 1,1) without bias
          |      (4): nn.SpatialBatchNormalization (4D) (64)
          |    }
           `-> (2): nn.Identity
           ... -> output
      }
      (2): nn.CAddTable
    }
    (3): nn.Sequential {
      [input -> (1) -> (2) -> output]
      (1): nn.ConcatTable {
        input
          |`-> (1): nn.Sequential {
          |      [input -> (1) -> (2) -> (3) -> (4) -> output]
          |      (1): cudnn.SpatialConvolution(64 -> 64, 3x3, 1,1, 1,1) without bias
          |      (2): nn.ELU (alpha:1.000000)
          |      (3): cudnn.SpatialConvolution(64 -> 64, 3x3, 1,1, 1,1) without bias
          |      (4): nn.SpatialBatchNormalization (4D) (64)
          |    }
           `-> (2): nn.Identity
           ... -> output
      }
      (2): nn.CAddTable
    }
    (4): nn.Sequential {
      [input -> (1) -> (2) -> output]
      (1): nn.ConcatTable {
        input
          |`-> (1): nn.Sequential {
          |      [input -> (1) -> (2) -> (3) -> (4) -> output]
          |      (1): cudnn.SpatialConvolution(64 -> 64, 3x3, 1,1, 1,1) without bias
          |      (2): nn.ELU (alpha:1.000000)
          |      (3): cudnn.SpatialConvolution(64 -> 64, 3x3, 1,1, 1,1) without bias
          |      (4): nn.SpatialBatchNormalization (4D) (64)
          |    }
           `-> (2): nn.Identity
           ... -> output
      }
      (2): nn.CAddTable
    }
    (5): nn.Sequential {
      [input -> (1) -> (2) -> output]
      (1): nn.ConcatTable {
        input
          |`-> (1): nn.Sequential {
          |      [input -> (1) -> (2) -> (3) -> (4) -> output]
          |      (1): cudnn.SpatialConvolution(64 -> 64, 3x3, 1,1, 1,1) without bias
          |      (2): nn.ELU (alpha:1.000000)
          |      (3): cudnn.SpatialConvolution(64 -> 64, 3x3, 1,1, 1,1) without bias
          |      (4): nn.SpatialBatchNormalization (4D) (64)
          |    }
           `-> (2): nn.Identity
           ... -> output
      }
      (2): nn.CAddTable
    }
  }
  (6): nn.ELU (alpha:1.000000)
  (7): cudnn.SpatialAveragePooling(8x8, 1,1)
  (8): nn.View(64)
  (9): nn.Linear(64 -> 100)
}
=> Training epoch # 1	
 * Finished epoch # 1     top1:  85.859  top5:  61.377
	
 * Best model 	85.859375	61.376953125	
=> Training epoch # 2	
 * Finished epoch # 2     top1:  74.424  top5:  43.896
	
 * Best model 	74.423828125	43.896484375	
=> Training epoch # 3	
 * Finished epoch # 3     top1:  69.404  top5:  36.777
	
 * Best model 	69.404296875	36.77734375	
=> Training epoch # 4	
 * Finished epoch # 4     top1:  66.768  top5:  32.031
	
 * Best model 	66.767578125	32.03125	
=> Training epoch # 5	
 * Finished epoch # 5     top1:  61.982  top5:  28.721
	
 * Best model 	61.982421875	28.720703125	
=> Training epoch # 6	
 * Finished epoch # 6     top1:  61.104  top5:  27.900
	
 * Best model 	61.103515625	27.900390625	
=> Training epoch # 7	
 * Finished epoch # 7     top1:  58.701  top5:  25.576
	
 * Best model 	58.701171875	25.576171875	
=> Training epoch # 8	
 * Finished epoch # 8     top1:  54.746  top5:  21.719
	
 * Best model 	54.74609375	21.71875	
=> Training epoch # 9	
 * Finished epoch # 9     top1:  53.838  top5:  21.943
	
 * Best model 	53.837890625	21.943359375	
=> Training epoch # 10	
 * Finished epoch # 10     top1:  52.324  top5:  20.850
	
 * Best model 	52.32421875	20.849609375	
=> Training epoch # 11	
 * Finished epoch # 11     top1:  54.326  top5:  22.939
	
=> Training epoch # 12	
 * Finished epoch # 12     top1:  54.805  top5:  23.213
	
=> Training epoch # 13	
 * Finished epoch # 13     top1:  50.020  top5:  19.170
	
 * Best model 	50.01953125	19.169921875	
=> Training epoch # 14	
 * Finished epoch # 14     top1:  50.732  top5:  19.414
	
=> Training epoch # 15	
 * Finished epoch # 15     top1:  49.492  top5:  19.121
	
 * Best model 	49.4921875	19.12109375	
=> Training epoch # 16	
 * Finished epoch # 16     top1:  50.410  top5:  18.223
	
=> Training epoch # 17	
 * Finished epoch # 17     top1:  50.400  top5:  19.453
	
=> Training epoch # 18	
 * Finished epoch # 18     top1:  50.381  top5:  19.150
	
=> Training epoch # 19	
 * Finished epoch # 19     top1:  48.154  top5:  18.154
	
 * Best model 	48.154296875	18.154296875	
=> Training epoch # 20	
 * Finished epoch # 20     top1:  49.648  top5:  18.906
	
=> Training epoch # 21	
 * Finished epoch # 21     top1:  51.162  top5:  20.430
	
=> Training epoch # 22	
 * Finished epoch # 22     top1:  45.840  top5:  16.934
	
 * Best model 	45.83984375	16.93359375	
=> Training epoch # 23	
 * Finished epoch # 23     top1:  52.578  top5:  22.158
	
=> Training epoch # 24	
 * Finished epoch # 24     top1:  48.418  top5:  17.412
	
=> Training epoch # 25	
 * Finished epoch # 25     top1:  45.645  top5:  15.059
	
 * Best model 	45.64453125	15.05859375	
=> Training epoch # 26	
 * Finished epoch # 26     top1:  45.615  top5:  15.723
	
 * Best model 	45.615234375	15.72265625	
=> Training epoch # 27	
 * Finished epoch # 27     top1:  46.826  top5:  16.572
	
=> Training epoch # 28	
 * Finished epoch # 28     top1:  46.953  top5:  17.354
	
=> Training epoch # 29	
 * Finished epoch # 29     top1:  48.242  top5:  17.168
	
=> Training epoch # 30	
 * Finished epoch # 30     top1:  52.559  top5:  22.158
	
=> Training epoch # 31	
 * Finished epoch # 31     top1:  45.576  top5:  16.035
	
 * Best model 	45.576171875	16.03515625	
=> Training epoch # 32	
 * Finished epoch # 32     top1:  50.684  top5:  20.723
	
=> Training epoch # 33	
 * Finished epoch # 33     top1:  45.117  top5:  15.557
	
 * Best model 	45.1171875	15.556640625	
=> Training epoch # 34	
 * Finished epoch # 34     top1:  47.148  top5:  17.100
	
=> Training epoch # 35	
 * Finished epoch # 35     top1:  47.119  top5:  16.768
	
=> Training epoch # 36	
 * Finished epoch # 36     top1:  43.711  top5:  14.766
	
 * Best model 	43.7109375	14.765625	
=> Training epoch # 37	
 * Finished epoch # 37     top1:  52.305  top5:  20.703
	
=> Training epoch # 38	
 * Finished epoch # 38     top1:  49.902  top5:  19.600
	
=> Training epoch # 39	
 * Finished epoch # 39     top1:  46.328  top5:  16.836
	
=> Training epoch # 40	
 * Finished epoch # 40     top1:  46.514  top5:  16.514
	
=> Training epoch # 41	
 * Finished epoch # 41     top1:  48.262  top5:  17.529
	
=> Training epoch # 42	
 * Finished epoch # 42     top1:  44.922  top5:  15.791
	
=> Training epoch # 43	
 * Finished epoch # 43     top1:  47.598  top5:  18.447
	
=> Training epoch # 44	
 * Finished epoch # 44     top1:  46.533  top5:  18.242
	
=> Training epoch # 45	
 * Finished epoch # 45     top1:  48.115  top5:  18.330
	
=> Training epoch # 46	
 * Finished epoch # 46     top1:  48.574  top5:  18.076
	
=> Training epoch # 47	
 * Finished epoch # 47     top1:  47.246  top5:  16.660
	
=> Training epoch # 48	
 * Finished epoch # 48     top1:  46.084  top5:  15.576
	
=> Training epoch # 49	
 * Finished epoch # 49     top1:  46.143  top5:  16.289
	
=> Training epoch # 50	
 * Finished epoch # 50     top1:  49.287  top5:  18.740
	
=> Training epoch # 51	
 * Finished epoch # 51     top1:  46.094  top5:  17.363
	
=> Training epoch # 52	
 * Finished epoch # 52     top1:  47.852  top5:  17.383
	
=> Training epoch # 53	
 * Finished epoch # 53     top1:  47.373  top5:  18.828
	
=> Training epoch # 54	
 * Finished epoch # 54     top1:  42.959  top5:  15.078
	
 * Best model 	42.958984375	15.078125	
=> Training epoch # 55	
 * Finished epoch # 55     top1:  43.682  top5:  14.971
	
=> Training epoch # 56	
 * Finished epoch # 56     top1:  47.969  top5:  18.096
	
=> Training epoch # 57	
 * Finished epoch # 57     top1:  46.836  top5:  17.158
	
=> Training epoch # 58	
 * Finished epoch # 58     top1:  47.783  top5:  17.568
	
=> Training epoch # 59	
 * Finished epoch # 59     top1:  45.547  top5:  17.188
	
=> Training epoch # 60	
 * Finished epoch # 60     top1:  48.867  top5:  19.414
	
=> Training epoch # 61	
 * Finished epoch # 61     top1:  48.291  top5:  17.812
	
=> Training epoch # 62	
 * Finished epoch # 62     top1:  45.430  top5:  15.928
	
=> Training epoch # 63	
 * Finished epoch # 63     top1:  47.217  top5:  17.178
	
=> Training epoch # 64	
 * Finished epoch # 64     top1:  44.072  top5:  15.264
	
=> Training epoch # 65	
 * Finished epoch # 65     top1:  44.111  top5:  15.078
	
=> Training epoch # 66	
 * Finished epoch # 66     top1:  41.904  top5:  13.525
	
 * Best model 	41.904296875	13.525390625	
=> Training epoch # 67	
 * Finished epoch # 67     top1:  45.430  top5:  16.289
	
=> Training epoch # 68	
 * Finished epoch # 68     top1:  45.752  top5:  16.299
	
=> Training epoch # 69	
 * Finished epoch # 69     top1:  45.586  top5:  15.830
	
=> Training epoch # 70	
 * Finished epoch # 70     top1:  47.148  top5:  17.529
	
=> Training epoch # 71	
 * Finished epoch # 71     top1:  48.828  top5:  18.379
	
=> Training epoch # 72	
 * Finished epoch # 72     top1:  44.941  top5:  16.191
	
=> Training epoch # 73	
 * Finished epoch # 73     top1:  49.307  top5:  18.555
	
=> Training epoch # 74	
 * Finished epoch # 74     top1:  45.244  top5:  16.201
	
=> Training epoch # 75	
 * Finished epoch # 75     top1:  49.746  top5:  19.697
	
=> Training epoch # 76	
 * Finished epoch # 76     top1:  45.781  top5:  16.113
	
=> Training epoch # 77	
 * Finished epoch # 77     top1:  47.725  top5:  18.232
	
=> Training epoch # 78	
 * Finished epoch # 78     top1:  53.320  top5:  22.393
	
=> Training epoch # 79	
 * Finished epoch # 79     top1:  46.680  top5:  17.607
	
=> Training epoch # 80	
 * Finished epoch # 80     top1:  47.451  top5:  18.213
	
=> Training epoch # 81	
 * Finished epoch # 81     top1:  32.207  top5:   8.516
	
 * Best model 	32.20703125	8.515625	
=> Training epoch # 82	
 * Finished epoch # 82     top1:  30.576  top5:   7.549
	
 * Best model 	30.576171875	7.548828125	
=> Training epoch # 83	
 * Finished epoch # 83     top1:  30.713  top5:   7.871
	
=> Training epoch # 84	
 * Finished epoch # 84     top1:  31.006  top5:   8.467
	
=> Training epoch # 85	
 * Finished epoch # 85     top1:  31.084  top5:   7.617
	
=> Training epoch # 86	
 * Finished epoch # 86     top1:  30.156  top5:   7.891
	
 * Best model 	30.15625	7.890625	
=> Training epoch # 87	
 * Finished epoch # 87     top1:  30.020  top5:   7.773
	
 * Best model 	30.01953125	7.7734375	
=> Training epoch # 88	
 * Finished epoch # 88     top1:  31.250  top5:   8.184
	
=> Training epoch # 89	
 * Finished epoch # 89     top1:  30.879  top5:   8.213
	
=> Training epoch # 90	
 * Finished epoch # 90     top1:  30.586  top5:   8.232
	
=> Training epoch # 91	
 * Finished epoch # 91     top1:  32.236  top5:   8.457
	
=> Training epoch # 92	
 * Finished epoch # 92     top1:  31.729  top5:   8.447
	
=> Training epoch # 93	
 * Finished epoch # 93     top1:  31.240  top5:   9.033
	
=> Training epoch # 94	
 * Finished epoch # 94     top1:  33.311  top5:   9.541
	
=> Training epoch # 95	
 * Finished epoch # 95     top1:  32.578  top5:   9.453
	
=> Training epoch # 96	
 * Finished epoch # 96     top1:  32.500  top5:   9.033
	
=> Training epoch # 97	
 * Finished epoch # 97     top1:  33.350  top5:   9.473
	
=> Training epoch # 98	
 * Finished epoch # 98     top1:  32.148  top5:   9.072
	
=> Training epoch # 99	
 * Finished epoch # 99     top1:  31.797  top5:   8.975
	
=> Training epoch # 100	
 * Finished epoch # 100     top1:  33.506  top5:   9.365
	
=> Training epoch # 101	
 * Finished epoch # 101     top1:  33.760  top5:   9.980
	
=> Training epoch # 102	
 * Finished epoch # 102     top1:  34.141  top5:   9.688
	
=> Training epoch # 103	
 * Finished epoch # 103     top1:  33.506  top5:  10.215
	
=> Training epoch # 104	
 * Finished epoch # 104     top1:  32.920  top5:   9.248
	
=> Training epoch # 105	
 * Finished epoch # 105     top1:  34.658  top5:   9.951
	
=> Training epoch # 106	
 * Finished epoch # 106     top1:  36.641  top5:  11.416
	
=> Training epoch # 107	
 * Finished epoch # 107     top1:  33.506  top5:   9.834
	
=> Training epoch # 108	
 * Finished epoch # 108     top1:  36.807  top5:  11.016
	
=> Training epoch # 109	
 * Finished epoch # 109     top1:  37.627  top5:  11.455
	
=> Training epoch # 110	
 * Finished epoch # 110     top1:  34.453  top5:  10.840
	
=> Training epoch # 111	
 * Finished epoch # 111     top1:  35.283  top5:  10.879
	
=> Training epoch # 112	
 * Finished epoch # 112     top1:  35.234  top5:  10.078
	
=> Training epoch # 113	
 * Finished epoch # 113     top1:  37.354  top5:  12.080
	
=> Training epoch # 114	
 * Finished epoch # 114     top1:  35.713  top5:  10.312
	
=> Training epoch # 115	
 * Finished epoch # 115     top1:  37.080  top5:  12.246
	
=> Training epoch # 116	
 * Finished epoch # 116     top1:  36.436  top5:  11.484
	
=> Training epoch # 117	
 * Finished epoch # 117     top1:  37.725  top5:  12.549
	
=> Training epoch # 118	
 * Finished epoch # 118     top1:  37.949  top5:  11.914
	
=> Training epoch # 119	
 * Finished epoch # 119     top1:  35.264  top5:  11.250
	
=> Training epoch # 120	
 * Finished epoch # 120     top1:  39.775  top5:  13.721
	
=> Training epoch # 121	
 * Finished epoch # 121     top1:  37.598  top5:  12.119
	
=> Training epoch # 122	
 * Finished epoch # 122     top1:  28.359  top5:   7.510
	
 * Best model 	28.359375	7.509765625	
=> Training epoch # 123	
 * Finished epoch # 123     top1:  28.311  top5:   7.393
	
 * Best model 	28.310546875	7.392578125	
=> Training epoch # 124	
 * Finished epoch # 124     top1:  28.379  top5:   7.637
	
=> Training epoch # 125	
 * Finished epoch # 125     top1:  28.926  top5:   7.676
	
=> Training epoch # 126	
 * Finished epoch # 126     top1:  29.131  top5:   7.666
	
=> Training epoch # 127	
 * Finished epoch # 127     top1:  28.154  top5:   7.607
	
 * Best model 	28.154296875	7.607421875	
=> Training epoch # 128	
 * Finished epoch # 128     top1:  28.486  top5:   7.803
	
=> Training epoch # 129	
 * Finished epoch # 129     top1:  28.408  top5:   7.773
	
=> Training epoch # 130	
 * Finished epoch # 130     top1:  28.711  top5:   7.773
	
=> Training epoch # 131	
 * Finished epoch # 131     top1:  29.629  top5:   8.730
	
=> Training epoch # 132	
 * Finished epoch # 132     top1:  29.082  top5:   8.057
	
=> Training epoch # 133	
 * Finished epoch # 133     top1:  28.408  top5:   7.793
	
=> Training epoch # 134	
 * Finished epoch # 134     top1:  28.994  top5:   8.027
	
=> Training epoch # 135	
 * Finished epoch # 135     top1:  28.828  top5:   7.881
	
=> Training epoch # 136	
 * Finished epoch # 136     top1:  29.326  top5:   8.164
	
=> Training epoch # 137	
 * Finished epoch # 137     top1:  28.350  top5:   7.783
	
=> Training epoch # 138	
 * Finished epoch # 138     top1:  28.857  top5:   7.773
	
=> Training epoch # 139	
 * Finished epoch # 139     top1:  28.662  top5:   7.959
	
=> Training epoch # 140	
 * Finished epoch # 140     top1:  29.004  top5:   8.350
	
=> Training epoch # 141	
 * Finished epoch # 141     top1:  28.799  top5:   7.930
	
=> Training epoch # 142	
 * Finished epoch # 142     top1:  29.092  top5:   7.969
	
=> Training epoch # 143	
 * Finished epoch # 143     top1:  29.512  top5:   8.252
	
=> Training epoch # 144	
 * Finished epoch # 144     top1:  28.877  top5:   8.008
	
=> Training epoch # 145	
 * Finished epoch # 145     top1:  29.375  top5:   7.930
	
=> Training epoch # 146	
 * Finished epoch # 146     top1:  29.082  top5:   7.930
	
=> Training epoch # 147	
 * Finished epoch # 147     top1:  29.160  top5:   8.174
	
=> Training epoch # 148	
 * Finished epoch # 148     top1:  29.219  top5:   8.135
	
=> Training epoch # 149	
 * Finished epoch # 149     top1:  29.453  top5:   8.037
	
=> Training epoch # 150	
 * Finished epoch # 150     top1:  29.590  top5:   8.145
	
=> Training epoch # 151	
 * Finished epoch # 151     top1:  29.404  top5:   8.203
	
=> Training epoch # 152	
 * Finished epoch # 152     top1:  28.848  top5:   8.428
	
=> Training epoch # 153	
 * Finished epoch # 153     top1:  29.082  top5:   8.115
	
=> Training epoch # 154	
 * Finished epoch # 154     top1:  29.453  top5:   8.369
	
=> Training epoch # 155	
 * Finished epoch # 155     top1:  29.893  top5:   8.164
	
=> Training epoch # 156	
 * Finished epoch # 156     top1:  29.639  top5:   8.682
	
=> Training epoch # 157	
 * Finished epoch # 157     top1:  29.590  top5:   8.203
	
=> Training epoch # 158	
 * Finished epoch # 158     top1:  29.648  top5:   8.789
	
=> Training epoch # 159	
 * Finished epoch # 159     top1:  30.010  top5:   8.691
	
=> Training epoch # 160	
 * Finished epoch # 160     top1:  29.434  top5:   8.496
	
=> Training epoch # 161	
 * Finished epoch # 161     top1:  28.623  top5:   8.164
	
=> Training epoch # 162	
 * Finished epoch # 162     top1:  30.020  top5:   8.301
	
=> Training epoch # 163	
 * Finished epoch # 163     top1:  29.502  top5:   8.398
	
=> Training epoch # 164	
 * Finished epoch # 164     top1:  30.283  top5:   8.936
	
=> Training epoch # 165	
 * Finished epoch # 165     top1:  29.385  top5:   8.457
	
=> Training epoch # 166	
 * Finished epoch # 166     top1:  30.010  top5:   8.311
	
=> Training epoch # 167	
 * Finished epoch # 167     top1:  29.873  top5:   8.506
	
=> Training epoch # 168	
 * Finished epoch # 168     top1:  29.814  top5:   8.389
	
=> Training epoch # 169	
 * Finished epoch # 169     top1:  30.225  top5:   8.506
	
=> Training epoch # 170	
 * Finished epoch # 170     top1:  30.303  top5:   8.184
	
=> Training epoch # 171	
 * Finished epoch # 171     top1:  29.570  top5:   9.023
	
=> Training epoch # 172	
 * Finished epoch # 172     top1:  29.932  top5:   8.447
	
=> Training epoch # 173	
 * Finished epoch # 173     top1:  30.059  top5:   8.350
	
=> Training epoch # 174	
 * Finished epoch # 174     top1:  30.361  top5:   8.350
	
=> Training epoch # 175	
 * Finished epoch # 175     top1:  30.312  top5:   8.682
	
=> Training epoch # 176	
 * Finished epoch # 176     top1:  29.961  top5:   8.574
	
=> Training epoch # 177	
 * Finished epoch # 177     top1:  29.912  top5:   8.682
	
=> Training epoch # 178	
 * Finished epoch # 178     top1:  30.869  top5:   8.848
	
=> Training epoch # 179	
 * Finished epoch # 179     top1:  30.869  top5:   8.652
	
=> Training epoch # 180	
 * Finished epoch # 180     top1:  30.029  top5:   8.730
	
=> Training epoch # 181	
 * Finished epoch # 181     top1:  30.215  top5:   8.555
	
=> Training epoch # 182	
 * Finished epoch # 182     top1:  31.045  top5:   8.584
	
=> Training epoch # 183	
 * Finished epoch # 183     top1:  30.439  top5:   8.789
	
=> Training epoch # 184	
 * Finished epoch # 184     top1:  30.137  top5:   8.799
	
=> Training epoch # 185	
 * Finished epoch # 185     top1:  30.527  top5:   8.623
	
=> Training epoch # 186	
 * Finished epoch # 186     top1:  30.029  top5:   8.604
	
=> Training epoch # 187	
 * Finished epoch # 187     top1:  30.098  top5:   8.594
	
=> Training epoch # 188	
 * Finished epoch # 188     top1:  30.674  top5:   8.994
	
=> Training epoch # 189	
 * Finished epoch # 189     top1:  30.098  top5:   8.789
	
=> Training epoch # 190	
 * Finished epoch # 190     top1:  30.762  top5:   9.160
	
=> Training epoch # 191	
 * Finished epoch # 191     top1:  30.205  top5:   8.828
	
=> Training epoch # 192	
 * Finished epoch # 192     top1:  31.494  top5:   9.326
	
=> Training epoch # 193	
 * Finished epoch # 193     top1:  30.781  top5:   8.857
	
=> Training epoch # 194	
 * Finished epoch # 194     top1:  30.254  top5:   8.789
	
=> Training epoch # 195	
 * Finished epoch # 195     top1:  30.781  top5:   8.955
	
=> Training epoch # 196	
 * Finished epoch # 196     top1:  31.289  top5:   9.229
	
=> Training epoch # 197	
 * Finished epoch # 197     top1:  30.820  top5:   8.838
	
=> Training epoch # 198	
 * Finished epoch # 198     top1:  30.938  top5:   9.268
	
=> Training epoch # 199	
 * Finished epoch # 199     top1:  31.191  top5:   9.336
	
=> Training epoch # 200	
 * Finished epoch # 200     top1:  30.420  top5:   8.926
	
 * Finished top1: 28.154  top5:  7.607	
