{
  cudnn : "fastest"
  LR : 0.1
  nThreads : 2
  nClasses : 0
  batchSize : 256
  testOnly : false
  netType : "resnet-pelu-mul-mul"
  resetClassifier : false
  shortcutType : "A"
  gen : "gen"
  nGPU : 1
  depth : 110
  weightDecay : 0.001
  data : ""
  dataset : "cifar100"
  epochNumber : 1
  manualSeed : 2
  resume : "results/results-pelu-mul-mul/try3/cifar100/110"
  optimState : "none"
  nEpochs : 200
  tenCrop : false
  shareGradInput : false
  backend : "cudnn"
  momentum : 0.9
  retrain : "none"
}
=> Creating model from file: models/resnet-pelu-mul-mul.lua	
 | ResNet-110 CIFAR-100	
nn.Sequential {
  [input -> (1) -> (2) -> (3) -> (4) -> (5) -> (6) -> (7) -> (8) -> (9) -> output]
  (1): cudnn.SpatialConvolution(3 -> 16, 3x3, 1,1, 1,1) without bias
  (2): nn.Sequential {
    [input -> (1) -> (2) -> (3) -> output]
    (1): nn.ConstrainedMul
    (2): nn.ELU (alpha:1.000000)
    (3): nn.ConstrainedMul
  }
  (3): nn.Sequential {
    [input -> (1) -> (2) -> (3) -> (4) -> (5) -> (6) -> (7) -> (8) -> (9) -> (10) -> (11) -> (12) -> (13) -> (14) -> (15) -> (16) -> (17) -> (18) -> output]
    (1): nn.Sequential {
      [input -> (1) -> (2) -> output]
      (1): nn.ConcatTable {
        input
          |`-> (1): nn.Sequential {
          |      [input -> (1) -> (2) -> (3) -> (4) -> output]
          |      (1): cudnn.SpatialConvolution(16 -> 16, 3x3, 1,1, 1,1) without bias
          |      (2): nn.Sequential {
          |        [input -> (1) -> (2) -> (3) -> output]
          |        (1): nn.ConstrainedMul
          |        (2): nn.ELU (alpha:1.000000)
          |        (3): nn.ConstrainedMul
          |      }
          |      (3): cudnn.SpatialConvolution(16 -> 16, 3x3, 1,1, 1,1) without bias
          |      (4): nn.SpatialBatchNormalization (4D) (16)
          |    }
           `-> (2): nn.Identity
           ... -> output
      }
      (2): nn.CAddTable
    }
    (2): nn.Sequential {
      [input -> (1) -> (2) -> output]
      (1): nn.ConcatTable {
        input
          |`-> (1): nn.Sequential {
          |      [input -> (1) -> (2) -> (3) -> (4) -> output]
          |      (1): cudnn.SpatialConvolution(16 -> 16, 3x3, 1,1, 1,1) without bias
          |      (2): nn.Sequential {
          |        [input -> (1) -> (2) -> (3) -> output]
          |        (1): nn.ConstrainedMul
          |        (2): nn.ELU (alpha:1.000000)
          |        (3): nn.ConstrainedMul
          |      }
          |      (3): cudnn.SpatialConvolution(16 -> 16, 3x3, 1,1, 1,1) without bias
          |      (4): nn.SpatialBatchNormalization (4D) (16)
          |    }
           `-> (2): nn.Identity
           ... -> output
      }
      (2): nn.CAddTable
    }
    (3): nn.Sequential {
      [input -> (1) -> (2) -> output]
      (1): nn.ConcatTable {
        input
          |`-> (1): nn.Sequential {
          |      [input -> (1) -> (2) -> (3) -> (4) -> output]
          |      (1): cudnn.SpatialConvolution(16 -> 16, 3x3, 1,1, 1,1) without bias
          |      (2): nn.Sequential {
          |        [input -> (1) -> (2) -> (3) -> output]
          |        (1): nn.ConstrainedMul
          |        (2): nn.ELU (alpha:1.000000)
          |        (3): nn.ConstrainedMul
          |      }
          |      (3): cudnn.SpatialConvolution(16 -> 16, 3x3, 1,1, 1,1) without bias
          |      (4): nn.SpatialBatchNormalization (4D) (16)
          |    }
           `-> (2): nn.Identity
           ... -> output
      }
      (2): nn.CAddTable
    }
    (4): nn.Sequential {
      [input -> (1) -> (2) -> output]
      (1): nn.ConcatTable {
        input
          |`-> (1): nn.Sequential {
          |      [input -> (1) -> (2) -> (3) -> (4) -> output]
          |      (1): cudnn.SpatialConvolution(16 -> 16, 3x3, 1,1, 1,1) without bias
          |      (2): nn.Sequential {
          |        [input -> (1) -> (2) -> (3) -> output]
          |        (1): nn.ConstrainedMul
          |        (2): nn.ELU (alpha:1.000000)
          |        (3): nn.ConstrainedMul
          |      }
          |      (3): cudnn.SpatialConvolution(16 -> 16, 3x3, 1,1, 1,1) without bias
          |      (4): nn.SpatialBatchNormalization (4D) (16)
          |    }
           `-> (2): nn.Identity
           ... -> output
      }
      (2): nn.CAddTable
    }
    (5): nn.Sequential {
      [input -> (1) -> (2) -> output]
      (1): nn.ConcatTable {
        input
          |`-> (1): nn.Sequential {
          |      [input -> (1) -> (2) -> (3) -> (4) -> output]
          |      (1): cudnn.SpatialConvolution(16 -> 16, 3x3, 1,1, 1,1) without bias
          |      (2): nn.Sequential {
          |        [input -> (1) -> (2) -> (3) -> output]
          |        (1): nn.ConstrainedMul
          |        (2): nn.ELU (alpha:1.000000)
          |        (3): nn.ConstrainedMul
          |      }
          |      (3): cudnn.SpatialConvolution(16 -> 16, 3x3, 1,1, 1,1) without bias
          |      (4): nn.SpatialBatchNormalization (4D) (16)
          |    }
           `-> (2): nn.Identity
           ... -> output
      }
      (2): nn.CAddTable
    }
    (6): nn.Sequential {
      [input -> (1) -> (2) -> output]
      (1): nn.ConcatTable {
        input
          |`-> (1): nn.Sequential {
          |      [input -> (1) -> (2) -> (3) -> (4) -> output]
          |      (1): cudnn.SpatialConvolution(16 -> 16, 3x3, 1,1, 1,1) without bias
          |      (2): nn.Sequential {
          |        [input -> (1) -> (2) -> (3) -> output]
          |        (1): nn.ConstrainedMul
          |        (2): nn.ELU (alpha:1.000000)
          |        (3): nn.ConstrainedMul
          |      }
          |      (3): cudnn.SpatialConvolution(16 -> 16, 3x3, 1,1, 1,1) without bias
          |      (4): nn.SpatialBatchNormalization (4D) (16)
          |    }
           `-> (2): nn.Identity
           ... -> output
      }
      (2): nn.CAddTable
    }
    (7): nn.Sequential {
      [input -> (1) -> (2) -> output]
      (1): nn.ConcatTable {
        input
          |`-> (1): nn.Sequential {
          |      [input -> (1) -> (2) -> (3) -> (4) -> output]
          |      (1): cudnn.SpatialConvolution(16 -> 16, 3x3, 1,1, 1,1) without bias
          |      (2): nn.Sequential {
          |        [input -> (1) -> (2) -> (3) -> output]
          |        (1): nn.ConstrainedMul
          |        (2): nn.ELU (alpha:1.000000)
          |        (3): nn.ConstrainedMul
          |      }
          |      (3): cudnn.SpatialConvolution(16 -> 16, 3x3, 1,1, 1,1) without bias
          |      (4): nn.SpatialBatchNormalization (4D) (16)
          |    }
           `-> (2): nn.Identity
           ... -> output
      }
      (2): nn.CAddTable
    }
    (8): nn.Sequential {
      [input -> (1) -> (2) -> output]
      (1): nn.ConcatTable {
        input
          |`-> (1): nn.Sequential {
          |      [input -> (1) -> (2) -> (3) -> (4) -> output]
          |      (1): cudnn.SpatialConvolution(16 -> 16, 3x3, 1,1, 1,1) without bias
          |      (2): nn.Sequential {
          |        [input -> (1) -> (2) -> (3) -> output]
          |        (1): nn.ConstrainedMul
          |        (2): nn.ELU (alpha:1.000000)
          |        (3): nn.ConstrainedMul
          |      }
          |      (3): cudnn.SpatialConvolution(16 -> 16, 3x3, 1,1, 1,1) without bias
          |      (4): nn.SpatialBatchNormalization (4D) (16)
          |    }
           `-> (2): nn.Identity
           ... -> output
      }
      (2): nn.CAddTable
    }
    (9): nn.Sequential {
      [input -> (1) -> (2) -> output]
      (1): nn.ConcatTable {
        input
          |`-> (1): nn.Sequential {
          |      [input -> (1) -> (2) -> (3) -> (4) -> output]
          |      (1): cudnn.SpatialConvolution(16 -> 16, 3x3, 1,1, 1,1) without bias
          |      (2): nn.Sequential {
          |        [input -> (1) -> (2) -> (3) -> output]
          |        (1): nn.ConstrainedMul
          |        (2): nn.ELU (alpha:1.000000)
          |        (3): nn.ConstrainedMul
          |      }
          |      (3): cudnn.SpatialConvolution(16 -> 16, 3x3, 1,1, 1,1) without bias
          |      (4): nn.SpatialBatchNormalization (4D) (16)
          |    }
           `-> (2): nn.Identity
           ... -> output
      }
      (2): nn.CAddTable
    }
    (10): nn.Sequential {
      [input -> (1) -> (2) -> output]
      (1): nn.ConcatTable {
        input
          |`-> (1): nn.Sequential {
          |      [input -> (1) -> (2) -> (3) -> (4) -> output]
          |      (1): cudnn.SpatialConvolution(16 -> 16, 3x3, 1,1, 1,1) without bias
          |      (2): nn.Sequential {
          |        [input -> (1) -> (2) -> (3) -> output]
          |        (1): nn.ConstrainedMul
          |        (2): nn.ELU (alpha:1.000000)
          |        (3): nn.ConstrainedMul
          |      }
          |      (3): cudnn.SpatialConvolution(16 -> 16, 3x3, 1,1, 1,1) without bias
          |      (4): nn.SpatialBatchNormalization (4D) (16)
          |    }
           `-> (2): nn.Identity
           ... -> output
      }
      (2): nn.CAddTable
    }
    (11): nn.Sequential {
      [input -> (1) -> (2) -> output]
      (1): nn.ConcatTable {
        input
          |`-> (1): nn.Sequential {
          |      [input -> (1) -> (2) -> (3) -> (4) -> output]
          |      (1): cudnn.SpatialConvolution(16 -> 16, 3x3, 1,1, 1,1) without bias
          |      (2): nn.Sequential {
          |        [input -> (1) -> (2) -> (3) -> output]
          |        (1): nn.ConstrainedMul
          |        (2): nn.ELU (alpha:1.000000)
          |        (3): nn.ConstrainedMul
          |      }
          |      (3): cudnn.SpatialConvolution(16 -> 16, 3x3, 1,1, 1,1) without bias
          |      (4): nn.SpatialBatchNormalization (4D) (16)
          |    }
           `-> (2): nn.Identity
           ... -> output
      }
      (2): nn.CAddTable
    }
    (12): nn.Sequential {
      [input -> (1) -> (2) -> output]
      (1): nn.ConcatTable {
        input
          |`-> (1): nn.Sequential {
          |      [input -> (1) -> (2) -> (3) -> (4) -> output]
          |      (1): cudnn.SpatialConvolution(16 -> 16, 3x3, 1,1, 1,1) without bias
          |      (2): nn.Sequential {
          |        [input -> (1) -> (2) -> (3) -> output]
          |        (1): nn.ConstrainedMul
          |        (2): nn.ELU (alpha:1.000000)
          |        (3): nn.ConstrainedMul
          |      }
          |      (3): cudnn.SpatialConvolution(16 -> 16, 3x3, 1,1, 1,1) without bias
          |      (4): nn.SpatialBatchNormalization (4D) (16)
          |    }
           `-> (2): nn.Identity
           ... -> output
      }
      (2): nn.CAddTable
    }
    (13): nn.Sequential {
      [input -> (1) -> (2) -> output]
      (1): nn.ConcatTable {
        input
          |`-> (1): nn.Sequential {
          |      [input -> (1) -> (2) -> (3) -> (4) -> output]
          |      (1): cudnn.SpatialConvolution(16 -> 16, 3x3, 1,1, 1,1) without bias
          |      (2): nn.Sequential {
          |        [input -> (1) -> (2) -> (3) -> output]
          |        (1): nn.ConstrainedMul
          |        (2): nn.ELU (alpha:1.000000)
          |        (3): nn.ConstrainedMul
          |      }
          |      (3): cudnn.SpatialConvolution(16 -> 16, 3x3, 1,1, 1,1) without bias
          |      (4): nn.SpatialBatchNormalization (4D) (16)
          |    }
           `-> (2): nn.Identity
           ... -> output
      }
      (2): nn.CAddTable
    }
    (14): nn.Sequential {
      [input -> (1) -> (2) -> output]
      (1): nn.ConcatTable {
        input
          |`-> (1): nn.Sequential {
          |      [input -> (1) -> (2) -> (3) -> (4) -> output]
          |      (1): cudnn.SpatialConvolution(16 -> 16, 3x3, 1,1, 1,1) without bias
          |      (2): nn.Sequential {
          |        [input -> (1) -> (2) -> (3) -> output]
          |        (1): nn.ConstrainedMul
          |        (2): nn.ELU (alpha:1.000000)
          |        (3): nn.ConstrainedMul
          |      }
          |      (3): cudnn.SpatialConvolution(16 -> 16, 3x3, 1,1, 1,1) without bias
          |      (4): nn.SpatialBatchNormalization (4D) (16)
          |    }
           `-> (2): nn.Identity
           ... -> output
      }
      (2): nn.CAddTable
    }
    (15): nn.Sequential {
      [input -> (1) -> (2) -> output]
      (1): nn.ConcatTable {
        input
          |`-> (1): nn.Sequential {
          |      [input -> (1) -> (2) -> (3) -> (4) -> output]
          |      (1): cudnn.SpatialConvolution(16 -> 16, 3x3, 1,1, 1,1) without bias
          |      (2): nn.Sequential {
          |        [input -> (1) -> (2) -> (3) -> output]
          |        (1): nn.ConstrainedMul
          |        (2): nn.ELU (alpha:1.000000)
          |        (3): nn.ConstrainedMul
          |      }
          |      (3): cudnn.SpatialConvolution(16 -> 16, 3x3, 1,1, 1,1) without bias
          |      (4): nn.SpatialBatchNormalization (4D) (16)
          |    }
           `-> (2): nn.Identity
           ... -> output
      }
      (2): nn.CAddTable
    }
    (16): nn.Sequential {
      [input -> (1) -> (2) -> output]
      (1): nn.ConcatTable {
        input
          |`-> (1): nn.Sequential {
          |      [input -> (1) -> (2) -> (3) -> (4) -> output]
          |      (1): cudnn.SpatialConvolution(16 -> 16, 3x3, 1,1, 1,1) without bias
          |      (2): nn.Sequential {
          |        [input -> (1) -> (2) -> (3) -> output]
          |        (1): nn.ConstrainedMul
          |        (2): nn.ELU (alpha:1.000000)
          |        (3): nn.ConstrainedMul
          |      }
          |      (3): cudnn.SpatialConvolution(16 -> 16, 3x3, 1,1, 1,1) without bias
          |      (4): nn.SpatialBatchNormalization (4D) (16)
          |    }
           `-> (2): nn.Identity
           ... -> output
      }
      (2): nn.CAddTable
    }
    (17): nn.Sequential {
      [input -> (1) -> (2) -> output]
      (1): nn.ConcatTable {
        input
          |`-> (1): nn.Sequential {
          |      [input -> (1) -> (2) -> (3) -> (4) -> output]
          |      (1): cudnn.SpatialConvolution(16 -> 16, 3x3, 1,1, 1,1) without bias
          |      (2): nn.Sequential {
          |        [input -> (1) -> (2) -> (3) -> output]
          |        (1): nn.ConstrainedMul
          |        (2): nn.ELU (alpha:1.000000)
          |        (3): nn.ConstrainedMul
          |      }
          |      (3): cudnn.SpatialConvolution(16 -> 16, 3x3, 1,1, 1,1) without bias
          |      (4): nn.SpatialBatchNormalization (4D) (16)
          |    }
           `-> (2): nn.Identity
           ... -> output
      }
      (2): nn.CAddTable
    }
    (18): nn.Sequential {
      [input -> (1) -> (2) -> output]
      (1): nn.ConcatTable {
        input
          |`-> (1): nn.Sequential {
          |      [input -> (1) -> (2) -> (3) -> (4) -> output]
          |      (1): cudnn.SpatialConvolution(16 -> 16, 3x3, 1,1, 1,1) without bias
          |      (2): nn.Sequential {
          |        [input -> (1) -> (2) -> (3) -> output]
          |        (1): nn.ConstrainedMul
          |        (2): nn.ELU (alpha:1.000000)
          |        (3): nn.ConstrainedMul
          |      }
          |      (3): cudnn.SpatialConvolution(16 -> 16, 3x3, 1,1, 1,1) without bias
          |      (4): nn.SpatialBatchNormalization (4D) (16)
          |    }
           `-> (2): nn.Identity
           ... -> output
      }
      (2): nn.CAddTable
    }
  }
  (4): nn.Sequential {
    [input -> (1) -> (2) -> (3) -> (4) -> (5) -> (6) -> (7) -> (8) -> (9) -> (10) -> (11) -> (12) -> (13) -> (14) -> (15) -> (16) -> (17) -> (18) -> output]
    (1): nn.Sequential {
      [input -> (1) -> (2) -> output]
      (1): nn.ConcatTable {
        input
          |`-> (1): nn.Sequential {
          |      [input -> (1) -> (2) -> (3) -> (4) -> output]
          |      (1): cudnn.SpatialConvolution(16 -> 32, 3x3, 2,2, 1,1) without bias
          |      (2): nn.Sequential {
          |        [input -> (1) -> (2) -> (3) -> output]
          |        (1): nn.ConstrainedMul
          |        (2): nn.ELU (alpha:1.000000)
          |        (3): nn.ConstrainedMul
          |      }
          |      (3): cudnn.SpatialConvolution(32 -> 32, 3x3, 1,1, 1,1) without bias
          |      (4): nn.SpatialBatchNormalization (4D) (32)
          |    }
           `-> (2): nn.Sequential {
                 [input -> (1) -> (2) -> output]
                 (1): nn.SpatialAveragePooling(1x1, 2,2)
                 (2): nn.Concat {
                   input
                     |`-> (1): nn.Identity
                      `-> (2): nn.MulConstant
                      ... -> output
                 }
               }
           ... -> output
      }
      (2): nn.CAddTable
    }
    (2): nn.Sequential {
      [input -> (1) -> (2) -> output]
      (1): nn.ConcatTable {
        input
          |`-> (1): nn.Sequential {
          |      [input -> (1) -> (2) -> (3) -> (4) -> output]
          |      (1): cudnn.SpatialConvolution(32 -> 32, 3x3, 1,1, 1,1) without bias
          |      (2): nn.Sequential {
          |        [input -> (1) -> (2) -> (3) -> output]
          |        (1): nn.ConstrainedMul
          |        (2): nn.ELU (alpha:1.000000)
          |        (3): nn.ConstrainedMul
          |      }
          |      (3): cudnn.SpatialConvolution(32 -> 32, 3x3, 1,1, 1,1) without bias
          |      (4): nn.SpatialBatchNormalization (4D) (32)
          |    }
           `-> (2): nn.Identity
           ... -> output
      }
      (2): nn.CAddTable
    }
    (3): nn.Sequential {
      [input -> (1) -> (2) -> output]
      (1): nn.ConcatTable {
        input
          |`-> (1): nn.Sequential {
          |      [input -> (1) -> (2) -> (3) -> (4) -> output]
          |      (1): cudnn.SpatialConvolution(32 -> 32, 3x3, 1,1, 1,1) without bias
          |      (2): nn.Sequential {
          |        [input -> (1) -> (2) -> (3) -> output]
          |        (1): nn.ConstrainedMul
          |        (2): nn.ELU (alpha:1.000000)
          |        (3): nn.ConstrainedMul
          |      }
          |      (3): cudnn.SpatialConvolution(32 -> 32, 3x3, 1,1, 1,1) without bias
          |      (4): nn.SpatialBatchNormalization (4D) (32)
          |    }
           `-> (2): nn.Identity
           ... -> output
      }
      (2): nn.CAddTable
    }
    (4): nn.Sequential {
      [input -> (1) -> (2) -> output]
      (1): nn.ConcatTable {
        input
          |`-> (1): nn.Sequential {
          |      [input -> (1) -> (2) -> (3) -> (4) -> output]
          |      (1): cudnn.SpatialConvolution(32 -> 32, 3x3, 1,1, 1,1) without bias
          |      (2): nn.Sequential {
          |        [input -> (1) -> (2) -> (3) -> output]
          |        (1): nn.ConstrainedMul
          |        (2): nn.ELU (alpha:1.000000)
          |        (3): nn.ConstrainedMul
          |      }
          |      (3): cudnn.SpatialConvolution(32 -> 32, 3x3, 1,1, 1,1) without bias
          |      (4): nn.SpatialBatchNormalization (4D) (32)
          |    }
           `-> (2): nn.Identity
           ... -> output
      }
      (2): nn.CAddTable
    }
    (5): nn.Sequential {
      [input -> (1) -> (2) -> output]
      (1): nn.ConcatTable {
        input
          |`-> (1): nn.Sequential {
          |      [input -> (1) -> (2) -> (3) -> (4) -> output]
          |      (1): cudnn.SpatialConvolution(32 -> 32, 3x3, 1,1, 1,1) without bias
          |      (2): nn.Sequential {
          |        [input -> (1) -> (2) -> (3) -> output]
          |        (1): nn.ConstrainedMul
          |        (2): nn.ELU (alpha:1.000000)
          |        (3): nn.ConstrainedMul
          |      }
          |      (3): cudnn.SpatialConvolution(32 -> 32, 3x3, 1,1, 1,1) without bias
          |      (4): nn.SpatialBatchNormalization (4D) (32)
          |    }
           `-> (2): nn.Identity
           ... -> output
      }
      (2): nn.CAddTable
    }
    (6): nn.Sequential {
      [input -> (1) -> (2) -> output]
      (1): nn.ConcatTable {
        input
          |`-> (1): nn.Sequential {
          |      [input -> (1) -> (2) -> (3) -> (4) -> output]
          |      (1): cudnn.SpatialConvolution(32 -> 32, 3x3, 1,1, 1,1) without bias
          |      (2): nn.Sequential {
          |        [input -> (1) -> (2) -> (3) -> output]
          |        (1): nn.ConstrainedMul
          |        (2): nn.ELU (alpha:1.000000)
          |        (3): nn.ConstrainedMul
          |      }
          |      (3): cudnn.SpatialConvolution(32 -> 32, 3x3, 1,1, 1,1) without bias
          |      (4): nn.SpatialBatchNormalization (4D) (32)
          |    }
           `-> (2): nn.Identity
           ... -> output
      }
      (2): nn.CAddTable
    }
    (7): nn.Sequential {
      [input -> (1) -> (2) -> output]
      (1): nn.ConcatTable {
        input
          |`-> (1): nn.Sequential {
          |      [input -> (1) -> (2) -> (3) -> (4) -> output]
          |      (1): cudnn.SpatialConvolution(32 -> 32, 3x3, 1,1, 1,1) without bias
          |      (2): nn.Sequential {
          |        [input -> (1) -> (2) -> (3) -> output]
          |        (1): nn.ConstrainedMul
          |        (2): nn.ELU (alpha:1.000000)
          |        (3): nn.ConstrainedMul
          |      }
          |      (3): cudnn.SpatialConvolution(32 -> 32, 3x3, 1,1, 1,1) without bias
          |      (4): nn.SpatialBatchNormalization (4D) (32)
          |    }
           `-> (2): nn.Identity
           ... -> output
      }
      (2): nn.CAddTable
    }
    (8): nn.Sequential {
      [input -> (1) -> (2) -> output]
      (1): nn.ConcatTable {
        input
          |`-> (1): nn.Sequential {
          |      [input -> (1) -> (2) -> (3) -> (4) -> output]
          |      (1): cudnn.SpatialConvolution(32 -> 32, 3x3, 1,1, 1,1) without bias
          |      (2): nn.Sequential {
          |        [input -> (1) -> (2) -> (3) -> output]
          |        (1): nn.ConstrainedMul
          |        (2): nn.ELU (alpha:1.000000)
          |        (3): nn.ConstrainedMul
          |      }
          |      (3): cudnn.SpatialConvolution(32 -> 32, 3x3, 1,1, 1,1) without bias
          |      (4): nn.SpatialBatchNormalization (4D) (32)
          |    }
           `-> (2): nn.Identity
           ... -> output
      }
      (2): nn.CAddTable
    }
    (9): nn.Sequential {
      [input -> (1) -> (2) -> output]
      (1): nn.ConcatTable {
        input
          |`-> (1): nn.Sequential {
          |      [input -> (1) -> (2) -> (3) -> (4) -> output]
          |      (1): cudnn.SpatialConvolution(32 -> 32, 3x3, 1,1, 1,1) without bias
          |      (2): nn.Sequential {
          |        [input -> (1) -> (2) -> (3) -> output]
          |        (1): nn.ConstrainedMul
          |        (2): nn.ELU (alpha:1.000000)
          |        (3): nn.ConstrainedMul
          |      }
          |      (3): cudnn.SpatialConvolution(32 -> 32, 3x3, 1,1, 1,1) without bias
          |      (4): nn.SpatialBatchNormalization (4D) (32)
          |    }
           `-> (2): nn.Identity
           ... -> output
      }
      (2): nn.CAddTable
    }
    (10): nn.Sequential {
      [input -> (1) -> (2) -> output]
      (1): nn.ConcatTable {
        input
          |`-> (1): nn.Sequential {
          |      [input -> (1) -> (2) -> (3) -> (4) -> output]
          |      (1): cudnn.SpatialConvolution(32 -> 32, 3x3, 1,1, 1,1) without bias
          |      (2): nn.Sequential {
          |        [input -> (1) -> (2) -> (3) -> output]
          |        (1): nn.ConstrainedMul
          |        (2): nn.ELU (alpha:1.000000)
          |        (3): nn.ConstrainedMul
          |      }
          |      (3): cudnn.SpatialConvolution(32 -> 32, 3x3, 1,1, 1,1) without bias
          |      (4): nn.SpatialBatchNormalization (4D) (32)
          |    }
           `-> (2): nn.Identity
           ... -> output
      }
      (2): nn.CAddTable
    }
    (11): nn.Sequential {
      [input -> (1) -> (2) -> output]
      (1): nn.ConcatTable {
        input
          |`-> (1): nn.Sequential {
          |      [input -> (1) -> (2) -> (3) -> (4) -> output]
          |      (1): cudnn.SpatialConvolution(32 -> 32, 3x3, 1,1, 1,1) without bias
          |      (2): nn.Sequential {
          |        [input -> (1) -> (2) -> (3) -> output]
          |        (1): nn.ConstrainedMul
          |        (2): nn.ELU (alpha:1.000000)
          |        (3): nn.ConstrainedMul
          |      }
          |      (3): cudnn.SpatialConvolution(32 -> 32, 3x3, 1,1, 1,1) without bias
          |      (4): nn.SpatialBatchNormalization (4D) (32)
          |    }
           `-> (2): nn.Identity
           ... -> output
      }
      (2): nn.CAddTable
    }
    (12): nn.Sequential {
      [input -> (1) -> (2) -> output]
      (1): nn.ConcatTable {
        input
          |`-> (1): nn.Sequential {
          |      [input -> (1) -> (2) -> (3) -> (4) -> output]
          |      (1): cudnn.SpatialConvolution(32 -> 32, 3x3, 1,1, 1,1) without bias
          |      (2): nn.Sequential {
          |        [input -> (1) -> (2) -> (3) -> output]
          |        (1): nn.ConstrainedMul
          |        (2): nn.ELU (alpha:1.000000)
          |        (3): nn.ConstrainedMul
          |      }
          |      (3): cudnn.SpatialConvolution(32 -> 32, 3x3, 1,1, 1,1) without bias
          |      (4): nn.SpatialBatchNormalization (4D) (32)
          |    }
           `-> (2): nn.Identity
           ... -> output
      }
      (2): nn.CAddTable
    }
    (13): nn.Sequential {
      [input -> (1) -> (2) -> output]
      (1): nn.ConcatTable {
        input
          |`-> (1): nn.Sequential {
          |      [input -> (1) -> (2) -> (3) -> (4) -> output]
          |      (1): cudnn.SpatialConvolution(32 -> 32, 3x3, 1,1, 1,1) without bias
          |      (2): nn.Sequential {
          |        [input -> (1) -> (2) -> (3) -> output]
          |        (1): nn.ConstrainedMul
          |        (2): nn.ELU (alpha:1.000000)
          |        (3): nn.ConstrainedMul
          |      }
          |      (3): cudnn.SpatialConvolution(32 -> 32, 3x3, 1,1, 1,1) without bias
          |      (4): nn.SpatialBatchNormalization (4D) (32)
          |    }
           `-> (2): nn.Identity
           ... -> output
      }
      (2): nn.CAddTable
    }
    (14): nn.Sequential {
      [input -> (1) -> (2) -> output]
      (1): nn.ConcatTable {
        input
          |`-> (1): nn.Sequential {
          |      [input -> (1) -> (2) -> (3) -> (4) -> output]
          |      (1): cudnn.SpatialConvolution(32 -> 32, 3x3, 1,1, 1,1) without bias
          |      (2): nn.Sequential {
          |        [input -> (1) -> (2) -> (3) -> output]
          |        (1): nn.ConstrainedMul
          |        (2): nn.ELU (alpha:1.000000)
          |        (3): nn.ConstrainedMul
          |      }
          |      (3): cudnn.SpatialConvolution(32 -> 32, 3x3, 1,1, 1,1) without bias
          |      (4): nn.SpatialBatchNormalization (4D) (32)
          |    }
           `-> (2): nn.Identity
           ... -> output
      }
      (2): nn.CAddTable
    }
    (15): nn.Sequential {
      [input -> (1) -> (2) -> output]
      (1): nn.ConcatTable {
        input
          |`-> (1): nn.Sequential {
          |      [input -> (1) -> (2) -> (3) -> (4) -> output]
          |      (1): cudnn.SpatialConvolution(32 -> 32, 3x3, 1,1, 1,1) without bias
          |      (2): nn.Sequential {
          |        [input -> (1) -> (2) -> (3) -> output]
          |        (1): nn.ConstrainedMul
          |        (2): nn.ELU (alpha:1.000000)
          |        (3): nn.ConstrainedMul
          |      }
          |      (3): cudnn.SpatialConvolution(32 -> 32, 3x3, 1,1, 1,1) without bias
          |      (4): nn.SpatialBatchNormalization (4D) (32)
          |    }
           `-> (2): nn.Identity
           ... -> output
      }
      (2): nn.CAddTable
    }
    (16): nn.Sequential {
      [input -> (1) -> (2) -> output]
      (1): nn.ConcatTable {
        input
          |`-> (1): nn.Sequential {
          |      [input -> (1) -> (2) -> (3) -> (4) -> output]
          |      (1): cudnn.SpatialConvolution(32 -> 32, 3x3, 1,1, 1,1) without bias
          |      (2): nn.Sequential {
          |        [input -> (1) -> (2) -> (3) -> output]
          |        (1): nn.ConstrainedMul
          |        (2): nn.ELU (alpha:1.000000)
          |        (3): nn.ConstrainedMul
          |      }
          |      (3): cudnn.SpatialConvolution(32 -> 32, 3x3, 1,1, 1,1) without bias
          |      (4): nn.SpatialBatchNormalization (4D) (32)
          |    }
           `-> (2): nn.Identity
           ... -> output
      }
      (2): nn.CAddTable
    }
    (17): nn.Sequential {
      [input -> (1) -> (2) -> output]
      (1): nn.ConcatTable {
        input
          |`-> (1): nn.Sequential {
          |      [input -> (1) -> (2) -> (3) -> (4) -> output]
          |      (1): cudnn.SpatialConvolution(32 -> 32, 3x3, 1,1, 1,1) without bias
          |      (2): nn.Sequential {
          |        [input -> (1) -> (2) -> (3) -> output]
          |        (1): nn.ConstrainedMul
          |        (2): nn.ELU (alpha:1.000000)
          |        (3): nn.ConstrainedMul
          |      }
          |      (3): cudnn.SpatialConvolution(32 -> 32, 3x3, 1,1, 1,1) without bias
          |      (4): nn.SpatialBatchNormalization (4D) (32)
          |    }
           `-> (2): nn.Identity
           ... -> output
      }
      (2): nn.CAddTable
    }
    (18): nn.Sequential {
      [input -> (1) -> (2) -> output]
      (1): nn.ConcatTable {
        input
          |`-> (1): nn.Sequential {
          |      [input -> (1) -> (2) -> (3) -> (4) -> output]
          |      (1): cudnn.SpatialConvolution(32 -> 32, 3x3, 1,1, 1,1) without bias
          |      (2): nn.Sequential {
          |        [input -> (1) -> (2) -> (3) -> output]
          |        (1): nn.ConstrainedMul
          |        (2): nn.ELU (alpha:1.000000)
          |        (3): nn.ConstrainedMul
          |      }
          |      (3): cudnn.SpatialConvolution(32 -> 32, 3x3, 1,1, 1,1) without bias
          |      (4): nn.SpatialBatchNormalization (4D) (32)
          |    }
           `-> (2): nn.Identity
           ... -> output
      }
      (2): nn.CAddTable
    }
  }
  (5): nn.Sequential {
    [input -> (1) -> (2) -> (3) -> (4) -> (5) -> (6) -> (7) -> (8) -> (9) -> (10) -> (11) -> (12) -> (13) -> (14) -> (15) -> (16) -> (17) -> (18) -> output]
    (1): nn.Sequential {
      [input -> (1) -> (2) -> output]
      (1): nn.ConcatTable {
        input
          |`-> (1): nn.Sequential {
          |      [input -> (1) -> (2) -> (3) -> (4) -> output]
          |      (1): cudnn.SpatialConvolution(32 -> 64, 3x3, 2,2, 1,1) without bias
          |      (2): nn.Sequential {
          |        [input -> (1) -> (2) -> (3) -> output]
          |        (1): nn.ConstrainedMul
          |        (2): nn.ELU (alpha:1.000000)
          |        (3): nn.ConstrainedMul
          |      }
          |      (3): cudnn.SpatialConvolution(64 -> 64, 3x3, 1,1, 1,1) without bias
          |      (4): nn.SpatialBatchNormalization (4D) (64)
          |    }
           `-> (2): nn.Sequential {
                 [input -> (1) -> (2) -> output]
                 (1): nn.SpatialAveragePooling(1x1, 2,2)
                 (2): nn.Concat {
                   input
                     |`-> (1): nn.Identity
                      `-> (2): nn.MulConstant
                      ... -> output
                 }
               }
           ... -> output
      }
      (2): nn.CAddTable
    }
    (2): nn.Sequential {
      [input -> (1) -> (2) -> output]
      (1): nn.ConcatTable {
        input
          |`-> (1): nn.Sequential {
          |      [input -> (1) -> (2) -> (3) -> (4) -> output]
          |      (1): cudnn.SpatialConvolution(64 -> 64, 3x3, 1,1, 1,1) without bias
          |      (2): nn.Sequential {
          |        [input -> (1) -> (2) -> (3) -> output]
          |        (1): nn.ConstrainedMul
          |        (2): nn.ELU (alpha:1.000000)
          |        (3): nn.ConstrainedMul
          |      }
          |      (3): cudnn.SpatialConvolution(64 -> 64, 3x3, 1,1, 1,1) without bias
          |      (4): nn.SpatialBatchNormalization (4D) (64)
          |    }
           `-> (2): nn.Identity
           ... -> output
      }
      (2): nn.CAddTable
    }
    (3): nn.Sequential {
      [input -> (1) -> (2) -> output]
      (1): nn.ConcatTable {
        input
          |`-> (1): nn.Sequential {
          |      [input -> (1) -> (2) -> (3) -> (4) -> output]
          |      (1): cudnn.SpatialConvolution(64 -> 64, 3x3, 1,1, 1,1) without bias
          |      (2): nn.Sequential {
          |        [input -> (1) -> (2) -> (3) -> output]
          |        (1): nn.ConstrainedMul
          |        (2): nn.ELU (alpha:1.000000)
          |        (3): nn.ConstrainedMul
          |      }
          |      (3): cudnn.SpatialConvolution(64 -> 64, 3x3, 1,1, 1,1) without bias
          |      (4): nn.SpatialBatchNormalization (4D) (64)
          |    }
           `-> (2): nn.Identity
           ... -> output
      }
      (2): nn.CAddTable
    }
    (4): nn.Sequential {
      [input -> (1) -> (2) -> output]
      (1): nn.ConcatTable {
        input
          |`-> (1): nn.Sequential {
          |      [input -> (1) -> (2) -> (3) -> (4) -> output]
          |      (1): cudnn.SpatialConvolution(64 -> 64, 3x3, 1,1, 1,1) without bias
          |      (2): nn.Sequential {
          |        [input -> (1) -> (2) -> (3) -> output]
          |        (1): nn.ConstrainedMul
          |        (2): nn.ELU (alpha:1.000000)
          |        (3): nn.ConstrainedMul
          |      }
          |      (3): cudnn.SpatialConvolution(64 -> 64, 3x3, 1,1, 1,1) without bias
          |      (4): nn.SpatialBatchNormalization (4D) (64)
          |    }
           `-> (2): nn.Identity
           ... -> output
      }
      (2): nn.CAddTable
    }
    (5): nn.Sequential {
      [input -> (1) -> (2) -> output]
      (1): nn.ConcatTable {
        input
          |`-> (1): nn.Sequential {
          |      [input -> (1) -> (2) -> (3) -> (4) -> output]
          |      (1): cudnn.SpatialConvolution(64 -> 64, 3x3, 1,1, 1,1) without bias
          |      (2): nn.Sequential {
          |        [input -> (1) -> (2) -> (3) -> output]
          |        (1): nn.ConstrainedMul
          |        (2): nn.ELU (alpha:1.000000)
          |        (3): nn.ConstrainedMul
          |      }
          |      (3): cudnn.SpatialConvolution(64 -> 64, 3x3, 1,1, 1,1) without bias
          |      (4): nn.SpatialBatchNormalization (4D) (64)
          |    }
           `-> (2): nn.Identity
           ... -> output
      }
      (2): nn.CAddTable
    }
    (6): nn.Sequential {
      [input -> (1) -> (2) -> output]
      (1): nn.ConcatTable {
        input
          |`-> (1): nn.Sequential {
          |      [input -> (1) -> (2) -> (3) -> (4) -> output]
          |      (1): cudnn.SpatialConvolution(64 -> 64, 3x3, 1,1, 1,1) without bias
          |      (2): nn.Sequential {
          |        [input -> (1) -> (2) -> (3) -> output]
          |        (1): nn.ConstrainedMul
          |        (2): nn.ELU (alpha:1.000000)
          |        (3): nn.ConstrainedMul
          |      }
          |      (3): cudnn.SpatialConvolution(64 -> 64, 3x3, 1,1, 1,1) without bias
          |      (4): nn.SpatialBatchNormalization (4D) (64)
          |    }
           `-> (2): nn.Identity
           ... -> output
      }
      (2): nn.CAddTable
    }
    (7): nn.Sequential {
      [input -> (1) -> (2) -> output]
      (1): nn.ConcatTable {
        input
          |`-> (1): nn.Sequential {
          |      [input -> (1) -> (2) -> (3) -> (4) -> output]
          |      (1): cudnn.SpatialConvolution(64 -> 64, 3x3, 1,1, 1,1) without bias
          |      (2): nn.Sequential {
          |        [input -> (1) -> (2) -> (3) -> output]
          |        (1): nn.ConstrainedMul
          |        (2): nn.ELU (alpha:1.000000)
          |        (3): nn.ConstrainedMul
          |      }
          |      (3): cudnn.SpatialConvolution(64 -> 64, 3x3, 1,1, 1,1) without bias
          |      (4): nn.SpatialBatchNormalization (4D) (64)
          |    }
           `-> (2): nn.Identity
           ... -> output
      }
      (2): nn.CAddTable
    }
    (8): nn.Sequential {
      [input -> (1) -> (2) -> output]
      (1): nn.ConcatTable {
        input
          |`-> (1): nn.Sequential {
          |      [input -> (1) -> (2) -> (3) -> (4) -> output]
          |      (1): cudnn.SpatialConvolution(64 -> 64, 3x3, 1,1, 1,1) without bias
          |      (2): nn.Sequential {
          |        [input -> (1) -> (2) -> (3) -> output]
          |        (1): nn.ConstrainedMul
          |        (2): nn.ELU (alpha:1.000000)
          |        (3): nn.ConstrainedMul
          |      }
          |      (3): cudnn.SpatialConvolution(64 -> 64, 3x3, 1,1, 1,1) without bias
          |      (4): nn.SpatialBatchNormalization (4D) (64)
          |    }
           `-> (2): nn.Identity
           ... -> output
      }
      (2): nn.CAddTable
    }
    (9): nn.Sequential {
      [input -> (1) -> (2) -> output]
      (1): nn.ConcatTable {
        input
          |`-> (1): nn.Sequential {
          |      [input -> (1) -> (2) -> (3) -> (4) -> output]
          |      (1): cudnn.SpatialConvolution(64 -> 64, 3x3, 1,1, 1,1) without bias
          |      (2): nn.Sequential {
          |        [input -> (1) -> (2) -> (3) -> output]
          |        (1): nn.ConstrainedMul
          |        (2): nn.ELU (alpha:1.000000)
          |        (3): nn.ConstrainedMul
          |      }
          |      (3): cudnn.SpatialConvolution(64 -> 64, 3x3, 1,1, 1,1) without bias
          |      (4): nn.SpatialBatchNormalization (4D) (64)
          |    }
           `-> (2): nn.Identity
           ... -> output
      }
      (2): nn.CAddTable
    }
    (10): nn.Sequential {
      [input -> (1) -> (2) -> output]
      (1): nn.ConcatTable {
        input
          |`-> (1): nn.Sequential {
          |      [input -> (1) -> (2) -> (3) -> (4) -> output]
          |      (1): cudnn.SpatialConvolution(64 -> 64, 3x3, 1,1, 1,1) without bias
          |      (2): nn.Sequential {
          |        [input -> (1) -> (2) -> (3) -> output]
          |        (1): nn.ConstrainedMul
          |        (2): nn.ELU (alpha:1.000000)
          |        (3): nn.ConstrainedMul
          |      }
          |      (3): cudnn.SpatialConvolution(64 -> 64, 3x3, 1,1, 1,1) without bias
          |      (4): nn.SpatialBatchNormalization (4D) (64)
          |    }
           `-> (2): nn.Identity
           ... -> output
      }
      (2): nn.CAddTable
    }
    (11): nn.Sequential {
      [input -> (1) -> (2) -> output]
      (1): nn.ConcatTable {
        input
          |`-> (1): nn.Sequential {
          |      [input -> (1) -> (2) -> (3) -> (4) -> output]
          |      (1): cudnn.SpatialConvolution(64 -> 64, 3x3, 1,1, 1,1) without bias
          |      (2): nn.Sequential {
          |        [input -> (1) -> (2) -> (3) -> output]
          |        (1): nn.ConstrainedMul
          |        (2): nn.ELU (alpha:1.000000)
          |        (3): nn.ConstrainedMul
          |      }
          |      (3): cudnn.SpatialConvolution(64 -> 64, 3x3, 1,1, 1,1) without bias
          |      (4): nn.SpatialBatchNormalization (4D) (64)
          |    }
           `-> (2): nn.Identity
           ... -> output
      }
      (2): nn.CAddTable
    }
    (12): nn.Sequential {
      [input -> (1) -> (2) -> output]
      (1): nn.ConcatTable {
        input
          |`-> (1): nn.Sequential {
          |      [input -> (1) -> (2) -> (3) -> (4) -> output]
          |      (1): cudnn.SpatialConvolution(64 -> 64, 3x3, 1,1, 1,1) without bias
          |      (2): nn.Sequential {
          |        [input -> (1) -> (2) -> (3) -> output]
          |        (1): nn.ConstrainedMul
          |        (2): nn.ELU (alpha:1.000000)
          |        (3): nn.ConstrainedMul
          |      }
          |      (3): cudnn.SpatialConvolution(64 -> 64, 3x3, 1,1, 1,1) without bias
          |      (4): nn.SpatialBatchNormalization (4D) (64)
          |    }
           `-> (2): nn.Identity
           ... -> output
      }
      (2): nn.CAddTable
    }
    (13): nn.Sequential {
      [input -> (1) -> (2) -> output]
      (1): nn.ConcatTable {
        input
          |`-> (1): nn.Sequential {
          |      [input -> (1) -> (2) -> (3) -> (4) -> output]
          |      (1): cudnn.SpatialConvolution(64 -> 64, 3x3, 1,1, 1,1) without bias
          |      (2): nn.Sequential {
          |        [input -> (1) -> (2) -> (3) -> output]
          |        (1): nn.ConstrainedMul
          |        (2): nn.ELU (alpha:1.000000)
          |        (3): nn.ConstrainedMul
          |      }
          |      (3): cudnn.SpatialConvolution(64 -> 64, 3x3, 1,1, 1,1) without bias
          |      (4): nn.SpatialBatchNormalization (4D) (64)
          |    }
           `-> (2): nn.Identity
           ... -> output
      }
      (2): nn.CAddTable
    }
    (14): nn.Sequential {
      [input -> (1) -> (2) -> output]
      (1): nn.ConcatTable {
        input
          |`-> (1): nn.Sequential {
          |      [input -> (1) -> (2) -> (3) -> (4) -> output]
          |      (1): cudnn.SpatialConvolution(64 -> 64, 3x3, 1,1, 1,1) without bias
          |      (2): nn.Sequential {
          |        [input -> (1) -> (2) -> (3) -> output]
          |        (1): nn.ConstrainedMul
          |        (2): nn.ELU (alpha:1.000000)
          |        (3): nn.ConstrainedMul
          |      }
          |      (3): cudnn.SpatialConvolution(64 -> 64, 3x3, 1,1, 1,1) without bias
          |      (4): nn.SpatialBatchNormalization (4D) (64)
          |    }
           `-> (2): nn.Identity
           ... -> output
      }
      (2): nn.CAddTable
    }
    (15): nn.Sequential {
      [input -> (1) -> (2) -> output]
      (1): nn.ConcatTable {
        input
          |`-> (1): nn.Sequential {
          |      [input -> (1) -> (2) -> (3) -> (4) -> output]
          |      (1): cudnn.SpatialConvolution(64 -> 64, 3x3, 1,1, 1,1) without bias
          |      (2): nn.Sequential {
          |        [input -> (1) -> (2) -> (3) -> output]
          |        (1): nn.ConstrainedMul
          |        (2): nn.ELU (alpha:1.000000)
          |        (3): nn.ConstrainedMul
          |      }
          |      (3): cudnn.SpatialConvolution(64 -> 64, 3x3, 1,1, 1,1) without bias
          |      (4): nn.SpatialBatchNormalization (4D) (64)
          |    }
           `-> (2): nn.Identity
           ... -> output
      }
      (2): nn.CAddTable
    }
    (16): nn.Sequential {
      [input -> (1) -> (2) -> output]
      (1): nn.ConcatTable {
        input
          |`-> (1): nn.Sequential {
          |      [input -> (1) -> (2) -> (3) -> (4) -> output]
          |      (1): cudnn.SpatialConvolution(64 -> 64, 3x3, 1,1, 1,1) without bias
          |      (2): nn.Sequential {
          |        [input -> (1) -> (2) -> (3) -> output]
          |        (1): nn.ConstrainedMul
          |        (2): nn.ELU (alpha:1.000000)
          |        (3): nn.ConstrainedMul
          |      }
          |      (3): cudnn.SpatialConvolution(64 -> 64, 3x3, 1,1, 1,1) without bias
          |      (4): nn.SpatialBatchNormalization (4D) (64)
          |    }
           `-> (2): nn.Identity
           ... -> output
      }
      (2): nn.CAddTable
    }
    (17): nn.Sequential {
      [input -> (1) -> (2) -> output]
      (1): nn.ConcatTable {
        input
          |`-> (1): nn.Sequential {
          |      [input -> (1) -> (2) -> (3) -> (4) -> output]
          |      (1): cudnn.SpatialConvolution(64 -> 64, 3x3, 1,1, 1,1) without bias
          |      (2): nn.Sequential {
          |        [input -> (1) -> (2) -> (3) -> output]
          |        (1): nn.ConstrainedMul
          |        (2): nn.ELU (alpha:1.000000)
          |        (3): nn.ConstrainedMul
          |      }
          |      (3): cudnn.SpatialConvolution(64 -> 64, 3x3, 1,1, 1,1) without bias
          |      (4): nn.SpatialBatchNormalization (4D) (64)
          |    }
           `-> (2): nn.Identity
           ... -> output
      }
      (2): nn.CAddTable
    }
    (18): nn.Sequential {
      [input -> (1) -> (2) -> output]
      (1): nn.ConcatTable {
        input
          |`-> (1): nn.Sequential {
          |      [input -> (1) -> (2) -> (3) -> (4) -> output]
          |      (1): cudnn.SpatialConvolution(64 -> 64, 3x3, 1,1, 1,1) without bias
          |      (2): nn.Sequential {
          |        [input -> (1) -> (2) -> (3) -> output]
          |        (1): nn.ConstrainedMul
          |        (2): nn.ELU (alpha:1.000000)
          |        (3): nn.ConstrainedMul
          |      }
          |      (3): cudnn.SpatialConvolution(64 -> 64, 3x3, 1,1, 1,1) without bias
          |      (4): nn.SpatialBatchNormalization (4D) (64)
          |    }
           `-> (2): nn.Identity
           ... -> output
      }
      (2): nn.CAddTable
    }
  }
  (6): nn.Sequential {
    [input -> (1) -> (2) -> (3) -> output]
    (1): nn.ConstrainedMul
    (2): nn.ELU (alpha:1.000000)
    (3): nn.ConstrainedMul
  }
  (7): cudnn.SpatialAveragePooling(8x8, 1,1)
  (8): nn.View(64)
  (9): nn.Linear(64 -> 100)
}
=> Training epoch # 1	
 * Finished epoch # 1     top1:  85.303  top5:  60.293
	
 * Best model 	85.302734375	60.29296875	
=> Training epoch # 2	
 * Finished epoch # 2     top1:  76.084  top5:  46.201
	
 * Best model 	76.083984375	46.201171875	
=> Training epoch # 3	
 * Finished epoch # 3     top1:  67.627  top5:  35.205
	
 * Best model 	67.626953125	35.205078125	
=> Training epoch # 4	
 * Finished epoch # 4     top1:  62.002  top5:  30.479
	
 * Best model 	62.001953125	30.478515625	
=> Training epoch # 5	
 * Finished epoch # 5     top1:  59.014  top5:  26.064
	
 * Best model 	59.013671875	26.064453125	
=> Training epoch # 6	
 * Finished epoch # 6     top1:  56.436  top5:  24.932
	
 * Best model 	56.435546875	24.931640625	
=> Training epoch # 7	
 * Finished epoch # 7     top1:  51.836  top5:  20.234
	
 * Best model 	51.8359375	20.234375	
=> Training epoch # 8	
 * Finished epoch # 8     top1:  58.320  top5:  26.904
	
=> Training epoch # 9	
 * Finished epoch # 9     top1:  52.217  top5:  21.836
	
=> Training epoch # 10	
 * Finished epoch # 10     top1:  49.141  top5:  19.414
	
 * Best model 	49.140625	19.4140625	
=> Training epoch # 11	
 * Finished epoch # 11     top1:  51.084  top5:  21.045
	
=> Training epoch # 12	
 * Finished epoch # 12     top1:  46.543  top5:  17.451
	
 * Best model 	46.54296875	17.451171875	
=> Training epoch # 13	
 * Finished epoch # 13     top1:  48.467  top5:  17.988
	
=> Training epoch # 14	
 * Finished epoch # 14     top1:  49.883  top5:  20.625
	
=> Training epoch # 15	
 * Finished epoch # 15     top1:  46.738  top5:  16.797
	
=> Training epoch # 16	
 * Finished epoch # 16     top1:  44.805  top5:  15.791
	
 * Best model 	44.8046875	15.791015625	
=> Training epoch # 17	
 * Finished epoch # 17     top1:  52.637  top5:  21.885
	
=> Training epoch # 18	
 * Finished epoch # 18     top1:  44.922  top5:  15.801
	
=> Training epoch # 19	
 * Finished epoch # 19     top1:  49.717  top5:  19.717
	
=> Training epoch # 20	
 * Finished epoch # 20     top1:  48.066  top5:  19.648
	
=> Training epoch # 21	
 * Finished epoch # 21     top1:  43.643  top5:  15.410
	
 * Best model 	43.642578125	15.41015625	
=> Training epoch # 22	
 * Finished epoch # 22     top1:  48.301  top5:  18.506
	
=> Training epoch # 23	
 * Finished epoch # 23     top1:  46.504  top5:  17.559
	
=> Training epoch # 24	
 * Finished epoch # 24     top1:  43.857  top5:  15.039
	
=> Training epoch # 25	
 * Finished epoch # 25     top1:  43.926  top5:  15.918
	
=> Training epoch # 26	
 * Finished epoch # 26     top1:  45.635  top5:  16.582
	
=> Training epoch # 27	
 * Finished epoch # 27     top1:  41.875  top5:  14.072
	
 * Best model 	41.875	14.072265625	
=> Training epoch # 28	
 * Finished epoch # 28     top1:  45.322  top5:  15.684
	
=> Training epoch # 29	
 * Finished epoch # 29     top1:  46.865  top5:  16.504
	
=> Training epoch # 30	
 * Finished epoch # 30     top1:  45.283  top5:  16.445
	
=> Training epoch # 31	
 * Finished epoch # 31     top1:  51.846  top5:  21.113
	
=> Training epoch # 32	
 * Finished epoch # 32     top1:  43.447  top5:  14.561
	
=> Training epoch # 33	
 * Finished epoch # 33     top1:  46.357  top5:  16.162
	
=> Training epoch # 34	
 * Finished epoch # 34     top1:  52.686  top5:  23.076
	
=> Training epoch # 35	
 * Finished epoch # 35     top1:  48.984  top5:  19.521
	
=> Training epoch # 36	
 * Finished epoch # 36     top1:  48.232  top5:  19.160
	
=> Training epoch # 37	
 * Finished epoch # 37     top1:  43.154  top5:  14.883
	
=> Training epoch # 38	
 * Finished epoch # 38     top1:  45.830  top5:  17.441
	
=> Training epoch # 39	
 * Finished epoch # 39     top1:  48.096  top5:  17.539
	
=> Training epoch # 40	
 * Finished epoch # 40     top1:  43.662  top5:  15.889
	
=> Training epoch # 41	
 * Finished epoch # 41     top1:  46.777  top5:  16.250
	
=> Training epoch # 42	
 * Finished epoch # 42     top1:  46.025  top5:  17.402
	
=> Training epoch # 43	
 * Finished epoch # 43     top1:  45.908  top5:  16.973
	
=> Training epoch # 44	
 * Finished epoch # 44     top1:  48.828  top5:  17.520
	
=> Training epoch # 45	
 * Finished epoch # 45     top1:  40.195  top5:  13.691
	
 * Best model 	40.1953125	13.69140625	
=> Training epoch # 46	
 * Finished epoch # 46     top1:  47.197  top5:  16.689
	
=> Training epoch # 47	
 * Finished epoch # 47     top1:  44.873  top5:  16.514
	
=> Training epoch # 48	
 * Finished epoch # 48     top1:  48.789  top5:  19.219
	
=> Training epoch # 49	
 * Finished epoch # 49     top1:  45.908  top5:  16.729
	
=> Training epoch # 50	
 * Finished epoch # 50     top1:  44.688  top5:  16.426
	
=> Training epoch # 51	
 * Finished epoch # 51     top1:  49.619  top5:  21.387
	
=> Training epoch # 52	
 * Finished epoch # 52     top1:  46.523  top5:  17.920
	
=> Training epoch # 53	
 * Finished epoch # 53     top1:  43.164  top5:  15.557
	
=> Training epoch # 54	
 * Finished epoch # 54     top1:  44.805  top5:  17.725
	
=> Training epoch # 55	
 * Finished epoch # 55     top1:  44.658  top5:  15.361
	
=> Training epoch # 56	
 * Finished epoch # 56     top1:  43.906  top5:  16.543
	
=> Training epoch # 57	
 * Finished epoch # 57     top1:  42.051  top5:  15.293
	
=> Training epoch # 58	
 * Finished epoch # 58     top1:  43.701  top5:  15.215
	
=> Training epoch # 59	
 * Finished epoch # 59     top1:  45.889  top5:  17.217
	
=> Training epoch # 60	
 * Finished epoch # 60     top1:  43.516  top5:  16.260
	
=> Training epoch # 61	
 * Finished epoch # 61     top1:  47.305  top5:  17.734
	
=> Training epoch # 62	
 * Finished epoch # 62     top1:  45.146  top5:  17.275
	
=> Training epoch # 63	
 * Finished epoch # 63     top1:  43.252  top5:  15.508
	
=> Training epoch # 64	
 * Finished epoch # 64     top1:  56.680  top5:  24.316
	
=> Training epoch # 65	
 * Finished epoch # 65     top1:  42.725  top5:  14.453
	
=> Training epoch # 66	
 * Finished epoch # 66     top1:  46.543  top5:  18.691
	
=> Training epoch # 67	
 * Finished epoch # 67     top1:  43.691  top5:  16.016
	
=> Training epoch # 68	
 * Finished epoch # 68     top1:  45.342  top5:  15.410
	
=> Training epoch # 69	
 * Finished epoch # 69     top1:  48.477  top5:  19.502
	
=> Training epoch # 70	
 * Finished epoch # 70     top1:  47.598  top5:  18.994
	
=> Training epoch # 71	
 * Finished epoch # 71     top1:  45.820  top5:  16.846
	
=> Training epoch # 72	
 * Finished epoch # 72     top1:  48.936  top5:  18.779
	
=> Training epoch # 73	
 * Finished epoch # 73     top1:  42.910  top5:  15.195
	
=> Training epoch # 74	
 * Finished epoch # 74     top1:  41.240  top5:  14.951
	
=> Training epoch # 75	
 * Finished epoch # 75     top1:  46.973  top5:  16.553
	
=> Training epoch # 76	
 * Finished epoch # 76     top1:  42.109  top5:  14.570
	
=> Training epoch # 77	
 * Finished epoch # 77     top1:  42.725  top5:  14.785
	
=> Training epoch # 78	
 * Finished epoch # 78     top1:  45.186  top5:  16.416
	
=> Training epoch # 79	
 * Finished epoch # 79     top1:  45.186  top5:  16.289
	
=> Training epoch # 80	
 * Finished epoch # 80     top1:  45.781  top5:  16.484
	
=> Training epoch # 81	
 * Finished epoch # 81     top1:  26.758  top5:   6.592
	
 * Best model 	26.7578125	6.591796875	
=> Training epoch # 82	
 * Finished epoch # 82     top1:  26.270  top5:   6.650
	
 * Best model 	26.26953125	6.650390625	
=> Training epoch # 83	
 * Finished epoch # 83     top1:  26.699  top5:   7.129
	
=> Training epoch # 84	
 * Finished epoch # 84     top1:  25.615  top5:   6.436
	
 * Best model 	25.615234375	6.435546875	
=> Training epoch # 85	
 * Finished epoch # 85     top1:  26.846  top5:   6.670
	
=> Training epoch # 86	
 * Finished epoch # 86     top1:  26.309  top5:   6.689
	
=> Training epoch # 87	
 * Finished epoch # 87     top1:  25.947  top5:   6.709
	
=> Training epoch # 88	
 * Finished epoch # 88     top1:  28.125  top5:   7.559
	
=> Training epoch # 89	
 * Finished epoch # 89     top1:  27.109  top5:   7.705
	
=> Training epoch # 90	
 * Finished epoch # 90     top1:  27.783  top5:   7.705
	
=> Training epoch # 91	
 * Finished epoch # 91     top1:  27.354  top5:   7.070
	
=> Training epoch # 92	
 * Finished epoch # 92     top1:  29.746  top5:   8.154
	
=> Training epoch # 93	
 * Finished epoch # 93     top1:  30.039  top5:   8.652
	
=> Training epoch # 94	
 * Finished epoch # 94     top1:  29.766  top5:   8.574
	
=> Training epoch # 95	
 * Finished epoch # 95     top1:  29.795  top5:   8.379
	
=> Training epoch # 96	
 * Finished epoch # 96     top1:  30.615  top5:   8.809
	
=> Training epoch # 97	
 * Finished epoch # 97     top1:  32.324  top5:   9.160
	
=> Training epoch # 98	
 * Finished epoch # 98     top1:  31.631  top5:   8.838
	
=> Training epoch # 99	
 * Finished epoch # 99     top1:  32.100  top5:  10.869
	
=> Training epoch # 100	
 * Finished epoch # 100     top1:  31.436  top5:   9.834
	
=> Training epoch # 101	
 * Finished epoch # 101     top1:  33.711  top5:  11.221
	
=> Training epoch # 102	
 * Finished epoch # 102     top1:  33.398  top5:  11.094
	
=> Training epoch # 103	
 * Finished epoch # 103     top1:  35.420  top5:  11.973
	
=> Training epoch # 104	
 * Finished epoch # 104     top1:  35.127  top5:  10.869
	
=> Training epoch # 105	
 * Finished epoch # 105     top1:  34.678  top5:  11.191
	
=> Training epoch # 106	
 * Finished epoch # 106     top1:  40.459  top5:  15.361
	
=> Training epoch # 107	
 * Finished epoch # 107     top1:  34.756  top5:  12.412
	
=> Training epoch # 108	
 * Finished epoch # 108     top1:  32.090  top5:  10.674
	
=> Training epoch # 109	
 * Finished epoch # 109     top1:  37.041  top5:  13.232
	
=> Training epoch # 110	
 * Finished epoch # 110     top1:  35.908  top5:  11.523
	
=> Training epoch # 111	
 * Finished epoch # 111     top1:  40.918  top5:  14.473
	
=> Training epoch # 112	
 * Finished epoch # 112     top1:  37.012  top5:  12.725
	
=> Training epoch # 113	
 * Finished epoch # 113     top1:  42.129  top5:  15.615
	
=> Training epoch # 114	
 * Finished epoch # 114     top1:  39.219  top5:  13.916
	
=> Training epoch # 115	
 * Finished epoch # 115     top1:  38.291  top5:  13.418
	
=> Training epoch # 116	
 * Finished epoch # 116     top1:  41.670  top5:  14.766
	
=> Training epoch # 117	
 * Finished epoch # 117     top1:  39.053  top5:  14.395
	
=> Training epoch # 118	
 * Finished epoch # 118     top1:  44.297  top5:  17.402
	
=> Training epoch # 119	
 * Finished epoch # 119     top1:  36.270  top5:  12.607
	
=> Training epoch # 120	
 * Finished epoch # 120     top1:  35.879  top5:  12.285
	
=> Training epoch # 121	
 * Finished epoch # 121     top1:  38.281  top5:  14.609
	
=> Training epoch # 122	
 * Finished epoch # 122     top1:  26.689  top5:   7.568
	
=> Training epoch # 123	
 * Finished epoch # 123     top1:  26.064  top5:   7.363
	
=> Training epoch # 124	
 * Finished epoch # 124     top1:  25.762  top5:   7.402
	
=> Training epoch # 125	
 * Finished epoch # 125     top1:  25.752  top5:   7.080
	
=> Training epoch # 126	
 * Finished epoch # 126     top1:  25.781  top5:   7.139
	
=> Training epoch # 127	
 * Finished epoch # 127     top1:  25.303  top5:   7.256
	
 * Best model 	25.302734375	7.255859375	
=> Training epoch # 128	
 * Finished epoch # 128     top1:  25.488  top5:   7.295
	
=> Training epoch # 129	
 * Finished epoch # 129     top1:  25.449  top5:   7.373
	
=> Training epoch # 130	
 * Finished epoch # 130     top1:  25.391  top5:   7.197
	
=> Training epoch # 131	
 * Finished epoch # 131     top1:  26.045  top5:   7.051
	
=> Training epoch # 132	
 * Finished epoch # 132     top1:  25.264  top5:   7.275
	
 * Best model 	25.263671875	7.275390625	
=> Training epoch # 133	
 * Finished epoch # 133     top1:  26.084  top5:   7.354
	
=> Training epoch # 134	
 * Finished epoch # 134     top1:  25.293  top5:   7.461
	
=> Training epoch # 135	
 * Finished epoch # 135     top1:  25.850  top5:   7.393
	
=> Training epoch # 136	
 * Finished epoch # 136     top1:  25.615  top5:   7.500
	
=> Training epoch # 137	
 * Finished epoch # 137     top1:  25.400  top5:   7.432
	
=> Training epoch # 138	
 * Finished epoch # 138     top1:  25.156  top5:   7.227
	
 * Best model 	25.15625	7.2265625	
=> Training epoch # 139	
 * Finished epoch # 139     top1:  25.752  top5:   7.598
	
=> Training epoch # 140	
 * Finished epoch # 140     top1:  25.889  top5:   7.334
	
=> Training epoch # 141	
 * Finished epoch # 141     top1:  25.283  top5:   7.314
	
=> Training epoch # 142	
 * Finished epoch # 142     top1:  26.006  top5:   7.334
	
=> Training epoch # 143	
 * Finished epoch # 143     top1:  25.527  top5:   7.461
	
=> Training epoch # 144	
 * Finished epoch # 144     top1:  25.566  top5:   7.490
	
=> Training epoch # 145	
 * Finished epoch # 145     top1:  25.459  top5:   7.529
	
=> Training epoch # 146	
 * Finished epoch # 146     top1:  25.947  top5:   7.607
	
=> Training epoch # 147	
 * Finished epoch # 147     top1:  25.557  top5:   7.764
	
=> Training epoch # 148	
 * Finished epoch # 148     top1:  25.811  top5:   7.266
	
=> Training epoch # 149	
 * Finished epoch # 149     top1:  26.172  top5:   7.510
	
=> Training epoch # 150	
 * Finished epoch # 150     top1:  25.459  top5:   7.324
	
=> Training epoch # 151	
 * Finished epoch # 151     top1:  25.850  top5:   7.666
	
=> Training epoch # 152	
 * Finished epoch # 152     top1:  26.143  top5:   7.441
	
=> Training epoch # 153	
 * Finished epoch # 153     top1:  25.293  top5:   7.529
	
=> Training epoch # 154	
 * Finished epoch # 154     top1:  26.348  top5:   7.979
	
=> Training epoch # 155	
 * Finished epoch # 155     top1:  26.084  top5:   7.490
	
=> Training epoch # 156	
 * Finished epoch # 156     top1:  25.674  top5:   7.500
	
=> Training epoch # 157	
 * Finished epoch # 157     top1:  25.908  top5:   7.520
	
=> Training epoch # 158	
 * Finished epoch # 158     top1:  26.436  top5:   7.588
	
=> Training epoch # 159	
 * Finished epoch # 159     top1:  25.928  top5:   7.568
	
=> Training epoch # 160	
 * Finished epoch # 160     top1:  25.010  top5:   7.285
	
 * Best model 	25.009765625	7.28515625	
=> Training epoch # 161	
 * Finished epoch # 161     top1:  25.967  top5:   7.324
	
=> Training epoch # 162	
 * Finished epoch # 162     top1:  25.938  top5:   7.451
	
=> Training epoch # 163	
 * Finished epoch # 163     top1:  25.684  top5:   7.617
	
=> Training epoch # 164	
 * Finished epoch # 164     top1:  25.996  top5:   7.559
	
=> Training epoch # 165	
 * Finished epoch # 165     top1:  25.762  top5:   7.295
	
=> Training epoch # 166	
 * Finished epoch # 166     top1:  25.742  top5:   7.314
	
=> Training epoch # 167	
 * Finished epoch # 167     top1:  25.664  top5:   7.520
	
=> Training epoch # 168	
 * Finished epoch # 168     top1:  25.811  top5:   7.568
	
=> Training epoch # 169	
 * Finished epoch # 169     top1:  25.713  top5:   7.598
	
=> Training epoch # 170	
 * Finished epoch # 170     top1:  25.908  top5:   7.881
	
=> Training epoch # 171	
 * Finished epoch # 171     top1:  25.410  top5:   7.568
	
=> Training epoch # 172	
 * Finished epoch # 172     top1:  25.762  top5:   7.734
	
=> Training epoch # 173	
 * Finished epoch # 173     top1:  26.191  top5:   7.773
	
=> Training epoch # 174	
 * Finished epoch # 174     top1:  25.869  top5:   7.578
	
=> Training epoch # 175	
 * Finished epoch # 175     top1:  26.133  top5:   7.520
	
=> Training epoch # 176	
 * Finished epoch # 176     top1:  25.938  top5:   7.510
	
=> Training epoch # 177	
 * Finished epoch # 177     top1:  26.436  top5:   7.871
	
=> Training epoch # 178	
 * Finished epoch # 178     top1:  26.582  top5:   7.773
	
=> Training epoch # 179	
 * Finished epoch # 179     top1:  25.918  top5:   7.686
	
=> Training epoch # 180	
 * Finished epoch # 180     top1:  25.498  top5:   7.578
	
=> Training epoch # 181	
 * Finished epoch # 181     top1:  26.074  top5:   7.363
	
=> Training epoch # 182	
 * Finished epoch # 182     top1:  26.211  top5:   7.568
	
=> Training epoch # 183	
 * Finished epoch # 183     top1:  26.143  top5:   7.725
	
=> Training epoch # 184	
 * Finished epoch # 184     top1:  26.299  top5:   7.705
	
=> Training epoch # 185	
 * Finished epoch # 185     top1:  25.947  top5:   7.686
	
=> Training epoch # 186	
 * Finished epoch # 186     top1:  25.703  top5:   7.500
	
=> Training epoch # 187	
 * Finished epoch # 187     top1:  26.543  top5:   8.271
	
=> Training epoch # 188	
 * Finished epoch # 188     top1:  25.957  top5:   7.627
	
=> Training epoch # 189	
 * Finished epoch # 189     top1:  25.977  top5:   7.559
	
=> Training epoch # 190	
 * Finished epoch # 190     top1:  26.396  top5:   7.461
	
=> Training epoch # 191	
 * Finished epoch # 191     top1:  25.762  top5:   7.500
	
=> Training epoch # 192	
 * Finished epoch # 192     top1:  25.947  top5:   7.598
	
=> Training epoch # 193	
 * Finished epoch # 193     top1:  26.162  top5:   7.549
	
=> Training epoch # 194	
 * Finished epoch # 194     top1:  26.650  top5:   7.822
	
=> Training epoch # 195	
 * Finished epoch # 195     top1:  26.055  top5:   7.871
	
=> Training epoch # 196	
 * Finished epoch # 196     top1:  26.523  top5:   7.637
	
=> Training epoch # 197	
 * Finished epoch # 197     top1:  26.631  top5:   7.559
	
=> Training epoch # 198	
 * Finished epoch # 198     top1:  26.572  top5:   7.969
	
=> Training epoch # 199	
 * Finished epoch # 199     top1:  26.768  top5:   7.803
	
=> Training epoch # 200	
 * Finished epoch # 200     top1:  26.016  top5:   7.676
	
 * Finished top1: 25.010  top5:  7.285	
