{
  cudnn : "fastest"
  LR : 0.1
  nThreads : 2
  nClasses : 0
  batchSize : 256
  testOnly : false
  netType : "resnet"
  resetClassifier : false
  shortcutType : "A"
  gen : "gen"
  nGPU : 1
  depth : 44
  weightDecay : 0.001
  data : ""
  dataset : "cifar100"
  epochNumber : 1
  manualSeed : 2
  resume : "results/results-elu/try4/cifar100/44"
  optimState : "none"
  nEpochs : 200
  tenCrop : false
  shareGradInput : false
  backend : "cudnn"
  momentum : 0.9
  retrain : "none"
}
=> Creating model from file: models/resnet.lua	
 | ResNet-44 CIFAR-100	
nn.Sequential {
  [input -> (1) -> (2) -> (3) -> (4) -> (5) -> (6) -> (7) -> (8) -> (9) -> output]
  (1): cudnn.SpatialConvolution(3 -> 16, 3x3, 1,1, 1,1) without bias
  (2): nn.ELU (alpha:1.000000)
  (3): nn.Sequential {
    [input -> (1) -> (2) -> (3) -> (4) -> (5) -> (6) -> (7) -> output]
    (1): nn.Sequential {
      [input -> (1) -> (2) -> output]
      (1): nn.ConcatTable {
        input
          |`-> (1): nn.Sequential {
          |      [input -> (1) -> (2) -> (3) -> (4) -> output]
          |      (1): cudnn.SpatialConvolution(16 -> 16, 3x3, 1,1, 1,1) without bias
          |      (2): nn.ELU (alpha:1.000000)
          |      (3): cudnn.SpatialConvolution(16 -> 16, 3x3, 1,1, 1,1) without bias
          |      (4): nn.SpatialBatchNormalization (4D) (16)
          |    }
           `-> (2): nn.Identity
           ... -> output
      }
      (2): nn.CAddTable
    }
    (2): nn.Sequential {
      [input -> (1) -> (2) -> output]
      (1): nn.ConcatTable {
        input
          |`-> (1): nn.Sequential {
          |      [input -> (1) -> (2) -> (3) -> (4) -> output]
          |      (1): cudnn.SpatialConvolution(16 -> 16, 3x3, 1,1, 1,1) without bias
          |      (2): nn.ELU (alpha:1.000000)
          |      (3): cudnn.SpatialConvolution(16 -> 16, 3x3, 1,1, 1,1) without bias
          |      (4): nn.SpatialBatchNormalization (4D) (16)
          |    }
           `-> (2): nn.Identity
           ... -> output
      }
      (2): nn.CAddTable
    }
    (3): nn.Sequential {
      [input -> (1) -> (2) -> output]
      (1): nn.ConcatTable {
        input
          |`-> (1): nn.Sequential {
          |      [input -> (1) -> (2) -> (3) -> (4) -> output]
          |      (1): cudnn.SpatialConvolution(16 -> 16, 3x3, 1,1, 1,1) without bias
          |      (2): nn.ELU (alpha:1.000000)
          |      (3): cudnn.SpatialConvolution(16 -> 16, 3x3, 1,1, 1,1) without bias
          |      (4): nn.SpatialBatchNormalization (4D) (16)
          |    }
           `-> (2): nn.Identity
           ... -> output
      }
      (2): nn.CAddTable
    }
    (4): nn.Sequential {
      [input -> (1) -> (2) -> output]
      (1): nn.ConcatTable {
        input
          |`-> (1): nn.Sequential {
          |      [input -> (1) -> (2) -> (3) -> (4) -> output]
          |      (1): cudnn.SpatialConvolution(16 -> 16, 3x3, 1,1, 1,1) without bias
          |      (2): nn.ELU (alpha:1.000000)
          |      (3): cudnn.SpatialConvolution(16 -> 16, 3x3, 1,1, 1,1) without bias
          |      (4): nn.SpatialBatchNormalization (4D) (16)
          |    }
           `-> (2): nn.Identity
           ... -> output
      }
      (2): nn.CAddTable
    }
    (5): nn.Sequential {
      [input -> (1) -> (2) -> output]
      (1): nn.ConcatTable {
        input
          |`-> (1): nn.Sequential {
          |      [input -> (1) -> (2) -> (3) -> (4) -> output]
          |      (1): cudnn.SpatialConvolution(16 -> 16, 3x3, 1,1, 1,1) without bias
          |      (2): nn.ELU (alpha:1.000000)
          |      (3): cudnn.SpatialConvolution(16 -> 16, 3x3, 1,1, 1,1) without bias
          |      (4): nn.SpatialBatchNormalization (4D) (16)
          |    }
           `-> (2): nn.Identity
           ... -> output
      }
      (2): nn.CAddTable
    }
    (6): nn.Sequential {
      [input -> (1) -> (2) -> output]
      (1): nn.ConcatTable {
        input
          |`-> (1): nn.Sequential {
          |      [input -> (1) -> (2) -> (3) -> (4) -> output]
          |      (1): cudnn.SpatialConvolution(16 -> 16, 3x3, 1,1, 1,1) without bias
          |      (2): nn.ELU (alpha:1.000000)
          |      (3): cudnn.SpatialConvolution(16 -> 16, 3x3, 1,1, 1,1) without bias
          |      (4): nn.SpatialBatchNormalization (4D) (16)
          |    }
           `-> (2): nn.Identity
           ... -> output
      }
      (2): nn.CAddTable
    }
    (7): nn.Sequential {
      [input -> (1) -> (2) -> output]
      (1): nn.ConcatTable {
        input
          |`-> (1): nn.Sequential {
          |      [input -> (1) -> (2) -> (3) -> (4) -> output]
          |      (1): cudnn.SpatialConvolution(16 -> 16, 3x3, 1,1, 1,1) without bias
          |      (2): nn.ELU (alpha:1.000000)
          |      (3): cudnn.SpatialConvolution(16 -> 16, 3x3, 1,1, 1,1) without bias
          |      (4): nn.SpatialBatchNormalization (4D) (16)
          |    }
           `-> (2): nn.Identity
           ... -> output
      }
      (2): nn.CAddTable
    }
  }
  (4): nn.Sequential {
    [input -> (1) -> (2) -> (3) -> (4) -> (5) -> (6) -> (7) -> output]
    (1): nn.Sequential {
      [input -> (1) -> (2) -> output]
      (1): nn.ConcatTable {
        input
          |`-> (1): nn.Sequential {
          |      [input -> (1) -> (2) -> (3) -> (4) -> output]
          |      (1): cudnn.SpatialConvolution(16 -> 32, 3x3, 2,2, 1,1) without bias
          |      (2): nn.ELU (alpha:1.000000)
          |      (3): cudnn.SpatialConvolution(32 -> 32, 3x3, 1,1, 1,1) without bias
          |      (4): nn.SpatialBatchNormalization (4D) (32)
          |    }
           `-> (2): nn.Sequential {
                 [input -> (1) -> (2) -> output]
                 (1): nn.SpatialAveragePooling(1x1, 2,2)
                 (2): nn.Concat {
                   input
                     |`-> (1): nn.Identity
                      `-> (2): nn.MulConstant
                      ... -> output
                 }
               }
           ... -> output
      }
      (2): nn.CAddTable
    }
    (2): nn.Sequential {
      [input -> (1) -> (2) -> output]
      (1): nn.ConcatTable {
        input
          |`-> (1): nn.Sequential {
          |      [input -> (1) -> (2) -> (3) -> (4) -> output]
          |      (1): cudnn.SpatialConvolution(32 -> 32, 3x3, 1,1, 1,1) without bias
          |      (2): nn.ELU (alpha:1.000000)
          |      (3): cudnn.SpatialConvolution(32 -> 32, 3x3, 1,1, 1,1) without bias
          |      (4): nn.SpatialBatchNormalization (4D) (32)
          |    }
           `-> (2): nn.Identity
           ... -> output
      }
      (2): nn.CAddTable
    }
    (3): nn.Sequential {
      [input -> (1) -> (2) -> output]
      (1): nn.ConcatTable {
        input
          |`-> (1): nn.Sequential {
          |      [input -> (1) -> (2) -> (3) -> (4) -> output]
          |      (1): cudnn.SpatialConvolution(32 -> 32, 3x3, 1,1, 1,1) without bias
          |      (2): nn.ELU (alpha:1.000000)
          |      (3): cudnn.SpatialConvolution(32 -> 32, 3x3, 1,1, 1,1) without bias
          |      (4): nn.SpatialBatchNormalization (4D) (32)
          |    }
           `-> (2): nn.Identity
           ... -> output
      }
      (2): nn.CAddTable
    }
    (4): nn.Sequential {
      [input -> (1) -> (2) -> output]
      (1): nn.ConcatTable {
        input
          |`-> (1): nn.Sequential {
          |      [input -> (1) -> (2) -> (3) -> (4) -> output]
          |      (1): cudnn.SpatialConvolution(32 -> 32, 3x3, 1,1, 1,1) without bias
          |      (2): nn.ELU (alpha:1.000000)
          |      (3): cudnn.SpatialConvolution(32 -> 32, 3x3, 1,1, 1,1) without bias
          |      (4): nn.SpatialBatchNormalization (4D) (32)
          |    }
           `-> (2): nn.Identity
           ... -> output
      }
      (2): nn.CAddTable
    }
    (5): nn.Sequential {
      [input -> (1) -> (2) -> output]
      (1): nn.ConcatTable {
        input
          |`-> (1): nn.Sequential {
          |      [input -> (1) -> (2) -> (3) -> (4) -> output]
          |      (1): cudnn.SpatialConvolution(32 -> 32, 3x3, 1,1, 1,1) without bias
          |      (2): nn.ELU (alpha:1.000000)
          |      (3): cudnn.SpatialConvolution(32 -> 32, 3x3, 1,1, 1,1) without bias
          |      (4): nn.SpatialBatchNormalization (4D) (32)
          |    }
           `-> (2): nn.Identity
           ... -> output
      }
      (2): nn.CAddTable
    }
    (6): nn.Sequential {
      [input -> (1) -> (2) -> output]
      (1): nn.ConcatTable {
        input
          |`-> (1): nn.Sequential {
          |      [input -> (1) -> (2) -> (3) -> (4) -> output]
          |      (1): cudnn.SpatialConvolution(32 -> 32, 3x3, 1,1, 1,1) without bias
          |      (2): nn.ELU (alpha:1.000000)
          |      (3): cudnn.SpatialConvolution(32 -> 32, 3x3, 1,1, 1,1) without bias
          |      (4): nn.SpatialBatchNormalization (4D) (32)
          |    }
           `-> (2): nn.Identity
           ... -> output
      }
      (2): nn.CAddTable
    }
    (7): nn.Sequential {
      [input -> (1) -> (2) -> output]
      (1): nn.ConcatTable {
        input
          |`-> (1): nn.Sequential {
          |      [input -> (1) -> (2) -> (3) -> (4) -> output]
          |      (1): cudnn.SpatialConvolution(32 -> 32, 3x3, 1,1, 1,1) without bias
          |      (2): nn.ELU (alpha:1.000000)
          |      (3): cudnn.SpatialConvolution(32 -> 32, 3x3, 1,1, 1,1) without bias
          |      (4): nn.SpatialBatchNormalization (4D) (32)
          |    }
           `-> (2): nn.Identity
           ... -> output
      }
      (2): nn.CAddTable
    }
  }
  (5): nn.Sequential {
    [input -> (1) -> (2) -> (3) -> (4) -> (5) -> (6) -> (7) -> output]
    (1): nn.Sequential {
      [input -> (1) -> (2) -> output]
      (1): nn.ConcatTable {
        input
          |`-> (1): nn.Sequential {
          |      [input -> (1) -> (2) -> (3) -> (4) -> output]
          |      (1): cudnn.SpatialConvolution(32 -> 64, 3x3, 2,2, 1,1) without bias
          |      (2): nn.ELU (alpha:1.000000)
          |      (3): cudnn.SpatialConvolution(64 -> 64, 3x3, 1,1, 1,1) without bias
          |      (4): nn.SpatialBatchNormalization (4D) (64)
          |    }
           `-> (2): nn.Sequential {
                 [input -> (1) -> (2) -> output]
                 (1): nn.SpatialAveragePooling(1x1, 2,2)
                 (2): nn.Concat {
                   input
                     |`-> (1): nn.Identity
                      `-> (2): nn.MulConstant
                      ... -> output
                 }
               }
           ... -> output
      }
      (2): nn.CAddTable
    }
    (2): nn.Sequential {
      [input -> (1) -> (2) -> output]
      (1): nn.ConcatTable {
        input
          |`-> (1): nn.Sequential {
          |      [input -> (1) -> (2) -> (3) -> (4) -> output]
          |      (1): cudnn.SpatialConvolution(64 -> 64, 3x3, 1,1, 1,1) without bias
          |      (2): nn.ELU (alpha:1.000000)
          |      (3): cudnn.SpatialConvolution(64 -> 64, 3x3, 1,1, 1,1) without bias
          |      (4): nn.SpatialBatchNormalization (4D) (64)
          |    }
           `-> (2): nn.Identity
           ... -> output
      }
      (2): nn.CAddTable
    }
    (3): nn.Sequential {
      [input -> (1) -> (2) -> output]
      (1): nn.ConcatTable {
        input
          |`-> (1): nn.Sequential {
          |      [input -> (1) -> (2) -> (3) -> (4) -> output]
          |      (1): cudnn.SpatialConvolution(64 -> 64, 3x3, 1,1, 1,1) without bias
          |      (2): nn.ELU (alpha:1.000000)
          |      (3): cudnn.SpatialConvolution(64 -> 64, 3x3, 1,1, 1,1) without bias
          |      (4): nn.SpatialBatchNormalization (4D) (64)
          |    }
           `-> (2): nn.Identity
           ... -> output
      }
      (2): nn.CAddTable
    }
    (4): nn.Sequential {
      [input -> (1) -> (2) -> output]
      (1): nn.ConcatTable {
        input
          |`-> (1): nn.Sequential {
          |      [input -> (1) -> (2) -> (3) -> (4) -> output]
          |      (1): cudnn.SpatialConvolution(64 -> 64, 3x3, 1,1, 1,1) without bias
          |      (2): nn.ELU (alpha:1.000000)
          |      (3): cudnn.SpatialConvolution(64 -> 64, 3x3, 1,1, 1,1) without bias
          |      (4): nn.SpatialBatchNormalization (4D) (64)
          |    }
           `-> (2): nn.Identity
           ... -> output
      }
      (2): nn.CAddTable
    }
    (5): nn.Sequential {
      [input -> (1) -> (2) -> output]
      (1): nn.ConcatTable {
        input
          |`-> (1): nn.Sequential {
          |      [input -> (1) -> (2) -> (3) -> (4) -> output]
          |      (1): cudnn.SpatialConvolution(64 -> 64, 3x3, 1,1, 1,1) without bias
          |      (2): nn.ELU (alpha:1.000000)
          |      (3): cudnn.SpatialConvolution(64 -> 64, 3x3, 1,1, 1,1) without bias
          |      (4): nn.SpatialBatchNormalization (4D) (64)
          |    }
           `-> (2): nn.Identity
           ... -> output
      }
      (2): nn.CAddTable
    }
    (6): nn.Sequential {
      [input -> (1) -> (2) -> output]
      (1): nn.ConcatTable {
        input
          |`-> (1): nn.Sequential {
          |      [input -> (1) -> (2) -> (3) -> (4) -> output]
          |      (1): cudnn.SpatialConvolution(64 -> 64, 3x3, 1,1, 1,1) without bias
          |      (2): nn.ELU (alpha:1.000000)
          |      (3): cudnn.SpatialConvolution(64 -> 64, 3x3, 1,1, 1,1) without bias
          |      (4): nn.SpatialBatchNormalization (4D) (64)
          |    }
           `-> (2): nn.Identity
           ... -> output
      }
      (2): nn.CAddTable
    }
    (7): nn.Sequential {
      [input -> (1) -> (2) -> output]
      (1): nn.ConcatTable {
        input
          |`-> (1): nn.Sequential {
          |      [input -> (1) -> (2) -> (3) -> (4) -> output]
          |      (1): cudnn.SpatialConvolution(64 -> 64, 3x3, 1,1, 1,1) without bias
          |      (2): nn.ELU (alpha:1.000000)
          |      (3): cudnn.SpatialConvolution(64 -> 64, 3x3, 1,1, 1,1) without bias
          |      (4): nn.SpatialBatchNormalization (4D) (64)
          |    }
           `-> (2): nn.Identity
           ... -> output
      }
      (2): nn.CAddTable
    }
  }
  (6): nn.ELU (alpha:1.000000)
  (7): cudnn.SpatialAveragePooling(8x8, 1,1)
  (8): nn.View(64)
  (9): nn.Linear(64 -> 100)
}
=> Training epoch # 1	
 * Finished epoch # 1     top1:  81.963  top5:  55.166
	
 * Best model 	81.962890625	55.166015625	
=> Training epoch # 2	
 * Finished epoch # 2     top1:  73.018  top5:  41.318
	
 * Best model 	73.017578125	41.318359375	
=> Training epoch # 3	
 * Finished epoch # 3     top1:  66.250  top5:  34.453
	
 * Best model 	66.25	34.453125	
=> Training epoch # 4	
 * Finished epoch # 4     top1:  60.137  top5:  27.539
	
 * Best model 	60.13671875	27.5390625	
=> Training epoch # 5	
 * Finished epoch # 5     top1:  60.762  top5:  27.607
	
=> Training epoch # 6	
 * Finished epoch # 6     top1:  56.094  top5:  24.355
	
 * Best model 	56.09375	24.35546875	
=> Training epoch # 7	
 * Finished epoch # 7     top1:  56.602  top5:  24.668
	
=> Training epoch # 8	
 * Finished epoch # 8     top1:  52.041  top5:  20.596
	
 * Best model 	52.041015625	20.595703125	
=> Training epoch # 9	
 * Finished epoch # 9     top1:  51.592  top5:  20.771
	
 * Best model 	51.591796875	20.771484375	
=> Training epoch # 10	
 * Finished epoch # 10     top1:  53.418  top5:  21.914
	
=> Training epoch # 11	
 * Finished epoch # 11     top1:  52.705  top5:  21.660
	
=> Training epoch # 12	
 * Finished epoch # 12     top1:  48.652  top5:  19.023
	
 * Best model 	48.65234375	19.0234375	
=> Training epoch # 13	
 * Finished epoch # 13     top1:  51.396  top5:  20.195
	
=> Training epoch # 14	
 * Finished epoch # 14     top1:  46.445  top5:  16.855
	
 * Best model 	46.4453125	16.85546875	
=> Training epoch # 15	
 * Finished epoch # 15     top1:  51.172  top5:  19.062
	
=> Training epoch # 16	
 * Finished epoch # 16     top1:  46.943  top5:  17.246
	
=> Training epoch # 17	
 * Finished epoch # 17     top1:  50.801  top5:  19.717
	
=> Training epoch # 18	
 * Finished epoch # 18     top1:  48.965  top5:  18.701
	
=> Training epoch # 19	
 * Finished epoch # 19     top1:  46.660  top5:  17.324
	
=> Training epoch # 20	
 * Finished epoch # 20     top1:  50.967  top5:  20.537
	
=> Training epoch # 21	
 * Finished epoch # 21     top1:  47.236  top5:  17.041
	
=> Training epoch # 22	
 * Finished epoch # 22     top1:  47.158  top5:  17.451
	
=> Training epoch # 23	
 * Finished epoch # 23     top1:  46.328  top5:  15.820
	
 * Best model 	46.328125	15.8203125	
=> Training epoch # 24	
 * Finished epoch # 24     top1:  50.264  top5:  20.195
	
=> Training epoch # 25	
 * Finished epoch # 25     top1:  48.340  top5:  18.008
	
=> Training epoch # 26	
 * Finished epoch # 26     top1:  43.613  top5:  15.225
	
 * Best model 	43.61328125	15.224609375	
=> Training epoch # 27	
 * Finished epoch # 27     top1:  55.840  top5:  21.719
	
=> Training epoch # 28	
 * Finished epoch # 28     top1:  49.512  top5:  18.906
	
=> Training epoch # 29	
 * Finished epoch # 29     top1:  45.840  top5:  16.396
	
=> Training epoch # 30	
 * Finished epoch # 30     top1:  49.336  top5:  18.320
	
=> Training epoch # 31	
 * Finished epoch # 31     top1:  43.223  top5:  14.873
	
 * Best model 	43.22265625	14.873046875	
=> Training epoch # 32	
 * Finished epoch # 32     top1:  51.699  top5:  21.875
	
=> Training epoch # 33	
 * Finished epoch # 33     top1:  44.082  top5:  16.025
	
=> Training epoch # 34	
 * Finished epoch # 34     top1:  46.484  top5:  15.557
	
=> Training epoch # 35	
 * Finished epoch # 35     top1:  51.875  top5:  21.582
	
=> Training epoch # 36	
 * Finished epoch # 36     top1:  48.350  top5:  18.545
	
=> Training epoch # 37	
 * Finished epoch # 37     top1:  46.260  top5:  16.094
	
=> Training epoch # 38	
 * Finished epoch # 38     top1:  49.639  top5:  18.984
	
=> Training epoch # 39	
 * Finished epoch # 39     top1:  47.324  top5:  17.256
	
=> Training epoch # 40	
 * Finished epoch # 40     top1:  44.512  top5:  15.479
	
=> Training epoch # 41	
 * Finished epoch # 41     top1:  44.053  top5:  15.586
	
=> Training epoch # 42	
 * Finished epoch # 42     top1:  48.428  top5:  16.934
	
=> Training epoch # 43	
 * Finished epoch # 43     top1:  48.047  top5:  16.934
	
=> Training epoch # 44	
 * Finished epoch # 44     top1:  44.766  top5:  16.035
	
=> Training epoch # 45	
 * Finished epoch # 45     top1:  42.725  top5:  13.809
	
 * Best model 	42.724609375	13.80859375	
=> Training epoch # 46	
 * Finished epoch # 46     top1:  44.365  top5:  16.328
	
=> Training epoch # 47	
 * Finished epoch # 47     top1:  42.471  top5:  14.277
	
 * Best model 	42.470703125	14.27734375	
=> Training epoch # 48	
 * Finished epoch # 48     top1:  48.535  top5:  17.217
	
=> Training epoch # 49	
 * Finished epoch # 49     top1:  46.357  top5:  16.846
	
=> Training epoch # 50	
 * Finished epoch # 50     top1:  45.166  top5:  17.002
	
=> Training epoch # 51	
 * Finished epoch # 51     top1:  43.730  top5:  14.873
	
=> Training epoch # 52	
 * Finished epoch # 52     top1:  46.562  top5:  16.943
	
=> Training epoch # 53	
 * Finished epoch # 53     top1:  48.584  top5:  18.887
	
=> Training epoch # 54	
 * Finished epoch # 54     top1:  44.492  top5:  15.889
	
=> Training epoch # 55	
 * Finished epoch # 55     top1:  42.949  top5:  13.311
	
=> Training epoch # 56	
 * Finished epoch # 56     top1:  46.709  top5:  17.041
	
=> Training epoch # 57	
 * Finished epoch # 57     top1:  45.469  top5:  16.377
	
=> Training epoch # 58	
 * Finished epoch # 58     top1:  46.084  top5:  17.168
	
=> Training epoch # 59	
 * Finished epoch # 59     top1:  47.354  top5:  18.252
	
=> Training epoch # 60	
 * Finished epoch # 60     top1:  47.100  top5:  17.656
	
=> Training epoch # 61	
 * Finished epoch # 61     top1:  45.410  top5:  16.348
	
=> Training epoch # 62	
 * Finished epoch # 62     top1:  49.580  top5:  17.871
	
=> Training epoch # 63	
 * Finished epoch # 63     top1:  46.221  top5:  16.240
	
=> Training epoch # 64	
 * Finished epoch # 64     top1:  45.137  top5:  15.469
	
=> Training epoch # 65	
 * Finished epoch # 65     top1:  49.287  top5:  18.730
	
=> Training epoch # 66	
 * Finished epoch # 66     top1:  44.932  top5:  16.299
	
=> Training epoch # 67	
 * Finished epoch # 67     top1:  45.801  top5:  17.012
	
=> Training epoch # 68	
 * Finished epoch # 68     top1:  45.205  top5:  15.693
	
=> Training epoch # 69	
 * Finished epoch # 69     top1:  43.857  top5:  14.902
	
=> Training epoch # 70	
 * Finished epoch # 70     top1:  47.607  top5:  17.041
	
=> Training epoch # 71	
 * Finished epoch # 71     top1:  50.586  top5:  21.201
	
=> Training epoch # 72	
 * Finished epoch # 72     top1:  44.902  top5:  14.932
	
=> Training epoch # 73	
 * Finished epoch # 73     top1:  43.174  top5:  15.508
	
=> Training epoch # 74	
 * Finished epoch # 74     top1:  46.191  top5:  17.256
	
=> Training epoch # 75	
 * Finished epoch # 75     top1:  43.896  top5:  15.205
	
=> Training epoch # 76	
 * Finished epoch # 76     top1:  45.674  top5:  17.432
	
=> Training epoch # 77	
 * Finished epoch # 77     top1:  47.119  top5:  17.041
	
=> Training epoch # 78	
 * Finished epoch # 78     top1:  47.695  top5:  17.031
	
=> Training epoch # 79	
 * Finished epoch # 79     top1:  47.969  top5:  18.965
	
=> Training epoch # 80	
 * Finished epoch # 80     top1:  46.699  top5:  17.637
	
=> Training epoch # 81	
 * Finished epoch # 81     top1:  30.234  top5:   7.949
	
 * Best model 	30.234375	7.94921875	
=> Training epoch # 82	
 * Finished epoch # 82     top1:  29.902  top5:   7.393
	
 * Best model 	29.90234375	7.392578125	
=> Training epoch # 83	
 * Finished epoch # 83     top1:  28.682  top5:   7.109
	
 * Best model 	28.681640625	7.109375	
=> Training epoch # 84	
 * Finished epoch # 84     top1:  29.678  top5:   7.451
	
=> Training epoch # 85	
 * Finished epoch # 85     top1:  29.043  top5:   7.207
	
=> Training epoch # 86	
 * Finished epoch # 86     top1:  29.072  top5:   7.471
	
=> Training epoch # 87	
 * Finished epoch # 87     top1:  30.127  top5:   7.764
	
=> Training epoch # 88	
 * Finished epoch # 88     top1:  29.951  top5:   7.920
	
=> Training epoch # 89	
 * Finished epoch # 89     top1:  30.537  top5:   8.320
	
=> Training epoch # 90	
 * Finished epoch # 90     top1:  29.824  top5:   7.891
	
=> Training epoch # 91	
 * Finished epoch # 91     top1:  30.254  top5:   8.311
	
=> Training epoch # 92	
 * Finished epoch # 92     top1:  30.439  top5:   8.301
	
=> Training epoch # 93	
 * Finished epoch # 93     top1:  30.488  top5:   8.223
	
=> Training epoch # 94	
 * Finished epoch # 94     top1:  31.914  top5:   8.955
	
=> Training epoch # 95	
 * Finished epoch # 95     top1:  31.426  top5:   8.965
	
=> Training epoch # 96	
 * Finished epoch # 96     top1:  32.295  top5:   9.150
	
=> Training epoch # 97	
 * Finished epoch # 97     top1:  33.047  top5:   9.307
	
=> Training epoch # 98	
 * Finished epoch # 98     top1:  32.451  top5:   9.521
	
=> Training epoch # 99	
 * Finished epoch # 99     top1:  33.252  top5:   9.678
	
=> Training epoch # 100	
 * Finished epoch # 100     top1:  35.166  top5:  10.967
	
=> Training epoch # 101	
 * Finished epoch # 101     top1:  35.811  top5:  10.723
	
=> Training epoch # 102	
 * Finished epoch # 102     top1:  38.623  top5:  13.564
	
=> Training epoch # 103	
 * Finished epoch # 103     top1:  34.668  top5:  10.322
	
=> Training epoch # 104	
 * Finished epoch # 104     top1:  34.795  top5:   9.697
	
=> Training epoch # 105	
 * Finished epoch # 105     top1:  36.963  top5:  12.148
	
=> Training epoch # 106	
 * Finished epoch # 106     top1:  35.771  top5:  11.240
	
=> Training epoch # 107	
 * Finished epoch # 107     top1:  35.801  top5:  11.348
	
=> Training epoch # 108	
 * Finished epoch # 108     top1:  35.771  top5:  11.074
	
=> Training epoch # 109	
 * Finished epoch # 109     top1:  37.236  top5:  12.314
	
=> Training epoch # 110	
 * Finished epoch # 110     top1:  37.861  top5:  12.500
	
=> Training epoch # 111	
 * Finished epoch # 111     top1:  35.293  top5:  10.898
	
=> Training epoch # 112	
 * Finished epoch # 112     top1:  37.725  top5:  12.168
	
=> Training epoch # 113	
 * Finished epoch # 113     top1:  34.355  top5:  10.488
	
=> Training epoch # 114	
 * Finished epoch # 114     top1:  39.355  top5:  13.682
	
=> Training epoch # 115	
 * Finished epoch # 115     top1:  37.646  top5:  12.070
	
=> Training epoch # 116	
 * Finished epoch # 116     top1:  38.740  top5:  12.861
	
=> Training epoch # 117	
 * Finished epoch # 117     top1:  37.783  top5:  11.895
	
=> Training epoch # 118	
 * Finished epoch # 118     top1:  37.100  top5:  12.559
	
=> Training epoch # 119	
 * Finished epoch # 119     top1:  42.236  top5:  16.279
	
=> Training epoch # 120	
 * Finished epoch # 120     top1:  36.426  top5:  11.924
	
=> Training epoch # 121	
 * Finished epoch # 121     top1:  37.852  top5:  12.842
	
=> Training epoch # 122	
 * Finished epoch # 122     top1:  27.646  top5:   7.412
	
 * Best model 	27.646484375	7.412109375	
=> Training epoch # 123	
 * Finished epoch # 123     top1:  27.637  top5:   7.461
	
 * Best model 	27.63671875	7.4609375	
=> Training epoch # 124	
 * Finished epoch # 124     top1:  27.910  top5:   7.402
	
=> Training epoch # 125	
 * Finished epoch # 125     top1:  27.686  top5:   7.402
	
=> Training epoch # 126	
 * Finished epoch # 126     top1:  27.754  top5:   7.305
	
=> Training epoch # 127	
 * Finished epoch # 127     top1:  28.359  top5:   7.764
	
=> Training epoch # 128	
 * Finished epoch # 128     top1:  27.822  top5:   7.520
	
=> Training epoch # 129	
 * Finished epoch # 129     top1:  28.115  top5:   7.549
	
=> Training epoch # 130	
 * Finished epoch # 130     top1:  27.920  top5:   7.773
	
=> Training epoch # 131	
 * Finished epoch # 131     top1:  27.490  top5:   7.295
	
 * Best model 	27.490234375	7.294921875	
=> Training epoch # 132	
 * Finished epoch # 132     top1:  27.939  top5:   7.881
	
=> Training epoch # 133	
 * Finished epoch # 133     top1:  27.812  top5:   7.666
	
=> Training epoch # 134	
 * Finished epoch # 134     top1:  28.398  top5:   7.607
	
=> Training epoch # 135	
 * Finished epoch # 135     top1:  28.662  top5:   7.559
	
=> Training epoch # 136	
 * Finished epoch # 136     top1:  27.900  top5:   7.988
	
=> Training epoch # 137	
 * Finished epoch # 137     top1:  27.861  top5:   7.881
	
=> Training epoch # 138	
 * Finished epoch # 138     top1:  28.086  top5:   7.480
	
=> Training epoch # 139	
 * Finished epoch # 139     top1:  28.506  top5:   7.676
	
=> Training epoch # 140	
 * Finished epoch # 140     top1:  28.701  top5:   7.715
	
=> Training epoch # 141	
 * Finished epoch # 141     top1:  28.135  top5:   7.432
	
=> Training epoch # 142	
 * Finished epoch # 142     top1:  27.793  top5:   7.725
	
=> Training epoch # 143	
 * Finished epoch # 143     top1:  28.145  top5:   7.881
	
=> Training epoch # 144	
 * Finished epoch # 144     top1:  28.779  top5:   8.057
	
=> Training epoch # 145	
 * Finished epoch # 145     top1:  28.350  top5:   7.852
	
=> Training epoch # 146	
 * Finished epoch # 146     top1:  28.721  top5:   7.969
	
=> Training epoch # 147	
 * Finished epoch # 147     top1:  28.672  top5:   7.842
	
=> Training epoch # 148	
 * Finished epoch # 148     top1:  28.906  top5:   7.510
	
=> Training epoch # 149	
 * Finished epoch # 149     top1:  28.418  top5:   8.135
	
=> Training epoch # 150	
 * Finished epoch # 150     top1:  29.170  top5:   7.979
	
=> Training epoch # 151	
 * Finished epoch # 151     top1:  28.906  top5:   7.744
	
=> Training epoch # 152	
 * Finished epoch # 152     top1:  29.014  top5:   7.881
	
=> Training epoch # 153	
 * Finished epoch # 153     top1:  28.936  top5:   8.252
	
=> Training epoch # 154	
 * Finished epoch # 154     top1:  29.062  top5:   7.881
	
=> Training epoch # 155	
 * Finished epoch # 155     top1:  29.336  top5:   7.783
	
=> Training epoch # 156	
 * Finished epoch # 156     top1:  29.014  top5:   8.027
	
=> Training epoch # 157	
 * Finished epoch # 157     top1:  28.662  top5:   7.783
	
=> Training epoch # 158	
 * Finished epoch # 158     top1:  28.506  top5:   8.018
	
=> Training epoch # 159	
 * Finished epoch # 159     top1:  29.463  top5:   8.213
	
=> Training epoch # 160	
 * Finished epoch # 160     top1:  28.877  top5:   8.008
	
=> Training epoch # 161	
 * Finished epoch # 161     top1:  29.121  top5:   8.115
	
=> Training epoch # 162	
 * Finished epoch # 162     top1:  29.785  top5:   8.271
	
=> Training epoch # 163	
 * Finished epoch # 163     top1:  29.482  top5:   8.447
	
=> Training epoch # 164	
 * Finished epoch # 164     top1:  29.150  top5:   8.291
	
=> Training epoch # 165	
 * Finished epoch # 165     top1:  29.922  top5:   8.438
	
=> Training epoch # 166	
 * Finished epoch # 166     top1:  28.984  top5:   8.086
	
=> Training epoch # 167	
 * Finished epoch # 167     top1:  29.521  top5:   8.242
	
=> Training epoch # 168	
 * Finished epoch # 168     top1:  30.049  top5:   8.809
	
=> Training epoch # 169	
 * Finished epoch # 169     top1:  29.990  top5:   8.467
	
=> Training epoch # 170	
 * Finished epoch # 170     top1:  29.062  top5:   8.477
	
=> Training epoch # 171	
 * Finished epoch # 171     top1:  29.834  top5:   8.193
	
=> Training epoch # 172	
 * Finished epoch # 172     top1:  29.570  top5:   8.242
	
=> Training epoch # 173	
 * Finished epoch # 173     top1:  29.922  top5:   8.174
	
=> Training epoch # 174	
 * Finished epoch # 174     top1:  30.205  top5:   8.604
	
=> Training epoch # 175	
 * Finished epoch # 175     top1:  30.137  top5:   8.584
	
=> Training epoch # 176	
 * Finished epoch # 176     top1:  29.795  top5:   8.613
	
=> Training epoch # 177	
 * Finished epoch # 177     top1:  29.736  top5:   8.584
	
=> Training epoch # 178	
 * Finished epoch # 178     top1:  29.395  top5:   8.525
	
=> Training epoch # 179	
 * Finished epoch # 179     top1:  29.961  top5:   8.457
	
=> Training epoch # 180	
 * Finished epoch # 180     top1:  29.697  top5:   8.506
	
=> Training epoch # 181	
 * Finished epoch # 181     top1:  29.854  top5:   8.516
	
=> Training epoch # 182	
 * Finished epoch # 182     top1:  29.746  top5:   8.633
	
=> Training epoch # 183	
 * Finished epoch # 183     top1:  28.721  top5:   8.252
	
=> Training epoch # 184	
 * Finished epoch # 184     top1:  30.674  top5:   8.398
	
=> Training epoch # 185	
 * Finished epoch # 185     top1:  29.990  top5:   8.701
	
=> Training epoch # 186	
 * Finished epoch # 186     top1:  30.029  top5:   8.398
	
=> Training epoch # 187	
 * Finished epoch # 187     top1:  29.766  top5:   8.555
	
=> Training epoch # 188	
 * Finished epoch # 188     top1:  30.840  top5:   8.994
	
=> Training epoch # 189	
 * Finished epoch # 189     top1:  29.072  top5:   8.340
	
=> Training epoch # 190	
 * Finished epoch # 190     top1:  30.303  top5:   9.365
	
=> Training epoch # 191	
 * Finished epoch # 191     top1:  29.824  top5:   8.604
	
=> Training epoch # 192	
 * Finished epoch # 192     top1:  30.479  top5:   8.887
	
=> Training epoch # 193	
 * Finished epoch # 193     top1:  30.557  top5:   9.043
	
=> Training epoch # 194	
 * Finished epoch # 194     top1:  29.189  top5:   8.545
	
=> Training epoch # 195	
 * Finished epoch # 195     top1:  29.746  top5:   8.701
	
=> Training epoch # 196	
 * Finished epoch # 196     top1:  30.361  top5:   8.896
	
=> Training epoch # 197	
 * Finished epoch # 197     top1:  30.938  top5:   9.150
	
=> Training epoch # 198	
 * Finished epoch # 198     top1:  30.732  top5:   8.760
	
=> Training epoch # 199	
 * Finished epoch # 199     top1:  30.312  top5:   9.180
	
=> Training epoch # 200	
 * Finished epoch # 200     top1:  30.088  top5:   9.004
	
 * Finished top1: 27.490  top5:  7.295	
