{
  cudnn : "fastest"
  LR : 0.1
  nThreads : 2
  nClasses : 0
  batchSize : 256
  testOnly : false
  netType : "resnet-bn-elu"
  resetClassifier : false
  shortcutType : "A"
  gen : "gen"
  nGPU : 1
  depth : 110
  weightDecay : 0.001
  data : ""
  dataset : "cifar10"
  epochNumber : 1
  manualSeed : 2
  resume : "results/results-bn-elu/try2/cifar10/110"
  optimState : "none"
  nEpochs : 200
  tenCrop : false
  shareGradInput : false
  backend : "cudnn"
  momentum : 0.9
  retrain : "none"
}
=> Creating model from file: models/resnet-bn-elu.lua	
 | ResNet-110 CIFAR-10	
nn.Sequential {
  [input -> (1) -> (2) -> (3) -> (4) -> (5) -> (6) -> (7) -> (8) -> (9) -> output]
  (1): cudnn.SpatialConvolution(3 -> 16, 3x3, 1,1, 1,1) without bias
  (2): nn.Sequential {
    [input -> (1) -> (2) -> output]
    (1): nn.SpatialBatchNormalization (4D) (16)
    (2): nn.ELU (alpha:1.000000)
  }
  (3): nn.Sequential {
    [input -> (1) -> (2) -> (3) -> (4) -> (5) -> (6) -> (7) -> (8) -> (9) -> (10) -> (11) -> (12) -> (13) -> (14) -> (15) -> (16) -> (17) -> (18) -> output]
    (1): nn.Sequential {
      [input -> (1) -> (2) -> output]
      (1): nn.ConcatTable {
        input
          |`-> (1): nn.Sequential {
          |      [input -> (1) -> (2) -> (3) -> (4) -> output]
          |      (1): cudnn.SpatialConvolution(16 -> 16, 3x3, 1,1, 1,1) without bias
          |      (2): nn.Sequential {
          |        [input -> (1) -> (2) -> output]
          |        (1): nn.SpatialBatchNormalization (4D) (16)
          |        (2): nn.ELU (alpha:1.000000)
          |      }
          |      (3): cudnn.SpatialConvolution(16 -> 16, 3x3, 1,1, 1,1) without bias
          |      (4): nn.SpatialBatchNormalization (4D) (16)
          |    }
           `-> (2): nn.Identity
           ... -> output
      }
      (2): nn.CAddTable
    }
    (2): nn.Sequential {
      [input -> (1) -> (2) -> output]
      (1): nn.ConcatTable {
        input
          |`-> (1): nn.Sequential {
          |      [input -> (1) -> (2) -> (3) -> (4) -> output]
          |      (1): cudnn.SpatialConvolution(16 -> 16, 3x3, 1,1, 1,1) without bias
          |      (2): nn.Sequential {
          |        [input -> (1) -> (2) -> output]
          |        (1): nn.SpatialBatchNormalization (4D) (16)
          |        (2): nn.ELU (alpha:1.000000)
          |      }
          |      (3): cudnn.SpatialConvolution(16 -> 16, 3x3, 1,1, 1,1) without bias
          |      (4): nn.SpatialBatchNormalization (4D) (16)
          |    }
           `-> (2): nn.Identity
           ... -> output
      }
      (2): nn.CAddTable
    }
    (3): nn.Sequential {
      [input -> (1) -> (2) -> output]
      (1): nn.ConcatTable {
        input
          |`-> (1): nn.Sequential {
          |      [input -> (1) -> (2) -> (3) -> (4) -> output]
          |      (1): cudnn.SpatialConvolution(16 -> 16, 3x3, 1,1, 1,1) without bias
          |      (2): nn.Sequential {
          |        [input -> (1) -> (2) -> output]
          |        (1): nn.SpatialBatchNormalization (4D) (16)
          |        (2): nn.ELU (alpha:1.000000)
          |      }
          |      (3): cudnn.SpatialConvolution(16 -> 16, 3x3, 1,1, 1,1) without bias
          |      (4): nn.SpatialBatchNormalization (4D) (16)
          |    }
           `-> (2): nn.Identity
           ... -> output
      }
      (2): nn.CAddTable
    }
    (4): nn.Sequential {
      [input -> (1) -> (2) -> output]
      (1): nn.ConcatTable {
        input
          |`-> (1): nn.Sequential {
          |      [input -> (1) -> (2) -> (3) -> (4) -> output]
          |      (1): cudnn.SpatialConvolution(16 -> 16, 3x3, 1,1, 1,1) without bias
          |      (2): nn.Sequential {
          |        [input -> (1) -> (2) -> output]
          |        (1): nn.SpatialBatchNormalization (4D) (16)
          |        (2): nn.ELU (alpha:1.000000)
          |      }
          |      (3): cudnn.SpatialConvolution(16 -> 16, 3x3, 1,1, 1,1) without bias
          |      (4): nn.SpatialBatchNormalization (4D) (16)
          |    }
           `-> (2): nn.Identity
           ... -> output
      }
      (2): nn.CAddTable
    }
    (5): nn.Sequential {
      [input -> (1) -> (2) -> output]
      (1): nn.ConcatTable {
        input
          |`-> (1): nn.Sequential {
          |      [input -> (1) -> (2) -> (3) -> (4) -> output]
          |      (1): cudnn.SpatialConvolution(16 -> 16, 3x3, 1,1, 1,1) without bias
          |      (2): nn.Sequential {
          |        [input -> (1) -> (2) -> output]
          |        (1): nn.SpatialBatchNormalization (4D) (16)
          |        (2): nn.ELU (alpha:1.000000)
          |      }
          |      (3): cudnn.SpatialConvolution(16 -> 16, 3x3, 1,1, 1,1) without bias
          |      (4): nn.SpatialBatchNormalization (4D) (16)
          |    }
           `-> (2): nn.Identity
           ... -> output
      }
      (2): nn.CAddTable
    }
    (6): nn.Sequential {
      [input -> (1) -> (2) -> output]
      (1): nn.ConcatTable {
        input
          |`-> (1): nn.Sequential {
          |      [input -> (1) -> (2) -> (3) -> (4) -> output]
          |      (1): cudnn.SpatialConvolution(16 -> 16, 3x3, 1,1, 1,1) without bias
          |      (2): nn.Sequential {
          |        [input -> (1) -> (2) -> output]
          |        (1): nn.SpatialBatchNormalization (4D) (16)
          |        (2): nn.ELU (alpha:1.000000)
          |      }
          |      (3): cudnn.SpatialConvolution(16 -> 16, 3x3, 1,1, 1,1) without bias
          |      (4): nn.SpatialBatchNormalization (4D) (16)
          |    }
           `-> (2): nn.Identity
           ... -> output
      }
      (2): nn.CAddTable
    }
    (7): nn.Sequential {
      [input -> (1) -> (2) -> output]
      (1): nn.ConcatTable {
        input
          |`-> (1): nn.Sequential {
          |      [input -> (1) -> (2) -> (3) -> (4) -> output]
          |      (1): cudnn.SpatialConvolution(16 -> 16, 3x3, 1,1, 1,1) without bias
          |      (2): nn.Sequential {
          |        [input -> (1) -> (2) -> output]
          |        (1): nn.SpatialBatchNormalization (4D) (16)
          |        (2): nn.ELU (alpha:1.000000)
          |      }
          |      (3): cudnn.SpatialConvolution(16 -> 16, 3x3, 1,1, 1,1) without bias
          |      (4): nn.SpatialBatchNormalization (4D) (16)
          |    }
           `-> (2): nn.Identity
           ... -> output
      }
      (2): nn.CAddTable
    }
    (8): nn.Sequential {
      [input -> (1) -> (2) -> output]
      (1): nn.ConcatTable {
        input
          |`-> (1): nn.Sequential {
          |      [input -> (1) -> (2) -> (3) -> (4) -> output]
          |      (1): cudnn.SpatialConvolution(16 -> 16, 3x3, 1,1, 1,1) without bias
          |      (2): nn.Sequential {
          |        [input -> (1) -> (2) -> output]
          |        (1): nn.SpatialBatchNormalization (4D) (16)
          |        (2): nn.ELU (alpha:1.000000)
          |      }
          |      (3): cudnn.SpatialConvolution(16 -> 16, 3x3, 1,1, 1,1) without bias
          |      (4): nn.SpatialBatchNormalization (4D) (16)
          |    }
           `-> (2): nn.Identity
           ... -> output
      }
      (2): nn.CAddTable
    }
    (9): nn.Sequential {
      [input -> (1) -> (2) -> output]
      (1): nn.ConcatTable {
        input
          |`-> (1): nn.Sequential {
          |      [input -> (1) -> (2) -> (3) -> (4) -> output]
          |      (1): cudnn.SpatialConvolution(16 -> 16, 3x3, 1,1, 1,1) without bias
          |      (2): nn.Sequential {
          |        [input -> (1) -> (2) -> output]
          |        (1): nn.SpatialBatchNormalization (4D) (16)
          |        (2): nn.ELU (alpha:1.000000)
          |      }
          |      (3): cudnn.SpatialConvolution(16 -> 16, 3x3, 1,1, 1,1) without bias
          |      (4): nn.SpatialBatchNormalization (4D) (16)
          |    }
           `-> (2): nn.Identity
           ... -> output
      }
      (2): nn.CAddTable
    }
    (10): nn.Sequential {
      [input -> (1) -> (2) -> output]
      (1): nn.ConcatTable {
        input
          |`-> (1): nn.Sequential {
          |      [input -> (1) -> (2) -> (3) -> (4) -> output]
          |      (1): cudnn.SpatialConvolution(16 -> 16, 3x3, 1,1, 1,1) without bias
          |      (2): nn.Sequential {
          |        [input -> (1) -> (2) -> output]
          |        (1): nn.SpatialBatchNormalization (4D) (16)
          |        (2): nn.ELU (alpha:1.000000)
          |      }
          |      (3): cudnn.SpatialConvolution(16 -> 16, 3x3, 1,1, 1,1) without bias
          |      (4): nn.SpatialBatchNormalization (4D) (16)
          |    }
           `-> (2): nn.Identity
           ... -> output
      }
      (2): nn.CAddTable
    }
    (11): nn.Sequential {
      [input -> (1) -> (2) -> output]
      (1): nn.ConcatTable {
        input
          |`-> (1): nn.Sequential {
          |      [input -> (1) -> (2) -> (3) -> (4) -> output]
          |      (1): cudnn.SpatialConvolution(16 -> 16, 3x3, 1,1, 1,1) without bias
          |      (2): nn.Sequential {
          |        [input -> (1) -> (2) -> output]
          |        (1): nn.SpatialBatchNormalization (4D) (16)
          |        (2): nn.ELU (alpha:1.000000)
          |      }
          |      (3): cudnn.SpatialConvolution(16 -> 16, 3x3, 1,1, 1,1) without bias
          |      (4): nn.SpatialBatchNormalization (4D) (16)
          |    }
           `-> (2): nn.Identity
           ... -> output
      }
      (2): nn.CAddTable
    }
    (12): nn.Sequential {
      [input -> (1) -> (2) -> output]
      (1): nn.ConcatTable {
        input
          |`-> (1): nn.Sequential {
          |      [input -> (1) -> (2) -> (3) -> (4) -> output]
          |      (1): cudnn.SpatialConvolution(16 -> 16, 3x3, 1,1, 1,1) without bias
          |      (2): nn.Sequential {
          |        [input -> (1) -> (2) -> output]
          |        (1): nn.SpatialBatchNormalization (4D) (16)
          |        (2): nn.ELU (alpha:1.000000)
          |      }
          |      (3): cudnn.SpatialConvolution(16 -> 16, 3x3, 1,1, 1,1) without bias
          |      (4): nn.SpatialBatchNormalization (4D) (16)
          |    }
           `-> (2): nn.Identity
           ... -> output
      }
      (2): nn.CAddTable
    }
    (13): nn.Sequential {
      [input -> (1) -> (2) -> output]
      (1): nn.ConcatTable {
        input
          |`-> (1): nn.Sequential {
          |      [input -> (1) -> (2) -> (3) -> (4) -> output]
          |      (1): cudnn.SpatialConvolution(16 -> 16, 3x3, 1,1, 1,1) without bias
          |      (2): nn.Sequential {
          |        [input -> (1) -> (2) -> output]
          |        (1): nn.SpatialBatchNormalization (4D) (16)
          |        (2): nn.ELU (alpha:1.000000)
          |      }
          |      (3): cudnn.SpatialConvolution(16 -> 16, 3x3, 1,1, 1,1) without bias
          |      (4): nn.SpatialBatchNormalization (4D) (16)
          |    }
           `-> (2): nn.Identity
           ... -> output
      }
      (2): nn.CAddTable
    }
    (14): nn.Sequential {
      [input -> (1) -> (2) -> output]
      (1): nn.ConcatTable {
        input
          |`-> (1): nn.Sequential {
          |      [input -> (1) -> (2) -> (3) -> (4) -> output]
          |      (1): cudnn.SpatialConvolution(16 -> 16, 3x3, 1,1, 1,1) without bias
          |      (2): nn.Sequential {
          |        [input -> (1) -> (2) -> output]
          |        (1): nn.SpatialBatchNormalization (4D) (16)
          |        (2): nn.ELU (alpha:1.000000)
          |      }
          |      (3): cudnn.SpatialConvolution(16 -> 16, 3x3, 1,1, 1,1) without bias
          |      (4): nn.SpatialBatchNormalization (4D) (16)
          |    }
           `-> (2): nn.Identity
           ... -> output
      }
      (2): nn.CAddTable
    }
    (15): nn.Sequential {
      [input -> (1) -> (2) -> output]
      (1): nn.ConcatTable {
        input
          |`-> (1): nn.Sequential {
          |      [input -> (1) -> (2) -> (3) -> (4) -> output]
          |      (1): cudnn.SpatialConvolution(16 -> 16, 3x3, 1,1, 1,1) without bias
          |      (2): nn.Sequential {
          |        [input -> (1) -> (2) -> output]
          |        (1): nn.SpatialBatchNormalization (4D) (16)
          |        (2): nn.ELU (alpha:1.000000)
          |      }
          |      (3): cudnn.SpatialConvolution(16 -> 16, 3x3, 1,1, 1,1) without bias
          |      (4): nn.SpatialBatchNormalization (4D) (16)
          |    }
           `-> (2): nn.Identity
           ... -> output
      }
      (2): nn.CAddTable
    }
    (16): nn.Sequential {
      [input -> (1) -> (2) -> output]
      (1): nn.ConcatTable {
        input
          |`-> (1): nn.Sequential {
          |      [input -> (1) -> (2) -> (3) -> (4) -> output]
          |      (1): cudnn.SpatialConvolution(16 -> 16, 3x3, 1,1, 1,1) without bias
          |      (2): nn.Sequential {
          |        [input -> (1) -> (2) -> output]
          |        (1): nn.SpatialBatchNormalization (4D) (16)
          |        (2): nn.ELU (alpha:1.000000)
          |      }
          |      (3): cudnn.SpatialConvolution(16 -> 16, 3x3, 1,1, 1,1) without bias
          |      (4): nn.SpatialBatchNormalization (4D) (16)
          |    }
           `-> (2): nn.Identity
           ... -> output
      }
      (2): nn.CAddTable
    }
    (17): nn.Sequential {
      [input -> (1) -> (2) -> output]
      (1): nn.ConcatTable {
        input
          |`-> (1): nn.Sequential {
          |      [input -> (1) -> (2) -> (3) -> (4) -> output]
          |      (1): cudnn.SpatialConvolution(16 -> 16, 3x3, 1,1, 1,1) without bias
          |      (2): nn.Sequential {
          |        [input -> (1) -> (2) -> output]
          |        (1): nn.SpatialBatchNormalization (4D) (16)
          |        (2): nn.ELU (alpha:1.000000)
          |      }
          |      (3): cudnn.SpatialConvolution(16 -> 16, 3x3, 1,1, 1,1) without bias
          |      (4): nn.SpatialBatchNormalization (4D) (16)
          |    }
           `-> (2): nn.Identity
           ... -> output
      }
      (2): nn.CAddTable
    }
    (18): nn.Sequential {
      [input -> (1) -> (2) -> output]
      (1): nn.ConcatTable {
        input
          |`-> (1): nn.Sequential {
          |      [input -> (1) -> (2) -> (3) -> (4) -> output]
          |      (1): cudnn.SpatialConvolution(16 -> 16, 3x3, 1,1, 1,1) without bias
          |      (2): nn.Sequential {
          |        [input -> (1) -> (2) -> output]
          |        (1): nn.SpatialBatchNormalization (4D) (16)
          |        (2): nn.ELU (alpha:1.000000)
          |      }
          |      (3): cudnn.SpatialConvolution(16 -> 16, 3x3, 1,1, 1,1) without bias
          |      (4): nn.SpatialBatchNormalization (4D) (16)
          |    }
           `-> (2): nn.Identity
           ... -> output
      }
      (2): nn.CAddTable
    }
  }
  (4): nn.Sequential {
    [input -> (1) -> (2) -> (3) -> (4) -> (5) -> (6) -> (7) -> (8) -> (9) -> (10) -> (11) -> (12) -> (13) -> (14) -> (15) -> (16) -> (17) -> (18) -> output]
    (1): nn.Sequential {
      [input -> (1) -> (2) -> output]
      (1): nn.ConcatTable {
        input
          |`-> (1): nn.Sequential {
          |      [input -> (1) -> (2) -> (3) -> (4) -> output]
          |      (1): cudnn.SpatialConvolution(16 -> 32, 3x3, 2,2, 1,1) without bias
          |      (2): nn.Sequential {
          |        [input -> (1) -> (2) -> output]
          |        (1): nn.SpatialBatchNormalization (4D) (32)
          |        (2): nn.ELU (alpha:1.000000)
          |      }
          |      (3): cudnn.SpatialConvolution(32 -> 32, 3x3, 1,1, 1,1) without bias
          |      (4): nn.SpatialBatchNormalization (4D) (32)
          |    }
           `-> (2): nn.Sequential {
                 [input -> (1) -> (2) -> output]
                 (1): nn.SpatialAveragePooling(1x1, 2,2)
                 (2): nn.Concat {
                   input
                     |`-> (1): nn.Identity
                      `-> (2): nn.MulConstant
                      ... -> output
                 }
               }
           ... -> output
      }
      (2): nn.CAddTable
    }
    (2): nn.Sequential {
      [input -> (1) -> (2) -> output]
      (1): nn.ConcatTable {
        input
          |`-> (1): nn.Sequential {
          |      [input -> (1) -> (2) -> (3) -> (4) -> output]
          |      (1): cudnn.SpatialConvolution(32 -> 32, 3x3, 1,1, 1,1) without bias
          |      (2): nn.Sequential {
          |        [input -> (1) -> (2) -> output]
          |        (1): nn.SpatialBatchNormalization (4D) (32)
          |        (2): nn.ELU (alpha:1.000000)
          |      }
          |      (3): cudnn.SpatialConvolution(32 -> 32, 3x3, 1,1, 1,1) without bias
          |      (4): nn.SpatialBatchNormalization (4D) (32)
          |    }
           `-> (2): nn.Identity
           ... -> output
      }
      (2): nn.CAddTable
    }
    (3): nn.Sequential {
      [input -> (1) -> (2) -> output]
      (1): nn.ConcatTable {
        input
          |`-> (1): nn.Sequential {
          |      [input -> (1) -> (2) -> (3) -> (4) -> output]
          |      (1): cudnn.SpatialConvolution(32 -> 32, 3x3, 1,1, 1,1) without bias
          |      (2): nn.Sequential {
          |        [input -> (1) -> (2) -> output]
          |        (1): nn.SpatialBatchNormalization (4D) (32)
          |        (2): nn.ELU (alpha:1.000000)
          |      }
          |      (3): cudnn.SpatialConvolution(32 -> 32, 3x3, 1,1, 1,1) without bias
          |      (4): nn.SpatialBatchNormalization (4D) (32)
          |    }
           `-> (2): nn.Identity
           ... -> output
      }
      (2): nn.CAddTable
    }
    (4): nn.Sequential {
      [input -> (1) -> (2) -> output]
      (1): nn.ConcatTable {
        input
          |`-> (1): nn.Sequential {
          |      [input -> (1) -> (2) -> (3) -> (4) -> output]
          |      (1): cudnn.SpatialConvolution(32 -> 32, 3x3, 1,1, 1,1) without bias
          |      (2): nn.Sequential {
          |        [input -> (1) -> (2) -> output]
          |        (1): nn.SpatialBatchNormalization (4D) (32)
          |        (2): nn.ELU (alpha:1.000000)
          |      }
          |      (3): cudnn.SpatialConvolution(32 -> 32, 3x3, 1,1, 1,1) without bias
          |      (4): nn.SpatialBatchNormalization (4D) (32)
          |    }
           `-> (2): nn.Identity
           ... -> output
      }
      (2): nn.CAddTable
    }
    (5): nn.Sequential {
      [input -> (1) -> (2) -> output]
      (1): nn.ConcatTable {
        input
          |`-> (1): nn.Sequential {
          |      [input -> (1) -> (2) -> (3) -> (4) -> output]
          |      (1): cudnn.SpatialConvolution(32 -> 32, 3x3, 1,1, 1,1) without bias
          |      (2): nn.Sequential {
          |        [input -> (1) -> (2) -> output]
          |        (1): nn.SpatialBatchNormalization (4D) (32)
          |        (2): nn.ELU (alpha:1.000000)
          |      }
          |      (3): cudnn.SpatialConvolution(32 -> 32, 3x3, 1,1, 1,1) without bias
          |      (4): nn.SpatialBatchNormalization (4D) (32)
          |    }
           `-> (2): nn.Identity
           ... -> output
      }
      (2): nn.CAddTable
    }
    (6): nn.Sequential {
      [input -> (1) -> (2) -> output]
      (1): nn.ConcatTable {
        input
          |`-> (1): nn.Sequential {
          |      [input -> (1) -> (2) -> (3) -> (4) -> output]
          |      (1): cudnn.SpatialConvolution(32 -> 32, 3x3, 1,1, 1,1) without bias
          |      (2): nn.Sequential {
          |        [input -> (1) -> (2) -> output]
          |        (1): nn.SpatialBatchNormalization (4D) (32)
          |        (2): nn.ELU (alpha:1.000000)
          |      }
          |      (3): cudnn.SpatialConvolution(32 -> 32, 3x3, 1,1, 1,1) without bias
          |      (4): nn.SpatialBatchNormalization (4D) (32)
          |    }
           `-> (2): nn.Identity
           ... -> output
      }
      (2): nn.CAddTable
    }
    (7): nn.Sequential {
      [input -> (1) -> (2) -> output]
      (1): nn.ConcatTable {
        input
          |`-> (1): nn.Sequential {
          |      [input -> (1) -> (2) -> (3) -> (4) -> output]
          |      (1): cudnn.SpatialConvolution(32 -> 32, 3x3, 1,1, 1,1) without bias
          |      (2): nn.Sequential {
          |        [input -> (1) -> (2) -> output]
          |        (1): nn.SpatialBatchNormalization (4D) (32)
          |        (2): nn.ELU (alpha:1.000000)
          |      }
          |      (3): cudnn.SpatialConvolution(32 -> 32, 3x3, 1,1, 1,1) without bias
          |      (4): nn.SpatialBatchNormalization (4D) (32)
          |    }
           `-> (2): nn.Identity
           ... -> output
      }
      (2): nn.CAddTable
    }
    (8): nn.Sequential {
      [input -> (1) -> (2) -> output]
      (1): nn.ConcatTable {
        input
          |`-> (1): nn.Sequential {
          |      [input -> (1) -> (2) -> (3) -> (4) -> output]
          |      (1): cudnn.SpatialConvolution(32 -> 32, 3x3, 1,1, 1,1) without bias
          |      (2): nn.Sequential {
          |        [input -> (1) -> (2) -> output]
          |        (1): nn.SpatialBatchNormalization (4D) (32)
          |        (2): nn.ELU (alpha:1.000000)
          |      }
          |      (3): cudnn.SpatialConvolution(32 -> 32, 3x3, 1,1, 1,1) without bias
          |      (4): nn.SpatialBatchNormalization (4D) (32)
          |    }
           `-> (2): nn.Identity
           ... -> output
      }
      (2): nn.CAddTable
    }
    (9): nn.Sequential {
      [input -> (1) -> (2) -> output]
      (1): nn.ConcatTable {
        input
          |`-> (1): nn.Sequential {
          |      [input -> (1) -> (2) -> (3) -> (4) -> output]
          |      (1): cudnn.SpatialConvolution(32 -> 32, 3x3, 1,1, 1,1) without bias
          |      (2): nn.Sequential {
          |        [input -> (1) -> (2) -> output]
          |        (1): nn.SpatialBatchNormalization (4D) (32)
          |        (2): nn.ELU (alpha:1.000000)
          |      }
          |      (3): cudnn.SpatialConvolution(32 -> 32, 3x3, 1,1, 1,1) without bias
          |      (4): nn.SpatialBatchNormalization (4D) (32)
          |    }
           `-> (2): nn.Identity
           ... -> output
      }
      (2): nn.CAddTable
    }
    (10): nn.Sequential {
      [input -> (1) -> (2) -> output]
      (1): nn.ConcatTable {
        input
          |`-> (1): nn.Sequential {
          |      [input -> (1) -> (2) -> (3) -> (4) -> output]
          |      (1): cudnn.SpatialConvolution(32 -> 32, 3x3, 1,1, 1,1) without bias
          |      (2): nn.Sequential {
          |        [input -> (1) -> (2) -> output]
          |        (1): nn.SpatialBatchNormalization (4D) (32)
          |        (2): nn.ELU (alpha:1.000000)
          |      }
          |      (3): cudnn.SpatialConvolution(32 -> 32, 3x3, 1,1, 1,1) without bias
          |      (4): nn.SpatialBatchNormalization (4D) (32)
          |    }
           `-> (2): nn.Identity
           ... -> output
      }
      (2): nn.CAddTable
    }
    (11): nn.Sequential {
      [input -> (1) -> (2) -> output]
      (1): nn.ConcatTable {
        input
          |`-> (1): nn.Sequential {
          |      [input -> (1) -> (2) -> (3) -> (4) -> output]
          |      (1): cudnn.SpatialConvolution(32 -> 32, 3x3, 1,1, 1,1) without bias
          |      (2): nn.Sequential {
          |        [input -> (1) -> (2) -> output]
          |        (1): nn.SpatialBatchNormalization (4D) (32)
          |        (2): nn.ELU (alpha:1.000000)
          |      }
          |      (3): cudnn.SpatialConvolution(32 -> 32, 3x3, 1,1, 1,1) without bias
          |      (4): nn.SpatialBatchNormalization (4D) (32)
          |    }
           `-> (2): nn.Identity
           ... -> output
      }
      (2): nn.CAddTable
    }
    (12): nn.Sequential {
      [input -> (1) -> (2) -> output]
      (1): nn.ConcatTable {
        input
          |`-> (1): nn.Sequential {
          |      [input -> (1) -> (2) -> (3) -> (4) -> output]
          |      (1): cudnn.SpatialConvolution(32 -> 32, 3x3, 1,1, 1,1) without bias
          |      (2): nn.Sequential {
          |        [input -> (1) -> (2) -> output]
          |        (1): nn.SpatialBatchNormalization (4D) (32)
          |        (2): nn.ELU (alpha:1.000000)
          |      }
          |      (3): cudnn.SpatialConvolution(32 -> 32, 3x3, 1,1, 1,1) without bias
          |      (4): nn.SpatialBatchNormalization (4D) (32)
          |    }
           `-> (2): nn.Identity
           ... -> output
      }
      (2): nn.CAddTable
    }
    (13): nn.Sequential {
      [input -> (1) -> (2) -> output]
      (1): nn.ConcatTable {
        input
          |`-> (1): nn.Sequential {
          |      [input -> (1) -> (2) -> (3) -> (4) -> output]
          |      (1): cudnn.SpatialConvolution(32 -> 32, 3x3, 1,1, 1,1) without bias
          |      (2): nn.Sequential {
          |        [input -> (1) -> (2) -> output]
          |        (1): nn.SpatialBatchNormalization (4D) (32)
          |        (2): nn.ELU (alpha:1.000000)
          |      }
          |      (3): cudnn.SpatialConvolution(32 -> 32, 3x3, 1,1, 1,1) without bias
          |      (4): nn.SpatialBatchNormalization (4D) (32)
          |    }
           `-> (2): nn.Identity
           ... -> output
      }
      (2): nn.CAddTable
    }
    (14): nn.Sequential {
      [input -> (1) -> (2) -> output]
      (1): nn.ConcatTable {
        input
          |`-> (1): nn.Sequential {
          |      [input -> (1) -> (2) -> (3) -> (4) -> output]
          |      (1): cudnn.SpatialConvolution(32 -> 32, 3x3, 1,1, 1,1) without bias
          |      (2): nn.Sequential {
          |        [input -> (1) -> (2) -> output]
          |        (1): nn.SpatialBatchNormalization (4D) (32)
          |        (2): nn.ELU (alpha:1.000000)
          |      }
          |      (3): cudnn.SpatialConvolution(32 -> 32, 3x3, 1,1, 1,1) without bias
          |      (4): nn.SpatialBatchNormalization (4D) (32)
          |    }
           `-> (2): nn.Identity
           ... -> output
      }
      (2): nn.CAddTable
    }
    (15): nn.Sequential {
      [input -> (1) -> (2) -> output]
      (1): nn.ConcatTable {
        input
          |`-> (1): nn.Sequential {
          |      [input -> (1) -> (2) -> (3) -> (4) -> output]
          |      (1): cudnn.SpatialConvolution(32 -> 32, 3x3, 1,1, 1,1) without bias
          |      (2): nn.Sequential {
          |        [input -> (1) -> (2) -> output]
          |        (1): nn.SpatialBatchNormalization (4D) (32)
          |        (2): nn.ELU (alpha:1.000000)
          |      }
          |      (3): cudnn.SpatialConvolution(32 -> 32, 3x3, 1,1, 1,1) without bias
          |      (4): nn.SpatialBatchNormalization (4D) (32)
          |    }
           `-> (2): nn.Identity
           ... -> output
      }
      (2): nn.CAddTable
    }
    (16): nn.Sequential {
      [input -> (1) -> (2) -> output]
      (1): nn.ConcatTable {
        input
          |`-> (1): nn.Sequential {
          |      [input -> (1) -> (2) -> (3) -> (4) -> output]
          |      (1): cudnn.SpatialConvolution(32 -> 32, 3x3, 1,1, 1,1) without bias
          |      (2): nn.Sequential {
          |        [input -> (1) -> (2) -> output]
          |        (1): nn.SpatialBatchNormalization (4D) (32)
          |        (2): nn.ELU (alpha:1.000000)
          |      }
          |      (3): cudnn.SpatialConvolution(32 -> 32, 3x3, 1,1, 1,1) without bias
          |      (4): nn.SpatialBatchNormalization (4D) (32)
          |    }
           `-> (2): nn.Identity
           ... -> output
      }
      (2): nn.CAddTable
    }
    (17): nn.Sequential {
      [input -> (1) -> (2) -> output]
      (1): nn.ConcatTable {
        input
          |`-> (1): nn.Sequential {
          |      [input -> (1) -> (2) -> (3) -> (4) -> output]
          |      (1): cudnn.SpatialConvolution(32 -> 32, 3x3, 1,1, 1,1) without bias
          |      (2): nn.Sequential {
          |        [input -> (1) -> (2) -> output]
          |        (1): nn.SpatialBatchNormalization (4D) (32)
          |        (2): nn.ELU (alpha:1.000000)
          |      }
          |      (3): cudnn.SpatialConvolution(32 -> 32, 3x3, 1,1, 1,1) without bias
          |      (4): nn.SpatialBatchNormalization (4D) (32)
          |    }
           `-> (2): nn.Identity
           ... -> output
      }
      (2): nn.CAddTable
    }
    (18): nn.Sequential {
      [input -> (1) -> (2) -> output]
      (1): nn.ConcatTable {
        input
          |`-> (1): nn.Sequential {
          |      [input -> (1) -> (2) -> (3) -> (4) -> output]
          |      (1): cudnn.SpatialConvolution(32 -> 32, 3x3, 1,1, 1,1) without bias
          |      (2): nn.Sequential {
          |        [input -> (1) -> (2) -> output]
          |        (1): nn.SpatialBatchNormalization (4D) (32)
          |        (2): nn.ELU (alpha:1.000000)
          |      }
          |      (3): cudnn.SpatialConvolution(32 -> 32, 3x3, 1,1, 1,1) without bias
          |      (4): nn.SpatialBatchNormalization (4D) (32)
          |    }
           `-> (2): nn.Identity
           ... -> output
      }
      (2): nn.CAddTable
    }
  }
  (5): nn.Sequential {
    [input -> (1) -> (2) -> (3) -> (4) -> (5) -> (6) -> (7) -> (8) -> (9) -> (10) -> (11) -> (12) -> (13) -> (14) -> (15) -> (16) -> (17) -> (18) -> output]
    (1): nn.Sequential {
      [input -> (1) -> (2) -> output]
      (1): nn.ConcatTable {
        input
          |`-> (1): nn.Sequential {
          |      [input -> (1) -> (2) -> (3) -> (4) -> output]
          |      (1): cudnn.SpatialConvolution(32 -> 64, 3x3, 2,2, 1,1) without bias
          |      (2): nn.Sequential {
          |        [input -> (1) -> (2) -> output]
          |        (1): nn.SpatialBatchNormalization (4D) (64)
          |        (2): nn.ELU (alpha:1.000000)
          |      }
          |      (3): cudnn.SpatialConvolution(64 -> 64, 3x3, 1,1, 1,1) without bias
          |      (4): nn.SpatialBatchNormalization (4D) (64)
          |    }
           `-> (2): nn.Sequential {
                 [input -> (1) -> (2) -> output]
                 (1): nn.SpatialAveragePooling(1x1, 2,2)
                 (2): nn.Concat {
                   input
                     |`-> (1): nn.Identity
                      `-> (2): nn.MulConstant
                      ... -> output
                 }
               }
           ... -> output
      }
      (2): nn.CAddTable
    }
    (2): nn.Sequential {
      [input -> (1) -> (2) -> output]
      (1): nn.ConcatTable {
        input
          |`-> (1): nn.Sequential {
          |      [input -> (1) -> (2) -> (3) -> (4) -> output]
          |      (1): cudnn.SpatialConvolution(64 -> 64, 3x3, 1,1, 1,1) without bias
          |      (2): nn.Sequential {
          |        [input -> (1) -> (2) -> output]
          |        (1): nn.SpatialBatchNormalization (4D) (64)
          |        (2): nn.ELU (alpha:1.000000)
          |      }
          |      (3): cudnn.SpatialConvolution(64 -> 64, 3x3, 1,1, 1,1) without bias
          |      (4): nn.SpatialBatchNormalization (4D) (64)
          |    }
           `-> (2): nn.Identity
           ... -> output
      }
      (2): nn.CAddTable
    }
    (3): nn.Sequential {
      [input -> (1) -> (2) -> output]
      (1): nn.ConcatTable {
        input
          |`-> (1): nn.Sequential {
          |      [input -> (1) -> (2) -> (3) -> (4) -> output]
          |      (1): cudnn.SpatialConvolution(64 -> 64, 3x3, 1,1, 1,1) without bias
          |      (2): nn.Sequential {
          |        [input -> (1) -> (2) -> output]
          |        (1): nn.SpatialBatchNormalization (4D) (64)
          |        (2): nn.ELU (alpha:1.000000)
          |      }
          |      (3): cudnn.SpatialConvolution(64 -> 64, 3x3, 1,1, 1,1) without bias
          |      (4): nn.SpatialBatchNormalization (4D) (64)
          |    }
           `-> (2): nn.Identity
           ... -> output
      }
      (2): nn.CAddTable
    }
    (4): nn.Sequential {
      [input -> (1) -> (2) -> output]
      (1): nn.ConcatTable {
        input
          |`-> (1): nn.Sequential {
          |      [input -> (1) -> (2) -> (3) -> (4) -> output]
          |      (1): cudnn.SpatialConvolution(64 -> 64, 3x3, 1,1, 1,1) without bias
          |      (2): nn.Sequential {
          |        [input -> (1) -> (2) -> output]
          |        (1): nn.SpatialBatchNormalization (4D) (64)
          |        (2): nn.ELU (alpha:1.000000)
          |      }
          |      (3): cudnn.SpatialConvolution(64 -> 64, 3x3, 1,1, 1,1) without bias
          |      (4): nn.SpatialBatchNormalization (4D) (64)
          |    }
           `-> (2): nn.Identity
           ... -> output
      }
      (2): nn.CAddTable
    }
    (5): nn.Sequential {
      [input -> (1) -> (2) -> output]
      (1): nn.ConcatTable {
        input
          |`-> (1): nn.Sequential {
          |      [input -> (1) -> (2) -> (3) -> (4) -> output]
          |      (1): cudnn.SpatialConvolution(64 -> 64, 3x3, 1,1, 1,1) without bias
          |      (2): nn.Sequential {
          |        [input -> (1) -> (2) -> output]
          |        (1): nn.SpatialBatchNormalization (4D) (64)
          |        (2): nn.ELU (alpha:1.000000)
          |      }
          |      (3): cudnn.SpatialConvolution(64 -> 64, 3x3, 1,1, 1,1) without bias
          |      (4): nn.SpatialBatchNormalization (4D) (64)
          |    }
           `-> (2): nn.Identity
           ... -> output
      }
      (2): nn.CAddTable
    }
    (6): nn.Sequential {
      [input -> (1) -> (2) -> output]
      (1): nn.ConcatTable {
        input
          |`-> (1): nn.Sequential {
          |      [input -> (1) -> (2) -> (3) -> (4) -> output]
          |      (1): cudnn.SpatialConvolution(64 -> 64, 3x3, 1,1, 1,1) without bias
          |      (2): nn.Sequential {
          |        [input -> (1) -> (2) -> output]
          |        (1): nn.SpatialBatchNormalization (4D) (64)
          |        (2): nn.ELU (alpha:1.000000)
          |      }
          |      (3): cudnn.SpatialConvolution(64 -> 64, 3x3, 1,1, 1,1) without bias
          |      (4): nn.SpatialBatchNormalization (4D) (64)
          |    }
           `-> (2): nn.Identity
           ... -> output
      }
      (2): nn.CAddTable
    }
    (7): nn.Sequential {
      [input -> (1) -> (2) -> output]
      (1): nn.ConcatTable {
        input
          |`-> (1): nn.Sequential {
          |      [input -> (1) -> (2) -> (3) -> (4) -> output]
          |      (1): cudnn.SpatialConvolution(64 -> 64, 3x3, 1,1, 1,1) without bias
          |      (2): nn.Sequential {
          |        [input -> (1) -> (2) -> output]
          |        (1): nn.SpatialBatchNormalization (4D) (64)
          |        (2): nn.ELU (alpha:1.000000)
          |      }
          |      (3): cudnn.SpatialConvolution(64 -> 64, 3x3, 1,1, 1,1) without bias
          |      (4): nn.SpatialBatchNormalization (4D) (64)
          |    }
           `-> (2): nn.Identity
           ... -> output
      }
      (2): nn.CAddTable
    }
    (8): nn.Sequential {
      [input -> (1) -> (2) -> output]
      (1): nn.ConcatTable {
        input
          |`-> (1): nn.Sequential {
          |      [input -> (1) -> (2) -> (3) -> (4) -> output]
          |      (1): cudnn.SpatialConvolution(64 -> 64, 3x3, 1,1, 1,1) without bias
          |      (2): nn.Sequential {
          |        [input -> (1) -> (2) -> output]
          |        (1): nn.SpatialBatchNormalization (4D) (64)
          |        (2): nn.ELU (alpha:1.000000)
          |      }
          |      (3): cudnn.SpatialConvolution(64 -> 64, 3x3, 1,1, 1,1) without bias
          |      (4): nn.SpatialBatchNormalization (4D) (64)
          |    }
           `-> (2): nn.Identity
           ... -> output
      }
      (2): nn.CAddTable
    }
    (9): nn.Sequential {
      [input -> (1) -> (2) -> output]
      (1): nn.ConcatTable {
        input
          |`-> (1): nn.Sequential {
          |      [input -> (1) -> (2) -> (3) -> (4) -> output]
          |      (1): cudnn.SpatialConvolution(64 -> 64, 3x3, 1,1, 1,1) without bias
          |      (2): nn.Sequential {
          |        [input -> (1) -> (2) -> output]
          |        (1): nn.SpatialBatchNormalization (4D) (64)
          |        (2): nn.ELU (alpha:1.000000)
          |      }
          |      (3): cudnn.SpatialConvolution(64 -> 64, 3x3, 1,1, 1,1) without bias
          |      (4): nn.SpatialBatchNormalization (4D) (64)
          |    }
           `-> (2): nn.Identity
           ... -> output
      }
      (2): nn.CAddTable
    }
    (10): nn.Sequential {
      [input -> (1) -> (2) -> output]
      (1): nn.ConcatTable {
        input
          |`-> (1): nn.Sequential {
          |      [input -> (1) -> (2) -> (3) -> (4) -> output]
          |      (1): cudnn.SpatialConvolution(64 -> 64, 3x3, 1,1, 1,1) without bias
          |      (2): nn.Sequential {
          |        [input -> (1) -> (2) -> output]
          |        (1): nn.SpatialBatchNormalization (4D) (64)
          |        (2): nn.ELU (alpha:1.000000)
          |      }
          |      (3): cudnn.SpatialConvolution(64 -> 64, 3x3, 1,1, 1,1) without bias
          |      (4): nn.SpatialBatchNormalization (4D) (64)
          |    }
           `-> (2): nn.Identity
           ... -> output
      }
      (2): nn.CAddTable
    }
    (11): nn.Sequential {
      [input -> (1) -> (2) -> output]
      (1): nn.ConcatTable {
        input
          |`-> (1): nn.Sequential {
          |      [input -> (1) -> (2) -> (3) -> (4) -> output]
          |      (1): cudnn.SpatialConvolution(64 -> 64, 3x3, 1,1, 1,1) without bias
          |      (2): nn.Sequential {
          |        [input -> (1) -> (2) -> output]
          |        (1): nn.SpatialBatchNormalization (4D) (64)
          |        (2): nn.ELU (alpha:1.000000)
          |      }
          |      (3): cudnn.SpatialConvolution(64 -> 64, 3x3, 1,1, 1,1) without bias
          |      (4): nn.SpatialBatchNormalization (4D) (64)
          |    }
           `-> (2): nn.Identity
           ... -> output
      }
      (2): nn.CAddTable
    }
    (12): nn.Sequential {
      [input -> (1) -> (2) -> output]
      (1): nn.ConcatTable {
        input
          |`-> (1): nn.Sequential {
          |      [input -> (1) -> (2) -> (3) -> (4) -> output]
          |      (1): cudnn.SpatialConvolution(64 -> 64, 3x3, 1,1, 1,1) without bias
          |      (2): nn.Sequential {
          |        [input -> (1) -> (2) -> output]
          |        (1): nn.SpatialBatchNormalization (4D) (64)
          |        (2): nn.ELU (alpha:1.000000)
          |      }
          |      (3): cudnn.SpatialConvolution(64 -> 64, 3x3, 1,1, 1,1) without bias
          |      (4): nn.SpatialBatchNormalization (4D) (64)
          |    }
           `-> (2): nn.Identity
           ... -> output
      }
      (2): nn.CAddTable
    }
    (13): nn.Sequential {
      [input -> (1) -> (2) -> output]
      (1): nn.ConcatTable {
        input
          |`-> (1): nn.Sequential {
          |      [input -> (1) -> (2) -> (3) -> (4) -> output]
          |      (1): cudnn.SpatialConvolution(64 -> 64, 3x3, 1,1, 1,1) without bias
          |      (2): nn.Sequential {
          |        [input -> (1) -> (2) -> output]
          |        (1): nn.SpatialBatchNormalization (4D) (64)
          |        (2): nn.ELU (alpha:1.000000)
          |      }
          |      (3): cudnn.SpatialConvolution(64 -> 64, 3x3, 1,1, 1,1) without bias
          |      (4): nn.SpatialBatchNormalization (4D) (64)
          |    }
           `-> (2): nn.Identity
           ... -> output
      }
      (2): nn.CAddTable
    }
    (14): nn.Sequential {
      [input -> (1) -> (2) -> output]
      (1): nn.ConcatTable {
        input
          |`-> (1): nn.Sequential {
          |      [input -> (1) -> (2) -> (3) -> (4) -> output]
          |      (1): cudnn.SpatialConvolution(64 -> 64, 3x3, 1,1, 1,1) without bias
          |      (2): nn.Sequential {
          |        [input -> (1) -> (2) -> output]
          |        (1): nn.SpatialBatchNormalization (4D) (64)
          |        (2): nn.ELU (alpha:1.000000)
          |      }
          |      (3): cudnn.SpatialConvolution(64 -> 64, 3x3, 1,1, 1,1) without bias
          |      (4): nn.SpatialBatchNormalization (4D) (64)
          |    }
           `-> (2): nn.Identity
           ... -> output
      }
      (2): nn.CAddTable
    }
    (15): nn.Sequential {
      [input -> (1) -> (2) -> output]
      (1): nn.ConcatTable {
        input
          |`-> (1): nn.Sequential {
          |      [input -> (1) -> (2) -> (3) -> (4) -> output]
          |      (1): cudnn.SpatialConvolution(64 -> 64, 3x3, 1,1, 1,1) without bias
          |      (2): nn.Sequential {
          |        [input -> (1) -> (2) -> output]
          |        (1): nn.SpatialBatchNormalization (4D) (64)
          |        (2): nn.ELU (alpha:1.000000)
          |      }
          |      (3): cudnn.SpatialConvolution(64 -> 64, 3x3, 1,1, 1,1) without bias
          |      (4): nn.SpatialBatchNormalization (4D) (64)
          |    }
           `-> (2): nn.Identity
           ... -> output
      }
      (2): nn.CAddTable
    }
    (16): nn.Sequential {
      [input -> (1) -> (2) -> output]
      (1): nn.ConcatTable {
        input
          |`-> (1): nn.Sequential {
          |      [input -> (1) -> (2) -> (3) -> (4) -> output]
          |      (1): cudnn.SpatialConvolution(64 -> 64, 3x3, 1,1, 1,1) without bias
          |      (2): nn.Sequential {
          |        [input -> (1) -> (2) -> output]
          |        (1): nn.SpatialBatchNormalization (4D) (64)
          |        (2): nn.ELU (alpha:1.000000)
          |      }
          |      (3): cudnn.SpatialConvolution(64 -> 64, 3x3, 1,1, 1,1) without bias
          |      (4): nn.SpatialBatchNormalization (4D) (64)
          |    }
           `-> (2): nn.Identity
           ... -> output
      }
      (2): nn.CAddTable
    }
    (17): nn.Sequential {
      [input -> (1) -> (2) -> output]
      (1): nn.ConcatTable {
        input
          |`-> (1): nn.Sequential {
          |      [input -> (1) -> (2) -> (3) -> (4) -> output]
          |      (1): cudnn.SpatialConvolution(64 -> 64, 3x3, 1,1, 1,1) without bias
          |      (2): nn.Sequential {
          |        [input -> (1) -> (2) -> output]
          |        (1): nn.SpatialBatchNormalization (4D) (64)
          |        (2): nn.ELU (alpha:1.000000)
          |      }
          |      (3): cudnn.SpatialConvolution(64 -> 64, 3x3, 1,1, 1,1) without bias
          |      (4): nn.SpatialBatchNormalization (4D) (64)
          |    }
           `-> (2): nn.Identity
           ... -> output
      }
      (2): nn.CAddTable
    }
    (18): nn.Sequential {
      [input -> (1) -> (2) -> output]
      (1): nn.ConcatTable {
        input
          |`-> (1): nn.Sequential {
          |      [input -> (1) -> (2) -> (3) -> (4) -> output]
          |      (1): cudnn.SpatialConvolution(64 -> 64, 3x3, 1,1, 1,1) without bias
          |      (2): nn.Sequential {
          |        [input -> (1) -> (2) -> output]
          |        (1): nn.SpatialBatchNormalization (4D) (64)
          |        (2): nn.ELU (alpha:1.000000)
          |      }
          |      (3): cudnn.SpatialConvolution(64 -> 64, 3x3, 1,1, 1,1) without bias
          |      (4): nn.SpatialBatchNormalization (4D) (64)
          |    }
           `-> (2): nn.Identity
           ... -> output
      }
      (2): nn.CAddTable
    }
  }
  (6): nn.Sequential {
    [input -> (1) -> (2) -> output]
    (1): nn.SpatialBatchNormalization (4D) (64)
    (2): nn.ELU (alpha:1.000000)
  }
  (7): cudnn.SpatialAveragePooling(8x8, 1,1)
  (8): nn.View(64)
  (9): nn.Linear(64 -> 10)
}
=> Training epoch # 1	
 * Finished epoch # 1     top1:  65.264  top5:  15.469
	
 * Best model 	65.263671875	15.46875	
=> Training epoch # 2	
 * Finished epoch # 2     top1:  52.725  top5:   6.924
	
 * Best model 	52.724609375	6.923828125	
=> Training epoch # 3	
 * Finished epoch # 3     top1:  42.266  top5:   4.404
	
 * Best model 	42.265625	4.404296875	
=> Training epoch # 4	
 * Finished epoch # 4     top1:  50.088  top5:   6.982
	
=> Training epoch # 5	
 * Finished epoch # 5     top1:  45.410  top5:   5.967
	
=> Training epoch # 6	
 * Finished epoch # 6     top1:  49.551  top5:   7.363
	
=> Training epoch # 7	
 * Finished epoch # 7     top1:  43.457  top5:   4.307
	
=> Training epoch # 8	
 * Finished epoch # 8     top1:  43.330  top5:   5.420
	
=> Training epoch # 9	
 * Finished epoch # 9     top1:  45.967  top5:   4.854
	
=> Training epoch # 10	
 * Finished epoch # 10     top1:  39.180  top5:   4.404
	
 * Best model 	39.1796875	4.404296875	
=> Training epoch # 11	
 * Finished epoch # 11     top1:  31.934  top5:   2.812
	
 * Best model 	31.93359375	2.8125	
=> Training epoch # 12	
 * Finished epoch # 12     top1:  38.857  top5:   3.516
	
=> Training epoch # 13	
 * Finished epoch # 13     top1:  30.518  top5:   2.393
	
 * Best model 	30.517578125	2.392578125	
=> Training epoch # 14	
 * Finished epoch # 14     top1:  31.152  top5:   3.184
	
=> Training epoch # 15	
 * Finished epoch # 15     top1:  31.523  top5:   2.617
	
=> Training epoch # 16	
 * Finished epoch # 16     top1:  29.395  top5:   2.100
	
 * Best model 	29.39453125	2.099609375	
=> Training epoch # 17	
 * Finished epoch # 17     top1:  48.340  top5:   4.492
	
=> Training epoch # 18	
 * Finished epoch # 18     top1:  37.969  top5:   3.555
	
=> Training epoch # 19	
 * Finished epoch # 19     top1:  32.109  top5:   2.734
	
=> Training epoch # 20	
 * Finished epoch # 20     top1:  33.525  top5:   2.168
	
=> Training epoch # 21	
 * Finished epoch # 21     top1:  35.801  top5:   2.969
	
=> Training epoch # 22	
 * Finished epoch # 22     top1:  28.301  top5:   3.193
	
 * Best model 	28.30078125	3.193359375	
=> Training epoch # 23	
 * Finished epoch # 23     top1:  27.412  top5:   2.031
	
 * Best model 	27.412109375	2.03125	
=> Training epoch # 24	
 * Finished epoch # 24     top1:  32.588  top5:   3.145
	
=> Training epoch # 25	
 * Finished epoch # 25     top1:  48.223  top5:   6.299
	
=> Training epoch # 26	
 * Finished epoch # 26     top1:  26.982  top5:   2.334
	
 * Best model 	26.982421875	2.333984375	
=> Training epoch # 27	
 * Finished epoch # 27     top1:  30.225  top5:   2.148
	
=> Training epoch # 28	
 * Finished epoch # 28     top1:  32.637  top5:   3.799
	
=> Training epoch # 29	
 * Finished epoch # 29     top1:  37.363  top5:   3.086
	
=> Training epoch # 30	
 * Finished epoch # 30     top1:  29.062  top5:   2.617
	
=> Training epoch # 31	
 * Finished epoch # 31     top1:  37.158  top5:   6.631
	
=> Training epoch # 32	
 * Finished epoch # 32     top1:  35.410  top5:   2.314
	
=> Training epoch # 33	
 * Finished epoch # 33     top1:  30.576  top5:   2.734
	
=> Training epoch # 34	
 * Finished epoch # 34     top1:  30.957  top5:   2.607
	
=> Training epoch # 35	
 * Finished epoch # 35     top1:  32.822  top5:   2.305
	
=> Training epoch # 36	
 * Finished epoch # 36     top1:  26.787  top5:   2.383
	
 * Best model 	26.787109375	2.3828125	
=> Training epoch # 37	
 * Finished epoch # 37     top1:  33.467  top5:   5.225
	
=> Training epoch # 38	
 * Finished epoch # 38     top1:  26.914  top5:   2.090
	
=> Training epoch # 39	
 * Finished epoch # 39     top1:  32.490  top5:   4.033
	
=> Training epoch # 40	
 * Finished epoch # 40     top1:  31.191  top5:   4.111
	
=> Training epoch # 41	
 * Finished epoch # 41     top1:  27.441  top5:   1.924
	
=> Training epoch # 42	
 * Finished epoch # 42     top1:  33.340  top5:   3.398
	
=> Training epoch # 43	
 * Finished epoch # 43     top1:  33.232  top5:   3.984
	
=> Training epoch # 44	
 * Finished epoch # 44     top1:  29.365  top5:   1.982
	
=> Training epoch # 45	
 * Finished epoch # 45     top1:  28.555  top5:   2.275
	
=> Training epoch # 46	
 * Finished epoch # 46     top1:  25.146  top5:   1.553
	
 * Best model 	25.146484375	1.552734375	
=> Training epoch # 47	
 * Finished epoch # 47     top1:  30.879  top5:   1.904
	
=> Training epoch # 48	
 * Finished epoch # 48     top1:  25.879  top5:   1.885
	
=> Training epoch # 49	
 * Finished epoch # 49     top1:  26.348  top5:   1.816
	
=> Training epoch # 50	
 * Finished epoch # 50     top1:  27.129  top5:   2.334
	
=> Training epoch # 51	
 * Finished epoch # 51     top1:  28.037  top5:   2.100
	
=> Training epoch # 52	
 * Finished epoch # 52     top1:  32.812  top5:   2.646
	
=> Training epoch # 53	
 * Finished epoch # 53     top1:  28.545  top5:   1.699
	
=> Training epoch # 54	
 * Finished epoch # 54     top1:  24.014  top5:   1.758
	
 * Best model 	24.013671875	1.7578125	
=> Training epoch # 55	
 * Finished epoch # 55     top1:  27.422  top5:   1.680
	
=> Training epoch # 56	
 * Finished epoch # 56     top1:  29.395  top5:   2.354
	
=> Training epoch # 57	
 * Finished epoch # 57     top1:  36.152  top5:   3.682
	
=> Training epoch # 58	
 * Finished epoch # 58     top1:  24.307  top5:   1.787
	
=> Training epoch # 59	
 * Finished epoch # 59     top1:  29.736  top5:   2.197
	
=> Training epoch # 60	
 * Finished epoch # 60     top1:  39.082  top5:   3.750
	
=> Training epoch # 61	
 * Finished epoch # 61     top1:  34.395  top5:   2.246
	
=> Training epoch # 62	
 * Finished epoch # 62     top1:  31.406  top5:   2.383
	
=> Training epoch # 63	
 * Finished epoch # 63     top1:  33.721  top5:   2.373
	
=> Training epoch # 64	
 * Finished epoch # 64     top1:  26.787  top5:   2.051
	
=> Training epoch # 65	
 * Finished epoch # 65     top1:  32.725  top5:   2.949
	
=> Training epoch # 66	
 * Finished epoch # 66     top1:  32.217  top5:   1.777
	
=> Training epoch # 67	
 * Finished epoch # 67     top1:  26.064  top5:   1.904
	
=> Training epoch # 68	
 * Finished epoch # 68     top1:  25.703  top5:   1.826
	
=> Training epoch # 69	
 * Finished epoch # 69     top1:  27.188  top5:   1.670
	
=> Training epoch # 70	
 * Finished epoch # 70     top1:  29.307  top5:   2.676
	
=> Training epoch # 71	
 * Finished epoch # 71     top1:  27.197  top5:   2.578
	
=> Training epoch # 72	
 * Finished epoch # 72     top1:  26.377  top5:   2.246
	
=> Training epoch # 73	
 * Finished epoch # 73     top1:  30.752  top5:   3.721
	
=> Training epoch # 74	
 * Finished epoch # 74     top1:  34.219  top5:   2.607
	
=> Training epoch # 75	
 * Finished epoch # 75     top1:  34.570  top5:   3.252
	
=> Training epoch # 76	
 * Finished epoch # 76     top1:  31.445  top5:   2.949
	
=> Training epoch # 77	
 * Finished epoch # 77     top1:  25.352  top5:   2.637
	
=> Training epoch # 78	
 * Finished epoch # 78     top1:  33.115  top5:   2.920
	
=> Training epoch # 79	
 * Finished epoch # 79     top1:  28.662  top5:   3.418
	
=> Training epoch # 80	
 * Finished epoch # 80     top1:  26.768  top5:   2.334
	
=> Training epoch # 81	
 * Finished epoch # 81     top1:  14.434  top5:   0.811
	
 * Best model 	14.43359375	0.810546875	
=> Training epoch # 82	
 * Finished epoch # 82     top1:  14.102  top5:   0.684
	
 * Best model 	14.1015625	0.68359375	
=> Training epoch # 83	
 * Finished epoch # 83     top1:  13.682  top5:   0.723
	
 * Best model 	13.681640625	0.72265625	
=> Training epoch # 84	
 * Finished epoch # 84     top1:  13.711  top5:   0.488
	
=> Training epoch # 85	
 * Finished epoch # 85     top1:  14.053  top5:   0.664
	
=> Training epoch # 86	
 * Finished epoch # 86     top1:  13.457  top5:   0.547
	
 * Best model 	13.45703125	0.546875	
=> Training epoch # 87	
 * Finished epoch # 87     top1:  13.076  top5:   0.557
	
 * Best model 	13.076171875	0.556640625	
=> Training epoch # 88	
 * Finished epoch # 88     top1:  13.467  top5:   0.537
	
=> Training epoch # 89	
 * Finished epoch # 89     top1:  14.268  top5:   0.527
	
=> Training epoch # 90	
 * Finished epoch # 90     top1:  14.688  top5:   0.625
	
=> Training epoch # 91	
 * Finished epoch # 91     top1:  14.395  top5:   0.664
	
=> Training epoch # 92	
 * Finished epoch # 92     top1:  14.209  top5:   0.518
	
=> Training epoch # 93	
 * Finished epoch # 93     top1:  14.336  top5:   0.537
	
=> Training epoch # 94	
 * Finished epoch # 94     top1:  14.248  top5:   0.625
	
=> Training epoch # 95	
 * Finished epoch # 95     top1:  15.898  top5:   0.781
	
=> Training epoch # 96	
 * Finished epoch # 96     top1:  15.557  top5:   0.801
	
=> Training epoch # 97	
 * Finished epoch # 97     top1:  14.297  top5:   0.762
	
=> Training epoch # 98	
 * Finished epoch # 98     top1:  15.596  top5:   0.605
	
=> Training epoch # 99	
 * Finished epoch # 99     top1:  14.902  top5:   0.752
	
=> Training epoch # 100	
 * Finished epoch # 100     top1:  15.039  top5:   0.605
	
=> Training epoch # 101	
 * Finished epoch # 101     top1:  14.512  top5:   0.664
	
=> Training epoch # 102	
 * Finished epoch # 102     top1:  15.791  top5:   0.645
	
=> Training epoch # 103	
 * Finished epoch # 103     top1:  15.645  top5:   0.713
	
=> Training epoch # 104	
 * Finished epoch # 104     top1:  15.479  top5:   0.684
	
=> Training epoch # 105	
 * Finished epoch # 105     top1:  15.557  top5:   0.674
	
=> Training epoch # 106	
 * Finished epoch # 106     top1:  14.512  top5:   0.771
	
=> Training epoch # 107	
 * Finished epoch # 107     top1:  15.586  top5:   0.684
	
=> Training epoch # 108	
 * Finished epoch # 108     top1:  14.619  top5:   0.674
	
=> Training epoch # 109	
 * Finished epoch # 109     top1:  14.658  top5:   0.645
	
=> Training epoch # 110	
 * Finished epoch # 110     top1:  15.273  top5:   0.762
	
=> Training epoch # 111	
 * Finished epoch # 111     top1:  17.559  top5:   0.771
	
=> Training epoch # 112	
 * Finished epoch # 112     top1:  15.869  top5:   0.762
	
=> Training epoch # 113	
 * Finished epoch # 113     top1:  14.932  top5:   0.566
	
=> Training epoch # 114	
 * Finished epoch # 114     top1:  15.811  top5:   0.850
	
=> Training epoch # 115	
 * Finished epoch # 115     top1:  14.287  top5:   0.703
	
=> Training epoch # 116	
 * Finished epoch # 116     top1:  16.143  top5:   0.732
	
=> Training epoch # 117	
 * Finished epoch # 117     top1:  15.918  top5:   0.732
	
=> Training epoch # 118	
 * Finished epoch # 118     top1:  17.266  top5:   0.928
	
=> Training epoch # 119	
 * Finished epoch # 119     top1:  15.498  top5:   0.566
	
=> Training epoch # 120	
 * Finished epoch # 120     top1:  14.160  top5:   0.674
	
=> Training epoch # 121	
 * Finished epoch # 121     top1:  14.326  top5:   0.684
	
=> Training epoch # 122	
 * Finished epoch # 122     top1:  11.221  top5:   0.498
	
 * Best model 	11.220703125	0.498046875	
=> Training epoch # 123	
 * Finished epoch # 123     top1:  11.611  top5:   0.557
	
=> Training epoch # 124	
 * Finished epoch # 124     top1:  11.660  top5:   0.439
	
=> Training epoch # 125	
 * Finished epoch # 125     top1:  11.152  top5:   0.371
	
 * Best model 	11.15234375	0.37109375	
=> Training epoch # 126	
 * Finished epoch # 126     top1:  10.732  top5:   0.381
	
 * Best model 	10.732421875	0.380859375	
=> Training epoch # 127	
 * Finished epoch # 127     top1:  11.006  top5:   0.342
	
=> Training epoch # 128	
 * Finished epoch # 128     top1:  10.889  top5:   0.420
	
=> Training epoch # 129	
 * Finished epoch # 129     top1:  10.791  top5:   0.352
	
=> Training epoch # 130	
 * Finished epoch # 130     top1:  11.064  top5:   0.322
	
=> Training epoch # 131	
 * Finished epoch # 131     top1:  10.615  top5:   0.371
	
 * Best model 	10.615234375	0.37109375	
=> Training epoch # 132	
 * Finished epoch # 132     top1:  10.967  top5:   0.430
	
=> Training epoch # 133	
 * Finished epoch # 133     top1:  11.094  top5:   0.381
	
=> Training epoch # 134	
 * Finished epoch # 134     top1:  10.908  top5:   0.371
	
=> Training epoch # 135	
 * Finished epoch # 135     top1:  11.016  top5:   0.342
	
=> Training epoch # 136	
 * Finished epoch # 136     top1:  11.475  top5:   0.449
	
=> Training epoch # 137	
 * Finished epoch # 137     top1:  11.035  top5:   0.342
	
=> Training epoch # 138	
 * Finished epoch # 138     top1:  10.938  top5:   0.361
	
=> Training epoch # 139	
 * Finished epoch # 139     top1:  10.889  top5:   0.420
	
=> Training epoch # 140	
 * Finished epoch # 140     top1:  11.016  top5:   0.420
	
=> Training epoch # 141	
 * Finished epoch # 141     top1:  11.123  top5:   0.400
	
=> Training epoch # 142	
 * Finished epoch # 142     top1:  11.514  top5:   0.352
	
=> Training epoch # 143	
 * Finished epoch # 143     top1:  10.830  top5:   0.410
	
=> Training epoch # 144	
 * Finished epoch # 144     top1:  11.191  top5:   0.371
	
=> Training epoch # 145	
 * Finished epoch # 145     top1:  11.162  top5:   0.352
	
=> Training epoch # 146	
 * Finished epoch # 146     top1:  11.455  top5:   0.352
	
=> Training epoch # 147	
 * Finished epoch # 147     top1:  11.504  top5:   0.381
	
=> Training epoch # 148	
 * Finished epoch # 148     top1:  10.908  top5:   0.361
	
=> Training epoch # 149	
 * Finished epoch # 149     top1:  10.781  top5:   0.381
	
=> Training epoch # 150	
 * Finished epoch # 150     top1:  10.742  top5:   0.332
	
=> Training epoch # 151	
 * Finished epoch # 151     top1:  11.104  top5:   0.371
	
=> Training epoch # 152	
 * Finished epoch # 152     top1:  11.025  top5:   0.322
	
=> Training epoch # 153	
 * Finished epoch # 153     top1:  10.850  top5:   0.322
	
=> Training epoch # 154	
 * Finished epoch # 154     top1:  10.967  top5:   0.459
	
=> Training epoch # 155	
 * Finished epoch # 155     top1:  10.928  top5:   0.381
	
=> Training epoch # 156	
 * Finished epoch # 156     top1:  10.938  top5:   0.508
	
=> Training epoch # 157	
 * Finished epoch # 157     top1:  11.152  top5:   0.430
	
=> Training epoch # 158	
 * Finished epoch # 158     top1:  11.074  top5:   0.420
	
=> Training epoch # 159	
 * Finished epoch # 159     top1:  11.025  top5:   0.439
	
=> Training epoch # 160	
 * Finished epoch # 160     top1:  10.723  top5:   0.391
	
=> Training epoch # 161	
 * Finished epoch # 161     top1:  11.309  top5:   0.400
	
=> Training epoch # 162	
 * Finished epoch # 162     top1:  11.064  top5:   0.371
	
=> Training epoch # 163	
 * Finished epoch # 163     top1:  10.752  top5:   0.342
	
=> Training epoch # 164	
 * Finished epoch # 164     top1:  10.801  top5:   0.312
	
=> Training epoch # 165	
 * Finished epoch # 165     top1:  10.986  top5:   0.400
	
=> Training epoch # 166	
 * Finished epoch # 166     top1:  11.318  top5:   0.332
	
=> Training epoch # 167	
 * Finished epoch # 167     top1:  11.113  top5:   0.371
	
=> Training epoch # 168	
 * Finished epoch # 168     top1:  11.191  top5:   0.459
	
=> Training epoch # 169	
 * Finished epoch # 169     top1:  11.152  top5:   0.410
	
=> Training epoch # 170	
 * Finished epoch # 170     top1:  11.221  top5:   0.352
	
=> Training epoch # 171	
 * Finished epoch # 171     top1:  11.240  top5:   0.400
	
=> Training epoch # 172	
 * Finished epoch # 172     top1:  11.465  top5:   0.508
	
=> Training epoch # 173	
 * Finished epoch # 173     top1:  10.977  top5:   0.352
	
=> Training epoch # 174	
 * Finished epoch # 174     top1:  11.553  top5:   0.381
	
=> Training epoch # 175	
 * Finished epoch # 175     top1:  10.859  top5:   0.469
	
=> Training epoch # 176	
 * Finished epoch # 176     top1:  11.133  top5:   0.400
	
=> Training epoch # 177	
 * Finished epoch # 177     top1:  11.006  top5:   0.400
	
=> Training epoch # 178	
 * Finished epoch # 178     top1:  11.729  top5:   0.381
	
=> Training epoch # 179	
 * Finished epoch # 179     top1:  11.328  top5:   0.410
	
=> Training epoch # 180	
 * Finished epoch # 180     top1:  11.221  top5:   0.518
	
=> Training epoch # 181	
 * Finished epoch # 181     top1:  11.250  top5:   0.391
	
=> Training epoch # 182	
 * Finished epoch # 182     top1:  11.582  top5:   0.410
	
=> Training epoch # 183	
 * Finished epoch # 183     top1:  11.143  top5:   0.371
	
=> Training epoch # 184	
 * Finished epoch # 184     top1:  10.762  top5:   0.400
	
=> Training epoch # 185	
 * Finished epoch # 185     top1:  10.752  top5:   0.293
	
=> Training epoch # 186	
 * Finished epoch # 186     top1:  11.006  top5:   0.332
	
=> Training epoch # 187	
 * Finished epoch # 187     top1:  11.338  top5:   0.381
	
=> Training epoch # 188	
 * Finished epoch # 188     top1:  11.602  top5:   0.352
	
=> Training epoch # 189	
 * Finished epoch # 189     top1:  11.465  top5:   0.381
	
=> Training epoch # 190	
 * Finished epoch # 190     top1:  11.172  top5:   0.469
	
=> Training epoch # 191	
 * Finished epoch # 191     top1:  11.436  top5:   0.391
	
=> Training epoch # 192	
 * Finished epoch # 192     top1:  10.762  top5:   0.312
	
=> Training epoch # 193	
 * Finished epoch # 193     top1:  11.162  top5:   0.342
	
=> Training epoch # 194	
 * Finished epoch # 194     top1:  10.439  top5:   0.381
	
 * Best model 	10.439453125	0.380859375	
=> Training epoch # 195	
 * Finished epoch # 195     top1:  10.859  top5:   0.400
	
=> Training epoch # 196	
 * Finished epoch # 196     top1:  10.918  top5:   0.488
	
=> Training epoch # 197	
 * Finished epoch # 197     top1:  11.729  top5:   0.322
	
=> Training epoch # 198	
 * Finished epoch # 198     top1:  11.133  top5:   0.439
	
=> Training epoch # 199	
 * Finished epoch # 199     top1:  11.211  top5:   0.615
	
=> Training epoch # 200	
 * Finished epoch # 200     top1:  11.377  top5:   0.352
	
 * Finished top1: 10.439  top5:  0.381	
