{
  cudnn : "fastest"
  LR : 0.1
  nThreads : 2
  nClasses : 0
  batchSize : 256
  testOnly : false
  netType : "resnet"
  resetClassifier : false
  shortcutType : "A"
  gen : "gen"
  nGPU : 1
  depth : 20
  weightDecay : 0.001
  data : ""
  dataset : "cifar100"
  epochNumber : 1
  manualSeed : 2
  resume : "results/try2/cifar100/20"
  optimState : "none"
  nEpochs : 200
  tenCrop : false
  shareGradInput : false
  backend : "cudnn"
  momentum : 0.9
  retrain : "none"
}
=> Creating model from file: models/resnet.lua	
 | ResNet-20 CIFAR-100	
nn.Sequential {
  [input -> (1) -> (2) -> (3) -> (4) -> (5) -> (6) -> (7) -> (8) -> (9) -> output]
  (1): cudnn.SpatialConvolution(3 -> 16, 3x3, 1,1, 1,1) without bias
  (2): nn.Sequential {
    [input -> (1) -> (2) -> (3) -> output]
    (1): nn.ConstrainedDiv
    (2): nn.ELU (alpha:1.000000)
    (3): nn.ConstrainedMul
  }
  (3): nn.Sequential {
    [input -> (1) -> (2) -> (3) -> output]
    (1): nn.Sequential {
      [input -> (1) -> (2) -> output]
      (1): nn.ConcatTable {
        input
          |`-> (1): nn.Sequential {
          |      [input -> (1) -> (2) -> (3) -> (4) -> output]
          |      (1): cudnn.SpatialConvolution(16 -> 16, 3x3, 1,1, 1,1) without bias
          |      (2): nn.Sequential {
          |        [input -> (1) -> (2) -> (3) -> output]
          |        (1): nn.ConstrainedDiv
          |        (2): nn.ELU (alpha:1.000000)
          |        (3): nn.ConstrainedMul
          |      }
          |      (3): cudnn.SpatialConvolution(16 -> 16, 3x3, 1,1, 1,1) without bias
          |      (4): nn.SpatialBatchNormalization (4D) (16)
          |    }
           `-> (2): nn.Identity
           ... -> output
      }
      (2): nn.CAddTable
    }
    (2): nn.Sequential {
      [input -> (1) -> (2) -> output]
      (1): nn.ConcatTable {
        input
          |`-> (1): nn.Sequential {
          |      [input -> (1) -> (2) -> (3) -> (4) -> output]
          |      (1): cudnn.SpatialConvolution(16 -> 16, 3x3, 1,1, 1,1) without bias
          |      (2): nn.Sequential {
          |        [input -> (1) -> (2) -> (3) -> output]
          |        (1): nn.ConstrainedDiv
          |        (2): nn.ELU (alpha:1.000000)
          |        (3): nn.ConstrainedMul
          |      }
          |      (3): cudnn.SpatialConvolution(16 -> 16, 3x3, 1,1, 1,1) without bias
          |      (4): nn.SpatialBatchNormalization (4D) (16)
          |    }
           `-> (2): nn.Identity
           ... -> output
      }
      (2): nn.CAddTable
    }
    (3): nn.Sequential {
      [input -> (1) -> (2) -> output]
      (1): nn.ConcatTable {
        input
          |`-> (1): nn.Sequential {
          |      [input -> (1) -> (2) -> (3) -> (4) -> output]
          |      (1): cudnn.SpatialConvolution(16 -> 16, 3x3, 1,1, 1,1) without bias
          |      (2): nn.Sequential {
          |        [input -> (1) -> (2) -> (3) -> output]
          |        (1): nn.ConstrainedDiv
          |        (2): nn.ELU (alpha:1.000000)
          |        (3): nn.ConstrainedMul
          |      }
          |      (3): cudnn.SpatialConvolution(16 -> 16, 3x3, 1,1, 1,1) without bias
          |      (4): nn.SpatialBatchNormalization (4D) (16)
          |    }
           `-> (2): nn.Identity
           ... -> output
      }
      (2): nn.CAddTable
    }
  }
  (4): nn.Sequential {
    [input -> (1) -> (2) -> (3) -> output]
    (1): nn.Sequential {
      [input -> (1) -> (2) -> output]
      (1): nn.ConcatTable {
        input
          |`-> (1): nn.Sequential {
          |      [input -> (1) -> (2) -> (3) -> (4) -> output]
          |      (1): cudnn.SpatialConvolution(16 -> 32, 3x3, 2,2, 1,1) without bias
          |      (2): nn.Sequential {
          |        [input -> (1) -> (2) -> (3) -> output]
          |        (1): nn.ConstrainedDiv
          |        (2): nn.ELU (alpha:1.000000)
          |        (3): nn.ConstrainedMul
          |      }
          |      (3): cudnn.SpatialConvolution(32 -> 32, 3x3, 1,1, 1,1) without bias
          |      (4): nn.SpatialBatchNormalization (4D) (32)
          |    }
           `-> (2): nn.Sequential {
                 [input -> (1) -> (2) -> output]
                 (1): nn.SpatialAveragePooling(1x1, 2,2)
                 (2): nn.Concat {
                   input
                     |`-> (1): nn.Identity
                      `-> (2): nn.MulConstant
                      ... -> output
                 }
               }
           ... -> output
      }
      (2): nn.CAddTable
    }
    (2): nn.Sequential {
      [input -> (1) -> (2) -> output]
      (1): nn.ConcatTable {
        input
          |`-> (1): nn.Sequential {
          |      [input -> (1) -> (2) -> (3) -> (4) -> output]
          |      (1): cudnn.SpatialConvolution(32 -> 32, 3x3, 1,1, 1,1) without bias
          |      (2): nn.Sequential {
          |        [input -> (1) -> (2) -> (3) -> output]
          |        (1): nn.ConstrainedDiv
          |        (2): nn.ELU (alpha:1.000000)
          |        (3): nn.ConstrainedMul
          |      }
          |      (3): cudnn.SpatialConvolution(32 -> 32, 3x3, 1,1, 1,1) without bias
          |      (4): nn.SpatialBatchNormalization (4D) (32)
          |    }
           `-> (2): nn.Identity
           ... -> output
      }
      (2): nn.CAddTable
    }
    (3): nn.Sequential {
      [input -> (1) -> (2) -> output]
      (1): nn.ConcatTable {
        input
          |`-> (1): nn.Sequential {
          |      [input -> (1) -> (2) -> (3) -> (4) -> output]
          |      (1): cudnn.SpatialConvolution(32 -> 32, 3x3, 1,1, 1,1) without bias
          |      (2): nn.Sequential {
          |        [input -> (1) -> (2) -> (3) -> output]
          |        (1): nn.ConstrainedDiv
          |        (2): nn.ELU (alpha:1.000000)
          |        (3): nn.ConstrainedMul
          |      }
          |      (3): cudnn.SpatialConvolution(32 -> 32, 3x3, 1,1, 1,1) without bias
          |      (4): nn.SpatialBatchNormalization (4D) (32)
          |    }
           `-> (2): nn.Identity
           ... -> output
      }
      (2): nn.CAddTable
    }
  }
  (5): nn.Sequential {
    [input -> (1) -> (2) -> (3) -> output]
    (1): nn.Sequential {
      [input -> (1) -> (2) -> output]
      (1): nn.ConcatTable {
        input
          |`-> (1): nn.Sequential {
          |      [input -> (1) -> (2) -> (3) -> (4) -> output]
          |      (1): cudnn.SpatialConvolution(32 -> 64, 3x3, 2,2, 1,1) without bias
          |      (2): nn.Sequential {
          |        [input -> (1) -> (2) -> (3) -> output]
          |        (1): nn.ConstrainedDiv
          |        (2): nn.ELU (alpha:1.000000)
          |        (3): nn.ConstrainedMul
          |      }
          |      (3): cudnn.SpatialConvolution(64 -> 64, 3x3, 1,1, 1,1) without bias
          |      (4): nn.SpatialBatchNormalization (4D) (64)
          |    }
           `-> (2): nn.Sequential {
                 [input -> (1) -> (2) -> output]
                 (1): nn.SpatialAveragePooling(1x1, 2,2)
                 (2): nn.Concat {
                   input
                     |`-> (1): nn.Identity
                      `-> (2): nn.MulConstant
                      ... -> output
                 }
               }
           ... -> output
      }
      (2): nn.CAddTable
    }
    (2): nn.Sequential {
      [input -> (1) -> (2) -> output]
      (1): nn.ConcatTable {
        input
          |`-> (1): nn.Sequential {
          |      [input -> (1) -> (2) -> (3) -> (4) -> output]
          |      (1): cudnn.SpatialConvolution(64 -> 64, 3x3, 1,1, 1,1) without bias
          |      (2): nn.Sequential {
          |        [input -> (1) -> (2) -> (3) -> output]
          |        (1): nn.ConstrainedDiv
          |        (2): nn.ELU (alpha:1.000000)
          |        (3): nn.ConstrainedMul
          |      }
          |      (3): cudnn.SpatialConvolution(64 -> 64, 3x3, 1,1, 1,1) without bias
          |      (4): nn.SpatialBatchNormalization (4D) (64)
          |    }
           `-> (2): nn.Identity
           ... -> output
      }
      (2): nn.CAddTable
    }
    (3): nn.Sequential {
      [input -> (1) -> (2) -> output]
      (1): nn.ConcatTable {
        input
          |`-> (1): nn.Sequential {
          |      [input -> (1) -> (2) -> (3) -> (4) -> output]
          |      (1): cudnn.SpatialConvolution(64 -> 64, 3x3, 1,1, 1,1) without bias
          |      (2): nn.Sequential {
          |        [input -> (1) -> (2) -> (3) -> output]
          |        (1): nn.ConstrainedDiv
          |        (2): nn.ELU (alpha:1.000000)
          |        (3): nn.ConstrainedMul
          |      }
          |      (3): cudnn.SpatialConvolution(64 -> 64, 3x3, 1,1, 1,1) without bias
          |      (4): nn.SpatialBatchNormalization (4D) (64)
          |    }
           `-> (2): nn.Identity
           ... -> output
      }
      (2): nn.CAddTable
    }
  }
  (6): nn.Sequential {
    [input -> (1) -> (2) -> (3) -> output]
    (1): nn.ConstrainedDiv
    (2): nn.ELU (alpha:1.000000)
    (3): nn.ConstrainedMul
  }
  (7): cudnn.SpatialAveragePooling(8x8, 1,1)
  (8): nn.View(64)
  (9): nn.Linear(64 -> 100)
}
=> Training epoch # 1	
 * Finished epoch # 1     top1:  86.152  top5:  61.445
	
 * Best model 	86.15234375	61.4453125	
=> Training epoch # 2	
 * Finished epoch # 2     top1:  75.957  top5:  44.902
	
 * Best model 	75.95703125	44.90234375	
=> Training epoch # 3	
 * Finished epoch # 3     top1:  72.686  top5:  41.719
	
 * Best model 	72.685546875	41.71875	
=> Training epoch # 4	
 * Finished epoch # 4     top1:  62.422  top5:  28.994
	
 * Best model 	62.421875	28.994140625	
=> Training epoch # 5	
 * Finished epoch # 5     top1:  61.230  top5:  29.629
	
 * Best model 	61.23046875	29.62890625	
=> Training epoch # 6	
 * Finished epoch # 6     top1:  61.660  top5:  30.547
	
=> Training epoch # 7	
 * Finished epoch # 7     top1:  58.848  top5:  26.523
	
 * Best model 	58.84765625	26.5234375	
=> Training epoch # 8	
 * Finished epoch # 8     top1:  54.805  top5:  22.676
	
 * Best model 	54.8046875	22.67578125	
=> Training epoch # 9	
 * Finished epoch # 9     top1:  57.197  top5:  25.732
	
=> Training epoch # 10	
 * Finished epoch # 10     top1:  53.730  top5:  23.945
	
 * Best model 	53.73046875	23.9453125	
=> Training epoch # 11	
 * Finished epoch # 11     top1:  57.500  top5:  24.990
	
=> Training epoch # 12	
 * Finished epoch # 12     top1:  53.018  top5:  20.645
	
 * Best model 	53.017578125	20.64453125	
=> Training epoch # 13	
 * Finished epoch # 13     top1:  58.887  top5:  25.654
	
=> Training epoch # 14	
 * Finished epoch # 14     top1:  52.822  top5:  21.787
	
 * Best model 	52.822265625	21.787109375	
=> Training epoch # 15	
 * Finished epoch # 15     top1:  50.205  top5:  19.717
	
 * Best model 	50.205078125	19.716796875	
=> Training epoch # 16	
 * Finished epoch # 16     top1:  53.340  top5:  21.445
	
=> Training epoch # 17	
 * Finished epoch # 17     top1:  49.297  top5:  19.609
	
 * Best model 	49.296875	19.609375	
=> Training epoch # 18	
 * Finished epoch # 18     top1:  49.629  top5:  19.561
	
=> Training epoch # 19	
 * Finished epoch # 19     top1:  48.037  top5:  17.217
	
 * Best model 	48.037109375	17.216796875	
=> Training epoch # 20	
 * Finished epoch # 20     top1:  46.475  top5:  17.510
	
 * Best model 	46.474609375	17.509765625	
=> Training epoch # 21	
 * Finished epoch # 21     top1:  52.539  top5:  21.611
	
=> Training epoch # 22	
 * Finished epoch # 22     top1:  46.396  top5:  16.836
	
 * Best model 	46.396484375	16.8359375	
=> Training epoch # 23	
 * Finished epoch # 23     top1:  50.674  top5:  19.883
	
=> Training epoch # 24	
 * Finished epoch # 24     top1:  48.672  top5:  17.422
	
=> Training epoch # 25	
 * Finished epoch # 25     top1:  50.508  top5:  19.932
	
=> Training epoch # 26	
 * Finished epoch # 26     top1:  49.141  top5:  18.389
	
=> Training epoch # 27	
 * Finished epoch # 27     top1:  49.180  top5:  18.291
	
=> Training epoch # 28	
 * Finished epoch # 28     top1:  50.410  top5:  18.779
	
=> Training epoch # 29	
 * Finished epoch # 29     top1:  49.531  top5:  18.330
	
=> Training epoch # 30	
 * Finished epoch # 30     top1:  49.561  top5:  18.486
	
=> Training epoch # 31	
 * Finished epoch # 31     top1:  53.867  top5:  22.539
	
=> Training epoch # 32	
 * Finished epoch # 32     top1:  45.088  top5:  15.928
	
 * Best model 	45.087890625	15.927734375	
=> Training epoch # 33	
 * Finished epoch # 33     top1:  48.682  top5:  19.131
	
=> Training epoch # 34	
 * Finished epoch # 34     top1:  48.594  top5:  18.906
	
=> Training epoch # 35	
 * Finished epoch # 35     top1:  50.166  top5:  19.629
	
=> Training epoch # 36	
 * Finished epoch # 36     top1:  52.451  top5:  21.279
	
=> Training epoch # 37	
 * Finished epoch # 37     top1:  48.418  top5:  18.438
	
=> Training epoch # 38	
 * Finished epoch # 38     top1:  48.018  top5:  18.184
	
=> Training epoch # 39	
 * Finished epoch # 39     top1:  53.027  top5:  21.367
	
=> Training epoch # 40	
 * Finished epoch # 40     top1:  49.785  top5:  19.805
	
=> Training epoch # 41	
 * Finished epoch # 41     top1:  47.969  top5:  16.914
	
=> Training epoch # 42	
 * Finished epoch # 42     top1:  43.896  top5:  14.863
	
 * Best model 	43.896484375	14.86328125	
=> Training epoch # 43	
 * Finished epoch # 43     top1:  52.285  top5:  21.299
	
=> Training epoch # 44	
 * Finished epoch # 44     top1:  49.629  top5:  17.646
	
=> Training epoch # 45	
 * Finished epoch # 45     top1:  47.363  top5:  17.578
	
=> Training epoch # 46	
 * Finished epoch # 46     top1:  47.207  top5:  17.393
	
=> Training epoch # 47	
 * Finished epoch # 47     top1:  45.020  top5:  16.270
	
=> Training epoch # 48	
 * Finished epoch # 48     top1:  57.051  top5:  25.732
	
=> Training epoch # 49	
 * Finished epoch # 49     top1:  55.547  top5:  24.268
	
=> Training epoch # 50	
 * Finished epoch # 50     top1:  47.979  top5:  19.111
	
=> Training epoch # 51	
 * Finished epoch # 51     top1:  52.129  top5:  20.791
	
=> Training epoch # 52	
 * Finished epoch # 52     top1:  45.830  top5:  16.094
	
=> Training epoch # 53	
 * Finished epoch # 53     top1:  49.736  top5:  19.336
	
=> Training epoch # 54	
 * Finished epoch # 54     top1:  53.252  top5:  21.133
	
=> Training epoch # 55	
 * Finished epoch # 55     top1:  46.260  top5:  17.432
	
=> Training epoch # 56	
 * Finished epoch # 56     top1:  50.508  top5:  19.873
	
=> Training epoch # 57	
 * Finished epoch # 57     top1:  45.947  top5:  16.357
	
=> Training epoch # 58	
 * Finished epoch # 58     top1:  51.738  top5:  20.332
	
=> Training epoch # 59	
 * Finished epoch # 59     top1:  48.340  top5:  18.594
	
=> Training epoch # 60	
 * Finished epoch # 60     top1:  50.537  top5:  21.162
	
=> Training epoch # 61	
 * Finished epoch # 61     top1:  48.516  top5:  18.701
	
=> Training epoch # 62	
 * Finished epoch # 62     top1:  51.055  top5:  19.492
	
=> Training epoch # 63	
 * Finished epoch # 63     top1:  47.305  top5:  17.324
	
=> Training epoch # 64	
 * Finished epoch # 64     top1:  50.195  top5:  18.984
	
=> Training epoch # 65	
 * Finished epoch # 65     top1:  47.119  top5:  16.240
	
=> Training epoch # 66	
 * Finished epoch # 66     top1:  52.139  top5:  20.557
	
=> Training epoch # 67	
 * Finished epoch # 67     top1:  49.150  top5:  18.418
	
=> Training epoch # 68	
 * Finished epoch # 68     top1:  49.355  top5:  17.988
	
=> Training epoch # 69	
 * Finished epoch # 69     top1:  47.236  top5:  17.568
	
=> Training epoch # 70	
 * Finished epoch # 70     top1:  47.568  top5:  17.529
	
=> Training epoch # 71	
 * Finished epoch # 71     top1:  50.215  top5:  19.014
	
=> Training epoch # 72	
 * Finished epoch # 72     top1:  44.922  top5:  16.260
	
=> Training epoch # 73	
 * Finished epoch # 73     top1:  47.500  top5:  17.051
	
=> Training epoch # 74	
 * Finished epoch # 74     top1:  50.361  top5:  20.469
	
=> Training epoch # 75	
 * Finished epoch # 75     top1:  44.932  top5:  15.752
	
=> Training epoch # 76	
 * Finished epoch # 76     top1:  50.430  top5:  19.570
	
=> Training epoch # 77	
 * Finished epoch # 77     top1:  48.975  top5:  19.600
	
=> Training epoch # 78	
 * Finished epoch # 78     top1:  44.092  top5:  15.469
	
=> Training epoch # 79	
 * Finished epoch # 79     top1:  45.742  top5:  16.133
	
=> Training epoch # 80	
 * Finished epoch # 80     top1:  47.461  top5:  17.461
	
=> Training epoch # 81	
 * Finished epoch # 81     top1:  33.955  top5:   9.531
	
 * Best model 	33.955078125	9.53125	
=> Training epoch # 82	
 * Finished epoch # 82     top1:  32.158  top5:   9.082
	
 * Best model 	32.158203125	9.08203125	
=> Training epoch # 83	
 * Finished epoch # 83     top1:  32.686  top5:   9.023
	
=> Training epoch # 84	
 * Finished epoch # 84     top1:  32.305  top5:   8.984
	
=> Training epoch # 85	
 * Finished epoch # 85     top1:  32.832  top5:   9.160
	
=> Training epoch # 86	
 * Finished epoch # 86     top1:  32.852  top5:   8.906
	
=> Training epoch # 87	
 * Finished epoch # 87     top1:  33.008  top5:   9.688
	
=> Training epoch # 88	
 * Finished epoch # 88     top1:  33.545  top5:   9.609
	
=> Training epoch # 89	
 * Finished epoch # 89     top1:  32.695  top5:   8.789
	
=> Training epoch # 90	
 * Finished epoch # 90     top1:  32.471  top5:   9.531
	
=> Training epoch # 91	
 * Finished epoch # 91     top1:  33.135  top5:   9.277
	
=> Training epoch # 92	
 * Finished epoch # 92     top1:  33.115  top5:   9.209
	
=> Training epoch # 93	
 * Finished epoch # 93     top1:  33.789  top5:   9.707
	
=> Training epoch # 94	
 * Finished epoch # 94     top1:  33.320  top5:   9.414
	
=> Training epoch # 95	
 * Finished epoch # 95     top1:  34.170  top5:   9.502
	
=> Training epoch # 96	
 * Finished epoch # 96     top1:  33.779  top5:   9.277
	
=> Training epoch # 97	
 * Finished epoch # 97     top1:  33.994  top5:   9.863
	
=> Training epoch # 98	
 * Finished epoch # 98     top1:  34.277  top5:   9.746
	
=> Training epoch # 99	
 * Finished epoch # 99     top1:  33.604  top5:   9.834
	
=> Training epoch # 100	
 * Finished epoch # 100     top1:  33.525  top5:   9.561
	
=> Training epoch # 101	
 * Finished epoch # 101     top1:  34.414  top5:   9.668
	
=> Training epoch # 102	
 * Finished epoch # 102     top1:  34.180  top5:   9.814
	
=> Training epoch # 103	
 * Finished epoch # 103     top1:  33.818  top5:   9.756
	
=> Training epoch # 104	
 * Finished epoch # 104     top1:  34.785  top5:   9.727
	
=> Training epoch # 105	
 * Finished epoch # 105     top1:  34.238  top5:   9.600
	
=> Training epoch # 106	
 * Finished epoch # 106     top1:  33.818  top5:  10.186
	
=> Training epoch # 107	
 * Finished epoch # 107     top1:  35.635  top5:  10.439
	
=> Training epoch # 108	
 * Finished epoch # 108     top1:  34.414  top5:   9.561
	
=> Training epoch # 109	
 * Finished epoch # 109     top1:  34.668  top5:  10.420
	
=> Training epoch # 110	
 * Finished epoch # 110     top1:  34.873  top5:   9.717
	
=> Training epoch # 111	
 * Finished epoch # 111     top1:  33.428  top5:   9.229
	
=> Training epoch # 112	
 * Finished epoch # 112     top1:  34.766  top5:  10.361
	
=> Training epoch # 113	
 * Finished epoch # 113     top1:  36.465  top5:  11.094
	
=> Training epoch # 114	
 * Finished epoch # 114     top1:  34.736  top5:  10.029
	
=> Training epoch # 115	
 * Finished epoch # 115     top1:  36.367  top5:  10.518
	
=> Training epoch # 116	
 * Finished epoch # 116     top1:  35.059  top5:  10.029
	
=> Training epoch # 117	
 * Finished epoch # 117     top1:  36.104  top5:  10.928
	
=> Training epoch # 118	
 * Finished epoch # 118     top1:  35.156  top5:   9.736
	
=> Training epoch # 119	
 * Finished epoch # 119     top1:  35.225  top5:  10.273
	
=> Training epoch # 120	
 * Finished epoch # 120     top1:  35.166  top5:  10.664
	
=> Training epoch # 121	
 * Finished epoch # 121     top1:  35.254  top5:  10.312
	
=> Training epoch # 122	
 * Finished epoch # 122     top1:  31.016  top5:   8.115
	
 * Best model 	31.015625	8.115234375	
=> Training epoch # 123	
 * Finished epoch # 123     top1:  31.045  top5:   8.301
	
=> Training epoch # 124	
 * Finished epoch # 124     top1:  30.146  top5:   8.193
	
 * Best model 	30.146484375	8.193359375	
=> Training epoch # 125	
 * Finished epoch # 125     top1:  30.820  top5:   7.998
	
=> Training epoch # 126	
 * Finished epoch # 126     top1:  30.439  top5:   8.486
	
=> Training epoch # 127	
 * Finished epoch # 127     top1:  30.840  top5:   8.330
	
=> Training epoch # 128	
 * Finished epoch # 128     top1:  30.684  top5:   8.135
	
=> Training epoch # 129	
 * Finished epoch # 129     top1:  30.801  top5:   8.311
	
=> Training epoch # 130	
 * Finished epoch # 130     top1:  30.967  top5:   8.086
	
=> Training epoch # 131	
 * Finished epoch # 131     top1:  30.703  top5:   8.682
	
=> Training epoch # 132	
 * Finished epoch # 132     top1:  30.908  top5:   8.223
	
=> Training epoch # 133	
 * Finished epoch # 133     top1:  30.332  top5:   8.193
	
=> Training epoch # 134	
 * Finished epoch # 134     top1:  30.830  top5:   8.477
	
=> Training epoch # 135	
 * Finished epoch # 135     top1:  31.270  top5:   8.340
	
=> Training epoch # 136	
 * Finished epoch # 136     top1:  30.762  top5:   8.799
	
=> Training epoch # 137	
 * Finished epoch # 137     top1:  30.908  top5:   8.760
	
=> Training epoch # 138	
 * Finished epoch # 138     top1:  31.133  top5:   8.965
	
=> Training epoch # 139	
 * Finished epoch # 139     top1:  30.957  top5:   8.418
	
=> Training epoch # 140	
 * Finished epoch # 140     top1:  30.645  top5:   8.545
	
=> Training epoch # 141	
 * Finished epoch # 141     top1:  30.615  top5:   8.652
	
=> Training epoch # 142	
 * Finished epoch # 142     top1:  31.211  top5:   8.926
	
=> Training epoch # 143	
 * Finished epoch # 143     top1:  31.143  top5:   8.945
	
=> Training epoch # 144	
 * Finished epoch # 144     top1:  31.221  top5:   8.799
	
=> Training epoch # 145	
 * Finished epoch # 145     top1:  31.113  top5:   8.311
	
=> Training epoch # 146	
 * Finished epoch # 146     top1:  30.967  top5:   8.447
	
=> Training epoch # 147	
 * Finished epoch # 147     top1:  31.338  top5:   8.330
	
=> Training epoch # 148	
 * Finished epoch # 148     top1:  31.357  top5:   8.564
	
=> Training epoch # 149	
 * Finished epoch # 149     top1:  30.918  top5:   8.721
	
=> Training epoch # 150	
 * Finished epoch # 150     top1:  31.064  top5:   8.447
	
=> Training epoch # 151	
 * Finished epoch # 151     top1:  30.898  top5:   8.301
	
=> Training epoch # 152	
 * Finished epoch # 152     top1:  31.143  top5:   8.438
	
=> Training epoch # 153	
 * Finished epoch # 153     top1:  31.006  top5:   8.203
	
=> Training epoch # 154	
 * Finished epoch # 154     top1:  30.918  top5:   8.525
	
=> Training epoch # 155	
 * Finished epoch # 155     top1:  31.279  top5:   8.877
	
=> Training epoch # 156	
 * Finished epoch # 156     top1:  31.777  top5:   8.828
	
=> Training epoch # 157	
 * Finished epoch # 157     top1:  31.719  top5:   8.887
	
=> Training epoch # 158	
 * Finished epoch # 158     top1:  31.465  top5:   8.701
	
=> Training epoch # 159	
 * Finished epoch # 159     top1:  31.494  top5:   8.574
	
=> Training epoch # 160	
 * Finished epoch # 160     top1:  31.523  top5:   8.682
	
=> Training epoch # 161	
 * Finished epoch # 161     top1:  31.201  top5:   8.604
	
=> Training epoch # 162	
 * Finished epoch # 162     top1:  31.299  top5:   9.092
	
=> Training epoch # 163	
 * Finished epoch # 163     top1:  31.602  top5:   8.965
	
=> Training epoch # 164	
 * Finished epoch # 164     top1:  31.377  top5:   8.926
	
=> Training epoch # 165	
 * Finished epoch # 165     top1:  31.357  top5:   8.691
	
=> Training epoch # 166	
 * Finished epoch # 166     top1:  31.768  top5:   9.033
	
=> Training epoch # 167	
 * Finished epoch # 167     top1:  31.719  top5:   8.711
	
=> Training epoch # 168	
 * Finished epoch # 168     top1:  31.445  top5:   8.584
	
=> Training epoch # 169	
 * Finished epoch # 169     top1:  31.406  top5:   8.867
	
=> Training epoch # 170	
 * Finished epoch # 170     top1:  32.002  top5:   9.160
	
=> Training epoch # 171	
 * Finished epoch # 171     top1:  30.977  top5:   8.672
	
=> Training epoch # 172	
 * Finished epoch # 172     top1:  31.484  top5:   8.916
	
=> Training epoch # 173	
 * Finished epoch # 173     top1:  32.520  top5:   8.711
	
=> Training epoch # 174	
 * Finished epoch # 174     top1:  31.904  top5:   9.111
	
=> Training epoch # 175	
 * Finished epoch # 175     top1:  31.758  top5:   9.072
	
=> Training epoch # 176	
 * Finished epoch # 176     top1:  31.719  top5:   9.014
	
=> Training epoch # 177	
 * Finished epoch # 177     top1:  31.689  top5:   8.799
	
=> Training epoch # 178	
 * Finished epoch # 178     top1:  32.266  top5:   9.219
	
=> Training epoch # 179	
 * Finished epoch # 179     top1:  31.641  top5:   9.082
	
=> Training epoch # 180	
 * Finished epoch # 180     top1:  31.650  top5:   9.150
	
=> Training epoch # 181	
 * Finished epoch # 181     top1:  32.246  top5:   9.170
	
=> Training epoch # 182	
 * Finished epoch # 182     top1:  31.904  top5:   9.385
	
=> Training epoch # 183	
 * Finished epoch # 183     top1:  31.709  top5:   9.062
	
=> Training epoch # 184	
 * Finished epoch # 184     top1:  31.738  top5:   9.131
	
=> Training epoch # 185	
 * Finished epoch # 185     top1:  31.641  top5:   9.062
	
=> Training epoch # 186	
 * Finished epoch # 186     top1:  32.080  top5:   8.887
	
=> Training epoch # 187	
 * Finished epoch # 187     top1:  32.070  top5:   8.906
	
=> Training epoch # 188	
 * Finished epoch # 188     top1:  31.318  top5:   8.994
	
=> Training epoch # 189	
 * Finished epoch # 189     top1:  32.549  top5:   9.229
	
=> Training epoch # 190	
 * Finished epoch # 190     top1:  32.041  top5:   8.936
	
=> Training epoch # 191	
 * Finished epoch # 191     top1:  32.119  top5:   9.570
	
=> Training epoch # 192	
 * Finished epoch # 192     top1:  32.266  top5:   9.014
	
=> Training epoch # 193	
 * Finished epoch # 193     top1:  32.178  top5:   8.818
	
=> Training epoch # 194	
 * Finished epoch # 194     top1:  32.646  top5:   9.170
	
=> Training epoch # 195	
 * Finished epoch # 195     top1:  31.924  top5:   8.604
	
=> Training epoch # 196	
 * Finished epoch # 196     top1:  32.373  top5:   9.062
	
=> Training epoch # 197	
 * Finished epoch # 197     top1:  32.500  top5:   9.404
	
=> Training epoch # 198	
 * Finished epoch # 198     top1:  32.051  top5:   9.121
	
=> Training epoch # 199	
 * Finished epoch # 199     top1:  32.285  top5:   9.111
	
=> Training epoch # 200	
 * Finished epoch # 200     top1:  32.422  top5:   9.150
	
 * Finished top1: 30.146  top5:  8.193	
