{
  cudnn : "fastest"
  LR : 0.1
  nThreads : 2
  nClasses : 0
  batchSize : 256
  testOnly : false
  netType : "resnet-bn-pelu"
  resetClassifier : false
  shortcutType : "A"
  gen : "gen"
  nGPU : 1
  depth : 110
  weightDecay : 0.001
  data : ""
  dataset : "cifar10"
  epochNumber : 1
  manualSeed : 2
  resume : "results/results-bn-pelu-div-mul/try4/cifar10/110"
  optimState : "none"
  nEpochs : 200
  tenCrop : false
  shareGradInput : false
  backend : "cudnn"
  momentum : 0.9
  retrain : "none"
}
=> Creating model from file: models/resnet-bn-pelu.lua	
 | ResNet-110 CIFAR-10	
nn.Sequential {
  [input -> (1) -> (2) -> (3) -> (4) -> (5) -> (6) -> (7) -> (8) -> (9) -> (10) -> (11) -> output]
  (1): cudnn.SpatialConvolution(3 -> 16, 3x3, 1,1, 1,1) without bias
  (2): nn.SpatialBatchNormalization (4D) (16)
  (3): nn.Sequential {
    [input -> (1) -> (2) -> (3) -> output]
    (1): nn.ConstrainedDiv
    (2): nn.ELU (alpha:1.000000)
    (3): nn.ConstrainedMul
  }
  (4): nn.Sequential {
    [input -> (1) -> (2) -> (3) -> (4) -> (5) -> (6) -> (7) -> (8) -> (9) -> (10) -> (11) -> (12) -> (13) -> (14) -> (15) -> (16) -> (17) -> (18) -> output]
    (1): nn.Sequential {
      [input -> (1) -> (2) -> output]
      (1): nn.ConcatTable {
        input
          |`-> (1): nn.Sequential {
          |      [input -> (1) -> (2) -> (3) -> (4) -> (5) -> output]
          |      (1): cudnn.SpatialConvolution(16 -> 16, 3x3, 1,1, 1,1) without bias
          |      (2): nn.SpatialBatchNormalization (4D) (16)
          |      (3): nn.Sequential {
          |        [input -> (1) -> (2) -> (3) -> output]
          |        (1): nn.ConstrainedDiv
          |        (2): nn.ELU (alpha:1.000000)
          |        (3): nn.ConstrainedMul
          |      }
          |      (4): cudnn.SpatialConvolution(16 -> 16, 3x3, 1,1, 1,1) without bias
          |      (5): nn.SpatialBatchNormalization (4D) (16)
          |    }
           `-> (2): nn.Identity
           ... -> output
      }
      (2): nn.CAddTable
    }
    (2): nn.Sequential {
      [input -> (1) -> (2) -> output]
      (1): nn.ConcatTable {
        input
          |`-> (1): nn.Sequential {
          |      [input -> (1) -> (2) -> (3) -> (4) -> (5) -> output]
          |      (1): cudnn.SpatialConvolution(16 -> 16, 3x3, 1,1, 1,1) without bias
          |      (2): nn.SpatialBatchNormalization (4D) (16)
          |      (3): nn.Sequential {
          |        [input -> (1) -> (2) -> (3) -> output]
          |        (1): nn.ConstrainedDiv
          |        (2): nn.ELU (alpha:1.000000)
          |        (3): nn.ConstrainedMul
          |      }
          |      (4): cudnn.SpatialConvolution(16 -> 16, 3x3, 1,1, 1,1) without bias
          |      (5): nn.SpatialBatchNormalization (4D) (16)
          |    }
           `-> (2): nn.Identity
           ... -> output
      }
      (2): nn.CAddTable
    }
    (3): nn.Sequential {
      [input -> (1) -> (2) -> output]
      (1): nn.ConcatTable {
        input
          |`-> (1): nn.Sequential {
          |      [input -> (1) -> (2) -> (3) -> (4) -> (5) -> output]
          |      (1): cudnn.SpatialConvolution(16 -> 16, 3x3, 1,1, 1,1) without bias
          |      (2): nn.SpatialBatchNormalization (4D) (16)
          |      (3): nn.Sequential {
          |        [input -> (1) -> (2) -> (3) -> output]
          |        (1): nn.ConstrainedDiv
          |        (2): nn.ELU (alpha:1.000000)
          |        (3): nn.ConstrainedMul
          |      }
          |      (4): cudnn.SpatialConvolution(16 -> 16, 3x3, 1,1, 1,1) without bias
          |      (5): nn.SpatialBatchNormalization (4D) (16)
          |    }
           `-> (2): nn.Identity
           ... -> output
      }
      (2): nn.CAddTable
    }
    (4): nn.Sequential {
      [input -> (1) -> (2) -> output]
      (1): nn.ConcatTable {
        input
          |`-> (1): nn.Sequential {
          |      [input -> (1) -> (2) -> (3) -> (4) -> (5) -> output]
          |      (1): cudnn.SpatialConvolution(16 -> 16, 3x3, 1,1, 1,1) without bias
          |      (2): nn.SpatialBatchNormalization (4D) (16)
          |      (3): nn.Sequential {
          |        [input -> (1) -> (2) -> (3) -> output]
          |        (1): nn.ConstrainedDiv
          |        (2): nn.ELU (alpha:1.000000)
          |        (3): nn.ConstrainedMul
          |      }
          |      (4): cudnn.SpatialConvolution(16 -> 16, 3x3, 1,1, 1,1) without bias
          |      (5): nn.SpatialBatchNormalization (4D) (16)
          |    }
           `-> (2): nn.Identity
           ... -> output
      }
      (2): nn.CAddTable
    }
    (5): nn.Sequential {
      [input -> (1) -> (2) -> output]
      (1): nn.ConcatTable {
        input
          |`-> (1): nn.Sequential {
          |      [input -> (1) -> (2) -> (3) -> (4) -> (5) -> output]
          |      (1): cudnn.SpatialConvolution(16 -> 16, 3x3, 1,1, 1,1) without bias
          |      (2): nn.SpatialBatchNormalization (4D) (16)
          |      (3): nn.Sequential {
          |        [input -> (1) -> (2) -> (3) -> output]
          |        (1): nn.ConstrainedDiv
          |        (2): nn.ELU (alpha:1.000000)
          |        (3): nn.ConstrainedMul
          |      }
          |      (4): cudnn.SpatialConvolution(16 -> 16, 3x3, 1,1, 1,1) without bias
          |      (5): nn.SpatialBatchNormalization (4D) (16)
          |    }
           `-> (2): nn.Identity
           ... -> output
      }
      (2): nn.CAddTable
    }
    (6): nn.Sequential {
      [input -> (1) -> (2) -> output]
      (1): nn.ConcatTable {
        input
          |`-> (1): nn.Sequential {
          |      [input -> (1) -> (2) -> (3) -> (4) -> (5) -> output]
          |      (1): cudnn.SpatialConvolution(16 -> 16, 3x3, 1,1, 1,1) without bias
          |      (2): nn.SpatialBatchNormalization (4D) (16)
          |      (3): nn.Sequential {
          |        [input -> (1) -> (2) -> (3) -> output]
          |        (1): nn.ConstrainedDiv
          |        (2): nn.ELU (alpha:1.000000)
          |        (3): nn.ConstrainedMul
          |      }
          |      (4): cudnn.SpatialConvolution(16 -> 16, 3x3, 1,1, 1,1) without bias
          |      (5): nn.SpatialBatchNormalization (4D) (16)
          |    }
           `-> (2): nn.Identity
           ... -> output
      }
      (2): nn.CAddTable
    }
    (7): nn.Sequential {
      [input -> (1) -> (2) -> output]
      (1): nn.ConcatTable {
        input
          |`-> (1): nn.Sequential {
          |      [input -> (1) -> (2) -> (3) -> (4) -> (5) -> output]
          |      (1): cudnn.SpatialConvolution(16 -> 16, 3x3, 1,1, 1,1) without bias
          |      (2): nn.SpatialBatchNormalization (4D) (16)
          |      (3): nn.Sequential {
          |        [input -> (1) -> (2) -> (3) -> output]
          |        (1): nn.ConstrainedDiv
          |        (2): nn.ELU (alpha:1.000000)
          |        (3): nn.ConstrainedMul
          |      }
          |      (4): cudnn.SpatialConvolution(16 -> 16, 3x3, 1,1, 1,1) without bias
          |      (5): nn.SpatialBatchNormalization (4D) (16)
          |    }
           `-> (2): nn.Identity
           ... -> output
      }
      (2): nn.CAddTable
    }
    (8): nn.Sequential {
      [input -> (1) -> (2) -> output]
      (1): nn.ConcatTable {
        input
          |`-> (1): nn.Sequential {
          |      [input -> (1) -> (2) -> (3) -> (4) -> (5) -> output]
          |      (1): cudnn.SpatialConvolution(16 -> 16, 3x3, 1,1, 1,1) without bias
          |      (2): nn.SpatialBatchNormalization (4D) (16)
          |      (3): nn.Sequential {
          |        [input -> (1) -> (2) -> (3) -> output]
          |        (1): nn.ConstrainedDiv
          |        (2): nn.ELU (alpha:1.000000)
          |        (3): nn.ConstrainedMul
          |      }
          |      (4): cudnn.SpatialConvolution(16 -> 16, 3x3, 1,1, 1,1) without bias
          |      (5): nn.SpatialBatchNormalization (4D) (16)
          |    }
           `-> (2): nn.Identity
           ... -> output
      }
      (2): nn.CAddTable
    }
    (9): nn.Sequential {
      [input -> (1) -> (2) -> output]
      (1): nn.ConcatTable {
        input
          |`-> (1): nn.Sequential {
          |      [input -> (1) -> (2) -> (3) -> (4) -> (5) -> output]
          |      (1): cudnn.SpatialConvolution(16 -> 16, 3x3, 1,1, 1,1) without bias
          |      (2): nn.SpatialBatchNormalization (4D) (16)
          |      (3): nn.Sequential {
          |        [input -> (1) -> (2) -> (3) -> output]
          |        (1): nn.ConstrainedDiv
          |        (2): nn.ELU (alpha:1.000000)
          |        (3): nn.ConstrainedMul
          |      }
          |      (4): cudnn.SpatialConvolution(16 -> 16, 3x3, 1,1, 1,1) without bias
          |      (5): nn.SpatialBatchNormalization (4D) (16)
          |    }
           `-> (2): nn.Identity
           ... -> output
      }
      (2): nn.CAddTable
    }
    (10): nn.Sequential {
      [input -> (1) -> (2) -> output]
      (1): nn.ConcatTable {
        input
          |`-> (1): nn.Sequential {
          |      [input -> (1) -> (2) -> (3) -> (4) -> (5) -> output]
          |      (1): cudnn.SpatialConvolution(16 -> 16, 3x3, 1,1, 1,1) without bias
          |      (2): nn.SpatialBatchNormalization (4D) (16)
          |      (3): nn.Sequential {
          |        [input -> (1) -> (2) -> (3) -> output]
          |        (1): nn.ConstrainedDiv
          |        (2): nn.ELU (alpha:1.000000)
          |        (3): nn.ConstrainedMul
          |      }
          |      (4): cudnn.SpatialConvolution(16 -> 16, 3x3, 1,1, 1,1) without bias
          |      (5): nn.SpatialBatchNormalization (4D) (16)
          |    }
           `-> (2): nn.Identity
           ... -> output
      }
      (2): nn.CAddTable
    }
    (11): nn.Sequential {
      [input -> (1) -> (2) -> output]
      (1): nn.ConcatTable {
        input
          |`-> (1): nn.Sequential {
          |      [input -> (1) -> (2) -> (3) -> (4) -> (5) -> output]
          |      (1): cudnn.SpatialConvolution(16 -> 16, 3x3, 1,1, 1,1) without bias
          |      (2): nn.SpatialBatchNormalization (4D) (16)
          |      (3): nn.Sequential {
          |        [input -> (1) -> (2) -> (3) -> output]
          |        (1): nn.ConstrainedDiv
          |        (2): nn.ELU (alpha:1.000000)
          |        (3): nn.ConstrainedMul
          |      }
          |      (4): cudnn.SpatialConvolution(16 -> 16, 3x3, 1,1, 1,1) without bias
          |      (5): nn.SpatialBatchNormalization (4D) (16)
          |    }
           `-> (2): nn.Identity
           ... -> output
      }
      (2): nn.CAddTable
    }
    (12): nn.Sequential {
      [input -> (1) -> (2) -> output]
      (1): nn.ConcatTable {
        input
          |`-> (1): nn.Sequential {
          |      [input -> (1) -> (2) -> (3) -> (4) -> (5) -> output]
          |      (1): cudnn.SpatialConvolution(16 -> 16, 3x3, 1,1, 1,1) without bias
          |      (2): nn.SpatialBatchNormalization (4D) (16)
          |      (3): nn.Sequential {
          |        [input -> (1) -> (2) -> (3) -> output]
          |        (1): nn.ConstrainedDiv
          |        (2): nn.ELU (alpha:1.000000)
          |        (3): nn.ConstrainedMul
          |      }
          |      (4): cudnn.SpatialConvolution(16 -> 16, 3x3, 1,1, 1,1) without bias
          |      (5): nn.SpatialBatchNormalization (4D) (16)
          |    }
           `-> (2): nn.Identity
           ... -> output
      }
      (2): nn.CAddTable
    }
    (13): nn.Sequential {
      [input -> (1) -> (2) -> output]
      (1): nn.ConcatTable {
        input
          |`-> (1): nn.Sequential {
          |      [input -> (1) -> (2) -> (3) -> (4) -> (5) -> output]
          |      (1): cudnn.SpatialConvolution(16 -> 16, 3x3, 1,1, 1,1) without bias
          |      (2): nn.SpatialBatchNormalization (4D) (16)
          |      (3): nn.Sequential {
          |        [input -> (1) -> (2) -> (3) -> output]
          |        (1): nn.ConstrainedDiv
          |        (2): nn.ELU (alpha:1.000000)
          |        (3): nn.ConstrainedMul
          |      }
          |      (4): cudnn.SpatialConvolution(16 -> 16, 3x3, 1,1, 1,1) without bias
          |      (5): nn.SpatialBatchNormalization (4D) (16)
          |    }
           `-> (2): nn.Identity
           ... -> output
      }
      (2): nn.CAddTable
    }
    (14): nn.Sequential {
      [input -> (1) -> (2) -> output]
      (1): nn.ConcatTable {
        input
          |`-> (1): nn.Sequential {
          |      [input -> (1) -> (2) -> (3) -> (4) -> (5) -> output]
          |      (1): cudnn.SpatialConvolution(16 -> 16, 3x3, 1,1, 1,1) without bias
          |      (2): nn.SpatialBatchNormalization (4D) (16)
          |      (3): nn.Sequential {
          |        [input -> (1) -> (2) -> (3) -> output]
          |        (1): nn.ConstrainedDiv
          |        (2): nn.ELU (alpha:1.000000)
          |        (3): nn.ConstrainedMul
          |      }
          |      (4): cudnn.SpatialConvolution(16 -> 16, 3x3, 1,1, 1,1) without bias
          |      (5): nn.SpatialBatchNormalization (4D) (16)
          |    }
           `-> (2): nn.Identity
           ... -> output
      }
      (2): nn.CAddTable
    }
    (15): nn.Sequential {
      [input -> (1) -> (2) -> output]
      (1): nn.ConcatTable {
        input
          |`-> (1): nn.Sequential {
          |      [input -> (1) -> (2) -> (3) -> (4) -> (5) -> output]
          |      (1): cudnn.SpatialConvolution(16 -> 16, 3x3, 1,1, 1,1) without bias
          |      (2): nn.SpatialBatchNormalization (4D) (16)
          |      (3): nn.Sequential {
          |        [input -> (1) -> (2) -> (3) -> output]
          |        (1): nn.ConstrainedDiv
          |        (2): nn.ELU (alpha:1.000000)
          |        (3): nn.ConstrainedMul
          |      }
          |      (4): cudnn.SpatialConvolution(16 -> 16, 3x3, 1,1, 1,1) without bias
          |      (5): nn.SpatialBatchNormalization (4D) (16)
          |    }
           `-> (2): nn.Identity
           ... -> output
      }
      (2): nn.CAddTable
    }
    (16): nn.Sequential {
      [input -> (1) -> (2) -> output]
      (1): nn.ConcatTable {
        input
          |`-> (1): nn.Sequential {
          |      [input -> (1) -> (2) -> (3) -> (4) -> (5) -> output]
          |      (1): cudnn.SpatialConvolution(16 -> 16, 3x3, 1,1, 1,1) without bias
          |      (2): nn.SpatialBatchNormalization (4D) (16)
          |      (3): nn.Sequential {
          |        [input -> (1) -> (2) -> (3) -> output]
          |        (1): nn.ConstrainedDiv
          |        (2): nn.ELU (alpha:1.000000)
          |        (3): nn.ConstrainedMul
          |      }
          |      (4): cudnn.SpatialConvolution(16 -> 16, 3x3, 1,1, 1,1) without bias
          |      (5): nn.SpatialBatchNormalization (4D) (16)
          |    }
           `-> (2): nn.Identity
           ... -> output
      }
      (2): nn.CAddTable
    }
    (17): nn.Sequential {
      [input -> (1) -> (2) -> output]
      (1): nn.ConcatTable {
        input
          |`-> (1): nn.Sequential {
          |      [input -> (1) -> (2) -> (3) -> (4) -> (5) -> output]
          |      (1): cudnn.SpatialConvolution(16 -> 16, 3x3, 1,1, 1,1) without bias
          |      (2): nn.SpatialBatchNormalization (4D) (16)
          |      (3): nn.Sequential {
          |        [input -> (1) -> (2) -> (3) -> output]
          |        (1): nn.ConstrainedDiv
          |        (2): nn.ELU (alpha:1.000000)
          |        (3): nn.ConstrainedMul
          |      }
          |      (4): cudnn.SpatialConvolution(16 -> 16, 3x3, 1,1, 1,1) without bias
          |      (5): nn.SpatialBatchNormalization (4D) (16)
          |    }
           `-> (2): nn.Identity
           ... -> output
      }
      (2): nn.CAddTable
    }
    (18): nn.Sequential {
      [input -> (1) -> (2) -> output]
      (1): nn.ConcatTable {
        input
          |`-> (1): nn.Sequential {
          |      [input -> (1) -> (2) -> (3) -> (4) -> (5) -> output]
          |      (1): cudnn.SpatialConvolution(16 -> 16, 3x3, 1,1, 1,1) without bias
          |      (2): nn.SpatialBatchNormalization (4D) (16)
          |      (3): nn.Sequential {
          |        [input -> (1) -> (2) -> (3) -> output]
          |        (1): nn.ConstrainedDiv
          |        (2): nn.ELU (alpha:1.000000)
          |        (3): nn.ConstrainedMul
          |      }
          |      (4): cudnn.SpatialConvolution(16 -> 16, 3x3, 1,1, 1,1) without bias
          |      (5): nn.SpatialBatchNormalization (4D) (16)
          |    }
           `-> (2): nn.Identity
           ... -> output
      }
      (2): nn.CAddTable
    }
  }
  (5): nn.Sequential {
    [input -> (1) -> (2) -> (3) -> (4) -> (5) -> (6) -> (7) -> (8) -> (9) -> (10) -> (11) -> (12) -> (13) -> (14) -> (15) -> (16) -> (17) -> (18) -> output]
    (1): nn.Sequential {
      [input -> (1) -> (2) -> output]
      (1): nn.ConcatTable {
        input
          |`-> (1): nn.Sequential {
          |      [input -> (1) -> (2) -> (3) -> (4) -> (5) -> output]
          |      (1): cudnn.SpatialConvolution(16 -> 32, 3x3, 2,2, 1,1) without bias
          |      (2): nn.SpatialBatchNormalization (4D) (32)
          |      (3): nn.Sequential {
          |        [input -> (1) -> (2) -> (3) -> output]
          |        (1): nn.ConstrainedDiv
          |        (2): nn.ELU (alpha:1.000000)
          |        (3): nn.ConstrainedMul
          |      }
          |      (4): cudnn.SpatialConvolution(32 -> 32, 3x3, 1,1, 1,1) without bias
          |      (5): nn.SpatialBatchNormalization (4D) (32)
          |    }
           `-> (2): nn.Sequential {
                 [input -> (1) -> (2) -> output]
                 (1): nn.SpatialAveragePooling(1x1, 2,2)
                 (2): nn.Concat {
                   input
                     |`-> (1): nn.Identity
                      `-> (2): nn.MulConstant
                      ... -> output
                 }
               }
           ... -> output
      }
      (2): nn.CAddTable
    }
    (2): nn.Sequential {
      [input -> (1) -> (2) -> output]
      (1): nn.ConcatTable {
        input
          |`-> (1): nn.Sequential {
          |      [input -> (1) -> (2) -> (3) -> (4) -> (5) -> output]
          |      (1): cudnn.SpatialConvolution(32 -> 32, 3x3, 1,1, 1,1) without bias
          |      (2): nn.SpatialBatchNormalization (4D) (32)
          |      (3): nn.Sequential {
          |        [input -> (1) -> (2) -> (3) -> output]
          |        (1): nn.ConstrainedDiv
          |        (2): nn.ELU (alpha:1.000000)
          |        (3): nn.ConstrainedMul
          |      }
          |      (4): cudnn.SpatialConvolution(32 -> 32, 3x3, 1,1, 1,1) without bias
          |      (5): nn.SpatialBatchNormalization (4D) (32)
          |    }
           `-> (2): nn.Identity
           ... -> output
      }
      (2): nn.CAddTable
    }
    (3): nn.Sequential {
      [input -> (1) -> (2) -> output]
      (1): nn.ConcatTable {
        input
          |`-> (1): nn.Sequential {
          |      [input -> (1) -> (2) -> (3) -> (4) -> (5) -> output]
          |      (1): cudnn.SpatialConvolution(32 -> 32, 3x3, 1,1, 1,1) without bias
          |      (2): nn.SpatialBatchNormalization (4D) (32)
          |      (3): nn.Sequential {
          |        [input -> (1) -> (2) -> (3) -> output]
          |        (1): nn.ConstrainedDiv
          |        (2): nn.ELU (alpha:1.000000)
          |        (3): nn.ConstrainedMul
          |      }
          |      (4): cudnn.SpatialConvolution(32 -> 32, 3x3, 1,1, 1,1) without bias
          |      (5): nn.SpatialBatchNormalization (4D) (32)
          |    }
           `-> (2): nn.Identity
           ... -> output
      }
      (2): nn.CAddTable
    }
    (4): nn.Sequential {
      [input -> (1) -> (2) -> output]
      (1): nn.ConcatTable {
        input
          |`-> (1): nn.Sequential {
          |      [input -> (1) -> (2) -> (3) -> (4) -> (5) -> output]
          |      (1): cudnn.SpatialConvolution(32 -> 32, 3x3, 1,1, 1,1) without bias
          |      (2): nn.SpatialBatchNormalization (4D) (32)
          |      (3): nn.Sequential {
          |        [input -> (1) -> (2) -> (3) -> output]
          |        (1): nn.ConstrainedDiv
          |        (2): nn.ELU (alpha:1.000000)
          |        (3): nn.ConstrainedMul
          |      }
          |      (4): cudnn.SpatialConvolution(32 -> 32, 3x3, 1,1, 1,1) without bias
          |      (5): nn.SpatialBatchNormalization (4D) (32)
          |    }
           `-> (2): nn.Identity
           ... -> output
      }
      (2): nn.CAddTable
    }
    (5): nn.Sequential {
      [input -> (1) -> (2) -> output]
      (1): nn.ConcatTable {
        input
          |`-> (1): nn.Sequential {
          |      [input -> (1) -> (2) -> (3) -> (4) -> (5) -> output]
          |      (1): cudnn.SpatialConvolution(32 -> 32, 3x3, 1,1, 1,1) without bias
          |      (2): nn.SpatialBatchNormalization (4D) (32)
          |      (3): nn.Sequential {
          |        [input -> (1) -> (2) -> (3) -> output]
          |        (1): nn.ConstrainedDiv
          |        (2): nn.ELU (alpha:1.000000)
          |        (3): nn.ConstrainedMul
          |      }
          |      (4): cudnn.SpatialConvolution(32 -> 32, 3x3, 1,1, 1,1) without bias
          |      (5): nn.SpatialBatchNormalization (4D) (32)
          |    }
           `-> (2): nn.Identity
           ... -> output
      }
      (2): nn.CAddTable
    }
    (6): nn.Sequential {
      [input -> (1) -> (2) -> output]
      (1): nn.ConcatTable {
        input
          |`-> (1): nn.Sequential {
          |      [input -> (1) -> (2) -> (3) -> (4) -> (5) -> output]
          |      (1): cudnn.SpatialConvolution(32 -> 32, 3x3, 1,1, 1,1) without bias
          |      (2): nn.SpatialBatchNormalization (4D) (32)
          |      (3): nn.Sequential {
          |        [input -> (1) -> (2) -> (3) -> output]
          |        (1): nn.ConstrainedDiv
          |        (2): nn.ELU (alpha:1.000000)
          |        (3): nn.ConstrainedMul
          |      }
          |      (4): cudnn.SpatialConvolution(32 -> 32, 3x3, 1,1, 1,1) without bias
          |      (5): nn.SpatialBatchNormalization (4D) (32)
          |    }
           `-> (2): nn.Identity
           ... -> output
      }
      (2): nn.CAddTable
    }
    (7): nn.Sequential {
      [input -> (1) -> (2) -> output]
      (1): nn.ConcatTable {
        input
          |`-> (1): nn.Sequential {
          |      [input -> (1) -> (2) -> (3) -> (4) -> (5) -> output]
          |      (1): cudnn.SpatialConvolution(32 -> 32, 3x3, 1,1, 1,1) without bias
          |      (2): nn.SpatialBatchNormalization (4D) (32)
          |      (3): nn.Sequential {
          |        [input -> (1) -> (2) -> (3) -> output]
          |        (1): nn.ConstrainedDiv
          |        (2): nn.ELU (alpha:1.000000)
          |        (3): nn.ConstrainedMul
          |      }
          |      (4): cudnn.SpatialConvolution(32 -> 32, 3x3, 1,1, 1,1) without bias
          |      (5): nn.SpatialBatchNormalization (4D) (32)
          |    }
           `-> (2): nn.Identity
           ... -> output
      }
      (2): nn.CAddTable
    }
    (8): nn.Sequential {
      [input -> (1) -> (2) -> output]
      (1): nn.ConcatTable {
        input
          |`-> (1): nn.Sequential {
          |      [input -> (1) -> (2) -> (3) -> (4) -> (5) -> output]
          |      (1): cudnn.SpatialConvolution(32 -> 32, 3x3, 1,1, 1,1) without bias
          |      (2): nn.SpatialBatchNormalization (4D) (32)
          |      (3): nn.Sequential {
          |        [input -> (1) -> (2) -> (3) -> output]
          |        (1): nn.ConstrainedDiv
          |        (2): nn.ELU (alpha:1.000000)
          |        (3): nn.ConstrainedMul
          |      }
          |      (4): cudnn.SpatialConvolution(32 -> 32, 3x3, 1,1, 1,1) without bias
          |      (5): nn.SpatialBatchNormalization (4D) (32)
          |    }
           `-> (2): nn.Identity
           ... -> output
      }
      (2): nn.CAddTable
    }
    (9): nn.Sequential {
      [input -> (1) -> (2) -> output]
      (1): nn.ConcatTable {
        input
          |`-> (1): nn.Sequential {
          |      [input -> (1) -> (2) -> (3) -> (4) -> (5) -> output]
          |      (1): cudnn.SpatialConvolution(32 -> 32, 3x3, 1,1, 1,1) without bias
          |      (2): nn.SpatialBatchNormalization (4D) (32)
          |      (3): nn.Sequential {
          |        [input -> (1) -> (2) -> (3) -> output]
          |        (1): nn.ConstrainedDiv
          |        (2): nn.ELU (alpha:1.000000)
          |        (3): nn.ConstrainedMul
          |      }
          |      (4): cudnn.SpatialConvolution(32 -> 32, 3x3, 1,1, 1,1) without bias
          |      (5): nn.SpatialBatchNormalization (4D) (32)
          |    }
           `-> (2): nn.Identity
           ... -> output
      }
      (2): nn.CAddTable
    }
    (10): nn.Sequential {
      [input -> (1) -> (2) -> output]
      (1): nn.ConcatTable {
        input
          |`-> (1): nn.Sequential {
          |      [input -> (1) -> (2) -> (3) -> (4) -> (5) -> output]
          |      (1): cudnn.SpatialConvolution(32 -> 32, 3x3, 1,1, 1,1) without bias
          |      (2): nn.SpatialBatchNormalization (4D) (32)
          |      (3): nn.Sequential {
          |        [input -> (1) -> (2) -> (3) -> output]
          |        (1): nn.ConstrainedDiv
          |        (2): nn.ELU (alpha:1.000000)
          |        (3): nn.ConstrainedMul
          |      }
          |      (4): cudnn.SpatialConvolution(32 -> 32, 3x3, 1,1, 1,1) without bias
          |      (5): nn.SpatialBatchNormalization (4D) (32)
          |    }
           `-> (2): nn.Identity
           ... -> output
      }
      (2): nn.CAddTable
    }
    (11): nn.Sequential {
      [input -> (1) -> (2) -> output]
      (1): nn.ConcatTable {
        input
          |`-> (1): nn.Sequential {
          |      [input -> (1) -> (2) -> (3) -> (4) -> (5) -> output]
          |      (1): cudnn.SpatialConvolution(32 -> 32, 3x3, 1,1, 1,1) without bias
          |      (2): nn.SpatialBatchNormalization (4D) (32)
          |      (3): nn.Sequential {
          |        [input -> (1) -> (2) -> (3) -> output]
          |        (1): nn.ConstrainedDiv
          |        (2): nn.ELU (alpha:1.000000)
          |        (3): nn.ConstrainedMul
          |      }
          |      (4): cudnn.SpatialConvolution(32 -> 32, 3x3, 1,1, 1,1) without bias
          |      (5): nn.SpatialBatchNormalization (4D) (32)
          |    }
           `-> (2): nn.Identity
           ... -> output
      }
      (2): nn.CAddTable
    }
    (12): nn.Sequential {
      [input -> (1) -> (2) -> output]
      (1): nn.ConcatTable {
        input
          |`-> (1): nn.Sequential {
          |      [input -> (1) -> (2) -> (3) -> (4) -> (5) -> output]
          |      (1): cudnn.SpatialConvolution(32 -> 32, 3x3, 1,1, 1,1) without bias
          |      (2): nn.SpatialBatchNormalization (4D) (32)
          |      (3): nn.Sequential {
          |        [input -> (1) -> (2) -> (3) -> output]
          |        (1): nn.ConstrainedDiv
          |        (2): nn.ELU (alpha:1.000000)
          |        (3): nn.ConstrainedMul
          |      }
          |      (4): cudnn.SpatialConvolution(32 -> 32, 3x3, 1,1, 1,1) without bias
          |      (5): nn.SpatialBatchNormalization (4D) (32)
          |    }
           `-> (2): nn.Identity
           ... -> output
      }
      (2): nn.CAddTable
    }
    (13): nn.Sequential {
      [input -> (1) -> (2) -> output]
      (1): nn.ConcatTable {
        input
          |`-> (1): nn.Sequential {
          |      [input -> (1) -> (2) -> (3) -> (4) -> (5) -> output]
          |      (1): cudnn.SpatialConvolution(32 -> 32, 3x3, 1,1, 1,1) without bias
          |      (2): nn.SpatialBatchNormalization (4D) (32)
          |      (3): nn.Sequential {
          |        [input -> (1) -> (2) -> (3) -> output]
          |        (1): nn.ConstrainedDiv
          |        (2): nn.ELU (alpha:1.000000)
          |        (3): nn.ConstrainedMul
          |      }
          |      (4): cudnn.SpatialConvolution(32 -> 32, 3x3, 1,1, 1,1) without bias
          |      (5): nn.SpatialBatchNormalization (4D) (32)
          |    }
           `-> (2): nn.Identity
           ... -> output
      }
      (2): nn.CAddTable
    }
    (14): nn.Sequential {
      [input -> (1) -> (2) -> output]
      (1): nn.ConcatTable {
        input
          |`-> (1): nn.Sequential {
          |      [input -> (1) -> (2) -> (3) -> (4) -> (5) -> output]
          |      (1): cudnn.SpatialConvolution(32 -> 32, 3x3, 1,1, 1,1) without bias
          |      (2): nn.SpatialBatchNormalization (4D) (32)
          |      (3): nn.Sequential {
          |        [input -> (1) -> (2) -> (3) -> output]
          |        (1): nn.ConstrainedDiv
          |        (2): nn.ELU (alpha:1.000000)
          |        (3): nn.ConstrainedMul
          |      }
          |      (4): cudnn.SpatialConvolution(32 -> 32, 3x3, 1,1, 1,1) without bias
          |      (5): nn.SpatialBatchNormalization (4D) (32)
          |    }
           `-> (2): nn.Identity
           ... -> output
      }
      (2): nn.CAddTable
    }
    (15): nn.Sequential {
      [input -> (1) -> (2) -> output]
      (1): nn.ConcatTable {
        input
          |`-> (1): nn.Sequential {
          |      [input -> (1) -> (2) -> (3) -> (4) -> (5) -> output]
          |      (1): cudnn.SpatialConvolution(32 -> 32, 3x3, 1,1, 1,1) without bias
          |      (2): nn.SpatialBatchNormalization (4D) (32)
          |      (3): nn.Sequential {
          |        [input -> (1) -> (2) -> (3) -> output]
          |        (1): nn.ConstrainedDiv
          |        (2): nn.ELU (alpha:1.000000)
          |        (3): nn.ConstrainedMul
          |      }
          |      (4): cudnn.SpatialConvolution(32 -> 32, 3x3, 1,1, 1,1) without bias
          |      (5): nn.SpatialBatchNormalization (4D) (32)
          |    }
           `-> (2): nn.Identity
           ... -> output
      }
      (2): nn.CAddTable
    }
    (16): nn.Sequential {
      [input -> (1) -> (2) -> output]
      (1): nn.ConcatTable {
        input
          |`-> (1): nn.Sequential {
          |      [input -> (1) -> (2) -> (3) -> (4) -> (5) -> output]
          |      (1): cudnn.SpatialConvolution(32 -> 32, 3x3, 1,1, 1,1) without bias
          |      (2): nn.SpatialBatchNormalization (4D) (32)
          |      (3): nn.Sequential {
          |        [input -> (1) -> (2) -> (3) -> output]
          |        (1): nn.ConstrainedDiv
          |        (2): nn.ELU (alpha:1.000000)
          |        (3): nn.ConstrainedMul
          |      }
          |      (4): cudnn.SpatialConvolution(32 -> 32, 3x3, 1,1, 1,1) without bias
          |      (5): nn.SpatialBatchNormalization (4D) (32)
          |    }
           `-> (2): nn.Identity
           ... -> output
      }
      (2): nn.CAddTable
    }
    (17): nn.Sequential {
      [input -> (1) -> (2) -> output]
      (1): nn.ConcatTable {
        input
          |`-> (1): nn.Sequential {
          |      [input -> (1) -> (2) -> (3) -> (4) -> (5) -> output]
          |      (1): cudnn.SpatialConvolution(32 -> 32, 3x3, 1,1, 1,1) without bias
          |      (2): nn.SpatialBatchNormalization (4D) (32)
          |      (3): nn.Sequential {
          |        [input -> (1) -> (2) -> (3) -> output]
          |        (1): nn.ConstrainedDiv
          |        (2): nn.ELU (alpha:1.000000)
          |        (3): nn.ConstrainedMul
          |      }
          |      (4): cudnn.SpatialConvolution(32 -> 32, 3x3, 1,1, 1,1) without bias
          |      (5): nn.SpatialBatchNormalization (4D) (32)
          |    }
           `-> (2): nn.Identity
           ... -> output
      }
      (2): nn.CAddTable
    }
    (18): nn.Sequential {
      [input -> (1) -> (2) -> output]
      (1): nn.ConcatTable {
        input
          |`-> (1): nn.Sequential {
          |      [input -> (1) -> (2) -> (3) -> (4) -> (5) -> output]
          |      (1): cudnn.SpatialConvolution(32 -> 32, 3x3, 1,1, 1,1) without bias
          |      (2): nn.SpatialBatchNormalization (4D) (32)
          |      (3): nn.Sequential {
          |        [input -> (1) -> (2) -> (3) -> output]
          |        (1): nn.ConstrainedDiv
          |        (2): nn.ELU (alpha:1.000000)
          |        (3): nn.ConstrainedMul
          |      }
          |      (4): cudnn.SpatialConvolution(32 -> 32, 3x3, 1,1, 1,1) without bias
          |      (5): nn.SpatialBatchNormalization (4D) (32)
          |    }
           `-> (2): nn.Identity
           ... -> output
      }
      (2): nn.CAddTable
    }
  }
  (6): nn.Sequential {
    [input -> (1) -> (2) -> (3) -> (4) -> (5) -> (6) -> (7) -> (8) -> (9) -> (10) -> (11) -> (12) -> (13) -> (14) -> (15) -> (16) -> (17) -> (18) -> output]
    (1): nn.Sequential {
      [input -> (1) -> (2) -> output]
      (1): nn.ConcatTable {
        input
          |`-> (1): nn.Sequential {
          |      [input -> (1) -> (2) -> (3) -> (4) -> (5) -> output]
          |      (1): cudnn.SpatialConvolution(32 -> 64, 3x3, 2,2, 1,1) without bias
          |      (2): nn.SpatialBatchNormalization (4D) (64)
          |      (3): nn.Sequential {
          |        [input -> (1) -> (2) -> (3) -> output]
          |        (1): nn.ConstrainedDiv
          |        (2): nn.ELU (alpha:1.000000)
          |        (3): nn.ConstrainedMul
          |      }
          |      (4): cudnn.SpatialConvolution(64 -> 64, 3x3, 1,1, 1,1) without bias
          |      (5): nn.SpatialBatchNormalization (4D) (64)
          |    }
           `-> (2): nn.Sequential {
                 [input -> (1) -> (2) -> output]
                 (1): nn.SpatialAveragePooling(1x1, 2,2)
                 (2): nn.Concat {
                   input
                     |`-> (1): nn.Identity
                      `-> (2): nn.MulConstant
                      ... -> output
                 }
               }
           ... -> output
      }
      (2): nn.CAddTable
    }
    (2): nn.Sequential {
      [input -> (1) -> (2) -> output]
      (1): nn.ConcatTable {
        input
          |`-> (1): nn.Sequential {
          |      [input -> (1) -> (2) -> (3) -> (4) -> (5) -> output]
          |      (1): cudnn.SpatialConvolution(64 -> 64, 3x3, 1,1, 1,1) without bias
          |      (2): nn.SpatialBatchNormalization (4D) (64)
          |      (3): nn.Sequential {
          |        [input -> (1) -> (2) -> (3) -> output]
          |        (1): nn.ConstrainedDiv
          |        (2): nn.ELU (alpha:1.000000)
          |        (3): nn.ConstrainedMul
          |      }
          |      (4): cudnn.SpatialConvolution(64 -> 64, 3x3, 1,1, 1,1) without bias
          |      (5): nn.SpatialBatchNormalization (4D) (64)
          |    }
           `-> (2): nn.Identity
           ... -> output
      }
      (2): nn.CAddTable
    }
    (3): nn.Sequential {
      [input -> (1) -> (2) -> output]
      (1): nn.ConcatTable {
        input
          |`-> (1): nn.Sequential {
          |      [input -> (1) -> (2) -> (3) -> (4) -> (5) -> output]
          |      (1): cudnn.SpatialConvolution(64 -> 64, 3x3, 1,1, 1,1) without bias
          |      (2): nn.SpatialBatchNormalization (4D) (64)
          |      (3): nn.Sequential {
          |        [input -> (1) -> (2) -> (3) -> output]
          |        (1): nn.ConstrainedDiv
          |        (2): nn.ELU (alpha:1.000000)
          |        (3): nn.ConstrainedMul
          |      }
          |      (4): cudnn.SpatialConvolution(64 -> 64, 3x3, 1,1, 1,1) without bias
          |      (5): nn.SpatialBatchNormalization (4D) (64)
          |    }
           `-> (2): nn.Identity
           ... -> output
      }
      (2): nn.CAddTable
    }
    (4): nn.Sequential {
      [input -> (1) -> (2) -> output]
      (1): nn.ConcatTable {
        input
          |`-> (1): nn.Sequential {
          |      [input -> (1) -> (2) -> (3) -> (4) -> (5) -> output]
          |      (1): cudnn.SpatialConvolution(64 -> 64, 3x3, 1,1, 1,1) without bias
          |      (2): nn.SpatialBatchNormalization (4D) (64)
          |      (3): nn.Sequential {
          |        [input -> (1) -> (2) -> (3) -> output]
          |        (1): nn.ConstrainedDiv
          |        (2): nn.ELU (alpha:1.000000)
          |        (3): nn.ConstrainedMul
          |      }
          |      (4): cudnn.SpatialConvolution(64 -> 64, 3x3, 1,1, 1,1) without bias
          |      (5): nn.SpatialBatchNormalization (4D) (64)
          |    }
           `-> (2): nn.Identity
           ... -> output
      }
      (2): nn.CAddTable
    }
    (5): nn.Sequential {
      [input -> (1) -> (2) -> output]
      (1): nn.ConcatTable {
        input
          |`-> (1): nn.Sequential {
          |      [input -> (1) -> (2) -> (3) -> (4) -> (5) -> output]
          |      (1): cudnn.SpatialConvolution(64 -> 64, 3x3, 1,1, 1,1) without bias
          |      (2): nn.SpatialBatchNormalization (4D) (64)
          |      (3): nn.Sequential {
          |        [input -> (1) -> (2) -> (3) -> output]
          |        (1): nn.ConstrainedDiv
          |        (2): nn.ELU (alpha:1.000000)
          |        (3): nn.ConstrainedMul
          |      }
          |      (4): cudnn.SpatialConvolution(64 -> 64, 3x3, 1,1, 1,1) without bias
          |      (5): nn.SpatialBatchNormalization (4D) (64)
          |    }
           `-> (2): nn.Identity
           ... -> output
      }
      (2): nn.CAddTable
    }
    (6): nn.Sequential {
      [input -> (1) -> (2) -> output]
      (1): nn.ConcatTable {
        input
          |`-> (1): nn.Sequential {
          |      [input -> (1) -> (2) -> (3) -> (4) -> (5) -> output]
          |      (1): cudnn.SpatialConvolution(64 -> 64, 3x3, 1,1, 1,1) without bias
          |      (2): nn.SpatialBatchNormalization (4D) (64)
          |      (3): nn.Sequential {
          |        [input -> (1) -> (2) -> (3) -> output]
          |        (1): nn.ConstrainedDiv
          |        (2): nn.ELU (alpha:1.000000)
          |        (3): nn.ConstrainedMul
          |      }
          |      (4): cudnn.SpatialConvolution(64 -> 64, 3x3, 1,1, 1,1) without bias
          |      (5): nn.SpatialBatchNormalization (4D) (64)
          |    }
           `-> (2): nn.Identity
           ... -> output
      }
      (2): nn.CAddTable
    }
    (7): nn.Sequential {
      [input -> (1) -> (2) -> output]
      (1): nn.ConcatTable {
        input
          |`-> (1): nn.Sequential {
          |      [input -> (1) -> (2) -> (3) -> (4) -> (5) -> output]
          |      (1): cudnn.SpatialConvolution(64 -> 64, 3x3, 1,1, 1,1) without bias
          |      (2): nn.SpatialBatchNormalization (4D) (64)
          |      (3): nn.Sequential {
          |        [input -> (1) -> (2) -> (3) -> output]
          |        (1): nn.ConstrainedDiv
          |        (2): nn.ELU (alpha:1.000000)
          |        (3): nn.ConstrainedMul
          |      }
          |      (4): cudnn.SpatialConvolution(64 -> 64, 3x3, 1,1, 1,1) without bias
          |      (5): nn.SpatialBatchNormalization (4D) (64)
          |    }
           `-> (2): nn.Identity
           ... -> output
      }
      (2): nn.CAddTable
    }
    (8): nn.Sequential {
      [input -> (1) -> (2) -> output]
      (1): nn.ConcatTable {
        input
          |`-> (1): nn.Sequential {
          |      [input -> (1) -> (2) -> (3) -> (4) -> (5) -> output]
          |      (1): cudnn.SpatialConvolution(64 -> 64, 3x3, 1,1, 1,1) without bias
          |      (2): nn.SpatialBatchNormalization (4D) (64)
          |      (3): nn.Sequential {
          |        [input -> (1) -> (2) -> (3) -> output]
          |        (1): nn.ConstrainedDiv
          |        (2): nn.ELU (alpha:1.000000)
          |        (3): nn.ConstrainedMul
          |      }
          |      (4): cudnn.SpatialConvolution(64 -> 64, 3x3, 1,1, 1,1) without bias
          |      (5): nn.SpatialBatchNormalization (4D) (64)
          |    }
           `-> (2): nn.Identity
           ... -> output
      }
      (2): nn.CAddTable
    }
    (9): nn.Sequential {
      [input -> (1) -> (2) -> output]
      (1): nn.ConcatTable {
        input
          |`-> (1): nn.Sequential {
          |      [input -> (1) -> (2) -> (3) -> (4) -> (5) -> output]
          |      (1): cudnn.SpatialConvolution(64 -> 64, 3x3, 1,1, 1,1) without bias
          |      (2): nn.SpatialBatchNormalization (4D) (64)
          |      (3): nn.Sequential {
          |        [input -> (1) -> (2) -> (3) -> output]
          |        (1): nn.ConstrainedDiv
          |        (2): nn.ELU (alpha:1.000000)
          |        (3): nn.ConstrainedMul
          |      }
          |      (4): cudnn.SpatialConvolution(64 -> 64, 3x3, 1,1, 1,1) without bias
          |      (5): nn.SpatialBatchNormalization (4D) (64)
          |    }
           `-> (2): nn.Identity
           ... -> output
      }
      (2): nn.CAddTable
    }
    (10): nn.Sequential {
      [input -> (1) -> (2) -> output]
      (1): nn.ConcatTable {
        input
          |`-> (1): nn.Sequential {
          |      [input -> (1) -> (2) -> (3) -> (4) -> (5) -> output]
          |      (1): cudnn.SpatialConvolution(64 -> 64, 3x3, 1,1, 1,1) without bias
          |      (2): nn.SpatialBatchNormalization (4D) (64)
          |      (3): nn.Sequential {
          |        [input -> (1) -> (2) -> (3) -> output]
          |        (1): nn.ConstrainedDiv
          |        (2): nn.ELU (alpha:1.000000)
          |        (3): nn.ConstrainedMul
          |      }
          |      (4): cudnn.SpatialConvolution(64 -> 64, 3x3, 1,1, 1,1) without bias
          |      (5): nn.SpatialBatchNormalization (4D) (64)
          |    }
           `-> (2): nn.Identity
           ... -> output
      }
      (2): nn.CAddTable
    }
    (11): nn.Sequential {
      [input -> (1) -> (2) -> output]
      (1): nn.ConcatTable {
        input
          |`-> (1): nn.Sequential {
          |      [input -> (1) -> (2) -> (3) -> (4) -> (5) -> output]
          |      (1): cudnn.SpatialConvolution(64 -> 64, 3x3, 1,1, 1,1) without bias
          |      (2): nn.SpatialBatchNormalization (4D) (64)
          |      (3): nn.Sequential {
          |        [input -> (1) -> (2) -> (3) -> output]
          |        (1): nn.ConstrainedDiv
          |        (2): nn.ELU (alpha:1.000000)
          |        (3): nn.ConstrainedMul
          |      }
          |      (4): cudnn.SpatialConvolution(64 -> 64, 3x3, 1,1, 1,1) without bias
          |      (5): nn.SpatialBatchNormalization (4D) (64)
          |    }
           `-> (2): nn.Identity
           ... -> output
      }
      (2): nn.CAddTable
    }
    (12): nn.Sequential {
      [input -> (1) -> (2) -> output]
      (1): nn.ConcatTable {
        input
          |`-> (1): nn.Sequential {
          |      [input -> (1) -> (2) -> (3) -> (4) -> (5) -> output]
          |      (1): cudnn.SpatialConvolution(64 -> 64, 3x3, 1,1, 1,1) without bias
          |      (2): nn.SpatialBatchNormalization (4D) (64)
          |      (3): nn.Sequential {
          |        [input -> (1) -> (2) -> (3) -> output]
          |        (1): nn.ConstrainedDiv
          |        (2): nn.ELU (alpha:1.000000)
          |        (3): nn.ConstrainedMul
          |      }
          |      (4): cudnn.SpatialConvolution(64 -> 64, 3x3, 1,1, 1,1) without bias
          |      (5): nn.SpatialBatchNormalization (4D) (64)
          |    }
           `-> (2): nn.Identity
           ... -> output
      }
      (2): nn.CAddTable
    }
    (13): nn.Sequential {
      [input -> (1) -> (2) -> output]
      (1): nn.ConcatTable {
        input
          |`-> (1): nn.Sequential {
          |      [input -> (1) -> (2) -> (3) -> (4) -> (5) -> output]
          |      (1): cudnn.SpatialConvolution(64 -> 64, 3x3, 1,1, 1,1) without bias
          |      (2): nn.SpatialBatchNormalization (4D) (64)
          |      (3): nn.Sequential {
          |        [input -> (1) -> (2) -> (3) -> output]
          |        (1): nn.ConstrainedDiv
          |        (2): nn.ELU (alpha:1.000000)
          |        (3): nn.ConstrainedMul
          |      }
          |      (4): cudnn.SpatialConvolution(64 -> 64, 3x3, 1,1, 1,1) without bias
          |      (5): nn.SpatialBatchNormalization (4D) (64)
          |    }
           `-> (2): nn.Identity
           ... -> output
      }
      (2): nn.CAddTable
    }
    (14): nn.Sequential {
      [input -> (1) -> (2) -> output]
      (1): nn.ConcatTable {
        input
          |`-> (1): nn.Sequential {
          |      [input -> (1) -> (2) -> (3) -> (4) -> (5) -> output]
          |      (1): cudnn.SpatialConvolution(64 -> 64, 3x3, 1,1, 1,1) without bias
          |      (2): nn.SpatialBatchNormalization (4D) (64)
          |      (3): nn.Sequential {
          |        [input -> (1) -> (2) -> (3) -> output]
          |        (1): nn.ConstrainedDiv
          |        (2): nn.ELU (alpha:1.000000)
          |        (3): nn.ConstrainedMul
          |      }
          |      (4): cudnn.SpatialConvolution(64 -> 64, 3x3, 1,1, 1,1) without bias
          |      (5): nn.SpatialBatchNormalization (4D) (64)
          |    }
           `-> (2): nn.Identity
           ... -> output
      }
      (2): nn.CAddTable
    }
    (15): nn.Sequential {
      [input -> (1) -> (2) -> output]
      (1): nn.ConcatTable {
        input
          |`-> (1): nn.Sequential {
          |      [input -> (1) -> (2) -> (3) -> (4) -> (5) -> output]
          |      (1): cudnn.SpatialConvolution(64 -> 64, 3x3, 1,1, 1,1) without bias
          |      (2): nn.SpatialBatchNormalization (4D) (64)
          |      (3): nn.Sequential {
          |        [input -> (1) -> (2) -> (3) -> output]
          |        (1): nn.ConstrainedDiv
          |        (2): nn.ELU (alpha:1.000000)
          |        (3): nn.ConstrainedMul
          |      }
          |      (4): cudnn.SpatialConvolution(64 -> 64, 3x3, 1,1, 1,1) without bias
          |      (5): nn.SpatialBatchNormalization (4D) (64)
          |    }
           `-> (2): nn.Identity
           ... -> output
      }
      (2): nn.CAddTable
    }
    (16): nn.Sequential {
      [input -> (1) -> (2) -> output]
      (1): nn.ConcatTable {
        input
          |`-> (1): nn.Sequential {
          |      [input -> (1) -> (2) -> (3) -> (4) -> (5) -> output]
          |      (1): cudnn.SpatialConvolution(64 -> 64, 3x3, 1,1, 1,1) without bias
          |      (2): nn.SpatialBatchNormalization (4D) (64)
          |      (3): nn.Sequential {
          |        [input -> (1) -> (2) -> (3) -> output]
          |        (1): nn.ConstrainedDiv
          |        (2): nn.ELU (alpha:1.000000)
          |        (3): nn.ConstrainedMul
          |      }
          |      (4): cudnn.SpatialConvolution(64 -> 64, 3x3, 1,1, 1,1) without bias
          |      (5): nn.SpatialBatchNormalization (4D) (64)
          |    }
           `-> (2): nn.Identity
           ... -> output
      }
      (2): nn.CAddTable
    }
    (17): nn.Sequential {
      [input -> (1) -> (2) -> output]
      (1): nn.ConcatTable {
        input
          |`-> (1): nn.Sequential {
          |      [input -> (1) -> (2) -> (3) -> (4) -> (5) -> output]
          |      (1): cudnn.SpatialConvolution(64 -> 64, 3x3, 1,1, 1,1) without bias
          |      (2): nn.SpatialBatchNormalization (4D) (64)
          |      (3): nn.Sequential {
          |        [input -> (1) -> (2) -> (3) -> output]
          |        (1): nn.ConstrainedDiv
          |        (2): nn.ELU (alpha:1.000000)
          |        (3): nn.ConstrainedMul
          |      }
          |      (4): cudnn.SpatialConvolution(64 -> 64, 3x3, 1,1, 1,1) without bias
          |      (5): nn.SpatialBatchNormalization (4D) (64)
          |    }
           `-> (2): nn.Identity
           ... -> output
      }
      (2): nn.CAddTable
    }
    (18): nn.Sequential {
      [input -> (1) -> (2) -> output]
      (1): nn.ConcatTable {
        input
          |`-> (1): nn.Sequential {
          |      [input -> (1) -> (2) -> (3) -> (4) -> (5) -> output]
          |      (1): cudnn.SpatialConvolution(64 -> 64, 3x3, 1,1, 1,1) without bias
          |      (2): nn.SpatialBatchNormalization (4D) (64)
          |      (3): nn.Sequential {
          |        [input -> (1) -> (2) -> (3) -> output]
          |        (1): nn.ConstrainedDiv
          |        (2): nn.ELU (alpha:1.000000)
          |        (3): nn.ConstrainedMul
          |      }
          |      (4): cudnn.SpatialConvolution(64 -> 64, 3x3, 1,1, 1,1) without bias
          |      (5): nn.SpatialBatchNormalization (4D) (64)
          |    }
           `-> (2): nn.Identity
           ... -> output
      }
      (2): nn.CAddTable
    }
  }
  (7): nn.SpatialBatchNormalization (4D) (64)
  (8): nn.Sequential {
    [input -> (1) -> (2) -> (3) -> output]
    (1): nn.ConstrainedDiv
    (2): nn.ELU (alpha:1.000000)
    (3): nn.ConstrainedMul
  }
  (9): cudnn.SpatialAveragePooling(8x8, 1,1)
  (10): nn.View(64)
  (11): nn.Linear(64 -> 10)
}
=> Training epoch # 1	
 * Finished epoch # 1     top1:  53.438  top5:   6.592
	
 * Best model 	53.4375	6.591796875	
=> Training epoch # 2	
 * Finished epoch # 2     top1:  45.400  top5:   5.518
	
 * Best model 	45.400390625	5.517578125	
=> Training epoch # 3	
 * Finished epoch # 3     top1:  34.307  top5:   2.852
	
 * Best model 	34.306640625	2.8515625	
=> Training epoch # 4	
 * Finished epoch # 4     top1:  32.178  top5:   2.754
	
 * Best model 	32.177734375	2.75390625	
=> Training epoch # 5	
 * Finished epoch # 5     top1:  48.418  top5:   5.410
	
=> Training epoch # 6	
 * Finished epoch # 6     top1:  25.918  top5:   1.602
	
 * Best model 	25.91796875	1.6015625	
=> Training epoch # 7	
 * Finished epoch # 7     top1:  33.828  top5:   3.076
	
=> Training epoch # 8	
 * Finished epoch # 8     top1:  22.520  top5:   1.406
	
 * Best model 	22.51953125	1.40625	
=> Training epoch # 9	
 * Finished epoch # 9     top1:  31.719  top5:   1.621
	
=> Training epoch # 10	
 * Finished epoch # 10     top1:  38.955  top5:   3.232
	
=> Training epoch # 11	
 * Finished epoch # 11     top1:  26.865  top5:   1.377
	
=> Training epoch # 12	
 * Finished epoch # 12     top1:  23.125  top5:   1.318
	
=> Training epoch # 13	
 * Finished epoch # 13     top1:  25.557  top5:   1.055
	
=> Training epoch # 14	
 * Finished epoch # 14     top1:  24.131  top5:   1.875
	
=> Training epoch # 15	
 * Finished epoch # 15     top1:  27.910  top5:   2.588
	
=> Training epoch # 16	
 * Finished epoch # 16     top1:  23.174  top5:   1.709
	
=> Training epoch # 17	
 * Finished epoch # 17     top1:  19.219  top5:   0.801
	
 * Best model 	19.21875	0.80078125	
=> Training epoch # 18	
 * Finished epoch # 18     top1:  23.398  top5:   1.006
	
=> Training epoch # 19	
 * Finished epoch # 19     top1:  23.799  top5:   1.582
	
=> Training epoch # 20	
 * Finished epoch # 20     top1:  22.266  top5:   1.113
	
=> Training epoch # 21	
 * Finished epoch # 21     top1:  22.275  top5:   1.104
	
=> Training epoch # 22	
 * Finished epoch # 22     top1:  28.457  top5:   2.197
	
=> Training epoch # 23	
 * Finished epoch # 23     top1:  17.441  top5:   0.859
	
 * Best model 	17.44140625	0.859375	
=> Training epoch # 24	
 * Finished epoch # 24     top1:  25.068  top5:   1.709
	
=> Training epoch # 25	
 * Finished epoch # 25     top1:  23.232  top5:   1.475
	
=> Training epoch # 26	
 * Finished epoch # 26     top1:  23.350  top5:   0.957
	
=> Training epoch # 27	
 * Finished epoch # 27     top1:  27.852  top5:   1.777
	
=> Training epoch # 28	
 * Finished epoch # 28     top1:  18.496  top5:   1.084
	
=> Training epoch # 29	
 * Finished epoch # 29     top1:  27.402  top5:   2.188
	
=> Training epoch # 30	
 * Finished epoch # 30     top1:  21.660  top5:   1.143
	
=> Training epoch # 31	
 * Finished epoch # 31     top1:  32.305  top5:   4.111
	
=> Training epoch # 32	
 * Finished epoch # 32     top1:  20.898  top5:   1.289
	
=> Training epoch # 33	
 * Finished epoch # 33     top1:  21.318  top5:   1.494
	
=> Training epoch # 34	
 * Finished epoch # 34     top1:  24.385  top5:   1.494
	
=> Training epoch # 35	
 * Finished epoch # 35     top1:  20.059  top5:   1.328
	
=> Training epoch # 36	
 * Finished epoch # 36     top1:  30.586  top5:   2.451
	
=> Training epoch # 37	
 * Finished epoch # 37     top1:  24.600  top5:   1.338
	
=> Training epoch # 38	
 * Finished epoch # 38     top1:  21.514  top5:   1.240
	
=> Training epoch # 39	
 * Finished epoch # 39     top1:  18.799  top5:   1.006
	
=> Training epoch # 40	
 * Finished epoch # 40     top1:  26.719  top5:   2.051
	
=> Training epoch # 41	
 * Finished epoch # 41     top1:  20.078  top5:   0.898
	
=> Training epoch # 42	
 * Finished epoch # 42     top1:  19.092  top5:   1.211
	
=> Training epoch # 43	
 * Finished epoch # 43     top1:  19.385  top5:   0.762
	
=> Training epoch # 44	
 * Finished epoch # 44     top1:  25.254  top5:   1.406
	
=> Training epoch # 45	
 * Finished epoch # 45     top1:  29.072  top5:   3.711
	
=> Training epoch # 46	
 * Finished epoch # 46     top1:  25.986  top5:   1.328
	
=> Training epoch # 47	
 * Finished epoch # 47     top1:  17.412  top5:   0.967
	
 * Best model 	17.412109375	0.966796875	
=> Training epoch # 48	
 * Finished epoch # 48     top1:  18.730  top5:   0.957
	
=> Training epoch # 49	
 * Finished epoch # 49     top1:  22.012  top5:   1.523
	
=> Training epoch # 50	
 * Finished epoch # 50     top1:  24.795  top5:   2.139
	
=> Training epoch # 51	
 * Finished epoch # 51     top1:  22.305  top5:   0.986
	
=> Training epoch # 52	
 * Finished epoch # 52     top1:  20.684  top5:   1.348
	
=> Training epoch # 53	
 * Finished epoch # 53     top1:  20.322  top5:   0.830
	
=> Training epoch # 54	
 * Finished epoch # 54     top1:  20.352  top5:   1.289
	
=> Training epoch # 55	
 * Finished epoch # 55     top1:  19.922  top5:   1.084
	
=> Training epoch # 56	
 * Finished epoch # 56     top1:  27.461  top5:   2.471
	
=> Training epoch # 57	
 * Finished epoch # 57     top1:  21.104  top5:   1.250
	
=> Training epoch # 58	
 * Finished epoch # 58     top1:  21.055  top5:   1.074
	
=> Training epoch # 59	
 * Finished epoch # 59     top1:  21.270  top5:   1.182
	
=> Training epoch # 60	
 * Finished epoch # 60     top1:  24.795  top5:   1.758
	
=> Training epoch # 61	
 * Finished epoch # 61     top1:  23.467  top5:   1.006
	
=> Training epoch # 62	
 * Finished epoch # 62     top1:  26.221  top5:   1.973
	
=> Training epoch # 63	
 * Finished epoch # 63     top1:  27.090  top5:   1.289
	
=> Training epoch # 64	
 * Finished epoch # 64     top1:  19.463  top5:   1.494
	
=> Training epoch # 65	
 * Finished epoch # 65     top1:  27.998  top5:   2.002
	
=> Training epoch # 66	
 * Finished epoch # 66     top1:  25.752  top5:   1.279
	
=> Training epoch # 67	
 * Finished epoch # 67     top1:  19.404  top5:   1.289
	
=> Training epoch # 68	
 * Finished epoch # 68     top1:  18.701  top5:   0.967
	
=> Training epoch # 69	
 * Finished epoch # 69     top1:  19.541  top5:   1.084
	
=> Training epoch # 70	
 * Finished epoch # 70     top1:  18.076  top5:   0.869
	
=> Training epoch # 71	
 * Finished epoch # 71     top1:  18.965  top5:   1.104
	
=> Training epoch # 72	
 * Finished epoch # 72     top1:  21.465  top5:   0.879
	
=> Training epoch # 73	
 * Finished epoch # 73     top1:  18.525  top5:   0.713
	
=> Training epoch # 74	
 * Finished epoch # 74     top1:  21.816  top5:   1.562
	
=> Training epoch # 75	
 * Finished epoch # 75     top1:  22.051  top5:   1.641
	
=> Training epoch # 76	
 * Finished epoch # 76     top1:  21.729  top5:   0.957
	
=> Training epoch # 77	
 * Finished epoch # 77     top1:  27.100  top5:   1.836
	
=> Training epoch # 78	
 * Finished epoch # 78     top1:  18.252  top5:   0.967
	
=> Training epoch # 79	
 * Finished epoch # 79     top1:  20.449  top5:   1.328
	
=> Training epoch # 80	
 * Finished epoch # 80     top1:  17.070  top5:   1.240
	
 * Best model 	17.0703125	1.240234375	
=> Training epoch # 81	
 * Finished epoch # 81     top1:   8.867  top5:   0.205
	
 * Best model 	8.8671875	0.205078125	
=> Training epoch # 82	
 * Finished epoch # 82     top1:   8.125  top5:   0.137
	
 * Best model 	8.125	0.13671875	
=> Training epoch # 83	
 * Finished epoch # 83     top1:   7.588  top5:   0.146
	
 * Best model 	7.587890625	0.146484375	
=> Training epoch # 84	
 * Finished epoch # 84     top1:   7.568  top5:   0.127
	
 * Best model 	7.568359375	0.126953125	
=> Training epoch # 85	
 * Finished epoch # 85     top1:   7.881  top5:   0.176
	
=> Training epoch # 86	
 * Finished epoch # 86     top1:   7.373  top5:   0.107
	
 * Best model 	7.373046875	0.107421875	
=> Training epoch # 87	
 * Finished epoch # 87     top1:   7.070  top5:   0.146
	
 * Best model 	7.0703125	0.146484375	
=> Training epoch # 88	
 * Finished epoch # 88     top1:   7.881  top5:   0.156
	
=> Training epoch # 89	
 * Finished epoch # 89     top1:   7.861  top5:   0.195
	
=> Training epoch # 90	
 * Finished epoch # 90     top1:   7.236  top5:   0.127
	
=> Training epoch # 91	
 * Finished epoch # 91     top1:   7.324  top5:   0.156
	
=> Training epoch # 92	
 * Finished epoch # 92     top1:   7.910  top5:   0.156
	
=> Training epoch # 93	
 * Finished epoch # 93     top1:   7.744  top5:   0.137
	
=> Training epoch # 94	
 * Finished epoch # 94     top1:   8.047  top5:   0.146
	
=> Training epoch # 95	
 * Finished epoch # 95     top1:   8.174  top5:   0.264
	
=> Training epoch # 96	
 * Finished epoch # 96     top1:   8.174  top5:   0.400
	
=> Training epoch # 97	
 * Finished epoch # 97     top1:   8.799  top5:   0.225
	
=> Training epoch # 98	
 * Finished epoch # 98     top1:   8.232  top5:   0.205
	
=> Training epoch # 99	
 * Finished epoch # 99     top1:   7.891  top5:   0.205
	
=> Training epoch # 100	
 * Finished epoch # 100     top1:   8.398  top5:   0.195
	
=> Training epoch # 101	
 * Finished epoch # 101     top1:   8.281  top5:   0.225
	
=> Training epoch # 102	
 * Finished epoch # 102     top1:   9.014  top5:   0.273
	
=> Training epoch # 103	
 * Finished epoch # 103     top1:   9.277  top5:   0.283
	
=> Training epoch # 104	
 * Finished epoch # 104     top1:   8.682  top5:   0.215
	
=> Training epoch # 105	
 * Finished epoch # 105     top1:   8.301  top5:   0.205
	
=> Training epoch # 106	
 * Finished epoch # 106     top1:   9.189  top5:   0.420
	
=> Training epoch # 107	
 * Finished epoch # 107     top1:   9.961  top5:   0.508
	
=> Training epoch # 108	
 * Finished epoch # 108     top1:   9.082  top5:   0.361
	
=> Training epoch # 109	
 * Finished epoch # 109     top1:   9.482  top5:   0.186
	
=> Training epoch # 110	
 * Finished epoch # 110     top1:   8.516  top5:   0.293
	
=> Training epoch # 111	
 * Finished epoch # 111     top1:   8.535  top5:   0.254
	
=> Training epoch # 112	
 * Finished epoch # 112     top1:  10.049  top5:   0.205
	
=> Training epoch # 113	
 * Finished epoch # 113     top1:  10.195  top5:   0.361
	
=> Training epoch # 114	
 * Finished epoch # 114     top1:   9.873  top5:   0.254
	
=> Training epoch # 115	
 * Finished epoch # 115     top1:   8.604  top5:   0.195
	
=> Training epoch # 116	
 * Finished epoch # 116     top1:  10.332  top5:   0.312
	
=> Training epoch # 117	
 * Finished epoch # 117     top1:   8.721  top5:   0.312
	
=> Training epoch # 118	
 * Finished epoch # 118     top1:   9.219  top5:   0.244
	
=> Training epoch # 119	
 * Finished epoch # 119     top1:   7.979  top5:   0.293
	
=> Training epoch # 120	
 * Finished epoch # 120     top1:   9.912  top5:   0.498
	
=> Training epoch # 121	
 * Finished epoch # 121     top1:   9.824  top5:   0.215
	
=> Training epoch # 122	
 * Finished epoch # 122     top1:   6.787  top5:   0.254
	
 * Best model 	6.787109375	0.25390625	
=> Training epoch # 123	
 * Finished epoch # 123     top1:   6.797  top5:   0.254
	
=> Training epoch # 124	
 * Finished epoch # 124     top1:   6.729  top5:   0.117
	
 * Best model 	6.728515625	0.1171875	
=> Training epoch # 125	
 * Finished epoch # 125     top1:   6.475  top5:   0.117
	
 * Best model 	6.474609375	0.1171875	
=> Training epoch # 126	
 * Finished epoch # 126     top1:   6.221  top5:   0.117
	
 * Best model 	6.220703125	0.1171875	
=> Training epoch # 127	
 * Finished epoch # 127     top1:   6.113  top5:   0.117
	
 * Best model 	6.11328125	0.1171875	
=> Training epoch # 128	
 * Finished epoch # 128     top1:   6.318  top5:   0.137
	
=> Training epoch # 129	
 * Finished epoch # 129     top1:   5.850  top5:   0.137
	
 * Best model 	5.849609375	0.13671875	
=> Training epoch # 130	
 * Finished epoch # 130     top1:   6.133  top5:   0.127
	
=> Training epoch # 131	
 * Finished epoch # 131     top1:   6.260  top5:   0.146
	
=> Training epoch # 132	
 * Finished epoch # 132     top1:   6.152  top5:   0.137
	
=> Training epoch # 133	
 * Finished epoch # 133     top1:   6.133  top5:   0.127
	
=> Training epoch # 134	
 * Finished epoch # 134     top1:   6.338  top5:   0.137
	
=> Training epoch # 135	
 * Finished epoch # 135     top1:   6.426  top5:   0.156
	
=> Training epoch # 136	
 * Finished epoch # 136     top1:   6.426  top5:   0.117
	
=> Training epoch # 137	
 * Finished epoch # 137     top1:   6.172  top5:   0.127
	
=> Training epoch # 138	
 * Finished epoch # 138     top1:   6.260  top5:   0.146
	
=> Training epoch # 139	
 * Finished epoch # 139     top1:   5.996  top5:   0.156
	
=> Training epoch # 140	
 * Finished epoch # 140     top1:   6.289  top5:   0.146
	
=> Training epoch # 141	
 * Finished epoch # 141     top1:   6.504  top5:   0.127
	
=> Training epoch # 142	
 * Finished epoch # 142     top1:   6.094  top5:   0.137
	
=> Training epoch # 143	
 * Finished epoch # 143     top1:   6.016  top5:   0.146
	
=> Training epoch # 144	
 * Finished epoch # 144     top1:   6.025  top5:   0.098
	
=> Training epoch # 145	
 * Finished epoch # 145     top1:   6.455  top5:   0.137
	
=> Training epoch # 146	
 * Finished epoch # 146     top1:   6.230  top5:   0.146
	
=> Training epoch # 147	
 * Finished epoch # 147     top1:   6.338  top5:   0.146
	
=> Training epoch # 148	
 * Finished epoch # 148     top1:   6.035  top5:   0.156
	
=> Training epoch # 149	
 * Finished epoch # 149     top1:   6.357  top5:   0.156
	
=> Training epoch # 150	
 * Finished epoch # 150     top1:   6.240  top5:   0.146
	
=> Training epoch # 151	
 * Finished epoch # 151     top1:   6.045  top5:   0.156
	
=> Training epoch # 152	
 * Finished epoch # 152     top1:   6.523  top5:   0.146
	
=> Training epoch # 153	
 * Finished epoch # 153     top1:   6.338  top5:   0.312
	
=> Training epoch # 154	
 * Finished epoch # 154     top1:   6.104  top5:   0.146
	
=> Training epoch # 155	
 * Finished epoch # 155     top1:   6.172  top5:   0.156
	
=> Training epoch # 156	
 * Finished epoch # 156     top1:   5.938  top5:   0.137
	
=> Training epoch # 157	
 * Finished epoch # 157     top1:   6.289  top5:   0.146
	
=> Training epoch # 158	
 * Finished epoch # 158     top1:   6.211  top5:   0.176
	
=> Training epoch # 159	
 * Finished epoch # 159     top1:   6.338  top5:   0.137
	
=> Training epoch # 160	
 * Finished epoch # 160     top1:   6.055  top5:   0.127
	
=> Training epoch # 161	
 * Finished epoch # 161     top1:   6.250  top5:   0.156
	
=> Training epoch # 162	
 * Finished epoch # 162     top1:   6.270  top5:   0.146
	
=> Training epoch # 163	
 * Finished epoch # 163     top1:   6.172  top5:   0.156
	
=> Training epoch # 164	
 * Finished epoch # 164     top1:   6.035  top5:   0.166
	
=> Training epoch # 165	
 * Finished epoch # 165     top1:   6.094  top5:   0.166
	
=> Training epoch # 166	
 * Finished epoch # 166     top1:   6.133  top5:   0.137
	
=> Training epoch # 167	
 * Finished epoch # 167     top1:   6.270  top5:   0.322
	
=> Training epoch # 168	
 * Finished epoch # 168     top1:   6.221  top5:   0.156
	
=> Training epoch # 169	
 * Finished epoch # 169     top1:   6.191  top5:   0.166
	
=> Training epoch # 170	
 * Finished epoch # 170     top1:   6.182  top5:   0.156
	
=> Training epoch # 171	
 * Finished epoch # 171     top1:   5.996  top5:   0.146
	
=> Training epoch # 172	
 * Finished epoch # 172     top1:   6.562  top5:   0.156
	
=> Training epoch # 173	
 * Finished epoch # 173     top1:   6.230  top5:   0.156
	
=> Training epoch # 174	
 * Finished epoch # 174     top1:   6.270  top5:   0.146
	
=> Training epoch # 175	
 * Finished epoch # 175     top1:   6.143  top5:   0.176
	
=> Training epoch # 176	
 * Finished epoch # 176     top1:   6.318  top5:   0.176
	
=> Training epoch # 177	
 * Finished epoch # 177     top1:   6.104  top5:   0.195
	
=> Training epoch # 178	
 * Finished epoch # 178     top1:   6.338  top5:   0.195
	
=> Training epoch # 179	
 * Finished epoch # 179     top1:   6.426  top5:   0.166
	
=> Training epoch # 180	
 * Finished epoch # 180     top1:   6.387  top5:   0.352
	
=> Training epoch # 181	
 * Finished epoch # 181     top1:   6.240  top5:   0.195
	
=> Training epoch # 182	
 * Finished epoch # 182     top1:   6.064  top5:   0.166
	
=> Training epoch # 183	
 * Finished epoch # 183     top1:   6.094  top5:   0.166
	
=> Training epoch # 184	
 * Finished epoch # 184     top1:   6.299  top5:   0.195
	
=> Training epoch # 185	
 * Finished epoch # 185     top1:   6.094  top5:   0.176
	
=> Training epoch # 186	
 * Finished epoch # 186     top1:   6.445  top5:   0.176
	
=> Training epoch # 187	
 * Finished epoch # 187     top1:   6.064  top5:   0.195
	
=> Training epoch # 188	
 * Finished epoch # 188     top1:   6.240  top5:   0.195
	
=> Training epoch # 189	
 * Finished epoch # 189     top1:   6.064  top5:   0.205
	
=> Training epoch # 190	
 * Finished epoch # 190     top1:   6.318  top5:   0.195
	
=> Training epoch # 191	
 * Finished epoch # 191     top1:   6.348  top5:   0.176
	
=> Training epoch # 192	
 * Finished epoch # 192     top1:   6.309  top5:   0.176
	
=> Training epoch # 193	
 * Finished epoch # 193     top1:   6.318  top5:   0.195
	
=> Training epoch # 194	
 * Finished epoch # 194     top1:   6.133  top5:   0.205
	
=> Training epoch # 195	
 * Finished epoch # 195     top1:   6.172  top5:   0.186
	
=> Training epoch # 196	
 * Finished epoch # 196     top1:   6.211  top5:   0.205
	
=> Training epoch # 197	
 * Finished epoch # 197     top1:   6.338  top5:   0.225
	
=> Training epoch # 198	
 * Finished epoch # 198     top1:   6.455  top5:   0.215
	
=> Training epoch # 199	
 * Finished epoch # 199     top1:   6.182  top5:   0.215
	
=> Training epoch # 200	
 * Finished epoch # 200     top1:   5.898  top5:   0.205
	
 * Finished top1:  5.850  top5:  0.137	
