{
  cudnn : "fastest"
  LR : 0.1
  nThreads : 2
  nClasses : 0
  batchSize : 256
  testOnly : false
  netType : "resnet-bn-relu"
  resetClassifier : false
  shortcutType : "A"
  gen : "gen"
  nGPU : 1
  depth : 32
  weightDecay : 0.001
  data : ""
  dataset : "cifar100"
  epochNumber : 1
  manualSeed : 2
  resume : "results/results-bn-relu/try2/cifar100/32"
  optimState : "none"
  nEpochs : 200
  tenCrop : false
  shareGradInput : false
  backend : "cudnn"
  momentum : 0.9
  retrain : "none"
}
=> Creating model from file: models/resnet-bn-relu.lua	
 | ResNet-32 CIFAR-100	
nn.Sequential {
  [input -> (1) -> (2) -> (3) -> (4) -> (5) -> (6) -> (7) -> (8) -> (9) -> output]
  (1): cudnn.SpatialConvolution(3 -> 16, 3x3, 1,1, 1,1) without bias
  (2): nn.Sequential {
    [input -> (1) -> (2) -> output]
    (1): nn.SpatialBatchNormalization (4D) (16)
    (2): nn.ReLU
  }
  (3): nn.Sequential {
    [input -> (1) -> (2) -> (3) -> (4) -> (5) -> output]
    (1): nn.Sequential {
      [input -> (1) -> (2) -> output]
      (1): nn.ConcatTable {
        input
          |`-> (1): nn.Sequential {
          |      [input -> (1) -> (2) -> (3) -> (4) -> output]
          |      (1): cudnn.SpatialConvolution(16 -> 16, 3x3, 1,1, 1,1) without bias
          |      (2): nn.Sequential {
          |        [input -> (1) -> (2) -> output]
          |        (1): nn.SpatialBatchNormalization (4D) (16)
          |        (2): nn.ReLU
          |      }
          |      (3): cudnn.SpatialConvolution(16 -> 16, 3x3, 1,1, 1,1) without bias
          |      (4): nn.SpatialBatchNormalization (4D) (16)
          |    }
           `-> (2): nn.Identity
           ... -> output
      }
      (2): nn.CAddTable
    }
    (2): nn.Sequential {
      [input -> (1) -> (2) -> output]
      (1): nn.ConcatTable {
        input
          |`-> (1): nn.Sequential {
          |      [input -> (1) -> (2) -> (3) -> (4) -> output]
          |      (1): cudnn.SpatialConvolution(16 -> 16, 3x3, 1,1, 1,1) without bias
          |      (2): nn.Sequential {
          |        [input -> (1) -> (2) -> output]
          |        (1): nn.SpatialBatchNormalization (4D) (16)
          |        (2): nn.ReLU
          |      }
          |      (3): cudnn.SpatialConvolution(16 -> 16, 3x3, 1,1, 1,1) without bias
          |      (4): nn.SpatialBatchNormalization (4D) (16)
          |    }
           `-> (2): nn.Identity
           ... -> output
      }
      (2): nn.CAddTable
    }
    (3): nn.Sequential {
      [input -> (1) -> (2) -> output]
      (1): nn.ConcatTable {
        input
          |`-> (1): nn.Sequential {
          |      [input -> (1) -> (2) -> (3) -> (4) -> output]
          |      (1): cudnn.SpatialConvolution(16 -> 16, 3x3, 1,1, 1,1) without bias
          |      (2): nn.Sequential {
          |        [input -> (1) -> (2) -> output]
          |        (1): nn.SpatialBatchNormalization (4D) (16)
          |        (2): nn.ReLU
          |      }
          |      (3): cudnn.SpatialConvolution(16 -> 16, 3x3, 1,1, 1,1) without bias
          |      (4): nn.SpatialBatchNormalization (4D) (16)
          |    }
           `-> (2): nn.Identity
           ... -> output
      }
      (2): nn.CAddTable
    }
    (4): nn.Sequential {
      [input -> (1) -> (2) -> output]
      (1): nn.ConcatTable {
        input
          |`-> (1): nn.Sequential {
          |      [input -> (1) -> (2) -> (3) -> (4) -> output]
          |      (1): cudnn.SpatialConvolution(16 -> 16, 3x3, 1,1, 1,1) without bias
          |      (2): nn.Sequential {
          |        [input -> (1) -> (2) -> output]
          |        (1): nn.SpatialBatchNormalization (4D) (16)
          |        (2): nn.ReLU
          |      }
          |      (3): cudnn.SpatialConvolution(16 -> 16, 3x3, 1,1, 1,1) without bias
          |      (4): nn.SpatialBatchNormalization (4D) (16)
          |    }
           `-> (2): nn.Identity
           ... -> output
      }
      (2): nn.CAddTable
    }
    (5): nn.Sequential {
      [input -> (1) -> (2) -> output]
      (1): nn.ConcatTable {
        input
          |`-> (1): nn.Sequential {
          |      [input -> (1) -> (2) -> (3) -> (4) -> output]
          |      (1): cudnn.SpatialConvolution(16 -> 16, 3x3, 1,1, 1,1) without bias
          |      (2): nn.Sequential {
          |        [input -> (1) -> (2) -> output]
          |        (1): nn.SpatialBatchNormalization (4D) (16)
          |        (2): nn.ReLU
          |      }
          |      (3): cudnn.SpatialConvolution(16 -> 16, 3x3, 1,1, 1,1) without bias
          |      (4): nn.SpatialBatchNormalization (4D) (16)
          |    }
           `-> (2): nn.Identity
           ... -> output
      }
      (2): nn.CAddTable
    }
  }
  (4): nn.Sequential {
    [input -> (1) -> (2) -> (3) -> (4) -> (5) -> output]
    (1): nn.Sequential {
      [input -> (1) -> (2) -> output]
      (1): nn.ConcatTable {
        input
          |`-> (1): nn.Sequential {
          |      [input -> (1) -> (2) -> (3) -> (4) -> output]
          |      (1): cudnn.SpatialConvolution(16 -> 32, 3x3, 2,2, 1,1) without bias
          |      (2): nn.Sequential {
          |        [input -> (1) -> (2) -> output]
          |        (1): nn.SpatialBatchNormalization (4D) (32)
          |        (2): nn.ReLU
          |      }
          |      (3): cudnn.SpatialConvolution(32 -> 32, 3x3, 1,1, 1,1) without bias
          |      (4): nn.SpatialBatchNormalization (4D) (32)
          |    }
           `-> (2): nn.Sequential {
                 [input -> (1) -> (2) -> output]
                 (1): nn.SpatialAveragePooling(1x1, 2,2)
                 (2): nn.Concat {
                   input
                     |`-> (1): nn.Identity
                      `-> (2): nn.MulConstant
                      ... -> output
                 }
               }
           ... -> output
      }
      (2): nn.CAddTable
    }
    (2): nn.Sequential {
      [input -> (1) -> (2) -> output]
      (1): nn.ConcatTable {
        input
          |`-> (1): nn.Sequential {
          |      [input -> (1) -> (2) -> (3) -> (4) -> output]
          |      (1): cudnn.SpatialConvolution(32 -> 32, 3x3, 1,1, 1,1) without bias
          |      (2): nn.Sequential {
          |        [input -> (1) -> (2) -> output]
          |        (1): nn.SpatialBatchNormalization (4D) (32)
          |        (2): nn.ReLU
          |      }
          |      (3): cudnn.SpatialConvolution(32 -> 32, 3x3, 1,1, 1,1) without bias
          |      (4): nn.SpatialBatchNormalization (4D) (32)
          |    }
           `-> (2): nn.Identity
           ... -> output
      }
      (2): nn.CAddTable
    }
    (3): nn.Sequential {
      [input -> (1) -> (2) -> output]
      (1): nn.ConcatTable {
        input
          |`-> (1): nn.Sequential {
          |      [input -> (1) -> (2) -> (3) -> (4) -> output]
          |      (1): cudnn.SpatialConvolution(32 -> 32, 3x3, 1,1, 1,1) without bias
          |      (2): nn.Sequential {
          |        [input -> (1) -> (2) -> output]
          |        (1): nn.SpatialBatchNormalization (4D) (32)
          |        (2): nn.ReLU
          |      }
          |      (3): cudnn.SpatialConvolution(32 -> 32, 3x3, 1,1, 1,1) without bias
          |      (4): nn.SpatialBatchNormalization (4D) (32)
          |    }
           `-> (2): nn.Identity
           ... -> output
      }
      (2): nn.CAddTable
    }
    (4): nn.Sequential {
      [input -> (1) -> (2) -> output]
      (1): nn.ConcatTable {
        input
          |`-> (1): nn.Sequential {
          |      [input -> (1) -> (2) -> (3) -> (4) -> output]
          |      (1): cudnn.SpatialConvolution(32 -> 32, 3x3, 1,1, 1,1) without bias
          |      (2): nn.Sequential {
          |        [input -> (1) -> (2) -> output]
          |        (1): nn.SpatialBatchNormalization (4D) (32)
          |        (2): nn.ReLU
          |      }
          |      (3): cudnn.SpatialConvolution(32 -> 32, 3x3, 1,1, 1,1) without bias
          |      (4): nn.SpatialBatchNormalization (4D) (32)
          |    }
           `-> (2): nn.Identity
           ... -> output
      }
      (2): nn.CAddTable
    }
    (5): nn.Sequential {
      [input -> (1) -> (2) -> output]
      (1): nn.ConcatTable {
        input
          |`-> (1): nn.Sequential {
          |      [input -> (1) -> (2) -> (3) -> (4) -> output]
          |      (1): cudnn.SpatialConvolution(32 -> 32, 3x3, 1,1, 1,1) without bias
          |      (2): nn.Sequential {
          |        [input -> (1) -> (2) -> output]
          |        (1): nn.SpatialBatchNormalization (4D) (32)
          |        (2): nn.ReLU
          |      }
          |      (3): cudnn.SpatialConvolution(32 -> 32, 3x3, 1,1, 1,1) without bias
          |      (4): nn.SpatialBatchNormalization (4D) (32)
          |    }
           `-> (2): nn.Identity
           ... -> output
      }
      (2): nn.CAddTable
    }
  }
  (5): nn.Sequential {
    [input -> (1) -> (2) -> (3) -> (4) -> (5) -> output]
    (1): nn.Sequential {
      [input -> (1) -> (2) -> output]
      (1): nn.ConcatTable {
        input
          |`-> (1): nn.Sequential {
          |      [input -> (1) -> (2) -> (3) -> (4) -> output]
          |      (1): cudnn.SpatialConvolution(32 -> 64, 3x3, 2,2, 1,1) without bias
          |      (2): nn.Sequential {
          |        [input -> (1) -> (2) -> output]
          |        (1): nn.SpatialBatchNormalization (4D) (64)
          |        (2): nn.ReLU
          |      }
          |      (3): cudnn.SpatialConvolution(64 -> 64, 3x3, 1,1, 1,1) without bias
          |      (4): nn.SpatialBatchNormalization (4D) (64)
          |    }
           `-> (2): nn.Sequential {
                 [input -> (1) -> (2) -> output]
                 (1): nn.SpatialAveragePooling(1x1, 2,2)
                 (2): nn.Concat {
                   input
                     |`-> (1): nn.Identity
                      `-> (2): nn.MulConstant
                      ... -> output
                 }
               }
           ... -> output
      }
      (2): nn.CAddTable
    }
    (2): nn.Sequential {
      [input -> (1) -> (2) -> output]
      (1): nn.ConcatTable {
        input
          |`-> (1): nn.Sequential {
          |      [input -> (1) -> (2) -> (3) -> (4) -> output]
          |      (1): cudnn.SpatialConvolution(64 -> 64, 3x3, 1,1, 1,1) without bias
          |      (2): nn.Sequential {
          |        [input -> (1) -> (2) -> output]
          |        (1): nn.SpatialBatchNormalization (4D) (64)
          |        (2): nn.ReLU
          |      }
          |      (3): cudnn.SpatialConvolution(64 -> 64, 3x3, 1,1, 1,1) without bias
          |      (4): nn.SpatialBatchNormalization (4D) (64)
          |    }
           `-> (2): nn.Identity
           ... -> output
      }
      (2): nn.CAddTable
    }
    (3): nn.Sequential {
      [input -> (1) -> (2) -> output]
      (1): nn.ConcatTable {
        input
          |`-> (1): nn.Sequential {
          |      [input -> (1) -> (2) -> (3) -> (4) -> output]
          |      (1): cudnn.SpatialConvolution(64 -> 64, 3x3, 1,1, 1,1) without bias
          |      (2): nn.Sequential {
          |        [input -> (1) -> (2) -> output]
          |        (1): nn.SpatialBatchNormalization (4D) (64)
          |        (2): nn.ReLU
          |      }
          |      (3): cudnn.SpatialConvolution(64 -> 64, 3x3, 1,1, 1,1) without bias
          |      (4): nn.SpatialBatchNormalization (4D) (64)
          |    }
           `-> (2): nn.Identity
           ... -> output
      }
      (2): nn.CAddTable
    }
    (4): nn.Sequential {
      [input -> (1) -> (2) -> output]
      (1): nn.ConcatTable {
        input
          |`-> (1): nn.Sequential {
          |      [input -> (1) -> (2) -> (3) -> (4) -> output]
          |      (1): cudnn.SpatialConvolution(64 -> 64, 3x3, 1,1, 1,1) without bias
          |      (2): nn.Sequential {
          |        [input -> (1) -> (2) -> output]
          |        (1): nn.SpatialBatchNormalization (4D) (64)
          |        (2): nn.ReLU
          |      }
          |      (3): cudnn.SpatialConvolution(64 -> 64, 3x3, 1,1, 1,1) without bias
          |      (4): nn.SpatialBatchNormalization (4D) (64)
          |    }
           `-> (2): nn.Identity
           ... -> output
      }
      (2): nn.CAddTable
    }
    (5): nn.Sequential {
      [input -> (1) -> (2) -> output]
      (1): nn.ConcatTable {
        input
          |`-> (1): nn.Sequential {
          |      [input -> (1) -> (2) -> (3) -> (4) -> output]
          |      (1): cudnn.SpatialConvolution(64 -> 64, 3x3, 1,1, 1,1) without bias
          |      (2): nn.Sequential {
          |        [input -> (1) -> (2) -> output]
          |        (1): nn.SpatialBatchNormalization (4D) (64)
          |        (2): nn.ReLU
          |      }
          |      (3): cudnn.SpatialConvolution(64 -> 64, 3x3, 1,1, 1,1) without bias
          |      (4): nn.SpatialBatchNormalization (4D) (64)
          |    }
           `-> (2): nn.Identity
           ... -> output
      }
      (2): nn.CAddTable
    }
  }
  (6): nn.Sequential {
    [input -> (1) -> (2) -> output]
    (1): nn.SpatialBatchNormalization (4D) (64)
    (2): nn.ReLU
  }
  (7): cudnn.SpatialAveragePooling(8x8, 1,1)
  (8): nn.View(64)
  (9): nn.Linear(64 -> 100)
}
=> Training epoch # 1	
 * Finished epoch # 1     top1:  90.352  top5:  67.676
	
 * Best model 	90.3515625	67.67578125	
=> Training epoch # 2	
 * Finished epoch # 2     top1:  85.918  top5:  59.316
	
 * Best model 	85.91796875	59.31640625	
=> Training epoch # 3	
 * Finished epoch # 3     top1:  78.945  top5:  46.523
	
 * Best model 	78.9453125	46.5234375	
=> Training epoch # 4	
 * Finished epoch # 4     top1:  75.664  top5:  43.760
	
 * Best model 	75.6640625	43.759765625	
=> Training epoch # 5	
 * Finished epoch # 5     top1:  74.688  top5:  43.057
	
 * Best model 	74.6875	43.056640625	
=> Training epoch # 6	
 * Finished epoch # 6     top1:  69.121  top5:  35.625
	
 * Best model 	69.12109375	35.625	
=> Training epoch # 7	
 * Finished epoch # 7     top1:  63.936  top5:  30.273
	
 * Best model 	63.935546875	30.2734375	
=> Training epoch # 8	
 * Finished epoch # 8     top1:  62.783  top5:  29.766
	
 * Best model 	62.783203125	29.765625	
=> Training epoch # 9	
 * Finished epoch # 9     top1:  61.465  top5:  27.402
	
 * Best model 	61.46484375	27.40234375	
=> Training epoch # 10	
 * Finished epoch # 10     top1:  62.510  top5:  29.756
	
=> Training epoch # 11	
 * Finished epoch # 11     top1:  58.564  top5:  26.162
	
 * Best model 	58.564453125	26.162109375	
=> Training epoch # 12	
 * Finished epoch # 12     top1:  60.889  top5:  27.725
	
=> Training epoch # 13	
 * Finished epoch # 13     top1:  57.656  top5:  24.648
	
 * Best model 	57.65625	24.6484375	
=> Training epoch # 14	
 * Finished epoch # 14     top1:  61.582  top5:  28.906
	
=> Training epoch # 15	
 * Finished epoch # 15     top1:  57.070  top5:  24.531
	
 * Best model 	57.0703125	24.53125	
=> Training epoch # 16	
 * Finished epoch # 16     top1:  53.770  top5:  21.875
	
 * Best model 	53.76953125	21.875	
=> Training epoch # 17	
 * Finished epoch # 17     top1:  56.230  top5:  23.291
	
=> Training epoch # 18	
 * Finished epoch # 18     top1:  60.625  top5:  29.004
	
=> Training epoch # 19	
 * Finished epoch # 19     top1:  54.541  top5:  23.105
	
=> Training epoch # 20	
 * Finished epoch # 20     top1:  60.049  top5:  26.553
	
=> Training epoch # 21	
 * Finished epoch # 21     top1:  58.818  top5:  27.539
	
=> Training epoch # 22	
 * Finished epoch # 22     top1:  55.801  top5:  25.010
	
=> Training epoch # 23	
 * Finished epoch # 23     top1:  56.650  top5:  23.545
	
=> Training epoch # 24	
 * Finished epoch # 24     top1:  58.965  top5:  26.680
	
=> Training epoch # 25	
 * Finished epoch # 25     top1:  49.766  top5:  19.141
	
 * Best model 	49.765625	19.140625	
=> Training epoch # 26	
 * Finished epoch # 26     top1:  52.588  top5:  20.938
	
=> Training epoch # 27	
 * Finished epoch # 27     top1:  51.250  top5:  20.225
	
=> Training epoch # 28	
 * Finished epoch # 28     top1:  58.311  top5:  24.980
	
=> Training epoch # 29	
 * Finished epoch # 29     top1:  54.941  top5:  22.607
	
=> Training epoch # 30	
 * Finished epoch # 30     top1:  55.322  top5:  24.580
	
=> Training epoch # 31	
 * Finished epoch # 31     top1:  51.445  top5:  19.902
	
=> Training epoch # 32	
 * Finished epoch # 32     top1:  52.061  top5:  21.221
	
=> Training epoch # 33	
 * Finished epoch # 33     top1:  54.561  top5:  23.018
	
=> Training epoch # 34	
 * Finished epoch # 34     top1:  47.041  top5:  18.086
	
 * Best model 	47.041015625	18.0859375	
=> Training epoch # 35	
 * Finished epoch # 35     top1:  57.578  top5:  23.926
	
=> Training epoch # 36	
 * Finished epoch # 36     top1:  50.586  top5:  19.434
	
=> Training epoch # 37	
 * Finished epoch # 37     top1:  51.846  top5:  20.527
	
=> Training epoch # 38	
 * Finished epoch # 38     top1:  55.322  top5:  23.164
	
=> Training epoch # 39	
 * Finished epoch # 39     top1:  54.941  top5:  23.965
	
=> Training epoch # 40	
 * Finished epoch # 40     top1:  48.955  top5:  18.447
	
=> Training epoch # 41	
 * Finished epoch # 41     top1:  55.244  top5:  22.432
	
=> Training epoch # 42	
 * Finished epoch # 42     top1:  54.521  top5:  22.520
	
=> Training epoch # 43	
 * Finished epoch # 43     top1:  53.857  top5:  24.160
	
=> Training epoch # 44	
 * Finished epoch # 44     top1:  57.178  top5:  25.830
	
=> Training epoch # 45	
 * Finished epoch # 45     top1:  57.422  top5:  26.279
	
=> Training epoch # 46	
 * Finished epoch # 46     top1:  51.289  top5:  19.512
	
=> Training epoch # 47	
 * Finished epoch # 47     top1:  52.217  top5:  19.600
	
=> Training epoch # 48	
 * Finished epoch # 48     top1:  48.486  top5:  17.959
	
=> Training epoch # 49	
 * Finished epoch # 49     top1:  48.428  top5:  16.934
	
=> Training epoch # 50	
 * Finished epoch # 50     top1:  51.582  top5:  20.586
	
=> Training epoch # 51	
 * Finished epoch # 51     top1:  53.574  top5:  21.299
	
=> Training epoch # 52	
 * Finished epoch # 52     top1:  54.082  top5:  23.018
	
=> Training epoch # 53	
 * Finished epoch # 53     top1:  49.902  top5:  19.639
	
=> Training epoch # 54	
 * Finished epoch # 54     top1:  48.994  top5:  18.447
	
=> Training epoch # 55	
 * Finished epoch # 55     top1:  53.936  top5:  23.145
	
=> Training epoch # 56	
 * Finished epoch # 56     top1:  52.422  top5:  20.898
	
=> Training epoch # 57	
 * Finished epoch # 57     top1:  51.436  top5:  20.146
	
=> Training epoch # 58	
 * Finished epoch # 58     top1:  48.994  top5:  17.480
	
=> Training epoch # 59	
 * Finished epoch # 59     top1:  49.932  top5:  21.299
	
=> Training epoch # 60	
 * Finished epoch # 60     top1:  50.088  top5:  19.639
	
=> Training epoch # 61	
 * Finished epoch # 61     top1:  50.820  top5:  20.312
	
=> Training epoch # 62	
 * Finished epoch # 62     top1:  52.617  top5:  21.133
	
=> Training epoch # 63	
 * Finished epoch # 63     top1:  49.961  top5:  18.877
	
=> Training epoch # 64	
 * Finished epoch # 64     top1:  51.592  top5:  20.303
	
=> Training epoch # 65	
 * Finished epoch # 65     top1:  57.617  top5:  25.820
	
=> Training epoch # 66	
 * Finished epoch # 66     top1:  49.346  top5:  18.057
	
=> Training epoch # 67	
 * Finished epoch # 67     top1:  55.205  top5:  23.223
	
=> Training epoch # 68	
 * Finished epoch # 68     top1:  58.662  top5:  26.035
	
=> Training epoch # 69	
 * Finished epoch # 69     top1:  50.752  top5:  20.156
	
=> Training epoch # 70	
 * Finished epoch # 70     top1:  48.545  top5:  18.477
	
=> Training epoch # 71	
 * Finished epoch # 71     top1:  53.008  top5:  21.367
	
=> Training epoch # 72	
 * Finished epoch # 72     top1:  49.365  top5:  18.779
	
=> Training epoch # 73	
 * Finished epoch # 73     top1:  53.379  top5:  20.977
	
=> Training epoch # 74	
 * Finished epoch # 74     top1:  53.506  top5:  21.475
	
=> Training epoch # 75	
 * Finished epoch # 75     top1:  50.586  top5:  19.102
	
=> Training epoch # 76	
 * Finished epoch # 76     top1:  52.188  top5:  20.371
	
=> Training epoch # 77	
 * Finished epoch # 77     top1:  50.166  top5:  18.691
	
=> Training epoch # 78	
 * Finished epoch # 78     top1:  52.393  top5:  20.625
	
=> Training epoch # 79	
 * Finished epoch # 79     top1:  49.307  top5:  18.682
	
=> Training epoch # 80	
 * Finished epoch # 80     top1:  53.047  top5:  22.305
	
=> Training epoch # 81	
 * Finished epoch # 81     top1:  32.295  top5:   8.701
	
 * Best model 	32.294921875	8.701171875	
=> Training epoch # 82	
 * Finished epoch # 82     top1:  31.641  top5:   8.535
	
 * Best model 	31.640625	8.53515625	
=> Training epoch # 83	
 * Finished epoch # 83     top1:  31.182  top5:   8.203
	
 * Best model 	31.181640625	8.203125	
=> Training epoch # 84	
 * Finished epoch # 84     top1:  31.221  top5:   8.477
	
=> Training epoch # 85	
 * Finished epoch # 85     top1:  30.938  top5:   8.271
	
 * Best model 	30.9375	8.271484375	
=> Training epoch # 86	
 * Finished epoch # 86     top1:  31.816  top5:   8.057
	
=> Training epoch # 87	
 * Finished epoch # 87     top1:  31.094  top5:   8.174
	
=> Training epoch # 88	
 * Finished epoch # 88     top1:  31.143  top5:   8.242
	
=> Training epoch # 89	
 * Finished epoch # 89     top1:  31.611  top5:   8.486
	
=> Training epoch # 90	
 * Finished epoch # 90     top1:  31.465  top5:   8.750
	
=> Training epoch # 91	
 * Finished epoch # 91     top1:  31.904  top5:   8.770
	
=> Training epoch # 92	
 * Finished epoch # 92     top1:  32.861  top5:   8.447
	
=> Training epoch # 93	
 * Finished epoch # 93     top1:  31.309  top5:   8.633
	
=> Training epoch # 94	
 * Finished epoch # 94     top1:  31.934  top5:   8.672
	
=> Training epoch # 95	
 * Finished epoch # 95     top1:  32.617  top5:   8.857
	
=> Training epoch # 96	
 * Finished epoch # 96     top1:  31.445  top5:   8.447
	
=> Training epoch # 97	
 * Finished epoch # 97     top1:  32.305  top5:   9.023
	
=> Training epoch # 98	
 * Finished epoch # 98     top1:  32.354  top5:   9.014
	
=> Training epoch # 99	
 * Finished epoch # 99     top1:  31.553  top5:   8.945
	
=> Training epoch # 100	
 * Finished epoch # 100     top1:  32.480  top5:   9.248
	
=> Training epoch # 101	
 * Finished epoch # 101     top1:  32.949  top5:   9.316
	
=> Training epoch # 102	
 * Finished epoch # 102     top1:  32.432  top5:   9.043
	
=> Training epoch # 103	
 * Finished epoch # 103     top1:  32.793  top5:   9.414
	
=> Training epoch # 104	
 * Finished epoch # 104     top1:  34.189  top5:  10.039
	
=> Training epoch # 105	
 * Finished epoch # 105     top1:  32.812  top5:   9.521
	
=> Training epoch # 106	
 * Finished epoch # 106     top1:  33.750  top5:   9.697
	
=> Training epoch # 107	
 * Finished epoch # 107     top1:  32.559  top5:   9.385
	
=> Training epoch # 108	
 * Finished epoch # 108     top1:  33.867  top5:   9.609
	
=> Training epoch # 109	
 * Finished epoch # 109     top1:  34.463  top5:  10.264
	
=> Training epoch # 110	
 * Finished epoch # 110     top1:  34.590  top5:  10.615
	
=> Training epoch # 111	
 * Finished epoch # 111     top1:  33.301  top5:   9.473
	
=> Training epoch # 112	
 * Finished epoch # 112     top1:  33.418  top5:   9.746
	
=> Training epoch # 113	
 * Finished epoch # 113     top1:  34.463  top5:  10.049
	
=> Training epoch # 114	
 * Finished epoch # 114     top1:  34.639  top5:  10.322
	
=> Training epoch # 115	
 * Finished epoch # 115     top1:  34.727  top5:   9.844
	
=> Training epoch # 116	
 * Finished epoch # 116     top1:  33.408  top5:   9.688
	
=> Training epoch # 117	
 * Finished epoch # 117     top1:  35.186  top5:  10.908
	
=> Training epoch # 118	
 * Finished epoch # 118     top1:  32.129  top5:   9.072
	
=> Training epoch # 119	
 * Finished epoch # 119     top1:  33.623  top5:   9.541
	
=> Training epoch # 120	
 * Finished epoch # 120     top1:  34.785  top5:  10.400
	
=> Training epoch # 121	
 * Finished epoch # 121     top1:  33.613  top5:   9.756
	
=> Training epoch # 122	
 * Finished epoch # 122     top1:  28.994  top5:   7.617
	
 * Best model 	28.994140625	7.6171875	
=> Training epoch # 123	
 * Finished epoch # 123     top1:  29.277  top5:   7.676
	
=> Training epoch # 124	
 * Finished epoch # 124     top1:  28.975  top5:   7.500
	
 * Best model 	28.974609375	7.5	
=> Training epoch # 125	
 * Finished epoch # 125     top1:  29.336  top5:   7.783
	
=> Training epoch # 126	
 * Finished epoch # 126     top1:  28.887  top5:   7.822
	
 * Best model 	28.88671875	7.822265625	
=> Training epoch # 127	
 * Finished epoch # 127     top1:  29.189  top5:   8.164
	
=> Training epoch # 128	
 * Finished epoch # 128     top1:  28.457  top5:   7.637
	
 * Best model 	28.45703125	7.63671875	
=> Training epoch # 129	
 * Finished epoch # 129     top1:  29.170  top5:   8.164
	
=> Training epoch # 130	
 * Finished epoch # 130     top1:  29.453  top5:   8.096
	
=> Training epoch # 131	
 * Finished epoch # 131     top1:  28.145  top5:   7.705
	
 * Best model 	28.14453125	7.705078125	
=> Training epoch # 132	
 * Finished epoch # 132     top1:  28.555  top5:   7.764
	
=> Training epoch # 133	
 * Finished epoch # 133     top1:  29.150  top5:   8.047
	
=> Training epoch # 134	
 * Finished epoch # 134     top1:  29.365  top5:   8.066
	
=> Training epoch # 135	
 * Finished epoch # 135     top1:  29.062  top5:   8.096
	
=> Training epoch # 136	
 * Finished epoch # 136     top1:  29.268  top5:   8.232
	
=> Training epoch # 137	
 * Finished epoch # 137     top1:  28.711  top5:   7.773
	
=> Training epoch # 138	
 * Finished epoch # 138     top1:  28.975  top5:   7.979
	
=> Training epoch # 139	
 * Finished epoch # 139     top1:  29.707  top5:   7.930
	
=> Training epoch # 140	
 * Finished epoch # 140     top1:  28.770  top5:   7.861
	
=> Training epoch # 141	
 * Finished epoch # 141     top1:  29.160  top5:   8.105
	
=> Training epoch # 142	
 * Finished epoch # 142     top1:  29.619  top5:   8.164
	
=> Training epoch # 143	
 * Finished epoch # 143     top1:  29.453  top5:   8.320
	
=> Training epoch # 144	
 * Finished epoch # 144     top1:  28.750  top5:   8.164
	
=> Training epoch # 145	
 * Finished epoch # 145     top1:  28.535  top5:   7.949
	
=> Training epoch # 146	
 * Finished epoch # 146     top1:  29.785  top5:   8.271
	
=> Training epoch # 147	
 * Finished epoch # 147     top1:  29.521  top5:   8.594
	
=> Training epoch # 148	
 * Finished epoch # 148     top1:  29.287  top5:   8.066
	
=> Training epoch # 149	
 * Finished epoch # 149     top1:  29.180  top5:   8.594
	
=> Training epoch # 150	
 * Finished epoch # 150     top1:  29.062  top5:   8.232
	
=> Training epoch # 151	
 * Finished epoch # 151     top1:  29.443  top5:   8.438
	
=> Training epoch # 152	
 * Finished epoch # 152     top1:  29.600  top5:   8.623
	
=> Training epoch # 153	
 * Finished epoch # 153     top1:  29.297  top5:   8.398
	
=> Training epoch # 154	
 * Finished epoch # 154     top1:  29.199  top5:   8.271
	
=> Training epoch # 155	
 * Finished epoch # 155     top1:  29.463  top5:   8.291
	
=> Training epoch # 156	
 * Finished epoch # 156     top1:  30.020  top5:   8.330
	
=> Training epoch # 157	
 * Finished epoch # 157     top1:  29.697  top5:   8.164
	
=> Training epoch # 158	
 * Finished epoch # 158     top1:  29.785  top5:   8.477
	
=> Training epoch # 159	
 * Finished epoch # 159     top1:  29.189  top5:   8.242
	
=> Training epoch # 160	
 * Finished epoch # 160     top1:  29.629  top5:   8.027
	
=> Training epoch # 161	
 * Finished epoch # 161     top1:  29.658  top5:   8.330
	
=> Training epoch # 162	
 * Finished epoch # 162     top1:  30.039  top5:   8.369
	
=> Training epoch # 163	
 * Finished epoch # 163     top1:  29.199  top5:   8.320
	
=> Training epoch # 164	
 * Finished epoch # 164     top1:  30.361  top5:   8.398
	
=> Training epoch # 165	
 * Finished epoch # 165     top1:  30.156  top5:   8.184
	
=> Training epoch # 166	
 * Finished epoch # 166     top1:  29.180  top5:   8.359
	
=> Training epoch # 167	
 * Finished epoch # 167     top1:  29.785  top5:   8.193
	
=> Training epoch # 168	
 * Finished epoch # 168     top1:  30.088  top5:   8.457
	
=> Training epoch # 169	
 * Finished epoch # 169     top1:  29.844  top5:   8.379
	
=> Training epoch # 170	
 * Finished epoch # 170     top1:  29.541  top5:   8.232
	
=> Training epoch # 171	
 * Finished epoch # 171     top1:  29.824  top5:   8.613
	
=> Training epoch # 172	
 * Finished epoch # 172     top1:  29.834  top5:   8.447
	
=> Training epoch # 173	
 * Finished epoch # 173     top1:  29.844  top5:   8.594
	
=> Training epoch # 174	
 * Finished epoch # 174     top1:  29.141  top5:   8.428
	
=> Training epoch # 175	
 * Finished epoch # 175     top1:  29.561  top5:   8.584
	
=> Training epoch # 176	
 * Finished epoch # 176     top1:  30.293  top5:   8.604
	
=> Training epoch # 177	
 * Finished epoch # 177     top1:  30.283  top5:   8.633
	
=> Training epoch # 178	
 * Finished epoch # 178     top1:  29.707  top5:   8.438
	
=> Training epoch # 179	
 * Finished epoch # 179     top1:  30.430  top5:   8.486
	
=> Training epoch # 180	
 * Finished epoch # 180     top1:  30.293  top5:   8.779
	
=> Training epoch # 181	
 * Finished epoch # 181     top1:  29.854  top5:   9.121
	
=> Training epoch # 182	
 * Finished epoch # 182     top1:  29.199  top5:   8.428
	
=> Training epoch # 183	
 * Finished epoch # 183     top1:  29.590  top5:   8.779
	
=> Training epoch # 184	
 * Finished epoch # 184     top1:  29.795  top5:   8.613
	
=> Training epoch # 185	
 * Finished epoch # 185     top1:  30.635  top5:   8.721
	
=> Training epoch # 186	
 * Finished epoch # 186     top1:  30.508  top5:   9.004
	
=> Training epoch # 187	
 * Finished epoch # 187     top1:  29.697  top5:   8.369
	
=> Training epoch # 188	
 * Finished epoch # 188     top1:  30.635  top5:   9.326
	
=> Training epoch # 189	
 * Finished epoch # 189     top1:  29.951  top5:   8.740
	
=> Training epoch # 190	
 * Finished epoch # 190     top1:  30.762  top5:   9.375
	
=> Training epoch # 191	
 * Finished epoch # 191     top1:  30.020  top5:   9.062
	
=> Training epoch # 192	
 * Finished epoch # 192     top1:  31.006  top5:   8.994
	
=> Training epoch # 193	
 * Finished epoch # 193     top1:  30.215  top5:   8.516
	
=> Training epoch # 194	
 * Finished epoch # 194     top1:  30.088  top5:   8.623
	
=> Training epoch # 195	
 * Finished epoch # 195     top1:  30.195  top5:   8.838
	
=> Training epoch # 196	
 * Finished epoch # 196     top1:  30.117  top5:   8.750
	
=> Training epoch # 197	
 * Finished epoch # 197     top1:  30.166  top5:   8.789
	
=> Training epoch # 198	
 * Finished epoch # 198     top1:  29.590  top5:   8.770
	
=> Training epoch # 199	
 * Finished epoch # 199     top1:  30.400  top5:   9.131
	
=> Training epoch # 200	
 * Finished epoch # 200     top1:  30.605  top5:   8.789
	
 * Finished top1: 28.145  top5:  7.705	
