{
  cudnn : "fastest"
  LR : 0.1
  nThreads : 2
  nClasses : 0
  batchSize : 256
  testOnly : false
  netType : "resnet"
  resetClassifier : false
  shortcutType : "A"
  gen : "gen"
  nGPU : 1
  depth : 20
  weightDecay : 0.001
  data : ""
  dataset : "cifar100"
  epochNumber : 1
  manualSeed : 2
  resume : "results/results-elu/try3/cifar100/20"
  optimState : "none"
  nEpochs : 200
  tenCrop : false
  shareGradInput : false
  backend : "cudnn"
  momentum : 0.9
  retrain : "none"
}
=> Creating model from file: models/resnet.lua	
 | ResNet-20 CIFAR-100	
nn.Sequential {
  [input -> (1) -> (2) -> (3) -> (4) -> (5) -> (6) -> (7) -> (8) -> (9) -> output]
  (1): cudnn.SpatialConvolution(3 -> 16, 3x3, 1,1, 1,1) without bias
  (2): nn.ELU (alpha:1.000000)
  (3): nn.Sequential {
    [input -> (1) -> (2) -> (3) -> output]
    (1): nn.Sequential {
      [input -> (1) -> (2) -> output]
      (1): nn.ConcatTable {
        input
          |`-> (1): nn.Sequential {
          |      [input -> (1) -> (2) -> (3) -> (4) -> output]
          |      (1): cudnn.SpatialConvolution(16 -> 16, 3x3, 1,1, 1,1) without bias
          |      (2): nn.ELU (alpha:1.000000)
          |      (3): cudnn.SpatialConvolution(16 -> 16, 3x3, 1,1, 1,1) without bias
          |      (4): nn.SpatialBatchNormalization (4D) (16)
          |    }
           `-> (2): nn.Identity
           ... -> output
      }
      (2): nn.CAddTable
    }
    (2): nn.Sequential {
      [input -> (1) -> (2) -> output]
      (1): nn.ConcatTable {
        input
          |`-> (1): nn.Sequential {
          |      [input -> (1) -> (2) -> (3) -> (4) -> output]
          |      (1): cudnn.SpatialConvolution(16 -> 16, 3x3, 1,1, 1,1) without bias
          |      (2): nn.ELU (alpha:1.000000)
          |      (3): cudnn.SpatialConvolution(16 -> 16, 3x3, 1,1, 1,1) without bias
          |      (4): nn.SpatialBatchNormalization (4D) (16)
          |    }
           `-> (2): nn.Identity
           ... -> output
      }
      (2): nn.CAddTable
    }
    (3): nn.Sequential {
      [input -> (1) -> (2) -> output]
      (1): nn.ConcatTable {
        input
          |`-> (1): nn.Sequential {
          |      [input -> (1) -> (2) -> (3) -> (4) -> output]
          |      (1): cudnn.SpatialConvolution(16 -> 16, 3x3, 1,1, 1,1) without bias
          |      (2): nn.ELU (alpha:1.000000)
          |      (3): cudnn.SpatialConvolution(16 -> 16, 3x3, 1,1, 1,1) without bias
          |      (4): nn.SpatialBatchNormalization (4D) (16)
          |    }
           `-> (2): nn.Identity
           ... -> output
      }
      (2): nn.CAddTable
    }
  }
  (4): nn.Sequential {
    [input -> (1) -> (2) -> (3) -> output]
    (1): nn.Sequential {
      [input -> (1) -> (2) -> output]
      (1): nn.ConcatTable {
        input
          |`-> (1): nn.Sequential {
          |      [input -> (1) -> (2) -> (3) -> (4) -> output]
          |      (1): cudnn.SpatialConvolution(16 -> 32, 3x3, 2,2, 1,1) without bias
          |      (2): nn.ELU (alpha:1.000000)
          |      (3): cudnn.SpatialConvolution(32 -> 32, 3x3, 1,1, 1,1) without bias
          |      (4): nn.SpatialBatchNormalization (4D) (32)
          |    }
           `-> (2): nn.Sequential {
                 [input -> (1) -> (2) -> output]
                 (1): nn.SpatialAveragePooling(1x1, 2,2)
                 (2): nn.Concat {
                   input
                     |`-> (1): nn.Identity
                      `-> (2): nn.MulConstant
                      ... -> output
                 }
               }
           ... -> output
      }
      (2): nn.CAddTable
    }
    (2): nn.Sequential {
      [input -> (1) -> (2) -> output]
      (1): nn.ConcatTable {
        input
          |`-> (1): nn.Sequential {
          |      [input -> (1) -> (2) -> (3) -> (4) -> output]
          |      (1): cudnn.SpatialConvolution(32 -> 32, 3x3, 1,1, 1,1) without bias
          |      (2): nn.ELU (alpha:1.000000)
          |      (3): cudnn.SpatialConvolution(32 -> 32, 3x3, 1,1, 1,1) without bias
          |      (4): nn.SpatialBatchNormalization (4D) (32)
          |    }
           `-> (2): nn.Identity
           ... -> output
      }
      (2): nn.CAddTable
    }
    (3): nn.Sequential {
      [input -> (1) -> (2) -> output]
      (1): nn.ConcatTable {
        input
          |`-> (1): nn.Sequential {
          |      [input -> (1) -> (2) -> (3) -> (4) -> output]
          |      (1): cudnn.SpatialConvolution(32 -> 32, 3x3, 1,1, 1,1) without bias
          |      (2): nn.ELU (alpha:1.000000)
          |      (3): cudnn.SpatialConvolution(32 -> 32, 3x3, 1,1, 1,1) without bias
          |      (4): nn.SpatialBatchNormalization (4D) (32)
          |    }
           `-> (2): nn.Identity
           ... -> output
      }
      (2): nn.CAddTable
    }
  }
  (5): nn.Sequential {
    [input -> (1) -> (2) -> (3) -> output]
    (1): nn.Sequential {
      [input -> (1) -> (2) -> output]
      (1): nn.ConcatTable {
        input
          |`-> (1): nn.Sequential {
          |      [input -> (1) -> (2) -> (3) -> (4) -> output]
          |      (1): cudnn.SpatialConvolution(32 -> 64, 3x3, 2,2, 1,1) without bias
          |      (2): nn.ELU (alpha:1.000000)
          |      (3): cudnn.SpatialConvolution(64 -> 64, 3x3, 1,1, 1,1) without bias
          |      (4): nn.SpatialBatchNormalization (4D) (64)
          |    }
           `-> (2): nn.Sequential {
                 [input -> (1) -> (2) -> output]
                 (1): nn.SpatialAveragePooling(1x1, 2,2)
                 (2): nn.Concat {
                   input
                     |`-> (1): nn.Identity
                      `-> (2): nn.MulConstant
                      ... -> output
                 }
               }
           ... -> output
      }
      (2): nn.CAddTable
    }
    (2): nn.Sequential {
      [input -> (1) -> (2) -> output]
      (1): nn.ConcatTable {
        input
          |`-> (1): nn.Sequential {
          |      [input -> (1) -> (2) -> (3) -> (4) -> output]
          |      (1): cudnn.SpatialConvolution(64 -> 64, 3x3, 1,1, 1,1) without bias
          |      (2): nn.ELU (alpha:1.000000)
          |      (3): cudnn.SpatialConvolution(64 -> 64, 3x3, 1,1, 1,1) without bias
          |      (4): nn.SpatialBatchNormalization (4D) (64)
          |    }
           `-> (2): nn.Identity
           ... -> output
      }
      (2): nn.CAddTable
    }
    (3): nn.Sequential {
      [input -> (1) -> (2) -> output]
      (1): nn.ConcatTable {
        input
          |`-> (1): nn.Sequential {
          |      [input -> (1) -> (2) -> (3) -> (4) -> output]
          |      (1): cudnn.SpatialConvolution(64 -> 64, 3x3, 1,1, 1,1) without bias
          |      (2): nn.ELU (alpha:1.000000)
          |      (3): cudnn.SpatialConvolution(64 -> 64, 3x3, 1,1, 1,1) without bias
          |      (4): nn.SpatialBatchNormalization (4D) (64)
          |    }
           `-> (2): nn.Identity
           ... -> output
      }
      (2): nn.CAddTable
    }
  }
  (6): nn.ELU (alpha:1.000000)
  (7): cudnn.SpatialAveragePooling(8x8, 1,1)
  (8): nn.View(64)
  (9): nn.Linear(64 -> 100)
}
=> Training epoch # 1	
 * Finished epoch # 1     top1:  84.150  top5:  59.150
	
 * Best model 	84.150390625	59.150390625	
=> Training epoch # 2	
 * Finished epoch # 2     top1:  77.881  top5:  49.482
	
 * Best model 	77.880859375	49.482421875	
=> Training epoch # 3	
 * Finished epoch # 3     top1:  71.650  top5:  40.273
	
 * Best model 	71.650390625	40.2734375	
=> Training epoch # 4	
 * Finished epoch # 4     top1:  67.119  top5:  33.984
	
 * Best model 	67.119140625	33.984375	
=> Training epoch # 5	
 * Finished epoch # 5     top1:  66.367  top5:  34.023
	
 * Best model 	66.3671875	34.0234375	
=> Training epoch # 6	
 * Finished epoch # 6     top1:  62.227  top5:  29.502
	
 * Best model 	62.2265625	29.501953125	
=> Training epoch # 7	
 * Finished epoch # 7     top1:  63.369  top5:  29.678
	
=> Training epoch # 8	
 * Finished epoch # 8     top1:  56.973  top5:  24.326
	
 * Best model 	56.97265625	24.326171875	
=> Training epoch # 9	
 * Finished epoch # 9     top1:  57.959  top5:  24.443
	
=> Training epoch # 10	
 * Finished epoch # 10     top1:  55.078  top5:  22.783
	
 * Best model 	55.078125	22.783203125	
=> Training epoch # 11	
 * Finished epoch # 11     top1:  53.633  top5:  22.510
	
 * Best model 	53.6328125	22.509765625	
=> Training epoch # 12	
 * Finished epoch # 12     top1:  54.580  top5:  22.910
	
=> Training epoch # 13	
 * Finished epoch # 13     top1:  54.297  top5:  21.494
	
=> Training epoch # 14	
 * Finished epoch # 14     top1:  55.332  top5:  22.812
	
=> Training epoch # 15	
 * Finished epoch # 15     top1:  55.010  top5:  22.617
	
=> Training epoch # 16	
 * Finished epoch # 16     top1:  53.965  top5:  21.484
	
=> Training epoch # 17	
 * Finished epoch # 17     top1:  52.334  top5:  20.342
	
 * Best model 	52.333984375	20.341796875	
=> Training epoch # 18	
 * Finished epoch # 18     top1:  51.494  top5:  20.186
	
 * Best model 	51.494140625	20.185546875	
=> Training epoch # 19	
 * Finished epoch # 19     top1:  51.982  top5:  21.240
	
=> Training epoch # 20	
 * Finished epoch # 20     top1:  50.000  top5:  18.457
	
 * Best model 	50	18.45703125	
=> Training epoch # 21	
 * Finished epoch # 21     top1:  47.734  top5:  17.314
	
 * Best model 	47.734375	17.314453125	
=> Training epoch # 22	
 * Finished epoch # 22     top1:  49.160  top5:  17.100
	
=> Training epoch # 23	
 * Finished epoch # 23     top1:  48.779  top5:  17.812
	
=> Training epoch # 24	
 * Finished epoch # 24     top1:  50.586  top5:  18.643
	
=> Training epoch # 25	
 * Finished epoch # 25     top1:  46.699  top5:  16.416
	
 * Best model 	46.69921875	16.416015625	
=> Training epoch # 26	
 * Finished epoch # 26     top1:  47.705  top5:  17.822
	
=> Training epoch # 27	
 * Finished epoch # 27     top1:  52.930  top5:  20.420
	
=> Training epoch # 28	
 * Finished epoch # 28     top1:  50.967  top5:  20.068
	
=> Training epoch # 29	
 * Finished epoch # 29     top1:  49.824  top5:  19.062
	
=> Training epoch # 30	
 * Finished epoch # 30     top1:  47.773  top5:  17.041
	
=> Training epoch # 31	
 * Finished epoch # 31     top1:  53.252  top5:  21.689
	
=> Training epoch # 32	
 * Finished epoch # 32     top1:  48.096  top5:  17.188
	
=> Training epoch # 33	
 * Finished epoch # 33     top1:  50.879  top5:  19.854
	
=> Training epoch # 34	
 * Finished epoch # 34     top1:  49.404  top5:  19.336
	
=> Training epoch # 35	
 * Finished epoch # 35     top1:  50.410  top5:  20.264
	
=> Training epoch # 36	
 * Finished epoch # 36     top1:  50.469  top5:  18.750
	
=> Training epoch # 37	
 * Finished epoch # 37     top1:  49.629  top5:  18.506
	
=> Training epoch # 38	
 * Finished epoch # 38     top1:  52.021  top5:  21.064
	
=> Training epoch # 39	
 * Finished epoch # 39     top1:  49.648  top5:  18.545
	
=> Training epoch # 40	
 * Finished epoch # 40     top1:  48.486  top5:  18.457
	
=> Training epoch # 41	
 * Finished epoch # 41     top1:  48.135  top5:  18.105
	
=> Training epoch # 42	
 * Finished epoch # 42     top1:  49.521  top5:  18.633
	
=> Training epoch # 43	
 * Finished epoch # 43     top1:  48.330  top5:  17.998
	
=> Training epoch # 44	
 * Finished epoch # 44     top1:  47.744  top5:  17.246
	
=> Training epoch # 45	
 * Finished epoch # 45     top1:  49.229  top5:  18.760
	
=> Training epoch # 46	
 * Finished epoch # 46     top1:  48.994  top5:  18.799
	
=> Training epoch # 47	
 * Finished epoch # 47     top1:  48.965  top5:  18.574
	
=> Training epoch # 48	
 * Finished epoch # 48     top1:  49.355  top5:  19.688
	
=> Training epoch # 49	
 * Finished epoch # 49     top1:  52.129  top5:  20.703
	
=> Training epoch # 50	
 * Finished epoch # 50     top1:  47.861  top5:  17.695
	
=> Training epoch # 51	
 * Finished epoch # 51     top1:  45.029  top5:  15.723
	
 * Best model 	45.029296875	15.72265625	
=> Training epoch # 52	
 * Finished epoch # 52     top1:  52.314  top5:  21.504
	
=> Training epoch # 53	
 * Finished epoch # 53     top1:  47.998  top5:  18.086
	
=> Training epoch # 54	
 * Finished epoch # 54     top1:  51.475  top5:  20.371
	
=> Training epoch # 55	
 * Finished epoch # 55     top1:  50.195  top5:  18.984
	
=> Training epoch # 56	
 * Finished epoch # 56     top1:  50.752  top5:  19.922
	
=> Training epoch # 57	
 * Finished epoch # 57     top1:  51.592  top5:  20.693
	
=> Training epoch # 58	
 * Finished epoch # 58     top1:  50.020  top5:  20.029
	
=> Training epoch # 59	
 * Finished epoch # 59     top1:  49.775  top5:  18.682
	
=> Training epoch # 60	
 * Finished epoch # 60     top1:  50.801  top5:  20.635
	
=> Training epoch # 61	
 * Finished epoch # 61     top1:  49.473  top5:  18.984
	
=> Training epoch # 62	
 * Finished epoch # 62     top1:  51.602  top5:  21.055
	
=> Training epoch # 63	
 * Finished epoch # 63     top1:  49.893  top5:  19.131
	
=> Training epoch # 64	
 * Finished epoch # 64     top1:  47.588  top5:  17.539
	
=> Training epoch # 65	
 * Finished epoch # 65     top1:  46.904  top5:  16.660
	
=> Training epoch # 66	
 * Finished epoch # 66     top1:  50.117  top5:  18.662
	
=> Training epoch # 67	
 * Finished epoch # 67     top1:  47.744  top5:  17.207
	
=> Training epoch # 68	
 * Finished epoch # 68     top1:  48.018  top5:  17.266
	
=> Training epoch # 69	
 * Finished epoch # 69     top1:  52.334  top5:  20.342
	
=> Training epoch # 70	
 * Finished epoch # 70     top1:  46.260  top5:  16.416
	
=> Training epoch # 71	
 * Finished epoch # 71     top1:  46.709  top5:  16.230
	
=> Training epoch # 72	
 * Finished epoch # 72     top1:  48.252  top5:  18.672
	
=> Training epoch # 73	
 * Finished epoch # 73     top1:  46.396  top5:  17.256
	
=> Training epoch # 74	
 * Finished epoch # 74     top1:  48.477  top5:  18.916
	
=> Training epoch # 75	
 * Finished epoch # 75     top1:  47.441  top5:  16.855
	
=> Training epoch # 76	
 * Finished epoch # 76     top1:  48.213  top5:  17.246
	
=> Training epoch # 77	
 * Finished epoch # 77     top1:  48.848  top5:  17.520
	
=> Training epoch # 78	
 * Finished epoch # 78     top1:  46.289  top5:  16.123
	
=> Training epoch # 79	
 * Finished epoch # 79     top1:  48.965  top5:  18.730
	
=> Training epoch # 80	
 * Finished epoch # 80     top1:  45.234  top5:  16.426
	
=> Training epoch # 81	
 * Finished epoch # 81     top1:  34.316  top5:   9.795
	
 * Best model 	34.31640625	9.794921875	
=> Training epoch # 82	
 * Finished epoch # 82     top1:  33.467  top5:   9.346
	
 * Best model 	33.466796875	9.345703125	
=> Training epoch # 83	
 * Finished epoch # 83     top1:  33.809  top5:   8.994
	
=> Training epoch # 84	
 * Finished epoch # 84     top1:  33.760  top5:   9.375
	
=> Training epoch # 85	
 * Finished epoch # 85     top1:  32.852  top5:   8.740
	
 * Best model 	32.8515625	8.740234375	
=> Training epoch # 86	
 * Finished epoch # 86     top1:  32.598  top5:   8.828
	
 * Best model 	32.59765625	8.828125	
=> Training epoch # 87	
 * Finished epoch # 87     top1:  33.730  top5:   9.590
	
=> Training epoch # 88	
 * Finished epoch # 88     top1:  33.740  top5:   9.170
	
=> Training epoch # 89	
 * Finished epoch # 89     top1:  33.955  top5:   9.375
	
=> Training epoch # 90	
 * Finished epoch # 90     top1:  33.203  top5:   9.521
	
=> Training epoch # 91	
 * Finished epoch # 91     top1:  33.867  top5:   9.492
	
=> Training epoch # 92	
 * Finished epoch # 92     top1:  33.809  top5:   9.443
	
=> Training epoch # 93	
 * Finished epoch # 93     top1:  33.691  top5:   9.355
	
=> Training epoch # 94	
 * Finished epoch # 94     top1:  34.473  top5:   9.473
	
=> Training epoch # 95	
 * Finished epoch # 95     top1:  35.156  top5:  10.273
	
=> Training epoch # 96	
 * Finished epoch # 96     top1:  35.557  top5:  10.439
	
=> Training epoch # 97	
 * Finished epoch # 97     top1:  35.586  top5:  10.479
	
=> Training epoch # 98	
 * Finished epoch # 98     top1:  35.605  top5:  10.156
	
=> Training epoch # 99	
 * Finished epoch # 99     top1:  34.619  top5:  10.137
	
=> Training epoch # 100	
 * Finished epoch # 100     top1:  35.996  top5:  10.811
	
=> Training epoch # 101	
 * Finished epoch # 101     top1:  36.006  top5:  10.664
	
=> Training epoch # 102	
 * Finished epoch # 102     top1:  36.211  top5:  10.547
	
=> Training epoch # 103	
 * Finished epoch # 103     top1:  36.846  top5:  11.055
	
=> Training epoch # 104	
 * Finished epoch # 104     top1:  36.182  top5:  10.381
	
=> Training epoch # 105	
 * Finished epoch # 105     top1:  37.197  top5:  11.387
	
=> Training epoch # 106	
 * Finished epoch # 106     top1:  35.752  top5:  10.020
	
=> Training epoch # 107	
 * Finished epoch # 107     top1:  37.061  top5:  10.742
	
=> Training epoch # 108	
 * Finished epoch # 108     top1:  37.109  top5:  11.816
	
=> Training epoch # 109	
 * Finished epoch # 109     top1:  36.426  top5:  10.713
	
=> Training epoch # 110	
 * Finished epoch # 110     top1:  36.572  top5:  10.439
	
=> Training epoch # 111	
 * Finished epoch # 111     top1:  36.826  top5:  10.889
	
=> Training epoch # 112	
 * Finished epoch # 112     top1:  38.740  top5:  12.109
	
=> Training epoch # 113	
 * Finished epoch # 113     top1:  38.682  top5:  12.324
	
=> Training epoch # 114	
 * Finished epoch # 114     top1:  37.451  top5:  11.514
	
=> Training epoch # 115	
 * Finished epoch # 115     top1:  39.883  top5:  13.408
	
=> Training epoch # 116	
 * Finished epoch # 116     top1:  38.711  top5:  12.373
	
=> Training epoch # 117	
 * Finished epoch # 117     top1:  38.779  top5:  11.631
	
=> Training epoch # 118	
 * Finished epoch # 118     top1:  38.584  top5:  11.709
	
=> Training epoch # 119	
 * Finished epoch # 119     top1:  37.354  top5:  10.928
	
=> Training epoch # 120	
 * Finished epoch # 120     top1:  36.602  top5:  10.908
	
=> Training epoch # 121	
 * Finished epoch # 121     top1:  37.246  top5:  10.732
	
=> Training epoch # 122	
 * Finished epoch # 122     top1:  31.172  top5:   8.301
	
 * Best model 	31.171875	8.30078125	
=> Training epoch # 123	
 * Finished epoch # 123     top1:  32.031  top5:   8.896
	
=> Training epoch # 124	
 * Finished epoch # 124     top1:  30.938  top5:   8.145
	
 * Best model 	30.9375	8.14453125	
=> Training epoch # 125	
 * Finished epoch # 125     top1:  31.670  top5:   8.203
	
=> Training epoch # 126	
 * Finished epoch # 126     top1:  31.533  top5:   8.516
	
=> Training epoch # 127	
 * Finished epoch # 127     top1:  31.631  top5:   8.506
	
=> Training epoch # 128	
 * Finished epoch # 128     top1:  31.260  top5:   8.252
	
=> Training epoch # 129	
 * Finished epoch # 129     top1:  31.211  top5:   8.301
	
=> Training epoch # 130	
 * Finished epoch # 130     top1:  31.133  top5:   8.379
	
=> Training epoch # 131	
 * Finished epoch # 131     top1:  31.484  top5:   8.623
	
=> Training epoch # 132	
 * Finished epoch # 132     top1:  31.670  top5:   8.643
	
=> Training epoch # 133	
 * Finished epoch # 133     top1:  31.133  top5:   8.340
	
=> Training epoch # 134	
 * Finished epoch # 134     top1:  31.553  top5:   8.594
	
=> Training epoch # 135	
 * Finished epoch # 135     top1:  31.689  top5:   8.525
	
=> Training epoch # 136	
 * Finished epoch # 136     top1:  31.387  top5:   8.633
	
=> Training epoch # 137	
 * Finished epoch # 137     top1:  32.080  top5:   8.975
	
=> Training epoch # 138	
 * Finished epoch # 138     top1:  31.816  top5:   8.506
	
=> Training epoch # 139	
 * Finished epoch # 139     top1:  31.553  top5:   8.291
	
=> Training epoch # 140	
 * Finished epoch # 140     top1:  31.152  top5:   8.525
	
=> Training epoch # 141	
 * Finished epoch # 141     top1:  30.752  top5:   8.242
	
 * Best model 	30.751953125	8.2421875	
=> Training epoch # 142	
 * Finished epoch # 142     top1:  31.973  top5:   9.023
	
=> Training epoch # 143	
 * Finished epoch # 143     top1:  31.631  top5:   9.014
	
=> Training epoch # 144	
 * Finished epoch # 144     top1:  31.885  top5:   8.965
	
=> Training epoch # 145	
 * Finished epoch # 145     top1:  31.475  top5:   8.643
	
=> Training epoch # 146	
 * Finished epoch # 146     top1:  31.553  top5:   8.486
	
=> Training epoch # 147	
 * Finished epoch # 147     top1:  31.797  top5:   8.594
	
=> Training epoch # 148	
 * Finished epoch # 148     top1:  32.549  top5:   8.867
	
=> Training epoch # 149	
 * Finished epoch # 149     top1:  31.494  top5:   8.945
	
=> Training epoch # 150	
 * Finished epoch # 150     top1:  31.406  top5:   8.750
	
=> Training epoch # 151	
 * Finished epoch # 151     top1:  31.553  top5:   8.604
	
=> Training epoch # 152	
 * Finished epoch # 152     top1:  31.172  top5:   8.633
	
=> Training epoch # 153	
 * Finished epoch # 153     top1:  32.051  top5:   8.682
	
=> Training epoch # 154	
 * Finished epoch # 154     top1:  31.377  top5:   8.760
	
=> Training epoch # 155	
 * Finished epoch # 155     top1:  32.314  top5:   8.809
	
=> Training epoch # 156	
 * Finished epoch # 156     top1:  31.738  top5:   8.848
	
=> Training epoch # 157	
 * Finished epoch # 157     top1:  32.256  top5:   8.877
	
=> Training epoch # 158	
 * Finished epoch # 158     top1:  32.236  top5:   8.867
	
=> Training epoch # 159	
 * Finished epoch # 159     top1:  31.680  top5:   8.359
	
=> Training epoch # 160	
 * Finished epoch # 160     top1:  31.650  top5:   8.574
	
=> Training epoch # 161	
 * Finished epoch # 161     top1:  32.090  top5:   8.838
	
=> Training epoch # 162	
 * Finished epoch # 162     top1:  32.051  top5:   9.277
	
=> Training epoch # 163	
 * Finished epoch # 163     top1:  31.973  top5:   8.760
	
=> Training epoch # 164	
 * Finished epoch # 164     top1:  31.943  top5:   8.652
	
=> Training epoch # 165	
 * Finished epoch # 165     top1:  31.963  top5:   9.062
	
=> Training epoch # 166	
 * Finished epoch # 166     top1:  31.719  top5:   8.877
	
=> Training epoch # 167	
 * Finished epoch # 167     top1:  32.158  top5:   8.965
	
=> Training epoch # 168	
 * Finished epoch # 168     top1:  31.133  top5:   8.809
	
=> Training epoch # 169	
 * Finished epoch # 169     top1:  31.895  top5:   8.965
	
=> Training epoch # 170	
 * Finished epoch # 170     top1:  31.973  top5:   9.111
	
=> Training epoch # 171	
 * Finished epoch # 171     top1:  31.396  top5:   8.564
	
=> Training epoch # 172	
 * Finished epoch # 172     top1:  31.416  top5:   9.053
	
=> Training epoch # 173	
 * Finished epoch # 173     top1:  32.197  top5:   9.102
	
=> Training epoch # 174	
 * Finished epoch # 174     top1:  31.221  top5:   8.750
	
=> Training epoch # 175	
 * Finished epoch # 175     top1:  32.246  top5:   9.180
	
=> Training epoch # 176	
 * Finished epoch # 176     top1:  31.934  top5:   9.121
	
=> Training epoch # 177	
 * Finished epoch # 177     top1:  32.373  top5:   9.102
	
=> Training epoch # 178	
 * Finished epoch # 178     top1:  32.627  top5:   9.170
	
=> Training epoch # 179	
 * Finished epoch # 179     top1:  31.885  top5:   9.072
	
=> Training epoch # 180	
 * Finished epoch # 180     top1:  31.475  top5:   8.877
	
=> Training epoch # 181	
 * Finished epoch # 181     top1:  31.953  top5:   8.965
	
=> Training epoch # 182	
 * Finished epoch # 182     top1:  32.236  top5:   9.014
	
=> Training epoch # 183	
 * Finished epoch # 183     top1:  31.816  top5:   8.740
	
=> Training epoch # 184	
 * Finished epoch # 184     top1:  31.787  top5:   8.799
	
=> Training epoch # 185	
 * Finished epoch # 185     top1:  32.578  top5:   9.023
	
=> Training epoch # 186	
 * Finished epoch # 186     top1:  32.734  top5:   8.789
	
=> Training epoch # 187	
 * Finished epoch # 187     top1:  32.617  top5:   8.887
	
=> Training epoch # 188	
 * Finished epoch # 188     top1:  31.904  top5:   9.316
	
=> Training epoch # 189	
 * Finished epoch # 189     top1:  33.027  top5:   9.092
	
=> Training epoch # 190	
 * Finished epoch # 190     top1:  32.461  top5:   9.102
	
=> Training epoch # 191	
 * Finished epoch # 191     top1:  32.617  top5:   9.482
	
=> Training epoch # 192	
 * Finished epoch # 192     top1:  32.598  top5:   9.395
	
=> Training epoch # 193	
 * Finished epoch # 193     top1:  32.266  top5:   9.297
	
=> Training epoch # 194	
 * Finished epoch # 194     top1:  32.734  top5:   8.936
	
=> Training epoch # 195	
 * Finished epoch # 195     top1:  31.748  top5:   8.906
	
=> Training epoch # 196	
 * Finished epoch # 196     top1:  32.275  top5:   9.238
	
=> Training epoch # 197	
 * Finished epoch # 197     top1:  32.949  top5:   9.248
	
=> Training epoch # 198	
 * Finished epoch # 198     top1:  31.807  top5:   8.809
	
=> Training epoch # 199	
 * Finished epoch # 199     top1:  32.139  top5:   9.561
	
=> Training epoch # 200	
 * Finished epoch # 200     top1:  32.920  top5:   9.590
	
 * Finished top1: 30.752  top5:  8.242	
