=> Creating model from file: models/resnet.lua	
 | ResNet-32 CIFAR-100	
nn.Sequential {
  [input -> (1) -> (2) -> (3) -> (4) -> (5) -> (6) -> (7) -> (8) -> (9) -> output]
  (1): cudnn.SpatialConvolution(3 -> 16, 3x3, 1,1, 1,1) without bias
  (2): nn.Sequential {
    [input -> (1) -> (2) -> (3) -> output]
    (1): nn.ConstrainedDiv
    (2): nn.ELU (alpha:1.000000)
    (3): nn.ConstrainedMul
  }
  (3): nn.Sequential {
    [input -> (1) -> (2) -> (3) -> (4) -> (5) -> output]
    (1): nn.Sequential {
      [input -> (1) -> (2) -> output]
      (1): nn.ConcatTable {
        input
          |`-> (1): nn.Sequential {
          |      [input -> (1) -> (2) -> (3) -> (4) -> output]
          |      (1): cudnn.SpatialConvolution(16 -> 16, 3x3, 1,1, 1,1) without bias
          |      (2): nn.Sequential {
          |        [input -> (1) -> (2) -> (3) -> output]
          |        (1): nn.ConstrainedDiv
          |        (2): nn.ELU (alpha:1.000000)
          |        (3): nn.ConstrainedMul
          |      }
          |      (3): cudnn.SpatialConvolution(16 -> 16, 3x3, 1,1, 1,1) without bias
          |      (4): nn.SpatialBatchNormalization (4D) (16)
          |    }
           `-> (2): nn.Identity
           ... -> output
      }
      (2): nn.CAddTable
    }
    (2): nn.Sequential {
      [input -> (1) -> (2) -> output]
      (1): nn.ConcatTable {
        input
          |`-> (1): nn.Sequential {
          |      [input -> (1) -> (2) -> (3) -> (4) -> output]
          |      (1): cudnn.SpatialConvolution(16 -> 16, 3x3, 1,1, 1,1) without bias
          |      (2): nn.Sequential {
          |        [input -> (1) -> (2) -> (3) -> output]
          |        (1): nn.ConstrainedDiv
          |        (2): nn.ELU (alpha:1.000000)
          |        (3): nn.ConstrainedMul
          |      }
          |      (3): cudnn.SpatialConvolution(16 -> 16, 3x3, 1,1, 1,1) without bias
          |      (4): nn.SpatialBatchNormalization (4D) (16)
          |    }
           `-> (2): nn.Identity
           ... -> output
      }
      (2): nn.CAddTable
    }
    (3): nn.Sequential {
      [input -> (1) -> (2) -> output]
      (1): nn.ConcatTable {
        input
          |`-> (1): nn.Sequential {
          |      [input -> (1) -> (2) -> (3) -> (4) -> output]
          |      (1): cudnn.SpatialConvolution(16 -> 16, 3x3, 1,1, 1,1) without bias
          |      (2): nn.Sequential {
          |        [input -> (1) -> (2) -> (3) -> output]
          |        (1): nn.ConstrainedDiv
          |        (2): nn.ELU (alpha:1.000000)
          |        (3): nn.ConstrainedMul
          |      }
          |      (3): cudnn.SpatialConvolution(16 -> 16, 3x3, 1,1, 1,1) without bias
          |      (4): nn.SpatialBatchNormalization (4D) (16)
          |    }
           `-> (2): nn.Identity
           ... -> output
      }
      (2): nn.CAddTable
    }
    (4): nn.Sequential {
      [input -> (1) -> (2) -> output]
      (1): nn.ConcatTable {
        input
          |`-> (1): nn.Sequential {
          |      [input -> (1) -> (2) -> (3) -> (4) -> output]
          |      (1): cudnn.SpatialConvolution(16 -> 16, 3x3, 1,1, 1,1) without bias
          |      (2): nn.Sequential {
          |        [input -> (1) -> (2) -> (3) -> output]
          |        (1): nn.ConstrainedDiv
          |        (2): nn.ELU (alpha:1.000000)
          |        (3): nn.ConstrainedMul
          |      }
          |      (3): cudnn.SpatialConvolution(16 -> 16, 3x3, 1,1, 1,1) without bias
          |      (4): nn.SpatialBatchNormalization (4D) (16)
          |    }
           `-> (2): nn.Identity
           ... -> output
      }
      (2): nn.CAddTable
    }
    (5): nn.Sequential {
      [input -> (1) -> (2) -> output]
      (1): nn.ConcatTable {
        input
          |`-> (1): nn.Sequential {
          |      [input -> (1) -> (2) -> (3) -> (4) -> output]
          |      (1): cudnn.SpatialConvolution(16 -> 16, 3x3, 1,1, 1,1) without bias
          |      (2): nn.Sequential {
          |        [input -> (1) -> (2) -> (3) -> output]
          |        (1): nn.ConstrainedDiv
          |        (2): nn.ELU (alpha:1.000000)
          |        (3): nn.ConstrainedMul
          |      }
          |      (3): cudnn.SpatialConvolution(16 -> 16, 3x3, 1,1, 1,1) without bias
          |      (4): nn.SpatialBatchNormalization (4D) (16)
          |    }
           `-> (2): nn.Identity
           ... -> output
      }
      (2): nn.CAddTable
    }
  }
  (4): nn.Sequential {
    [input -> (1) -> (2) -> (3) -> (4) -> (5) -> output]
    (1): nn.Sequential {
      [input -> (1) -> (2) -> output]
      (1): nn.ConcatTable {
        input
          |`-> (1): nn.Sequential {
          |      [input -> (1) -> (2) -> (3) -> (4) -> output]
          |      (1): cudnn.SpatialConvolution(16 -> 32, 3x3, 2,2, 1,1) without bias
          |      (2): nn.Sequential {
          |        [input -> (1) -> (2) -> (3) -> output]
          |        (1): nn.ConstrainedDiv
          |        (2): nn.ELU (alpha:1.000000)
          |        (3): nn.ConstrainedMul
          |      }
          |      (3): cudnn.SpatialConvolution(32 -> 32, 3x3, 1,1, 1,1) without bias
          |      (4): nn.SpatialBatchNormalization (4D) (32)
          |    }
           `-> (2): nn.Sequential {
                 [input -> (1) -> (2) -> output]
                 (1): nn.SpatialAveragePooling(1x1, 2,2)
                 (2): nn.Concat {
                   input
                     |`-> (1): nn.Identity
                      `-> (2): nn.MulConstant
                      ... -> output
                 }
               }
           ... -> output
      }
      (2): nn.CAddTable
    }
    (2): nn.Sequential {
      [input -> (1) -> (2) -> output]
      (1): nn.ConcatTable {
        input
          |`-> (1): nn.Sequential {
          |      [input -> (1) -> (2) -> (3) -> (4) -> output]
          |      (1): cudnn.SpatialConvolution(32 -> 32, 3x3, 1,1, 1,1) without bias
          |      (2): nn.Sequential {
          |        [input -> (1) -> (2) -> (3) -> output]
          |        (1): nn.ConstrainedDiv
          |        (2): nn.ELU (alpha:1.000000)
          |        (3): nn.ConstrainedMul
          |      }
          |      (3): cudnn.SpatialConvolution(32 -> 32, 3x3, 1,1, 1,1) without bias
          |      (4): nn.SpatialBatchNormalization (4D) (32)
          |    }
           `-> (2): nn.Identity
           ... -> output
      }
      (2): nn.CAddTable
    }
    (3): nn.Sequential {
      [input -> (1) -> (2) -> output]
      (1): nn.ConcatTable {
        input
          |`-> (1): nn.Sequential {
          |      [input -> (1) -> (2) -> (3) -> (4) -> output]
          |      (1): cudnn.SpatialConvolution(32 -> 32, 3x3, 1,1, 1,1) without bias
          |      (2): nn.Sequential {
          |        [input -> (1) -> (2) -> (3) -> output]
          |        (1): nn.ConstrainedDiv
          |        (2): nn.ELU (alpha:1.000000)
          |        (3): nn.ConstrainedMul
          |      }
          |      (3): cudnn.SpatialConvolution(32 -> 32, 3x3, 1,1, 1,1) without bias
          |      (4): nn.SpatialBatchNormalization (4D) (32)
          |    }
           `-> (2): nn.Identity
           ... -> output
      }
      (2): nn.CAddTable
    }
    (4): nn.Sequential {
      [input -> (1) -> (2) -> output]
      (1): nn.ConcatTable {
        input
          |`-> (1): nn.Sequential {
          |      [input -> (1) -> (2) -> (3) -> (4) -> output]
          |      (1): cudnn.SpatialConvolution(32 -> 32, 3x3, 1,1, 1,1) without bias
          |      (2): nn.Sequential {
          |        [input -> (1) -> (2) -> (3) -> output]
          |        (1): nn.ConstrainedDiv
          |        (2): nn.ELU (alpha:1.000000)
          |        (3): nn.ConstrainedMul
          |      }
          |      (3): cudnn.SpatialConvolution(32 -> 32, 3x3, 1,1, 1,1) without bias
          |      (4): nn.SpatialBatchNormalization (4D) (32)
          |    }
           `-> (2): nn.Identity
           ... -> output
      }
      (2): nn.CAddTable
    }
    (5): nn.Sequential {
      [input -> (1) -> (2) -> output]
      (1): nn.ConcatTable {
        input
          |`-> (1): nn.Sequential {
          |      [input -> (1) -> (2) -> (3) -> (4) -> output]
          |      (1): cudnn.SpatialConvolution(32 -> 32, 3x3, 1,1, 1,1) without bias
          |      (2): nn.Sequential {
          |        [input -> (1) -> (2) -> (3) -> output]
          |        (1): nn.ConstrainedDiv
          |        (2): nn.ELU (alpha:1.000000)
          |        (3): nn.ConstrainedMul
          |      }
          |      (3): cudnn.SpatialConvolution(32 -> 32, 3x3, 1,1, 1,1) without bias
          |      (4): nn.SpatialBatchNormalization (4D) (32)
          |    }
           `-> (2): nn.Identity
           ... -> output
      }
      (2): nn.CAddTable
    }
  }
  (5): nn.Sequential {
    [input -> (1) -> (2) -> (3) -> (4) -> (5) -> output]
    (1): nn.Sequential {
      [input -> (1) -> (2) -> output]
      (1): nn.ConcatTable {
        input
          |`-> (1): nn.Sequential {
          |      [input -> (1) -> (2) -> (3) -> (4) -> output]
          |      (1): cudnn.SpatialConvolution(32 -> 64, 3x3, 2,2, 1,1) without bias
          |      (2): nn.Sequential {
          |        [input -> (1) -> (2) -> (3) -> output]
          |        (1): nn.ConstrainedDiv
          |        (2): nn.ELU (alpha:1.000000)
          |        (3): nn.ConstrainedMul
          |      }
          |      (3): cudnn.SpatialConvolution(64 -> 64, 3x3, 1,1, 1,1) without bias
          |      (4): nn.SpatialBatchNormalization (4D) (64)
          |    }
           `-> (2): nn.Sequential {
                 [input -> (1) -> (2) -> output]
                 (1): nn.SpatialAveragePooling(1x1, 2,2)
                 (2): nn.Concat {
                   input
                     |`-> (1): nn.Identity
                      `-> (2): nn.MulConstant
                      ... -> output
                 }
               }
           ... -> output
      }
      (2): nn.CAddTable
    }
    (2): nn.Sequential {
      [input -> (1) -> (2) -> output]
      (1): nn.ConcatTable {
        input
          |`-> (1): nn.Sequential {
          |      [input -> (1) -> (2) -> (3) -> (4) -> output]
          |      (1): cudnn.SpatialConvolution(64 -> 64, 3x3, 1,1, 1,1) without bias
          |      (2): nn.Sequential {
          |        [input -> (1) -> (2) -> (3) -> output]
          |        (1): nn.ConstrainedDiv
          |        (2): nn.ELU (alpha:1.000000)
          |        (3): nn.ConstrainedMul
          |      }
          |      (3): cudnn.SpatialConvolution(64 -> 64, 3x3, 1,1, 1,1) without bias
          |      (4): nn.SpatialBatchNormalization (4D) (64)
          |    }
           `-> (2): nn.Identity
           ... -> output
      }
      (2): nn.CAddTable
    }
    (3): nn.Sequential {
      [input -> (1) -> (2) -> output]
      (1): nn.ConcatTable {
        input
          |`-> (1): nn.Sequential {
          |      [input -> (1) -> (2) -> (3) -> (4) -> output]
          |      (1): cudnn.SpatialConvolution(64 -> 64, 3x3, 1,1, 1,1) without bias
          |      (2): nn.Sequential {
          |        [input -> (1) -> (2) -> (3) -> output]
          |        (1): nn.ConstrainedDiv
          |        (2): nn.ELU (alpha:1.000000)
          |        (3): nn.ConstrainedMul
          |      }
          |      (3): cudnn.SpatialConvolution(64 -> 64, 3x3, 1,1, 1,1) without bias
          |      (4): nn.SpatialBatchNormalization (4D) (64)
          |    }
           `-> (2): nn.Identity
           ... -> output
      }
      (2): nn.CAddTable
    }
    (4): nn.Sequential {
      [input -> (1) -> (2) -> output]
      (1): nn.ConcatTable {
        input
          |`-> (1): nn.Sequential {
          |      [input -> (1) -> (2) -> (3) -> (4) -> output]
          |      (1): cudnn.SpatialConvolution(64 -> 64, 3x3, 1,1, 1,1) without bias
          |      (2): nn.Sequential {
          |        [input -> (1) -> (2) -> (3) -> output]
          |        (1): nn.ConstrainedDiv
          |        (2): nn.ELU (alpha:1.000000)
          |        (3): nn.ConstrainedMul
          |      }
          |      (3): cudnn.SpatialConvolution(64 -> 64, 3x3, 1,1, 1,1) without bias
          |      (4): nn.SpatialBatchNormalization (4D) (64)
          |    }
           `-> (2): nn.Identity
           ... -> output
      }
      (2): nn.CAddTable
    }
    (5): nn.Sequential {
      [input -> (1) -> (2) -> output]
      (1): nn.ConcatTable {
        input
          |`-> (1): nn.Sequential {
          |      [input -> (1) -> (2) -> (3) -> (4) -> output]
          |      (1): cudnn.SpatialConvolution(64 -> 64, 3x3, 1,1, 1,1) without bias
          |      (2): nn.Sequential {
          |        [input -> (1) -> (2) -> (3) -> output]
          |        (1): nn.ConstrainedDiv
          |        (2): nn.ELU (alpha:1.000000)
          |        (3): nn.ConstrainedMul
          |      }
          |      (3): cudnn.SpatialConvolution(64 -> 64, 3x3, 1,1, 1,1) without bias
          |      (4): nn.SpatialBatchNormalization (4D) (64)
          |    }
           `-> (2): nn.Identity
           ... -> output
      }
      (2): nn.CAddTable
    }
  }
  (6): nn.Sequential {
    [input -> (1) -> (2) -> (3) -> output]
    (1): nn.ConstrainedDiv
    (2): nn.ELU (alpha:1.000000)
    (3): nn.ConstrainedMul
  }
  (7): cudnn.SpatialAveragePooling(8x8, 1,1)
  (8): nn.View(64)
  (9): nn.Linear(64 -> 100)
}
=> Training epoch # 1	
 * Finished epoch # 1     top1:  89.482  top5:  66.875
	
 * Best model 	89.482421875	66.875	
=> Training epoch # 2	
 * Finished epoch # 2     top1:  79.482  top5:  50.059
	
 * Best model 	79.482421875	50.05859375	
=> Training epoch # 3	
 * Finished epoch # 3     top1:  68.242  top5:  35.869
	
 * Best model 	68.2421875	35.869140625	
=> Training epoch # 4	
 * Finished epoch # 4     top1:  64.727  top5:  31.553
	
 * Best model 	64.7265625	31.552734375	
=> Training epoch # 5	
 * Finished epoch # 5     top1:  58.740  top5:  25.977
	
 * Best model 	58.740234375	25.9765625	
=> Training epoch # 6	
 * Finished epoch # 6     top1:  56.816  top5:  24.844
	
 * Best model 	56.81640625	24.84375	
=> Training epoch # 7	
 * Finished epoch # 7     top1:  55.898  top5:  22.480
	
 * Best model 	55.8984375	22.48046875	
=> Training epoch # 8	
 * Finished epoch # 8     top1:  53.721  top5:  21.660
	
 * Best model 	53.720703125	21.66015625	
=> Training epoch # 9	
 * Finished epoch # 9     top1:  49.893  top5:  20.137
	
 * Best model 	49.892578125	20.13671875	
=> Training epoch # 10	
 * Finished epoch # 10     top1:  53.750  top5:  22.002
	
=> Training epoch # 11	
 * Finished epoch # 11     top1:  53.184  top5:  21.855
	
=> Training epoch # 12	
 * Finished epoch # 12     top1:  48.066  top5:  18.242
	
 * Best model 	48.06640625	18.2421875	
=> Training epoch # 13	
 * Finished epoch # 13     top1:  54.521  top5:  23.164
	
=> Training epoch # 14	
 * Finished epoch # 14     top1:  49.541  top5:  19.238
	
=> Training epoch # 15	
 * Finished epoch # 15     top1:  47.871  top5:  18.008
	
 * Best model 	47.87109375	18.0078125	
=> Training epoch # 16	
 * Finished epoch # 16     top1:  51.172  top5:  20.137
	
=> Training epoch # 17	
 * Finished epoch # 17     top1:  47.539  top5:  17.861
	
 * Best model 	47.5390625	17.861328125	
=> Training epoch # 18	
 * Finished epoch # 18     top1:  45.459  top5:  15.967
	
 * Best model 	45.458984375	15.966796875	
=> Training epoch # 19	
 * Finished epoch # 19     top1:  46.328  top5:  16.387
	
=> Training epoch # 20	
 * Finished epoch # 20     top1:  48.838  top5:  16.982
	
=> Training epoch # 21	
 * Finished epoch # 21     top1:  48.057  top5:  16.611
	
=> Training epoch # 22	
 * Finished epoch # 22     top1:  48.740  top5:  17.607
	
=> Training epoch # 23	
 * Finished epoch # 23     top1:  47.920  top5:  18.076
	
=> Training epoch # 24	
 * Finished epoch # 24     top1:  46.162  top5:  17.041
	
=> Training epoch # 25	
 * Finished epoch # 25     top1:  46.787  top5:  17.363
	
=> Training epoch # 26	
 * Finished epoch # 26     top1:  45.381  top5:  15.850
	
 * Best model 	45.380859375	15.849609375	
=> Training epoch # 27	
 * Finished epoch # 27     top1:  46.338  top5:  15.977
	
=> Training epoch # 28	
 * Finished epoch # 28     top1:  47.539  top5:  17.793
	
=> Training epoch # 29	
 * Finished epoch # 29     top1:  46.328  top5:  17.363
	
=> Training epoch # 30	
 * Finished epoch # 30     top1:  49.727  top5:  20.605
	
=> Training epoch # 31	
 * Finished epoch # 31     top1:  46.855  top5:  16.797
	
=> Training epoch # 32	
 * Finished epoch # 32     top1:  52.852  top5:  19.521
	
=> Training epoch # 33	
 * Finished epoch # 33     top1:  49.531  top5:  20.010
	
=> Training epoch # 34	
 * Finished epoch # 34     top1:  45.518  top5:  16.387
	
=> Training epoch # 35	
 * Finished epoch # 35     top1:  47.041  top5:  16.914
	
=> Training epoch # 36	
 * Finished epoch # 36     top1:  46.963  top5:  16.836
	
=> Training epoch # 37	
 * Finished epoch # 37     top1:  47.695  top5:  18.398
	
=> Training epoch # 38	
 * Finished epoch # 38     top1:  48.467  top5:  18.516
	
=> Training epoch # 39	
 * Finished epoch # 39     top1:  45.420  top5:  17.119
	
=> Training epoch # 40	
 * Finished epoch # 40     top1:  47.275  top5:  17.109
	
=> Training epoch # 41	
 * Finished epoch # 41     top1:  45.850  top5:  15.410
	
=> Training epoch # 42	
 * Finished epoch # 42     top1:  46.523  top5:  16.758
	
=> Training epoch # 43	
 * Finished epoch # 43     top1:  44.287  top5:  15.176
	
 * Best model 	44.287109375	15.17578125	
=> Training epoch # 44	
 * Finished epoch # 44     top1:  46.797  top5:  16.514
	
=> Training epoch # 45	
 * Finished epoch # 45     top1:  47.461  top5:  17.803
	
=> Training epoch # 46	
 * Finished epoch # 46     top1:  47.959  top5:  18.125
	
=> Training epoch # 47	
 * Finished epoch # 47     top1:  44.453  top5:  16.025
	
=> Training epoch # 48	
 * Finished epoch # 48     top1:  50.703  top5:  20.439
	
=> Training epoch # 49	
 * Finished epoch # 49     top1:  45.254  top5:  15.938
	
=> Training epoch # 50	
 * Finished epoch # 50     top1:  43.086  top5:  14.180
	
 * Best model 	43.0859375	14.1796875	
=> Training epoch # 51	
 * Finished epoch # 51     top1:  44.453  top5:  14.902
	
=> Training epoch # 52	
 * Finished epoch # 52     top1:  49.189  top5:  19.014
	
=> Training epoch # 53	
 * Finished epoch # 53     top1:  47.676  top5:  18.984
	
=> Training epoch # 54	
 * Finished epoch # 54     top1:  42.061  top5:  14.824
	
 * Best model 	42.060546875	14.82421875	
=> Training epoch # 55	
 * Finished epoch # 55     top1:  44.453  top5:  15.752
	
=> Training epoch # 56	
 * Finished epoch # 56     top1:  46.777  top5:  18.174
	
=> Training epoch # 57	
 * Finished epoch # 57     top1:  42.188  top5:  14.570
	
=> Training epoch # 58	
 * Finished epoch # 58     top1:  43.955  top5:  15.293
	
=> Training epoch # 59	
 * Finished epoch # 59     top1:  45.801  top5:  16.787
	
=> Training epoch # 60	
 * Finished epoch # 60     top1:  47.275  top5:  18.008
	
=> Training epoch # 61	
 * Finished epoch # 61     top1:  43.730  top5:  15.107
	
=> Training epoch # 62	
 * Finished epoch # 62     top1:  43.955  top5:  15.078
	
=> Training epoch # 63	
 * Finished epoch # 63     top1:  47.100  top5:  16.895
	
=> Training epoch # 64	
 * Finished epoch # 64     top1:  43.633  top5:  14.600
	
=> Training epoch # 65	
 * Finished epoch # 65     top1:  41.719  top5:  14.443
	
 * Best model 	41.71875	14.443359375	
=> Training epoch # 66	
 * Finished epoch # 66     top1:  47.832  top5:  18.232
	
=> Training epoch # 67	
 * Finished epoch # 67     top1:  42.295  top5:  14.043
	
=> Training epoch # 68	
 * Finished epoch # 68     top1:  45.273  top5:  16.758
	
=> Training epoch # 69	
 * Finished epoch # 69     top1:  43.389  top5:  14.355
	
=> Training epoch # 70	
 * Finished epoch # 70     top1:  45.527  top5:  15.371
	
=> Training epoch # 71	
 * Finished epoch # 71     top1:  44.766  top5:  16.133
	
=> Training epoch # 72	
 * Finished epoch # 72     top1:  47.432  top5:  17.324
	
=> Training epoch # 73	
 * Finished epoch # 73     top1:  44.434  top5:  15.146
	
=> Training epoch # 74	
 * Finished epoch # 74     top1:  43.008  top5:  14.639
	
=> Training epoch # 75	
 * Finished epoch # 75     top1:  44.590  top5:  15.752
	
=> Training epoch # 76	
 * Finished epoch # 76     top1:  45.791  top5:  15.439
	
=> Training epoch # 77	
 * Finished epoch # 77     top1:  45.068  top5:  15.908
	
=> Training epoch # 78	
 * Finished epoch # 78     top1:  52.148  top5:  20.215
	
=> Training epoch # 79	
 * Finished epoch # 79     top1:  46.934  top5:  17.139
	
=> Training epoch # 80	
 * Finished epoch # 80     top1:  42.715  top5:  14.521
	
=> Training epoch # 81	
 * Finished epoch # 81     top1:  31.748  top5:   8.799
	
 * Best model 	31.748046875	8.798828125	
=> Training epoch # 82	
 * Finished epoch # 82     top1:  30.820  top5:   8.193
	
 * Best model 	30.8203125	8.193359375	
=> Training epoch # 83	
 * Finished epoch # 83     top1:  30.410  top5:   7.959
	
 * Best model 	30.41015625	7.958984375	
=> Training epoch # 84	
 * Finished epoch # 84     top1:  30.771  top5:   7.900
	
=> Training epoch # 85	
 * Finished epoch # 85     top1:  29.863  top5:   7.920
	
 * Best model 	29.86328125	7.919921875	
=> Training epoch # 86	
 * Finished epoch # 86     top1:  30.322  top5:   8.262
	
=> Training epoch # 87	
 * Finished epoch # 87     top1:  30.322  top5:   7.764
	
=> Training epoch # 88	
 * Finished epoch # 88     top1:  29.580  top5:   7.979
	
 * Best model 	29.580078125	7.978515625	
=> Training epoch # 89	
 * Finished epoch # 89     top1:  30.996  top5:   8.643
	
=> Training epoch # 90	
 * Finished epoch # 90     top1:  30.166  top5:   8.340
	
=> Training epoch # 91	
 * Finished epoch # 91     top1:  30.273  top5:   8.242
	
=> Training epoch # 92	
 * Finished epoch # 92     top1:  30.586  top5:   8.555
	
=> Training epoch # 93	
 * Finished epoch # 93     top1:  30.654  top5:   8.721
	
=> Training epoch # 94	
 * Finished epoch # 94     top1:  32.793  top5:   9.209
	
=> Training epoch # 95	
 * Finished epoch # 95     top1:  31.562  top5:   9.033
	
=> Training epoch # 96	
 * Finished epoch # 96     top1:  31.133  top5:   8.691
	
=> Training epoch # 97	
 * Finished epoch # 97     top1:  31.582  top5:   8.535
	
=> Training epoch # 98	
 * Finished epoch # 98     top1:  32.227  top5:   9.053
	
=> Training epoch # 99	
 * Finished epoch # 99     top1:  31.152  top5:   8.438
	
=> Training epoch # 100	
 * Finished epoch # 100     top1:  31.270  top5:   8.779
	
=> Training epoch # 101	
 * Finished epoch # 101     top1:  30.693  top5:   8.662
	
=> Training epoch # 102	
 * Finished epoch # 102     top1:  30.674  top5:   8.604
	
=> Training epoch # 103	
 * Finished epoch # 103     top1:  31.211  top5:   8.652
	
=> Training epoch # 104	
 * Finished epoch # 104     top1:  32.119  top5:   9.023
	
=> Training epoch # 105	
 * Finished epoch # 105     top1:  32.275  top5:   9.297
	
=> Training epoch # 106	
 * Finished epoch # 106     top1:  31.338  top5:   8.398
	
=> Training epoch # 107	
 * Finished epoch # 107     top1:  33.926  top5:   9.824
	
=> Training epoch # 108	
 * Finished epoch # 108     top1:  32.607  top5:   8.896
	
=> Training epoch # 109	
 * Finished epoch # 109     top1:  32.119  top5:   8.896
	
=> Training epoch # 110	
 * Finished epoch # 110     top1:  32.275  top5:   9.033
	
=> Training epoch # 111	
 * Finished epoch # 111     top1:  34.609  top5:  10.303
	
=> Training epoch # 112	
 * Finished epoch # 112     top1:  32.705  top5:   9.648
	
=> Training epoch # 113	
 * Finished epoch # 113     top1:  32.393  top5:   8.691
	
=> Training epoch # 114	
 * Finished epoch # 114     top1:  32.686  top5:   9.512
	
=> Training epoch # 115	
 * Finished epoch # 115     top1:  32.422  top5:   9.180
	
=> Training epoch # 116	
 * Finished epoch # 116     top1:  32.275  top5:   9.541
	
=> Training epoch # 117	
 * Finished epoch # 117     top1:  33.125  top5:   9.463
	
=> Training epoch # 118	
 * Finished epoch # 118     top1:  32.393  top5:   9.688
	
=> Training epoch # 119	
 * Finished epoch # 119     top1:  31.963  top5:   8.896
	
=> Training epoch # 120	
 * Finished epoch # 120     top1:  33.408  top5:   9.600
	
=> Training epoch # 121	
 * Finished epoch # 121     top1:  33.760  top5:   9.551
	
=> Training epoch # 122	
 * Finished epoch # 122     top1:  28.994  top5:   7.822
	
 * Best model 	28.994140625	7.822265625	
=> Training epoch # 123	
 * Finished epoch # 123     top1:  28.789  top5:   7.666
	
 * Best model 	28.7890625	7.666015625	
=> Training epoch # 124	
 * Finished epoch # 124     top1:  28.691  top5:   7.725
	
 * Best model 	28.69140625	7.724609375	
=> Training epoch # 125	
 * Finished epoch # 125     top1:  28.867  top5:   8.145
	
=> Training epoch # 126	
 * Finished epoch # 126     top1:  29.180  top5:   7.617
	
=> Training epoch # 127	
 * Finished epoch # 127     top1:  28.857  top5:   7.676
	
=> Training epoch # 128	
 * Finished epoch # 128     top1:  28.926  top5:   7.891
	
=> Training epoch # 129	
 * Finished epoch # 129     top1:  28.789  top5:   7.900
	
=> Training epoch # 130	
 * Finished epoch # 130     top1:  28.750  top5:   7.793
	
=> Training epoch # 131	
 * Finished epoch # 131     top1:  29.619  top5:   8.389
	
=> Training epoch # 132	
 * Finished epoch # 132     top1:  28.945  top5:   8.125
	
=> Training epoch # 133	
 * Finished epoch # 133     top1:  28.271  top5:   7.803
	
 * Best model 	28.271484375	7.802734375	
=> Training epoch # 134	
 * Finished epoch # 134     top1:  29.053  top5:   8.271
	
=> Training epoch # 135	
 * Finished epoch # 135     top1:  28.506  top5:   7.539
	
=> Training epoch # 136	
 * Finished epoch # 136     top1:  29.336  top5:   8.154
	
=> Training epoch # 137	
 * Finished epoch # 137     top1:  28.369  top5:   7.764
	
=> Training epoch # 138	
 * Finished epoch # 138     top1:  28.828  top5:   7.783
	
=> Training epoch # 139	
 * Finished epoch # 139     top1:  28.662  top5:   7.715
	
=> Training epoch # 140	
 * Finished epoch # 140     top1:  29.004  top5:   7.881
	
=> Training epoch # 141	
 * Finished epoch # 141     top1:  28.398  top5:   7.705
	
=> Training epoch # 142	
 * Finished epoch # 142     top1:  28.730  top5:   7.617
	
=> Training epoch # 143	
 * Finished epoch # 143     top1:  29.023  top5:   7.959
	
=> Training epoch # 144	
 * Finished epoch # 144     top1:  29.082  top5:   8.008
	
=> Training epoch # 145	
 * Finished epoch # 145     top1:  28.740  top5:   7.852
	
=> Training epoch # 146	
 * Finished epoch # 146     top1:  29.297  top5:   8.291
	
=> Training epoch # 147	
 * Finished epoch # 147     top1:  28.916  top5:   7.959
	
=> Training epoch # 148	
 * Finished epoch # 148     top1:  28.652  top5:   7.959
	
=> Training epoch # 149	
 * Finished epoch # 149     top1:  28.857  top5:   7.910
	
=> Training epoch # 150	
 * Finished epoch # 150     top1:  29.404  top5:   8.066
	
=> Training epoch # 151	
 * Finished epoch # 151     top1:  28.594  top5:   8.047
	
=> Training epoch # 152	
 * Finished epoch # 152     top1:  28.682  top5:   7.959
	
=> Training epoch # 153	
 * Finished epoch # 153     top1:  28.564  top5:   7.891
	
=> Training epoch # 154	
 * Finished epoch # 154     top1:  29.150  top5:   8.096
	
=> Training epoch # 155	
 * Finished epoch # 155     top1:  29.287  top5:   7.637
	
=> Training epoch # 156	
 * Finished epoch # 156     top1:  29.053  top5:   8.232
	
=> Training epoch # 157	
 * Finished epoch # 157     top1:  28.906  top5:   8.320
	
=> Training epoch # 158	
 * Finished epoch # 158     top1:  29.424  top5:   8.203
	
=> Training epoch # 159	
 * Finished epoch # 159     top1:  29.512  top5:   8.311
	
=> Training epoch # 160	
 * Finished epoch # 160     top1:  28.887  top5:   7.949
	
=> Training epoch # 161	
 * Finished epoch # 161     top1:  29.375  top5:   7.764
	
=> Training epoch # 162	
 * Finished epoch # 162     top1:  29.258  top5:   8.066
	
=> Training epoch # 163	
 * Finished epoch # 163     top1:  28.828  top5:   8.037
	
=> Training epoch # 164	
 * Finished epoch # 164     top1:  29.482  top5:   8.496
	
=> Training epoch # 165	
 * Finished epoch # 165     top1:  28.916  top5:   8.115
	
=> Training epoch # 166	
 * Finished epoch # 166     top1:  29.062  top5:   7.939
	
=> Training epoch # 167	
 * Finished epoch # 167     top1:  29.531  top5:   8.555
	
=> Training epoch # 168	
 * Finished epoch # 168     top1:  29.189  top5:   8.164
	
=> Training epoch # 169	
 * Finished epoch # 169     top1:  29.092  top5:   7.979
	
=> Training epoch # 170	
 * Finished epoch # 170     top1:  29.600  top5:   8.037
	
=> Training epoch # 171	
 * Finished epoch # 171     top1:  28.516  top5:   8.574
	
=> Training epoch # 172	
 * Finished epoch # 172     top1:  28.965  top5:   8.057
	
=> Training epoch # 173	
 * Finished epoch # 173     top1:  29.307  top5:   8.008
	
=> Training epoch # 174	
 * Finished epoch # 174     top1:  29.961  top5:   8.643
	
=> Training epoch # 175	
 * Finished epoch # 175     top1:  29.443  top5:   8.213
	
=> Training epoch # 176	
 * Finished epoch # 176     top1:  29.150  top5:   8.340
	
=> Training epoch # 177	
 * Finished epoch # 177     top1:  29.424  top5:   8.311
	
=> Training epoch # 178	
 * Finished epoch # 178     top1:  29.395  top5:   8.213
	
=> Training epoch # 179	
 * Finished epoch # 179     top1:  29.102  top5:   7.900
	
=> Training epoch # 180	
 * Finished epoch # 180     top1:  29.629  top5:   8.428
	
=> Training epoch # 181	
 * Finished epoch # 181     top1:  29.502  top5:   8.193
	
=> Training epoch # 182	
 * Finished epoch # 182     top1:  29.541  top5:   7.998
	
=> Training epoch # 183	
 * Finished epoch # 183     top1:  29.492  top5:   8.037
	
=> Training epoch # 184	
 * Finished epoch # 184     top1:  29.902  top5:   8.574
	
=> Training epoch # 185	
 * Finished epoch # 185     top1:  29.414  top5:   8.320
	
=> Training epoch # 186	
 * Finished epoch # 186     top1:  29.424  top5:   8.184
	
=> Training epoch # 187	
 * Finished epoch # 187     top1:  29.277  top5:   8.047
	
=> Training epoch # 188	
 * Finished epoch # 188     top1:  29.639  top5:   8.271
	
=> Training epoch # 189	
 * Finished epoch # 189     top1:  29.453  top5:   8.350
	
=> Training epoch # 190	
 * Finished epoch # 190     top1:  29.873  top5:   8.184
	
=> Training epoch # 191	
 * Finished epoch # 191     top1:  29.014  top5:   8.154
	
=> Training epoch # 192	
 * Finished epoch # 192     top1:  29.111  top5:   8.359
	
=> Training epoch # 193	
 * Finished epoch # 193     top1:  29.736  top5:   8.965
	
=> Training epoch # 194	
 * Finished epoch # 194     top1:  29.658  top5:   8.877
	
=> Training epoch # 195	
 * Finished epoch # 195     top1:  29.531  top5:   8.271
	
=> Training epoch # 196	
 * Finished epoch # 196     top1:  29.795  top5:   8.408
	
=> Training epoch # 197	
 * Finished epoch # 197     top1:  29.902  top5:   8.506
	
=> Training epoch # 198	
 * Finished epoch # 198     top1:  29.102  top5:   8.174
	
=> Training epoch # 199	
 * Finished epoch # 199     top1:  29.541  top5:   8.398
	
=> Training epoch # 200	
 * Finished epoch # 200     top1:  29.717  top5:   8.477
	
 * Finished top1: 28.271  top5:  7.803	
