{
  cudnn : "fastest"
  LR : 0.1
  nThreads : 2
  nClasses : 0
  batchSize : 256
  testOnly : false
  netType : "resnet"
  resetClassifier : false
  shortcutType : "A"
  gen : "gen"
  nGPU : 1
  depth : 32
  weightDecay : 0.001
  data : ""
  dataset : "cifar100"
  epochNumber : 1
  manualSeed : 2
  resume : "results/try3/cifar100/32"
  optimState : "none"
  nEpochs : 200
  tenCrop : false
  shareGradInput : false
  backend : "cudnn"
  momentum : 0.9
  retrain : "none"
}
=> Creating model from file: models/resnet.lua	
 | ResNet-32 CIFAR-100	
nn.Sequential {
  [input -> (1) -> (2) -> (3) -> (4) -> (5) -> (6) -> (7) -> (8) -> (9) -> output]
  (1): cudnn.SpatialConvolution(3 -> 16, 3x3, 1,1, 1,1) without bias
  (2): nn.Sequential {
    [input -> (1) -> (2) -> (3) -> output]
    (1): nn.ConstrainedDiv
    (2): nn.ELU (alpha:1.000000)
    (3): nn.ConstrainedMul
  }
  (3): nn.Sequential {
    [input -> (1) -> (2) -> (3) -> (4) -> (5) -> output]
    (1): nn.Sequential {
      [input -> (1) -> (2) -> output]
      (1): nn.ConcatTable {
        input
          |`-> (1): nn.Sequential {
          |      [input -> (1) -> (2) -> (3) -> (4) -> output]
          |      (1): cudnn.SpatialConvolution(16 -> 16, 3x3, 1,1, 1,1) without bias
          |      (2): nn.Sequential {
          |        [input -> (1) -> (2) -> (3) -> output]
          |        (1): nn.ConstrainedDiv
          |        (2): nn.ELU (alpha:1.000000)
          |        (3): nn.ConstrainedMul
          |      }
          |      (3): cudnn.SpatialConvolution(16 -> 16, 3x3, 1,1, 1,1) without bias
          |      (4): nn.SpatialBatchNormalization (4D) (16)
          |    }
           `-> (2): nn.Identity
           ... -> output
      }
      (2): nn.CAddTable
    }
    (2): nn.Sequential {
      [input -> (1) -> (2) -> output]
      (1): nn.ConcatTable {
        input
          |`-> (1): nn.Sequential {
          |      [input -> (1) -> (2) -> (3) -> (4) -> output]
          |      (1): cudnn.SpatialConvolution(16 -> 16, 3x3, 1,1, 1,1) without bias
          |      (2): nn.Sequential {
          |        [input -> (1) -> (2) -> (3) -> output]
          |        (1): nn.ConstrainedDiv
          |        (2): nn.ELU (alpha:1.000000)
          |        (3): nn.ConstrainedMul
          |      }
          |      (3): cudnn.SpatialConvolution(16 -> 16, 3x3, 1,1, 1,1) without bias
          |      (4): nn.SpatialBatchNormalization (4D) (16)
          |    }
           `-> (2): nn.Identity
           ... -> output
      }
      (2): nn.CAddTable
    }
    (3): nn.Sequential {
      [input -> (1) -> (2) -> output]
      (1): nn.ConcatTable {
        input
          |`-> (1): nn.Sequential {
          |      [input -> (1) -> (2) -> (3) -> (4) -> output]
          |      (1): cudnn.SpatialConvolution(16 -> 16, 3x3, 1,1, 1,1) without bias
          |      (2): nn.Sequential {
          |        [input -> (1) -> (2) -> (3) -> output]
          |        (1): nn.ConstrainedDiv
          |        (2): nn.ELU (alpha:1.000000)
          |        (3): nn.ConstrainedMul
          |      }
          |      (3): cudnn.SpatialConvolution(16 -> 16, 3x3, 1,1, 1,1) without bias
          |      (4): nn.SpatialBatchNormalization (4D) (16)
          |    }
           `-> (2): nn.Identity
           ... -> output
      }
      (2): nn.CAddTable
    }
    (4): nn.Sequential {
      [input -> (1) -> (2) -> output]
      (1): nn.ConcatTable {
        input
          |`-> (1): nn.Sequential {
          |      [input -> (1) -> (2) -> (3) -> (4) -> output]
          |      (1): cudnn.SpatialConvolution(16 -> 16, 3x3, 1,1, 1,1) without bias
          |      (2): nn.Sequential {
          |        [input -> (1) -> (2) -> (3) -> output]
          |        (1): nn.ConstrainedDiv
          |        (2): nn.ELU (alpha:1.000000)
          |        (3): nn.ConstrainedMul
          |      }
          |      (3): cudnn.SpatialConvolution(16 -> 16, 3x3, 1,1, 1,1) without bias
          |      (4): nn.SpatialBatchNormalization (4D) (16)
          |    }
           `-> (2): nn.Identity
           ... -> output
      }
      (2): nn.CAddTable
    }
    (5): nn.Sequential {
      [input -> (1) -> (2) -> output]
      (1): nn.ConcatTable {
        input
          |`-> (1): nn.Sequential {
          |      [input -> (1) -> (2) -> (3) -> (4) -> output]
          |      (1): cudnn.SpatialConvolution(16 -> 16, 3x3, 1,1, 1,1) without bias
          |      (2): nn.Sequential {
          |        [input -> (1) -> (2) -> (3) -> output]
          |        (1): nn.ConstrainedDiv
          |        (2): nn.ELU (alpha:1.000000)
          |        (3): nn.ConstrainedMul
          |      }
          |      (3): cudnn.SpatialConvolution(16 -> 16, 3x3, 1,1, 1,1) without bias
          |      (4): nn.SpatialBatchNormalization (4D) (16)
          |    }
           `-> (2): nn.Identity
           ... -> output
      }
      (2): nn.CAddTable
    }
  }
  (4): nn.Sequential {
    [input -> (1) -> (2) -> (3) -> (4) -> (5) -> output]
    (1): nn.Sequential {
      [input -> (1) -> (2) -> output]
      (1): nn.ConcatTable {
        input
          |`-> (1): nn.Sequential {
          |      [input -> (1) -> (2) -> (3) -> (4) -> output]
          |      (1): cudnn.SpatialConvolution(16 -> 32, 3x3, 2,2, 1,1) without bias
          |      (2): nn.Sequential {
          |        [input -> (1) -> (2) -> (3) -> output]
          |        (1): nn.ConstrainedDiv
          |        (2): nn.ELU (alpha:1.000000)
          |        (3): nn.ConstrainedMul
          |      }
          |      (3): cudnn.SpatialConvolution(32 -> 32, 3x3, 1,1, 1,1) without bias
          |      (4): nn.SpatialBatchNormalization (4D) (32)
          |    }
           `-> (2): nn.Sequential {
                 [input -> (1) -> (2) -> output]
                 (1): nn.SpatialAveragePooling(1x1, 2,2)
                 (2): nn.Concat {
                   input
                     |`-> (1): nn.Identity
                      `-> (2): nn.MulConstant
                      ... -> output
                 }
               }
           ... -> output
      }
      (2): nn.CAddTable
    }
    (2): nn.Sequential {
      [input -> (1) -> (2) -> output]
      (1): nn.ConcatTable {
        input
          |`-> (1): nn.Sequential {
          |      [input -> (1) -> (2) -> (3) -> (4) -> output]
          |      (1): cudnn.SpatialConvolution(32 -> 32, 3x3, 1,1, 1,1) without bias
          |      (2): nn.Sequential {
          |        [input -> (1) -> (2) -> (3) -> output]
          |        (1): nn.ConstrainedDiv
          |        (2): nn.ELU (alpha:1.000000)
          |        (3): nn.ConstrainedMul
          |      }
          |      (3): cudnn.SpatialConvolution(32 -> 32, 3x3, 1,1, 1,1) without bias
          |      (4): nn.SpatialBatchNormalization (4D) (32)
          |    }
           `-> (2): nn.Identity
           ... -> output
      }
      (2): nn.CAddTable
    }
    (3): nn.Sequential {
      [input -> (1) -> (2) -> output]
      (1): nn.ConcatTable {
        input
          |`-> (1): nn.Sequential {
          |      [input -> (1) -> (2) -> (3) -> (4) -> output]
          |      (1): cudnn.SpatialConvolution(32 -> 32, 3x3, 1,1, 1,1) without bias
          |      (2): nn.Sequential {
          |        [input -> (1) -> (2) -> (3) -> output]
          |        (1): nn.ConstrainedDiv
          |        (2): nn.ELU (alpha:1.000000)
          |        (3): nn.ConstrainedMul
          |      }
          |      (3): cudnn.SpatialConvolution(32 -> 32, 3x3, 1,1, 1,1) without bias
          |      (4): nn.SpatialBatchNormalization (4D) (32)
          |    }
           `-> (2): nn.Identity
           ... -> output
      }
      (2): nn.CAddTable
    }
    (4): nn.Sequential {
      [input -> (1) -> (2) -> output]
      (1): nn.ConcatTable {
        input
          |`-> (1): nn.Sequential {
          |      [input -> (1) -> (2) -> (3) -> (4) -> output]
          |      (1): cudnn.SpatialConvolution(32 -> 32, 3x3, 1,1, 1,1) without bias
          |      (2): nn.Sequential {
          |        [input -> (1) -> (2) -> (3) -> output]
          |        (1): nn.ConstrainedDiv
          |        (2): nn.ELU (alpha:1.000000)
          |        (3): nn.ConstrainedMul
          |      }
          |      (3): cudnn.SpatialConvolution(32 -> 32, 3x3, 1,1, 1,1) without bias
          |      (4): nn.SpatialBatchNormalization (4D) (32)
          |    }
           `-> (2): nn.Identity
           ... -> output
      }
      (2): nn.CAddTable
    }
    (5): nn.Sequential {
      [input -> (1) -> (2) -> output]
      (1): nn.ConcatTable {
        input
          |`-> (1): nn.Sequential {
          |      [input -> (1) -> (2) -> (3) -> (4) -> output]
          |      (1): cudnn.SpatialConvolution(32 -> 32, 3x3, 1,1, 1,1) without bias
          |      (2): nn.Sequential {
          |        [input -> (1) -> (2) -> (3) -> output]
          |        (1): nn.ConstrainedDiv
          |        (2): nn.ELU (alpha:1.000000)
          |        (3): nn.ConstrainedMul
          |      }
          |      (3): cudnn.SpatialConvolution(32 -> 32, 3x3, 1,1, 1,1) without bias
          |      (4): nn.SpatialBatchNormalization (4D) (32)
          |    }
           `-> (2): nn.Identity
           ... -> output
      }
      (2): nn.CAddTable
    }
  }
  (5): nn.Sequential {
    [input -> (1) -> (2) -> (3) -> (4) -> (5) -> output]
    (1): nn.Sequential {
      [input -> (1) -> (2) -> output]
      (1): nn.ConcatTable {
        input
          |`-> (1): nn.Sequential {
          |      [input -> (1) -> (2) -> (3) -> (4) -> output]
          |      (1): cudnn.SpatialConvolution(32 -> 64, 3x3, 2,2, 1,1) without bias
          |      (2): nn.Sequential {
          |        [input -> (1) -> (2) -> (3) -> output]
          |        (1): nn.ConstrainedDiv
          |        (2): nn.ELU (alpha:1.000000)
          |        (3): nn.ConstrainedMul
          |      }
          |      (3): cudnn.SpatialConvolution(64 -> 64, 3x3, 1,1, 1,1) without bias
          |      (4): nn.SpatialBatchNormalization (4D) (64)
          |    }
           `-> (2): nn.Sequential {
                 [input -> (1) -> (2) -> output]
                 (1): nn.SpatialAveragePooling(1x1, 2,2)
                 (2): nn.Concat {
                   input
                     |`-> (1): nn.Identity
                      `-> (2): nn.MulConstant
                      ... -> output
                 }
               }
           ... -> output
      }
      (2): nn.CAddTable
    }
    (2): nn.Sequential {
      [input -> (1) -> (2) -> output]
      (1): nn.ConcatTable {
        input
          |`-> (1): nn.Sequential {
          |      [input -> (1) -> (2) -> (3) -> (4) -> output]
          |      (1): cudnn.SpatialConvolution(64 -> 64, 3x3, 1,1, 1,1) without bias
          |      (2): nn.Sequential {
          |        [input -> (1) -> (2) -> (3) -> output]
          |        (1): nn.ConstrainedDiv
          |        (2): nn.ELU (alpha:1.000000)
          |        (3): nn.ConstrainedMul
          |      }
          |      (3): cudnn.SpatialConvolution(64 -> 64, 3x3, 1,1, 1,1) without bias
          |      (4): nn.SpatialBatchNormalization (4D) (64)
          |    }
           `-> (2): nn.Identity
           ... -> output
      }
      (2): nn.CAddTable
    }
    (3): nn.Sequential {
      [input -> (1) -> (2) -> output]
      (1): nn.ConcatTable {
        input
          |`-> (1): nn.Sequential {
          |      [input -> (1) -> (2) -> (3) -> (4) -> output]
          |      (1): cudnn.SpatialConvolution(64 -> 64, 3x3, 1,1, 1,1) without bias
          |      (2): nn.Sequential {
          |        [input -> (1) -> (2) -> (3) -> output]
          |        (1): nn.ConstrainedDiv
          |        (2): nn.ELU (alpha:1.000000)
          |        (3): nn.ConstrainedMul
          |      }
          |      (3): cudnn.SpatialConvolution(64 -> 64, 3x3, 1,1, 1,1) without bias
          |      (4): nn.SpatialBatchNormalization (4D) (64)
          |    }
           `-> (2): nn.Identity
           ... -> output
      }
      (2): nn.CAddTable
    }
    (4): nn.Sequential {
      [input -> (1) -> (2) -> output]
      (1): nn.ConcatTable {
        input
          |`-> (1): nn.Sequential {
          |      [input -> (1) -> (2) -> (3) -> (4) -> output]
          |      (1): cudnn.SpatialConvolution(64 -> 64, 3x3, 1,1, 1,1) without bias
          |      (2): nn.Sequential {
          |        [input -> (1) -> (2) -> (3) -> output]
          |        (1): nn.ConstrainedDiv
          |        (2): nn.ELU (alpha:1.000000)
          |        (3): nn.ConstrainedMul
          |      }
          |      (3): cudnn.SpatialConvolution(64 -> 64, 3x3, 1,1, 1,1) without bias
          |      (4): nn.SpatialBatchNormalization (4D) (64)
          |    }
           `-> (2): nn.Identity
           ... -> output
      }
      (2): nn.CAddTable
    }
    (5): nn.Sequential {
      [input -> (1) -> (2) -> output]
      (1): nn.ConcatTable {
        input
          |`-> (1): nn.Sequential {
          |      [input -> (1) -> (2) -> (3) -> (4) -> output]
          |      (1): cudnn.SpatialConvolution(64 -> 64, 3x3, 1,1, 1,1) without bias
          |      (2): nn.Sequential {
          |        [input -> (1) -> (2) -> (3) -> output]
          |        (1): nn.ConstrainedDiv
          |        (2): nn.ELU (alpha:1.000000)
          |        (3): nn.ConstrainedMul
          |      }
          |      (3): cudnn.SpatialConvolution(64 -> 64, 3x3, 1,1, 1,1) without bias
          |      (4): nn.SpatialBatchNormalization (4D) (64)
          |    }
           `-> (2): nn.Identity
           ... -> output
      }
      (2): nn.CAddTable
    }
  }
  (6): nn.Sequential {
    [input -> (1) -> (2) -> (3) -> output]
    (1): nn.ConstrainedDiv
    (2): nn.ELU (alpha:1.000000)
    (3): nn.ConstrainedMul
  }
  (7): cudnn.SpatialAveragePooling(8x8, 1,1)
  (8): nn.View(64)
  (9): nn.Linear(64 -> 100)
}
=> Training epoch # 1	
 * Finished epoch # 1     top1:  88.506  top5:  65.215
	
 * Best model 	88.505859375	65.21484375	
=> Training epoch # 2	
 * Finished epoch # 2     top1:  77.939  top5:  47.695
	
 * Best model 	77.939453125	47.6953125	
=> Training epoch # 3	
 * Finished epoch # 3     top1:  67.588  top5:  35.859
	
 * Best model 	67.587890625	35.859375	
=> Training epoch # 4	
 * Finished epoch # 4     top1:  63.789  top5:  30.850
	
 * Best model 	63.7890625	30.849609375	
=> Training epoch # 5	
 * Finished epoch # 5     top1:  61.846  top5:  29.521
	
 * Best model 	61.845703125	29.521484375	
=> Training epoch # 6	
 * Finished epoch # 6     top1:  56.426  top5:  24.863
	
 * Best model 	56.42578125	24.86328125	
=> Training epoch # 7	
 * Finished epoch # 7     top1:  54.053  top5:  22.764
	
 * Best model 	54.052734375	22.763671875	
=> Training epoch # 8	
 * Finished epoch # 8     top1:  55.498  top5:  23.760
	
=> Training epoch # 9	
 * Finished epoch # 9     top1:  55.996  top5:  24.531
	
=> Training epoch # 10	
 * Finished epoch # 10     top1:  49.062  top5:  19.092
	
 * Best model 	49.0625	19.091796875	
=> Training epoch # 11	
 * Finished epoch # 11     top1:  56.768  top5:  24.229
	
=> Training epoch # 12	
 * Finished epoch # 12     top1:  48.730  top5:  18.857
	
 * Best model 	48.73046875	18.857421875	
=> Training epoch # 13	
 * Finished epoch # 13     top1:  50.635  top5:  19.561
	
=> Training epoch # 14	
 * Finished epoch # 14     top1:  48.301  top5:  19.062
	
 * Best model 	48.30078125	19.0625	
=> Training epoch # 15	
 * Finished epoch # 15     top1:  47.959  top5:  18.994
	
 * Best model 	47.958984375	18.994140625	
=> Training epoch # 16	
 * Finished epoch # 16     top1:  48.213  top5:  18.740
	
=> Training epoch # 17	
 * Finished epoch # 17     top1:  47.979  top5:  18.525
	
=> Training epoch # 18	
 * Finished epoch # 18     top1:  46.855  top5:  16.553
	
 * Best model 	46.85546875	16.552734375	
=> Training epoch # 19	
 * Finished epoch # 19     top1:  51.797  top5:  20.635
	
=> Training epoch # 20	
 * Finished epoch # 20     top1:  47.529  top5:  17.012
	
=> Training epoch # 21	
 * Finished epoch # 21     top1:  48.936  top5:  19.150
	
=> Training epoch # 22	
 * Finished epoch # 22     top1:  49.111  top5:  19.492
	
=> Training epoch # 23	
 * Finished epoch # 23     top1:  47.520  top5:  18.213
	
=> Training epoch # 24	
 * Finished epoch # 24     top1:  48.164  top5:  16.992
	
=> Training epoch # 25	
 * Finished epoch # 25     top1:  47.822  top5:  18.174
	
=> Training epoch # 26	
 * Finished epoch # 26     top1:  47.207  top5:  17.354
	
=> Training epoch # 27	
 * Finished epoch # 27     top1:  45.996  top5:  16.602
	
 * Best model 	45.99609375	16.6015625	
=> Training epoch # 28	
 * Finished epoch # 28     top1:  47.168  top5:  18.086
	
=> Training epoch # 29	
 * Finished epoch # 29     top1:  44.746  top5:  16.270
	
 * Best model 	44.74609375	16.26953125	
=> Training epoch # 30	
 * Finished epoch # 30     top1:  48.457  top5:  17.754
	
=> Training epoch # 31	
 * Finished epoch # 31     top1:  46.172  top5:  15.605
	
=> Training epoch # 32	
 * Finished epoch # 32     top1:  45.566  top5:  16.611
	
=> Training epoch # 33	
 * Finished epoch # 33     top1:  45.723  top5:  16.406
	
=> Training epoch # 34	
 * Finished epoch # 34     top1:  50.254  top5:  18.799
	
=> Training epoch # 35	
 * Finished epoch # 35     top1:  43.154  top5:  14.707
	
 * Best model 	43.154296875	14.70703125	
=> Training epoch # 36	
 * Finished epoch # 36     top1:  42.744  top5:  14.375
	
 * Best model 	42.744140625	14.375	
=> Training epoch # 37	
 * Finished epoch # 37     top1:  46.572  top5:  16.631
	
=> Training epoch # 38	
 * Finished epoch # 38     top1:  47.090  top5:  17.275
	
=> Training epoch # 39	
 * Finished epoch # 39     top1:  45.684  top5:  16.660
	
=> Training epoch # 40	
 * Finished epoch # 40     top1:  50.107  top5:  19.395
	
=> Training epoch # 41	
 * Finished epoch # 41     top1:  48.545  top5:  17.822
	
=> Training epoch # 42	
 * Finished epoch # 42     top1:  46.758  top5:  17.998
	
=> Training epoch # 43	
 * Finished epoch # 43     top1:  46.318  top5:  17.588
	
=> Training epoch # 44	
 * Finished epoch # 44     top1:  44.053  top5:  15.547
	
=> Training epoch # 45	
 * Finished epoch # 45     top1:  45.918  top5:  17.236
	
=> Training epoch # 46	
 * Finished epoch # 46     top1:  46.250  top5:  16.914
	
=> Training epoch # 47	
 * Finished epoch # 47     top1:  45.459  top5:  16.523
	
=> Training epoch # 48	
 * Finished epoch # 48     top1:  46.455  top5:  17.217
	
=> Training epoch # 49	
 * Finished epoch # 49     top1:  45.918  top5:  15.459
	
=> Training epoch # 50	
 * Finished epoch # 50     top1:  43.896  top5:  15.625
	
=> Training epoch # 51	
 * Finished epoch # 51     top1:  44.414  top5:  16.357
	
=> Training epoch # 52	
 * Finished epoch # 52     top1:  46.904  top5:  18.174
	
=> Training epoch # 53	
 * Finished epoch # 53     top1:  46.084  top5:  17.383
	
=> Training epoch # 54	
 * Finished epoch # 54     top1:  42.539  top5:  14.658
	
 * Best model 	42.5390625	14.658203125	
=> Training epoch # 55	
 * Finished epoch # 55     top1:  42.314  top5:  14.229
	
 * Best model 	42.314453125	14.228515625	
=> Training epoch # 56	
 * Finished epoch # 56     top1:  45.293  top5:  15.664
	
=> Training epoch # 57	
 * Finished epoch # 57     top1:  47.188  top5:  17.354
	
=> Training epoch # 58	
 * Finished epoch # 58     top1:  44.414  top5:  15.869
	
=> Training epoch # 59	
 * Finished epoch # 59     top1:  44.795  top5:  16.602
	
=> Training epoch # 60	
 * Finished epoch # 60     top1:  45.303  top5:  15.781
	
=> Training epoch # 61	
 * Finished epoch # 61     top1:  43.027  top5:  15.137
	
=> Training epoch # 62	
 * Finished epoch # 62     top1:  43.701  top5:  15.215
	
=> Training epoch # 63	
 * Finished epoch # 63     top1:  43.291  top5:  15.244
	
=> Training epoch # 64	
 * Finished epoch # 64     top1:  44.189  top5:  14.902
	
=> Training epoch # 65	
 * Finished epoch # 65     top1:  45.664  top5:  16.719
	
=> Training epoch # 66	
 * Finished epoch # 66     top1:  42.588  top5:  13.984
	
=> Training epoch # 67	
 * Finished epoch # 67     top1:  44.580  top5:  15.625
	
=> Training epoch # 68	
 * Finished epoch # 68     top1:  46.045  top5:  17.314
	
=> Training epoch # 69	
 * Finished epoch # 69     top1:  45.098  top5:  15.996
	
=> Training epoch # 70	
 * Finished epoch # 70     top1:  43.984  top5:  15.010
	
=> Training epoch # 71	
 * Finished epoch # 71     top1:  43.662  top5:  14.873
	
=> Training epoch # 72	
 * Finished epoch # 72     top1:  48.154  top5:  19.053
	
=> Training epoch # 73	
 * Finished epoch # 73     top1:  43.438  top5:  14.785
	
=> Training epoch # 74	
 * Finished epoch # 74     top1:  42.197  top5:  14.297
	
 * Best model 	42.197265625	14.296875	
=> Training epoch # 75	
 * Finished epoch # 75     top1:  45.508  top5:  16.650
	
=> Training epoch # 76	
 * Finished epoch # 76     top1:  44.473  top5:  16.211
	
=> Training epoch # 77	
 * Finished epoch # 77     top1:  42.334  top5:  14.287
	
=> Training epoch # 78	
 * Finished epoch # 78     top1:  48.066  top5:  17.559
	
=> Training epoch # 79	
 * Finished epoch # 79     top1:  44.248  top5:  15.400
	
=> Training epoch # 80	
 * Finished epoch # 80     top1:  44.570  top5:  17.070
	
=> Training epoch # 81	
 * Finished epoch # 81     top1:  31.787  top5:   8.662
	
 * Best model 	31.787109375	8.662109375	
=> Training epoch # 82	
 * Finished epoch # 82     top1:  30.010  top5:   8.164
	
 * Best model 	30.009765625	8.1640625	
=> Training epoch # 83	
 * Finished epoch # 83     top1:  30.918  top5:   8.291
	
=> Training epoch # 84	
 * Finished epoch # 84     top1:  31.475  top5:   8.672
	
=> Training epoch # 85	
 * Finished epoch # 85     top1:  30.996  top5:   8.389
	
=> Training epoch # 86	
 * Finished epoch # 86     top1:  30.928  top5:   8.223
	
=> Training epoch # 87	
 * Finished epoch # 87     top1:  30.254  top5:   8.652
	
=> Training epoch # 88	
 * Finished epoch # 88     top1:  30.840  top5:   8.115
	
=> Training epoch # 89	
 * Finished epoch # 89     top1:  30.586  top5:   8.418
	
=> Training epoch # 90	
 * Finished epoch # 90     top1:  30.684  top5:   8.281
	
=> Training epoch # 91	
 * Finished epoch # 91     top1:  31.299  top5:   8.359
	
=> Training epoch # 92	
 * Finished epoch # 92     top1:  31.455  top5:   9.121
	
=> Training epoch # 93	
 * Finished epoch # 93     top1:  31.875  top5:   9.043
	
=> Training epoch # 94	
 * Finished epoch # 94     top1:  31.699  top5:   9.150
	
=> Training epoch # 95	
 * Finished epoch # 95     top1:  31.221  top5:   9.121
	
=> Training epoch # 96	
 * Finished epoch # 96     top1:  32.168  top5:   9.141
	
=> Training epoch # 97	
 * Finished epoch # 97     top1:  31.729  top5:   8.604
	
=> Training epoch # 98	
 * Finished epoch # 98     top1:  31.816  top5:   9.111
	
=> Training epoch # 99	
 * Finished epoch # 99     top1:  30.869  top5:   8.633
	
=> Training epoch # 100	
 * Finished epoch # 100     top1:  32.031  top5:   9.678
	
=> Training epoch # 101	
 * Finished epoch # 101     top1:  31.592  top5:   9.346
	
=> Training epoch # 102	
 * Finished epoch # 102     top1:  31.758  top5:   9.160
	
=> Training epoch # 103	
 * Finished epoch # 103     top1:  31.895  top5:   9.258
	
=> Training epoch # 104	
 * Finished epoch # 104     top1:  31.885  top5:   9.258
	
=> Training epoch # 105	
 * Finished epoch # 105     top1:  32.832  top5:   9.688
	
=> Training epoch # 106	
 * Finished epoch # 106     top1:  32.832  top5:   9.385
	
=> Training epoch # 107	
 * Finished epoch # 107     top1:  32.979  top5:   9.033
	
=> Training epoch # 108	
 * Finished epoch # 108     top1:  32.256  top5:   9.141
	
=> Training epoch # 109	
 * Finished epoch # 109     top1:  32.920  top5:   9.189
	
=> Training epoch # 110	
 * Finished epoch # 110     top1:  32.803  top5:   9.619
	
=> Training epoch # 111	
 * Finished epoch # 111     top1:  33.486  top5:  10.508
	
=> Training epoch # 112	
 * Finished epoch # 112     top1:  33.193  top5:  10.000
	
=> Training epoch # 113	
 * Finished epoch # 113     top1:  33.096  top5:   9.961
	
=> Training epoch # 114	
 * Finished epoch # 114     top1:  32.900  top5:   9.414
	
=> Training epoch # 115	
 * Finished epoch # 115     top1:  32.764  top5:  10.039
	
=> Training epoch # 116	
 * Finished epoch # 116     top1:  33.096  top5:   9.727
	
=> Training epoch # 117	
 * Finished epoch # 117     top1:  33.018  top5:   9.854
	
=> Training epoch # 118	
 * Finished epoch # 118     top1:  32.627  top5:   9.873
	
=> Training epoch # 119	
 * Finished epoch # 119     top1:  32.344  top5:   9.668
	
=> Training epoch # 120	
 * Finished epoch # 120     top1:  32.793  top5:  10.332
	
=> Training epoch # 121	
 * Finished epoch # 121     top1:  33.262  top5:  10.029
	
=> Training epoch # 122	
 * Finished epoch # 122     top1:  29.502  top5:   8.281
	
 * Best model 	29.501953125	8.28125	
=> Training epoch # 123	
 * Finished epoch # 123     top1:  29.199  top5:   8.389
	
 * Best model 	29.19921875	8.388671875	
=> Training epoch # 124	
 * Finished epoch # 124     top1:  28.975  top5:   8.135
	
 * Best model 	28.974609375	8.134765625	
=> Training epoch # 125	
 * Finished epoch # 125     top1:  29.062  top5:   8.281
	
=> Training epoch # 126	
 * Finished epoch # 126     top1:  29.180  top5:   8.262
	
=> Training epoch # 127	
 * Finished epoch # 127     top1:  28.975  top5:   8.096
	
=> Training epoch # 128	
 * Finished epoch # 128     top1:  29.102  top5:   8.477
	
=> Training epoch # 129	
 * Finished epoch # 129     top1:  28.936  top5:   7.998
	
 * Best model 	28.935546875	7.998046875	
=> Training epoch # 130	
 * Finished epoch # 130     top1:  29.102  top5:   8.320
	
=> Training epoch # 131	
 * Finished epoch # 131     top1:  29.434  top5:   8.848
	
=> Training epoch # 132	
 * Finished epoch # 132     top1:  29.121  top5:   8.545
	
=> Training epoch # 133	
 * Finished epoch # 133     top1:  28.916  top5:   8.203
	
 * Best model 	28.916015625	8.203125	
=> Training epoch # 134	
 * Finished epoch # 134     top1:  29.629  top5:   8.486
	
=> Training epoch # 135	
 * Finished epoch # 135     top1:  28.750  top5:   8.252
	
 * Best model 	28.75	8.251953125	
=> Training epoch # 136	
 * Finished epoch # 136     top1:  29.512  top5:   8.613
	
=> Training epoch # 137	
 * Finished epoch # 137     top1:  29.404  top5:   8.281
	
=> Training epoch # 138	
 * Finished epoch # 138     top1:  29.023  top5:   8.389
	
=> Training epoch # 139	
 * Finished epoch # 139     top1:  29.629  top5:   8.701
	
=> Training epoch # 140	
 * Finished epoch # 140     top1:  28.887  top5:   8.262
	
=> Training epoch # 141	
 * Finished epoch # 141     top1:  29.580  top5:   8.262
	
=> Training epoch # 142	
 * Finished epoch # 142     top1:  29.121  top5:   8.320
	
=> Training epoch # 143	
 * Finished epoch # 143     top1:  29.590  top5:   8.926
	
=> Training epoch # 144	
 * Finished epoch # 144     top1:  29.258  top5:   8.428
	
=> Training epoch # 145	
 * Finished epoch # 145     top1:  29.375  top5:   8.350
	
=> Training epoch # 146	
 * Finished epoch # 146     top1:  29.551  top5:   8.311
	
=> Training epoch # 147	
 * Finished epoch # 147     top1:  29.434  top5:   8.916
	
=> Training epoch # 148	
 * Finished epoch # 148     top1:  29.424  top5:   8.389
	
=> Training epoch # 149	
 * Finished epoch # 149     top1:  29.424  top5:   8.311
	
=> Training epoch # 150	
 * Finished epoch # 150     top1:  29.229  top5:   8.379
	
=> Training epoch # 151	
 * Finished epoch # 151     top1:  29.629  top5:   8.545
	
=> Training epoch # 152	
 * Finished epoch # 152     top1:  29.424  top5:   8.555
	
=> Training epoch # 153	
 * Finished epoch # 153     top1:  28.682  top5:   8.486
	
 * Best model 	28.681640625	8.486328125	
=> Training epoch # 154	
 * Finished epoch # 154     top1:  29.512  top5:   8.486
	
=> Training epoch # 155	
 * Finished epoch # 155     top1:  29.336  top5:   8.643
	
=> Training epoch # 156	
 * Finished epoch # 156     top1:  29.326  top5:   8.691
	
=> Training epoch # 157	
 * Finished epoch # 157     top1:  29.072  top5:   8.594
	
=> Training epoch # 158	
 * Finished epoch # 158     top1:  29.482  top5:   8.486
	
=> Training epoch # 159	
 * Finished epoch # 159     top1:  29.844  top5:   8.496
	
=> Training epoch # 160	
 * Finished epoch # 160     top1:  29.629  top5:   8.525
	
=> Training epoch # 161	
 * Finished epoch # 161     top1:  29.424  top5:   8.564
	
=> Training epoch # 162	
 * Finished epoch # 162     top1:  29.131  top5:   8.271
	
=> Training epoch # 163	
 * Finished epoch # 163     top1:  29.346  top5:   8.633
	
=> Training epoch # 164	
 * Finished epoch # 164     top1:  29.805  top5:   8.662
	
=> Training epoch # 165	
 * Finished epoch # 165     top1:  29.824  top5:   8.564
	
=> Training epoch # 166	
 * Finished epoch # 166     top1:  29.443  top5:   8.447
	
=> Training epoch # 167	
 * Finished epoch # 167     top1:  29.561  top5:   8.906
	
=> Training epoch # 168	
 * Finished epoch # 168     top1:  29.336  top5:   8.438
	
=> Training epoch # 169	
 * Finished epoch # 169     top1:  29.014  top5:   8.506
	
=> Training epoch # 170	
 * Finished epoch # 170     top1:  29.814  top5:   8.516
	
=> Training epoch # 171	
 * Finished epoch # 171     top1:  29.785  top5:   8.789
	
=> Training epoch # 172	
 * Finished epoch # 172     top1:  29.531  top5:   8.535
	
=> Training epoch # 173	
 * Finished epoch # 173     top1:  29.941  top5:   8.643
	
=> Training epoch # 174	
 * Finished epoch # 174     top1:  30.010  top5:   8.740
	
=> Training epoch # 175	
 * Finished epoch # 175     top1:  29.873  top5:   8.467
	
=> Training epoch # 176	
 * Finished epoch # 176     top1:  29.473  top5:   9.023
	
=> Training epoch # 177	
 * Finished epoch # 177     top1:  29.521  top5:   9.131
	
=> Training epoch # 178	
 * Finished epoch # 178     top1:  29.902  top5:   8.691
	
=> Training epoch # 179	
 * Finished epoch # 179     top1:  29.883  top5:   8.838
	
=> Training epoch # 180	
 * Finished epoch # 180     top1:  29.648  top5:   8.604
	
=> Training epoch # 181	
 * Finished epoch # 181     top1:  29.883  top5:   8.584
	
=> Training epoch # 182	
 * Finished epoch # 182     top1:  30.049  top5:   8.711
	
=> Training epoch # 183	
 * Finished epoch # 183     top1:  30.088  top5:   8.418
	
=> Training epoch # 184	
 * Finished epoch # 184     top1:  30.225  top5:   9.033
	
=> Training epoch # 185	
 * Finished epoch # 185     top1:  29.502  top5:   8.730
	
=> Training epoch # 186	
 * Finished epoch # 186     top1:  29.697  top5:   8.965
	
=> Training epoch # 187	
 * Finished epoch # 187     top1:  29.980  top5:   8.740
	
=> Training epoch # 188	
 * Finished epoch # 188     top1:  29.727  top5:   8.916
	
=> Training epoch # 189	
 * Finished epoch # 189     top1:  29.961  top5:   8.896
	
=> Training epoch # 190	
 * Finished epoch # 190     top1:  29.697  top5:   9.170
	
=> Training epoch # 191	
 * Finished epoch # 191     top1:  29.590  top5:   8.770
	
=> Training epoch # 192	
 * Finished epoch # 192     top1:  29.844  top5:   8.760
	
=> Training epoch # 193	
 * Finished epoch # 193     top1:  30.127  top5:   9.121
	
=> Training epoch # 194	
 * Finished epoch # 194     top1:  30.000  top5:   9.229
	
=> Training epoch # 195	
 * Finished epoch # 195     top1:  29.346  top5:   8.662
	
=> Training epoch # 196	
 * Finished epoch # 196     top1:  29.688  top5:   8.721
	
=> Training epoch # 197	
 * Finished epoch # 197     top1:  30.439  top5:   8.896
	
=> Training epoch # 198	
 * Finished epoch # 198     top1:  30.293  top5:   8.760
	
=> Training epoch # 199	
 * Finished epoch # 199     top1:  29.961  top5:   8.779
	
=> Training epoch # 200	
 * Finished epoch # 200     top1:  30.088  top5:   8.936
	
 * Finished top1: 28.682  top5:  8.486	
