{
  cudnn : "fastest"
  LR : 0.1
  nThreads : 2
  nClasses : 0
  batchSize : 256
  testOnly : false
  netType : "resnet-bn-relu"
  resetClassifier : false
  shortcutType : "A"
  gen : "gen"
  nGPU : 1
  depth : 56
  weightDecay : 0.001
  data : ""
  dataset : "cifar100"
  epochNumber : 1
  manualSeed : 2
  resume : "results/results-bn-relu/try3/cifar100/56"
  optimState : "none"
  nEpochs : 200
  tenCrop : false
  shareGradInput : false
  backend : "cudnn"
  momentum : 0.9
  retrain : "none"
}
=> Creating model from file: models/resnet-bn-relu.lua	
 | ResNet-56 CIFAR-100	
nn.Sequential {
  [input -> (1) -> (2) -> (3) -> (4) -> (5) -> (6) -> (7) -> (8) -> (9) -> output]
  (1): cudnn.SpatialConvolution(3 -> 16, 3x3, 1,1, 1,1) without bias
  (2): nn.Sequential {
    [input -> (1) -> (2) -> output]
    (1): nn.SpatialBatchNormalization (4D) (16)
    (2): nn.ReLU
  }
  (3): nn.Sequential {
    [input -> (1) -> (2) -> (3) -> (4) -> (5) -> (6) -> (7) -> (8) -> (9) -> output]
    (1): nn.Sequential {
      [input -> (1) -> (2) -> output]
      (1): nn.ConcatTable {
        input
          |`-> (1): nn.Sequential {
          |      [input -> (1) -> (2) -> (3) -> (4) -> output]
          |      (1): cudnn.SpatialConvolution(16 -> 16, 3x3, 1,1, 1,1) without bias
          |      (2): nn.Sequential {
          |        [input -> (1) -> (2) -> output]
          |        (1): nn.SpatialBatchNormalization (4D) (16)
          |        (2): nn.ReLU
          |      }
          |      (3): cudnn.SpatialConvolution(16 -> 16, 3x3, 1,1, 1,1) without bias
          |      (4): nn.SpatialBatchNormalization (4D) (16)
          |    }
           `-> (2): nn.Identity
           ... -> output
      }
      (2): nn.CAddTable
    }
    (2): nn.Sequential {
      [input -> (1) -> (2) -> output]
      (1): nn.ConcatTable {
        input
          |`-> (1): nn.Sequential {
          |      [input -> (1) -> (2) -> (3) -> (4) -> output]
          |      (1): cudnn.SpatialConvolution(16 -> 16, 3x3, 1,1, 1,1) without bias
          |      (2): nn.Sequential {
          |        [input -> (1) -> (2) -> output]
          |        (1): nn.SpatialBatchNormalization (4D) (16)
          |        (2): nn.ReLU
          |      }
          |      (3): cudnn.SpatialConvolution(16 -> 16, 3x3, 1,1, 1,1) without bias
          |      (4): nn.SpatialBatchNormalization (4D) (16)
          |    }
           `-> (2): nn.Identity
           ... -> output
      }
      (2): nn.CAddTable
    }
    (3): nn.Sequential {
      [input -> (1) -> (2) -> output]
      (1): nn.ConcatTable {
        input
          |`-> (1): nn.Sequential {
          |      [input -> (1) -> (2) -> (3) -> (4) -> output]
          |      (1): cudnn.SpatialConvolution(16 -> 16, 3x3, 1,1, 1,1) without bias
          |      (2): nn.Sequential {
          |        [input -> (1) -> (2) -> output]
          |        (1): nn.SpatialBatchNormalization (4D) (16)
          |        (2): nn.ReLU
          |      }
          |      (3): cudnn.SpatialConvolution(16 -> 16, 3x3, 1,1, 1,1) without bias
          |      (4): nn.SpatialBatchNormalization (4D) (16)
          |    }
           `-> (2): nn.Identity
           ... -> output
      }
      (2): nn.CAddTable
    }
    (4): nn.Sequential {
      [input -> (1) -> (2) -> output]
      (1): nn.ConcatTable {
        input
          |`-> (1): nn.Sequential {
          |      [input -> (1) -> (2) -> (3) -> (4) -> output]
          |      (1): cudnn.SpatialConvolution(16 -> 16, 3x3, 1,1, 1,1) without bias
          |      (2): nn.Sequential {
          |        [input -> (1) -> (2) -> output]
          |        (1): nn.SpatialBatchNormalization (4D) (16)
          |        (2): nn.ReLU
          |      }
          |      (3): cudnn.SpatialConvolution(16 -> 16, 3x3, 1,1, 1,1) without bias
          |      (4): nn.SpatialBatchNormalization (4D) (16)
          |    }
           `-> (2): nn.Identity
           ... -> output
      }
      (2): nn.CAddTable
    }
    (5): nn.Sequential {
      [input -> (1) -> (2) -> output]
      (1): nn.ConcatTable {
        input
          |`-> (1): nn.Sequential {
          |      [input -> (1) -> (2) -> (3) -> (4) -> output]
          |      (1): cudnn.SpatialConvolution(16 -> 16, 3x3, 1,1, 1,1) without bias
          |      (2): nn.Sequential {
          |        [input -> (1) -> (2) -> output]
          |        (1): nn.SpatialBatchNormalization (4D) (16)
          |        (2): nn.ReLU
          |      }
          |      (3): cudnn.SpatialConvolution(16 -> 16, 3x3, 1,1, 1,1) without bias
          |      (4): nn.SpatialBatchNormalization (4D) (16)
          |    }
           `-> (2): nn.Identity
           ... -> output
      }
      (2): nn.CAddTable
    }
    (6): nn.Sequential {
      [input -> (1) -> (2) -> output]
      (1): nn.ConcatTable {
        input
          |`-> (1): nn.Sequential {
          |      [input -> (1) -> (2) -> (3) -> (4) -> output]
          |      (1): cudnn.SpatialConvolution(16 -> 16, 3x3, 1,1, 1,1) without bias
          |      (2): nn.Sequential {
          |        [input -> (1) -> (2) -> output]
          |        (1): nn.SpatialBatchNormalization (4D) (16)
          |        (2): nn.ReLU
          |      }
          |      (3): cudnn.SpatialConvolution(16 -> 16, 3x3, 1,1, 1,1) without bias
          |      (4): nn.SpatialBatchNormalization (4D) (16)
          |    }
           `-> (2): nn.Identity
           ... -> output
      }
      (2): nn.CAddTable
    }
    (7): nn.Sequential {
      [input -> (1) -> (2) -> output]
      (1): nn.ConcatTable {
        input
          |`-> (1): nn.Sequential {
          |      [input -> (1) -> (2) -> (3) -> (4) -> output]
          |      (1): cudnn.SpatialConvolution(16 -> 16, 3x3, 1,1, 1,1) without bias
          |      (2): nn.Sequential {
          |        [input -> (1) -> (2) -> output]
          |        (1): nn.SpatialBatchNormalization (4D) (16)
          |        (2): nn.ReLU
          |      }
          |      (3): cudnn.SpatialConvolution(16 -> 16, 3x3, 1,1, 1,1) without bias
          |      (4): nn.SpatialBatchNormalization (4D) (16)
          |    }
           `-> (2): nn.Identity
           ... -> output
      }
      (2): nn.CAddTable
    }
    (8): nn.Sequential {
      [input -> (1) -> (2) -> output]
      (1): nn.ConcatTable {
        input
          |`-> (1): nn.Sequential {
          |      [input -> (1) -> (2) -> (3) -> (4) -> output]
          |      (1): cudnn.SpatialConvolution(16 -> 16, 3x3, 1,1, 1,1) without bias
          |      (2): nn.Sequential {
          |        [input -> (1) -> (2) -> output]
          |        (1): nn.SpatialBatchNormalization (4D) (16)
          |        (2): nn.ReLU
          |      }
          |      (3): cudnn.SpatialConvolution(16 -> 16, 3x3, 1,1, 1,1) without bias
          |      (4): nn.SpatialBatchNormalization (4D) (16)
          |    }
           `-> (2): nn.Identity
           ... -> output
      }
      (2): nn.CAddTable
    }
    (9): nn.Sequential {
      [input -> (1) -> (2) -> output]
      (1): nn.ConcatTable {
        input
          |`-> (1): nn.Sequential {
          |      [input -> (1) -> (2) -> (3) -> (4) -> output]
          |      (1): cudnn.SpatialConvolution(16 -> 16, 3x3, 1,1, 1,1) without bias
          |      (2): nn.Sequential {
          |        [input -> (1) -> (2) -> output]
          |        (1): nn.SpatialBatchNormalization (4D) (16)
          |        (2): nn.ReLU
          |      }
          |      (3): cudnn.SpatialConvolution(16 -> 16, 3x3, 1,1, 1,1) without bias
          |      (4): nn.SpatialBatchNormalization (4D) (16)
          |    }
           `-> (2): nn.Identity
           ... -> output
      }
      (2): nn.CAddTable
    }
  }
  (4): nn.Sequential {
    [input -> (1) -> (2) -> (3) -> (4) -> (5) -> (6) -> (7) -> (8) -> (9) -> output]
    (1): nn.Sequential {
      [input -> (1) -> (2) -> output]
      (1): nn.ConcatTable {
        input
          |`-> (1): nn.Sequential {
          |      [input -> (1) -> (2) -> (3) -> (4) -> output]
          |      (1): cudnn.SpatialConvolution(16 -> 32, 3x3, 2,2, 1,1) without bias
          |      (2): nn.Sequential {
          |        [input -> (1) -> (2) -> output]
          |        (1): nn.SpatialBatchNormalization (4D) (32)
          |        (2): nn.ReLU
          |      }
          |      (3): cudnn.SpatialConvolution(32 -> 32, 3x3, 1,1, 1,1) without bias
          |      (4): nn.SpatialBatchNormalization (4D) (32)
          |    }
           `-> (2): nn.Sequential {
                 [input -> (1) -> (2) -> output]
                 (1): nn.SpatialAveragePooling(1x1, 2,2)
                 (2): nn.Concat {
                   input
                     |`-> (1): nn.Identity
                      `-> (2): nn.MulConstant
                      ... -> output
                 }
               }
           ... -> output
      }
      (2): nn.CAddTable
    }
    (2): nn.Sequential {
      [input -> (1) -> (2) -> output]
      (1): nn.ConcatTable {
        input
          |`-> (1): nn.Sequential {
          |      [input -> (1) -> (2) -> (3) -> (4) -> output]
          |      (1): cudnn.SpatialConvolution(32 -> 32, 3x3, 1,1, 1,1) without bias
          |      (2): nn.Sequential {
          |        [input -> (1) -> (2) -> output]
          |        (1): nn.SpatialBatchNormalization (4D) (32)
          |        (2): nn.ReLU
          |      }
          |      (3): cudnn.SpatialConvolution(32 -> 32, 3x3, 1,1, 1,1) without bias
          |      (4): nn.SpatialBatchNormalization (4D) (32)
          |    }
           `-> (2): nn.Identity
           ... -> output
      }
      (2): nn.CAddTable
    }
    (3): nn.Sequential {
      [input -> (1) -> (2) -> output]
      (1): nn.ConcatTable {
        input
          |`-> (1): nn.Sequential {
          |      [input -> (1) -> (2) -> (3) -> (4) -> output]
          |      (1): cudnn.SpatialConvolution(32 -> 32, 3x3, 1,1, 1,1) without bias
          |      (2): nn.Sequential {
          |        [input -> (1) -> (2) -> output]
          |        (1): nn.SpatialBatchNormalization (4D) (32)
          |        (2): nn.ReLU
          |      }
          |      (3): cudnn.SpatialConvolution(32 -> 32, 3x3, 1,1, 1,1) without bias
          |      (4): nn.SpatialBatchNormalization (4D) (32)
          |    }
           `-> (2): nn.Identity
           ... -> output
      }
      (2): nn.CAddTable
    }
    (4): nn.Sequential {
      [input -> (1) -> (2) -> output]
      (1): nn.ConcatTable {
        input
          |`-> (1): nn.Sequential {
          |      [input -> (1) -> (2) -> (3) -> (4) -> output]
          |      (1): cudnn.SpatialConvolution(32 -> 32, 3x3, 1,1, 1,1) without bias
          |      (2): nn.Sequential {
          |        [input -> (1) -> (2) -> output]
          |        (1): nn.SpatialBatchNormalization (4D) (32)
          |        (2): nn.ReLU
          |      }
          |      (3): cudnn.SpatialConvolution(32 -> 32, 3x3, 1,1, 1,1) without bias
          |      (4): nn.SpatialBatchNormalization (4D) (32)
          |    }
           `-> (2): nn.Identity
           ... -> output
      }
      (2): nn.CAddTable
    }
    (5): nn.Sequential {
      [input -> (1) -> (2) -> output]
      (1): nn.ConcatTable {
        input
          |`-> (1): nn.Sequential {
          |      [input -> (1) -> (2) -> (3) -> (4) -> output]
          |      (1): cudnn.SpatialConvolution(32 -> 32, 3x3, 1,1, 1,1) without bias
          |      (2): nn.Sequential {
          |        [input -> (1) -> (2) -> output]
          |        (1): nn.SpatialBatchNormalization (4D) (32)
          |        (2): nn.ReLU
          |      }
          |      (3): cudnn.SpatialConvolution(32 -> 32, 3x3, 1,1, 1,1) without bias
          |      (4): nn.SpatialBatchNormalization (4D) (32)
          |    }
           `-> (2): nn.Identity
           ... -> output
      }
      (2): nn.CAddTable
    }
    (6): nn.Sequential {
      [input -> (1) -> (2) -> output]
      (1): nn.ConcatTable {
        input
          |`-> (1): nn.Sequential {
          |      [input -> (1) -> (2) -> (3) -> (4) -> output]
          |      (1): cudnn.SpatialConvolution(32 -> 32, 3x3, 1,1, 1,1) without bias
          |      (2): nn.Sequential {
          |        [input -> (1) -> (2) -> output]
          |        (1): nn.SpatialBatchNormalization (4D) (32)
          |        (2): nn.ReLU
          |      }
          |      (3): cudnn.SpatialConvolution(32 -> 32, 3x3, 1,1, 1,1) without bias
          |      (4): nn.SpatialBatchNormalization (4D) (32)
          |    }
           `-> (2): nn.Identity
           ... -> output
      }
      (2): nn.CAddTable
    }
    (7): nn.Sequential {
      [input -> (1) -> (2) -> output]
      (1): nn.ConcatTable {
        input
          |`-> (1): nn.Sequential {
          |      [input -> (1) -> (2) -> (3) -> (4) -> output]
          |      (1): cudnn.SpatialConvolution(32 -> 32, 3x3, 1,1, 1,1) without bias
          |      (2): nn.Sequential {
          |        [input -> (1) -> (2) -> output]
          |        (1): nn.SpatialBatchNormalization (4D) (32)
          |        (2): nn.ReLU
          |      }
          |      (3): cudnn.SpatialConvolution(32 -> 32, 3x3, 1,1, 1,1) without bias
          |      (4): nn.SpatialBatchNormalization (4D) (32)
          |    }
           `-> (2): nn.Identity
           ... -> output
      }
      (2): nn.CAddTable
    }
    (8): nn.Sequential {
      [input -> (1) -> (2) -> output]
      (1): nn.ConcatTable {
        input
          |`-> (1): nn.Sequential {
          |      [input -> (1) -> (2) -> (3) -> (4) -> output]
          |      (1): cudnn.SpatialConvolution(32 -> 32, 3x3, 1,1, 1,1) without bias
          |      (2): nn.Sequential {
          |        [input -> (1) -> (2) -> output]
          |        (1): nn.SpatialBatchNormalization (4D) (32)
          |        (2): nn.ReLU
          |      }
          |      (3): cudnn.SpatialConvolution(32 -> 32, 3x3, 1,1, 1,1) without bias
          |      (4): nn.SpatialBatchNormalization (4D) (32)
          |    }
           `-> (2): nn.Identity
           ... -> output
      }
      (2): nn.CAddTable
    }
    (9): nn.Sequential {
      [input -> (1) -> (2) -> output]
      (1): nn.ConcatTable {
        input
          |`-> (1): nn.Sequential {
          |      [input -> (1) -> (2) -> (3) -> (4) -> output]
          |      (1): cudnn.SpatialConvolution(32 -> 32, 3x3, 1,1, 1,1) without bias
          |      (2): nn.Sequential {
          |        [input -> (1) -> (2) -> output]
          |        (1): nn.SpatialBatchNormalization (4D) (32)
          |        (2): nn.ReLU
          |      }
          |      (3): cudnn.SpatialConvolution(32 -> 32, 3x3, 1,1, 1,1) without bias
          |      (4): nn.SpatialBatchNormalization (4D) (32)
          |    }
           `-> (2): nn.Identity
           ... -> output
      }
      (2): nn.CAddTable
    }
  }
  (5): nn.Sequential {
    [input -> (1) -> (2) -> (3) -> (4) -> (5) -> (6) -> (7) -> (8) -> (9) -> output]
    (1): nn.Sequential {
      [input -> (1) -> (2) -> output]
      (1): nn.ConcatTable {
        input
          |`-> (1): nn.Sequential {
          |      [input -> (1) -> (2) -> (3) -> (4) -> output]
          |      (1): cudnn.SpatialConvolution(32 -> 64, 3x3, 2,2, 1,1) without bias
          |      (2): nn.Sequential {
          |        [input -> (1) -> (2) -> output]
          |        (1): nn.SpatialBatchNormalization (4D) (64)
          |        (2): nn.ReLU
          |      }
          |      (3): cudnn.SpatialConvolution(64 -> 64, 3x3, 1,1, 1,1) without bias
          |      (4): nn.SpatialBatchNormalization (4D) (64)
          |    }
           `-> (2): nn.Sequential {
                 [input -> (1) -> (2) -> output]
                 (1): nn.SpatialAveragePooling(1x1, 2,2)
                 (2): nn.Concat {
                   input
                     |`-> (1): nn.Identity
                      `-> (2): nn.MulConstant
                      ... -> output
                 }
               }
           ... -> output
      }
      (2): nn.CAddTable
    }
    (2): nn.Sequential {
      [input -> (1) -> (2) -> output]
      (1): nn.ConcatTable {
        input
          |`-> (1): nn.Sequential {
          |      [input -> (1) -> (2) -> (3) -> (4) -> output]
          |      (1): cudnn.SpatialConvolution(64 -> 64, 3x3, 1,1, 1,1) without bias
          |      (2): nn.Sequential {
          |        [input -> (1) -> (2) -> output]
          |        (1): nn.SpatialBatchNormalization (4D) (64)
          |        (2): nn.ReLU
          |      }
          |      (3): cudnn.SpatialConvolution(64 -> 64, 3x3, 1,1, 1,1) without bias
          |      (4): nn.SpatialBatchNormalization (4D) (64)
          |    }
           `-> (2): nn.Identity
           ... -> output
      }
      (2): nn.CAddTable
    }
    (3): nn.Sequential {
      [input -> (1) -> (2) -> output]
      (1): nn.ConcatTable {
        input
          |`-> (1): nn.Sequential {
          |      [input -> (1) -> (2) -> (3) -> (4) -> output]
          |      (1): cudnn.SpatialConvolution(64 -> 64, 3x3, 1,1, 1,1) without bias
          |      (2): nn.Sequential {
          |        [input -> (1) -> (2) -> output]
          |        (1): nn.SpatialBatchNormalization (4D) (64)
          |        (2): nn.ReLU
          |      }
          |      (3): cudnn.SpatialConvolution(64 -> 64, 3x3, 1,1, 1,1) without bias
          |      (4): nn.SpatialBatchNormalization (4D) (64)
          |    }
           `-> (2): nn.Identity
           ... -> output
      }
      (2): nn.CAddTable
    }
    (4): nn.Sequential {
      [input -> (1) -> (2) -> output]
      (1): nn.ConcatTable {
        input
          |`-> (1): nn.Sequential {
          |      [input -> (1) -> (2) -> (3) -> (4) -> output]
          |      (1): cudnn.SpatialConvolution(64 -> 64, 3x3, 1,1, 1,1) without bias
          |      (2): nn.Sequential {
          |        [input -> (1) -> (2) -> output]
          |        (1): nn.SpatialBatchNormalization (4D) (64)
          |        (2): nn.ReLU
          |      }
          |      (3): cudnn.SpatialConvolution(64 -> 64, 3x3, 1,1, 1,1) without bias
          |      (4): nn.SpatialBatchNormalization (4D) (64)
          |    }
           `-> (2): nn.Identity
           ... -> output
      }
      (2): nn.CAddTable
    }
    (5): nn.Sequential {
      [input -> (1) -> (2) -> output]
      (1): nn.ConcatTable {
        input
          |`-> (1): nn.Sequential {
          |      [input -> (1) -> (2) -> (3) -> (4) -> output]
          |      (1): cudnn.SpatialConvolution(64 -> 64, 3x3, 1,1, 1,1) without bias
          |      (2): nn.Sequential {
          |        [input -> (1) -> (2) -> output]
          |        (1): nn.SpatialBatchNormalization (4D) (64)
          |        (2): nn.ReLU
          |      }
          |      (3): cudnn.SpatialConvolution(64 -> 64, 3x3, 1,1, 1,1) without bias
          |      (4): nn.SpatialBatchNormalization (4D) (64)
          |    }
           `-> (2): nn.Identity
           ... -> output
      }
      (2): nn.CAddTable
    }
    (6): nn.Sequential {
      [input -> (1) -> (2) -> output]
      (1): nn.ConcatTable {
        input
          |`-> (1): nn.Sequential {
          |      [input -> (1) -> (2) -> (3) -> (4) -> output]
          |      (1): cudnn.SpatialConvolution(64 -> 64, 3x3, 1,1, 1,1) without bias
          |      (2): nn.Sequential {
          |        [input -> (1) -> (2) -> output]
          |        (1): nn.SpatialBatchNormalization (4D) (64)
          |        (2): nn.ReLU
          |      }
          |      (3): cudnn.SpatialConvolution(64 -> 64, 3x3, 1,1, 1,1) without bias
          |      (4): nn.SpatialBatchNormalization (4D) (64)
          |    }
           `-> (2): nn.Identity
           ... -> output
      }
      (2): nn.CAddTable
    }
    (7): nn.Sequential {
      [input -> (1) -> (2) -> output]
      (1): nn.ConcatTable {
        input
          |`-> (1): nn.Sequential {
          |      [input -> (1) -> (2) -> (3) -> (4) -> output]
          |      (1): cudnn.SpatialConvolution(64 -> 64, 3x3, 1,1, 1,1) without bias
          |      (2): nn.Sequential {
          |        [input -> (1) -> (2) -> output]
          |        (1): nn.SpatialBatchNormalization (4D) (64)
          |        (2): nn.ReLU
          |      }
          |      (3): cudnn.SpatialConvolution(64 -> 64, 3x3, 1,1, 1,1) without bias
          |      (4): nn.SpatialBatchNormalization (4D) (64)
          |    }
           `-> (2): nn.Identity
           ... -> output
      }
      (2): nn.CAddTable
    }
    (8): nn.Sequential {
      [input -> (1) -> (2) -> output]
      (1): nn.ConcatTable {
        input
          |`-> (1): nn.Sequential {
          |      [input -> (1) -> (2) -> (3) -> (4) -> output]
          |      (1): cudnn.SpatialConvolution(64 -> 64, 3x3, 1,1, 1,1) without bias
          |      (2): nn.Sequential {
          |        [input -> (1) -> (2) -> output]
          |        (1): nn.SpatialBatchNormalization (4D) (64)
          |        (2): nn.ReLU
          |      }
          |      (3): cudnn.SpatialConvolution(64 -> 64, 3x3, 1,1, 1,1) without bias
          |      (4): nn.SpatialBatchNormalization (4D) (64)
          |    }
           `-> (2): nn.Identity
           ... -> output
      }
      (2): nn.CAddTable
    }
    (9): nn.Sequential {
      [input -> (1) -> (2) -> output]
      (1): nn.ConcatTable {
        input
          |`-> (1): nn.Sequential {
          |      [input -> (1) -> (2) -> (3) -> (4) -> output]
          |      (1): cudnn.SpatialConvolution(64 -> 64, 3x3, 1,1, 1,1) without bias
          |      (2): nn.Sequential {
          |        [input -> (1) -> (2) -> output]
          |        (1): nn.SpatialBatchNormalization (4D) (64)
          |        (2): nn.ReLU
          |      }
          |      (3): cudnn.SpatialConvolution(64 -> 64, 3x3, 1,1, 1,1) without bias
          |      (4): nn.SpatialBatchNormalization (4D) (64)
          |    }
           `-> (2): nn.Identity
           ... -> output
      }
      (2): nn.CAddTable
    }
  }
  (6): nn.Sequential {
    [input -> (1) -> (2) -> output]
    (1): nn.SpatialBatchNormalization (4D) (64)
    (2): nn.ReLU
  }
  (7): cudnn.SpatialAveragePooling(8x8, 1,1)
  (8): nn.View(64)
  (9): nn.Linear(64 -> 100)
}
=> Training epoch # 1	
 * Finished epoch # 1     top1:  91.191  top5:  70.010
	
 * Best model 	91.19140625	70.009765625	
=> Training epoch # 2	
 * Finished epoch # 2     top1:  87.822  top5:  64.004
	
 * Best model 	87.822265625	64.00390625	
=> Training epoch # 3	
 * Finished epoch # 3     top1:  79.180  top5:  50.312
	
 * Best model 	79.1796875	50.3125	
=> Training epoch # 4	
 * Finished epoch # 4     top1:  77.773  top5:  46.465
	
 * Best model 	77.7734375	46.46484375	
=> Training epoch # 5	
 * Finished epoch # 5     top1:  70.967  top5:  37.959
	
 * Best model 	70.966796875	37.958984375	
=> Training epoch # 6	
 * Finished epoch # 6     top1:  64.551  top5:  30.488
	
 * Best model 	64.55078125	30.48828125	
=> Training epoch # 7	
 * Finished epoch # 7     top1:  71.113  top5:  38.379
	
=> Training epoch # 8	
 * Finished epoch # 8     top1:  64.209  top5:  31.367
	
 * Best model 	64.208984375	31.3671875	
=> Training epoch # 9	
 * Finished epoch # 9     top1:  61.182  top5:  28.203
	
 * Best model 	61.181640625	28.203125	
=> Training epoch # 10	
 * Finished epoch # 10     top1:  62.764  top5:  29.443
	
=> Training epoch # 11	
 * Finished epoch # 11     top1:  60.508  top5:  27.480
	
 * Best model 	60.5078125	27.48046875	
=> Training epoch # 12	
 * Finished epoch # 12     top1:  59.238  top5:  26.875
	
 * Best model 	59.23828125	26.875	
=> Training epoch # 13	
 * Finished epoch # 13     top1:  54.160  top5:  21.924
	
 * Best model 	54.16015625	21.923828125	
=> Training epoch # 14	
 * Finished epoch # 14     top1:  59.990  top5:  27.354
	
=> Training epoch # 15	
 * Finished epoch # 15     top1:  53.252  top5:  21.348
	
 * Best model 	53.251953125	21.34765625	
=> Training epoch # 16	
 * Finished epoch # 16     top1:  57.246  top5:  23.896
	
=> Training epoch # 17	
 * Finished epoch # 17     top1:  50.771  top5:  19.873
	
 * Best model 	50.771484375	19.873046875	
=> Training epoch # 18	
 * Finished epoch # 18     top1:  54.043  top5:  22.383
	
=> Training epoch # 19	
 * Finished epoch # 19     top1:  53.945  top5:  21.387
	
=> Training epoch # 20	
 * Finished epoch # 20     top1:  55.684  top5:  22.441
	
=> Training epoch # 21	
 * Finished epoch # 21     top1:  58.320  top5:  25.557
	
=> Training epoch # 22	
 * Finished epoch # 22     top1:  51.611  top5:  20.156
	
=> Training epoch # 23	
 * Finished epoch # 23     top1:  52.891  top5:  22.471
	
=> Training epoch # 24	
 * Finished epoch # 24     top1:  49.844  top5:  18.301
	
 * Best model 	49.84375	18.30078125	
=> Training epoch # 25	
 * Finished epoch # 25     top1:  47.588  top5:  17.607
	
 * Best model 	47.587890625	17.607421875	
=> Training epoch # 26	
 * Finished epoch # 26     top1:  57.676  top5:  25.820
	
=> Training epoch # 27	
 * Finished epoch # 27     top1:  57.490  top5:  25.000
	
=> Training epoch # 28	
 * Finished epoch # 28     top1:  52.363  top5:  22.490
	
=> Training epoch # 29	
 * Finished epoch # 29     top1:  49.082  top5:  18.389
	
=> Training epoch # 30	
 * Finished epoch # 30     top1:  49.775  top5:  18.906
	
=> Training epoch # 31	
 * Finished epoch # 31     top1:  54.141  top5:  24.482
	
=> Training epoch # 32	
 * Finished epoch # 32     top1:  54.502  top5:  21.533
	
=> Training epoch # 33	
 * Finished epoch # 33     top1:  49.150  top5:  19.922
	
=> Training epoch # 34	
 * Finished epoch # 34     top1:  50.957  top5:  21.650
	
=> Training epoch # 35	
 * Finished epoch # 35     top1:  49.502  top5:  19.014
	
=> Training epoch # 36	
 * Finished epoch # 36     top1:  54.443  top5:  23.057
	
=> Training epoch # 37	
 * Finished epoch # 37     top1:  50.176  top5:  19.688
	
=> Training epoch # 38	
 * Finished epoch # 38     top1:  48.594  top5:  19.365
	
=> Training epoch # 39	
 * Finished epoch # 39     top1:  54.453  top5:  21.904
	
=> Training epoch # 40	
 * Finished epoch # 40     top1:  48.408  top5:  18.193
	
=> Training epoch # 41	
 * Finished epoch # 41     top1:  53.662  top5:  22.119
	
=> Training epoch # 42	
 * Finished epoch # 42     top1:  50.391  top5:  19.932
	
=> Training epoch # 43	
 * Finished epoch # 43     top1:  50.654  top5:  19.795
	
=> Training epoch # 44	
 * Finished epoch # 44     top1:  53.184  top5:  21.064
	
=> Training epoch # 45	
 * Finished epoch # 45     top1:  51.035  top5:  22.422
	
=> Training epoch # 46	
 * Finished epoch # 46     top1:  50.508  top5:  19.658
	
=> Training epoch # 47	
 * Finished epoch # 47     top1:  52.432  top5:  21.309
	
=> Training epoch # 48	
 * Finished epoch # 48     top1:  51.211  top5:  21.143
	
=> Training epoch # 49	
 * Finished epoch # 49     top1:  54.180  top5:  21.572
	
=> Training epoch # 50	
 * Finished epoch # 50     top1:  49.170  top5:  18.701
	
=> Training epoch # 51	
 * Finished epoch # 51     top1:  50.527  top5:  20.049
	
=> Training epoch # 52	
 * Finished epoch # 52     top1:  50.322  top5:  19.219
	
=> Training epoch # 53	
 * Finished epoch # 53     top1:  49.805  top5:  19.355
	
=> Training epoch # 54	
 * Finished epoch # 54     top1:  47.236  top5:  17.793
	
 * Best model 	47.236328125	17.79296875	
=> Training epoch # 55	
 * Finished epoch # 55     top1:  48.525  top5:  19.014
	
=> Training epoch # 56	
 * Finished epoch # 56     top1:  58.105  top5:  26.416
	
=> Training epoch # 57	
 * Finished epoch # 57     top1:  47.490  top5:  18.633
	
=> Training epoch # 58	
 * Finished epoch # 58     top1:  49.248  top5:  19.189
	
=> Training epoch # 59	
 * Finished epoch # 59     top1:  55.000  top5:  24.326
	
=> Training epoch # 60	
 * Finished epoch # 60     top1:  49.639  top5:  18.535
	
=> Training epoch # 61	
 * Finished epoch # 61     top1:  53.135  top5:  22.480
	
=> Training epoch # 62	
 * Finished epoch # 62     top1:  45.225  top5:  15.225
	
 * Best model 	45.224609375	15.224609375	
=> Training epoch # 63	
 * Finished epoch # 63     top1:  47.773  top5:  18.486
	
=> Training epoch # 64	
 * Finished epoch # 64     top1:  54.922  top5:  22.480
	
=> Training epoch # 65	
 * Finished epoch # 65     top1:  50.312  top5:  20.391
	
=> Training epoch # 66	
 * Finished epoch # 66     top1:  53.711  top5:  22.871
	
=> Training epoch # 67	
 * Finished epoch # 67     top1:  47.969  top5:  19.326
	
=> Training epoch # 68	
 * Finished epoch # 68     top1:  48.760  top5:  18.291
	
=> Training epoch # 69	
 * Finished epoch # 69     top1:  52.773  top5:  21.055
	
=> Training epoch # 70	
 * Finished epoch # 70     top1:  48.135  top5:  16.787
	
=> Training epoch # 71	
 * Finished epoch # 71     top1:  52.354  top5:  22.607
	
=> Training epoch # 72	
 * Finished epoch # 72     top1:  49.385  top5:  19.346
	
=> Training epoch # 73	
 * Finished epoch # 73     top1:  45.654  top5:  16.484
	
=> Training epoch # 74	
 * Finished epoch # 74     top1:  51.445  top5:  20.156
	
=> Training epoch # 75	
 * Finished epoch # 75     top1:  48.252  top5:  17.666
	
=> Training epoch # 76	
 * Finished epoch # 76     top1:  48.643  top5:  19.004
	
=> Training epoch # 77	
 * Finished epoch # 77     top1:  53.506  top5:  21.250
	
=> Training epoch # 78	
 * Finished epoch # 78     top1:  49.043  top5:  19.033
	
=> Training epoch # 79	
 * Finished epoch # 79     top1:  47.812  top5:  18.994
	
=> Training epoch # 80	
 * Finished epoch # 80     top1:  47.803  top5:  18.008
	
=> Training epoch # 81	
 * Finished epoch # 81     top1:  30.537  top5:   7.754
	
 * Best model 	30.537109375	7.75390625	
=> Training epoch # 82	
 * Finished epoch # 82     top1:  28.652  top5:   7.168
	
 * Best model 	28.65234375	7.16796875	
=> Training epoch # 83	
 * Finished epoch # 83     top1:  29.473  top5:   7.100
	
=> Training epoch # 84	
 * Finished epoch # 84     top1:  28.564  top5:   6.816
	
 * Best model 	28.564453125	6.81640625	
=> Training epoch # 85	
 * Finished epoch # 85     top1:  28.809  top5:   6.738
	
=> Training epoch # 86	
 * Finished epoch # 86     top1:  28.672  top5:   7.217
	
=> Training epoch # 87	
 * Finished epoch # 87     top1:  29.561  top5:   7.227
	
=> Training epoch # 88	
 * Finished epoch # 88     top1:  29.297  top5:   7.383
	
=> Training epoch # 89	
 * Finished epoch # 89     top1:  29.111  top5:   7.666
	
=> Training epoch # 90	
 * Finished epoch # 90     top1:  28.389  top5:   7.158
	
 * Best model 	28.388671875	7.158203125	
=> Training epoch # 91	
 * Finished epoch # 91     top1:  29.785  top5:   8.047
	
=> Training epoch # 92	
 * Finished epoch # 92     top1:  29.482  top5:   8.320
	
=> Training epoch # 93	
 * Finished epoch # 93     top1:  30.205  top5:   8.350
	
=> Training epoch # 94	
 * Finished epoch # 94     top1:  29.990  top5:   7.939
	
=> Training epoch # 95	
 * Finished epoch # 95     top1:  29.424  top5:   7.666
	
=> Training epoch # 96	
 * Finished epoch # 96     top1:  29.570  top5:   7.822
	
=> Training epoch # 97	
 * Finished epoch # 97     top1:  30.459  top5:   8.330
	
=> Training epoch # 98	
 * Finished epoch # 98     top1:  30.000  top5:   8.252
	
=> Training epoch # 99	
 * Finished epoch # 99     top1:  31.055  top5:   8.906
	
=> Training epoch # 100	
 * Finished epoch # 100     top1:  30.439  top5:   8.242
	
=> Training epoch # 101	
 * Finished epoch # 101     top1:  30.410  top5:   8.750
	
=> Training epoch # 102	
 * Finished epoch # 102     top1:  30.830  top5:   8.789
	
=> Training epoch # 103	
 * Finished epoch # 103     top1:  32.129  top5:   8.994
	
=> Training epoch # 104	
 * Finished epoch # 104     top1:  31.719  top5:   9.014
	
=> Training epoch # 105	
 * Finished epoch # 105     top1:  31.768  top5:   9.473
	
=> Training epoch # 106	
 * Finished epoch # 106     top1:  31.396  top5:   9.014
	
=> Training epoch # 107	
 * Finished epoch # 107     top1:  32.656  top5:   9.521
	
=> Training epoch # 108	
 * Finished epoch # 108     top1:  32.764  top5:   9.287
	
=> Training epoch # 109	
 * Finished epoch # 109     top1:  32.910  top5:   9.287
	
=> Training epoch # 110	
 * Finished epoch # 110     top1:  32.578  top5:   9.443
	
=> Training epoch # 111	
 * Finished epoch # 111     top1:  32.227  top5:   9.756
	
=> Training epoch # 112	
 * Finished epoch # 112     top1:  31.162  top5:   9.014
	
=> Training epoch # 113	
 * Finished epoch # 113     top1:  32.061  top5:   9.385
	
=> Training epoch # 114	
 * Finished epoch # 114     top1:  32.510  top5:   9.512
	
=> Training epoch # 115	
 * Finished epoch # 115     top1:  31.768  top5:   9.199
	
=> Training epoch # 116	
 * Finished epoch # 116     top1:  31.035  top5:   8.379
	
=> Training epoch # 117	
 * Finished epoch # 117     top1:  32.627  top5:   9.014
	
=> Training epoch # 118	
 * Finished epoch # 118     top1:  32.607  top5:   9.346
	
=> Training epoch # 119	
 * Finished epoch # 119     top1:  31.533  top5:   9.297
	
=> Training epoch # 120	
 * Finished epoch # 120     top1:  33.037  top5:  10.156
	
=> Training epoch # 121	
 * Finished epoch # 121     top1:  32.617  top5:  10.107
	
=> Training epoch # 122	
 * Finished epoch # 122     top1:  26.826  top5:   6.797
	
 * Best model 	26.826171875	6.796875	
=> Training epoch # 123	
 * Finished epoch # 123     top1:  26.230  top5:   7.510
	
 * Best model 	26.23046875	7.509765625	
=> Training epoch # 124	
 * Finished epoch # 124     top1:  26.396  top5:   7.373
	
=> Training epoch # 125	
 * Finished epoch # 125     top1:  26.514  top5:   7.119
	
=> Training epoch # 126	
 * Finished epoch # 126     top1:  26.074  top5:   6.924
	
 * Best model 	26.07421875	6.923828125	
=> Training epoch # 127	
 * Finished epoch # 127     top1:  26.094  top5:   7.070
	
=> Training epoch # 128	
 * Finished epoch # 128     top1:  26.006  top5:   7.158
	
 * Best model 	26.005859375	7.158203125	
=> Training epoch # 129	
 * Finished epoch # 129     top1:  26.914  top5:   7.158
	
=> Training epoch # 130	
 * Finished epoch # 130     top1:  25.889  top5:   7.314
	
 * Best model 	25.888671875	7.314453125	
=> Training epoch # 131	
 * Finished epoch # 131     top1:  25.859  top5:   7.178
	
 * Best model 	25.859375	7.177734375	
=> Training epoch # 132	
 * Finished epoch # 132     top1:  26.396  top5:   7.246
	
=> Training epoch # 133	
 * Finished epoch # 133     top1:  26.592  top5:   7.168
	
=> Training epoch # 134	
 * Finished epoch # 134     top1:  26.201  top5:   7.305
	
=> Training epoch # 135	
 * Finished epoch # 135     top1:  26.367  top5:   7.285
	
=> Training epoch # 136	
 * Finished epoch # 136     top1:  26.348  top5:   7.217
	
=> Training epoch # 137	
 * Finished epoch # 137     top1:  26.162  top5:   7.598
	
=> Training epoch # 138	
 * Finished epoch # 138     top1:  26.914  top5:   7.432
	
=> Training epoch # 139	
 * Finished epoch # 139     top1:  26.699  top5:   7.295
	
=> Training epoch # 140	
 * Finished epoch # 140     top1:  26.758  top5:   7.559
	
=> Training epoch # 141	
 * Finished epoch # 141     top1:  26.582  top5:   7.383
	
=> Training epoch # 142	
 * Finished epoch # 142     top1:  26.035  top5:   7.637
	
=> Training epoch # 143	
 * Finished epoch # 143     top1:  26.025  top5:   7.344
	
=> Training epoch # 144	
 * Finished epoch # 144     top1:  26.465  top5:   7.432
	
=> Training epoch # 145	
 * Finished epoch # 145     top1:  26.680  top5:   7.461
	
=> Training epoch # 146	
 * Finished epoch # 146     top1:  26.348  top5:   7.529
	
=> Training epoch # 147	
 * Finished epoch # 147     top1:  26.846  top5:   7.812
	
=> Training epoch # 148	
 * Finished epoch # 148     top1:  26.328  top5:   7.461
	
=> Training epoch # 149	
 * Finished epoch # 149     top1:  26.074  top5:   7.568
	
=> Training epoch # 150	
 * Finished epoch # 150     top1:  26.504  top5:   7.686
	
=> Training epoch # 151	
 * Finished epoch # 151     top1:  26.787  top5:   7.539
	
=> Training epoch # 152	
 * Finished epoch # 152     top1:  26.709  top5:   7.627
	
=> Training epoch # 153	
 * Finished epoch # 153     top1:  26.338  top5:   7.402
	
=> Training epoch # 154	
 * Finished epoch # 154     top1:  26.445  top5:   7.705
	
=> Training epoch # 155	
 * Finished epoch # 155     top1:  26.377  top5:   7.627
	
=> Training epoch # 156	
 * Finished epoch # 156     top1:  26.621  top5:   7.705
	
=> Training epoch # 157	
 * Finished epoch # 157     top1:  27.061  top5:   7.695
	
=> Training epoch # 158	
 * Finished epoch # 158     top1:  26.729  top5:   7.646
	
=> Training epoch # 159	
 * Finished epoch # 159     top1:  27.354  top5:   7.627
	
=> Training epoch # 160	
 * Finished epoch # 160     top1:  26.885  top5:   7.881
	
=> Training epoch # 161	
 * Finished epoch # 161     top1:  27.236  top5:   7.598
	
=> Training epoch # 162	
 * Finished epoch # 162     top1:  26.895  top5:   7.852
	
=> Training epoch # 163	
 * Finished epoch # 163     top1:  27.578  top5:   8.018
	
=> Training epoch # 164	
 * Finished epoch # 164     top1:  27.178  top5:   7.881
	
=> Training epoch # 165	
 * Finished epoch # 165     top1:  26.934  top5:   7.744
	
=> Training epoch # 166	
 * Finished epoch # 166     top1:  27.246  top5:   8.047
	
=> Training epoch # 167	
 * Finished epoch # 167     top1:  27.598  top5:   8.037
	
=> Training epoch # 168	
 * Finished epoch # 168     top1:  26.699  top5:   7.910
	
=> Training epoch # 169	
 * Finished epoch # 169     top1:  27.002  top5:   8.018
	
=> Training epoch # 170	
 * Finished epoch # 170     top1:  26.982  top5:   7.930
	
=> Training epoch # 171	
 * Finished epoch # 171     top1:  26.982  top5:   8.135
	
=> Training epoch # 172	
 * Finished epoch # 172     top1:  26.719  top5:   7.998
	
=> Training epoch # 173	
 * Finished epoch # 173     top1:  27.178  top5:   8.174
	
=> Training epoch # 174	
 * Finished epoch # 174     top1:  27.578  top5:   8.232
	
=> Training epoch # 175	
 * Finished epoch # 175     top1:  27.266  top5:   8.447
	
=> Training epoch # 176	
 * Finished epoch # 176     top1:  27.764  top5:   8.398
	
=> Training epoch # 177	
 * Finished epoch # 177     top1:  27.637  top5:   8.203
	
=> Training epoch # 178	
 * Finished epoch # 178     top1:  27.695  top5:   7.910
	
=> Training epoch # 179	
 * Finished epoch # 179     top1:  26.826  top5:   8.086
	
=> Training epoch # 180	
 * Finished epoch # 180     top1:  27.100  top5:   7.998
	
=> Training epoch # 181	
 * Finished epoch # 181     top1:  27.334  top5:   8.379
	
=> Training epoch # 182	
 * Finished epoch # 182     top1:  26.787  top5:   8.271
	
=> Training epoch # 183	
 * Finished epoch # 183     top1:  27.500  top5:   8.047
	
=> Training epoch # 184	
 * Finished epoch # 184     top1:  27.070  top5:   8.105
	
=> Training epoch # 185	
 * Finished epoch # 185     top1:  27.461  top5:   8.262
	
=> Training epoch # 186	
 * Finished epoch # 186     top1:  27.842  top5:   8.281
	
=> Training epoch # 187	
 * Finished epoch # 187     top1:  27.422  top5:   8.271
	
=> Training epoch # 188	
 * Finished epoch # 188     top1:  27.002  top5:   8.115
	
=> Training epoch # 189	
 * Finished epoch # 189     top1:  27.744  top5:   8.066
	
=> Training epoch # 190	
 * Finished epoch # 190     top1:  27.979  top5:   8.252
	
=> Training epoch # 191	
 * Finished epoch # 191     top1:  28.457  top5:   7.949
	
=> Training epoch # 192	
 * Finished epoch # 192     top1:  27.256  top5:   8.027
	
=> Training epoch # 193	
 * Finished epoch # 193     top1:  27.471  top5:   8.154
	
=> Training epoch # 194	
 * Finished epoch # 194     top1:  27.490  top5:   8.457
	
=> Training epoch # 195	
 * Finished epoch # 195     top1:  27.119  top5:   8.594
	
=> Training epoch # 196	
 * Finished epoch # 196     top1:  26.992  top5:   8.311
	
=> Training epoch # 197	
 * Finished epoch # 197     top1:  27.656  top5:   8.291
	
=> Training epoch # 198	
 * Finished epoch # 198     top1:  27.266  top5:   8.145
	
=> Training epoch # 199	
 * Finished epoch # 199     top1:  27.168  top5:   8.408
	
=> Training epoch # 200	
 * Finished epoch # 200     top1:  27.373  top5:   8.408
	
 * Finished top1: 25.859  top5:  7.178	
