{
  cudnn : "fastest"
  LR : 0.1
  nThreads : 2
  nClasses : 0
  batchSize : 256
  testOnly : false
  netType : "resnet"
  resetClassifier : false
  shortcutType : "A"
  gen : "gen"
  nGPU : 1
  depth : 44
  weightDecay : 0.001
  data : ""
  dataset : "cifar100"
  epochNumber : 1
  manualSeed : 2
  resume : "results/results-elu/try3/cifar100/44"
  optimState : "none"
  nEpochs : 200
  tenCrop : false
  shareGradInput : false
  backend : "cudnn"
  momentum : 0.9
  retrain : "none"
}
=> Creating model from file: models/resnet.lua	
 | ResNet-44 CIFAR-100	
nn.Sequential {
  [input -> (1) -> (2) -> (3) -> (4) -> (5) -> (6) -> (7) -> (8) -> (9) -> output]
  (1): cudnn.SpatialConvolution(3 -> 16, 3x3, 1,1, 1,1) without bias
  (2): nn.ELU (alpha:1.000000)
  (3): nn.Sequential {
    [input -> (1) -> (2) -> (3) -> (4) -> (5) -> (6) -> (7) -> output]
    (1): nn.Sequential {
      [input -> (1) -> (2) -> output]
      (1): nn.ConcatTable {
        input
          |`-> (1): nn.Sequential {
          |      [input -> (1) -> (2) -> (3) -> (4) -> output]
          |      (1): cudnn.SpatialConvolution(16 -> 16, 3x3, 1,1, 1,1) without bias
          |      (2): nn.ELU (alpha:1.000000)
          |      (3): cudnn.SpatialConvolution(16 -> 16, 3x3, 1,1, 1,1) without bias
          |      (4): nn.SpatialBatchNormalization (4D) (16)
          |    }
           `-> (2): nn.Identity
           ... -> output
      }
      (2): nn.CAddTable
    }
    (2): nn.Sequential {
      [input -> (1) -> (2) -> output]
      (1): nn.ConcatTable {
        input
          |`-> (1): nn.Sequential {
          |      [input -> (1) -> (2) -> (3) -> (4) -> output]
          |      (1): cudnn.SpatialConvolution(16 -> 16, 3x3, 1,1, 1,1) without bias
          |      (2): nn.ELU (alpha:1.000000)
          |      (3): cudnn.SpatialConvolution(16 -> 16, 3x3, 1,1, 1,1) without bias
          |      (4): nn.SpatialBatchNormalization (4D) (16)
          |    }
           `-> (2): nn.Identity
           ... -> output
      }
      (2): nn.CAddTable
    }
    (3): nn.Sequential {
      [input -> (1) -> (2) -> output]
      (1): nn.ConcatTable {
        input
          |`-> (1): nn.Sequential {
          |      [input -> (1) -> (2) -> (3) -> (4) -> output]
          |      (1): cudnn.SpatialConvolution(16 -> 16, 3x3, 1,1, 1,1) without bias
          |      (2): nn.ELU (alpha:1.000000)
          |      (3): cudnn.SpatialConvolution(16 -> 16, 3x3, 1,1, 1,1) without bias
          |      (4): nn.SpatialBatchNormalization (4D) (16)
          |    }
           `-> (2): nn.Identity
           ... -> output
      }
      (2): nn.CAddTable
    }
    (4): nn.Sequential {
      [input -> (1) -> (2) -> output]
      (1): nn.ConcatTable {
        input
          |`-> (1): nn.Sequential {
          |      [input -> (1) -> (2) -> (3) -> (4) -> output]
          |      (1): cudnn.SpatialConvolution(16 -> 16, 3x3, 1,1, 1,1) without bias
          |      (2): nn.ELU (alpha:1.000000)
          |      (3): cudnn.SpatialConvolution(16 -> 16, 3x3, 1,1, 1,1) without bias
          |      (4): nn.SpatialBatchNormalization (4D) (16)
          |    }
           `-> (2): nn.Identity
           ... -> output
      }
      (2): nn.CAddTable
    }
    (5): nn.Sequential {
      [input -> (1) -> (2) -> output]
      (1): nn.ConcatTable {
        input
          |`-> (1): nn.Sequential {
          |      [input -> (1) -> (2) -> (3) -> (4) -> output]
          |      (1): cudnn.SpatialConvolution(16 -> 16, 3x3, 1,1, 1,1) without bias
          |      (2): nn.ELU (alpha:1.000000)
          |      (3): cudnn.SpatialConvolution(16 -> 16, 3x3, 1,1, 1,1) without bias
          |      (4): nn.SpatialBatchNormalization (4D) (16)
          |    }
           `-> (2): nn.Identity
           ... -> output
      }
      (2): nn.CAddTable
    }
    (6): nn.Sequential {
      [input -> (1) -> (2) -> output]
      (1): nn.ConcatTable {
        input
          |`-> (1): nn.Sequential {
          |      [input -> (1) -> (2) -> (3) -> (4) -> output]
          |      (1): cudnn.SpatialConvolution(16 -> 16, 3x3, 1,1, 1,1) without bias
          |      (2): nn.ELU (alpha:1.000000)
          |      (3): cudnn.SpatialConvolution(16 -> 16, 3x3, 1,1, 1,1) without bias
          |      (4): nn.SpatialBatchNormalization (4D) (16)
          |    }
           `-> (2): nn.Identity
           ... -> output
      }
      (2): nn.CAddTable
    }
    (7): nn.Sequential {
      [input -> (1) -> (2) -> output]
      (1): nn.ConcatTable {
        input
          |`-> (1): nn.Sequential {
          |      [input -> (1) -> (2) -> (3) -> (4) -> output]
          |      (1): cudnn.SpatialConvolution(16 -> 16, 3x3, 1,1, 1,1) without bias
          |      (2): nn.ELU (alpha:1.000000)
          |      (3): cudnn.SpatialConvolution(16 -> 16, 3x3, 1,1, 1,1) without bias
          |      (4): nn.SpatialBatchNormalization (4D) (16)
          |    }
           `-> (2): nn.Identity
           ... -> output
      }
      (2): nn.CAddTable
    }
  }
  (4): nn.Sequential {
    [input -> (1) -> (2) -> (3) -> (4) -> (5) -> (6) -> (7) -> output]
    (1): nn.Sequential {
      [input -> (1) -> (2) -> output]
      (1): nn.ConcatTable {
        input
          |`-> (1): nn.Sequential {
          |      [input -> (1) -> (2) -> (3) -> (4) -> output]
          |      (1): cudnn.SpatialConvolution(16 -> 32, 3x3, 2,2, 1,1) without bias
          |      (2): nn.ELU (alpha:1.000000)
          |      (3): cudnn.SpatialConvolution(32 -> 32, 3x3, 1,1, 1,1) without bias
          |      (4): nn.SpatialBatchNormalization (4D) (32)
          |    }
           `-> (2): nn.Sequential {
                 [input -> (1) -> (2) -> output]
                 (1): nn.SpatialAveragePooling(1x1, 2,2)
                 (2): nn.Concat {
                   input
                     |`-> (1): nn.Identity
                      `-> (2): nn.MulConstant
                      ... -> output
                 }
               }
           ... -> output
      }
      (2): nn.CAddTable
    }
    (2): nn.Sequential {
      [input -> (1) -> (2) -> output]
      (1): nn.ConcatTable {
        input
          |`-> (1): nn.Sequential {
          |      [input -> (1) -> (2) -> (3) -> (4) -> output]
          |      (1): cudnn.SpatialConvolution(32 -> 32, 3x3, 1,1, 1,1) without bias
          |      (2): nn.ELU (alpha:1.000000)
          |      (3): cudnn.SpatialConvolution(32 -> 32, 3x3, 1,1, 1,1) without bias
          |      (4): nn.SpatialBatchNormalization (4D) (32)
          |    }
           `-> (2): nn.Identity
           ... -> output
      }
      (2): nn.CAddTable
    }
    (3): nn.Sequential {
      [input -> (1) -> (2) -> output]
      (1): nn.ConcatTable {
        input
          |`-> (1): nn.Sequential {
          |      [input -> (1) -> (2) -> (3) -> (4) -> output]
          |      (1): cudnn.SpatialConvolution(32 -> 32, 3x3, 1,1, 1,1) without bias
          |      (2): nn.ELU (alpha:1.000000)
          |      (3): cudnn.SpatialConvolution(32 -> 32, 3x3, 1,1, 1,1) without bias
          |      (4): nn.SpatialBatchNormalization (4D) (32)
          |    }
           `-> (2): nn.Identity
           ... -> output
      }
      (2): nn.CAddTable
    }
    (4): nn.Sequential {
      [input -> (1) -> (2) -> output]
      (1): nn.ConcatTable {
        input
          |`-> (1): nn.Sequential {
          |      [input -> (1) -> (2) -> (3) -> (4) -> output]
          |      (1): cudnn.SpatialConvolution(32 -> 32, 3x3, 1,1, 1,1) without bias
          |      (2): nn.ELU (alpha:1.000000)
          |      (3): cudnn.SpatialConvolution(32 -> 32, 3x3, 1,1, 1,1) without bias
          |      (4): nn.SpatialBatchNormalization (4D) (32)
          |    }
           `-> (2): nn.Identity
           ... -> output
      }
      (2): nn.CAddTable
    }
    (5): nn.Sequential {
      [input -> (1) -> (2) -> output]
      (1): nn.ConcatTable {
        input
          |`-> (1): nn.Sequential {
          |      [input -> (1) -> (2) -> (3) -> (4) -> output]
          |      (1): cudnn.SpatialConvolution(32 -> 32, 3x3, 1,1, 1,1) without bias
          |      (2): nn.ELU (alpha:1.000000)
          |      (3): cudnn.SpatialConvolution(32 -> 32, 3x3, 1,1, 1,1) without bias
          |      (4): nn.SpatialBatchNormalization (4D) (32)
          |    }
           `-> (2): nn.Identity
           ... -> output
      }
      (2): nn.CAddTable
    }
    (6): nn.Sequential {
      [input -> (1) -> (2) -> output]
      (1): nn.ConcatTable {
        input
          |`-> (1): nn.Sequential {
          |      [input -> (1) -> (2) -> (3) -> (4) -> output]
          |      (1): cudnn.SpatialConvolution(32 -> 32, 3x3, 1,1, 1,1) without bias
          |      (2): nn.ELU (alpha:1.000000)
          |      (3): cudnn.SpatialConvolution(32 -> 32, 3x3, 1,1, 1,1) without bias
          |      (4): nn.SpatialBatchNormalization (4D) (32)
          |    }
           `-> (2): nn.Identity
           ... -> output
      }
      (2): nn.CAddTable
    }
    (7): nn.Sequential {
      [input -> (1) -> (2) -> output]
      (1): nn.ConcatTable {
        input
          |`-> (1): nn.Sequential {
          |      [input -> (1) -> (2) -> (3) -> (4) -> output]
          |      (1): cudnn.SpatialConvolution(32 -> 32, 3x3, 1,1, 1,1) without bias
          |      (2): nn.ELU (alpha:1.000000)
          |      (3): cudnn.SpatialConvolution(32 -> 32, 3x3, 1,1, 1,1) without bias
          |      (4): nn.SpatialBatchNormalization (4D) (32)
          |    }
           `-> (2): nn.Identity
           ... -> output
      }
      (2): nn.CAddTable
    }
  }
  (5): nn.Sequential {
    [input -> (1) -> (2) -> (3) -> (4) -> (5) -> (6) -> (7) -> output]
    (1): nn.Sequential {
      [input -> (1) -> (2) -> output]
      (1): nn.ConcatTable {
        input
          |`-> (1): nn.Sequential {
          |      [input -> (1) -> (2) -> (3) -> (4) -> output]
          |      (1): cudnn.SpatialConvolution(32 -> 64, 3x3, 2,2, 1,1) without bias
          |      (2): nn.ELU (alpha:1.000000)
          |      (3): cudnn.SpatialConvolution(64 -> 64, 3x3, 1,1, 1,1) without bias
          |      (4): nn.SpatialBatchNormalization (4D) (64)
          |    }
           `-> (2): nn.Sequential {
                 [input -> (1) -> (2) -> output]
                 (1): nn.SpatialAveragePooling(1x1, 2,2)
                 (2): nn.Concat {
                   input
                     |`-> (1): nn.Identity
                      `-> (2): nn.MulConstant
                      ... -> output
                 }
               }
           ... -> output
      }
      (2): nn.CAddTable
    }
    (2): nn.Sequential {
      [input -> (1) -> (2) -> output]
      (1): nn.ConcatTable {
        input
          |`-> (1): nn.Sequential {
          |      [input -> (1) -> (2) -> (3) -> (4) -> output]
          |      (1): cudnn.SpatialConvolution(64 -> 64, 3x3, 1,1, 1,1) without bias
          |      (2): nn.ELU (alpha:1.000000)
          |      (3): cudnn.SpatialConvolution(64 -> 64, 3x3, 1,1, 1,1) without bias
          |      (4): nn.SpatialBatchNormalization (4D) (64)
          |    }
           `-> (2): nn.Identity
           ... -> output
      }
      (2): nn.CAddTable
    }
    (3): nn.Sequential {
      [input -> (1) -> (2) -> output]
      (1): nn.ConcatTable {
        input
          |`-> (1): nn.Sequential {
          |      [input -> (1) -> (2) -> (3) -> (4) -> output]
          |      (1): cudnn.SpatialConvolution(64 -> 64, 3x3, 1,1, 1,1) without bias
          |      (2): nn.ELU (alpha:1.000000)
          |      (3): cudnn.SpatialConvolution(64 -> 64, 3x3, 1,1, 1,1) without bias
          |      (4): nn.SpatialBatchNormalization (4D) (64)
          |    }
           `-> (2): nn.Identity
           ... -> output
      }
      (2): nn.CAddTable
    }
    (4): nn.Sequential {
      [input -> (1) -> (2) -> output]
      (1): nn.ConcatTable {
        input
          |`-> (1): nn.Sequential {
          |      [input -> (1) -> (2) -> (3) -> (4) -> output]
          |      (1): cudnn.SpatialConvolution(64 -> 64, 3x3, 1,1, 1,1) without bias
          |      (2): nn.ELU (alpha:1.000000)
          |      (3): cudnn.SpatialConvolution(64 -> 64, 3x3, 1,1, 1,1) without bias
          |      (4): nn.SpatialBatchNormalization (4D) (64)
          |    }
           `-> (2): nn.Identity
           ... -> output
      }
      (2): nn.CAddTable
    }
    (5): nn.Sequential {
      [input -> (1) -> (2) -> output]
      (1): nn.ConcatTable {
        input
          |`-> (1): nn.Sequential {
          |      [input -> (1) -> (2) -> (3) -> (4) -> output]
          |      (1): cudnn.SpatialConvolution(64 -> 64, 3x3, 1,1, 1,1) without bias
          |      (2): nn.ELU (alpha:1.000000)
          |      (3): cudnn.SpatialConvolution(64 -> 64, 3x3, 1,1, 1,1) without bias
          |      (4): nn.SpatialBatchNormalization (4D) (64)
          |    }
           `-> (2): nn.Identity
           ... -> output
      }
      (2): nn.CAddTable
    }
    (6): nn.Sequential {
      [input -> (1) -> (2) -> output]
      (1): nn.ConcatTable {
        input
          |`-> (1): nn.Sequential {
          |      [input -> (1) -> (2) -> (3) -> (4) -> output]
          |      (1): cudnn.SpatialConvolution(64 -> 64, 3x3, 1,1, 1,1) without bias
          |      (2): nn.ELU (alpha:1.000000)
          |      (3): cudnn.SpatialConvolution(64 -> 64, 3x3, 1,1, 1,1) without bias
          |      (4): nn.SpatialBatchNormalization (4D) (64)
          |    }
           `-> (2): nn.Identity
           ... -> output
      }
      (2): nn.CAddTable
    }
    (7): nn.Sequential {
      [input -> (1) -> (2) -> output]
      (1): nn.ConcatTable {
        input
          |`-> (1): nn.Sequential {
          |      [input -> (1) -> (2) -> (3) -> (4) -> output]
          |      (1): cudnn.SpatialConvolution(64 -> 64, 3x3, 1,1, 1,1) without bias
          |      (2): nn.ELU (alpha:1.000000)
          |      (3): cudnn.SpatialConvolution(64 -> 64, 3x3, 1,1, 1,1) without bias
          |      (4): nn.SpatialBatchNormalization (4D) (64)
          |    }
           `-> (2): nn.Identity
           ... -> output
      }
      (2): nn.CAddTable
    }
  }
  (6): nn.ELU (alpha:1.000000)
  (7): cudnn.SpatialAveragePooling(8x8, 1,1)
  (8): nn.View(64)
  (9): nn.Linear(64 -> 100)
}
=> Training epoch # 1	
 * Finished epoch # 1     top1:  80.430  top5:  51.426
	
 * Best model 	80.4296875	51.42578125	
=> Training epoch # 2	
 * Finished epoch # 2     top1:  74.248  top5:  42.061
	
 * Best model 	74.248046875	42.060546875	
=> Training epoch # 3	
 * Finished epoch # 3     top1:  68.018  top5:  35.879
	
 * Best model 	68.017578125	35.87890625	
=> Training epoch # 4	
 * Finished epoch # 4     top1:  65.049  top5:  32.539
	
 * Best model 	65.048828125	32.5390625	
=> Training epoch # 5	
 * Finished epoch # 5     top1:  60.068  top5:  27.305
	
 * Best model 	60.068359375	27.3046875	
=> Training epoch # 6	
 * Finished epoch # 6     top1:  56.221  top5:  23.721
	
 * Best model 	56.220703125	23.720703125	
=> Training epoch # 7	
 * Finished epoch # 7     top1:  55.996  top5:  22.539
	
 * Best model 	55.99609375	22.5390625	
=> Training epoch # 8	
 * Finished epoch # 8     top1:  52.324  top5:  20.840
	
 * Best model 	52.32421875	20.83984375	
=> Training epoch # 9	
 * Finished epoch # 9     top1:  50.879  top5:  20.078
	
 * Best model 	50.87890625	20.078125	
=> Training epoch # 10	
 * Finished epoch # 10     top1:  54.033  top5:  21.328
	
=> Training epoch # 11	
 * Finished epoch # 11     top1:  49.688  top5:  18.555
	
 * Best model 	49.6875	18.5546875	
=> Training epoch # 12	
 * Finished epoch # 12     top1:  50.322  top5:  19.150
	
=> Training epoch # 13	
 * Finished epoch # 13     top1:  47.354  top5:  17.080
	
 * Best model 	47.353515625	17.080078125	
=> Training epoch # 14	
 * Finished epoch # 14     top1:  49.941  top5:  18.867
	
=> Training epoch # 15	
 * Finished epoch # 15     top1:  52.598  top5:  20.098
	
=> Training epoch # 16	
 * Finished epoch # 16     top1:  49.629  top5:  17.920
	
=> Training epoch # 17	
 * Finished epoch # 17     top1:  50.693  top5:  19.863
	
=> Training epoch # 18	
 * Finished epoch # 18     top1:  53.438  top5:  21.953
	
=> Training epoch # 19	
 * Finished epoch # 19     top1:  46.152  top5:  17.227
	
 * Best model 	46.15234375	17.2265625	
=> Training epoch # 20	
 * Finished epoch # 20     top1:  48.594  top5:  19.023
	
=> Training epoch # 21	
 * Finished epoch # 21     top1:  48.848  top5:  17.881
	
=> Training epoch # 22	
 * Finished epoch # 22     top1:  48.262  top5:  18.984
	
=> Training epoch # 23	
 * Finished epoch # 23     top1:  49.209  top5:  18.486
	
=> Training epoch # 24	
 * Finished epoch # 24     top1:  54.580  top5:  22.764
	
=> Training epoch # 25	
 * Finished epoch # 25     top1:  48.232  top5:  18.232
	
=> Training epoch # 26	
 * Finished epoch # 26     top1:  44.141  top5:  15.654
	
 * Best model 	44.140625	15.654296875	
=> Training epoch # 27	
 * Finished epoch # 27     top1:  51.875  top5:  19.561
	
=> Training epoch # 28	
 * Finished epoch # 28     top1:  46.348  top5:  15.781
	
=> Training epoch # 29	
 * Finished epoch # 29     top1:  49.160  top5:  18.848
	
=> Training epoch # 30	
 * Finished epoch # 30     top1:  46.631  top5:  16.826
	
=> Training epoch # 31	
 * Finished epoch # 31     top1:  49.561  top5:  19.102
	
=> Training epoch # 32	
 * Finished epoch # 32     top1:  53.320  top5:  23.408
	
=> Training epoch # 33	
 * Finished epoch # 33     top1:  42.969  top5:  14.541
	
 * Best model 	42.96875	14.541015625	
=> Training epoch # 34	
 * Finished epoch # 34     top1:  48.662  top5:  18.105
	
=> Training epoch # 35	
 * Finished epoch # 35     top1:  49.092  top5:  19.268
	
=> Training epoch # 36	
 * Finished epoch # 36     top1:  45.791  top5:  16.758
	
=> Training epoch # 37	
 * Finished epoch # 37     top1:  45.742  top5:  15.557
	
=> Training epoch # 38	
 * Finished epoch # 38     top1:  50.596  top5:  20.400
	
=> Training epoch # 39	
 * Finished epoch # 39     top1:  48.311  top5:  18.447
	
=> Training epoch # 40	
 * Finished epoch # 40     top1:  46.543  top5:  16.348
	
=> Training epoch # 41	
 * Finished epoch # 41     top1:  46.699  top5:  16.699
	
=> Training epoch # 42	
 * Finished epoch # 42     top1:  46.143  top5:  17.490
	
=> Training epoch # 43	
 * Finished epoch # 43     top1:  46.611  top5:  16.494
	
=> Training epoch # 44	
 * Finished epoch # 44     top1:  50.479  top5:  19.688
	
=> Training epoch # 45	
 * Finished epoch # 45     top1:  43.213  top5:  14.473
	
=> Training epoch # 46	
 * Finished epoch # 46     top1:  46.465  top5:  16.895
	
=> Training epoch # 47	
 * Finished epoch # 47     top1:  45.293  top5:  15.781
	
=> Training epoch # 48	
 * Finished epoch # 48     top1:  45.557  top5:  16.338
	
=> Training epoch # 49	
 * Finished epoch # 49     top1:  45.762  top5:  15.332
	
=> Training epoch # 50	
 * Finished epoch # 50     top1:  46.924  top5:  16.211
	
=> Training epoch # 51	
 * Finished epoch # 51     top1:  44.170  top5:  15.361
	
=> Training epoch # 52	
 * Finished epoch # 52     top1:  47.568  top5:  18.086
	
=> Training epoch # 53	
 * Finished epoch # 53     top1:  47.764  top5:  19.248
	
=> Training epoch # 54	
 * Finished epoch # 54     top1:  46.328  top5:  17.812
	
=> Training epoch # 55	
 * Finished epoch # 55     top1:  47.324  top5:  17.119
	
=> Training epoch # 56	
 * Finished epoch # 56     top1:  45.703  top5:  16.387
	
=> Training epoch # 57	
 * Finished epoch # 57     top1:  47.461  top5:  18.789
	
=> Training epoch # 58	
 * Finished epoch # 58     top1:  46.162  top5:  16.807
	
=> Training epoch # 59	
 * Finished epoch # 59     top1:  45.596  top5:  17.100
	
=> Training epoch # 60	
 * Finished epoch # 60     top1:  51.631  top5:  20.518
	
=> Training epoch # 61	
 * Finished epoch # 61     top1:  44.258  top5:  14.854
	
=> Training epoch # 62	
 * Finished epoch # 62     top1:  45.342  top5:  16.348
	
=> Training epoch # 63	
 * Finished epoch # 63     top1:  44.072  top5:  14.893
	
=> Training epoch # 64	
 * Finished epoch # 64     top1:  47.705  top5:  17.607
	
=> Training epoch # 65	
 * Finished epoch # 65     top1:  46.592  top5:  16.729
	
=> Training epoch # 66	
 * Finished epoch # 66     top1:  45.137  top5:  15.117
	
=> Training epoch # 67	
 * Finished epoch # 67     top1:  44.199  top5:  15.420
	
=> Training epoch # 68	
 * Finished epoch # 68     top1:  44.453  top5:  14.844
	
=> Training epoch # 69	
 * Finished epoch # 69     top1:  45.293  top5:  15.713
	
=> Training epoch # 70	
 * Finished epoch # 70     top1:  48.467  top5:  17.070
	
=> Training epoch # 71	
 * Finished epoch # 71     top1:  44.463  top5:  16.055
	
=> Training epoch # 72	
 * Finished epoch # 72     top1:  47.939  top5:  17.803
	
=> Training epoch # 73	
 * Finished epoch # 73     top1:  50.293  top5:  20.156
	
=> Training epoch # 74	
 * Finished epoch # 74     top1:  46.738  top5:  16.572
	
=> Training epoch # 75	
 * Finished epoch # 75     top1:  46.094  top5:  16.396
	
=> Training epoch # 76	
 * Finished epoch # 76     top1:  47.773  top5:  18.262
	
=> Training epoch # 77	
 * Finished epoch # 77     top1:  49.189  top5:  17.812
	
=> Training epoch # 78	
 * Finished epoch # 78     top1:  46.572  top5:  16.406
	
=> Training epoch # 79	
 * Finished epoch # 79     top1:  48.115  top5:  18.848
	
=> Training epoch # 80	
 * Finished epoch # 80     top1:  43.213  top5:  14.111
	
=> Training epoch # 81	
 * Finished epoch # 81     top1:  30.664  top5:   7.500
	
 * Best model 	30.6640625	7.5	
=> Training epoch # 82	
 * Finished epoch # 82     top1:  29.307  top5:   7.383
	
 * Best model 	29.306640625	7.3828125	
=> Training epoch # 83	
 * Finished epoch # 83     top1:  28.066  top5:   6.631
	
 * Best model 	28.06640625	6.630859375	
=> Training epoch # 84	
 * Finished epoch # 84     top1:  29.141  top5:   7.129
	
=> Training epoch # 85	
 * Finished epoch # 85     top1:  29.756  top5:   7.051
	
=> Training epoch # 86	
 * Finished epoch # 86     top1:  29.863  top5:   6.963
	
=> Training epoch # 87	
 * Finished epoch # 87     top1:  29.209  top5:   7.354
	
=> Training epoch # 88	
 * Finished epoch # 88     top1:  29.600  top5:   7.646
	
=> Training epoch # 89	
 * Finished epoch # 89     top1:  30.879  top5:   8.525
	
=> Training epoch # 90	
 * Finished epoch # 90     top1:  31.113  top5:   8.135
	
=> Training epoch # 91	
 * Finished epoch # 91     top1:  30.469  top5:   8.359
	
=> Training epoch # 92	
 * Finished epoch # 92     top1:  31.611  top5:   8.535
	
=> Training epoch # 93	
 * Finished epoch # 93     top1:  32.529  top5:   9.570
	
=> Training epoch # 94	
 * Finished epoch # 94     top1:  32.363  top5:   9.150
	
=> Training epoch # 95	
 * Finished epoch # 95     top1:  30.996  top5:   8.643
	
=> Training epoch # 96	
 * Finished epoch # 96     top1:  30.752  top5:   8.594
	
=> Training epoch # 97	
 * Finished epoch # 97     top1:  31.836  top5:   9.189
	
=> Training epoch # 98	
 * Finished epoch # 98     top1:  33.418  top5:   9.648
	
=> Training epoch # 99	
 * Finished epoch # 99     top1:  33.389  top5:  10.078
	
=> Training epoch # 100	
 * Finished epoch # 100     top1:  33.369  top5:   9.961
	
=> Training epoch # 101	
 * Finished epoch # 101     top1:  34.883  top5:  10.547
	
=> Training epoch # 102	
 * Finished epoch # 102     top1:  36.709  top5:  11.895
	
=> Training epoch # 103	
 * Finished epoch # 103     top1:  33.623  top5:   9.893
	
=> Training epoch # 104	
 * Finished epoch # 104     top1:  35.391  top5:   9.824
	
=> Training epoch # 105	
 * Finished epoch # 105     top1:  35.264  top5:  11.309
	
=> Training epoch # 106	
 * Finished epoch # 106     top1:  34.297  top5:  10.527
	
=> Training epoch # 107	
 * Finished epoch # 107     top1:  34.707  top5:  10.557
	
=> Training epoch # 108	
 * Finished epoch # 108     top1:  35.146  top5:  10.674
	
=> Training epoch # 109	
 * Finished epoch # 109     top1:  36.113  top5:  11.201
	
=> Training epoch # 110	
 * Finished epoch # 110     top1:  37.061  top5:  12.637
	
=> Training epoch # 111	
 * Finished epoch # 111     top1:  38.359  top5:  12.266
	
=> Training epoch # 112	
 * Finished epoch # 112     top1:  41.885  top5:  14.961
	
=> Training epoch # 113	
 * Finished epoch # 113     top1:  36.768  top5:  11.631
	
=> Training epoch # 114	
 * Finished epoch # 114     top1:  35.254  top5:  10.771
	
=> Training epoch # 115	
 * Finished epoch # 115     top1:  36.807  top5:  12.285
	
=> Training epoch # 116	
 * Finished epoch # 116     top1:  41.807  top5:  14.795
	
=> Training epoch # 117	
 * Finished epoch # 117     top1:  38.838  top5:  12.861
	
=> Training epoch # 118	
 * Finished epoch # 118     top1:  40.703  top5:  14.141
	
=> Training epoch # 119	
 * Finished epoch # 119     top1:  36.514  top5:  11.504
	
=> Training epoch # 120	
 * Finished epoch # 120     top1:  38.213  top5:  12.402
	
=> Training epoch # 121	
 * Finished epoch # 121     top1:  38.359  top5:  13.291
	
=> Training epoch # 122	
 * Finished epoch # 122     top1:  27.627  top5:   7.334
	
 * Best model 	27.626953125	7.333984375	
=> Training epoch # 123	
 * Finished epoch # 123     top1:  27.910  top5:   7.705
	
=> Training epoch # 124	
 * Finished epoch # 124     top1:  27.656  top5:   7.432
	
=> Training epoch # 125	
 * Finished epoch # 125     top1:  27.725  top5:   7.314
	
=> Training epoch # 126	
 * Finished epoch # 126     top1:  27.969  top5:   7.510
	
=> Training epoch # 127	
 * Finished epoch # 127     top1:  28.281  top5:   7.627
	
=> Training epoch # 128	
 * Finished epoch # 128     top1:  27.822  top5:   7.148
	
=> Training epoch # 129	
 * Finished epoch # 129     top1:  28.174  top5:   7.266
	
=> Training epoch # 130	
 * Finished epoch # 130     top1:  28.164  top5:   7.432
	
=> Training epoch # 131	
 * Finished epoch # 131     top1:  27.822  top5:   7.344
	
=> Training epoch # 132	
 * Finished epoch # 132     top1:  28.301  top5:   7.959
	
=> Training epoch # 133	
 * Finished epoch # 133     top1:  27.891  top5:   7.637
	
=> Training epoch # 134	
 * Finished epoch # 134     top1:  28.301  top5:   7.627
	
=> Training epoch # 135	
 * Finished epoch # 135     top1:  28.379  top5:   7.764
	
=> Training epoch # 136	
 * Finished epoch # 136     top1:  28.154  top5:   7.715
	
=> Training epoch # 137	
 * Finished epoch # 137     top1:  27.910  top5:   7.480
	
=> Training epoch # 138	
 * Finished epoch # 138     top1:  28.672  top5:   7.188
	
=> Training epoch # 139	
 * Finished epoch # 139     top1:  28.428  top5:   7.881
	
=> Training epoch # 140	
 * Finished epoch # 140     top1:  28.682  top5:   7.676
	
=> Training epoch # 141	
 * Finished epoch # 141     top1:  28.301  top5:   7.461
	
=> Training epoch # 142	
 * Finished epoch # 142     top1:  28.564  top5:   7.666
	
=> Training epoch # 143	
 * Finished epoch # 143     top1:  28.477  top5:   7.637
	
=> Training epoch # 144	
 * Finished epoch # 144     top1:  29.287  top5:   7.705
	
=> Training epoch # 145	
 * Finished epoch # 145     top1:  28.936  top5:   7.705
	
=> Training epoch # 146	
 * Finished epoch # 146     top1:  28.740  top5:   7.666
	
=> Training epoch # 147	
 * Finished epoch # 147     top1:  29.111  top5:   7.578
	
=> Training epoch # 148	
 * Finished epoch # 148     top1:  28.730  top5:   7.578
	
=> Training epoch # 149	
 * Finished epoch # 149     top1:  28.770  top5:   8.027
	
=> Training epoch # 150	
 * Finished epoch # 150     top1:  29.209  top5:   7.852
	
=> Training epoch # 151	
 * Finished epoch # 151     top1:  28.740  top5:   7.676
	
=> Training epoch # 152	
 * Finished epoch # 152     top1:  28.525  top5:   7.842
	
=> Training epoch # 153	
 * Finished epoch # 153     top1:  28.877  top5:   7.852
	
=> Training epoch # 154	
 * Finished epoch # 154     top1:  29.307  top5:   7.773
	
=> Training epoch # 155	
 * Finished epoch # 155     top1:  29.473  top5:   7.891
	
=> Training epoch # 156	
 * Finished epoch # 156     top1:  29.160  top5:   7.910
	
=> Training epoch # 157	
 * Finished epoch # 157     top1:  28.779  top5:   8.115
	
=> Training epoch # 158	
 * Finished epoch # 158     top1:  28.506  top5:   7.969
	
=> Training epoch # 159	
 * Finished epoch # 159     top1:  29.385  top5:   8.184
	
=> Training epoch # 160	
 * Finished epoch # 160     top1:  28.711  top5:   8.086
	
=> Training epoch # 161	
 * Finished epoch # 161     top1:  29.990  top5:   8.232
	
=> Training epoch # 162	
 * Finished epoch # 162     top1:  29.365  top5:   7.822
	
=> Training epoch # 163	
 * Finished epoch # 163     top1:  29.541  top5:   8.086
	
=> Training epoch # 164	
 * Finished epoch # 164     top1:  29.033  top5:   8.389
	
=> Training epoch # 165	
 * Finished epoch # 165     top1:  29.404  top5:   8.408
	
=> Training epoch # 166	
 * Finished epoch # 166     top1:  29.385  top5:   8.105
	
=> Training epoch # 167	
 * Finished epoch # 167     top1:  29.551  top5:   8.125
	
=> Training epoch # 168	
 * Finished epoch # 168     top1:  29.639  top5:   8.682
	
=> Training epoch # 169	
 * Finished epoch # 169     top1:  29.365  top5:   8.184
	
=> Training epoch # 170	
 * Finished epoch # 170     top1:  29.229  top5:   8.027
	
=> Training epoch # 171	
 * Finished epoch # 171     top1:  29.199  top5:   8.281
	
=> Training epoch # 172	
 * Finished epoch # 172     top1:  29.268  top5:   8.291
	
=> Training epoch # 173	
 * Finished epoch # 173     top1:  29.365  top5:   8.291
	
=> Training epoch # 174	
 * Finished epoch # 174     top1:  29.785  top5:   7.832
	
=> Training epoch # 175	
 * Finished epoch # 175     top1:  29.492  top5:   8.369
	
=> Training epoch # 176	
 * Finished epoch # 176     top1:  29.707  top5:   8.398
	
=> Training epoch # 177	
 * Finished epoch # 177     top1:  30.078  top5:   8.438
	
=> Training epoch # 178	
 * Finished epoch # 178     top1:  29.414  top5:   8.193
	
=> Training epoch # 179	
 * Finished epoch # 179     top1:  29.971  top5:   8.457
	
=> Training epoch # 180	
 * Finished epoch # 180     top1:  29.561  top5:   8.066
	
=> Training epoch # 181	
 * Finished epoch # 181     top1:  29.307  top5:   8.213
	
=> Training epoch # 182	
 * Finished epoch # 182     top1:  30.254  top5:   8.799
	
=> Training epoch # 183	
 * Finished epoch # 183     top1:  29.326  top5:   8.115
	
=> Training epoch # 184	
 * Finished epoch # 184     top1:  29.717  top5:   8.789
	
=> Training epoch # 185	
 * Finished epoch # 185     top1:  29.785  top5:   8.281
	
=> Training epoch # 186	
 * Finished epoch # 186     top1:  29.971  top5:   8.555
	
=> Training epoch # 187	
 * Finished epoch # 187     top1:  29.795  top5:   8.652
	
=> Training epoch # 188	
 * Finished epoch # 188     top1:  30.107  top5:   8.018
	
=> Training epoch # 189	
 * Finished epoch # 189     top1:  30.186  top5:   8.398
	
=> Training epoch # 190	
 * Finished epoch # 190     top1:  31.230  top5:   9.463
	
=> Training epoch # 191	
 * Finished epoch # 191     top1:  30.332  top5:   8.428
	
=> Training epoch # 192	
 * Finished epoch # 192     top1:  30.254  top5:   8.643
	
=> Training epoch # 193	
 * Finished epoch # 193     top1:  29.453  top5:   8.242
	
=> Training epoch # 194	
 * Finished epoch # 194     top1:  30.488  top5:   8.623
	
=> Training epoch # 195	
 * Finished epoch # 195     top1:  30.146  top5:   8.887
	
=> Training epoch # 196	
 * Finished epoch # 196     top1:  30.840  top5:   8.779
	
=> Training epoch # 197	
 * Finished epoch # 197     top1:  30.479  top5:   8.213
	
=> Training epoch # 198	
 * Finished epoch # 198     top1:  29.785  top5:   8.447
	
=> Training epoch # 199	
 * Finished epoch # 199     top1:  29.316  top5:   8.408
	
=> Training epoch # 200	
 * Finished epoch # 200     top1:  30.273  top5:   8.730
	
 * Finished top1: 27.627  top5:  7.334	
