{
  cudnn : "fastest"
  LR : 0.1
  nThreads : 2
  nClasses : 0
  batchSize : 256
  testOnly : false
  netType : "resnet-bn-pelu"
  resetClassifier : false
  shortcutType : "A"
  gen : "gen"
  nGPU : 1
  depth : 110
  weightDecay : 0.001
  data : ""
  dataset : "cifar10"
  epochNumber : 1
  manualSeed : 2
  resume : "results/results-bn-pelu-div-mul/try1/cifar10/110"
  optimState : "none"
  nEpochs : 200
  tenCrop : false
  shareGradInput : false
  backend : "cudnn"
  momentum : 0.9
  retrain : "none"
}
=> Creating model from file: models/resnet-bn-pelu.lua	
 | ResNet-110 CIFAR-10	
nn.Sequential {
  [input -> (1) -> (2) -> (3) -> (4) -> (5) -> (6) -> (7) -> (8) -> (9) -> (10) -> (11) -> output]
  (1): cudnn.SpatialConvolution(3 -> 16, 3x3, 1,1, 1,1) without bias
  (2): nn.SpatialBatchNormalization (4D) (16)
  (3): nn.Sequential {
    [input -> (1) -> (2) -> (3) -> output]
    (1): nn.ConstrainedDiv
    (2): nn.ELU (alpha:1.000000)
    (3): nn.ConstrainedMul
  }
  (4): nn.Sequential {
    [input -> (1) -> (2) -> (3) -> (4) -> (5) -> (6) -> (7) -> (8) -> (9) -> (10) -> (11) -> (12) -> (13) -> (14) -> (15) -> (16) -> (17) -> (18) -> output]
    (1): nn.Sequential {
      [input -> (1) -> (2) -> output]
      (1): nn.ConcatTable {
        input
          |`-> (1): nn.Sequential {
          |      [input -> (1) -> (2) -> (3) -> (4) -> (5) -> output]
          |      (1): cudnn.SpatialConvolution(16 -> 16, 3x3, 1,1, 1,1) without bias
          |      (2): nn.SpatialBatchNormalization (4D) (16)
          |      (3): nn.Sequential {
          |        [input -> (1) -> (2) -> (3) -> output]
          |        (1): nn.ConstrainedDiv
          |        (2): nn.ELU (alpha:1.000000)
          |        (3): nn.ConstrainedMul
          |      }
          |      (4): cudnn.SpatialConvolution(16 -> 16, 3x3, 1,1, 1,1) without bias
          |      (5): nn.SpatialBatchNormalization (4D) (16)
          |    }
           `-> (2): nn.Identity
           ... -> output
      }
      (2): nn.CAddTable
    }
    (2): nn.Sequential {
      [input -> (1) -> (2) -> output]
      (1): nn.ConcatTable {
        input
          |`-> (1): nn.Sequential {
          |      [input -> (1) -> (2) -> (3) -> (4) -> (5) -> output]
          |      (1): cudnn.SpatialConvolution(16 -> 16, 3x3, 1,1, 1,1) without bias
          |      (2): nn.SpatialBatchNormalization (4D) (16)
          |      (3): nn.Sequential {
          |        [input -> (1) -> (2) -> (3) -> output]
          |        (1): nn.ConstrainedDiv
          |        (2): nn.ELU (alpha:1.000000)
          |        (3): nn.ConstrainedMul
          |      }
          |      (4): cudnn.SpatialConvolution(16 -> 16, 3x3, 1,1, 1,1) without bias
          |      (5): nn.SpatialBatchNormalization (4D) (16)
          |    }
           `-> (2): nn.Identity
           ... -> output
      }
      (2): nn.CAddTable
    }
    (3): nn.Sequential {
      [input -> (1) -> (2) -> output]
      (1): nn.ConcatTable {
        input
          |`-> (1): nn.Sequential {
          |      [input -> (1) -> (2) -> (3) -> (4) -> (5) -> output]
          |      (1): cudnn.SpatialConvolution(16 -> 16, 3x3, 1,1, 1,1) without bias
          |      (2): nn.SpatialBatchNormalization (4D) (16)
          |      (3): nn.Sequential {
          |        [input -> (1) -> (2) -> (3) -> output]
          |        (1): nn.ConstrainedDiv
          |        (2): nn.ELU (alpha:1.000000)
          |        (3): nn.ConstrainedMul
          |      }
          |      (4): cudnn.SpatialConvolution(16 -> 16, 3x3, 1,1, 1,1) without bias
          |      (5): nn.SpatialBatchNormalization (4D) (16)
          |    }
           `-> (2): nn.Identity
           ... -> output
      }
      (2): nn.CAddTable
    }
    (4): nn.Sequential {
      [input -> (1) -> (2) -> output]
      (1): nn.ConcatTable {
        input
          |`-> (1): nn.Sequential {
          |      [input -> (1) -> (2) -> (3) -> (4) -> (5) -> output]
          |      (1): cudnn.SpatialConvolution(16 -> 16, 3x3, 1,1, 1,1) without bias
          |      (2): nn.SpatialBatchNormalization (4D) (16)
          |      (3): nn.Sequential {
          |        [input -> (1) -> (2) -> (3) -> output]
          |        (1): nn.ConstrainedDiv
          |        (2): nn.ELU (alpha:1.000000)
          |        (3): nn.ConstrainedMul
          |      }
          |      (4): cudnn.SpatialConvolution(16 -> 16, 3x3, 1,1, 1,1) without bias
          |      (5): nn.SpatialBatchNormalization (4D) (16)
          |    }
           `-> (2): nn.Identity
           ... -> output
      }
      (2): nn.CAddTable
    }
    (5): nn.Sequential {
      [input -> (1) -> (2) -> output]
      (1): nn.ConcatTable {
        input
          |`-> (1): nn.Sequential {
          |      [input -> (1) -> (2) -> (3) -> (4) -> (5) -> output]
          |      (1): cudnn.SpatialConvolution(16 -> 16, 3x3, 1,1, 1,1) without bias
          |      (2): nn.SpatialBatchNormalization (4D) (16)
          |      (3): nn.Sequential {
          |        [input -> (1) -> (2) -> (3) -> output]
          |        (1): nn.ConstrainedDiv
          |        (2): nn.ELU (alpha:1.000000)
          |        (3): nn.ConstrainedMul
          |      }
          |      (4): cudnn.SpatialConvolution(16 -> 16, 3x3, 1,1, 1,1) without bias
          |      (5): nn.SpatialBatchNormalization (4D) (16)
          |    }
           `-> (2): nn.Identity
           ... -> output
      }
      (2): nn.CAddTable
    }
    (6): nn.Sequential {
      [input -> (1) -> (2) -> output]
      (1): nn.ConcatTable {
        input
          |`-> (1): nn.Sequential {
          |      [input -> (1) -> (2) -> (3) -> (4) -> (5) -> output]
          |      (1): cudnn.SpatialConvolution(16 -> 16, 3x3, 1,1, 1,1) without bias
          |      (2): nn.SpatialBatchNormalization (4D) (16)
          |      (3): nn.Sequential {
          |        [input -> (1) -> (2) -> (3) -> output]
          |        (1): nn.ConstrainedDiv
          |        (2): nn.ELU (alpha:1.000000)
          |        (3): nn.ConstrainedMul
          |      }
          |      (4): cudnn.SpatialConvolution(16 -> 16, 3x3, 1,1, 1,1) without bias
          |      (5): nn.SpatialBatchNormalization (4D) (16)
          |    }
           `-> (2): nn.Identity
           ... -> output
      }
      (2): nn.CAddTable
    }
    (7): nn.Sequential {
      [input -> (1) -> (2) -> output]
      (1): nn.ConcatTable {
        input
          |`-> (1): nn.Sequential {
          |      [input -> (1) -> (2) -> (3) -> (4) -> (5) -> output]
          |      (1): cudnn.SpatialConvolution(16 -> 16, 3x3, 1,1, 1,1) without bias
          |      (2): nn.SpatialBatchNormalization (4D) (16)
          |      (3): nn.Sequential {
          |        [input -> (1) -> (2) -> (3) -> output]
          |        (1): nn.ConstrainedDiv
          |        (2): nn.ELU (alpha:1.000000)
          |        (3): nn.ConstrainedMul
          |      }
          |      (4): cudnn.SpatialConvolution(16 -> 16, 3x3, 1,1, 1,1) without bias
          |      (5): nn.SpatialBatchNormalization (4D) (16)
          |    }
           `-> (2): nn.Identity
           ... -> output
      }
      (2): nn.CAddTable
    }
    (8): nn.Sequential {
      [input -> (1) -> (2) -> output]
      (1): nn.ConcatTable {
        input
          |`-> (1): nn.Sequential {
          |      [input -> (1) -> (2) -> (3) -> (4) -> (5) -> output]
          |      (1): cudnn.SpatialConvolution(16 -> 16, 3x3, 1,1, 1,1) without bias
          |      (2): nn.SpatialBatchNormalization (4D) (16)
          |      (3): nn.Sequential {
          |        [input -> (1) -> (2) -> (3) -> output]
          |        (1): nn.ConstrainedDiv
          |        (2): nn.ELU (alpha:1.000000)
          |        (3): nn.ConstrainedMul
          |      }
          |      (4): cudnn.SpatialConvolution(16 -> 16, 3x3, 1,1, 1,1) without bias
          |      (5): nn.SpatialBatchNormalization (4D) (16)
          |    }
           `-> (2): nn.Identity
           ... -> output
      }
      (2): nn.CAddTable
    }
    (9): nn.Sequential {
      [input -> (1) -> (2) -> output]
      (1): nn.ConcatTable {
        input
          |`-> (1): nn.Sequential {
          |      [input -> (1) -> (2) -> (3) -> (4) -> (5) -> output]
          |      (1): cudnn.SpatialConvolution(16 -> 16, 3x3, 1,1, 1,1) without bias
          |      (2): nn.SpatialBatchNormalization (4D) (16)
          |      (3): nn.Sequential {
          |        [input -> (1) -> (2) -> (3) -> output]
          |        (1): nn.ConstrainedDiv
          |        (2): nn.ELU (alpha:1.000000)
          |        (3): nn.ConstrainedMul
          |      }
          |      (4): cudnn.SpatialConvolution(16 -> 16, 3x3, 1,1, 1,1) without bias
          |      (5): nn.SpatialBatchNormalization (4D) (16)
          |    }
           `-> (2): nn.Identity
           ... -> output
      }
      (2): nn.CAddTable
    }
    (10): nn.Sequential {
      [input -> (1) -> (2) -> output]
      (1): nn.ConcatTable {
        input
          |`-> (1): nn.Sequential {
          |      [input -> (1) -> (2) -> (3) -> (4) -> (5) -> output]
          |      (1): cudnn.SpatialConvolution(16 -> 16, 3x3, 1,1, 1,1) without bias
          |      (2): nn.SpatialBatchNormalization (4D) (16)
          |      (3): nn.Sequential {
          |        [input -> (1) -> (2) -> (3) -> output]
          |        (1): nn.ConstrainedDiv
          |        (2): nn.ELU (alpha:1.000000)
          |        (3): nn.ConstrainedMul
          |      }
          |      (4): cudnn.SpatialConvolution(16 -> 16, 3x3, 1,1, 1,1) without bias
          |      (5): nn.SpatialBatchNormalization (4D) (16)
          |    }
           `-> (2): nn.Identity
           ... -> output
      }
      (2): nn.CAddTable
    }
    (11): nn.Sequential {
      [input -> (1) -> (2) -> output]
      (1): nn.ConcatTable {
        input
          |`-> (1): nn.Sequential {
          |      [input -> (1) -> (2) -> (3) -> (4) -> (5) -> output]
          |      (1): cudnn.SpatialConvolution(16 -> 16, 3x3, 1,1, 1,1) without bias
          |      (2): nn.SpatialBatchNormalization (4D) (16)
          |      (3): nn.Sequential {
          |        [input -> (1) -> (2) -> (3) -> output]
          |        (1): nn.ConstrainedDiv
          |        (2): nn.ELU (alpha:1.000000)
          |        (3): nn.ConstrainedMul
          |      }
          |      (4): cudnn.SpatialConvolution(16 -> 16, 3x3, 1,1, 1,1) without bias
          |      (5): nn.SpatialBatchNormalization (4D) (16)
          |    }
           `-> (2): nn.Identity
           ... -> output
      }
      (2): nn.CAddTable
    }
    (12): nn.Sequential {
      [input -> (1) -> (2) -> output]
      (1): nn.ConcatTable {
        input
          |`-> (1): nn.Sequential {
          |      [input -> (1) -> (2) -> (3) -> (4) -> (5) -> output]
          |      (1): cudnn.SpatialConvolution(16 -> 16, 3x3, 1,1, 1,1) without bias
          |      (2): nn.SpatialBatchNormalization (4D) (16)
          |      (3): nn.Sequential {
          |        [input -> (1) -> (2) -> (3) -> output]
          |        (1): nn.ConstrainedDiv
          |        (2): nn.ELU (alpha:1.000000)
          |        (3): nn.ConstrainedMul
          |      }
          |      (4): cudnn.SpatialConvolution(16 -> 16, 3x3, 1,1, 1,1) without bias
          |      (5): nn.SpatialBatchNormalization (4D) (16)
          |    }
           `-> (2): nn.Identity
           ... -> output
      }
      (2): nn.CAddTable
    }
    (13): nn.Sequential {
      [input -> (1) -> (2) -> output]
      (1): nn.ConcatTable {
        input
          |`-> (1): nn.Sequential {
          |      [input -> (1) -> (2) -> (3) -> (4) -> (5) -> output]
          |      (1): cudnn.SpatialConvolution(16 -> 16, 3x3, 1,1, 1,1) without bias
          |      (2): nn.SpatialBatchNormalization (4D) (16)
          |      (3): nn.Sequential {
          |        [input -> (1) -> (2) -> (3) -> output]
          |        (1): nn.ConstrainedDiv
          |        (2): nn.ELU (alpha:1.000000)
          |        (3): nn.ConstrainedMul
          |      }
          |      (4): cudnn.SpatialConvolution(16 -> 16, 3x3, 1,1, 1,1) without bias
          |      (5): nn.SpatialBatchNormalization (4D) (16)
          |    }
           `-> (2): nn.Identity
           ... -> output
      }
      (2): nn.CAddTable
    }
    (14): nn.Sequential {
      [input -> (1) -> (2) -> output]
      (1): nn.ConcatTable {
        input
          |`-> (1): nn.Sequential {
          |      [input -> (1) -> (2) -> (3) -> (4) -> (5) -> output]
          |      (1): cudnn.SpatialConvolution(16 -> 16, 3x3, 1,1, 1,1) without bias
          |      (2): nn.SpatialBatchNormalization (4D) (16)
          |      (3): nn.Sequential {
          |        [input -> (1) -> (2) -> (3) -> output]
          |        (1): nn.ConstrainedDiv
          |        (2): nn.ELU (alpha:1.000000)
          |        (3): nn.ConstrainedMul
          |      }
          |      (4): cudnn.SpatialConvolution(16 -> 16, 3x3, 1,1, 1,1) without bias
          |      (5): nn.SpatialBatchNormalization (4D) (16)
          |    }
           `-> (2): nn.Identity
           ... -> output
      }
      (2): nn.CAddTable
    }
    (15): nn.Sequential {
      [input -> (1) -> (2) -> output]
      (1): nn.ConcatTable {
        input
          |`-> (1): nn.Sequential {
          |      [input -> (1) -> (2) -> (3) -> (4) -> (5) -> output]
          |      (1): cudnn.SpatialConvolution(16 -> 16, 3x3, 1,1, 1,1) without bias
          |      (2): nn.SpatialBatchNormalization (4D) (16)
          |      (3): nn.Sequential {
          |        [input -> (1) -> (2) -> (3) -> output]
          |        (1): nn.ConstrainedDiv
          |        (2): nn.ELU (alpha:1.000000)
          |        (3): nn.ConstrainedMul
          |      }
          |      (4): cudnn.SpatialConvolution(16 -> 16, 3x3, 1,1, 1,1) without bias
          |      (5): nn.SpatialBatchNormalization (4D) (16)
          |    }
           `-> (2): nn.Identity
           ... -> output
      }
      (2): nn.CAddTable
    }
    (16): nn.Sequential {
      [input -> (1) -> (2) -> output]
      (1): nn.ConcatTable {
        input
          |`-> (1): nn.Sequential {
          |      [input -> (1) -> (2) -> (3) -> (4) -> (5) -> output]
          |      (1): cudnn.SpatialConvolution(16 -> 16, 3x3, 1,1, 1,1) without bias
          |      (2): nn.SpatialBatchNormalization (4D) (16)
          |      (3): nn.Sequential {
          |        [input -> (1) -> (2) -> (3) -> output]
          |        (1): nn.ConstrainedDiv
          |        (2): nn.ELU (alpha:1.000000)
          |        (3): nn.ConstrainedMul
          |      }
          |      (4): cudnn.SpatialConvolution(16 -> 16, 3x3, 1,1, 1,1) without bias
          |      (5): nn.SpatialBatchNormalization (4D) (16)
          |    }
           `-> (2): nn.Identity
           ... -> output
      }
      (2): nn.CAddTable
    }
    (17): nn.Sequential {
      [input -> (1) -> (2) -> output]
      (1): nn.ConcatTable {
        input
          |`-> (1): nn.Sequential {
          |      [input -> (1) -> (2) -> (3) -> (4) -> (5) -> output]
          |      (1): cudnn.SpatialConvolution(16 -> 16, 3x3, 1,1, 1,1) without bias
          |      (2): nn.SpatialBatchNormalization (4D) (16)
          |      (3): nn.Sequential {
          |        [input -> (1) -> (2) -> (3) -> output]
          |        (1): nn.ConstrainedDiv
          |        (2): nn.ELU (alpha:1.000000)
          |        (3): nn.ConstrainedMul
          |      }
          |      (4): cudnn.SpatialConvolution(16 -> 16, 3x3, 1,1, 1,1) without bias
          |      (5): nn.SpatialBatchNormalization (4D) (16)
          |    }
           `-> (2): nn.Identity
           ... -> output
      }
      (2): nn.CAddTable
    }
    (18): nn.Sequential {
      [input -> (1) -> (2) -> output]
      (1): nn.ConcatTable {
        input
          |`-> (1): nn.Sequential {
          |      [input -> (1) -> (2) -> (3) -> (4) -> (5) -> output]
          |      (1): cudnn.SpatialConvolution(16 -> 16, 3x3, 1,1, 1,1) without bias
          |      (2): nn.SpatialBatchNormalization (4D) (16)
          |      (3): nn.Sequential {
          |        [input -> (1) -> (2) -> (3) -> output]
          |        (1): nn.ConstrainedDiv
          |        (2): nn.ELU (alpha:1.000000)
          |        (3): nn.ConstrainedMul
          |      }
          |      (4): cudnn.SpatialConvolution(16 -> 16, 3x3, 1,1, 1,1) without bias
          |      (5): nn.SpatialBatchNormalization (4D) (16)
          |    }
           `-> (2): nn.Identity
           ... -> output
      }
      (2): nn.CAddTable
    }
  }
  (5): nn.Sequential {
    [input -> (1) -> (2) -> (3) -> (4) -> (5) -> (6) -> (7) -> (8) -> (9) -> (10) -> (11) -> (12) -> (13) -> (14) -> (15) -> (16) -> (17) -> (18) -> output]
    (1): nn.Sequential {
      [input -> (1) -> (2) -> output]
      (1): nn.ConcatTable {
        input
          |`-> (1): nn.Sequential {
          |      [input -> (1) -> (2) -> (3) -> (4) -> (5) -> output]
          |      (1): cudnn.SpatialConvolution(16 -> 32, 3x3, 2,2, 1,1) without bias
          |      (2): nn.SpatialBatchNormalization (4D) (32)
          |      (3): nn.Sequential {
          |        [input -> (1) -> (2) -> (3) -> output]
          |        (1): nn.ConstrainedDiv
          |        (2): nn.ELU (alpha:1.000000)
          |        (3): nn.ConstrainedMul
          |      }
          |      (4): cudnn.SpatialConvolution(32 -> 32, 3x3, 1,1, 1,1) without bias
          |      (5): nn.SpatialBatchNormalization (4D) (32)
          |    }
           `-> (2): nn.Sequential {
                 [input -> (1) -> (2) -> output]
                 (1): nn.SpatialAveragePooling(1x1, 2,2)
                 (2): nn.Concat {
                   input
                     |`-> (1): nn.Identity
                      `-> (2): nn.MulConstant
                      ... -> output
                 }
               }
           ... -> output
      }
      (2): nn.CAddTable
    }
    (2): nn.Sequential {
      [input -> (1) -> (2) -> output]
      (1): nn.ConcatTable {
        input
          |`-> (1): nn.Sequential {
          |      [input -> (1) -> (2) -> (3) -> (4) -> (5) -> output]
          |      (1): cudnn.SpatialConvolution(32 -> 32, 3x3, 1,1, 1,1) without bias
          |      (2): nn.SpatialBatchNormalization (4D) (32)
          |      (3): nn.Sequential {
          |        [input -> (1) -> (2) -> (3) -> output]
          |        (1): nn.ConstrainedDiv
          |        (2): nn.ELU (alpha:1.000000)
          |        (3): nn.ConstrainedMul
          |      }
          |      (4): cudnn.SpatialConvolution(32 -> 32, 3x3, 1,1, 1,1) without bias
          |      (5): nn.SpatialBatchNormalization (4D) (32)
          |    }
           `-> (2): nn.Identity
           ... -> output
      }
      (2): nn.CAddTable
    }
    (3): nn.Sequential {
      [input -> (1) -> (2) -> output]
      (1): nn.ConcatTable {
        input
          |`-> (1): nn.Sequential {
          |      [input -> (1) -> (2) -> (3) -> (4) -> (5) -> output]
          |      (1): cudnn.SpatialConvolution(32 -> 32, 3x3, 1,1, 1,1) without bias
          |      (2): nn.SpatialBatchNormalization (4D) (32)
          |      (3): nn.Sequential {
          |        [input -> (1) -> (2) -> (3) -> output]
          |        (1): nn.ConstrainedDiv
          |        (2): nn.ELU (alpha:1.000000)
          |        (3): nn.ConstrainedMul
          |      }
          |      (4): cudnn.SpatialConvolution(32 -> 32, 3x3, 1,1, 1,1) without bias
          |      (5): nn.SpatialBatchNormalization (4D) (32)
          |    }
           `-> (2): nn.Identity
           ... -> output
      }
      (2): nn.CAddTable
    }
    (4): nn.Sequential {
      [input -> (1) -> (2) -> output]
      (1): nn.ConcatTable {
        input
          |`-> (1): nn.Sequential {
          |      [input -> (1) -> (2) -> (3) -> (4) -> (5) -> output]
          |      (1): cudnn.SpatialConvolution(32 -> 32, 3x3, 1,1, 1,1) without bias
          |      (2): nn.SpatialBatchNormalization (4D) (32)
          |      (3): nn.Sequential {
          |        [input -> (1) -> (2) -> (3) -> output]
          |        (1): nn.ConstrainedDiv
          |        (2): nn.ELU (alpha:1.000000)
          |        (3): nn.ConstrainedMul
          |      }
          |      (4): cudnn.SpatialConvolution(32 -> 32, 3x3, 1,1, 1,1) without bias
          |      (5): nn.SpatialBatchNormalization (4D) (32)
          |    }
           `-> (2): nn.Identity
           ... -> output
      }
      (2): nn.CAddTable
    }
    (5): nn.Sequential {
      [input -> (1) -> (2) -> output]
      (1): nn.ConcatTable {
        input
          |`-> (1): nn.Sequential {
          |      [input -> (1) -> (2) -> (3) -> (4) -> (5) -> output]
          |      (1): cudnn.SpatialConvolution(32 -> 32, 3x3, 1,1, 1,1) without bias
          |      (2): nn.SpatialBatchNormalization (4D) (32)
          |      (3): nn.Sequential {
          |        [input -> (1) -> (2) -> (3) -> output]
          |        (1): nn.ConstrainedDiv
          |        (2): nn.ELU (alpha:1.000000)
          |        (3): nn.ConstrainedMul
          |      }
          |      (4): cudnn.SpatialConvolution(32 -> 32, 3x3, 1,1, 1,1) without bias
          |      (5): nn.SpatialBatchNormalization (4D) (32)
          |    }
           `-> (2): nn.Identity
           ... -> output
      }
      (2): nn.CAddTable
    }
    (6): nn.Sequential {
      [input -> (1) -> (2) -> output]
      (1): nn.ConcatTable {
        input
          |`-> (1): nn.Sequential {
          |      [input -> (1) -> (2) -> (3) -> (4) -> (5) -> output]
          |      (1): cudnn.SpatialConvolution(32 -> 32, 3x3, 1,1, 1,1) without bias
          |      (2): nn.SpatialBatchNormalization (4D) (32)
          |      (3): nn.Sequential {
          |        [input -> (1) -> (2) -> (3) -> output]
          |        (1): nn.ConstrainedDiv
          |        (2): nn.ELU (alpha:1.000000)
          |        (3): nn.ConstrainedMul
          |      }
          |      (4): cudnn.SpatialConvolution(32 -> 32, 3x3, 1,1, 1,1) without bias
          |      (5): nn.SpatialBatchNormalization (4D) (32)
          |    }
           `-> (2): nn.Identity
           ... -> output
      }
      (2): nn.CAddTable
    }
    (7): nn.Sequential {
      [input -> (1) -> (2) -> output]
      (1): nn.ConcatTable {
        input
          |`-> (1): nn.Sequential {
          |      [input -> (1) -> (2) -> (3) -> (4) -> (5) -> output]
          |      (1): cudnn.SpatialConvolution(32 -> 32, 3x3, 1,1, 1,1) without bias
          |      (2): nn.SpatialBatchNormalization (4D) (32)
          |      (3): nn.Sequential {
          |        [input -> (1) -> (2) -> (3) -> output]
          |        (1): nn.ConstrainedDiv
          |        (2): nn.ELU (alpha:1.000000)
          |        (3): nn.ConstrainedMul
          |      }
          |      (4): cudnn.SpatialConvolution(32 -> 32, 3x3, 1,1, 1,1) without bias
          |      (5): nn.SpatialBatchNormalization (4D) (32)
          |    }
           `-> (2): nn.Identity
           ... -> output
      }
      (2): nn.CAddTable
    }
    (8): nn.Sequential {
      [input -> (1) -> (2) -> output]
      (1): nn.ConcatTable {
        input
          |`-> (1): nn.Sequential {
          |      [input -> (1) -> (2) -> (3) -> (4) -> (5) -> output]
          |      (1): cudnn.SpatialConvolution(32 -> 32, 3x3, 1,1, 1,1) without bias
          |      (2): nn.SpatialBatchNormalization (4D) (32)
          |      (3): nn.Sequential {
          |        [input -> (1) -> (2) -> (3) -> output]
          |        (1): nn.ConstrainedDiv
          |        (2): nn.ELU (alpha:1.000000)
          |        (3): nn.ConstrainedMul
          |      }
          |      (4): cudnn.SpatialConvolution(32 -> 32, 3x3, 1,1, 1,1) without bias
          |      (5): nn.SpatialBatchNormalization (4D) (32)
          |    }
           `-> (2): nn.Identity
           ... -> output
      }
      (2): nn.CAddTable
    }
    (9): nn.Sequential {
      [input -> (1) -> (2) -> output]
      (1): nn.ConcatTable {
        input
          |`-> (1): nn.Sequential {
          |      [input -> (1) -> (2) -> (3) -> (4) -> (5) -> output]
          |      (1): cudnn.SpatialConvolution(32 -> 32, 3x3, 1,1, 1,1) without bias
          |      (2): nn.SpatialBatchNormalization (4D) (32)
          |      (3): nn.Sequential {
          |        [input -> (1) -> (2) -> (3) -> output]
          |        (1): nn.ConstrainedDiv
          |        (2): nn.ELU (alpha:1.000000)
          |        (3): nn.ConstrainedMul
          |      }
          |      (4): cudnn.SpatialConvolution(32 -> 32, 3x3, 1,1, 1,1) without bias
          |      (5): nn.SpatialBatchNormalization (4D) (32)
          |    }
           `-> (2): nn.Identity
           ... -> output
      }
      (2): nn.CAddTable
    }
    (10): nn.Sequential {
      [input -> (1) -> (2) -> output]
      (1): nn.ConcatTable {
        input
          |`-> (1): nn.Sequential {
          |      [input -> (1) -> (2) -> (3) -> (4) -> (5) -> output]
          |      (1): cudnn.SpatialConvolution(32 -> 32, 3x3, 1,1, 1,1) without bias
          |      (2): nn.SpatialBatchNormalization (4D) (32)
          |      (3): nn.Sequential {
          |        [input -> (1) -> (2) -> (3) -> output]
          |        (1): nn.ConstrainedDiv
          |        (2): nn.ELU (alpha:1.000000)
          |        (3): nn.ConstrainedMul
          |      }
          |      (4): cudnn.SpatialConvolution(32 -> 32, 3x3, 1,1, 1,1) without bias
          |      (5): nn.SpatialBatchNormalization (4D) (32)
          |    }
           `-> (2): nn.Identity
           ... -> output
      }
      (2): nn.CAddTable
    }
    (11): nn.Sequential {
      [input -> (1) -> (2) -> output]
      (1): nn.ConcatTable {
        input
          |`-> (1): nn.Sequential {
          |      [input -> (1) -> (2) -> (3) -> (4) -> (5) -> output]
          |      (1): cudnn.SpatialConvolution(32 -> 32, 3x3, 1,1, 1,1) without bias
          |      (2): nn.SpatialBatchNormalization (4D) (32)
          |      (3): nn.Sequential {
          |        [input -> (1) -> (2) -> (3) -> output]
          |        (1): nn.ConstrainedDiv
          |        (2): nn.ELU (alpha:1.000000)
          |        (3): nn.ConstrainedMul
          |      }
          |      (4): cudnn.SpatialConvolution(32 -> 32, 3x3, 1,1, 1,1) without bias
          |      (5): nn.SpatialBatchNormalization (4D) (32)
          |    }
           `-> (2): nn.Identity
           ... -> output
      }
      (2): nn.CAddTable
    }
    (12): nn.Sequential {
      [input -> (1) -> (2) -> output]
      (1): nn.ConcatTable {
        input
          |`-> (1): nn.Sequential {
          |      [input -> (1) -> (2) -> (3) -> (4) -> (5) -> output]
          |      (1): cudnn.SpatialConvolution(32 -> 32, 3x3, 1,1, 1,1) without bias
          |      (2): nn.SpatialBatchNormalization (4D) (32)
          |      (3): nn.Sequential {
          |        [input -> (1) -> (2) -> (3) -> output]
          |        (1): nn.ConstrainedDiv
          |        (2): nn.ELU (alpha:1.000000)
          |        (3): nn.ConstrainedMul
          |      }
          |      (4): cudnn.SpatialConvolution(32 -> 32, 3x3, 1,1, 1,1) without bias
          |      (5): nn.SpatialBatchNormalization (4D) (32)
          |    }
           `-> (2): nn.Identity
           ... -> output
      }
      (2): nn.CAddTable
    }
    (13): nn.Sequential {
      [input -> (1) -> (2) -> output]
      (1): nn.ConcatTable {
        input
          |`-> (1): nn.Sequential {
          |      [input -> (1) -> (2) -> (3) -> (4) -> (5) -> output]
          |      (1): cudnn.SpatialConvolution(32 -> 32, 3x3, 1,1, 1,1) without bias
          |      (2): nn.SpatialBatchNormalization (4D) (32)
          |      (3): nn.Sequential {
          |        [input -> (1) -> (2) -> (3) -> output]
          |        (1): nn.ConstrainedDiv
          |        (2): nn.ELU (alpha:1.000000)
          |        (3): nn.ConstrainedMul
          |      }
          |      (4): cudnn.SpatialConvolution(32 -> 32, 3x3, 1,1, 1,1) without bias
          |      (5): nn.SpatialBatchNormalization (4D) (32)
          |    }
           `-> (2): nn.Identity
           ... -> output
      }
      (2): nn.CAddTable
    }
    (14): nn.Sequential {
      [input -> (1) -> (2) -> output]
      (1): nn.ConcatTable {
        input
          |`-> (1): nn.Sequential {
          |      [input -> (1) -> (2) -> (3) -> (4) -> (5) -> output]
          |      (1): cudnn.SpatialConvolution(32 -> 32, 3x3, 1,1, 1,1) without bias
          |      (2): nn.SpatialBatchNormalization (4D) (32)
          |      (3): nn.Sequential {
          |        [input -> (1) -> (2) -> (3) -> output]
          |        (1): nn.ConstrainedDiv
          |        (2): nn.ELU (alpha:1.000000)
          |        (3): nn.ConstrainedMul
          |      }
          |      (4): cudnn.SpatialConvolution(32 -> 32, 3x3, 1,1, 1,1) without bias
          |      (5): nn.SpatialBatchNormalization (4D) (32)
          |    }
           `-> (2): nn.Identity
           ... -> output
      }
      (2): nn.CAddTable
    }
    (15): nn.Sequential {
      [input -> (1) -> (2) -> output]
      (1): nn.ConcatTable {
        input
          |`-> (1): nn.Sequential {
          |      [input -> (1) -> (2) -> (3) -> (4) -> (5) -> output]
          |      (1): cudnn.SpatialConvolution(32 -> 32, 3x3, 1,1, 1,1) without bias
          |      (2): nn.SpatialBatchNormalization (4D) (32)
          |      (3): nn.Sequential {
          |        [input -> (1) -> (2) -> (3) -> output]
          |        (1): nn.ConstrainedDiv
          |        (2): nn.ELU (alpha:1.000000)
          |        (3): nn.ConstrainedMul
          |      }
          |      (4): cudnn.SpatialConvolution(32 -> 32, 3x3, 1,1, 1,1) without bias
          |      (5): nn.SpatialBatchNormalization (4D) (32)
          |    }
           `-> (2): nn.Identity
           ... -> output
      }
      (2): nn.CAddTable
    }
    (16): nn.Sequential {
      [input -> (1) -> (2) -> output]
      (1): nn.ConcatTable {
        input
          |`-> (1): nn.Sequential {
          |      [input -> (1) -> (2) -> (3) -> (4) -> (5) -> output]
          |      (1): cudnn.SpatialConvolution(32 -> 32, 3x3, 1,1, 1,1) without bias
          |      (2): nn.SpatialBatchNormalization (4D) (32)
          |      (3): nn.Sequential {
          |        [input -> (1) -> (2) -> (3) -> output]
          |        (1): nn.ConstrainedDiv
          |        (2): nn.ELU (alpha:1.000000)
          |        (3): nn.ConstrainedMul
          |      }
          |      (4): cudnn.SpatialConvolution(32 -> 32, 3x3, 1,1, 1,1) without bias
          |      (5): nn.SpatialBatchNormalization (4D) (32)
          |    }
           `-> (2): nn.Identity
           ... -> output
      }
      (2): nn.CAddTable
    }
    (17): nn.Sequential {
      [input -> (1) -> (2) -> output]
      (1): nn.ConcatTable {
        input
          |`-> (1): nn.Sequential {
          |      [input -> (1) -> (2) -> (3) -> (4) -> (5) -> output]
          |      (1): cudnn.SpatialConvolution(32 -> 32, 3x3, 1,1, 1,1) without bias
          |      (2): nn.SpatialBatchNormalization (4D) (32)
          |      (3): nn.Sequential {
          |        [input -> (1) -> (2) -> (3) -> output]
          |        (1): nn.ConstrainedDiv
          |        (2): nn.ELU (alpha:1.000000)
          |        (3): nn.ConstrainedMul
          |      }
          |      (4): cudnn.SpatialConvolution(32 -> 32, 3x3, 1,1, 1,1) without bias
          |      (5): nn.SpatialBatchNormalization (4D) (32)
          |    }
           `-> (2): nn.Identity
           ... -> output
      }
      (2): nn.CAddTable
    }
    (18): nn.Sequential {
      [input -> (1) -> (2) -> output]
      (1): nn.ConcatTable {
        input
          |`-> (1): nn.Sequential {
          |      [input -> (1) -> (2) -> (3) -> (4) -> (5) -> output]
          |      (1): cudnn.SpatialConvolution(32 -> 32, 3x3, 1,1, 1,1) without bias
          |      (2): nn.SpatialBatchNormalization (4D) (32)
          |      (3): nn.Sequential {
          |        [input -> (1) -> (2) -> (3) -> output]
          |        (1): nn.ConstrainedDiv
          |        (2): nn.ELU (alpha:1.000000)
          |        (3): nn.ConstrainedMul
          |      }
          |      (4): cudnn.SpatialConvolution(32 -> 32, 3x3, 1,1, 1,1) without bias
          |      (5): nn.SpatialBatchNormalization (4D) (32)
          |    }
           `-> (2): nn.Identity
           ... -> output
      }
      (2): nn.CAddTable
    }
  }
  (6): nn.Sequential {
    [input -> (1) -> (2) -> (3) -> (4) -> (5) -> (6) -> (7) -> (8) -> (9) -> (10) -> (11) -> (12) -> (13) -> (14) -> (15) -> (16) -> (17) -> (18) -> output]
    (1): nn.Sequential {
      [input -> (1) -> (2) -> output]
      (1): nn.ConcatTable {
        input
          |`-> (1): nn.Sequential {
          |      [input -> (1) -> (2) -> (3) -> (4) -> (5) -> output]
          |      (1): cudnn.SpatialConvolution(32 -> 64, 3x3, 2,2, 1,1) without bias
          |      (2): nn.SpatialBatchNormalization (4D) (64)
          |      (3): nn.Sequential {
          |        [input -> (1) -> (2) -> (3) -> output]
          |        (1): nn.ConstrainedDiv
          |        (2): nn.ELU (alpha:1.000000)
          |        (3): nn.ConstrainedMul
          |      }
          |      (4): cudnn.SpatialConvolution(64 -> 64, 3x3, 1,1, 1,1) without bias
          |      (5): nn.SpatialBatchNormalization (4D) (64)
          |    }
           `-> (2): nn.Sequential {
                 [input -> (1) -> (2) -> output]
                 (1): nn.SpatialAveragePooling(1x1, 2,2)
                 (2): nn.Concat {
                   input
                     |`-> (1): nn.Identity
                      `-> (2): nn.MulConstant
                      ... -> output
                 }
               }
           ... -> output
      }
      (2): nn.CAddTable
    }
    (2): nn.Sequential {
      [input -> (1) -> (2) -> output]
      (1): nn.ConcatTable {
        input
          |`-> (1): nn.Sequential {
          |      [input -> (1) -> (2) -> (3) -> (4) -> (5) -> output]
          |      (1): cudnn.SpatialConvolution(64 -> 64, 3x3, 1,1, 1,1) without bias
          |      (2): nn.SpatialBatchNormalization (4D) (64)
          |      (3): nn.Sequential {
          |        [input -> (1) -> (2) -> (3) -> output]
          |        (1): nn.ConstrainedDiv
          |        (2): nn.ELU (alpha:1.000000)
          |        (3): nn.ConstrainedMul
          |      }
          |      (4): cudnn.SpatialConvolution(64 -> 64, 3x3, 1,1, 1,1) without bias
          |      (5): nn.SpatialBatchNormalization (4D) (64)
          |    }
           `-> (2): nn.Identity
           ... -> output
      }
      (2): nn.CAddTable
    }
    (3): nn.Sequential {
      [input -> (1) -> (2) -> output]
      (1): nn.ConcatTable {
        input
          |`-> (1): nn.Sequential {
          |      [input -> (1) -> (2) -> (3) -> (4) -> (5) -> output]
          |      (1): cudnn.SpatialConvolution(64 -> 64, 3x3, 1,1, 1,1) without bias
          |      (2): nn.SpatialBatchNormalization (4D) (64)
          |      (3): nn.Sequential {
          |        [input -> (1) -> (2) -> (3) -> output]
          |        (1): nn.ConstrainedDiv
          |        (2): nn.ELU (alpha:1.000000)
          |        (3): nn.ConstrainedMul
          |      }
          |      (4): cudnn.SpatialConvolution(64 -> 64, 3x3, 1,1, 1,1) without bias
          |      (5): nn.SpatialBatchNormalization (4D) (64)
          |    }
           `-> (2): nn.Identity
           ... -> output
      }
      (2): nn.CAddTable
    }
    (4): nn.Sequential {
      [input -> (1) -> (2) -> output]
      (1): nn.ConcatTable {
        input
          |`-> (1): nn.Sequential {
          |      [input -> (1) -> (2) -> (3) -> (4) -> (5) -> output]
          |      (1): cudnn.SpatialConvolution(64 -> 64, 3x3, 1,1, 1,1) without bias
          |      (2): nn.SpatialBatchNormalization (4D) (64)
          |      (3): nn.Sequential {
          |        [input -> (1) -> (2) -> (3) -> output]
          |        (1): nn.ConstrainedDiv
          |        (2): nn.ELU (alpha:1.000000)
          |        (3): nn.ConstrainedMul
          |      }
          |      (4): cudnn.SpatialConvolution(64 -> 64, 3x3, 1,1, 1,1) without bias
          |      (5): nn.SpatialBatchNormalization (4D) (64)
          |    }
           `-> (2): nn.Identity
           ... -> output
      }
      (2): nn.CAddTable
    }
    (5): nn.Sequential {
      [input -> (1) -> (2) -> output]
      (1): nn.ConcatTable {
        input
          |`-> (1): nn.Sequential {
          |      [input -> (1) -> (2) -> (3) -> (4) -> (5) -> output]
          |      (1): cudnn.SpatialConvolution(64 -> 64, 3x3, 1,1, 1,1) without bias
          |      (2): nn.SpatialBatchNormalization (4D) (64)
          |      (3): nn.Sequential {
          |        [input -> (1) -> (2) -> (3) -> output]
          |        (1): nn.ConstrainedDiv
          |        (2): nn.ELU (alpha:1.000000)
          |        (3): nn.ConstrainedMul
          |      }
          |      (4): cudnn.SpatialConvolution(64 -> 64, 3x3, 1,1, 1,1) without bias
          |      (5): nn.SpatialBatchNormalization (4D) (64)
          |    }
           `-> (2): nn.Identity
           ... -> output
      }
      (2): nn.CAddTable
    }
    (6): nn.Sequential {
      [input -> (1) -> (2) -> output]
      (1): nn.ConcatTable {
        input
          |`-> (1): nn.Sequential {
          |      [input -> (1) -> (2) -> (3) -> (4) -> (5) -> output]
          |      (1): cudnn.SpatialConvolution(64 -> 64, 3x3, 1,1, 1,1) without bias
          |      (2): nn.SpatialBatchNormalization (4D) (64)
          |      (3): nn.Sequential {
          |        [input -> (1) -> (2) -> (3) -> output]
          |        (1): nn.ConstrainedDiv
          |        (2): nn.ELU (alpha:1.000000)
          |        (3): nn.ConstrainedMul
          |      }
          |      (4): cudnn.SpatialConvolution(64 -> 64, 3x3, 1,1, 1,1) without bias
          |      (5): nn.SpatialBatchNormalization (4D) (64)
          |    }
           `-> (2): nn.Identity
           ... -> output
      }
      (2): nn.CAddTable
    }
    (7): nn.Sequential {
      [input -> (1) -> (2) -> output]
      (1): nn.ConcatTable {
        input
          |`-> (1): nn.Sequential {
          |      [input -> (1) -> (2) -> (3) -> (4) -> (5) -> output]
          |      (1): cudnn.SpatialConvolution(64 -> 64, 3x3, 1,1, 1,1) without bias
          |      (2): nn.SpatialBatchNormalization (4D) (64)
          |      (3): nn.Sequential {
          |        [input -> (1) -> (2) -> (3) -> output]
          |        (1): nn.ConstrainedDiv
          |        (2): nn.ELU (alpha:1.000000)
          |        (3): nn.ConstrainedMul
          |      }
          |      (4): cudnn.SpatialConvolution(64 -> 64, 3x3, 1,1, 1,1) without bias
          |      (5): nn.SpatialBatchNormalization (4D) (64)
          |    }
           `-> (2): nn.Identity
           ... -> output
      }
      (2): nn.CAddTable
    }
    (8): nn.Sequential {
      [input -> (1) -> (2) -> output]
      (1): nn.ConcatTable {
        input
          |`-> (1): nn.Sequential {
          |      [input -> (1) -> (2) -> (3) -> (4) -> (5) -> output]
          |      (1): cudnn.SpatialConvolution(64 -> 64, 3x3, 1,1, 1,1) without bias
          |      (2): nn.SpatialBatchNormalization (4D) (64)
          |      (3): nn.Sequential {
          |        [input -> (1) -> (2) -> (3) -> output]
          |        (1): nn.ConstrainedDiv
          |        (2): nn.ELU (alpha:1.000000)
          |        (3): nn.ConstrainedMul
          |      }
          |      (4): cudnn.SpatialConvolution(64 -> 64, 3x3, 1,1, 1,1) without bias
          |      (5): nn.SpatialBatchNormalization (4D) (64)
          |    }
           `-> (2): nn.Identity
           ... -> output
      }
      (2): nn.CAddTable
    }
    (9): nn.Sequential {
      [input -> (1) -> (2) -> output]
      (1): nn.ConcatTable {
        input
          |`-> (1): nn.Sequential {
          |      [input -> (1) -> (2) -> (3) -> (4) -> (5) -> output]
          |      (1): cudnn.SpatialConvolution(64 -> 64, 3x3, 1,1, 1,1) without bias
          |      (2): nn.SpatialBatchNormalization (4D) (64)
          |      (3): nn.Sequential {
          |        [input -> (1) -> (2) -> (3) -> output]
          |        (1): nn.ConstrainedDiv
          |        (2): nn.ELU (alpha:1.000000)
          |        (3): nn.ConstrainedMul
          |      }
          |      (4): cudnn.SpatialConvolution(64 -> 64, 3x3, 1,1, 1,1) without bias
          |      (5): nn.SpatialBatchNormalization (4D) (64)
          |    }
           `-> (2): nn.Identity
           ... -> output
      }
      (2): nn.CAddTable
    }
    (10): nn.Sequential {
      [input -> (1) -> (2) -> output]
      (1): nn.ConcatTable {
        input
          |`-> (1): nn.Sequential {
          |      [input -> (1) -> (2) -> (3) -> (4) -> (5) -> output]
          |      (1): cudnn.SpatialConvolution(64 -> 64, 3x3, 1,1, 1,1) without bias
          |      (2): nn.SpatialBatchNormalization (4D) (64)
          |      (3): nn.Sequential {
          |        [input -> (1) -> (2) -> (3) -> output]
          |        (1): nn.ConstrainedDiv
          |        (2): nn.ELU (alpha:1.000000)
          |        (3): nn.ConstrainedMul
          |      }
          |      (4): cudnn.SpatialConvolution(64 -> 64, 3x3, 1,1, 1,1) without bias
          |      (5): nn.SpatialBatchNormalization (4D) (64)
          |    }
           `-> (2): nn.Identity
           ... -> output
      }
      (2): nn.CAddTable
    }
    (11): nn.Sequential {
      [input -> (1) -> (2) -> output]
      (1): nn.ConcatTable {
        input
          |`-> (1): nn.Sequential {
          |      [input -> (1) -> (2) -> (3) -> (4) -> (5) -> output]
          |      (1): cudnn.SpatialConvolution(64 -> 64, 3x3, 1,1, 1,1) without bias
          |      (2): nn.SpatialBatchNormalization (4D) (64)
          |      (3): nn.Sequential {
          |        [input -> (1) -> (2) -> (3) -> output]
          |        (1): nn.ConstrainedDiv
          |        (2): nn.ELU (alpha:1.000000)
          |        (3): nn.ConstrainedMul
          |      }
          |      (4): cudnn.SpatialConvolution(64 -> 64, 3x3, 1,1, 1,1) without bias
          |      (5): nn.SpatialBatchNormalization (4D) (64)
          |    }
           `-> (2): nn.Identity
           ... -> output
      }
      (2): nn.CAddTable
    }
    (12): nn.Sequential {
      [input -> (1) -> (2) -> output]
      (1): nn.ConcatTable {
        input
          |`-> (1): nn.Sequential {
          |      [input -> (1) -> (2) -> (3) -> (4) -> (5) -> output]
          |      (1): cudnn.SpatialConvolution(64 -> 64, 3x3, 1,1, 1,1) without bias
          |      (2): nn.SpatialBatchNormalization (4D) (64)
          |      (3): nn.Sequential {
          |        [input -> (1) -> (2) -> (3) -> output]
          |        (1): nn.ConstrainedDiv
          |        (2): nn.ELU (alpha:1.000000)
          |        (3): nn.ConstrainedMul
          |      }
          |      (4): cudnn.SpatialConvolution(64 -> 64, 3x3, 1,1, 1,1) without bias
          |      (5): nn.SpatialBatchNormalization (4D) (64)
          |    }
           `-> (2): nn.Identity
           ... -> output
      }
      (2): nn.CAddTable
    }
    (13): nn.Sequential {
      [input -> (1) -> (2) -> output]
      (1): nn.ConcatTable {
        input
          |`-> (1): nn.Sequential {
          |      [input -> (1) -> (2) -> (3) -> (4) -> (5) -> output]
          |      (1): cudnn.SpatialConvolution(64 -> 64, 3x3, 1,1, 1,1) without bias
          |      (2): nn.SpatialBatchNormalization (4D) (64)
          |      (3): nn.Sequential {
          |        [input -> (1) -> (2) -> (3) -> output]
          |        (1): nn.ConstrainedDiv
          |        (2): nn.ELU (alpha:1.000000)
          |        (3): nn.ConstrainedMul
          |      }
          |      (4): cudnn.SpatialConvolution(64 -> 64, 3x3, 1,1, 1,1) without bias
          |      (5): nn.SpatialBatchNormalization (4D) (64)
          |    }
           `-> (2): nn.Identity
           ... -> output
      }
      (2): nn.CAddTable
    }
    (14): nn.Sequential {
      [input -> (1) -> (2) -> output]
      (1): nn.ConcatTable {
        input
          |`-> (1): nn.Sequential {
          |      [input -> (1) -> (2) -> (3) -> (4) -> (5) -> output]
          |      (1): cudnn.SpatialConvolution(64 -> 64, 3x3, 1,1, 1,1) without bias
          |      (2): nn.SpatialBatchNormalization (4D) (64)
          |      (3): nn.Sequential {
          |        [input -> (1) -> (2) -> (3) -> output]
          |        (1): nn.ConstrainedDiv
          |        (2): nn.ELU (alpha:1.000000)
          |        (3): nn.ConstrainedMul
          |      }
          |      (4): cudnn.SpatialConvolution(64 -> 64, 3x3, 1,1, 1,1) without bias
          |      (5): nn.SpatialBatchNormalization (4D) (64)
          |    }
           `-> (2): nn.Identity
           ... -> output
      }
      (2): nn.CAddTable
    }
    (15): nn.Sequential {
      [input -> (1) -> (2) -> output]
      (1): nn.ConcatTable {
        input
          |`-> (1): nn.Sequential {
          |      [input -> (1) -> (2) -> (3) -> (4) -> (5) -> output]
          |      (1): cudnn.SpatialConvolution(64 -> 64, 3x3, 1,1, 1,1) without bias
          |      (2): nn.SpatialBatchNormalization (4D) (64)
          |      (3): nn.Sequential {
          |        [input -> (1) -> (2) -> (3) -> output]
          |        (1): nn.ConstrainedDiv
          |        (2): nn.ELU (alpha:1.000000)
          |        (3): nn.ConstrainedMul
          |      }
          |      (4): cudnn.SpatialConvolution(64 -> 64, 3x3, 1,1, 1,1) without bias
          |      (5): nn.SpatialBatchNormalization (4D) (64)
          |    }
           `-> (2): nn.Identity
           ... -> output
      }
      (2): nn.CAddTable
    }
    (16): nn.Sequential {
      [input -> (1) -> (2) -> output]
      (1): nn.ConcatTable {
        input
          |`-> (1): nn.Sequential {
          |      [input -> (1) -> (2) -> (3) -> (4) -> (5) -> output]
          |      (1): cudnn.SpatialConvolution(64 -> 64, 3x3, 1,1, 1,1) without bias
          |      (2): nn.SpatialBatchNormalization (4D) (64)
          |      (3): nn.Sequential {
          |        [input -> (1) -> (2) -> (3) -> output]
          |        (1): nn.ConstrainedDiv
          |        (2): nn.ELU (alpha:1.000000)
          |        (3): nn.ConstrainedMul
          |      }
          |      (4): cudnn.SpatialConvolution(64 -> 64, 3x3, 1,1, 1,1) without bias
          |      (5): nn.SpatialBatchNormalization (4D) (64)
          |    }
           `-> (2): nn.Identity
           ... -> output
      }
      (2): nn.CAddTable
    }
    (17): nn.Sequential {
      [input -> (1) -> (2) -> output]
      (1): nn.ConcatTable {
        input
          |`-> (1): nn.Sequential {
          |      [input -> (1) -> (2) -> (3) -> (4) -> (5) -> output]
          |      (1): cudnn.SpatialConvolution(64 -> 64, 3x3, 1,1, 1,1) without bias
          |      (2): nn.SpatialBatchNormalization (4D) (64)
          |      (3): nn.Sequential {
          |        [input -> (1) -> (2) -> (3) -> output]
          |        (1): nn.ConstrainedDiv
          |        (2): nn.ELU (alpha:1.000000)
          |        (3): nn.ConstrainedMul
          |      }
          |      (4): cudnn.SpatialConvolution(64 -> 64, 3x3, 1,1, 1,1) without bias
          |      (5): nn.SpatialBatchNormalization (4D) (64)
          |    }
           `-> (2): nn.Identity
           ... -> output
      }
      (2): nn.CAddTable
    }
    (18): nn.Sequential {
      [input -> (1) -> (2) -> output]
      (1): nn.ConcatTable {
        input
          |`-> (1): nn.Sequential {
          |      [input -> (1) -> (2) -> (3) -> (4) -> (5) -> output]
          |      (1): cudnn.SpatialConvolution(64 -> 64, 3x3, 1,1, 1,1) without bias
          |      (2): nn.SpatialBatchNormalization (4D) (64)
          |      (3): nn.Sequential {
          |        [input -> (1) -> (2) -> (3) -> output]
          |        (1): nn.ConstrainedDiv
          |        (2): nn.ELU (alpha:1.000000)
          |        (3): nn.ConstrainedMul
          |      }
          |      (4): cudnn.SpatialConvolution(64 -> 64, 3x3, 1,1, 1,1) without bias
          |      (5): nn.SpatialBatchNormalization (4D) (64)
          |    }
           `-> (2): nn.Identity
           ... -> output
      }
      (2): nn.CAddTable
    }
  }
  (7): nn.SpatialBatchNormalization (4D) (64)
  (8): nn.Sequential {
    [input -> (1) -> (2) -> (3) -> output]
    (1): nn.ConstrainedDiv
    (2): nn.ELU (alpha:1.000000)
    (3): nn.ConstrainedMul
  }
  (9): cudnn.SpatialAveragePooling(8x8, 1,1)
  (10): nn.View(64)
  (11): nn.Linear(64 -> 10)
}
=> Training epoch # 1	
 * Finished epoch # 1     top1:  54.502  top5:   8.232
	
 * Best model 	54.501953125	8.232421875	
=> Training epoch # 2	
 * Finished epoch # 2     top1:  49.766  top5:   6.025
	
 * Best model 	49.765625	6.025390625	
=> Training epoch # 3	
 * Finished epoch # 3     top1:  32.598  top5:   2.812
	
 * Best model 	32.59765625	2.8125	
=> Training epoch # 4	
 * Finished epoch # 4     top1:  36.748  top5:   3.066
	
=> Training epoch # 5	
 * Finished epoch # 5     top1:  38.164  top5:   3.115
	
=> Training epoch # 6	
 * Finished epoch # 6     top1:  28.662  top5:   1.924
	
 * Best model 	28.662109375	1.923828125	
=> Training epoch # 7	
 * Finished epoch # 7     top1:  25.674  top5:   1.504
	
 * Best model 	25.673828125	1.50390625	
=> Training epoch # 8	
 * Finished epoch # 8     top1:  21.533  top5:   1.523
	
 * Best model 	21.533203125	1.5234375	
=> Training epoch # 9	
 * Finished epoch # 9     top1:  30.635  top5:   2.393
	
=> Training epoch # 10	
 * Finished epoch # 10     top1:  25.879  top5:   1.758
	
=> Training epoch # 11	
 * Finished epoch # 11     top1:  37.930  top5:   3.047
	
=> Training epoch # 12	
 * Finished epoch # 12     top1:  23.096  top5:   1.299
	
=> Training epoch # 13	
 * Finished epoch # 13     top1:  32.637  top5:   1.719
	
=> Training epoch # 14	
 * Finished epoch # 14     top1:  21.738  top5:   1.553
	
=> Training epoch # 15	
 * Finished epoch # 15     top1:  23.887  top5:   1.338
	
=> Training epoch # 16	
 * Finished epoch # 16     top1:  20.303  top5:   1.016
	
 * Best model 	20.302734375	1.015625	
=> Training epoch # 17	
 * Finished epoch # 17     top1:  29.121  top5:   2.168
	
=> Training epoch # 18	
 * Finished epoch # 18     top1:  22.402  top5:   1.553
	
=> Training epoch # 19	
 * Finished epoch # 19     top1:  25.039  top5:   1.152
	
=> Training epoch # 20	
 * Finished epoch # 20     top1:  24.805  top5:   1.182
	
=> Training epoch # 21	
 * Finished epoch # 21     top1:  19.893  top5:   0.850
	
 * Best model 	19.892578125	0.849609375	
=> Training epoch # 22	
 * Finished epoch # 22     top1:  18.643  top5:   1.230
	
 * Best model 	18.642578125	1.23046875	
=> Training epoch # 23	
 * Finished epoch # 23     top1:  17.725  top5:   0.752
	
 * Best model 	17.724609375	0.751953125	
=> Training epoch # 24	
 * Finished epoch # 24     top1:  19.658  top5:   1.006
	
=> Training epoch # 25	
 * Finished epoch # 25     top1:  22.803  top5:   1.113
	
=> Training epoch # 26	
 * Finished epoch # 26     top1:  24.941  top5:   1.982
	
=> Training epoch # 27	
 * Finished epoch # 27     top1:  20.410  top5:   1.074
	
=> Training epoch # 28	
 * Finished epoch # 28     top1:  19.492  top5:   0.801
	
=> Training epoch # 29	
 * Finished epoch # 29     top1:  20.137  top5:   0.938
	
=> Training epoch # 30	
 * Finished epoch # 30     top1:  18.496  top5:   0.996
	
=> Training epoch # 31	
 * Finished epoch # 31     top1:  26.816  top5:   2.295
	
=> Training epoch # 32	
 * Finished epoch # 32     top1:  25.068  top5:   1.279
	
=> Training epoch # 33	
 * Finished epoch # 33     top1:  27.607  top5:   1.553
	
=> Training epoch # 34	
 * Finished epoch # 34     top1:  26.211  top5:   1.592
	
=> Training epoch # 35	
 * Finished epoch # 35     top1:  18.652  top5:   0.879
	
=> Training epoch # 36	
 * Finished epoch # 36     top1:  22.900  top5:   1.406
	
=> Training epoch # 37	
 * Finished epoch # 37     top1:  21.230  top5:   1.074
	
=> Training epoch # 38	
 * Finished epoch # 38     top1:  17.783  top5:   1.035
	
=> Training epoch # 39	
 * Finished epoch # 39     top1:  19.229  top5:   1.357
	
=> Training epoch # 40	
 * Finished epoch # 40     top1:  21.885  top5:   1.064
	
=> Training epoch # 41	
 * Finished epoch # 41     top1:  21.787  top5:   1.025
	
=> Training epoch # 42	
 * Finished epoch # 42     top1:  21.494  top5:   1.309
	
=> Training epoch # 43	
 * Finished epoch # 43     top1:  20.908  top5:   0.771
	
=> Training epoch # 44	
 * Finished epoch # 44     top1:  28.799  top5:   1.465
	
=> Training epoch # 45	
 * Finished epoch # 45     top1:  22.354  top5:   1.016
	
=> Training epoch # 46	
 * Finished epoch # 46     top1:  19.092  top5:   1.006
	
=> Training epoch # 47	
 * Finished epoch # 47     top1:  20.264  top5:   0.977
	
=> Training epoch # 48	
 * Finished epoch # 48     top1:  32.705  top5:   3.936
	
=> Training epoch # 49	
 * Finished epoch # 49     top1:  21.611  top5:   1.387
	
=> Training epoch # 50	
 * Finished epoch # 50     top1:  21.104  top5:   0.986
	
=> Training epoch # 51	
 * Finished epoch # 51     top1:  26.025  top5:   1.416
	
=> Training epoch # 52	
 * Finished epoch # 52     top1:  20.068  top5:   0.645
	
=> Training epoch # 53	
 * Finished epoch # 53     top1:  21.885  top5:   1.162
	
=> Training epoch # 54	
 * Finished epoch # 54     top1:  35.098  top5:   2.832
	
=> Training epoch # 55	
 * Finished epoch # 55     top1:  21.416  top5:   1.318
	
=> Training epoch # 56	
 * Finished epoch # 56     top1:  16.592  top5:   0.869
	
 * Best model 	16.591796875	0.869140625	
=> Training epoch # 57	
 * Finished epoch # 57     top1:  22.441  top5:   2.578
	
=> Training epoch # 58	
 * Finished epoch # 58     top1:  20.156  top5:   1.348
	
=> Training epoch # 59	
 * Finished epoch # 59     top1:  19.590  top5:   1.836
	
=> Training epoch # 60	
 * Finished epoch # 60     top1:  18.506  top5:   1.172
	
=> Training epoch # 61	
 * Finished epoch # 61     top1:  23.770  top5:   1.035
	
=> Training epoch # 62	
 * Finished epoch # 62     top1:  18.838  top5:   1.494
	
=> Training epoch # 63	
 * Finished epoch # 63     top1:  20.449  top5:   0.811
	
=> Training epoch # 64	
 * Finished epoch # 64     top1:  20.674  top5:   1.660
	
=> Training epoch # 65	
 * Finished epoch # 65     top1:  25.645  top5:   1.426
	
=> Training epoch # 66	
 * Finished epoch # 66     top1:  22.080  top5:   1.396
	
=> Training epoch # 67	
 * Finished epoch # 67     top1:  23.613  top5:   1.143
	
=> Training epoch # 68	
 * Finished epoch # 68     top1:  15.449  top5:   0.723
	
 * Best model 	15.44921875	0.72265625	
=> Training epoch # 69	
 * Finished epoch # 69     top1:  31.543  top5:   1.758
	
=> Training epoch # 70	
 * Finished epoch # 70     top1:  19.512  top5:   1.318
	
=> Training epoch # 71	
 * Finished epoch # 71     top1:  23.818  top5:   1.582
	
=> Training epoch # 72	
 * Finished epoch # 72     top1:  24.795  top5:   1.035
	
=> Training epoch # 73	
 * Finished epoch # 73     top1:  22.100  top5:   1.162
	
=> Training epoch # 74	
 * Finished epoch # 74     top1:  14.453  top5:   0.547
	
 * Best model 	14.453125	0.546875	
=> Training epoch # 75	
 * Finished epoch # 75     top1:  23.145  top5:   0.635
	
=> Training epoch # 76	
 * Finished epoch # 76     top1:  23.623  top5:   2.207
	
=> Training epoch # 77	
 * Finished epoch # 77     top1:  19.697  top5:   1.152
	
=> Training epoch # 78	
 * Finished epoch # 78     top1:  20.273  top5:   1.436
	
=> Training epoch # 79	
 * Finished epoch # 79     top1:  28.213  top5:   1.924
	
=> Training epoch # 80	
 * Finished epoch # 80     top1:  26.777  top5:   2.734
	
=> Training epoch # 81	
 * Finished epoch # 81     top1:   8.535  top5:   0.234
	
 * Best model 	8.53515625	0.234375	
=> Training epoch # 82	
 * Finished epoch # 82     top1:   8.613  top5:   0.205
	
=> Training epoch # 83	
 * Finished epoch # 83     top1:   7.959  top5:   0.195
	
 * Best model 	7.958984375	0.1953125	
=> Training epoch # 84	
 * Finished epoch # 84     top1:   7.871  top5:   0.127
	
 * Best model 	7.87109375	0.126953125	
=> Training epoch # 85	
 * Finished epoch # 85     top1:   8.271  top5:   0.137
	
=> Training epoch # 86	
 * Finished epoch # 86     top1:   7.822  top5:   0.088
	
 * Best model 	7.822265625	0.087890625	
=> Training epoch # 87	
 * Finished epoch # 87     top1:   7.197  top5:   0.166
	
 * Best model 	7.197265625	0.166015625	
=> Training epoch # 88	
 * Finished epoch # 88     top1:   8.896  top5:   0.225
	
=> Training epoch # 89	
 * Finished epoch # 89     top1:   7.959  top5:   0.166
	
=> Training epoch # 90	
 * Finished epoch # 90     top1:   7.939  top5:   0.186
	
=> Training epoch # 91	
 * Finished epoch # 91     top1:   8.350  top5:   0.205
	
=> Training epoch # 92	
 * Finished epoch # 92     top1:   8.398  top5:   0.234
	
=> Training epoch # 93	
 * Finished epoch # 93     top1:   8.164  top5:   0.186
	
=> Training epoch # 94	
 * Finished epoch # 94     top1:   9.248  top5:   0.225
	
=> Training epoch # 95	
 * Finished epoch # 95     top1:   8.633  top5:   0.205
	
=> Training epoch # 96	
 * Finished epoch # 96     top1:   8.018  top5:   0.205
	
=> Training epoch # 97	
 * Finished epoch # 97     top1:   8.320  top5:   0.303
	
=> Training epoch # 98	
 * Finished epoch # 98     top1:   8.643  top5:   0.225
	
=> Training epoch # 99	
 * Finished epoch # 99     top1:   9.072  top5:   0.176
	
=> Training epoch # 100	
 * Finished epoch # 100     top1:   8.086  top5:   0.186
	
=> Training epoch # 101	
 * Finished epoch # 101     top1:  10.088  top5:   0.215
	
=> Training epoch # 102	
 * Finished epoch # 102     top1:   8.828  top5:   0.283
	
=> Training epoch # 103	
 * Finished epoch # 103     top1:   8.809  top5:   0.146
	
=> Training epoch # 104	
 * Finished epoch # 104     top1:   9.092  top5:   0.293
	
=> Training epoch # 105	
 * Finished epoch # 105     top1:   9.004  top5:   0.225
	
=> Training epoch # 106	
 * Finished epoch # 106     top1:   8.652  top5:   0.264
	
=> Training epoch # 107	
 * Finished epoch # 107     top1:   8.564  top5:   0.156
	
=> Training epoch # 108	
 * Finished epoch # 108     top1:   9.062  top5:   0.303
	
=> Training epoch # 109	
 * Finished epoch # 109     top1:  10.146  top5:   0.244
	
=> Training epoch # 110	
 * Finished epoch # 110     top1:   9.033  top5:   0.273
	
=> Training epoch # 111	
 * Finished epoch # 111     top1:   8.955  top5:   0.264
	
=> Training epoch # 112	
 * Finished epoch # 112     top1:  10.801  top5:   0.312
	
=> Training epoch # 113	
 * Finished epoch # 113     top1:  11.611  top5:   0.371
	
=> Training epoch # 114	
 * Finished epoch # 114     top1:   9.258  top5:   0.293
	
=> Training epoch # 115	
 * Finished epoch # 115     top1:  10.176  top5:   0.195
	
=> Training epoch # 116	
 * Finished epoch # 116     top1:  10.186  top5:   0.371
	
=> Training epoch # 117	
 * Finished epoch # 117     top1:   8.340  top5:   0.273
	
=> Training epoch # 118	
 * Finished epoch # 118     top1:   8.828  top5:   0.234
	
=> Training epoch # 119	
 * Finished epoch # 119     top1:   9.902  top5:   0.205
	
=> Training epoch # 120	
 * Finished epoch # 120     top1:  10.645  top5:   0.654
	
=> Training epoch # 121	
 * Finished epoch # 121     top1:   9.453  top5:   0.293
	
=> Training epoch # 122	
 * Finished epoch # 122     top1:   7.100  top5:   0.137
	
 * Best model 	7.099609375	0.13671875	
=> Training epoch # 123	
 * Finished epoch # 123     top1:   7.471  top5:   0.146
	
=> Training epoch # 124	
 * Finished epoch # 124     top1:   7.539  top5:   0.127
	
=> Training epoch # 125	
 * Finished epoch # 125     top1:   6.914  top5:   0.146
	
 * Best model 	6.9140625	0.146484375	
=> Training epoch # 126	
 * Finished epoch # 126     top1:   7.188  top5:   0.127
	
=> Training epoch # 127	
 * Finished epoch # 127     top1:   6.943  top5:   0.156
	
=> Training epoch # 128	
 * Finished epoch # 128     top1:   6.924  top5:   0.156
	
=> Training epoch # 129	
 * Finished epoch # 129     top1:   6.680  top5:   0.186
	
 * Best model 	6.6796875	0.185546875	
=> Training epoch # 130	
 * Finished epoch # 130     top1:   6.465  top5:   0.146
	
 * Best model 	6.46484375	0.146484375	
=> Training epoch # 131	
 * Finished epoch # 131     top1:   6.533  top5:   0.156
	
=> Training epoch # 132	
 * Finished epoch # 132     top1:   6.758  top5:   0.186
	
=> Training epoch # 133	
 * Finished epoch # 133     top1:   6.748  top5:   0.176
	
=> Training epoch # 134	
 * Finished epoch # 134     top1:   6.846  top5:   0.156
	
=> Training epoch # 135	
 * Finished epoch # 135     top1:   6.855  top5:   0.166
	
=> Training epoch # 136	
 * Finished epoch # 136     top1:   7.090  top5:   0.156
	
=> Training epoch # 137	
 * Finished epoch # 137     top1:   6.621  top5:   0.156
	
=> Training epoch # 138	
 * Finished epoch # 138     top1:   6.797  top5:   0.156
	
=> Training epoch # 139	
 * Finished epoch # 139     top1:   6.670  top5:   0.166
	
=> Training epoch # 140	
 * Finished epoch # 140     top1:   6.562  top5:   0.166
	
=> Training epoch # 141	
 * Finished epoch # 141     top1:   6.855  top5:   0.186
	
=> Training epoch # 142	
 * Finished epoch # 142     top1:   6.611  top5:   0.186
	
=> Training epoch # 143	
 * Finished epoch # 143     top1:   6.602  top5:   0.146
	
=> Training epoch # 144	
 * Finished epoch # 144     top1:   6.738  top5:   0.156
	
=> Training epoch # 145	
 * Finished epoch # 145     top1:   6.768  top5:   0.156
	
=> Training epoch # 146	
 * Finished epoch # 146     top1:   6.484  top5:   0.156
	
=> Training epoch # 147	
 * Finished epoch # 147     top1:   6.807  top5:   0.176
	
=> Training epoch # 148	
 * Finished epoch # 148     top1:   6.416  top5:   0.176
	
 * Best model 	6.416015625	0.17578125	
=> Training epoch # 149	
 * Finished epoch # 149     top1:   6.748  top5:   0.186
	
=> Training epoch # 150	
 * Finished epoch # 150     top1:   6.553  top5:   0.176
	
=> Training epoch # 151	
 * Finished epoch # 151     top1:   6.826  top5:   0.195
	
=> Training epoch # 152	
 * Finished epoch # 152     top1:   7.021  top5:   0.176
	
=> Training epoch # 153	
 * Finished epoch # 153     top1:   6.846  top5:   0.146
	
=> Training epoch # 154	
 * Finished epoch # 154     top1:   6.484  top5:   0.156
	
=> Training epoch # 155	
 * Finished epoch # 155     top1:   6.436  top5:   0.176
	
=> Training epoch # 156	
 * Finished epoch # 156     top1:   6.533  top5:   0.156
	
=> Training epoch # 157	
 * Finished epoch # 157     top1:   6.660  top5:   0.166
	
=> Training epoch # 158	
 * Finished epoch # 158     top1:   6.494  top5:   0.156
	
=> Training epoch # 159	
 * Finished epoch # 159     top1:   6.689  top5:   0.186
	
=> Training epoch # 160	
 * Finished epoch # 160     top1:   6.523  top5:   0.166
	
=> Training epoch # 161	
 * Finished epoch # 161     top1:   6.602  top5:   0.176
	
=> Training epoch # 162	
 * Finished epoch # 162     top1:   6.553  top5:   0.205
	
=> Training epoch # 163	
 * Finished epoch # 163     top1:   6.445  top5:   0.195
	
=> Training epoch # 164	
 * Finished epoch # 164     top1:   6.533  top5:   0.176
	
=> Training epoch # 165	
 * Finished epoch # 165     top1:   6.885  top5:   0.195
	
=> Training epoch # 166	
 * Finished epoch # 166     top1:   6.523  top5:   0.166
	
=> Training epoch # 167	
 * Finished epoch # 167     top1:   6.543  top5:   0.332
	
=> Training epoch # 168	
 * Finished epoch # 168     top1:   6.660  top5:   0.352
	
=> Training epoch # 169	
 * Finished epoch # 169     top1:   6.445  top5:   0.146
	
=> Training epoch # 170	
 * Finished epoch # 170     top1:   6.562  top5:   0.146
	
=> Training epoch # 171	
 * Finished epoch # 171     top1:   6.455  top5:   0.176
	
=> Training epoch # 172	
 * Finished epoch # 172     top1:   6.982  top5:   0.195
	
=> Training epoch # 173	
 * Finished epoch # 173     top1:   6.602  top5:   0.195
	
=> Training epoch # 174	
 * Finished epoch # 174     top1:   6.816  top5:   0.166
	
=> Training epoch # 175	
 * Finished epoch # 175     top1:   6.738  top5:   0.205
	
=> Training epoch # 176	
 * Finished epoch # 176     top1:   6.768  top5:   0.195
	
=> Training epoch # 177	
 * Finished epoch # 177     top1:   6.436  top5:   0.195
	
=> Training epoch # 178	
 * Finished epoch # 178     top1:   6.748  top5:   0.195
	
=> Training epoch # 179	
 * Finished epoch # 179     top1:   6.553  top5:   0.186
	
=> Training epoch # 180	
 * Finished epoch # 180     top1:   6.699  top5:   0.361
	
=> Training epoch # 181	
 * Finished epoch # 181     top1:   6.426  top5:   0.186
	
=> Training epoch # 182	
 * Finished epoch # 182     top1:   6.748  top5:   0.176
	
=> Training epoch # 183	
 * Finished epoch # 183     top1:   6.348  top5:   0.176
	
 * Best model 	6.34765625	0.17578125	
=> Training epoch # 184	
 * Finished epoch # 184     top1:   6.475  top5:   0.195
	
=> Training epoch # 185	
 * Finished epoch # 185     top1:   6.377  top5:   0.186
	
=> Training epoch # 186	
 * Finished epoch # 186     top1:   6.631  top5:   0.186
	
=> Training epoch # 187	
 * Finished epoch # 187     top1:   6.523  top5:   0.195
	
=> Training epoch # 188	
 * Finished epoch # 188     top1:   6.680  top5:   0.166
	
=> Training epoch # 189	
 * Finished epoch # 189     top1:   6.367  top5:   0.176
	
=> Training epoch # 190	
 * Finished epoch # 190     top1:   6.367  top5:   0.166
	
=> Training epoch # 191	
 * Finished epoch # 191     top1:   6.533  top5:   0.176
	
=> Training epoch # 192	
 * Finished epoch # 192     top1:   6.533  top5:   0.186
	
=> Training epoch # 193	
 * Finished epoch # 193     top1:   6.748  top5:   0.176
	
=> Training epoch # 194	
 * Finished epoch # 194     top1:   6.348  top5:   0.195
	
=> Training epoch # 195	
 * Finished epoch # 195     top1:   6.445  top5:   0.215
	
=> Training epoch # 196	
 * Finished epoch # 196     top1:   6.426  top5:   0.186
	
=> Training epoch # 197	
 * Finished epoch # 197     top1:   6.768  top5:   0.234
	
=> Training epoch # 198	
 * Finished epoch # 198     top1:   6.621  top5:   0.195
	
=> Training epoch # 199	
 * Finished epoch # 199     top1:   6.719  top5:   0.195
	
=> Training epoch # 200	
 * Finished epoch # 200     top1:   6.719  top5:   0.205
	
 * Finished top1:  6.348  top5:  0.176	
