{
  cudnn : "fastest"
  LR : 0.1
  nThreads : 2
  nClasses : 0
  batchSize : 256
  testOnly : false
  netType : "resnet-bn-prelu"
  resetClassifier : false
  shortcutType : "A"
  gen : "gen"
  nGPU : 1
  depth : 110
  weightDecay : 0.001
  data : ""
  dataset : "cifar100"
  epochNumber : 1
  manualSeed : 2
  resume : "results/results-bn-prelu/try4/cifar100/110"
  optimState : "none"
  nEpochs : 200
  tenCrop : false
  shareGradInput : false
  backend : "cudnn"
  momentum : 0.9
  retrain : "none"
}
=> Creating model from file: models/resnet-bn-prelu.lua	
 | ResNet-110 CIFAR-100	
nn.Sequential {
  [input -> (1) -> (2) -> (3) -> (4) -> (5) -> (6) -> (7) -> (8) -> (9) -> output]
  (1): cudnn.SpatialConvolution(3 -> 16, 3x3, 1,1, 1,1) without bias
  (2): nn.Sequential {
    [input -> (1) -> (2) -> output]
    (1): nn.SpatialBatchNormalization (4D) (16)
    (2): nn.PReLU
  }
  (3): nn.Sequential {
    [input -> (1) -> (2) -> (3) -> (4) -> (5) -> (6) -> (7) -> (8) -> (9) -> (10) -> (11) -> (12) -> (13) -> (14) -> (15) -> (16) -> (17) -> (18) -> output]
    (1): nn.Sequential {
      [input -> (1) -> (2) -> output]
      (1): nn.ConcatTable {
        input
          |`-> (1): nn.Sequential {
          |      [input -> (1) -> (2) -> (3) -> (4) -> output]
          |      (1): cudnn.SpatialConvolution(16 -> 16, 3x3, 1,1, 1,1) without bias
          |      (2): nn.Sequential {
          |        [input -> (1) -> (2) -> output]
          |        (1): nn.SpatialBatchNormalization (4D) (16)
          |        (2): nn.PReLU
          |      }
          |      (3): cudnn.SpatialConvolution(16 -> 16, 3x3, 1,1, 1,1) without bias
          |      (4): nn.SpatialBatchNormalization (4D) (16)
          |    }
           `-> (2): nn.Identity
           ... -> output
      }
      (2): nn.CAddTable
    }
    (2): nn.Sequential {
      [input -> (1) -> (2) -> output]
      (1): nn.ConcatTable {
        input
          |`-> (1): nn.Sequential {
          |      [input -> (1) -> (2) -> (3) -> (4) -> output]
          |      (1): cudnn.SpatialConvolution(16 -> 16, 3x3, 1,1, 1,1) without bias
          |      (2): nn.Sequential {
          |        [input -> (1) -> (2) -> output]
          |        (1): nn.SpatialBatchNormalization (4D) (16)
          |        (2): nn.PReLU
          |      }
          |      (3): cudnn.SpatialConvolution(16 -> 16, 3x3, 1,1, 1,1) without bias
          |      (4): nn.SpatialBatchNormalization (4D) (16)
          |    }
           `-> (2): nn.Identity
           ... -> output
      }
      (2): nn.CAddTable
    }
    (3): nn.Sequential {
      [input -> (1) -> (2) -> output]
      (1): nn.ConcatTable {
        input
          |`-> (1): nn.Sequential {
          |      [input -> (1) -> (2) -> (3) -> (4) -> output]
          |      (1): cudnn.SpatialConvolution(16 -> 16, 3x3, 1,1, 1,1) without bias
          |      (2): nn.Sequential {
          |        [input -> (1) -> (2) -> output]
          |        (1): nn.SpatialBatchNormalization (4D) (16)
          |        (2): nn.PReLU
          |      }
          |      (3): cudnn.SpatialConvolution(16 -> 16, 3x3, 1,1, 1,1) without bias
          |      (4): nn.SpatialBatchNormalization (4D) (16)
          |    }
           `-> (2): nn.Identity
           ... -> output
      }
      (2): nn.CAddTable
    }
    (4): nn.Sequential {
      [input -> (1) -> (2) -> output]
      (1): nn.ConcatTable {
        input
          |`-> (1): nn.Sequential {
          |      [input -> (1) -> (2) -> (3) -> (4) -> output]
          |      (1): cudnn.SpatialConvolution(16 -> 16, 3x3, 1,1, 1,1) without bias
          |      (2): nn.Sequential {
          |        [input -> (1) -> (2) -> output]
          |        (1): nn.SpatialBatchNormalization (4D) (16)
          |        (2): nn.PReLU
          |      }
          |      (3): cudnn.SpatialConvolution(16 -> 16, 3x3, 1,1, 1,1) without bias
          |      (4): nn.SpatialBatchNormalization (4D) (16)
          |    }
           `-> (2): nn.Identity
           ... -> output
      }
      (2): nn.CAddTable
    }
    (5): nn.Sequential {
      [input -> (1) -> (2) -> output]
      (1): nn.ConcatTable {
        input
          |`-> (1): nn.Sequential {
          |      [input -> (1) -> (2) -> (3) -> (4) -> output]
          |      (1): cudnn.SpatialConvolution(16 -> 16, 3x3, 1,1, 1,1) without bias
          |      (2): nn.Sequential {
          |        [input -> (1) -> (2) -> output]
          |        (1): nn.SpatialBatchNormalization (4D) (16)
          |        (2): nn.PReLU
          |      }
          |      (3): cudnn.SpatialConvolution(16 -> 16, 3x3, 1,1, 1,1) without bias
          |      (4): nn.SpatialBatchNormalization (4D) (16)
          |    }
           `-> (2): nn.Identity
           ... -> output
      }
      (2): nn.CAddTable
    }
    (6): nn.Sequential {
      [input -> (1) -> (2) -> output]
      (1): nn.ConcatTable {
        input
          |`-> (1): nn.Sequential {
          |      [input -> (1) -> (2) -> (3) -> (4) -> output]
          |      (1): cudnn.SpatialConvolution(16 -> 16, 3x3, 1,1, 1,1) without bias
          |      (2): nn.Sequential {
          |        [input -> (1) -> (2) -> output]
          |        (1): nn.SpatialBatchNormalization (4D) (16)
          |        (2): nn.PReLU
          |      }
          |      (3): cudnn.SpatialConvolution(16 -> 16, 3x3, 1,1, 1,1) without bias
          |      (4): nn.SpatialBatchNormalization (4D) (16)
          |    }
           `-> (2): nn.Identity
           ... -> output
      }
      (2): nn.CAddTable
    }
    (7): nn.Sequential {
      [input -> (1) -> (2) -> output]
      (1): nn.ConcatTable {
        input
          |`-> (1): nn.Sequential {
          |      [input -> (1) -> (2) -> (3) -> (4) -> output]
          |      (1): cudnn.SpatialConvolution(16 -> 16, 3x3, 1,1, 1,1) without bias
          |      (2): nn.Sequential {
          |        [input -> (1) -> (2) -> output]
          |        (1): nn.SpatialBatchNormalization (4D) (16)
          |        (2): nn.PReLU
          |      }
          |      (3): cudnn.SpatialConvolution(16 -> 16, 3x3, 1,1, 1,1) without bias
          |      (4): nn.SpatialBatchNormalization (4D) (16)
          |    }
           `-> (2): nn.Identity
           ... -> output
      }
      (2): nn.CAddTable
    }
    (8): nn.Sequential {
      [input -> (1) -> (2) -> output]
      (1): nn.ConcatTable {
        input
          |`-> (1): nn.Sequential {
          |      [input -> (1) -> (2) -> (3) -> (4) -> output]
          |      (1): cudnn.SpatialConvolution(16 -> 16, 3x3, 1,1, 1,1) without bias
          |      (2): nn.Sequential {
          |        [input -> (1) -> (2) -> output]
          |        (1): nn.SpatialBatchNormalization (4D) (16)
          |        (2): nn.PReLU
          |      }
          |      (3): cudnn.SpatialConvolution(16 -> 16, 3x3, 1,1, 1,1) without bias
          |      (4): nn.SpatialBatchNormalization (4D) (16)
          |    }
           `-> (2): nn.Identity
           ... -> output
      }
      (2): nn.CAddTable
    }
    (9): nn.Sequential {
      [input -> (1) -> (2) -> output]
      (1): nn.ConcatTable {
        input
          |`-> (1): nn.Sequential {
          |      [input -> (1) -> (2) -> (3) -> (4) -> output]
          |      (1): cudnn.SpatialConvolution(16 -> 16, 3x3, 1,1, 1,1) without bias
          |      (2): nn.Sequential {
          |        [input -> (1) -> (2) -> output]
          |        (1): nn.SpatialBatchNormalization (4D) (16)
          |        (2): nn.PReLU
          |      }
          |      (3): cudnn.SpatialConvolution(16 -> 16, 3x3, 1,1, 1,1) without bias
          |      (4): nn.SpatialBatchNormalization (4D) (16)
          |    }
           `-> (2): nn.Identity
           ... -> output
      }
      (2): nn.CAddTable
    }
    (10): nn.Sequential {
      [input -> (1) -> (2) -> output]
      (1): nn.ConcatTable {
        input
          |`-> (1): nn.Sequential {
          |      [input -> (1) -> (2) -> (3) -> (4) -> output]
          |      (1): cudnn.SpatialConvolution(16 -> 16, 3x3, 1,1, 1,1) without bias
          |      (2): nn.Sequential {
          |        [input -> (1) -> (2) -> output]
          |        (1): nn.SpatialBatchNormalization (4D) (16)
          |        (2): nn.PReLU
          |      }
          |      (3): cudnn.SpatialConvolution(16 -> 16, 3x3, 1,1, 1,1) without bias
          |      (4): nn.SpatialBatchNormalization (4D) (16)
          |    }
           `-> (2): nn.Identity
           ... -> output
      }
      (2): nn.CAddTable
    }
    (11): nn.Sequential {
      [input -> (1) -> (2) -> output]
      (1): nn.ConcatTable {
        input
          |`-> (1): nn.Sequential {
          |      [input -> (1) -> (2) -> (3) -> (4) -> output]
          |      (1): cudnn.SpatialConvolution(16 -> 16, 3x3, 1,1, 1,1) without bias
          |      (2): nn.Sequential {
          |        [input -> (1) -> (2) -> output]
          |        (1): nn.SpatialBatchNormalization (4D) (16)
          |        (2): nn.PReLU
          |      }
          |      (3): cudnn.SpatialConvolution(16 -> 16, 3x3, 1,1, 1,1) without bias
          |      (4): nn.SpatialBatchNormalization (4D) (16)
          |    }
           `-> (2): nn.Identity
           ... -> output
      }
      (2): nn.CAddTable
    }
    (12): nn.Sequential {
      [input -> (1) -> (2) -> output]
      (1): nn.ConcatTable {
        input
          |`-> (1): nn.Sequential {
          |      [input -> (1) -> (2) -> (3) -> (4) -> output]
          |      (1): cudnn.SpatialConvolution(16 -> 16, 3x3, 1,1, 1,1) without bias
          |      (2): nn.Sequential {
          |        [input -> (1) -> (2) -> output]
          |        (1): nn.SpatialBatchNormalization (4D) (16)
          |        (2): nn.PReLU
          |      }
          |      (3): cudnn.SpatialConvolution(16 -> 16, 3x3, 1,1, 1,1) without bias
          |      (4): nn.SpatialBatchNormalization (4D) (16)
          |    }
           `-> (2): nn.Identity
           ... -> output
      }
      (2): nn.CAddTable
    }
    (13): nn.Sequential {
      [input -> (1) -> (2) -> output]
      (1): nn.ConcatTable {
        input
          |`-> (1): nn.Sequential {
          |      [input -> (1) -> (2) -> (3) -> (4) -> output]
          |      (1): cudnn.SpatialConvolution(16 -> 16, 3x3, 1,1, 1,1) without bias
          |      (2): nn.Sequential {
          |        [input -> (1) -> (2) -> output]
          |        (1): nn.SpatialBatchNormalization (4D) (16)
          |        (2): nn.PReLU
          |      }
          |      (3): cudnn.SpatialConvolution(16 -> 16, 3x3, 1,1, 1,1) without bias
          |      (4): nn.SpatialBatchNormalization (4D) (16)
          |    }
           `-> (2): nn.Identity
           ... -> output
      }
      (2): nn.CAddTable
    }
    (14): nn.Sequential {
      [input -> (1) -> (2) -> output]
      (1): nn.ConcatTable {
        input
          |`-> (1): nn.Sequential {
          |      [input -> (1) -> (2) -> (3) -> (4) -> output]
          |      (1): cudnn.SpatialConvolution(16 -> 16, 3x3, 1,1, 1,1) without bias
          |      (2): nn.Sequential {
          |        [input -> (1) -> (2) -> output]
          |        (1): nn.SpatialBatchNormalization (4D) (16)
          |        (2): nn.PReLU
          |      }
          |      (3): cudnn.SpatialConvolution(16 -> 16, 3x3, 1,1, 1,1) without bias
          |      (4): nn.SpatialBatchNormalization (4D) (16)
          |    }
           `-> (2): nn.Identity
           ... -> output
      }
      (2): nn.CAddTable
    }
    (15): nn.Sequential {
      [input -> (1) -> (2) -> output]
      (1): nn.ConcatTable {
        input
          |`-> (1): nn.Sequential {
          |      [input -> (1) -> (2) -> (3) -> (4) -> output]
          |      (1): cudnn.SpatialConvolution(16 -> 16, 3x3, 1,1, 1,1) without bias
          |      (2): nn.Sequential {
          |        [input -> (1) -> (2) -> output]
          |        (1): nn.SpatialBatchNormalization (4D) (16)
          |        (2): nn.PReLU
          |      }
          |      (3): cudnn.SpatialConvolution(16 -> 16, 3x3, 1,1, 1,1) without bias
          |      (4): nn.SpatialBatchNormalization (4D) (16)
          |    }
           `-> (2): nn.Identity
           ... -> output
      }
      (2): nn.CAddTable
    }
    (16): nn.Sequential {
      [input -> (1) -> (2) -> output]
      (1): nn.ConcatTable {
        input
          |`-> (1): nn.Sequential {
          |      [input -> (1) -> (2) -> (3) -> (4) -> output]
          |      (1): cudnn.SpatialConvolution(16 -> 16, 3x3, 1,1, 1,1) without bias
          |      (2): nn.Sequential {
          |        [input -> (1) -> (2) -> output]
          |        (1): nn.SpatialBatchNormalization (4D) (16)
          |        (2): nn.PReLU
          |      }
          |      (3): cudnn.SpatialConvolution(16 -> 16, 3x3, 1,1, 1,1) without bias
          |      (4): nn.SpatialBatchNormalization (4D) (16)
          |    }
           `-> (2): nn.Identity
           ... -> output
      }
      (2): nn.CAddTable
    }
    (17): nn.Sequential {
      [input -> (1) -> (2) -> output]
      (1): nn.ConcatTable {
        input
          |`-> (1): nn.Sequential {
          |      [input -> (1) -> (2) -> (3) -> (4) -> output]
          |      (1): cudnn.SpatialConvolution(16 -> 16, 3x3, 1,1, 1,1) without bias
          |      (2): nn.Sequential {
          |        [input -> (1) -> (2) -> output]
          |        (1): nn.SpatialBatchNormalization (4D) (16)
          |        (2): nn.PReLU
          |      }
          |      (3): cudnn.SpatialConvolution(16 -> 16, 3x3, 1,1, 1,1) without bias
          |      (4): nn.SpatialBatchNormalization (4D) (16)
          |    }
           `-> (2): nn.Identity
           ... -> output
      }
      (2): nn.CAddTable
    }
    (18): nn.Sequential {
      [input -> (1) -> (2) -> output]
      (1): nn.ConcatTable {
        input
          |`-> (1): nn.Sequential {
          |      [input -> (1) -> (2) -> (3) -> (4) -> output]
          |      (1): cudnn.SpatialConvolution(16 -> 16, 3x3, 1,1, 1,1) without bias
          |      (2): nn.Sequential {
          |        [input -> (1) -> (2) -> output]
          |        (1): nn.SpatialBatchNormalization (4D) (16)
          |        (2): nn.PReLU
          |      }
          |      (3): cudnn.SpatialConvolution(16 -> 16, 3x3, 1,1, 1,1) without bias
          |      (4): nn.SpatialBatchNormalization (4D) (16)
          |    }
           `-> (2): nn.Identity
           ... -> output
      }
      (2): nn.CAddTable
    }
  }
  (4): nn.Sequential {
    [input -> (1) -> (2) -> (3) -> (4) -> (5) -> (6) -> (7) -> (8) -> (9) -> (10) -> (11) -> (12) -> (13) -> (14) -> (15) -> (16) -> (17) -> (18) -> output]
    (1): nn.Sequential {
      [input -> (1) -> (2) -> output]
      (1): nn.ConcatTable {
        input
          |`-> (1): nn.Sequential {
          |      [input -> (1) -> (2) -> (3) -> (4) -> output]
          |      (1): cudnn.SpatialConvolution(16 -> 32, 3x3, 2,2, 1,1) without bias
          |      (2): nn.Sequential {
          |        [input -> (1) -> (2) -> output]
          |        (1): nn.SpatialBatchNormalization (4D) (32)
          |        (2): nn.PReLU
          |      }
          |      (3): cudnn.SpatialConvolution(32 -> 32, 3x3, 1,1, 1,1) without bias
          |      (4): nn.SpatialBatchNormalization (4D) (32)
          |    }
           `-> (2): nn.Sequential {
                 [input -> (1) -> (2) -> output]
                 (1): nn.SpatialAveragePooling(1x1, 2,2)
                 (2): nn.Concat {
                   input
                     |`-> (1): nn.Identity
                      `-> (2): nn.MulConstant
                      ... -> output
                 }
               }
           ... -> output
      }
      (2): nn.CAddTable
    }
    (2): nn.Sequential {
      [input -> (1) -> (2) -> output]
      (1): nn.ConcatTable {
        input
          |`-> (1): nn.Sequential {
          |      [input -> (1) -> (2) -> (3) -> (4) -> output]
          |      (1): cudnn.SpatialConvolution(32 -> 32, 3x3, 1,1, 1,1) without bias
          |      (2): nn.Sequential {
          |        [input -> (1) -> (2) -> output]
          |        (1): nn.SpatialBatchNormalization (4D) (32)
          |        (2): nn.PReLU
          |      }
          |      (3): cudnn.SpatialConvolution(32 -> 32, 3x3, 1,1, 1,1) without bias
          |      (4): nn.SpatialBatchNormalization (4D) (32)
          |    }
           `-> (2): nn.Identity
           ... -> output
      }
      (2): nn.CAddTable
    }
    (3): nn.Sequential {
      [input -> (1) -> (2) -> output]
      (1): nn.ConcatTable {
        input
          |`-> (1): nn.Sequential {
          |      [input -> (1) -> (2) -> (3) -> (4) -> output]
          |      (1): cudnn.SpatialConvolution(32 -> 32, 3x3, 1,1, 1,1) without bias
          |      (2): nn.Sequential {
          |        [input -> (1) -> (2) -> output]
          |        (1): nn.SpatialBatchNormalization (4D) (32)
          |        (2): nn.PReLU
          |      }
          |      (3): cudnn.SpatialConvolution(32 -> 32, 3x3, 1,1, 1,1) without bias
          |      (4): nn.SpatialBatchNormalization (4D) (32)
          |    }
           `-> (2): nn.Identity
           ... -> output
      }
      (2): nn.CAddTable
    }
    (4): nn.Sequential {
      [input -> (1) -> (2) -> output]
      (1): nn.ConcatTable {
        input
          |`-> (1): nn.Sequential {
          |      [input -> (1) -> (2) -> (3) -> (4) -> output]
          |      (1): cudnn.SpatialConvolution(32 -> 32, 3x3, 1,1, 1,1) without bias
          |      (2): nn.Sequential {
          |        [input -> (1) -> (2) -> output]
          |        (1): nn.SpatialBatchNormalization (4D) (32)
          |        (2): nn.PReLU
          |      }
          |      (3): cudnn.SpatialConvolution(32 -> 32, 3x3, 1,1, 1,1) without bias
          |      (4): nn.SpatialBatchNormalization (4D) (32)
          |    }
           `-> (2): nn.Identity
           ... -> output
      }
      (2): nn.CAddTable
    }
    (5): nn.Sequential {
      [input -> (1) -> (2) -> output]
      (1): nn.ConcatTable {
        input
          |`-> (1): nn.Sequential {
          |      [input -> (1) -> (2) -> (3) -> (4) -> output]
          |      (1): cudnn.SpatialConvolution(32 -> 32, 3x3, 1,1, 1,1) without bias
          |      (2): nn.Sequential {
          |        [input -> (1) -> (2) -> output]
          |        (1): nn.SpatialBatchNormalization (4D) (32)
          |        (2): nn.PReLU
          |      }
          |      (3): cudnn.SpatialConvolution(32 -> 32, 3x3, 1,1, 1,1) without bias
          |      (4): nn.SpatialBatchNormalization (4D) (32)
          |    }
           `-> (2): nn.Identity
           ... -> output
      }
      (2): nn.CAddTable
    }
    (6): nn.Sequential {
      [input -> (1) -> (2) -> output]
      (1): nn.ConcatTable {
        input
          |`-> (1): nn.Sequential {
          |      [input -> (1) -> (2) -> (3) -> (4) -> output]
          |      (1): cudnn.SpatialConvolution(32 -> 32, 3x3, 1,1, 1,1) without bias
          |      (2): nn.Sequential {
          |        [input -> (1) -> (2) -> output]
          |        (1): nn.SpatialBatchNormalization (4D) (32)
          |        (2): nn.PReLU
          |      }
          |      (3): cudnn.SpatialConvolution(32 -> 32, 3x3, 1,1, 1,1) without bias
          |      (4): nn.SpatialBatchNormalization (4D) (32)
          |    }
           `-> (2): nn.Identity
           ... -> output
      }
      (2): nn.CAddTable
    }
    (7): nn.Sequential {
      [input -> (1) -> (2) -> output]
      (1): nn.ConcatTable {
        input
          |`-> (1): nn.Sequential {
          |      [input -> (1) -> (2) -> (3) -> (4) -> output]
          |      (1): cudnn.SpatialConvolution(32 -> 32, 3x3, 1,1, 1,1) without bias
          |      (2): nn.Sequential {
          |        [input -> (1) -> (2) -> output]
          |        (1): nn.SpatialBatchNormalization (4D) (32)
          |        (2): nn.PReLU
          |      }
          |      (3): cudnn.SpatialConvolution(32 -> 32, 3x3, 1,1, 1,1) without bias
          |      (4): nn.SpatialBatchNormalization (4D) (32)
          |    }
           `-> (2): nn.Identity
           ... -> output
      }
      (2): nn.CAddTable
    }
    (8): nn.Sequential {
      [input -> (1) -> (2) -> output]
      (1): nn.ConcatTable {
        input
          |`-> (1): nn.Sequential {
          |      [input -> (1) -> (2) -> (3) -> (4) -> output]
          |      (1): cudnn.SpatialConvolution(32 -> 32, 3x3, 1,1, 1,1) without bias
          |      (2): nn.Sequential {
          |        [input -> (1) -> (2) -> output]
          |        (1): nn.SpatialBatchNormalization (4D) (32)
          |        (2): nn.PReLU
          |      }
          |      (3): cudnn.SpatialConvolution(32 -> 32, 3x3, 1,1, 1,1) without bias
          |      (4): nn.SpatialBatchNormalization (4D) (32)
          |    }
           `-> (2): nn.Identity
           ... -> output
      }
      (2): nn.CAddTable
    }
    (9): nn.Sequential {
      [input -> (1) -> (2) -> output]
      (1): nn.ConcatTable {
        input
          |`-> (1): nn.Sequential {
          |      [input -> (1) -> (2) -> (3) -> (4) -> output]
          |      (1): cudnn.SpatialConvolution(32 -> 32, 3x3, 1,1, 1,1) without bias
          |      (2): nn.Sequential {
          |        [input -> (1) -> (2) -> output]
          |        (1): nn.SpatialBatchNormalization (4D) (32)
          |        (2): nn.PReLU
          |      }
          |      (3): cudnn.SpatialConvolution(32 -> 32, 3x3, 1,1, 1,1) without bias
          |      (4): nn.SpatialBatchNormalization (4D) (32)
          |    }
           `-> (2): nn.Identity
           ... -> output
      }
      (2): nn.CAddTable
    }
    (10): nn.Sequential {
      [input -> (1) -> (2) -> output]
      (1): nn.ConcatTable {
        input
          |`-> (1): nn.Sequential {
          |      [input -> (1) -> (2) -> (3) -> (4) -> output]
          |      (1): cudnn.SpatialConvolution(32 -> 32, 3x3, 1,1, 1,1) without bias
          |      (2): nn.Sequential {
          |        [input -> (1) -> (2) -> output]
          |        (1): nn.SpatialBatchNormalization (4D) (32)
          |        (2): nn.PReLU
          |      }
          |      (3): cudnn.SpatialConvolution(32 -> 32, 3x3, 1,1, 1,1) without bias
          |      (4): nn.SpatialBatchNormalization (4D) (32)
          |    }
           `-> (2): nn.Identity
           ... -> output
      }
      (2): nn.CAddTable
    }
    (11): nn.Sequential {
      [input -> (1) -> (2) -> output]
      (1): nn.ConcatTable {
        input
          |`-> (1): nn.Sequential {
          |      [input -> (1) -> (2) -> (3) -> (4) -> output]
          |      (1): cudnn.SpatialConvolution(32 -> 32, 3x3, 1,1, 1,1) without bias
          |      (2): nn.Sequential {
          |        [input -> (1) -> (2) -> output]
          |        (1): nn.SpatialBatchNormalization (4D) (32)
          |        (2): nn.PReLU
          |      }
          |      (3): cudnn.SpatialConvolution(32 -> 32, 3x3, 1,1, 1,1) without bias
          |      (4): nn.SpatialBatchNormalization (4D) (32)
          |    }
           `-> (2): nn.Identity
           ... -> output
      }
      (2): nn.CAddTable
    }
    (12): nn.Sequential {
      [input -> (1) -> (2) -> output]
      (1): nn.ConcatTable {
        input
          |`-> (1): nn.Sequential {
          |      [input -> (1) -> (2) -> (3) -> (4) -> output]
          |      (1): cudnn.SpatialConvolution(32 -> 32, 3x3, 1,1, 1,1) without bias
          |      (2): nn.Sequential {
          |        [input -> (1) -> (2) -> output]
          |        (1): nn.SpatialBatchNormalization (4D) (32)
          |        (2): nn.PReLU
          |      }
          |      (3): cudnn.SpatialConvolution(32 -> 32, 3x3, 1,1, 1,1) without bias
          |      (4): nn.SpatialBatchNormalization (4D) (32)
          |    }
           `-> (2): nn.Identity
           ... -> output
      }
      (2): nn.CAddTable
    }
    (13): nn.Sequential {
      [input -> (1) -> (2) -> output]
      (1): nn.ConcatTable {
        input
          |`-> (1): nn.Sequential {
          |      [input -> (1) -> (2) -> (3) -> (4) -> output]
          |      (1): cudnn.SpatialConvolution(32 -> 32, 3x3, 1,1, 1,1) without bias
          |      (2): nn.Sequential {
          |        [input -> (1) -> (2) -> output]
          |        (1): nn.SpatialBatchNormalization (4D) (32)
          |        (2): nn.PReLU
          |      }
          |      (3): cudnn.SpatialConvolution(32 -> 32, 3x3, 1,1, 1,1) without bias
          |      (4): nn.SpatialBatchNormalization (4D) (32)
          |    }
           `-> (2): nn.Identity
           ... -> output
      }
      (2): nn.CAddTable
    }
    (14): nn.Sequential {
      [input -> (1) -> (2) -> output]
      (1): nn.ConcatTable {
        input
          |`-> (1): nn.Sequential {
          |      [input -> (1) -> (2) -> (3) -> (4) -> output]
          |      (1): cudnn.SpatialConvolution(32 -> 32, 3x3, 1,1, 1,1) without bias
          |      (2): nn.Sequential {
          |        [input -> (1) -> (2) -> output]
          |        (1): nn.SpatialBatchNormalization (4D) (32)
          |        (2): nn.PReLU
          |      }
          |      (3): cudnn.SpatialConvolution(32 -> 32, 3x3, 1,1, 1,1) without bias
          |      (4): nn.SpatialBatchNormalization (4D) (32)
          |    }
           `-> (2): nn.Identity
           ... -> output
      }
      (2): nn.CAddTable
    }
    (15): nn.Sequential {
      [input -> (1) -> (2) -> output]
      (1): nn.ConcatTable {
        input
          |`-> (1): nn.Sequential {
          |      [input -> (1) -> (2) -> (3) -> (4) -> output]
          |      (1): cudnn.SpatialConvolution(32 -> 32, 3x3, 1,1, 1,1) without bias
          |      (2): nn.Sequential {
          |        [input -> (1) -> (2) -> output]
          |        (1): nn.SpatialBatchNormalization (4D) (32)
          |        (2): nn.PReLU
          |      }
          |      (3): cudnn.SpatialConvolution(32 -> 32, 3x3, 1,1, 1,1) without bias
          |      (4): nn.SpatialBatchNormalization (4D) (32)
          |    }
           `-> (2): nn.Identity
           ... -> output
      }
      (2): nn.CAddTable
    }
    (16): nn.Sequential {
      [input -> (1) -> (2) -> output]
      (1): nn.ConcatTable {
        input
          |`-> (1): nn.Sequential {
          |      [input -> (1) -> (2) -> (3) -> (4) -> output]
          |      (1): cudnn.SpatialConvolution(32 -> 32, 3x3, 1,1, 1,1) without bias
          |      (2): nn.Sequential {
          |        [input -> (1) -> (2) -> output]
          |        (1): nn.SpatialBatchNormalization (4D) (32)
          |        (2): nn.PReLU
          |      }
          |      (3): cudnn.SpatialConvolution(32 -> 32, 3x3, 1,1, 1,1) without bias
          |      (4): nn.SpatialBatchNormalization (4D) (32)
          |    }
           `-> (2): nn.Identity
           ... -> output
      }
      (2): nn.CAddTable
    }
    (17): nn.Sequential {
      [input -> (1) -> (2) -> output]
      (1): nn.ConcatTable {
        input
          |`-> (1): nn.Sequential {
          |      [input -> (1) -> (2) -> (3) -> (4) -> output]
          |      (1): cudnn.SpatialConvolution(32 -> 32, 3x3, 1,1, 1,1) without bias
          |      (2): nn.Sequential {
          |        [input -> (1) -> (2) -> output]
          |        (1): nn.SpatialBatchNormalization (4D) (32)
          |        (2): nn.PReLU
          |      }
          |      (3): cudnn.SpatialConvolution(32 -> 32, 3x3, 1,1, 1,1) without bias
          |      (4): nn.SpatialBatchNormalization (4D) (32)
          |    }
           `-> (2): nn.Identity
           ... -> output
      }
      (2): nn.CAddTable
    }
    (18): nn.Sequential {
      [input -> (1) -> (2) -> output]
      (1): nn.ConcatTable {
        input
          |`-> (1): nn.Sequential {
          |      [input -> (1) -> (2) -> (3) -> (4) -> output]
          |      (1): cudnn.SpatialConvolution(32 -> 32, 3x3, 1,1, 1,1) without bias
          |      (2): nn.Sequential {
          |        [input -> (1) -> (2) -> output]
          |        (1): nn.SpatialBatchNormalization (4D) (32)
          |        (2): nn.PReLU
          |      }
          |      (3): cudnn.SpatialConvolution(32 -> 32, 3x3, 1,1, 1,1) without bias
          |      (4): nn.SpatialBatchNormalization (4D) (32)
          |    }
           `-> (2): nn.Identity
           ... -> output
      }
      (2): nn.CAddTable
    }
  }
  (5): nn.Sequential {
    [input -> (1) -> (2) -> (3) -> (4) -> (5) -> (6) -> (7) -> (8) -> (9) -> (10) -> (11) -> (12) -> (13) -> (14) -> (15) -> (16) -> (17) -> (18) -> output]
    (1): nn.Sequential {
      [input -> (1) -> (2) -> output]
      (1): nn.ConcatTable {
        input
          |`-> (1): nn.Sequential {
          |      [input -> (1) -> (2) -> (3) -> (4) -> output]
          |      (1): cudnn.SpatialConvolution(32 -> 64, 3x3, 2,2, 1,1) without bias
          |      (2): nn.Sequential {
          |        [input -> (1) -> (2) -> output]
          |        (1): nn.SpatialBatchNormalization (4D) (64)
          |        (2): nn.PReLU
          |      }
          |      (3): cudnn.SpatialConvolution(64 -> 64, 3x3, 1,1, 1,1) without bias
          |      (4): nn.SpatialBatchNormalization (4D) (64)
          |    }
           `-> (2): nn.Sequential {
                 [input -> (1) -> (2) -> output]
                 (1): nn.SpatialAveragePooling(1x1, 2,2)
                 (2): nn.Concat {
                   input
                     |`-> (1): nn.Identity
                      `-> (2): nn.MulConstant
                      ... -> output
                 }
               }
           ... -> output
      }
      (2): nn.CAddTable
    }
    (2): nn.Sequential {
      [input -> (1) -> (2) -> output]
      (1): nn.ConcatTable {
        input
          |`-> (1): nn.Sequential {
          |      [input -> (1) -> (2) -> (3) -> (4) -> output]
          |      (1): cudnn.SpatialConvolution(64 -> 64, 3x3, 1,1, 1,1) without bias
          |      (2): nn.Sequential {
          |        [input -> (1) -> (2) -> output]
          |        (1): nn.SpatialBatchNormalization (4D) (64)
          |        (2): nn.PReLU
          |      }
          |      (3): cudnn.SpatialConvolution(64 -> 64, 3x3, 1,1, 1,1) without bias
          |      (4): nn.SpatialBatchNormalization (4D) (64)
          |    }
           `-> (2): nn.Identity
           ... -> output
      }
      (2): nn.CAddTable
    }
    (3): nn.Sequential {
      [input -> (1) -> (2) -> output]
      (1): nn.ConcatTable {
        input
          |`-> (1): nn.Sequential {
          |      [input -> (1) -> (2) -> (3) -> (4) -> output]
          |      (1): cudnn.SpatialConvolution(64 -> 64, 3x3, 1,1, 1,1) without bias
          |      (2): nn.Sequential {
          |        [input -> (1) -> (2) -> output]
          |        (1): nn.SpatialBatchNormalization (4D) (64)
          |        (2): nn.PReLU
          |      }
          |      (3): cudnn.SpatialConvolution(64 -> 64, 3x3, 1,1, 1,1) without bias
          |      (4): nn.SpatialBatchNormalization (4D) (64)
          |    }
           `-> (2): nn.Identity
           ... -> output
      }
      (2): nn.CAddTable
    }
    (4): nn.Sequential {
      [input -> (1) -> (2) -> output]
      (1): nn.ConcatTable {
        input
          |`-> (1): nn.Sequential {
          |      [input -> (1) -> (2) -> (3) -> (4) -> output]
          |      (1): cudnn.SpatialConvolution(64 -> 64, 3x3, 1,1, 1,1) without bias
          |      (2): nn.Sequential {
          |        [input -> (1) -> (2) -> output]
          |        (1): nn.SpatialBatchNormalization (4D) (64)
          |        (2): nn.PReLU
          |      }
          |      (3): cudnn.SpatialConvolution(64 -> 64, 3x3, 1,1, 1,1) without bias
          |      (4): nn.SpatialBatchNormalization (4D) (64)
          |    }
           `-> (2): nn.Identity
           ... -> output
      }
      (2): nn.CAddTable
    }
    (5): nn.Sequential {
      [input -> (1) -> (2) -> output]
      (1): nn.ConcatTable {
        input
          |`-> (1): nn.Sequential {
          |      [input -> (1) -> (2) -> (3) -> (4) -> output]
          |      (1): cudnn.SpatialConvolution(64 -> 64, 3x3, 1,1, 1,1) without bias
          |      (2): nn.Sequential {
          |        [input -> (1) -> (2) -> output]
          |        (1): nn.SpatialBatchNormalization (4D) (64)
          |        (2): nn.PReLU
          |      }
          |      (3): cudnn.SpatialConvolution(64 -> 64, 3x3, 1,1, 1,1) without bias
          |      (4): nn.SpatialBatchNormalization (4D) (64)
          |    }
           `-> (2): nn.Identity
           ... -> output
      }
      (2): nn.CAddTable
    }
    (6): nn.Sequential {
      [input -> (1) -> (2) -> output]
      (1): nn.ConcatTable {
        input
          |`-> (1): nn.Sequential {
          |      [input -> (1) -> (2) -> (3) -> (4) -> output]
          |      (1): cudnn.SpatialConvolution(64 -> 64, 3x3, 1,1, 1,1) without bias
          |      (2): nn.Sequential {
          |        [input -> (1) -> (2) -> output]
          |        (1): nn.SpatialBatchNormalization (4D) (64)
          |        (2): nn.PReLU
          |      }
          |      (3): cudnn.SpatialConvolution(64 -> 64, 3x3, 1,1, 1,1) without bias
          |      (4): nn.SpatialBatchNormalization (4D) (64)
          |    }
           `-> (2): nn.Identity
           ... -> output
      }
      (2): nn.CAddTable
    }
    (7): nn.Sequential {
      [input -> (1) -> (2) -> output]
      (1): nn.ConcatTable {
        input
          |`-> (1): nn.Sequential {
          |      [input -> (1) -> (2) -> (3) -> (4) -> output]
          |      (1): cudnn.SpatialConvolution(64 -> 64, 3x3, 1,1, 1,1) without bias
          |      (2): nn.Sequential {
          |        [input -> (1) -> (2) -> output]
          |        (1): nn.SpatialBatchNormalization (4D) (64)
          |        (2): nn.PReLU
          |      }
          |      (3): cudnn.SpatialConvolution(64 -> 64, 3x3, 1,1, 1,1) without bias
          |      (4): nn.SpatialBatchNormalization (4D) (64)
          |    }
           `-> (2): nn.Identity
           ... -> output
      }
      (2): nn.CAddTable
    }
    (8): nn.Sequential {
      [input -> (1) -> (2) -> output]
      (1): nn.ConcatTable {
        input
          |`-> (1): nn.Sequential {
          |      [input -> (1) -> (2) -> (3) -> (4) -> output]
          |      (1): cudnn.SpatialConvolution(64 -> 64, 3x3, 1,1, 1,1) without bias
          |      (2): nn.Sequential {
          |        [input -> (1) -> (2) -> output]
          |        (1): nn.SpatialBatchNormalization (4D) (64)
          |        (2): nn.PReLU
          |      }
          |      (3): cudnn.SpatialConvolution(64 -> 64, 3x3, 1,1, 1,1) without bias
          |      (4): nn.SpatialBatchNormalization (4D) (64)
          |    }
           `-> (2): nn.Identity
           ... -> output
      }
      (2): nn.CAddTable
    }
    (9): nn.Sequential {
      [input -> (1) -> (2) -> output]
      (1): nn.ConcatTable {
        input
          |`-> (1): nn.Sequential {
          |      [input -> (1) -> (2) -> (3) -> (4) -> output]
          |      (1): cudnn.SpatialConvolution(64 -> 64, 3x3, 1,1, 1,1) without bias
          |      (2): nn.Sequential {
          |        [input -> (1) -> (2) -> output]
          |        (1): nn.SpatialBatchNormalization (4D) (64)
          |        (2): nn.PReLU
          |      }
          |      (3): cudnn.SpatialConvolution(64 -> 64, 3x3, 1,1, 1,1) without bias
          |      (4): nn.SpatialBatchNormalization (4D) (64)
          |    }
           `-> (2): nn.Identity
           ... -> output
      }
      (2): nn.CAddTable
    }
    (10): nn.Sequential {
      [input -> (1) -> (2) -> output]
      (1): nn.ConcatTable {
        input
          |`-> (1): nn.Sequential {
          |      [input -> (1) -> (2) -> (3) -> (4) -> output]
          |      (1): cudnn.SpatialConvolution(64 -> 64, 3x3, 1,1, 1,1) without bias
          |      (2): nn.Sequential {
          |        [input -> (1) -> (2) -> output]
          |        (1): nn.SpatialBatchNormalization (4D) (64)
          |        (2): nn.PReLU
          |      }
          |      (3): cudnn.SpatialConvolution(64 -> 64, 3x3, 1,1, 1,1) without bias
          |      (4): nn.SpatialBatchNormalization (4D) (64)
          |    }
           `-> (2): nn.Identity
           ... -> output
      }
      (2): nn.CAddTable
    }
    (11): nn.Sequential {
      [input -> (1) -> (2) -> output]
      (1): nn.ConcatTable {
        input
          |`-> (1): nn.Sequential {
          |      [input -> (1) -> (2) -> (3) -> (4) -> output]
          |      (1): cudnn.SpatialConvolution(64 -> 64, 3x3, 1,1, 1,1) without bias
          |      (2): nn.Sequential {
          |        [input -> (1) -> (2) -> output]
          |        (1): nn.SpatialBatchNormalization (4D) (64)
          |        (2): nn.PReLU
          |      }
          |      (3): cudnn.SpatialConvolution(64 -> 64, 3x3, 1,1, 1,1) without bias
          |      (4): nn.SpatialBatchNormalization (4D) (64)
          |    }
           `-> (2): nn.Identity
           ... -> output
      }
      (2): nn.CAddTable
    }
    (12): nn.Sequential {
      [input -> (1) -> (2) -> output]
      (1): nn.ConcatTable {
        input
          |`-> (1): nn.Sequential {
          |      [input -> (1) -> (2) -> (3) -> (4) -> output]
          |      (1): cudnn.SpatialConvolution(64 -> 64, 3x3, 1,1, 1,1) without bias
          |      (2): nn.Sequential {
          |        [input -> (1) -> (2) -> output]
          |        (1): nn.SpatialBatchNormalization (4D) (64)
          |        (2): nn.PReLU
          |      }
          |      (3): cudnn.SpatialConvolution(64 -> 64, 3x3, 1,1, 1,1) without bias
          |      (4): nn.SpatialBatchNormalization (4D) (64)
          |    }
           `-> (2): nn.Identity
           ... -> output
      }
      (2): nn.CAddTable
    }
    (13): nn.Sequential {
      [input -> (1) -> (2) -> output]
      (1): nn.ConcatTable {
        input
          |`-> (1): nn.Sequential {
          |      [input -> (1) -> (2) -> (3) -> (4) -> output]
          |      (1): cudnn.SpatialConvolution(64 -> 64, 3x3, 1,1, 1,1) without bias
          |      (2): nn.Sequential {
          |        [input -> (1) -> (2) -> output]
          |        (1): nn.SpatialBatchNormalization (4D) (64)
          |        (2): nn.PReLU
          |      }
          |      (3): cudnn.SpatialConvolution(64 -> 64, 3x3, 1,1, 1,1) without bias
          |      (4): nn.SpatialBatchNormalization (4D) (64)
          |    }
           `-> (2): nn.Identity
           ... -> output
      }
      (2): nn.CAddTable
    }
    (14): nn.Sequential {
      [input -> (1) -> (2) -> output]
      (1): nn.ConcatTable {
        input
          |`-> (1): nn.Sequential {
          |      [input -> (1) -> (2) -> (3) -> (4) -> output]
          |      (1): cudnn.SpatialConvolution(64 -> 64, 3x3, 1,1, 1,1) without bias
          |      (2): nn.Sequential {
          |        [input -> (1) -> (2) -> output]
          |        (1): nn.SpatialBatchNormalization (4D) (64)
          |        (2): nn.PReLU
          |      }
          |      (3): cudnn.SpatialConvolution(64 -> 64, 3x3, 1,1, 1,1) without bias
          |      (4): nn.SpatialBatchNormalization (4D) (64)
          |    }
           `-> (2): nn.Identity
           ... -> output
      }
      (2): nn.CAddTable
    }
    (15): nn.Sequential {
      [input -> (1) -> (2) -> output]
      (1): nn.ConcatTable {
        input
          |`-> (1): nn.Sequential {
          |      [input -> (1) -> (2) -> (3) -> (4) -> output]
          |      (1): cudnn.SpatialConvolution(64 -> 64, 3x3, 1,1, 1,1) without bias
          |      (2): nn.Sequential {
          |        [input -> (1) -> (2) -> output]
          |        (1): nn.SpatialBatchNormalization (4D) (64)
          |        (2): nn.PReLU
          |      }
          |      (3): cudnn.SpatialConvolution(64 -> 64, 3x3, 1,1, 1,1) without bias
          |      (4): nn.SpatialBatchNormalization (4D) (64)
          |    }
           `-> (2): nn.Identity
           ... -> output
      }
      (2): nn.CAddTable
    }
    (16): nn.Sequential {
      [input -> (1) -> (2) -> output]
      (1): nn.ConcatTable {
        input
          |`-> (1): nn.Sequential {
          |      [input -> (1) -> (2) -> (3) -> (4) -> output]
          |      (1): cudnn.SpatialConvolution(64 -> 64, 3x3, 1,1, 1,1) without bias
          |      (2): nn.Sequential {
          |        [input -> (1) -> (2) -> output]
          |        (1): nn.SpatialBatchNormalization (4D) (64)
          |        (2): nn.PReLU
          |      }
          |      (3): cudnn.SpatialConvolution(64 -> 64, 3x3, 1,1, 1,1) without bias
          |      (4): nn.SpatialBatchNormalization (4D) (64)
          |    }
           `-> (2): nn.Identity
           ... -> output
      }
      (2): nn.CAddTable
    }
    (17): nn.Sequential {
      [input -> (1) -> (2) -> output]
      (1): nn.ConcatTable {
        input
          |`-> (1): nn.Sequential {
          |      [input -> (1) -> (2) -> (3) -> (4) -> output]
          |      (1): cudnn.SpatialConvolution(64 -> 64, 3x3, 1,1, 1,1) without bias
          |      (2): nn.Sequential {
          |        [input -> (1) -> (2) -> output]
          |        (1): nn.SpatialBatchNormalization (4D) (64)
          |        (2): nn.PReLU
          |      }
          |      (3): cudnn.SpatialConvolution(64 -> 64, 3x3, 1,1, 1,1) without bias
          |      (4): nn.SpatialBatchNormalization (4D) (64)
          |    }
           `-> (2): nn.Identity
           ... -> output
      }
      (2): nn.CAddTable
    }
    (18): nn.Sequential {
      [input -> (1) -> (2) -> output]
      (1): nn.ConcatTable {
        input
          |`-> (1): nn.Sequential {
          |      [input -> (1) -> (2) -> (3) -> (4) -> output]
          |      (1): cudnn.SpatialConvolution(64 -> 64, 3x3, 1,1, 1,1) without bias
          |      (2): nn.Sequential {
          |        [input -> (1) -> (2) -> output]
          |        (1): nn.SpatialBatchNormalization (4D) (64)
          |        (2): nn.PReLU
          |      }
          |      (3): cudnn.SpatialConvolution(64 -> 64, 3x3, 1,1, 1,1) without bias
          |      (4): nn.SpatialBatchNormalization (4D) (64)
          |    }
           `-> (2): nn.Identity
           ... -> output
      }
      (2): nn.CAddTable
    }
  }
  (6): nn.Sequential {
    [input -> (1) -> (2) -> output]
    (1): nn.SpatialBatchNormalization (4D) (64)
    (2): nn.PReLU
  }
  (7): cudnn.SpatialAveragePooling(8x8, 1,1)
  (8): nn.View(64)
  (9): nn.Linear(64 -> 100)
}
=> Training epoch # 1	
 * Finished epoch # 1     top1:  88.369  top5:  64.697
	
 * Best model 	88.369140625	64.697265625	
=> Training epoch # 2	
 * Finished epoch # 2     top1:  76.045  top5:  43.594
	
 * Best model 	76.044921875	43.59375	
=> Training epoch # 3	
 * Finished epoch # 3     top1:  71.084  top5:  39.746
	
 * Best model 	71.083984375	39.74609375	
=> Training epoch # 4	
 * Finished epoch # 4     top1:  66.211  top5:  33.262
	
 * Best model 	66.2109375	33.26171875	
=> Training epoch # 5	
 * Finished epoch # 5     top1:  65.713  top5:  34.893
	
 * Best model 	65.712890625	34.892578125	
=> Training epoch # 6	
 * Finished epoch # 6     top1:  64.443  top5:  32.900
	
 * Best model 	64.443359375	32.900390625	
=> Training epoch # 7	
 * Finished epoch # 7     top1:  66.289  top5:  32.227
	
=> Training epoch # 8	
 * Finished epoch # 8     top1:  63.320  top5:  31.152
	
 * Best model 	63.3203125	31.15234375	
=> Training epoch # 9	
 * Finished epoch # 9     top1:  69.688  top5:  37.969
	
=> Training epoch # 10	
 * Finished epoch # 10     top1:  61.719  top5:  27.568
	
 * Best model 	61.71875	27.568359375	
=> Training epoch # 11	
 * Finished epoch # 11     top1:  63.320  top5:  31.357
	
=> Training epoch # 12	
 * Finished epoch # 12     top1:  69.043  top5:  38.203
	
=> Training epoch # 13	
 * Finished epoch # 13     top1:  62.695  top5:  29.580
	
=> Training epoch # 14	
 * Finished epoch # 14     top1:  59.961  top5:  27.969
	
 * Best model 	59.9609375	27.96875	
=> Training epoch # 15	
 * Finished epoch # 15     top1:  53.555  top5:  23.506
	
 * Best model 	53.5546875	23.505859375	
=> Training epoch # 16	
 * Finished epoch # 16     top1:  63.018  top5:  31.631
	
=> Training epoch # 17	
 * Finished epoch # 17     top1:  60.176  top5:  26.123
	
=> Training epoch # 18	
 * Finished epoch # 18     top1:  75.986  top5:  42.588
	
=> Training epoch # 19	
 * Finished epoch # 19     top1:  55.879  top5:  24.443
	
=> Training epoch # 20	
 * Finished epoch # 20     top1:  60.029  top5:  28.877
	
=> Training epoch # 21	
 * Finished epoch # 21     top1:  61.055  top5:  30.234
	
=> Training epoch # 22	
 * Finished epoch # 22     top1:  70.254  top5:  41.406
	
=> Training epoch # 23	
 * Finished epoch # 23     top1:  60.322  top5:  28.428
	
=> Training epoch # 24	
 * Finished epoch # 24     top1:  64.873  top5:  31.768
	
=> Training epoch # 25	
 * Finished epoch # 25     top1:  52.451  top5:  21.045
	
 * Best model 	52.451171875	21.044921875	
=> Training epoch # 26	
 * Finished epoch # 26     top1:  58.174  top5:  28.125
	
=> Training epoch # 27	
 * Finished epoch # 27     top1:  70.615  top5:  42.500
	
=> Training epoch # 28	
 * Finished epoch # 28     top1:  64.648  top5:  31.631
	
=> Training epoch # 29	
 * Finished epoch # 29     top1:  58.857  top5:  28.330
	
=> Training epoch # 30	
 * Finished epoch # 30     top1:  66.533  top5:  36.895
	
=> Training epoch # 31	
 * Finished epoch # 31     top1:  56.768  top5:  26.729
	
=> Training epoch # 32	
 * Finished epoch # 32     top1:  68.350  top5:  37.178
	
=> Training epoch # 33	
 * Finished epoch # 33     top1:  62.012  top5:  32.021
	
=> Training epoch # 34	
 * Finished epoch # 34     top1:  58.398  top5:  27.451
	
=> Training epoch # 35	
 * Finished epoch # 35     top1:  63.682  top5:  32.285
	
=> Training epoch # 36	
 * Finished epoch # 36     top1:  52.637  top5:  21.416
	
=> Training epoch # 37	
 * Finished epoch # 37     top1:  65.283  top5:  32.559
	
=> Training epoch # 38	
 * Finished epoch # 38     top1:  70.137  top5:  38.438
	
=> Training epoch # 39	
 * Finished epoch # 39     top1:  58.828  top5:  26.846
	
=> Training epoch # 40	
 * Finished epoch # 40     top1:  50.596  top5:  19.600
	
 * Best model 	50.595703125	19.599609375	
=> Training epoch # 41	
 * Finished epoch # 41     top1:  67.803  top5:  38.779
	
=> Training epoch # 42	
 * Finished epoch # 42     top1:  56.826  top5:  27.197
	
=> Training epoch # 43	
 * Finished epoch # 43     top1:  65.371  top5:  37.900
	
=> Training epoch # 44	
 * Finished epoch # 44     top1:  61.240  top5:  29.238
	
=> Training epoch # 45	
 * Finished epoch # 45     top1:  70.566  top5:  40.244
	
=> Training epoch # 46	
 * Finished epoch # 46     top1:  64.912  top5:  34.268
	
=> Training epoch # 47	
 * Finished epoch # 47     top1:  66.680  top5:  35.352
	
=> Training epoch # 48	
 * Finished epoch # 48     top1:  69.014  top5:  39.316
	
=> Training epoch # 49	
 * Finished epoch # 49     top1:  73.428  top5:  45.869
	
=> Training epoch # 50	
 * Finished epoch # 50     top1:  57.822  top5:  24.941
	
=> Training epoch # 51	
 * Finished epoch # 51     top1:  65.547  top5:  37.959
	
=> Training epoch # 52	
 * Finished epoch # 52     top1:  71.025  top5:  45.215
	
=> Training epoch # 53	
 * Finished epoch # 53     top1:  70.957  top5:  38.086
	
=> Training epoch # 54	
 * Finished epoch # 54     top1:  58.525  top5:  26.660
	
=> Training epoch # 55	
 * Finished epoch # 55     top1:  67.783  top5:  37.500
	
=> Training epoch # 56	
 * Finished epoch # 56     top1:  62.783  top5:  31.602
	
=> Training epoch # 57	
 * Finished epoch # 57     top1:  56.416  top5:  26.162
	
=> Training epoch # 58	
 * Finished epoch # 58     top1:  64.922  top5:  33.643
	
=> Training epoch # 59	
 * Finished epoch # 59     top1:  66.582  top5:  33.838
	
=> Training epoch # 60	
 * Finished epoch # 60     top1:  63.740  top5:  32.568
	
=> Training epoch # 61	
 * Finished epoch # 61     top1:  64.658  top5:  33.711
	
=> Training epoch # 62	
 * Finished epoch # 62     top1:  62.432  top5:  31.982
	
=> Training epoch # 63	
 * Finished epoch # 63     top1:  61.504  top5:  28.691
	
=> Training epoch # 64	
 * Finished epoch # 64     top1:  61.787  top5:  30.459
	
=> Training epoch # 65	
 * Finished epoch # 65     top1:  58.867  top5:  27.285
	
=> Training epoch # 66	
 * Finished epoch # 66     top1:  64.131  top5:  33.008
	
=> Training epoch # 67	
 * Finished epoch # 67     top1:  64.277  top5:  32.109
	
=> Training epoch # 68	
 * Finished epoch # 68     top1:  75.654  top5:  44.482
	
=> Training epoch # 69	
 * Finished epoch # 69     top1:  61.553  top5:  31.738
	
=> Training epoch # 70	
 * Finished epoch # 70     top1:  58.760  top5:  28.184
	
=> Training epoch # 71	
 * Finished epoch # 71     top1:  70.684  top5:  42.900
	
=> Training epoch # 72	
 * Finished epoch # 72     top1:  71.338  top5:  42.109
	
=> Training epoch # 73	
 * Finished epoch # 73     top1:  58.506  top5:  25.371
	
=> Training epoch # 74	
 * Finished epoch # 74     top1:  66.123  top5:  34.629
	
=> Training epoch # 75	
 * Finished epoch # 75     top1:  61.650  top5:  30.371
	
=> Training epoch # 76	
 * Finished epoch # 76     top1:  72.324  top5:  41.074
	
=> Training epoch # 77	
 * Finished epoch # 77     top1:  61.182  top5:  31.455
	
=> Training epoch # 78	
 * Finished epoch # 78     top1:  64.258  top5:  36.064
	
=> Training epoch # 79	
 * Finished epoch # 79     top1:  62.959  top5:  34.492
	
=> Training epoch # 80	
 * Finished epoch # 80     top1:  60.977  top5:  30.693
	
=> Training epoch # 81	
 * Finished epoch # 81     top1:  27.725  top5:   6.885
	
 * Best model 	27.724609375	6.884765625	
=> Training epoch # 82	
 * Finished epoch # 82     top1:  28.076  top5:   7.178
	
=> Training epoch # 83	
 * Finished epoch # 83     top1:  26.973  top5:   7.090
	
 * Best model 	26.97265625	7.08984375	
=> Training epoch # 84	
 * Finished epoch # 84     top1:  26.787  top5:   6.660
	
 * Best model 	26.787109375	6.66015625	
=> Training epoch # 85	
 * Finished epoch # 85     top1:  27.998  top5:   7.041
	
=> Training epoch # 86	
 * Finished epoch # 86     top1:  27.598  top5:   7.373
	
=> Training epoch # 87	
 * Finished epoch # 87     top1:  27.324  top5:   7.021
	
=> Training epoch # 88	
 * Finished epoch # 88     top1:  28.223  top5:   7.412
	
=> Training epoch # 89	
 * Finished epoch # 89     top1:  28.242  top5:   7.754
	
=> Training epoch # 90	
 * Finished epoch # 90     top1:  29.170  top5:   7.930
	
=> Training epoch # 91	
 * Finished epoch # 91     top1:  29.326  top5:   8.057
	
=> Training epoch # 92	
 * Finished epoch # 92     top1:  29.824  top5:   8.320
	
=> Training epoch # 93	
 * Finished epoch # 93     top1:  29.883  top5:   8.418
	
=> Training epoch # 94	
 * Finished epoch # 94     top1:  30.264  top5:   8.652
	
=> Training epoch # 95	
 * Finished epoch # 95     top1:  32.080  top5:   9.512
	
=> Training epoch # 96	
 * Finished epoch # 96     top1:  29.463  top5:   8.975
	
=> Training epoch # 97	
 * Finished epoch # 97     top1:  29.961  top5:   8.867
	
=> Training epoch # 98	
 * Finished epoch # 98     top1:  29.785  top5:   8.984
	
=> Training epoch # 99	
 * Finished epoch # 99     top1:  30.830  top5:   9.316
	
=> Training epoch # 100	
 * Finished epoch # 100     top1:  32.002  top5:   9.209
	
=> Training epoch # 101	
 * Finished epoch # 101     top1:  31.123  top5:   8.584
	
=> Training epoch # 102	
 * Finished epoch # 102     top1:  31.904  top5:   9.844
	
=> Training epoch # 103	
 * Finished epoch # 103     top1:  32.334  top5:   9.961
	
=> Training epoch # 104	
 * Finished epoch # 104     top1:  32.832  top5:  10.117
	
=> Training epoch # 105	
 * Finished epoch # 105     top1:  33.623  top5:  10.361
	
=> Training epoch # 106	
 * Finished epoch # 106     top1:  31.406  top5:   9.658
	
=> Training epoch # 107	
 * Finished epoch # 107     top1:  33.008  top5:  10.322
	
=> Training epoch # 108	
 * Finished epoch # 108     top1:  34.229  top5:  11.084
	
=> Training epoch # 109	
 * Finished epoch # 109     top1:  34.297  top5:  11.592
	
=> Training epoch # 110	
 * Finished epoch # 110     top1:  32.666  top5:  10.332
	
=> Training epoch # 111	
 * Finished epoch # 111     top1:  34.766  top5:  11.084
	
=> Training epoch # 112	
 * Finished epoch # 112     top1:  34.424  top5:  11.348
	
=> Training epoch # 113	
 * Finished epoch # 113     top1:  36.484  top5:  12.383
	
=> Training epoch # 114	
 * Finished epoch # 114     top1:  36.152  top5:  12.090
	
=> Training epoch # 115	
 * Finished epoch # 115     top1:  35.234  top5:  12.236
	
=> Training epoch # 116	
 * Finished epoch # 116     top1:  36.553  top5:  12.539
	
=> Training epoch # 117	
 * Finished epoch # 117     top1:  38.291  top5:  13.564
	
=> Training epoch # 118	
 * Finished epoch # 118     top1:  33.154  top5:  10.381
	
=> Training epoch # 119	
 * Finished epoch # 119     top1:  38.828  top5:  13.926
	
=> Training epoch # 120	
 * Finished epoch # 120     top1:  34.121  top5:  11.064
	
=> Training epoch # 121	
 * Finished epoch # 121     top1:  36.572  top5:  12.861
	
=> Training epoch # 122	
 * Finished epoch # 122     top1:  26.426  top5:   7.236
	
 * Best model 	26.42578125	7.236328125	
=> Training epoch # 123	
 * Finished epoch # 123     top1:  26.445  top5:   7.578
	
=> Training epoch # 124	
 * Finished epoch # 124     top1:  26.016  top5:   7.178
	
 * Best model 	26.015625	7.177734375	
=> Training epoch # 125	
 * Finished epoch # 125     top1:  26.211  top5:   7.549
	
=> Training epoch # 126	
 * Finished epoch # 126     top1:  26.084  top5:   7.402
	
=> Training epoch # 127	
 * Finished epoch # 127     top1:  26.133  top5:   7.207
	
=> Training epoch # 128	
 * Finished epoch # 128     top1:  26.152  top5:   7.266
	
=> Training epoch # 129	
 * Finished epoch # 129     top1:  26.016  top5:   7.188
	
=> Training epoch # 130	
 * Finished epoch # 130     top1:  26.719  top5:   7.383
	
=> Training epoch # 131	
 * Finished epoch # 131     top1:  26.338  top5:   7.148
	
=> Training epoch # 132	
 * Finished epoch # 132     top1:  26.240  top5:   7.236
	
=> Training epoch # 133	
 * Finished epoch # 133     top1:  26.562  top5:   7.432
	
=> Training epoch # 134	
 * Finished epoch # 134     top1:  26.611  top5:   7.686
	
=> Training epoch # 135	
 * Finished epoch # 135     top1:  25.791  top5:   7.412
	
 * Best model 	25.791015625	7.412109375	
=> Training epoch # 136	
 * Finished epoch # 136     top1:  26.416  top5:   7.334
	
=> Training epoch # 137	
 * Finished epoch # 137     top1:  26.396  top5:   7.598
	
=> Training epoch # 138	
 * Finished epoch # 138     top1:  26.680  top5:   7.305
	
=> Training epoch # 139	
 * Finished epoch # 139     top1:  26.387  top5:   7.432
	
=> Training epoch # 140	
 * Finished epoch # 140     top1:  25.908  top5:   7.432
	
=> Training epoch # 141	
 * Finished epoch # 141     top1:  26.416  top5:   7.256
	
=> Training epoch # 142	
 * Finished epoch # 142     top1:  25.791  top5:   7.412
	
=> Training epoch # 143	
 * Finished epoch # 143     top1:  26.357  top5:   7.773
	
=> Training epoch # 144	
 * Finished epoch # 144     top1:  26.455  top5:   7.412
	
=> Training epoch # 145	
 * Finished epoch # 145     top1:  26.631  top5:   7.422
	
=> Training epoch # 146	
 * Finished epoch # 146     top1:  26.348  top5:   7.236
	
=> Training epoch # 147	
 * Finished epoch # 147     top1:  25.830  top5:   7.285
	
=> Training epoch # 148	
 * Finished epoch # 148     top1:  26.074  top5:   7.246
	
=> Training epoch # 149	
 * Finished epoch # 149     top1:  26.455  top5:   7.393
	
=> Training epoch # 150	
 * Finished epoch # 150     top1:  26.230  top5:   7.236
	
=> Training epoch # 151	
 * Finished epoch # 151     top1:  26.045  top5:   7.520
	
=> Training epoch # 152	
 * Finished epoch # 152     top1:  26.113  top5:   7.178
	
=> Training epoch # 153	
 * Finished epoch # 153     top1:  25.957  top5:   7.305
	
=> Training epoch # 154	
 * Finished epoch # 154     top1:  26.406  top5:   7.188
	
=> Training epoch # 155	
 * Finished epoch # 155     top1:  26.074  top5:   7.461
	
=> Training epoch # 156	
 * Finished epoch # 156     top1:  25.781  top5:   7.275
	
 * Best model 	25.78125	7.275390625	
=> Training epoch # 157	
 * Finished epoch # 157     top1:  25.928  top5:   7.344
	
=> Training epoch # 158	
 * Finished epoch # 158     top1:  25.635  top5:   7.383
	
 * Best model 	25.634765625	7.3828125	
=> Training epoch # 159	
 * Finished epoch # 159     top1:  25.957  top5:   7.412
	
=> Training epoch # 160	
 * Finished epoch # 160     top1:  26.074  top5:   7.285
	
=> Training epoch # 161	
 * Finished epoch # 161     top1:  25.996  top5:   7.373
	
=> Training epoch # 162	
 * Finished epoch # 162     top1:  26.309  top5:   7.646
	
=> Training epoch # 163	
 * Finished epoch # 163     top1:  26.348  top5:   7.500
	
=> Training epoch # 164	
 * Finished epoch # 164     top1:  25.908  top5:   7.236
	
=> Training epoch # 165	
 * Finished epoch # 165     top1:  25.918  top5:   7.705
	
=> Training epoch # 166	
 * Finished epoch # 166     top1:  26.729  top5:   8.145
	
=> Training epoch # 167	
 * Finished epoch # 167     top1:  26.367  top5:   7.451
	
=> Training epoch # 168	
 * Finished epoch # 168     top1:  25.889  top5:   7.666
	
=> Training epoch # 169	
 * Finished epoch # 169     top1:  26.895  top5:   7.725
	
=> Training epoch # 170	
 * Finished epoch # 170     top1:  26.104  top5:   7.354
	
=> Training epoch # 171	
 * Finished epoch # 171     top1:  26.279  top5:   7.764
	
=> Training epoch # 172	
 * Finished epoch # 172     top1:  26.348  top5:   7.646
	
=> Training epoch # 173	
 * Finished epoch # 173     top1:  26.025  top5:   7.314
	
=> Training epoch # 174	
 * Finished epoch # 174     top1:  25.967  top5:   7.490
	
=> Training epoch # 175	
 * Finished epoch # 175     top1:  26.494  top5:   7.695
	
=> Training epoch # 176	
 * Finished epoch # 176     top1:  25.830  top5:   7.559
	
=> Training epoch # 177	
 * Finished epoch # 177     top1:  25.625  top5:   7.402
	
 * Best model 	25.625	7.40234375	
=> Training epoch # 178	
 * Finished epoch # 178     top1:  25.635  top5:   7.393
	
=> Training epoch # 179	
 * Finished epoch # 179     top1:  25.928  top5:   7.881
	
=> Training epoch # 180	
 * Finished epoch # 180     top1:  25.596  top5:   7.451
	
 * Best model 	25.595703125	7.451171875	
=> Training epoch # 181	
 * Finished epoch # 181     top1:  26.289  top5:   7.773
	
=> Training epoch # 182	
 * Finished epoch # 182     top1:  25.820  top5:   7.480
	
=> Training epoch # 183	
 * Finished epoch # 183     top1:  25.693  top5:   7.461
	
=> Training epoch # 184	
 * Finished epoch # 184     top1:  26.025  top5:   7.383
	
=> Training epoch # 185	
 * Finished epoch # 185     top1:  25.742  top5:   7.471
	
=> Training epoch # 186	
 * Finished epoch # 186     top1:  26.514  top5:   7.900
	
=> Training epoch # 187	
 * Finished epoch # 187     top1:  26.006  top5:   7.656
	
=> Training epoch # 188	
 * Finished epoch # 188     top1:  26.123  top5:   7.676
	
=> Training epoch # 189	
 * Finished epoch # 189     top1:  26.123  top5:   7.812
	
=> Training epoch # 190	
 * Finished epoch # 190     top1:  26.035  top5:   7.412
	
=> Training epoch # 191	
 * Finished epoch # 191     top1:  26.172  top5:   7.754
	
=> Training epoch # 192	
 * Finished epoch # 192     top1:  25.850  top5:   7.549
	
=> Training epoch # 193	
 * Finished epoch # 193     top1:  26.592  top5:   8.203
	
=> Training epoch # 194	
 * Finished epoch # 194     top1:  25.645  top5:   7.295
	
=> Training epoch # 195	
 * Finished epoch # 195     top1:  26.045  top5:   7.354
	
=> Training epoch # 196	
 * Finished epoch # 196     top1:  26.387  top5:   7.822
	
=> Training epoch # 197	
 * Finished epoch # 197     top1:  25.986  top5:   7.422
	
=> Training epoch # 198	
 * Finished epoch # 198     top1:  25.508  top5:   7.549
	
 * Best model 	25.5078125	7.548828125	
=> Training epoch # 199	
 * Finished epoch # 199     top1:  25.938  top5:   7.803
	
=> Training epoch # 200	
 * Finished epoch # 200     top1:  25.850  top5:   7.988
	
 * Finished top1: 25.508  top5:  7.549	
