{
  cudnn : "fastest"
  LR : 0.1
  nThreads : 2
  nClasses : 0
  batchSize : 256
  testOnly : false
  netType : "resnet"
  resetClassifier : false
  shortcutType : "A"
  gen : "gen"
  nGPU : 1
  depth : 110
  weightDecay : 0.001
  data : ""
  dataset : "cifar10"
  epochNumber : 1
  manualSeed : 2
  resume : "results/results-elu/try3/cifar10/110"
  optimState : "none"
  nEpochs : 200
  tenCrop : false
  shareGradInput : false
  backend : "cudnn"
  momentum : 0.9
  retrain : "none"
}
=> Creating model from file: models/resnet.lua	
 | ResNet-110 CIFAR-10	
nn.Sequential {
  [input -> (1) -> (2) -> (3) -> (4) -> (5) -> (6) -> (7) -> (8) -> (9) -> output]
  (1): cudnn.SpatialConvolution(3 -> 16, 3x3, 1,1, 1,1) without bias
  (2): nn.ELU (alpha:1.000000)
  (3): nn.Sequential {
    [input -> (1) -> (2) -> (3) -> (4) -> (5) -> (6) -> (7) -> (8) -> (9) -> (10) -> (11) -> (12) -> (13) -> (14) -> (15) -> (16) -> (17) -> (18) -> output]
    (1): nn.Sequential {
      [input -> (1) -> (2) -> output]
      (1): nn.ConcatTable {
        input
          |`-> (1): nn.Sequential {
          |      [input -> (1) -> (2) -> (3) -> (4) -> output]
          |      (1): cudnn.SpatialConvolution(16 -> 16, 3x3, 1,1, 1,1) without bias
          |      (2): nn.ELU (alpha:1.000000)
          |      (3): cudnn.SpatialConvolution(16 -> 16, 3x3, 1,1, 1,1) without bias
          |      (4): nn.SpatialBatchNormalization (4D) (16)
          |    }
           `-> (2): nn.Identity
           ... -> output
      }
      (2): nn.CAddTable
    }
    (2): nn.Sequential {
      [input -> (1) -> (2) -> output]
      (1): nn.ConcatTable {
        input
          |`-> (1): nn.Sequential {
          |      [input -> (1) -> (2) -> (3) -> (4) -> output]
          |      (1): cudnn.SpatialConvolution(16 -> 16, 3x3, 1,1, 1,1) without bias
          |      (2): nn.ELU (alpha:1.000000)
          |      (3): cudnn.SpatialConvolution(16 -> 16, 3x3, 1,1, 1,1) without bias
          |      (4): nn.SpatialBatchNormalization (4D) (16)
          |    }
           `-> (2): nn.Identity
           ... -> output
      }
      (2): nn.CAddTable
    }
    (3): nn.Sequential {
      [input -> (1) -> (2) -> output]
      (1): nn.ConcatTable {
        input
          |`-> (1): nn.Sequential {
          |      [input -> (1) -> (2) -> (3) -> (4) -> output]
          |      (1): cudnn.SpatialConvolution(16 -> 16, 3x3, 1,1, 1,1) without bias
          |      (2): nn.ELU (alpha:1.000000)
          |      (3): cudnn.SpatialConvolution(16 -> 16, 3x3, 1,1, 1,1) without bias
          |      (4): nn.SpatialBatchNormalization (4D) (16)
          |    }
           `-> (2): nn.Identity
           ... -> output
      }
      (2): nn.CAddTable
    }
    (4): nn.Sequential {
      [input -> (1) -> (2) -> output]
      (1): nn.ConcatTable {
        input
          |`-> (1): nn.Sequential {
          |      [input -> (1) -> (2) -> (3) -> (4) -> output]
          |      (1): cudnn.SpatialConvolution(16 -> 16, 3x3, 1,1, 1,1) without bias
          |      (2): nn.ELU (alpha:1.000000)
          |      (3): cudnn.SpatialConvolution(16 -> 16, 3x3, 1,1, 1,1) without bias
          |      (4): nn.SpatialBatchNormalization (4D) (16)
          |    }
           `-> (2): nn.Identity
           ... -> output
      }
      (2): nn.CAddTable
    }
    (5): nn.Sequential {
      [input -> (1) -> (2) -> output]
      (1): nn.ConcatTable {
        input
          |`-> (1): nn.Sequential {
          |      [input -> (1) -> (2) -> (3) -> (4) -> output]
          |      (1): cudnn.SpatialConvolution(16 -> 16, 3x3, 1,1, 1,1) without bias
          |      (2): nn.ELU (alpha:1.000000)
          |      (3): cudnn.SpatialConvolution(16 -> 16, 3x3, 1,1, 1,1) without bias
          |      (4): nn.SpatialBatchNormalization (4D) (16)
          |    }
           `-> (2): nn.Identity
           ... -> output
      }
      (2): nn.CAddTable
    }
    (6): nn.Sequential {
      [input -> (1) -> (2) -> output]
      (1): nn.ConcatTable {
        input
          |`-> (1): nn.Sequential {
          |      [input -> (1) -> (2) -> (3) -> (4) -> output]
          |      (1): cudnn.SpatialConvolution(16 -> 16, 3x3, 1,1, 1,1) without bias
          |      (2): nn.ELU (alpha:1.000000)
          |      (3): cudnn.SpatialConvolution(16 -> 16, 3x3, 1,1, 1,1) without bias
          |      (4): nn.SpatialBatchNormalization (4D) (16)
          |    }
           `-> (2): nn.Identity
           ... -> output
      }
      (2): nn.CAddTable
    }
    (7): nn.Sequential {
      [input -> (1) -> (2) -> output]
      (1): nn.ConcatTable {
        input
          |`-> (1): nn.Sequential {
          |      [input -> (1) -> (2) -> (3) -> (4) -> output]
          |      (1): cudnn.SpatialConvolution(16 -> 16, 3x3, 1,1, 1,1) without bias
          |      (2): nn.ELU (alpha:1.000000)
          |      (3): cudnn.SpatialConvolution(16 -> 16, 3x3, 1,1, 1,1) without bias
          |      (4): nn.SpatialBatchNormalization (4D) (16)
          |    }
           `-> (2): nn.Identity
           ... -> output
      }
      (2): nn.CAddTable
    }
    (8): nn.Sequential {
      [input -> (1) -> (2) -> output]
      (1): nn.ConcatTable {
        input
          |`-> (1): nn.Sequential {
          |      [input -> (1) -> (2) -> (3) -> (4) -> output]
          |      (1): cudnn.SpatialConvolution(16 -> 16, 3x3, 1,1, 1,1) without bias
          |      (2): nn.ELU (alpha:1.000000)
          |      (3): cudnn.SpatialConvolution(16 -> 16, 3x3, 1,1, 1,1) without bias
          |      (4): nn.SpatialBatchNormalization (4D) (16)
          |    }
           `-> (2): nn.Identity
           ... -> output
      }
      (2): nn.CAddTable
    }
    (9): nn.Sequential {
      [input -> (1) -> (2) -> output]
      (1): nn.ConcatTable {
        input
          |`-> (1): nn.Sequential {
          |      [input -> (1) -> (2) -> (3) -> (4) -> output]
          |      (1): cudnn.SpatialConvolution(16 -> 16, 3x3, 1,1, 1,1) without bias
          |      (2): nn.ELU (alpha:1.000000)
          |      (3): cudnn.SpatialConvolution(16 -> 16, 3x3, 1,1, 1,1) without bias
          |      (4): nn.SpatialBatchNormalization (4D) (16)
          |    }
           `-> (2): nn.Identity
           ... -> output
      }
      (2): nn.CAddTable
    }
    (10): nn.Sequential {
      [input -> (1) -> (2) -> output]
      (1): nn.ConcatTable {
        input
          |`-> (1): nn.Sequential {
          |      [input -> (1) -> (2) -> (3) -> (4) -> output]
          |      (1): cudnn.SpatialConvolution(16 -> 16, 3x3, 1,1, 1,1) without bias
          |      (2): nn.ELU (alpha:1.000000)
          |      (3): cudnn.SpatialConvolution(16 -> 16, 3x3, 1,1, 1,1) without bias
          |      (4): nn.SpatialBatchNormalization (4D) (16)
          |    }
           `-> (2): nn.Identity
           ... -> output
      }
      (2): nn.CAddTable
    }
    (11): nn.Sequential {
      [input -> (1) -> (2) -> output]
      (1): nn.ConcatTable {
        input
          |`-> (1): nn.Sequential {
          |      [input -> (1) -> (2) -> (3) -> (4) -> output]
          |      (1): cudnn.SpatialConvolution(16 -> 16, 3x3, 1,1, 1,1) without bias
          |      (2): nn.ELU (alpha:1.000000)
          |      (3): cudnn.SpatialConvolution(16 -> 16, 3x3, 1,1, 1,1) without bias
          |      (4): nn.SpatialBatchNormalization (4D) (16)
          |    }
           `-> (2): nn.Identity
           ... -> output
      }
      (2): nn.CAddTable
    }
    (12): nn.Sequential {
      [input -> (1) -> (2) -> output]
      (1): nn.ConcatTable {
        input
          |`-> (1): nn.Sequential {
          |      [input -> (1) -> (2) -> (3) -> (4) -> output]
          |      (1): cudnn.SpatialConvolution(16 -> 16, 3x3, 1,1, 1,1) without bias
          |      (2): nn.ELU (alpha:1.000000)
          |      (3): cudnn.SpatialConvolution(16 -> 16, 3x3, 1,1, 1,1) without bias
          |      (4): nn.SpatialBatchNormalization (4D) (16)
          |    }
           `-> (2): nn.Identity
           ... -> output
      }
      (2): nn.CAddTable
    }
    (13): nn.Sequential {
      [input -> (1) -> (2) -> output]
      (1): nn.ConcatTable {
        input
          |`-> (1): nn.Sequential {
          |      [input -> (1) -> (2) -> (3) -> (4) -> output]
          |      (1): cudnn.SpatialConvolution(16 -> 16, 3x3, 1,1, 1,1) without bias
          |      (2): nn.ELU (alpha:1.000000)
          |      (3): cudnn.SpatialConvolution(16 -> 16, 3x3, 1,1, 1,1) without bias
          |      (4): nn.SpatialBatchNormalization (4D) (16)
          |    }
           `-> (2): nn.Identity
           ... -> output
      }
      (2): nn.CAddTable
    }
    (14): nn.Sequential {
      [input -> (1) -> (2) -> output]
      (1): nn.ConcatTable {
        input
          |`-> (1): nn.Sequential {
          |      [input -> (1) -> (2) -> (3) -> (4) -> output]
          |      (1): cudnn.SpatialConvolution(16 -> 16, 3x3, 1,1, 1,1) without bias
          |      (2): nn.ELU (alpha:1.000000)
          |      (3): cudnn.SpatialConvolution(16 -> 16, 3x3, 1,1, 1,1) without bias
          |      (4): nn.SpatialBatchNormalization (4D) (16)
          |    }
           `-> (2): nn.Identity
           ... -> output
      }
      (2): nn.CAddTable
    }
    (15): nn.Sequential {
      [input -> (1) -> (2) -> output]
      (1): nn.ConcatTable {
        input
          |`-> (1): nn.Sequential {
          |      [input -> (1) -> (2) -> (3) -> (4) -> output]
          |      (1): cudnn.SpatialConvolution(16 -> 16, 3x3, 1,1, 1,1) without bias
          |      (2): nn.ELU (alpha:1.000000)
          |      (3): cudnn.SpatialConvolution(16 -> 16, 3x3, 1,1, 1,1) without bias
          |      (4): nn.SpatialBatchNormalization (4D) (16)
          |    }
           `-> (2): nn.Identity
           ... -> output
      }
      (2): nn.CAddTable
    }
    (16): nn.Sequential {
      [input -> (1) -> (2) -> output]
      (1): nn.ConcatTable {
        input
          |`-> (1): nn.Sequential {
          |      [input -> (1) -> (2) -> (3) -> (4) -> output]
          |      (1): cudnn.SpatialConvolution(16 -> 16, 3x3, 1,1, 1,1) without bias
          |      (2): nn.ELU (alpha:1.000000)
          |      (3): cudnn.SpatialConvolution(16 -> 16, 3x3, 1,1, 1,1) without bias
          |      (4): nn.SpatialBatchNormalization (4D) (16)
          |    }
           `-> (2): nn.Identity
           ... -> output
      }
      (2): nn.CAddTable
    }
    (17): nn.Sequential {
      [input -> (1) -> (2) -> output]
      (1): nn.ConcatTable {
        input
          |`-> (1): nn.Sequential {
          |      [input -> (1) -> (2) -> (3) -> (4) -> output]
          |      (1): cudnn.SpatialConvolution(16 -> 16, 3x3, 1,1, 1,1) without bias
          |      (2): nn.ELU (alpha:1.000000)
          |      (3): cudnn.SpatialConvolution(16 -> 16, 3x3, 1,1, 1,1) without bias
          |      (4): nn.SpatialBatchNormalization (4D) (16)
          |    }
           `-> (2): nn.Identity
           ... -> output
      }
      (2): nn.CAddTable
    }
    (18): nn.Sequential {
      [input -> (1) -> (2) -> output]
      (1): nn.ConcatTable {
        input
          |`-> (1): nn.Sequential {
          |      [input -> (1) -> (2) -> (3) -> (4) -> output]
          |      (1): cudnn.SpatialConvolution(16 -> 16, 3x3, 1,1, 1,1) without bias
          |      (2): nn.ELU (alpha:1.000000)
          |      (3): cudnn.SpatialConvolution(16 -> 16, 3x3, 1,1, 1,1) without bias
          |      (4): nn.SpatialBatchNormalization (4D) (16)
          |    }
           `-> (2): nn.Identity
           ... -> output
      }
      (2): nn.CAddTable
    }
  }
  (4): nn.Sequential {
    [input -> (1) -> (2) -> (3) -> (4) -> (5) -> (6) -> (7) -> (8) -> (9) -> (10) -> (11) -> (12) -> (13) -> (14) -> (15) -> (16) -> (17) -> (18) -> output]
    (1): nn.Sequential {
      [input -> (1) -> (2) -> output]
      (1): nn.ConcatTable {
        input
          |`-> (1): nn.Sequential {
          |      [input -> (1) -> (2) -> (3) -> (4) -> output]
          |      (1): cudnn.SpatialConvolution(16 -> 32, 3x3, 2,2, 1,1) without bias
          |      (2): nn.ELU (alpha:1.000000)
          |      (3): cudnn.SpatialConvolution(32 -> 32, 3x3, 1,1, 1,1) without bias
          |      (4): nn.SpatialBatchNormalization (4D) (32)
          |    }
           `-> (2): nn.Sequential {
                 [input -> (1) -> (2) -> output]
                 (1): nn.SpatialAveragePooling(1x1, 2,2)
                 (2): nn.Concat {
                   input
                     |`-> (1): nn.Identity
                      `-> (2): nn.MulConstant
                      ... -> output
                 }
               }
           ... -> output
      }
      (2): nn.CAddTable
    }
    (2): nn.Sequential {
      [input -> (1) -> (2) -> output]
      (1): nn.ConcatTable {
        input
          |`-> (1): nn.Sequential {
          |      [input -> (1) -> (2) -> (3) -> (4) -> output]
          |      (1): cudnn.SpatialConvolution(32 -> 32, 3x3, 1,1, 1,1) without bias
          |      (2): nn.ELU (alpha:1.000000)
          |      (3): cudnn.SpatialConvolution(32 -> 32, 3x3, 1,1, 1,1) without bias
          |      (4): nn.SpatialBatchNormalization (4D) (32)
          |    }
           `-> (2): nn.Identity
           ... -> output
      }
      (2): nn.CAddTable
    }
    (3): nn.Sequential {
      [input -> (1) -> (2) -> output]
      (1): nn.ConcatTable {
        input
          |`-> (1): nn.Sequential {
          |      [input -> (1) -> (2) -> (3) -> (4) -> output]
          |      (1): cudnn.SpatialConvolution(32 -> 32, 3x3, 1,1, 1,1) without bias
          |      (2): nn.ELU (alpha:1.000000)
          |      (3): cudnn.SpatialConvolution(32 -> 32, 3x3, 1,1, 1,1) without bias
          |      (4): nn.SpatialBatchNormalization (4D) (32)
          |    }
           `-> (2): nn.Identity
           ... -> output
      }
      (2): nn.CAddTable
    }
    (4): nn.Sequential {
      [input -> (1) -> (2) -> output]
      (1): nn.ConcatTable {
        input
          |`-> (1): nn.Sequential {
          |      [input -> (1) -> (2) -> (3) -> (4) -> output]
          |      (1): cudnn.SpatialConvolution(32 -> 32, 3x3, 1,1, 1,1) without bias
          |      (2): nn.ELU (alpha:1.000000)
          |      (3): cudnn.SpatialConvolution(32 -> 32, 3x3, 1,1, 1,1) without bias
          |      (4): nn.SpatialBatchNormalization (4D) (32)
          |    }
           `-> (2): nn.Identity
           ... -> output
      }
      (2): nn.CAddTable
    }
    (5): nn.Sequential {
      [input -> (1) -> (2) -> output]
      (1): nn.ConcatTable {
        input
          |`-> (1): nn.Sequential {
          |      [input -> (1) -> (2) -> (3) -> (4) -> output]
          |      (1): cudnn.SpatialConvolution(32 -> 32, 3x3, 1,1, 1,1) without bias
          |      (2): nn.ELU (alpha:1.000000)
          |      (3): cudnn.SpatialConvolution(32 -> 32, 3x3, 1,1, 1,1) without bias
          |      (4): nn.SpatialBatchNormalization (4D) (32)
          |    }
           `-> (2): nn.Identity
           ... -> output
      }
      (2): nn.CAddTable
    }
    (6): nn.Sequential {
      [input -> (1) -> (2) -> output]
      (1): nn.ConcatTable {
        input
          |`-> (1): nn.Sequential {
          |      [input -> (1) -> (2) -> (3) -> (4) -> output]
          |      (1): cudnn.SpatialConvolution(32 -> 32, 3x3, 1,1, 1,1) without bias
          |      (2): nn.ELU (alpha:1.000000)
          |      (3): cudnn.SpatialConvolution(32 -> 32, 3x3, 1,1, 1,1) without bias
          |      (4): nn.SpatialBatchNormalization (4D) (32)
          |    }
           `-> (2): nn.Identity
           ... -> output
      }
      (2): nn.CAddTable
    }
    (7): nn.Sequential {
      [input -> (1) -> (2) -> output]
      (1): nn.ConcatTable {
        input
          |`-> (1): nn.Sequential {
          |      [input -> (1) -> (2) -> (3) -> (4) -> output]
          |      (1): cudnn.SpatialConvolution(32 -> 32, 3x3, 1,1, 1,1) without bias
          |      (2): nn.ELU (alpha:1.000000)
          |      (3): cudnn.SpatialConvolution(32 -> 32, 3x3, 1,1, 1,1) without bias
          |      (4): nn.SpatialBatchNormalization (4D) (32)
          |    }
           `-> (2): nn.Identity
           ... -> output
      }
      (2): nn.CAddTable
    }
    (8): nn.Sequential {
      [input -> (1) -> (2) -> output]
      (1): nn.ConcatTable {
        input
          |`-> (1): nn.Sequential {
          |      [input -> (1) -> (2) -> (3) -> (4) -> output]
          |      (1): cudnn.SpatialConvolution(32 -> 32, 3x3, 1,1, 1,1) without bias
          |      (2): nn.ELU (alpha:1.000000)
          |      (3): cudnn.SpatialConvolution(32 -> 32, 3x3, 1,1, 1,1) without bias
          |      (4): nn.SpatialBatchNormalization (4D) (32)
          |    }
           `-> (2): nn.Identity
           ... -> output
      }
      (2): nn.CAddTable
    }
    (9): nn.Sequential {
      [input -> (1) -> (2) -> output]
      (1): nn.ConcatTable {
        input
          |`-> (1): nn.Sequential {
          |      [input -> (1) -> (2) -> (3) -> (4) -> output]
          |      (1): cudnn.SpatialConvolution(32 -> 32, 3x3, 1,1, 1,1) without bias
          |      (2): nn.ELU (alpha:1.000000)
          |      (3): cudnn.SpatialConvolution(32 -> 32, 3x3, 1,1, 1,1) without bias
          |      (4): nn.SpatialBatchNormalization (4D) (32)
          |    }
           `-> (2): nn.Identity
           ... -> output
      }
      (2): nn.CAddTable
    }
    (10): nn.Sequential {
      [input -> (1) -> (2) -> output]
      (1): nn.ConcatTable {
        input
          |`-> (1): nn.Sequential {
          |      [input -> (1) -> (2) -> (3) -> (4) -> output]
          |      (1): cudnn.SpatialConvolution(32 -> 32, 3x3, 1,1, 1,1) without bias
          |      (2): nn.ELU (alpha:1.000000)
          |      (3): cudnn.SpatialConvolution(32 -> 32, 3x3, 1,1, 1,1) without bias
          |      (4): nn.SpatialBatchNormalization (4D) (32)
          |    }
           `-> (2): nn.Identity
           ... -> output
      }
      (2): nn.CAddTable
    }
    (11): nn.Sequential {
      [input -> (1) -> (2) -> output]
      (1): nn.ConcatTable {
        input
          |`-> (1): nn.Sequential {
          |      [input -> (1) -> (2) -> (3) -> (4) -> output]
          |      (1): cudnn.SpatialConvolution(32 -> 32, 3x3, 1,1, 1,1) without bias
          |      (2): nn.ELU (alpha:1.000000)
          |      (3): cudnn.SpatialConvolution(32 -> 32, 3x3, 1,1, 1,1) without bias
          |      (4): nn.SpatialBatchNormalization (4D) (32)
          |    }
           `-> (2): nn.Identity
           ... -> output
      }
      (2): nn.CAddTable
    }
    (12): nn.Sequential {
      [input -> (1) -> (2) -> output]
      (1): nn.ConcatTable {
        input
          |`-> (1): nn.Sequential {
          |      [input -> (1) -> (2) -> (3) -> (4) -> output]
          |      (1): cudnn.SpatialConvolution(32 -> 32, 3x3, 1,1, 1,1) without bias
          |      (2): nn.ELU (alpha:1.000000)
          |      (3): cudnn.SpatialConvolution(32 -> 32, 3x3, 1,1, 1,1) without bias
          |      (4): nn.SpatialBatchNormalization (4D) (32)
          |    }
           `-> (2): nn.Identity
           ... -> output
      }
      (2): nn.CAddTable
    }
    (13): nn.Sequential {
      [input -> (1) -> (2) -> output]
      (1): nn.ConcatTable {
        input
          |`-> (1): nn.Sequential {
          |      [input -> (1) -> (2) -> (3) -> (4) -> output]
          |      (1): cudnn.SpatialConvolution(32 -> 32, 3x3, 1,1, 1,1) without bias
          |      (2): nn.ELU (alpha:1.000000)
          |      (3): cudnn.SpatialConvolution(32 -> 32, 3x3, 1,1, 1,1) without bias
          |      (4): nn.SpatialBatchNormalization (4D) (32)
          |    }
           `-> (2): nn.Identity
           ... -> output
      }
      (2): nn.CAddTable
    }
    (14): nn.Sequential {
      [input -> (1) -> (2) -> output]
      (1): nn.ConcatTable {
        input
          |`-> (1): nn.Sequential {
          |      [input -> (1) -> (2) -> (3) -> (4) -> output]
          |      (1): cudnn.SpatialConvolution(32 -> 32, 3x3, 1,1, 1,1) without bias
          |      (2): nn.ELU (alpha:1.000000)
          |      (3): cudnn.SpatialConvolution(32 -> 32, 3x3, 1,1, 1,1) without bias
          |      (4): nn.SpatialBatchNormalization (4D) (32)
          |    }
           `-> (2): nn.Identity
           ... -> output
      }
      (2): nn.CAddTable
    }
    (15): nn.Sequential {
      [input -> (1) -> (2) -> output]
      (1): nn.ConcatTable {
        input
          |`-> (1): nn.Sequential {
          |      [input -> (1) -> (2) -> (3) -> (4) -> output]
          |      (1): cudnn.SpatialConvolution(32 -> 32, 3x3, 1,1, 1,1) without bias
          |      (2): nn.ELU (alpha:1.000000)
          |      (3): cudnn.SpatialConvolution(32 -> 32, 3x3, 1,1, 1,1) without bias
          |      (4): nn.SpatialBatchNormalization (4D) (32)
          |    }
           `-> (2): nn.Identity
           ... -> output
      }
      (2): nn.CAddTable
    }
    (16): nn.Sequential {
      [input -> (1) -> (2) -> output]
      (1): nn.ConcatTable {
        input
          |`-> (1): nn.Sequential {
          |      [input -> (1) -> (2) -> (3) -> (4) -> output]
          |      (1): cudnn.SpatialConvolution(32 -> 32, 3x3, 1,1, 1,1) without bias
          |      (2): nn.ELU (alpha:1.000000)
          |      (3): cudnn.SpatialConvolution(32 -> 32, 3x3, 1,1, 1,1) without bias
          |      (4): nn.SpatialBatchNormalization (4D) (32)
          |    }
           `-> (2): nn.Identity
           ... -> output
      }
      (2): nn.CAddTable
    }
    (17): nn.Sequential {
      [input -> (1) -> (2) -> output]
      (1): nn.ConcatTable {
        input
          |`-> (1): nn.Sequential {
          |      [input -> (1) -> (2) -> (3) -> (4) -> output]
          |      (1): cudnn.SpatialConvolution(32 -> 32, 3x3, 1,1, 1,1) without bias
          |      (2): nn.ELU (alpha:1.000000)
          |      (3): cudnn.SpatialConvolution(32 -> 32, 3x3, 1,1, 1,1) without bias
          |      (4): nn.SpatialBatchNormalization (4D) (32)
          |    }
           `-> (2): nn.Identity
           ... -> output
      }
      (2): nn.CAddTable
    }
    (18): nn.Sequential {
      [input -> (1) -> (2) -> output]
      (1): nn.ConcatTable {
        input
          |`-> (1): nn.Sequential {
          |      [input -> (1) -> (2) -> (3) -> (4) -> output]
          |      (1): cudnn.SpatialConvolution(32 -> 32, 3x3, 1,1, 1,1) without bias
          |      (2): nn.ELU (alpha:1.000000)
          |      (3): cudnn.SpatialConvolution(32 -> 32, 3x3, 1,1, 1,1) without bias
          |      (4): nn.SpatialBatchNormalization (4D) (32)
          |    }
           `-> (2): nn.Identity
           ... -> output
      }
      (2): nn.CAddTable
    }
  }
  (5): nn.Sequential {
    [input -> (1) -> (2) -> (3) -> (4) -> (5) -> (6) -> (7) -> (8) -> (9) -> (10) -> (11) -> (12) -> (13) -> (14) -> (15) -> (16) -> (17) -> (18) -> output]
    (1): nn.Sequential {
      [input -> (1) -> (2) -> output]
      (1): nn.ConcatTable {
        input
          |`-> (1): nn.Sequential {
          |      [input -> (1) -> (2) -> (3) -> (4) -> output]
          |      (1): cudnn.SpatialConvolution(32 -> 64, 3x3, 2,2, 1,1) without bias
          |      (2): nn.ELU (alpha:1.000000)
          |      (3): cudnn.SpatialConvolution(64 -> 64, 3x3, 1,1, 1,1) without bias
          |      (4): nn.SpatialBatchNormalization (4D) (64)
          |    }
           `-> (2): nn.Sequential {
                 [input -> (1) -> (2) -> output]
                 (1): nn.SpatialAveragePooling(1x1, 2,2)
                 (2): nn.Concat {
                   input
                     |`-> (1): nn.Identity
                      `-> (2): nn.MulConstant
                      ... -> output
                 }
               }
           ... -> output
      }
      (2): nn.CAddTable
    }
    (2): nn.Sequential {
      [input -> (1) -> (2) -> output]
      (1): nn.ConcatTable {
        input
          |`-> (1): nn.Sequential {
          |      [input -> (1) -> (2) -> (3) -> (4) -> output]
          |      (1): cudnn.SpatialConvolution(64 -> 64, 3x3, 1,1, 1,1) without bias
          |      (2): nn.ELU (alpha:1.000000)
          |      (3): cudnn.SpatialConvolution(64 -> 64, 3x3, 1,1, 1,1) without bias
          |      (4): nn.SpatialBatchNormalization (4D) (64)
          |    }
           `-> (2): nn.Identity
           ... -> output
      }
      (2): nn.CAddTable
    }
    (3): nn.Sequential {
      [input -> (1) -> (2) -> output]
      (1): nn.ConcatTable {
        input
          |`-> (1): nn.Sequential {
          |      [input -> (1) -> (2) -> (3) -> (4) -> output]
          |      (1): cudnn.SpatialConvolution(64 -> 64, 3x3, 1,1, 1,1) without bias
          |      (2): nn.ELU (alpha:1.000000)
          |      (3): cudnn.SpatialConvolution(64 -> 64, 3x3, 1,1, 1,1) without bias
          |      (4): nn.SpatialBatchNormalization (4D) (64)
          |    }
           `-> (2): nn.Identity
           ... -> output
      }
      (2): nn.CAddTable
    }
    (4): nn.Sequential {
      [input -> (1) -> (2) -> output]
      (1): nn.ConcatTable {
        input
          |`-> (1): nn.Sequential {
          |      [input -> (1) -> (2) -> (3) -> (4) -> output]
          |      (1): cudnn.SpatialConvolution(64 -> 64, 3x3, 1,1, 1,1) without bias
          |      (2): nn.ELU (alpha:1.000000)
          |      (3): cudnn.SpatialConvolution(64 -> 64, 3x3, 1,1, 1,1) without bias
          |      (4): nn.SpatialBatchNormalization (4D) (64)
          |    }
           `-> (2): nn.Identity
           ... -> output
      }
      (2): nn.CAddTable
    }
    (5): nn.Sequential {
      [input -> (1) -> (2) -> output]
      (1): nn.ConcatTable {
        input
          |`-> (1): nn.Sequential {
          |      [input -> (1) -> (2) -> (3) -> (4) -> output]
          |      (1): cudnn.SpatialConvolution(64 -> 64, 3x3, 1,1, 1,1) without bias
          |      (2): nn.ELU (alpha:1.000000)
          |      (3): cudnn.SpatialConvolution(64 -> 64, 3x3, 1,1, 1,1) without bias
          |      (4): nn.SpatialBatchNormalization (4D) (64)
          |    }
           `-> (2): nn.Identity
           ... -> output
      }
      (2): nn.CAddTable
    }
    (6): nn.Sequential {
      [input -> (1) -> (2) -> output]
      (1): nn.ConcatTable {
        input
          |`-> (1): nn.Sequential {
          |      [input -> (1) -> (2) -> (3) -> (4) -> output]
          |      (1): cudnn.SpatialConvolution(64 -> 64, 3x3, 1,1, 1,1) without bias
          |      (2): nn.ELU (alpha:1.000000)
          |      (3): cudnn.SpatialConvolution(64 -> 64, 3x3, 1,1, 1,1) without bias
          |      (4): nn.SpatialBatchNormalization (4D) (64)
          |    }
           `-> (2): nn.Identity
           ... -> output
      }
      (2): nn.CAddTable
    }
    (7): nn.Sequential {
      [input -> (1) -> (2) -> output]
      (1): nn.ConcatTable {
        input
          |`-> (1): nn.Sequential {
          |      [input -> (1) -> (2) -> (3) -> (4) -> output]
          |      (1): cudnn.SpatialConvolution(64 -> 64, 3x3, 1,1, 1,1) without bias
          |      (2): nn.ELU (alpha:1.000000)
          |      (3): cudnn.SpatialConvolution(64 -> 64, 3x3, 1,1, 1,1) without bias
          |      (4): nn.SpatialBatchNormalization (4D) (64)
          |    }
           `-> (2): nn.Identity
           ... -> output
      }
      (2): nn.CAddTable
    }
    (8): nn.Sequential {
      [input -> (1) -> (2) -> output]
      (1): nn.ConcatTable {
        input
          |`-> (1): nn.Sequential {
          |      [input -> (1) -> (2) -> (3) -> (4) -> output]
          |      (1): cudnn.SpatialConvolution(64 -> 64, 3x3, 1,1, 1,1) without bias
          |      (2): nn.ELU (alpha:1.000000)
          |      (3): cudnn.SpatialConvolution(64 -> 64, 3x3, 1,1, 1,1) without bias
          |      (4): nn.SpatialBatchNormalization (4D) (64)
          |    }
           `-> (2): nn.Identity
           ... -> output
      }
      (2): nn.CAddTable
    }
    (9): nn.Sequential {
      [input -> (1) -> (2) -> output]
      (1): nn.ConcatTable {
        input
          |`-> (1): nn.Sequential {
          |      [input -> (1) -> (2) -> (3) -> (4) -> output]
          |      (1): cudnn.SpatialConvolution(64 -> 64, 3x3, 1,1, 1,1) without bias
          |      (2): nn.ELU (alpha:1.000000)
          |      (3): cudnn.SpatialConvolution(64 -> 64, 3x3, 1,1, 1,1) without bias
          |      (4): nn.SpatialBatchNormalization (4D) (64)
          |    }
           `-> (2): nn.Identity
           ... -> output
      }
      (2): nn.CAddTable
    }
    (10): nn.Sequential {
      [input -> (1) -> (2) -> output]
      (1): nn.ConcatTable {
        input
          |`-> (1): nn.Sequential {
          |      [input -> (1) -> (2) -> (3) -> (4) -> output]
          |      (1): cudnn.SpatialConvolution(64 -> 64, 3x3, 1,1, 1,1) without bias
          |      (2): nn.ELU (alpha:1.000000)
          |      (3): cudnn.SpatialConvolution(64 -> 64, 3x3, 1,1, 1,1) without bias
          |      (4): nn.SpatialBatchNormalization (4D) (64)
          |    }
           `-> (2): nn.Identity
           ... -> output
      }
      (2): nn.CAddTable
    }
    (11): nn.Sequential {
      [input -> (1) -> (2) -> output]
      (1): nn.ConcatTable {
        input
          |`-> (1): nn.Sequential {
          |      [input -> (1) -> (2) -> (3) -> (4) -> output]
          |      (1): cudnn.SpatialConvolution(64 -> 64, 3x3, 1,1, 1,1) without bias
          |      (2): nn.ELU (alpha:1.000000)
          |      (3): cudnn.SpatialConvolution(64 -> 64, 3x3, 1,1, 1,1) without bias
          |      (4): nn.SpatialBatchNormalization (4D) (64)
          |    }
           `-> (2): nn.Identity
           ... -> output
      }
      (2): nn.CAddTable
    }
    (12): nn.Sequential {
      [input -> (1) -> (2) -> output]
      (1): nn.ConcatTable {
        input
          |`-> (1): nn.Sequential {
          |      [input -> (1) -> (2) -> (3) -> (4) -> output]
          |      (1): cudnn.SpatialConvolution(64 -> 64, 3x3, 1,1, 1,1) without bias
          |      (2): nn.ELU (alpha:1.000000)
          |      (3): cudnn.SpatialConvolution(64 -> 64, 3x3, 1,1, 1,1) without bias
          |      (4): nn.SpatialBatchNormalization (4D) (64)
          |    }
           `-> (2): nn.Identity
           ... -> output
      }
      (2): nn.CAddTable
    }
    (13): nn.Sequential {
      [input -> (1) -> (2) -> output]
      (1): nn.ConcatTable {
        input
          |`-> (1): nn.Sequential {
          |      [input -> (1) -> (2) -> (3) -> (4) -> output]
          |      (1): cudnn.SpatialConvolution(64 -> 64, 3x3, 1,1, 1,1) without bias
          |      (2): nn.ELU (alpha:1.000000)
          |      (3): cudnn.SpatialConvolution(64 -> 64, 3x3, 1,1, 1,1) without bias
          |      (4): nn.SpatialBatchNormalization (4D) (64)
          |    }
           `-> (2): nn.Identity
           ... -> output
      }
      (2): nn.CAddTable
    }
    (14): nn.Sequential {
      [input -> (1) -> (2) -> output]
      (1): nn.ConcatTable {
        input
          |`-> (1): nn.Sequential {
          |      [input -> (1) -> (2) -> (3) -> (4) -> output]
          |      (1): cudnn.SpatialConvolution(64 -> 64, 3x3, 1,1, 1,1) without bias
          |      (2): nn.ELU (alpha:1.000000)
          |      (3): cudnn.SpatialConvolution(64 -> 64, 3x3, 1,1, 1,1) without bias
          |      (4): nn.SpatialBatchNormalization (4D) (64)
          |    }
           `-> (2): nn.Identity
           ... -> output
      }
      (2): nn.CAddTable
    }
    (15): nn.Sequential {
      [input -> (1) -> (2) -> output]
      (1): nn.ConcatTable {
        input
          |`-> (1): nn.Sequential {
          |      [input -> (1) -> (2) -> (3) -> (4) -> output]
          |      (1): cudnn.SpatialConvolution(64 -> 64, 3x3, 1,1, 1,1) without bias
          |      (2): nn.ELU (alpha:1.000000)
          |      (3): cudnn.SpatialConvolution(64 -> 64, 3x3, 1,1, 1,1) without bias
          |      (4): nn.SpatialBatchNormalization (4D) (64)
          |    }
           `-> (2): nn.Identity
           ... -> output
      }
      (2): nn.CAddTable
    }
    (16): nn.Sequential {
      [input -> (1) -> (2) -> output]
      (1): nn.ConcatTable {
        input
          |`-> (1): nn.Sequential {
          |      [input -> (1) -> (2) -> (3) -> (4) -> output]
          |      (1): cudnn.SpatialConvolution(64 -> 64, 3x3, 1,1, 1,1) without bias
          |      (2): nn.ELU (alpha:1.000000)
          |      (3): cudnn.SpatialConvolution(64 -> 64, 3x3, 1,1, 1,1) without bias
          |      (4): nn.SpatialBatchNormalization (4D) (64)
          |    }
           `-> (2): nn.Identity
           ... -> output
      }
      (2): nn.CAddTable
    }
    (17): nn.Sequential {
      [input -> (1) -> (2) -> output]
      (1): nn.ConcatTable {
        input
          |`-> (1): nn.Sequential {
          |      [input -> (1) -> (2) -> (3) -> (4) -> output]
          |      (1): cudnn.SpatialConvolution(64 -> 64, 3x3, 1,1, 1,1) without bias
          |      (2): nn.ELU (alpha:1.000000)
          |      (3): cudnn.SpatialConvolution(64 -> 64, 3x3, 1,1, 1,1) without bias
          |      (4): nn.SpatialBatchNormalization (4D) (64)
          |    }
           `-> (2): nn.Identity
           ... -> output
      }
      (2): nn.CAddTable
    }
    (18): nn.Sequential {
      [input -> (1) -> (2) -> output]
      (1): nn.ConcatTable {
        input
          |`-> (1): nn.Sequential {
          |      [input -> (1) -> (2) -> (3) -> (4) -> output]
          |      (1): cudnn.SpatialConvolution(64 -> 64, 3x3, 1,1, 1,1) without bias
          |      (2): nn.ELU (alpha:1.000000)
          |      (3): cudnn.SpatialConvolution(64 -> 64, 3x3, 1,1, 1,1) without bias
          |      (4): nn.SpatialBatchNormalization (4D) (64)
          |    }
           `-> (2): nn.Identity
           ... -> output
      }
      (2): nn.CAddTable
    }
  }
  (6): nn.ELU (alpha:1.000000)
  (7): cudnn.SpatialAveragePooling(8x8, 1,1)
  (8): nn.View(64)
  (9): nn.Linear(64 -> 10)
}
=> Training epoch # 1	
 * Finished epoch # 1     top1:  49.717  top5:   6.660
	
 * Best model 	49.716796875	6.66015625	
=> Training epoch # 2	
 * Finished epoch # 2     top1:  35.430  top5:   3.242
	
 * Best model 	35.4296875	3.2421875	
=> Training epoch # 3	
 * Finished epoch # 3     top1:  31.387  top5:   2.607
	
 * Best model 	31.38671875	2.607421875	
=> Training epoch # 4	
 * Finished epoch # 4     top1:  29.150  top5:   2.119
	
 * Best model 	29.150390625	2.119140625	
=> Training epoch # 5	
 * Finished epoch # 5     top1:  29.795  top5:   2.480
	
=> Training epoch # 6	
 * Finished epoch # 6     top1:  25.098  top5:   1.729
	
 * Best model 	25.09765625	1.728515625	
=> Training epoch # 7	
 * Finished epoch # 7     top1:  21.016  top5:   1.455
	
 * Best model 	21.015625	1.455078125	
=> Training epoch # 8	
 * Finished epoch # 8     top1:  19.297  top5:   0.840
	
 * Best model 	19.296875	0.83984375	
=> Training epoch # 9	
 * Finished epoch # 9     top1:  27.188  top5:   2.852
	
=> Training epoch # 10	
 * Finished epoch # 10     top1:  31.113  top5:   2.334
	
=> Training epoch # 11	
 * Finished epoch # 11     top1:  21.738  top5:   1.807
	
=> Training epoch # 12	
 * Finished epoch # 12     top1:  29.082  top5:   2.842
	
=> Training epoch # 13	
 * Finished epoch # 13     top1:  22.578  top5:   1.299
	
=> Training epoch # 14	
 * Finished epoch # 14     top1:  27.559  top5:   2.256
	
=> Training epoch # 15	
 * Finished epoch # 15     top1:  23.252  top5:   1.748
	
=> Training epoch # 16	
 * Finished epoch # 16     top1:  21.221  top5:   1.934
	
=> Training epoch # 17	
 * Finished epoch # 17     top1:  20.137  top5:   1.367
	
=> Training epoch # 18	
 * Finished epoch # 18     top1:  18.838  top5:   0.996
	
 * Best model 	18.837890625	0.99609375	
=> Training epoch # 19	
 * Finished epoch # 19     top1:  22.012  top5:   1.230
	
=> Training epoch # 20	
 * Finished epoch # 20     top1:  21.748  top5:   1.621
	
=> Training epoch # 21	
 * Finished epoch # 21     top1:  25.078  top5:   2.881
	
=> Training epoch # 22	
 * Finished epoch # 22     top1:  21.982  top5:   1.260
	
=> Training epoch # 23	
 * Finished epoch # 23     top1:  30.039  top5:   2.197
	
=> Training epoch # 24	
 * Finished epoch # 24     top1:  28.369  top5:   2.412
	
=> Training epoch # 25	
 * Finished epoch # 25     top1:  22.334  top5:   1.006
	
=> Training epoch # 26	
 * Finished epoch # 26     top1:  19.961  top5:   1.924
	
=> Training epoch # 27	
 * Finished epoch # 27     top1:  22.236  top5:   1.748
	
=> Training epoch # 28	
 * Finished epoch # 28     top1:  23.857  top5:   1.670
	
=> Training epoch # 29	
 * Finished epoch # 29     top1:  20.703  top5:   1.689
	
=> Training epoch # 30	
 * Finished epoch # 30     top1:  19.902  top5:   1.348
	
=> Training epoch # 31	
 * Finished epoch # 31     top1:  16.826  top5:   0.928
	
 * Best model 	16.826171875	0.927734375	
=> Training epoch # 32	
 * Finished epoch # 32     top1:  37.373  top5:   2.617
	
=> Training epoch # 33	
 * Finished epoch # 33     top1:  25.859  top5:   2.979
	
=> Training epoch # 34	
 * Finished epoch # 34     top1:  26.514  top5:   2.227
	
=> Training epoch # 35	
 * Finished epoch # 35     top1:  28.789  top5:   1.572
	
=> Training epoch # 36	
 * Finished epoch # 36     top1:  38.770  top5:   4.795
	
=> Training epoch # 37	
 * Finished epoch # 37     top1:  18.066  top5:   0.684
	
=> Training epoch # 38	
 * Finished epoch # 38     top1:  19.287  top5:   0.820
	
=> Training epoch # 39	
 * Finished epoch # 39     top1:  28.369  top5:   4.326
	
=> Training epoch # 40	
 * Finished epoch # 40     top1:  38.857  top5:   4.268
	
=> Training epoch # 41	
 * Finished epoch # 41     top1:  19.199  top5:   1.191
	
=> Training epoch # 42	
 * Finished epoch # 42     top1:  34.746  top5:   2.402
	
=> Training epoch # 43	
 * Finished epoch # 43     top1:  33.154  top5:   1.680
	
=> Training epoch # 44	
 * Finished epoch # 44     top1:  23.477  top5:   1.064
	
=> Training epoch # 45	
 * Finished epoch # 45     top1:  27.383  top5:   1.455
	
=> Training epoch # 46	
 * Finished epoch # 46     top1:  19.639  top5:   1.816
	
=> Training epoch # 47	
 * Finished epoch # 47     top1:  21.367  top5:   1.357
	
=> Training epoch # 48	
 * Finished epoch # 48     top1:  33.271  top5:   7.002
	
=> Training epoch # 49	
 * Finished epoch # 49     top1:  15.273  top5:   0.723
	
 * Best model 	15.2734375	0.72265625	
=> Training epoch # 50	
 * Finished epoch # 50     top1:  13.975  top5:   0.703
	
 * Best model 	13.974609375	0.703125	
=> Training epoch # 51	
 * Finished epoch # 51     top1:  34.150  top5:   7.256
	
=> Training epoch # 52	
 * Finished epoch # 52     top1:  17.178  top5:   0.938
	
=> Training epoch # 53	
 * Finished epoch # 53     top1:  23.652  top5:   1.562
	
=> Training epoch # 54	
 * Finished epoch # 54     top1:  25.547  top5:   1.191
	
=> Training epoch # 55	
 * Finished epoch # 55     top1:  22.852  top5:   1.055
	
=> Training epoch # 56	
 * Finished epoch # 56     top1:  23.906  top5:   1.631
	
=> Training epoch # 57	
 * Finished epoch # 57     top1:  19.688  top5:   1.152
	
=> Training epoch # 58	
 * Finished epoch # 58     top1:  23.652  top5:   0.918
	
=> Training epoch # 59	
 * Finished epoch # 59     top1:  17.783  top5:   1.230
	
=> Training epoch # 60	
 * Finished epoch # 60     top1:  20.625  top5:   1.035
	
=> Training epoch # 61	
 * Finished epoch # 61     top1:  38.350  top5:   6.650
	
=> Training epoch # 62	
 * Finished epoch # 62     top1:  48.379  top5:   4.434
	
=> Training epoch # 63	
 * Finished epoch # 63     top1:  22.227  top5:   1.543
	
=> Training epoch # 64	
 * Finished epoch # 64     top1:  27.051  top5:   2.549
	
=> Training epoch # 65	
 * Finished epoch # 65     top1:  27.539  top5:   1.162
	
=> Training epoch # 66	
 * Finished epoch # 66     top1:  27.783  top5:   4.404
	
=> Training epoch # 67	
 * Finished epoch # 67     top1:  24.717  top5:   2.549
	
=> Training epoch # 68	
 * Finished epoch # 68     top1:  25.557  top5:   2.139
	
=> Training epoch # 69	
 * Finished epoch # 69     top1:  26.660  top5:   1.826
	
=> Training epoch # 70	
 * Finished epoch # 70     top1:  31.650  top5:   2.959
	
=> Training epoch # 71	
 * Finished epoch # 71     top1:  36.133  top5:   1.055
	
=> Training epoch # 72	
 * Finished epoch # 72     top1:  24.346  top5:   2.441
	
=> Training epoch # 73	
 * Finished epoch # 73     top1:  24.980  top5:   1.855
	
=> Training epoch # 74	
 * Finished epoch # 74     top1:  22.266  top5:   1.152
	
=> Training epoch # 75	
 * Finished epoch # 75     top1:  28.486  top5:   1.367
	
=> Training epoch # 76	
 * Finished epoch # 76     top1:  20.186  top5:   0.674
	
=> Training epoch # 77	
 * Finished epoch # 77     top1:  29.043  top5:   3.770
	
=> Training epoch # 78	
 * Finished epoch # 78     top1:  20.977  top5:   0.781
	
=> Training epoch # 79	
 * Finished epoch # 79     top1:  13.447  top5:   0.918
	
 * Best model 	13.447265625	0.91796875	
=> Training epoch # 80	
 * Finished epoch # 80     top1:  65.508  top5:   4.570
	
=> Training epoch # 81	
 * Finished epoch # 81     top1:   7.676  top5:   0.195
	
 * Best model 	7.67578125	0.1953125	
=> Training epoch # 82	
 * Finished epoch # 82     top1:   7.021  top5:   0.186
	
 * Best model 	7.021484375	0.185546875	
=> Training epoch # 83	
 * Finished epoch # 83     top1:   8.232  top5:   0.156
	
=> Training epoch # 84	
 * Finished epoch # 84     top1:   7.285  top5:   0.186
	
=> Training epoch # 85	
 * Finished epoch # 85     top1:   7.617  top5:   0.234
	
=> Training epoch # 86	
 * Finished epoch # 86     top1:   8.613  top5:   0.127
	
=> Training epoch # 87	
 * Finished epoch # 87     top1:   8.496  top5:   0.273
	
=> Training epoch # 88	
 * Finished epoch # 88     top1:   8.154  top5:   0.234
	
=> Training epoch # 89	
 * Finished epoch # 89     top1:   8.604  top5:   0.137
	
=> Training epoch # 90	
 * Finished epoch # 90     top1:   9.443  top5:   0.312
	
=> Training epoch # 91	
 * Finished epoch # 91     top1:  13.008  top5:   0.498
	
=> Training epoch # 92	
 * Finished epoch # 92     top1:   8.027  top5:   0.117
	
=> Training epoch # 93	
 * Finished epoch # 93     top1:   8.994  top5:   0.244
	
=> Training epoch # 94	
 * Finished epoch # 94     top1:   9.736  top5:   0.391
	
=> Training epoch # 95	
 * Finished epoch # 95     top1:   9.912  top5:   0.469
	
=> Training epoch # 96	
 * Finished epoch # 96     top1:  11.211  top5:   0.342
	
=> Training epoch # 97	
 * Finished epoch # 97     top1:   9.521  top5:   0.391
	
=> Training epoch # 98	
 * Finished epoch # 98     top1:  16.143  top5:   0.986
	
=> Training epoch # 99	
 * Finished epoch # 99     top1:  13.398  top5:   0.371
	
=> Training epoch # 100	
 * Finished epoch # 100     top1:   9.385  top5:   0.283
	
=> Training epoch # 101	
 * Finished epoch # 101     top1:  10.605  top5:   0.303
	
=> Training epoch # 102	
 * Finished epoch # 102     top1:  14.258  top5:   0.889
	
=> Training epoch # 103	
 * Finished epoch # 103     top1:  12.207  top5:   0.684
	
=> Training epoch # 104	
 * Finished epoch # 104     top1:  14.932  top5:   0.967
	
=> Training epoch # 105	
 * Finished epoch # 105     top1:  16.816  top5:   0.664
	
=> Training epoch # 106	
 * Finished epoch # 106     top1:  10.723  top5:   0.312
	
=> Training epoch # 107	
 * Finished epoch # 107     top1:  17.695  top5:   0.850
	
=> Training epoch # 108	
 * Finished epoch # 108     top1:  13.838  top5:   0.859
	
=> Training epoch # 109	
 * Finished epoch # 109     top1:  26.807  top5:   1.836
	
=> Training epoch # 110	
 * Finished epoch # 110     top1:  15.400  top5:   0.723
	
=> Training epoch # 111	
 * Finished epoch # 111     top1:  15.059  top5:   0.654
	
=> Training epoch # 112	
 * Finished epoch # 112     top1:  14.043  top5:   0.781
	
=> Training epoch # 113	
 * Finished epoch # 113     top1:  18.301  top5:   0.684
	
=> Training epoch # 114	
 * Finished epoch # 114     top1:  13.779  top5:   0.645
	
=> Training epoch # 115	
 * Finished epoch # 115     top1:  18.135  top5:   1.260
	
=> Training epoch # 116	
 * Finished epoch # 116     top1:  11.250  top5:   0.469
	
=> Training epoch # 117	
 * Finished epoch # 117     top1:  17.510  top5:   1.445
	
=> Training epoch # 118	
 * Finished epoch # 118     top1:  12.500  top5:   1.025
	
=> Training epoch # 119	
 * Finished epoch # 119     top1:  14.277  top5:   0.742
	
=> Training epoch # 120	
 * Finished epoch # 120     top1:  36.611  top5:   5.908
	
=> Training epoch # 121	
 * Finished epoch # 121     top1:  14.727  top5:   0.918
	
=> Training epoch # 122	
 * Finished epoch # 122     top1:   6.543  top5:   0.176
	
 * Best model 	6.54296875	0.17578125	
=> Training epoch # 123	
 * Finished epoch # 123     top1:   6.309  top5:   0.098
	
 * Best model 	6.30859375	0.09765625	
=> Training epoch # 124	
 * Finished epoch # 124     top1:   6.133  top5:   0.107
	
 * Best model 	6.1328125	0.107421875	
=> Training epoch # 125	
 * Finished epoch # 125     top1:   6.377  top5:   0.107
	
=> Training epoch # 126	
 * Finished epoch # 126     top1:   6.172  top5:   0.107
	
=> Training epoch # 127	
 * Finished epoch # 127     top1:   6.289  top5:   0.107
	
=> Training epoch # 128	
 * Finished epoch # 128     top1:   6.309  top5:   0.107
	
=> Training epoch # 129	
 * Finished epoch # 129     top1:   6.523  top5:   0.117
	
=> Training epoch # 130	
 * Finished epoch # 130     top1:   6.074  top5:   0.107
	
 * Best model 	6.07421875	0.107421875	
=> Training epoch # 131	
 * Finished epoch # 131     top1:   6.055  top5:   0.098
	
 * Best model 	6.0546875	0.09765625	
=> Training epoch # 132	
 * Finished epoch # 132     top1:   5.986  top5:   0.098
	
 * Best model 	5.986328125	0.09765625	
=> Training epoch # 133	
 * Finished epoch # 133     top1:   6.035  top5:   0.137
	
=> Training epoch # 134	
 * Finished epoch # 134     top1:   6.162  top5:   0.107
	
=> Training epoch # 135	
 * Finished epoch # 135     top1:   6.553  top5:   0.088
	
=> Training epoch # 136	
 * Finished epoch # 136     top1:   6.094  top5:   0.117
	
=> Training epoch # 137	
 * Finished epoch # 137     top1:   6.084  top5:   0.098
	
=> Training epoch # 138	
 * Finished epoch # 138     top1:   6.055  top5:   0.117
	
=> Training epoch # 139	
 * Finished epoch # 139     top1:   5.986  top5:   0.107
	
=> Training epoch # 140	
 * Finished epoch # 140     top1:   5.977  top5:   0.098
	
 * Best model 	5.9765625	0.09765625	
=> Training epoch # 141	
 * Finished epoch # 141     top1:   6.143  top5:   0.127
	
=> Training epoch # 142	
 * Finished epoch # 142     top1:   6.006  top5:   0.107
	
=> Training epoch # 143	
 * Finished epoch # 143     top1:   6.084  top5:   0.117
	
=> Training epoch # 144	
 * Finished epoch # 144     top1:   6.211  top5:   0.127
	
=> Training epoch # 145	
 * Finished epoch # 145     top1:   6.182  top5:   0.137
	
=> Training epoch # 146	
 * Finished epoch # 146     top1:   6.182  top5:   0.117
	
=> Training epoch # 147	
 * Finished epoch # 147     top1:   5.986  top5:   0.088
	
=> Training epoch # 148	
 * Finished epoch # 148     top1:   6.123  top5:   0.156
	
=> Training epoch # 149	
 * Finished epoch # 149     top1:   6.113  top5:   0.146
	
=> Training epoch # 150	
 * Finished epoch # 150     top1:   6.152  top5:   0.098
	
=> Training epoch # 151	
 * Finished epoch # 151     top1:   6.260  top5:   0.127
	
=> Training epoch # 152	
 * Finished epoch # 152     top1:   6.465  top5:   0.098
	
=> Training epoch # 153	
 * Finished epoch # 153     top1:   5.947  top5:   0.098
	
 * Best model 	5.947265625	0.09765625	
=> Training epoch # 154	
 * Finished epoch # 154     top1:   6.250  top5:   0.146
	
=> Training epoch # 155	
 * Finished epoch # 155     top1:   6.191  top5:   0.156
	
=> Training epoch # 156	
 * Finished epoch # 156     top1:   6.582  top5:   0.127
	
=> Training epoch # 157	
 * Finished epoch # 157     top1:   6.299  top5:   0.146
	
=> Training epoch # 158	
 * Finished epoch # 158     top1:   6.289  top5:   0.156
	
=> Training epoch # 159	
 * Finished epoch # 159     top1:   6.475  top5:   0.107
	
=> Training epoch # 160	
 * Finished epoch # 160     top1:   5.938  top5:   0.156
	
 * Best model 	5.9375	0.15625	
=> Training epoch # 161	
 * Finished epoch # 161     top1:   6.182  top5:   0.137
	
=> Training epoch # 162	
 * Finished epoch # 162     top1:   6.533  top5:   0.166
	
=> Training epoch # 163	
 * Finished epoch # 163     top1:   5.908  top5:   0.107
	
 * Best model 	5.908203125	0.107421875	
=> Training epoch # 164	
 * Finished epoch # 164     top1:   6.426  top5:   0.137
	
=> Training epoch # 165	
 * Finished epoch # 165     top1:   6.133  top5:   0.098
	
=> Training epoch # 166	
 * Finished epoch # 166     top1:   6.084  top5:   0.137
	
=> Training epoch # 167	
 * Finished epoch # 167     top1:   6.338  top5:   0.146
	
=> Training epoch # 168	
 * Finished epoch # 168     top1:   6.250  top5:   0.166
	
=> Training epoch # 169	
 * Finished epoch # 169     top1:   6.377  top5:   0.186
	
=> Training epoch # 170	
 * Finished epoch # 170     top1:   7.129  top5:   0.293
	
=> Training epoch # 171	
 * Finished epoch # 171     top1:   6.162  top5:   0.146
	
=> Training epoch # 172	
 * Finished epoch # 172     top1:   6.230  top5:   0.146
	
=> Training epoch # 173	
 * Finished epoch # 173     top1:   6.182  top5:   0.156
	
=> Training epoch # 174	
 * Finished epoch # 174     top1:   6.436  top5:   0.146
	
=> Training epoch # 175	
 * Finished epoch # 175     top1:   6.211  top5:   0.117
	
=> Training epoch # 176	
 * Finished epoch # 176     top1:   5.986  top5:   0.137
	
=> Training epoch # 177	
 * Finished epoch # 177     top1:   6.523  top5:   0.215
	
=> Training epoch # 178	
 * Finished epoch # 178     top1:   6.152  top5:   0.156
	
=> Training epoch # 179	
 * Finished epoch # 179     top1:   5.859  top5:   0.117
	
 * Best model 	5.859375	0.1171875	
=> Training epoch # 180	
 * Finished epoch # 180     top1:   6.162  top5:   0.176
	
=> Training epoch # 181	
 * Finished epoch # 181     top1:   6.240  top5:   0.205
	
=> Training epoch # 182	
 * Finished epoch # 182     top1:   6.230  top5:   0.137
	
=> Training epoch # 183	
 * Finished epoch # 183     top1:   6.943  top5:   0.352
	
=> Training epoch # 184	
 * Finished epoch # 184     top1:   6.143  top5:   0.205
	
=> Training epoch # 185	
 * Finished epoch # 185     top1:   6.514  top5:   0.127
	
=> Training epoch # 186	
 * Finished epoch # 186     top1:   6.299  top5:   0.156
	
=> Training epoch # 187	
 * Finished epoch # 187     top1:   6.064  top5:   0.127
	
=> Training epoch # 188	
 * Finished epoch # 188     top1:   6.221  top5:   0.137
	
=> Training epoch # 189	
 * Finished epoch # 189     top1:   6.445  top5:   0.195
	
=> Training epoch # 190	
 * Finished epoch # 190     top1:   6.221  top5:   0.156
	
=> Training epoch # 191	
 * Finished epoch # 191     top1:   6.416  top5:   0.127
	
=> Training epoch # 192	
 * Finished epoch # 192     top1:   6.299  top5:   0.205
	
=> Training epoch # 193	
 * Finished epoch # 193     top1:   6.211  top5:   0.225
	
=> Training epoch # 194	
 * Finished epoch # 194     top1:   6.377  top5:   0.156
	
=> Training epoch # 195	
 * Finished epoch # 195     top1:   6.162  top5:   0.186
	
=> Training epoch # 196	
 * Finished epoch # 196     top1:   6.084  top5:   0.137
	
=> Training epoch # 197	
 * Finished epoch # 197     top1:   6.660  top5:   0.303
	
=> Training epoch # 198	
 * Finished epoch # 198     top1:   6.172  top5:   0.186
	
=> Training epoch # 199	
 * Finished epoch # 199     top1:   5.908  top5:   0.156
	
=> Training epoch # 200	
 * Finished epoch # 200     top1:   5.996  top5:   0.205
	
 * Finished top1:  5.859  top5:  0.117	
