{
  cudnn : "fastest"
  LR : 0.1
  nThreads : 2
  nClasses : 0
  batchSize : 256
  testOnly : false
  netType : "resnet"
  resetClassifier : false
  shortcutType : "A"
  gen : "gen"
  nGPU : 1
  depth : 56
  weightDecay : 0.001
  data : ""
  dataset : "cifar100"
  epochNumber : 1
  manualSeed : 2
  resume : "results/results-elu/try3/cifar100/56"
  optimState : "none"
  nEpochs : 200
  tenCrop : false
  shareGradInput : false
  backend : "cudnn"
  momentum : 0.9
  retrain : "none"
}
=> Creating model from file: models/resnet.lua	
 | ResNet-56 CIFAR-100	
nn.Sequential {
  [input -> (1) -> (2) -> (3) -> (4) -> (5) -> (6) -> (7) -> (8) -> (9) -> output]
  (1): cudnn.SpatialConvolution(3 -> 16, 3x3, 1,1, 1,1) without bias
  (2): nn.ELU (alpha:1.000000)
  (3): nn.Sequential {
    [input -> (1) -> (2) -> (3) -> (4) -> (5) -> (6) -> (7) -> (8) -> (9) -> output]
    (1): nn.Sequential {
      [input -> (1) -> (2) -> output]
      (1): nn.ConcatTable {
        input
          |`-> (1): nn.Sequential {
          |      [input -> (1) -> (2) -> (3) -> (4) -> output]
          |      (1): cudnn.SpatialConvolution(16 -> 16, 3x3, 1,1, 1,1) without bias
          |      (2): nn.ELU (alpha:1.000000)
          |      (3): cudnn.SpatialConvolution(16 -> 16, 3x3, 1,1, 1,1) without bias
          |      (4): nn.SpatialBatchNormalization (4D) (16)
          |    }
           `-> (2): nn.Identity
           ... -> output
      }
      (2): nn.CAddTable
    }
    (2): nn.Sequential {
      [input -> (1) -> (2) -> output]
      (1): nn.ConcatTable {
        input
          |`-> (1): nn.Sequential {
          |      [input -> (1) -> (2) -> (3) -> (4) -> output]
          |      (1): cudnn.SpatialConvolution(16 -> 16, 3x3, 1,1, 1,1) without bias
          |      (2): nn.ELU (alpha:1.000000)
          |      (3): cudnn.SpatialConvolution(16 -> 16, 3x3, 1,1, 1,1) without bias
          |      (4): nn.SpatialBatchNormalization (4D) (16)
          |    }
           `-> (2): nn.Identity
           ... -> output
      }
      (2): nn.CAddTable
    }
    (3): nn.Sequential {
      [input -> (1) -> (2) -> output]
      (1): nn.ConcatTable {
        input
          |`-> (1): nn.Sequential {
          |      [input -> (1) -> (2) -> (3) -> (4) -> output]
          |      (1): cudnn.SpatialConvolution(16 -> 16, 3x3, 1,1, 1,1) without bias
          |      (2): nn.ELU (alpha:1.000000)
          |      (3): cudnn.SpatialConvolution(16 -> 16, 3x3, 1,1, 1,1) without bias
          |      (4): nn.SpatialBatchNormalization (4D) (16)
          |    }
           `-> (2): nn.Identity
           ... -> output
      }
      (2): nn.CAddTable
    }
    (4): nn.Sequential {
      [input -> (1) -> (2) -> output]
      (1): nn.ConcatTable {
        input
          |`-> (1): nn.Sequential {
          |      [input -> (1) -> (2) -> (3) -> (4) -> output]
          |      (1): cudnn.SpatialConvolution(16 -> 16, 3x3, 1,1, 1,1) without bias
          |      (2): nn.ELU (alpha:1.000000)
          |      (3): cudnn.SpatialConvolution(16 -> 16, 3x3, 1,1, 1,1) without bias
          |      (4): nn.SpatialBatchNormalization (4D) (16)
          |    }
           `-> (2): nn.Identity
           ... -> output
      }
      (2): nn.CAddTable
    }
    (5): nn.Sequential {
      [input -> (1) -> (2) -> output]
      (1): nn.ConcatTable {
        input
          |`-> (1): nn.Sequential {
          |      [input -> (1) -> (2) -> (3) -> (4) -> output]
          |      (1): cudnn.SpatialConvolution(16 -> 16, 3x3, 1,1, 1,1) without bias
          |      (2): nn.ELU (alpha:1.000000)
          |      (3): cudnn.SpatialConvolution(16 -> 16, 3x3, 1,1, 1,1) without bias
          |      (4): nn.SpatialBatchNormalization (4D) (16)
          |    }
           `-> (2): nn.Identity
           ... -> output
      }
      (2): nn.CAddTable
    }
    (6): nn.Sequential {
      [input -> (1) -> (2) -> output]
      (1): nn.ConcatTable {
        input
          |`-> (1): nn.Sequential {
          |      [input -> (1) -> (2) -> (3) -> (4) -> output]
          |      (1): cudnn.SpatialConvolution(16 -> 16, 3x3, 1,1, 1,1) without bias
          |      (2): nn.ELU (alpha:1.000000)
          |      (3): cudnn.SpatialConvolution(16 -> 16, 3x3, 1,1, 1,1) without bias
          |      (4): nn.SpatialBatchNormalization (4D) (16)
          |    }
           `-> (2): nn.Identity
           ... -> output
      }
      (2): nn.CAddTable
    }
    (7): nn.Sequential {
      [input -> (1) -> (2) -> output]
      (1): nn.ConcatTable {
        input
          |`-> (1): nn.Sequential {
          |      [input -> (1) -> (2) -> (3) -> (4) -> output]
          |      (1): cudnn.SpatialConvolution(16 -> 16, 3x3, 1,1, 1,1) without bias
          |      (2): nn.ELU (alpha:1.000000)
          |      (3): cudnn.SpatialConvolution(16 -> 16, 3x3, 1,1, 1,1) without bias
          |      (4): nn.SpatialBatchNormalization (4D) (16)
          |    }
           `-> (2): nn.Identity
           ... -> output
      }
      (2): nn.CAddTable
    }
    (8): nn.Sequential {
      [input -> (1) -> (2) -> output]
      (1): nn.ConcatTable {
        input
          |`-> (1): nn.Sequential {
          |      [input -> (1) -> (2) -> (3) -> (4) -> output]
          |      (1): cudnn.SpatialConvolution(16 -> 16, 3x3, 1,1, 1,1) without bias
          |      (2): nn.ELU (alpha:1.000000)
          |      (3): cudnn.SpatialConvolution(16 -> 16, 3x3, 1,1, 1,1) without bias
          |      (4): nn.SpatialBatchNormalization (4D) (16)
          |    }
           `-> (2): nn.Identity
           ... -> output
      }
      (2): nn.CAddTable
    }
    (9): nn.Sequential {
      [input -> (1) -> (2) -> output]
      (1): nn.ConcatTable {
        input
          |`-> (1): nn.Sequential {
          |      [input -> (1) -> (2) -> (3) -> (4) -> output]
          |      (1): cudnn.SpatialConvolution(16 -> 16, 3x3, 1,1, 1,1) without bias
          |      (2): nn.ELU (alpha:1.000000)
          |      (3): cudnn.SpatialConvolution(16 -> 16, 3x3, 1,1, 1,1) without bias
          |      (4): nn.SpatialBatchNormalization (4D) (16)
          |    }
           `-> (2): nn.Identity
           ... -> output
      }
      (2): nn.CAddTable
    }
  }
  (4): nn.Sequential {
    [input -> (1) -> (2) -> (3) -> (4) -> (5) -> (6) -> (7) -> (8) -> (9) -> output]
    (1): nn.Sequential {
      [input -> (1) -> (2) -> output]
      (1): nn.ConcatTable {
        input
          |`-> (1): nn.Sequential {
          |      [input -> (1) -> (2) -> (3) -> (4) -> output]
          |      (1): cudnn.SpatialConvolution(16 -> 32, 3x3, 2,2, 1,1) without bias
          |      (2): nn.ELU (alpha:1.000000)
          |      (3): cudnn.SpatialConvolution(32 -> 32, 3x3, 1,1, 1,1) without bias
          |      (4): nn.SpatialBatchNormalization (4D) (32)
          |    }
           `-> (2): nn.Sequential {
                 [input -> (1) -> (2) -> output]
                 (1): nn.SpatialAveragePooling(1x1, 2,2)
                 (2): nn.Concat {
                   input
                     |`-> (1): nn.Identity
                      `-> (2): nn.MulConstant
                      ... -> output
                 }
               }
           ... -> output
      }
      (2): nn.CAddTable
    }
    (2): nn.Sequential {
      [input -> (1) -> (2) -> output]
      (1): nn.ConcatTable {
        input
          |`-> (1): nn.Sequential {
          |      [input -> (1) -> (2) -> (3) -> (4) -> output]
          |      (1): cudnn.SpatialConvolution(32 -> 32, 3x3, 1,1, 1,1) without bias
          |      (2): nn.ELU (alpha:1.000000)
          |      (3): cudnn.SpatialConvolution(32 -> 32, 3x3, 1,1, 1,1) without bias
          |      (4): nn.SpatialBatchNormalization (4D) (32)
          |    }
           `-> (2): nn.Identity
           ... -> output
      }
      (2): nn.CAddTable
    }
    (3): nn.Sequential {
      [input -> (1) -> (2) -> output]
      (1): nn.ConcatTable {
        input
          |`-> (1): nn.Sequential {
          |      [input -> (1) -> (2) -> (3) -> (4) -> output]
          |      (1): cudnn.SpatialConvolution(32 -> 32, 3x3, 1,1, 1,1) without bias
          |      (2): nn.ELU (alpha:1.000000)
          |      (3): cudnn.SpatialConvolution(32 -> 32, 3x3, 1,1, 1,1) without bias
          |      (4): nn.SpatialBatchNormalization (4D) (32)
          |    }
           `-> (2): nn.Identity
           ... -> output
      }
      (2): nn.CAddTable
    }
    (4): nn.Sequential {
      [input -> (1) -> (2) -> output]
      (1): nn.ConcatTable {
        input
          |`-> (1): nn.Sequential {
          |      [input -> (1) -> (2) -> (3) -> (4) -> output]
          |      (1): cudnn.SpatialConvolution(32 -> 32, 3x3, 1,1, 1,1) without bias
          |      (2): nn.ELU (alpha:1.000000)
          |      (3): cudnn.SpatialConvolution(32 -> 32, 3x3, 1,1, 1,1) without bias
          |      (4): nn.SpatialBatchNormalization (4D) (32)
          |    }
           `-> (2): nn.Identity
           ... -> output
      }
      (2): nn.CAddTable
    }
    (5): nn.Sequential {
      [input -> (1) -> (2) -> output]
      (1): nn.ConcatTable {
        input
          |`-> (1): nn.Sequential {
          |      [input -> (1) -> (2) -> (3) -> (4) -> output]
          |      (1): cudnn.SpatialConvolution(32 -> 32, 3x3, 1,1, 1,1) without bias
          |      (2): nn.ELU (alpha:1.000000)
          |      (3): cudnn.SpatialConvolution(32 -> 32, 3x3, 1,1, 1,1) without bias
          |      (4): nn.SpatialBatchNormalization (4D) (32)
          |    }
           `-> (2): nn.Identity
           ... -> output
      }
      (2): nn.CAddTable
    }
    (6): nn.Sequential {
      [input -> (1) -> (2) -> output]
      (1): nn.ConcatTable {
        input
          |`-> (1): nn.Sequential {
          |      [input -> (1) -> (2) -> (3) -> (4) -> output]
          |      (1): cudnn.SpatialConvolution(32 -> 32, 3x3, 1,1, 1,1) without bias
          |      (2): nn.ELU (alpha:1.000000)
          |      (3): cudnn.SpatialConvolution(32 -> 32, 3x3, 1,1, 1,1) without bias
          |      (4): nn.SpatialBatchNormalization (4D) (32)
          |    }
           `-> (2): nn.Identity
           ... -> output
      }
      (2): nn.CAddTable
    }
    (7): nn.Sequential {
      [input -> (1) -> (2) -> output]
      (1): nn.ConcatTable {
        input
          |`-> (1): nn.Sequential {
          |      [input -> (1) -> (2) -> (3) -> (4) -> output]
          |      (1): cudnn.SpatialConvolution(32 -> 32, 3x3, 1,1, 1,1) without bias
          |      (2): nn.ELU (alpha:1.000000)
          |      (3): cudnn.SpatialConvolution(32 -> 32, 3x3, 1,1, 1,1) without bias
          |      (4): nn.SpatialBatchNormalization (4D) (32)
          |    }
           `-> (2): nn.Identity
           ... -> output
      }
      (2): nn.CAddTable
    }
    (8): nn.Sequential {
      [input -> (1) -> (2) -> output]
      (1): nn.ConcatTable {
        input
          |`-> (1): nn.Sequential {
          |      [input -> (1) -> (2) -> (3) -> (4) -> output]
          |      (1): cudnn.SpatialConvolution(32 -> 32, 3x3, 1,1, 1,1) without bias
          |      (2): nn.ELU (alpha:1.000000)
          |      (3): cudnn.SpatialConvolution(32 -> 32, 3x3, 1,1, 1,1) without bias
          |      (4): nn.SpatialBatchNormalization (4D) (32)
          |    }
           `-> (2): nn.Identity
           ... -> output
      }
      (2): nn.CAddTable
    }
    (9): nn.Sequential {
      [input -> (1) -> (2) -> output]
      (1): nn.ConcatTable {
        input
          |`-> (1): nn.Sequential {
          |      [input -> (1) -> (2) -> (3) -> (4) -> output]
          |      (1): cudnn.SpatialConvolution(32 -> 32, 3x3, 1,1, 1,1) without bias
          |      (2): nn.ELU (alpha:1.000000)
          |      (3): cudnn.SpatialConvolution(32 -> 32, 3x3, 1,1, 1,1) without bias
          |      (4): nn.SpatialBatchNormalization (4D) (32)
          |    }
           `-> (2): nn.Identity
           ... -> output
      }
      (2): nn.CAddTable
    }
  }
  (5): nn.Sequential {
    [input -> (1) -> (2) -> (3) -> (4) -> (5) -> (6) -> (7) -> (8) -> (9) -> output]
    (1): nn.Sequential {
      [input -> (1) -> (2) -> output]
      (1): nn.ConcatTable {
        input
          |`-> (1): nn.Sequential {
          |      [input -> (1) -> (2) -> (3) -> (4) -> output]
          |      (1): cudnn.SpatialConvolution(32 -> 64, 3x3, 2,2, 1,1) without bias
          |      (2): nn.ELU (alpha:1.000000)
          |      (3): cudnn.SpatialConvolution(64 -> 64, 3x3, 1,1, 1,1) without bias
          |      (4): nn.SpatialBatchNormalization (4D) (64)
          |    }
           `-> (2): nn.Sequential {
                 [input -> (1) -> (2) -> output]
                 (1): nn.SpatialAveragePooling(1x1, 2,2)
                 (2): nn.Concat {
                   input
                     |`-> (1): nn.Identity
                      `-> (2): nn.MulConstant
                      ... -> output
                 }
               }
           ... -> output
      }
      (2): nn.CAddTable
    }
    (2): nn.Sequential {
      [input -> (1) -> (2) -> output]
      (1): nn.ConcatTable {
        input
          |`-> (1): nn.Sequential {
          |      [input -> (1) -> (2) -> (3) -> (4) -> output]
          |      (1): cudnn.SpatialConvolution(64 -> 64, 3x3, 1,1, 1,1) without bias
          |      (2): nn.ELU (alpha:1.000000)
          |      (3): cudnn.SpatialConvolution(64 -> 64, 3x3, 1,1, 1,1) without bias
          |      (4): nn.SpatialBatchNormalization (4D) (64)
          |    }
           `-> (2): nn.Identity
           ... -> output
      }
      (2): nn.CAddTable
    }
    (3): nn.Sequential {
      [input -> (1) -> (2) -> output]
      (1): nn.ConcatTable {
        input
          |`-> (1): nn.Sequential {
          |      [input -> (1) -> (2) -> (3) -> (4) -> output]
          |      (1): cudnn.SpatialConvolution(64 -> 64, 3x3, 1,1, 1,1) without bias
          |      (2): nn.ELU (alpha:1.000000)
          |      (3): cudnn.SpatialConvolution(64 -> 64, 3x3, 1,1, 1,1) without bias
          |      (4): nn.SpatialBatchNormalization (4D) (64)
          |    }
           `-> (2): nn.Identity
           ... -> output
      }
      (2): nn.CAddTable
    }
    (4): nn.Sequential {
      [input -> (1) -> (2) -> output]
      (1): nn.ConcatTable {
        input
          |`-> (1): nn.Sequential {
          |      [input -> (1) -> (2) -> (3) -> (4) -> output]
          |      (1): cudnn.SpatialConvolution(64 -> 64, 3x3, 1,1, 1,1) without bias
          |      (2): nn.ELU (alpha:1.000000)
          |      (3): cudnn.SpatialConvolution(64 -> 64, 3x3, 1,1, 1,1) without bias
          |      (4): nn.SpatialBatchNormalization (4D) (64)
          |    }
           `-> (2): nn.Identity
           ... -> output
      }
      (2): nn.CAddTable
    }
    (5): nn.Sequential {
      [input -> (1) -> (2) -> output]
      (1): nn.ConcatTable {
        input
          |`-> (1): nn.Sequential {
          |      [input -> (1) -> (2) -> (3) -> (4) -> output]
          |      (1): cudnn.SpatialConvolution(64 -> 64, 3x3, 1,1, 1,1) without bias
          |      (2): nn.ELU (alpha:1.000000)
          |      (3): cudnn.SpatialConvolution(64 -> 64, 3x3, 1,1, 1,1) without bias
          |      (4): nn.SpatialBatchNormalization (4D) (64)
          |    }
           `-> (2): nn.Identity
           ... -> output
      }
      (2): nn.CAddTable
    }
    (6): nn.Sequential {
      [input -> (1) -> (2) -> output]
      (1): nn.ConcatTable {
        input
          |`-> (1): nn.Sequential {
          |      [input -> (1) -> (2) -> (3) -> (4) -> output]
          |      (1): cudnn.SpatialConvolution(64 -> 64, 3x3, 1,1, 1,1) without bias
          |      (2): nn.ELU (alpha:1.000000)
          |      (3): cudnn.SpatialConvolution(64 -> 64, 3x3, 1,1, 1,1) without bias
          |      (4): nn.SpatialBatchNormalization (4D) (64)
          |    }
           `-> (2): nn.Identity
           ... -> output
      }
      (2): nn.CAddTable
    }
    (7): nn.Sequential {
      [input -> (1) -> (2) -> output]
      (1): nn.ConcatTable {
        input
          |`-> (1): nn.Sequential {
          |      [input -> (1) -> (2) -> (3) -> (4) -> output]
          |      (1): cudnn.SpatialConvolution(64 -> 64, 3x3, 1,1, 1,1) without bias
          |      (2): nn.ELU (alpha:1.000000)
          |      (3): cudnn.SpatialConvolution(64 -> 64, 3x3, 1,1, 1,1) without bias
          |      (4): nn.SpatialBatchNormalization (4D) (64)
          |    }
           `-> (2): nn.Identity
           ... -> output
      }
      (2): nn.CAddTable
    }
    (8): nn.Sequential {
      [input -> (1) -> (2) -> output]
      (1): nn.ConcatTable {
        input
          |`-> (1): nn.Sequential {
          |      [input -> (1) -> (2) -> (3) -> (4) -> output]
          |      (1): cudnn.SpatialConvolution(64 -> 64, 3x3, 1,1, 1,1) without bias
          |      (2): nn.ELU (alpha:1.000000)
          |      (3): cudnn.SpatialConvolution(64 -> 64, 3x3, 1,1, 1,1) without bias
          |      (4): nn.SpatialBatchNormalization (4D) (64)
          |    }
           `-> (2): nn.Identity
           ... -> output
      }
      (2): nn.CAddTable
    }
    (9): nn.Sequential {
      [input -> (1) -> (2) -> output]
      (1): nn.ConcatTable {
        input
          |`-> (1): nn.Sequential {
          |      [input -> (1) -> (2) -> (3) -> (4) -> output]
          |      (1): cudnn.SpatialConvolution(64 -> 64, 3x3, 1,1, 1,1) without bias
          |      (2): nn.ELU (alpha:1.000000)
          |      (3): cudnn.SpatialConvolution(64 -> 64, 3x3, 1,1, 1,1) without bias
          |      (4): nn.SpatialBatchNormalization (4D) (64)
          |    }
           `-> (2): nn.Identity
           ... -> output
      }
      (2): nn.CAddTable
    }
  }
  (6): nn.ELU (alpha:1.000000)
  (7): cudnn.SpatialAveragePooling(8x8, 1,1)
  (8): nn.View(64)
  (9): nn.Linear(64 -> 100)
}
=> Training epoch # 1	
 * Finished epoch # 1     top1:  80.605  top5:  50.518
	
 * Best model 	80.60546875	50.517578125	
=> Training epoch # 2	
 * Finished epoch # 2     top1:  70.078  top5:  37.822
	
 * Best model 	70.078125	37.822265625	
=> Training epoch # 3	
 * Finished epoch # 3     top1:  65.801  top5:  33.389
	
 * Best model 	65.80078125	33.388671875	
=> Training epoch # 4	
 * Finished epoch # 4     top1:  60.693  top5:  28.008
	
 * Best model 	60.693359375	28.0078125	
=> Training epoch # 5	
 * Finished epoch # 5     top1:  56.826  top5:  24.111
	
 * Best model 	56.826171875	24.111328125	
=> Training epoch # 6	
 * Finished epoch # 6     top1:  53.096  top5:  21.650
	
 * Best model 	53.095703125	21.650390625	
=> Training epoch # 7	
 * Finished epoch # 7     top1:  54.414  top5:  21.738
	
=> Training epoch # 8	
 * Finished epoch # 8     top1:  49.834  top5:  18.330
	
 * Best model 	49.833984375	18.330078125	
=> Training epoch # 9	
 * Finished epoch # 9     top1:  51.123  top5:  20.264
	
=> Training epoch # 10	
 * Finished epoch # 10     top1:  48.252  top5:  17.305
	
 * Best model 	48.251953125	17.3046875	
=> Training epoch # 11	
 * Finished epoch # 11     top1:  48.232  top5:  18.154
	
 * Best model 	48.232421875	18.154296875	
=> Training epoch # 12	
 * Finished epoch # 12     top1:  49.619  top5:  18.564
	
=> Training epoch # 13	
 * Finished epoch # 13     top1:  47.588  top5:  17.939
	
 * Best model 	47.587890625	17.939453125	
=> Training epoch # 14	
 * Finished epoch # 14     top1:  48.438  top5:  17.998
	
=> Training epoch # 15	
 * Finished epoch # 15     top1:  50.303  top5:  18.662
	
=> Training epoch # 16	
 * Finished epoch # 16     top1:  48.457  top5:  18.408
	
=> Training epoch # 17	
 * Finished epoch # 17     top1:  48.945  top5:  19.004
	
=> Training epoch # 18	
 * Finished epoch # 18     top1:  45.957  top5:  16.787
	
 * Best model 	45.95703125	16.787109375	
=> Training epoch # 19	
 * Finished epoch # 19     top1:  47.441  top5:  16.914
	
=> Training epoch # 20	
 * Finished epoch # 20     top1:  48.799  top5:  19.385
	
=> Training epoch # 21	
 * Finished epoch # 21     top1:  50.820  top5:  19.961
	
=> Training epoch # 22	
 * Finished epoch # 22     top1:  47.295  top5:  17.578
	
=> Training epoch # 23	
 * Finished epoch # 23     top1:  45.693  top5:  16.543
	
 * Best model 	45.693359375	16.54296875	
=> Training epoch # 24	
 * Finished epoch # 24     top1:  46.973  top5:  17.109
	
=> Training epoch # 25	
 * Finished epoch # 25     top1:  45.352  top5:  15.645
	
 * Best model 	45.3515625	15.64453125	
=> Training epoch # 26	
 * Finished epoch # 26     top1:  44.785  top5:  15.234
	
 * Best model 	44.78515625	15.234375	
=> Training epoch # 27	
 * Finished epoch # 27     top1:  46.611  top5:  17.207
	
=> Training epoch # 28	
 * Finished epoch # 28     top1:  47.480  top5:  17.197
	
=> Training epoch # 29	
 * Finished epoch # 29     top1:  44.980  top5:  15.049
	
=> Training epoch # 30	
 * Finished epoch # 30     top1:  45.176  top5:  16.113
	
=> Training epoch # 31	
 * Finished epoch # 31     top1:  44.043  top5:  15.176
	
 * Best model 	44.04296875	15.17578125	
=> Training epoch # 32	
 * Finished epoch # 32     top1:  48.213  top5:  17.803
	
=> Training epoch # 33	
 * Finished epoch # 33     top1:  47.695  top5:  17.324
	
=> Training epoch # 34	
 * Finished epoch # 34     top1:  50.654  top5:  20.811
	
=> Training epoch # 35	
 * Finished epoch # 35     top1:  47.725  top5:  17.988
	
=> Training epoch # 36	
 * Finished epoch # 36     top1:  44.883  top5:  17.139
	
=> Training epoch # 37	
 * Finished epoch # 37     top1:  51.416  top5:  21.807
	
=> Training epoch # 38	
 * Finished epoch # 38     top1:  45.068  top5:  15.635
	
=> Training epoch # 39	
 * Finished epoch # 39     top1:  44.375  top5:  15.371
	
=> Training epoch # 40	
 * Finished epoch # 40     top1:  44.775  top5:  16.133
	
=> Training epoch # 41	
 * Finished epoch # 41     top1:  45.615  top5:  15.938
	
=> Training epoch # 42	
 * Finished epoch # 42     top1:  44.961  top5:  15.225
	
=> Training epoch # 43	
 * Finished epoch # 43     top1:  40.693  top5:  13.584
	
 * Best model 	40.693359375	13.583984375	
=> Training epoch # 44	
 * Finished epoch # 44     top1:  44.834  top5:  15.205
	
=> Training epoch # 45	
 * Finished epoch # 45     top1:  47.070  top5:  17.021
	
=> Training epoch # 46	
 * Finished epoch # 46     top1:  47.402  top5:  17.920
	
=> Training epoch # 47	
 * Finished epoch # 47     top1:  46.025  top5:  18.389
	
=> Training epoch # 48	
 * Finished epoch # 48     top1:  47.598  top5:  17.773
	
=> Training epoch # 49	
 * Finished epoch # 49     top1:  48.740  top5:  19.326
	
=> Training epoch # 50	
 * Finished epoch # 50     top1:  56.104  top5:  25.234
	
=> Training epoch # 51	
 * Finished epoch # 51     top1:  48.369  top5:  20.400
	
=> Training epoch # 52	
 * Finished epoch # 52     top1:  42.412  top5:  14.102
	
=> Training epoch # 53	
 * Finished epoch # 53     top1:  47.227  top5:  17.080
	
=> Training epoch # 54	
 * Finished epoch # 54     top1:  48.799  top5:  17.305
	
=> Training epoch # 55	
 * Finished epoch # 55     top1:  45.449  top5:  17.275
	
=> Training epoch # 56	
 * Finished epoch # 56     top1:  50.479  top5:  19.678
	
=> Training epoch # 57	
 * Finished epoch # 57     top1:  51.152  top5:  21.846
	
=> Training epoch # 58	
 * Finished epoch # 58     top1:  45.703  top5:  15.869
	
=> Training epoch # 59	
 * Finished epoch # 59     top1:  47.168  top5:  17.881
	
=> Training epoch # 60	
 * Finished epoch # 60     top1:  45.371  top5:  16.357
	
=> Training epoch # 61	
 * Finished epoch # 61     top1:  51.631  top5:  22.520
	
=> Training epoch # 62	
 * Finished epoch # 62     top1:  44.990  top5:  16.865
	
=> Training epoch # 63	
 * Finished epoch # 63     top1:  43.750  top5:  15.098
	
=> Training epoch # 64	
 * Finished epoch # 64     top1:  48.906  top5:  16.963
	
=> Training epoch # 65	
 * Finished epoch # 65     top1:  47.861  top5:  17.705
	
=> Training epoch # 66	
 * Finished epoch # 66     top1:  45.957  top5:  16.982
	
=> Training epoch # 67	
 * Finished epoch # 67     top1:  45.684  top5:  16.709
	
=> Training epoch # 68	
 * Finished epoch # 68     top1:  45.137  top5:  17.188
	
=> Training epoch # 69	
 * Finished epoch # 69     top1:  42.988  top5:  14.932
	
=> Training epoch # 70	
 * Finished epoch # 70     top1:  48.047  top5:  19.248
	
=> Training epoch # 71	
 * Finished epoch # 71     top1:  46.689  top5:  18.125
	
=> Training epoch # 72	
 * Finished epoch # 72     top1:  45.469  top5:  16.826
	
=> Training epoch # 73	
 * Finished epoch # 73     top1:  45.596  top5:  16.006
	
=> Training epoch # 74	
 * Finished epoch # 74     top1:  47.217  top5:  16.523
	
=> Training epoch # 75	
 * Finished epoch # 75     top1:  47.324  top5:  18.018
	
=> Training epoch # 76	
 * Finished epoch # 76     top1:  46.680  top5:  17.832
	
=> Training epoch # 77	
 * Finished epoch # 77     top1:  42.910  top5:  14.883
	
=> Training epoch # 78	
 * Finished epoch # 78     top1:  46.875  top5:  18.398
	
=> Training epoch # 79	
 * Finished epoch # 79     top1:  47.412  top5:  18.232
	
=> Training epoch # 80	
 * Finished epoch # 80     top1:  47.197  top5:  16.875
	
=> Training epoch # 81	
 * Finished epoch # 81     top1:  28.311  top5:   7.197
	
 * Best model 	28.310546875	7.197265625	
=> Training epoch # 82	
 * Finished epoch # 82     top1:  28.672  top5:   6.895
	
=> Training epoch # 83	
 * Finished epoch # 83     top1:  28.896  top5:   7.520
	
=> Training epoch # 84	
 * Finished epoch # 84     top1:  28.184  top5:   7.070
	
 * Best model 	28.18359375	7.0703125	
=> Training epoch # 85	
 * Finished epoch # 85     top1:  28.027  top5:   7.393
	
 * Best model 	28.02734375	7.392578125	
=> Training epoch # 86	
 * Finished epoch # 86     top1:  28.662  top5:   7.070
	
=> Training epoch # 87	
 * Finished epoch # 87     top1:  28.936  top5:   7.197
	
=> Training epoch # 88	
 * Finished epoch # 88     top1:  29.307  top5:   7.021
	
=> Training epoch # 89	
 * Finished epoch # 89     top1:  29.111  top5:   7.520
	
=> Training epoch # 90	
 * Finished epoch # 90     top1:  29.980  top5:   8.770
	
=> Training epoch # 91	
 * Finished epoch # 91     top1:  30.098  top5:   8.486
	
=> Training epoch # 92	
 * Finished epoch # 92     top1:  30.039  top5:   8.516
	
=> Training epoch # 93	
 * Finished epoch # 93     top1:  32.002  top5:   9.863
	
=> Training epoch # 94	
 * Finished epoch # 94     top1:  31.074  top5:   8.428
	
=> Training epoch # 95	
 * Finished epoch # 95     top1:  33.438  top5:   9.756
	
=> Training epoch # 96	
 * Finished epoch # 96     top1:  32.725  top5:  10.078
	
=> Training epoch # 97	
 * Finished epoch # 97     top1:  34.775  top5:  10.615
	
=> Training epoch # 98	
 * Finished epoch # 98     top1:  31.484  top5:   9.043
	
=> Training epoch # 99	
 * Finished epoch # 99     top1:  37.139  top5:  12.490
	
=> Training epoch # 100	
 * Finished epoch # 100     top1:  34.355  top5:  10.371
	
=> Training epoch # 101	
 * Finished epoch # 101     top1:  35.293  top5:  11.279
	
=> Training epoch # 102	
 * Finished epoch # 102     top1:  39.072  top5:  12.549
	
=> Training epoch # 103	
 * Finished epoch # 103     top1:  36.855  top5:  12.256
	
=> Training epoch # 104	
 * Finished epoch # 104     top1:  35.283  top5:  11.260
	
=> Training epoch # 105	
 * Finished epoch # 105     top1:  34.180  top5:  10.781
	
=> Training epoch # 106	
 * Finished epoch # 106     top1:  37.178  top5:  13.467
	
=> Training epoch # 107	
 * Finished epoch # 107     top1:  36.543  top5:  12.041
	
=> Training epoch # 108	
 * Finished epoch # 108     top1:  38.457  top5:  13.525
	
=> Training epoch # 109	
 * Finished epoch # 109     top1:  35.752  top5:  11.562
	
=> Training epoch # 110	
 * Finished epoch # 110     top1:  42.588  top5:  15.039
	
=> Training epoch # 111	
 * Finished epoch # 111     top1:  41.289  top5:  15.488
	
=> Training epoch # 112	
 * Finished epoch # 112     top1:  38.672  top5:  12.549
	
=> Training epoch # 113	
 * Finished epoch # 113     top1:  38.330  top5:  13.486
	
=> Training epoch # 114	
 * Finished epoch # 114     top1:  36.064  top5:  11.768
	
=> Training epoch # 115	
 * Finished epoch # 115     top1:  43.506  top5:  16.045
	
=> Training epoch # 116	
 * Finished epoch # 116     top1:  39.619  top5:  14.248
	
=> Training epoch # 117	
 * Finished epoch # 117     top1:  40.723  top5:  14.316
	
=> Training epoch # 118	
 * Finished epoch # 118     top1:  43.545  top5:  16.250
	
=> Training epoch # 119	
 * Finished epoch # 119     top1:  37.480  top5:  12.871
	
=> Training epoch # 120	
 * Finished epoch # 120     top1:  38.799  top5:  14.258
	
=> Training epoch # 121	
 * Finished epoch # 121     top1:  37.744  top5:  12.461
	
=> Training epoch # 122	
 * Finished epoch # 122     top1:  27.598  top5:   7.393
	
 * Best model 	27.59765625	7.392578125	
=> Training epoch # 123	
 * Finished epoch # 123     top1:  27.334  top5:   7.432
	
 * Best model 	27.333984375	7.431640625	
=> Training epoch # 124	
 * Finished epoch # 124     top1:  27.314  top5:   7.383
	
 * Best model 	27.314453125	7.3828125	
=> Training epoch # 125	
 * Finished epoch # 125     top1:  27.686  top5:   7.666
	
=> Training epoch # 126	
 * Finished epoch # 126     top1:  27.764  top5:   7.686
	
=> Training epoch # 127	
 * Finished epoch # 127     top1:  27.324  top5:   7.334
	
=> Training epoch # 128	
 * Finished epoch # 128     top1:  27.686  top5:   7.715
	
=> Training epoch # 129	
 * Finished epoch # 129     top1:  27.568  top5:   7.715
	
=> Training epoch # 130	
 * Finished epoch # 130     top1:  27.520  top5:   7.588
	
=> Training epoch # 131	
 * Finished epoch # 131     top1:  27.891  top5:   7.529
	
=> Training epoch # 132	
 * Finished epoch # 132     top1:  27.441  top5:   7.539
	
=> Training epoch # 133	
 * Finished epoch # 133     top1:  28.145  top5:   7.734
	
=> Training epoch # 134	
 * Finished epoch # 134     top1:  27.119  top5:   7.627
	
 * Best model 	27.119140625	7.626953125	
=> Training epoch # 135	
 * Finished epoch # 135     top1:  27.812  top5:   7.520
	
=> Training epoch # 136	
 * Finished epoch # 136     top1:  27.412  top5:   7.402
	
=> Training epoch # 137	
 * Finished epoch # 137     top1:  27.871  top5:   7.734
	
=> Training epoch # 138	
 * Finished epoch # 138     top1:  27.568  top5:   7.666
	
=> Training epoch # 139	
 * Finished epoch # 139     top1:  27.617  top5:   7.910
	
=> Training epoch # 140	
 * Finished epoch # 140     top1:  27.773  top5:   7.939
	
=> Training epoch # 141	
 * Finished epoch # 141     top1:  27.793  top5:   7.686
	
=> Training epoch # 142	
 * Finished epoch # 142     top1:  27.998  top5:   7.773
	
=> Training epoch # 143	
 * Finished epoch # 143     top1:  27.656  top5:   7.676
	
=> Training epoch # 144	
 * Finished epoch # 144     top1:  27.666  top5:   7.832
	
=> Training epoch # 145	
 * Finished epoch # 145     top1:  27.383  top5:   7.803
	
=> Training epoch # 146	
 * Finished epoch # 146     top1:  27.354  top5:   8.096
	
=> Training epoch # 147	
 * Finished epoch # 147     top1:  27.578  top5:   7.861
	
=> Training epoch # 148	
 * Finished epoch # 148     top1:  27.842  top5:   7.939
	
=> Training epoch # 149	
 * Finished epoch # 149     top1:  27.832  top5:   7.793
	
=> Training epoch # 150	
 * Finished epoch # 150     top1:  27.773  top5:   7.910
	
=> Training epoch # 151	
 * Finished epoch # 151     top1:  27.783  top5:   7.793
	
=> Training epoch # 152	
 * Finished epoch # 152     top1:  28.496  top5:   8.164
	
=> Training epoch # 153	
 * Finished epoch # 153     top1:  27.461  top5:   7.656
	
=> Training epoch # 154	
 * Finished epoch # 154     top1:  27.764  top5:   7.852
	
=> Training epoch # 155	
 * Finished epoch # 155     top1:  27.588  top5:   7.598
	
=> Training epoch # 156	
 * Finished epoch # 156     top1:  27.598  top5:   7.686
	
=> Training epoch # 157	
 * Finished epoch # 157     top1:  27.881  top5:   7.930
	
=> Training epoch # 158	
 * Finished epoch # 158     top1:  27.891  top5:   7.793
	
=> Training epoch # 159	
 * Finished epoch # 159     top1:  28.340  top5:   7.793
	
=> Training epoch # 160	
 * Finished epoch # 160     top1:  28.145  top5:   8.301
	
=> Training epoch # 161	
 * Finished epoch # 161     top1:  27.949  top5:   7.920
	
=> Training epoch # 162	
 * Finished epoch # 162     top1:  29.189  top5:   8.291
	
=> Training epoch # 163	
 * Finished epoch # 163     top1:  28.066  top5:   8.203
	
=> Training epoch # 164	
 * Finished epoch # 164     top1:  28.242  top5:   7.783
	
=> Training epoch # 165	
 * Finished epoch # 165     top1:  28.311  top5:   8.359
	
=> Training epoch # 166	
 * Finished epoch # 166     top1:  28.525  top5:   8.574
	
=> Training epoch # 167	
 * Finished epoch # 167     top1:  28.047  top5:   8.047
	
=> Training epoch # 168	
 * Finished epoch # 168     top1:  28.525  top5:   8.037
	
=> Training epoch # 169	
 * Finished epoch # 169     top1:  28.730  top5:   8.672
	
=> Training epoch # 170	
 * Finished epoch # 170     top1:  28.506  top5:   8.330
	
=> Training epoch # 171	
 * Finished epoch # 171     top1:  28.574  top5:   8.193
	
=> Training epoch # 172	
 * Finished epoch # 172     top1:  28.955  top5:   9.209
	
=> Training epoch # 173	
 * Finished epoch # 173     top1:  27.979  top5:   8.311
	
=> Training epoch # 174	
 * Finished epoch # 174     top1:  28.916  top5:   8.584
	
=> Training epoch # 175	
 * Finished epoch # 175     top1:  28.574  top5:   8.428
	
=> Training epoch # 176	
 * Finished epoch # 176     top1:  28.701  top5:   8.623
	
=> Training epoch # 177	
 * Finished epoch # 177     top1:  28.545  top5:   8.750
	
=> Training epoch # 178	
 * Finished epoch # 178     top1:  28.223  top5:   8.008
	
=> Training epoch # 179	
 * Finished epoch # 179     top1:  28.027  top5:   8.398
	
=> Training epoch # 180	
 * Finished epoch # 180     top1:  29.209  top5:   8.750
	
=> Training epoch # 181	
 * Finished epoch # 181     top1:  29.336  top5:   9.131
	
=> Training epoch # 182	
 * Finished epoch # 182     top1:  29.561  top5:   8.926
	
=> Training epoch # 183	
 * Finished epoch # 183     top1:  28.369  top5:   8.623
	
=> Training epoch # 184	
 * Finished epoch # 184     top1:  29.033  top5:   8.984
	
=> Training epoch # 185	
 * Finished epoch # 185     top1:  28.896  top5:   8.281
	
=> Training epoch # 186	
 * Finished epoch # 186     top1:  28.389  top5:   8.506
	
=> Training epoch # 187	
 * Finished epoch # 187     top1:  28.828  top5:   8.594
	
=> Training epoch # 188	
 * Finished epoch # 188     top1:  29.326  top5:   8.770
	
=> Training epoch # 189	
 * Finished epoch # 189     top1:  28.252  top5:   8.281
	
=> Training epoch # 190	
 * Finished epoch # 190     top1:  29.395  top5:   8.594
	
=> Training epoch # 191	
 * Finished epoch # 191     top1:  28.740  top5:   8.672
	
=> Training epoch # 192	
 * Finished epoch # 192     top1:  29.170  top5:   8.721
	
=> Training epoch # 193	
 * Finished epoch # 193     top1:  29.297  top5:   8.848
	
=> Training epoch # 194	
 * Finished epoch # 194     top1:  29.629  top5:   9.014
	
=> Training epoch # 195	
 * Finished epoch # 195     top1:  28.379  top5:   8.789
	
=> Training epoch # 196	
 * Finished epoch # 196     top1:  29.238  top5:   8.984
	
=> Training epoch # 197	
 * Finished epoch # 197     top1:  29.062  top5:   8.711
	
=> Training epoch # 198	
 * Finished epoch # 198     top1:  29.346  top5:   8.984
	
=> Training epoch # 199	
 * Finished epoch # 199     top1:  30.752  top5:   9.678
	
=> Training epoch # 200	
 * Finished epoch # 200     top1:  29.785  top5:   9.336
	
 * Finished top1: 27.119  top5:  7.627	
