{
  cudnn : "fastest"
  LR : 0.1
  nThreads : 2
  nClasses : 0
  batchSize : 256
  testOnly : false
  netType : "resnet"
  resetClassifier : false
  shortcutType : "A"
  gen : "gen"
  nGPU : 1
  depth : 20
  weightDecay : 0.001
  data : ""
  dataset : "cifar100"
  epochNumber : 1
  manualSeed : 2
  resume : "results/results-elu/try5/cifar100/20"
  optimState : "none"
  nEpochs : 200
  tenCrop : false
  shareGradInput : false
  backend : "cudnn"
  momentum : 0.9
  retrain : "none"
}
=> Creating model from file: models/resnet.lua	
 | ResNet-20 CIFAR-100	
nn.Sequential {
  [input -> (1) -> (2) -> (3) -> (4) -> (5) -> (6) -> (7) -> (8) -> (9) -> output]
  (1): cudnn.SpatialConvolution(3 -> 16, 3x3, 1,1, 1,1) without bias
  (2): nn.ELU (alpha:1.000000)
  (3): nn.Sequential {
    [input -> (1) -> (2) -> (3) -> output]
    (1): nn.Sequential {
      [input -> (1) -> (2) -> output]
      (1): nn.ConcatTable {
        input
          |`-> (1): nn.Sequential {
          |      [input -> (1) -> (2) -> (3) -> (4) -> output]
          |      (1): cudnn.SpatialConvolution(16 -> 16, 3x3, 1,1, 1,1) without bias
          |      (2): nn.ELU (alpha:1.000000)
          |      (3): cudnn.SpatialConvolution(16 -> 16, 3x3, 1,1, 1,1) without bias
          |      (4): nn.SpatialBatchNormalization (4D) (16)
          |    }
           `-> (2): nn.Identity
           ... -> output
      }
      (2): nn.CAddTable
    }
    (2): nn.Sequential {
      [input -> (1) -> (2) -> output]
      (1): nn.ConcatTable {
        input
          |`-> (1): nn.Sequential {
          |      [input -> (1) -> (2) -> (3) -> (4) -> output]
          |      (1): cudnn.SpatialConvolution(16 -> 16, 3x3, 1,1, 1,1) without bias
          |      (2): nn.ELU (alpha:1.000000)
          |      (3): cudnn.SpatialConvolution(16 -> 16, 3x3, 1,1, 1,1) without bias
          |      (4): nn.SpatialBatchNormalization (4D) (16)
          |    }
           `-> (2): nn.Identity
           ... -> output
      }
      (2): nn.CAddTable
    }
    (3): nn.Sequential {
      [input -> (1) -> (2) -> output]
      (1): nn.ConcatTable {
        input
          |`-> (1): nn.Sequential {
          |      [input -> (1) -> (2) -> (3) -> (4) -> output]
          |      (1): cudnn.SpatialConvolution(16 -> 16, 3x3, 1,1, 1,1) without bias
          |      (2): nn.ELU (alpha:1.000000)
          |      (3): cudnn.SpatialConvolution(16 -> 16, 3x3, 1,1, 1,1) without bias
          |      (4): nn.SpatialBatchNormalization (4D) (16)
          |    }
           `-> (2): nn.Identity
           ... -> output
      }
      (2): nn.CAddTable
    }
  }
  (4): nn.Sequential {
    [input -> (1) -> (2) -> (3) -> output]
    (1): nn.Sequential {
      [input -> (1) -> (2) -> output]
      (1): nn.ConcatTable {
        input
          |`-> (1): nn.Sequential {
          |      [input -> (1) -> (2) -> (3) -> (4) -> output]
          |      (1): cudnn.SpatialConvolution(16 -> 32, 3x3, 2,2, 1,1) without bias
          |      (2): nn.ELU (alpha:1.000000)
          |      (3): cudnn.SpatialConvolution(32 -> 32, 3x3, 1,1, 1,1) without bias
          |      (4): nn.SpatialBatchNormalization (4D) (32)
          |    }
           `-> (2): nn.Sequential {
                 [input -> (1) -> (2) -> output]
                 (1): nn.SpatialAveragePooling(1x1, 2,2)
                 (2): nn.Concat {
                   input
                     |`-> (1): nn.Identity
                      `-> (2): nn.MulConstant
                      ... -> output
                 }
               }
           ... -> output
      }
      (2): nn.CAddTable
    }
    (2): nn.Sequential {
      [input -> (1) -> (2) -> output]
      (1): nn.ConcatTable {
        input
          |`-> (1): nn.Sequential {
          |      [input -> (1) -> (2) -> (3) -> (4) -> output]
          |      (1): cudnn.SpatialConvolution(32 -> 32, 3x3, 1,1, 1,1) without bias
          |      (2): nn.ELU (alpha:1.000000)
          |      (3): cudnn.SpatialConvolution(32 -> 32, 3x3, 1,1, 1,1) without bias
          |      (4): nn.SpatialBatchNormalization (4D) (32)
          |    }
           `-> (2): nn.Identity
           ... -> output
      }
      (2): nn.CAddTable
    }
    (3): nn.Sequential {
      [input -> (1) -> (2) -> output]
      (1): nn.ConcatTable {
        input
          |`-> (1): nn.Sequential {
          |      [input -> (1) -> (2) -> (3) -> (4) -> output]
          |      (1): cudnn.SpatialConvolution(32 -> 32, 3x3, 1,1, 1,1) without bias
          |      (2): nn.ELU (alpha:1.000000)
          |      (3): cudnn.SpatialConvolution(32 -> 32, 3x3, 1,1, 1,1) without bias
          |      (4): nn.SpatialBatchNormalization (4D) (32)
          |    }
           `-> (2): nn.Identity
           ... -> output
      }
      (2): nn.CAddTable
    }
  }
  (5): nn.Sequential {
    [input -> (1) -> (2) -> (3) -> output]
    (1): nn.Sequential {
      [input -> (1) -> (2) -> output]
      (1): nn.ConcatTable {
        input
          |`-> (1): nn.Sequential {
          |      [input -> (1) -> (2) -> (3) -> (4) -> output]
          |      (1): cudnn.SpatialConvolution(32 -> 64, 3x3, 2,2, 1,1) without bias
          |      (2): nn.ELU (alpha:1.000000)
          |      (3): cudnn.SpatialConvolution(64 -> 64, 3x3, 1,1, 1,1) without bias
          |      (4): nn.SpatialBatchNormalization (4D) (64)
          |    }
           `-> (2): nn.Sequential {
                 [input -> (1) -> (2) -> output]
                 (1): nn.SpatialAveragePooling(1x1, 2,2)
                 (2): nn.Concat {
                   input
                     |`-> (1): nn.Identity
                      `-> (2): nn.MulConstant
                      ... -> output
                 }
               }
           ... -> output
      }
      (2): nn.CAddTable
    }
    (2): nn.Sequential {
      [input -> (1) -> (2) -> output]
      (1): nn.ConcatTable {
        input
          |`-> (1): nn.Sequential {
          |      [input -> (1) -> (2) -> (3) -> (4) -> output]
          |      (1): cudnn.SpatialConvolution(64 -> 64, 3x3, 1,1, 1,1) without bias
          |      (2): nn.ELU (alpha:1.000000)
          |      (3): cudnn.SpatialConvolution(64 -> 64, 3x3, 1,1, 1,1) without bias
          |      (4): nn.SpatialBatchNormalization (4D) (64)
          |    }
           `-> (2): nn.Identity
           ... -> output
      }
      (2): nn.CAddTable
    }
    (3): nn.Sequential {
      [input -> (1) -> (2) -> output]
      (1): nn.ConcatTable {
        input
          |`-> (1): nn.Sequential {
          |      [input -> (1) -> (2) -> (3) -> (4) -> output]
          |      (1): cudnn.SpatialConvolution(64 -> 64, 3x3, 1,1, 1,1) without bias
          |      (2): nn.ELU (alpha:1.000000)
          |      (3): cudnn.SpatialConvolution(64 -> 64, 3x3, 1,1, 1,1) without bias
          |      (4): nn.SpatialBatchNormalization (4D) (64)
          |    }
           `-> (2): nn.Identity
           ... -> output
      }
      (2): nn.CAddTable
    }
  }
  (6): nn.ELU (alpha:1.000000)
  (7): cudnn.SpatialAveragePooling(8x8, 1,1)
  (8): nn.View(64)
  (9): nn.Linear(64 -> 100)
}
=> Training epoch # 1	
 * Finished epoch # 1     top1:  85.527  top5:  61.113
	
 * Best model 	85.52734375	61.11328125	
=> Training epoch # 2	
 * Finished epoch # 2     top1:  77.061  top5:  47.793
	
 * Best model 	77.060546875	47.79296875	
=> Training epoch # 3	
 * Finished epoch # 3     top1:  72.881  top5:  41.475
	
 * Best model 	72.880859375	41.474609375	
=> Training epoch # 4	
 * Finished epoch # 4     top1:  67.822  top5:  34.248
	
 * Best model 	67.822265625	34.248046875	
=> Training epoch # 5	
 * Finished epoch # 5     top1:  64.922  top5:  31.943
	
 * Best model 	64.921875	31.943359375	
=> Training epoch # 6	
 * Finished epoch # 6     top1:  63.447  top5:  28.438
	
 * Best model 	63.447265625	28.4375	
=> Training epoch # 7	
 * Finished epoch # 7     top1:  59.824  top5:  26.826
	
 * Best model 	59.82421875	26.826171875	
=> Training epoch # 8	
 * Finished epoch # 8     top1:  63.184  top5:  29.863
	
=> Training epoch # 9	
 * Finished epoch # 9     top1:  57.432  top5:  25.332
	
 * Best model 	57.431640625	25.33203125	
=> Training epoch # 10	
 * Finished epoch # 10     top1:  55.469  top5:  23.652
	
 * Best model 	55.46875	23.65234375	
=> Training epoch # 11	
 * Finished epoch # 11     top1:  55.127  top5:  23.281
	
 * Best model 	55.126953125	23.28125	
=> Training epoch # 12	
 * Finished epoch # 12     top1:  56.113  top5:  24.854
	
=> Training epoch # 13	
 * Finished epoch # 13     top1:  57.920  top5:  25.742
	
=> Training epoch # 14	
 * Finished epoch # 14     top1:  54.746  top5:  21.338
	
 * Best model 	54.74609375	21.337890625	
=> Training epoch # 15	
 * Finished epoch # 15     top1:  53.955  top5:  21.484
	
 * Best model 	53.955078125	21.484375	
=> Training epoch # 16	
 * Finished epoch # 16     top1:  52.305  top5:  20.713
	
 * Best model 	52.3046875	20.712890625	
=> Training epoch # 17	
 * Finished epoch # 17     top1:  52.490  top5:  20.547
	
=> Training epoch # 18	
 * Finished epoch # 18     top1:  51.465  top5:  19.893
	
 * Best model 	51.46484375	19.892578125	
=> Training epoch # 19	
 * Finished epoch # 19     top1:  49.854  top5:  18.711
	
 * Best model 	49.853515625	18.7109375	
=> Training epoch # 20	
 * Finished epoch # 20     top1:  50.596  top5:  19.854
	
=> Training epoch # 21	
 * Finished epoch # 21     top1:  54.932  top5:  23.662
	
=> Training epoch # 22	
 * Finished epoch # 22     top1:  50.156  top5:  19.434
	
=> Training epoch # 23	
 * Finished epoch # 23     top1:  51.455  top5:  20.078
	
=> Training epoch # 24	
 * Finished epoch # 24     top1:  53.408  top5:  21.855
	
=> Training epoch # 25	
 * Finished epoch # 25     top1:  49.014  top5:  18.457
	
 * Best model 	49.013671875	18.45703125	
=> Training epoch # 26	
 * Finished epoch # 26     top1:  48.564  top5:  18.516
	
 * Best model 	48.564453125	18.515625	
=> Training epoch # 27	
 * Finished epoch # 27     top1:  50.957  top5:  19.336
	
=> Training epoch # 28	
 * Finished epoch # 28     top1:  51.777  top5:  20.811
	
=> Training epoch # 29	
 * Finished epoch # 29     top1:  47.266  top5:  16.650
	
 * Best model 	47.265625	16.650390625	
=> Training epoch # 30	
 * Finished epoch # 30     top1:  48.164  top5:  17.725
	
=> Training epoch # 31	
 * Finished epoch # 31     top1:  50.605  top5:  19.834
	
=> Training epoch # 32	
 * Finished epoch # 32     top1:  47.529  top5:  17.275
	
=> Training epoch # 33	
 * Finished epoch # 33     top1:  53.232  top5:  21.426
	
=> Training epoch # 34	
 * Finished epoch # 34     top1:  50.137  top5:  19.492
	
=> Training epoch # 35	
 * Finished epoch # 35     top1:  48.711  top5:  18.320
	
=> Training epoch # 36	
 * Finished epoch # 36     top1:  51.855  top5:  20.703
	
=> Training epoch # 37	
 * Finished epoch # 37     top1:  51.865  top5:  20.547
	
=> Training epoch # 38	
 * Finished epoch # 38     top1:  47.773  top5:  17.773
	
=> Training epoch # 39	
 * Finished epoch # 39     top1:  55.869  top5:  24.023
	
=> Training epoch # 40	
 * Finished epoch # 40     top1:  50.996  top5:  19.570
	
=> Training epoch # 41	
 * Finished epoch # 41     top1:  52.451  top5:  20.986
	
=> Training epoch # 42	
 * Finished epoch # 42     top1:  49.102  top5:  18.555
	
=> Training epoch # 43	
 * Finished epoch # 43     top1:  49.688  top5:  19.951
	
=> Training epoch # 44	
 * Finished epoch # 44     top1:  49.609  top5:  19.062
	
=> Training epoch # 45	
 * Finished epoch # 45     top1:  51.641  top5:  20.791
	
=> Training epoch # 46	
 * Finished epoch # 46     top1:  48.770  top5:  18.506
	
=> Training epoch # 47	
 * Finished epoch # 47     top1:  47.061  top5:  16.934
	
 * Best model 	47.060546875	16.93359375	
=> Training epoch # 48	
 * Finished epoch # 48     top1:  51.553  top5:  20.156
	
=> Training epoch # 49	
 * Finished epoch # 49     top1:  47.148  top5:  17.539
	
=> Training epoch # 50	
 * Finished epoch # 50     top1:  47.021  top5:  18.291
	
 * Best model 	47.021484375	18.291015625	
=> Training epoch # 51	
 * Finished epoch # 51     top1:  49.756  top5:  19.414
	
=> Training epoch # 52	
 * Finished epoch # 52     top1:  47.256  top5:  17.295
	
=> Training epoch # 53	
 * Finished epoch # 53     top1:  47.578  top5:  18.701
	
=> Training epoch # 54	
 * Finished epoch # 54     top1:  47.588  top5:  18.467
	
=> Training epoch # 55	
 * Finished epoch # 55     top1:  47.217  top5:  17.471
	
=> Training epoch # 56	
 * Finished epoch # 56     top1:  49.346  top5:  18.047
	
=> Training epoch # 57	
 * Finished epoch # 57     top1:  51.006  top5:  20.068
	
=> Training epoch # 58	
 * Finished epoch # 58     top1:  45.879  top5:  17.334
	
 * Best model 	45.87890625	17.333984375	
=> Training epoch # 59	
 * Finished epoch # 59     top1:  48.545  top5:  18.125
	
=> Training epoch # 60	
 * Finished epoch # 60     top1:  47.236  top5:  17.598
	
=> Training epoch # 61	
 * Finished epoch # 61     top1:  46.689  top5:  17.119
	
=> Training epoch # 62	
 * Finished epoch # 62     top1:  48.291  top5:  17.959
	
=> Training epoch # 63	
 * Finished epoch # 63     top1:  49.375  top5:  18.643
	
=> Training epoch # 64	
 * Finished epoch # 64     top1:  51.426  top5:  20.537
	
=> Training epoch # 65	
 * Finished epoch # 65     top1:  46.611  top5:  17.188
	
=> Training epoch # 66	
 * Finished epoch # 66     top1:  49.297  top5:  19.111
	
=> Training epoch # 67	
 * Finished epoch # 67     top1:  48.945  top5:  19.434
	
=> Training epoch # 68	
 * Finished epoch # 68     top1:  48.184  top5:  17.168
	
=> Training epoch # 69	
 * Finished epoch # 69     top1:  45.703  top5:  16.348
	
 * Best model 	45.703125	16.34765625	
=> Training epoch # 70	
 * Finished epoch # 70     top1:  46.992  top5:  16.904
	
=> Training epoch # 71	
 * Finished epoch # 71     top1:  48.828  top5:  17.549
	
=> Training epoch # 72	
 * Finished epoch # 72     top1:  50.205  top5:  20.840
	
=> Training epoch # 73	
 * Finished epoch # 73     top1:  46.357  top5:  16.621
	
=> Training epoch # 74	
 * Finished epoch # 74     top1:  48.311  top5:  18.379
	
=> Training epoch # 75	
 * Finished epoch # 75     top1:  50.449  top5:  19.619
	
=> Training epoch # 76	
 * Finished epoch # 76     top1:  52.041  top5:  20.098
	
=> Training epoch # 77	
 * Finished epoch # 77     top1:  52.275  top5:  20.947
	
=> Training epoch # 78	
 * Finished epoch # 78     top1:  47.930  top5:  17.959
	
=> Training epoch # 79	
 * Finished epoch # 79     top1:  47.539  top5:  17.285
	
=> Training epoch # 80	
 * Finished epoch # 80     top1:  46.309  top5:  17.031
	
=> Training epoch # 81	
 * Finished epoch # 81     top1:  33.838  top5:   9.346
	
 * Best model 	33.837890625	9.345703125	
=> Training epoch # 82	
 * Finished epoch # 82     top1:  33.223  top5:   8.906
	
 * Best model 	33.22265625	8.90625	
=> Training epoch # 83	
 * Finished epoch # 83     top1:  33.379  top5:   9.053
	
=> Training epoch # 84	
 * Finished epoch # 84     top1:  33.135  top5:   9.033
	
 * Best model 	33.134765625	9.033203125	
=> Training epoch # 85	
 * Finished epoch # 85     top1:  32.490  top5:   9.053
	
 * Best model 	32.490234375	9.052734375	
=> Training epoch # 86	
 * Finished epoch # 86     top1:  32.939  top5:   8.770
	
=> Training epoch # 87	
 * Finished epoch # 87     top1:  33.486  top5:   9.014
	
=> Training epoch # 88	
 * Finished epoch # 88     top1:  33.604  top5:   9.004
	
=> Training epoch # 89	
 * Finished epoch # 89     top1:  33.555  top5:   9.043
	
=> Training epoch # 90	
 * Finished epoch # 90     top1:  33.242  top5:   9.668
	
=> Training epoch # 91	
 * Finished epoch # 91     top1:  33.848  top5:   9.463
	
=> Training epoch # 92	
 * Finished epoch # 92     top1:  33.730  top5:   9.541
	
=> Training epoch # 93	
 * Finished epoch # 93     top1:  33.594  top5:   9.170
	
=> Training epoch # 94	
 * Finished epoch # 94     top1:  33.682  top5:   9.307
	
=> Training epoch # 95	
 * Finished epoch # 95     top1:  33.975  top5:  10.039
	
=> Training epoch # 96	
 * Finished epoch # 96     top1:  34.590  top5:   9.922
	
=> Training epoch # 97	
 * Finished epoch # 97     top1:  35.117  top5:  10.273
	
=> Training epoch # 98	
 * Finished epoch # 98     top1:  35.117  top5:  10.107
	
=> Training epoch # 99	
 * Finished epoch # 99     top1:  34.795  top5:   9.854
	
=> Training epoch # 100	
 * Finished epoch # 100     top1:  36.211  top5:  11.182
	
=> Training epoch # 101	
 * Finished epoch # 101     top1:  35.898  top5:  10.488
	
=> Training epoch # 102	
 * Finished epoch # 102     top1:  35.117  top5:  10.078
	
=> Training epoch # 103	
 * Finished epoch # 103     top1:  35.127  top5:  10.693
	
=> Training epoch # 104	
 * Finished epoch # 104     top1:  36.445  top5:  11.084
	
=> Training epoch # 105	
 * Finished epoch # 105     top1:  36.162  top5:  10.703
	
=> Training epoch # 106	
 * Finished epoch # 106     top1:  36.543  top5:  11.445
	
=> Training epoch # 107	
 * Finished epoch # 107     top1:  35.576  top5:  10.732
	
=> Training epoch # 108	
 * Finished epoch # 108     top1:  35.527  top5:  10.859
	
=> Training epoch # 109	
 * Finished epoch # 109     top1:  36.895  top5:  10.957
	
=> Training epoch # 110	
 * Finished epoch # 110     top1:  37.246  top5:  11.992
	
=> Training epoch # 111	
 * Finished epoch # 111     top1:  36.777  top5:  10.908
	
=> Training epoch # 112	
 * Finished epoch # 112     top1:  37.070  top5:  11.182
	
=> Training epoch # 113	
 * Finished epoch # 113     top1:  38.145  top5:  11.465
	
=> Training epoch # 114	
 * Finished epoch # 114     top1:  38.301  top5:  11.621
	
=> Training epoch # 115	
 * Finished epoch # 115     top1:  35.850  top5:  11.064
	
=> Training epoch # 116	
 * Finished epoch # 116     top1:  37.256  top5:  11.699
	
=> Training epoch # 117	
 * Finished epoch # 117     top1:  36.641  top5:  11.230
	
=> Training epoch # 118	
 * Finished epoch # 118     top1:  37.080  top5:  10.879
	
=> Training epoch # 119	
 * Finished epoch # 119     top1:  36.689  top5:  11.572
	
=> Training epoch # 120	
 * Finished epoch # 120     top1:  35.977  top5:  10.791
	
=> Training epoch # 121	
 * Finished epoch # 121     top1:  38.018  top5:  11.943
	
=> Training epoch # 122	
 * Finished epoch # 122     top1:  31.035  top5:   8.096
	
 * Best model 	31.03515625	8.095703125	
=> Training epoch # 123	
 * Finished epoch # 123     top1:  30.850  top5:   8.457
	
 * Best model 	30.849609375	8.45703125	
=> Training epoch # 124	
 * Finished epoch # 124     top1:  30.811  top5:   8.115
	
 * Best model 	30.810546875	8.115234375	
=> Training epoch # 125	
 * Finished epoch # 125     top1:  30.820  top5:   8.115
	
=> Training epoch # 126	
 * Finished epoch # 126     top1:  30.977  top5:   8.486
	
=> Training epoch # 127	
 * Finished epoch # 127     top1:  30.586  top5:   8.477
	
 * Best model 	30.5859375	8.4765625	
=> Training epoch # 128	
 * Finished epoch # 128     top1:  30.811  top5:   8.232
	
=> Training epoch # 129	
 * Finished epoch # 129     top1:  30.684  top5:   7.998
	
=> Training epoch # 130	
 * Finished epoch # 130     top1:  30.469  top5:   8.203
	
 * Best model 	30.46875	8.203125	
=> Training epoch # 131	
 * Finished epoch # 131     top1:  31.045  top5:   8.701
	
=> Training epoch # 132	
 * Finished epoch # 132     top1:  30.850  top5:   8.408
	
=> Training epoch # 133	
 * Finished epoch # 133     top1:  30.908  top5:   8.193
	
=> Training epoch # 134	
 * Finished epoch # 134     top1:  30.605  top5:   8.467
	
=> Training epoch # 135	
 * Finished epoch # 135     top1:  30.986  top5:   8.389
	
=> Training epoch # 136	
 * Finished epoch # 136     top1:  30.918  top5:   8.516
	
=> Training epoch # 137	
 * Finished epoch # 137     top1:  31.377  top5:   8.613
	
=> Training epoch # 138	
 * Finished epoch # 138     top1:  30.674  top5:   8.389
	
=> Training epoch # 139	
 * Finished epoch # 139     top1:  31.133  top5:   8.408
	
=> Training epoch # 140	
 * Finished epoch # 140     top1:  30.664  top5:   8.398
	
=> Training epoch # 141	
 * Finished epoch # 141     top1:  30.527  top5:   8.135
	
=> Training epoch # 142	
 * Finished epoch # 142     top1:  31.377  top5:   8.857
	
=> Training epoch # 143	
 * Finished epoch # 143     top1:  31.055  top5:   8.799
	
=> Training epoch # 144	
 * Finished epoch # 144     top1:  30.879  top5:   8.467
	
=> Training epoch # 145	
 * Finished epoch # 145     top1:  30.713  top5:   8.320
	
=> Training epoch # 146	
 * Finished epoch # 146     top1:  31.172  top5:   8.242
	
=> Training epoch # 147	
 * Finished epoch # 147     top1:  30.820  top5:   8.428
	
=> Training epoch # 148	
 * Finished epoch # 148     top1:  31.504  top5:   8.564
	
=> Training epoch # 149	
 * Finished epoch # 149     top1:  30.918  top5:   8.457
	
=> Training epoch # 150	
 * Finished epoch # 150     top1:  31.416  top5:   8.818
	
=> Training epoch # 151	
 * Finished epoch # 151     top1:  30.732  top5:   8.428
	
=> Training epoch # 152	
 * Finished epoch # 152     top1:  31.084  top5:   8.477
	
=> Training epoch # 153	
 * Finished epoch # 153     top1:  31.465  top5:   8.906
	
=> Training epoch # 154	
 * Finished epoch # 154     top1:  30.879  top5:   8.428
	
=> Training epoch # 155	
 * Finished epoch # 155     top1:  31.201  top5:   8.848
	
=> Training epoch # 156	
 * Finished epoch # 156     top1:  31.055  top5:   8.584
	
=> Training epoch # 157	
 * Finished epoch # 157     top1:  31.299  top5:   8.936
	
=> Training epoch # 158	
 * Finished epoch # 158     top1:  31.084  top5:   8.535
	
=> Training epoch # 159	
 * Finished epoch # 159     top1:  30.410  top5:   8.359
	
 * Best model 	30.41015625	8.359375	
=> Training epoch # 160	
 * Finished epoch # 160     top1:  30.645  top5:   8.496
	
=> Training epoch # 161	
 * Finished epoch # 161     top1:  31.514  top5:   8.525
	
=> Training epoch # 162	
 * Finished epoch # 162     top1:  31.328  top5:   8.789
	
=> Training epoch # 163	
 * Finished epoch # 163     top1:  31.562  top5:   8.535
	
=> Training epoch # 164	
 * Finished epoch # 164     top1:  31.289  top5:   8.760
	
=> Training epoch # 165	
 * Finished epoch # 165     top1:  31.475  top5:   8.564
	
=> Training epoch # 166	
 * Finished epoch # 166     top1:  31.729  top5:   8.691
	
=> Training epoch # 167	
 * Finished epoch # 167     top1:  31.426  top5:   8.926
	
=> Training epoch # 168	
 * Finished epoch # 168     top1:  30.869  top5:   8.516
	
=> Training epoch # 169	
 * Finished epoch # 169     top1:  30.928  top5:   8.770
	
=> Training epoch # 170	
 * Finished epoch # 170     top1:  31.377  top5:   8.691
	
=> Training epoch # 171	
 * Finished epoch # 171     top1:  31.133  top5:   8.232
	
=> Training epoch # 172	
 * Finished epoch # 172     top1:  31.689  top5:   8.438
	
=> Training epoch # 173	
 * Finished epoch # 173     top1:  31.416  top5:   8.994
	
=> Training epoch # 174	
 * Finished epoch # 174     top1:  31.240  top5:   9.033
	
=> Training epoch # 175	
 * Finished epoch # 175     top1:  32.559  top5:   8.926
	
=> Training epoch # 176	
 * Finished epoch # 176     top1:  31.836  top5:   8.926
	
=> Training epoch # 177	
 * Finished epoch # 177     top1:  31.670  top5:   8.701
	
=> Training epoch # 178	
 * Finished epoch # 178     top1:  32.119  top5:   8.838
	
=> Training epoch # 179	
 * Finished epoch # 179     top1:  31.133  top5:   8.457
	
=> Training epoch # 180	
 * Finished epoch # 180     top1:  31.553  top5:   8.936
	
=> Training epoch # 181	
 * Finished epoch # 181     top1:  31.406  top5:   8.740
	
=> Training epoch # 182	
 * Finished epoch # 182     top1:  31.719  top5:   8.555
	
=> Training epoch # 183	
 * Finished epoch # 183     top1:  31.299  top5:   8.633
	
=> Training epoch # 184	
 * Finished epoch # 184     top1:  32.061  top5:   8.877
	
=> Training epoch # 185	
 * Finished epoch # 185     top1:  31.748  top5:   8.643
	
=> Training epoch # 186	
 * Finished epoch # 186     top1:  31.631  top5:   8.457
	
=> Training epoch # 187	
 * Finished epoch # 187     top1:  32.129  top5:   8.447
	
=> Training epoch # 188	
 * Finished epoch # 188     top1:  31.865  top5:   8.975
	
=> Training epoch # 189	
 * Finished epoch # 189     top1:  32.139  top5:   8.701
	
=> Training epoch # 190	
 * Finished epoch # 190     top1:  31.904  top5:   8.652
	
=> Training epoch # 191	
 * Finished epoch # 191     top1:  31.719  top5:   8.887
	
=> Training epoch # 192	
 * Finished epoch # 192     top1:  32.500  top5:   9.023
	
=> Training epoch # 193	
 * Finished epoch # 193     top1:  31.797  top5:   8.701
	
=> Training epoch # 194	
 * Finished epoch # 194     top1:  32.461  top5:   9.219
	
=> Training epoch # 195	
 * Finished epoch # 195     top1:  31.504  top5:   8.721
	
=> Training epoch # 196	
 * Finished epoch # 196     top1:  31.680  top5:   8.770
	
=> Training epoch # 197	
 * Finished epoch # 197     top1:  32.695  top5:   9.688
	
=> Training epoch # 198	
 * Finished epoch # 198     top1:  31.484  top5:   8.691
	
=> Training epoch # 199	
 * Finished epoch # 199     top1:  31.670  top5:   8.906
	
=> Training epoch # 200	
 * Finished epoch # 200     top1:  32.070  top5:   8.936
	
 * Finished top1: 30.410  top5:  8.359	
