{
  cudnn : "fastest"
  LR : 0.1
  nThreads : 2
  nClasses : 0
  batchSize : 256
  testOnly : false
  netType : "resnet"
  resetClassifier : false
  shortcutType : "A"
  gen : "gen"
  nGPU : 1
  depth : 44
  weightDecay : 0.001
  data : ""
  dataset : "cifar100"
  epochNumber : 1
  manualSeed : 2
  resume : "results/results-elu/try1/cifar100/44"
  optimState : "none"
  nEpochs : 200
  tenCrop : false
  shareGradInput : false
  backend : "cudnn"
  momentum : 0.9
  retrain : "none"
}
=> Creating model from file: models/resnet.lua	
 | ResNet-44 CIFAR-100	
nn.Sequential {
  [input -> (1) -> (2) -> (3) -> (4) -> (5) -> (6) -> (7) -> (8) -> (9) -> output]
  (1): cudnn.SpatialConvolution(3 -> 16, 3x3, 1,1, 1,1) without bias
  (2): nn.ELU (alpha:1.000000)
  (3): nn.Sequential {
    [input -> (1) -> (2) -> (3) -> (4) -> (5) -> (6) -> (7) -> output]
    (1): nn.Sequential {
      [input -> (1) -> (2) -> output]
      (1): nn.ConcatTable {
        input
          |`-> (1): nn.Sequential {
          |      [input -> (1) -> (2) -> (3) -> (4) -> output]
          |      (1): cudnn.SpatialConvolution(16 -> 16, 3x3, 1,1, 1,1) without bias
          |      (2): nn.ELU (alpha:1.000000)
          |      (3): cudnn.SpatialConvolution(16 -> 16, 3x3, 1,1, 1,1) without bias
          |      (4): nn.SpatialBatchNormalization (4D) (16)
          |    }
           `-> (2): nn.Identity
           ... -> output
      }
      (2): nn.CAddTable
    }
    (2): nn.Sequential {
      [input -> (1) -> (2) -> output]
      (1): nn.ConcatTable {
        input
          |`-> (1): nn.Sequential {
          |      [input -> (1) -> (2) -> (3) -> (4) -> output]
          |      (1): cudnn.SpatialConvolution(16 -> 16, 3x3, 1,1, 1,1) without bias
          |      (2): nn.ELU (alpha:1.000000)
          |      (3): cudnn.SpatialConvolution(16 -> 16, 3x3, 1,1, 1,1) without bias
          |      (4): nn.SpatialBatchNormalization (4D) (16)
          |    }
           `-> (2): nn.Identity
           ... -> output
      }
      (2): nn.CAddTable
    }
    (3): nn.Sequential {
      [input -> (1) -> (2) -> output]
      (1): nn.ConcatTable {
        input
          |`-> (1): nn.Sequential {
          |      [input -> (1) -> (2) -> (3) -> (4) -> output]
          |      (1): cudnn.SpatialConvolution(16 -> 16, 3x3, 1,1, 1,1) without bias
          |      (2): nn.ELU (alpha:1.000000)
          |      (3): cudnn.SpatialConvolution(16 -> 16, 3x3, 1,1, 1,1) without bias
          |      (4): nn.SpatialBatchNormalization (4D) (16)
          |    }
           `-> (2): nn.Identity
           ... -> output
      }
      (2): nn.CAddTable
    }
    (4): nn.Sequential {
      [input -> (1) -> (2) -> output]
      (1): nn.ConcatTable {
        input
          |`-> (1): nn.Sequential {
          |      [input -> (1) -> (2) -> (3) -> (4) -> output]
          |      (1): cudnn.SpatialConvolution(16 -> 16, 3x3, 1,1, 1,1) without bias
          |      (2): nn.ELU (alpha:1.000000)
          |      (3): cudnn.SpatialConvolution(16 -> 16, 3x3, 1,1, 1,1) without bias
          |      (4): nn.SpatialBatchNormalization (4D) (16)
          |    }
           `-> (2): nn.Identity
           ... -> output
      }
      (2): nn.CAddTable
    }
    (5): nn.Sequential {
      [input -> (1) -> (2) -> output]
      (1): nn.ConcatTable {
        input
          |`-> (1): nn.Sequential {
          |      [input -> (1) -> (2) -> (3) -> (4) -> output]
          |      (1): cudnn.SpatialConvolution(16 -> 16, 3x3, 1,1, 1,1) without bias
          |      (2): nn.ELU (alpha:1.000000)
          |      (3): cudnn.SpatialConvolution(16 -> 16, 3x3, 1,1, 1,1) without bias
          |      (4): nn.SpatialBatchNormalization (4D) (16)
          |    }
           `-> (2): nn.Identity
           ... -> output
      }
      (2): nn.CAddTable
    }
    (6): nn.Sequential {
      [input -> (1) -> (2) -> output]
      (1): nn.ConcatTable {
        input
          |`-> (1): nn.Sequential {
          |      [input -> (1) -> (2) -> (3) -> (4) -> output]
          |      (1): cudnn.SpatialConvolution(16 -> 16, 3x3, 1,1, 1,1) without bias
          |      (2): nn.ELU (alpha:1.000000)
          |      (3): cudnn.SpatialConvolution(16 -> 16, 3x3, 1,1, 1,1) without bias
          |      (4): nn.SpatialBatchNormalization (4D) (16)
          |    }
           `-> (2): nn.Identity
           ... -> output
      }
      (2): nn.CAddTable
    }
    (7): nn.Sequential {
      [input -> (1) -> (2) -> output]
      (1): nn.ConcatTable {
        input
          |`-> (1): nn.Sequential {
          |      [input -> (1) -> (2) -> (3) -> (4) -> output]
          |      (1): cudnn.SpatialConvolution(16 -> 16, 3x3, 1,1, 1,1) without bias
          |      (2): nn.ELU (alpha:1.000000)
          |      (3): cudnn.SpatialConvolution(16 -> 16, 3x3, 1,1, 1,1) without bias
          |      (4): nn.SpatialBatchNormalization (4D) (16)
          |    }
           `-> (2): nn.Identity
           ... -> output
      }
      (2): nn.CAddTable
    }
  }
  (4): nn.Sequential {
    [input -> (1) -> (2) -> (3) -> (4) -> (5) -> (6) -> (7) -> output]
    (1): nn.Sequential {
      [input -> (1) -> (2) -> output]
      (1): nn.ConcatTable {
        input
          |`-> (1): nn.Sequential {
          |      [input -> (1) -> (2) -> (3) -> (4) -> output]
          |      (1): cudnn.SpatialConvolution(16 -> 32, 3x3, 2,2, 1,1) without bias
          |      (2): nn.ELU (alpha:1.000000)
          |      (3): cudnn.SpatialConvolution(32 -> 32, 3x3, 1,1, 1,1) without bias
          |      (4): nn.SpatialBatchNormalization (4D) (32)
          |    }
           `-> (2): nn.Sequential {
                 [input -> (1) -> (2) -> output]
                 (1): nn.SpatialAveragePooling(1x1, 2,2)
                 (2): nn.Concat {
                   input
                     |`-> (1): nn.Identity
                      `-> (2): nn.MulConstant
                      ... -> output
                 }
               }
           ... -> output
      }
      (2): nn.CAddTable
    }
    (2): nn.Sequential {
      [input -> (1) -> (2) -> output]
      (1): nn.ConcatTable {
        input
          |`-> (1): nn.Sequential {
          |      [input -> (1) -> (2) -> (3) -> (4) -> output]
          |      (1): cudnn.SpatialConvolution(32 -> 32, 3x3, 1,1, 1,1) without bias
          |      (2): nn.ELU (alpha:1.000000)
          |      (3): cudnn.SpatialConvolution(32 -> 32, 3x3, 1,1, 1,1) without bias
          |      (4): nn.SpatialBatchNormalization (4D) (32)
          |    }
           `-> (2): nn.Identity
           ... -> output
      }
      (2): nn.CAddTable
    }
    (3): nn.Sequential {
      [input -> (1) -> (2) -> output]
      (1): nn.ConcatTable {
        input
          |`-> (1): nn.Sequential {
          |      [input -> (1) -> (2) -> (3) -> (4) -> output]
          |      (1): cudnn.SpatialConvolution(32 -> 32, 3x3, 1,1, 1,1) without bias
          |      (2): nn.ELU (alpha:1.000000)
          |      (3): cudnn.SpatialConvolution(32 -> 32, 3x3, 1,1, 1,1) without bias
          |      (4): nn.SpatialBatchNormalization (4D) (32)
          |    }
           `-> (2): nn.Identity
           ... -> output
      }
      (2): nn.CAddTable
    }
    (4): nn.Sequential {
      [input -> (1) -> (2) -> output]
      (1): nn.ConcatTable {
        input
          |`-> (1): nn.Sequential {
          |      [input -> (1) -> (2) -> (3) -> (4) -> output]
          |      (1): cudnn.SpatialConvolution(32 -> 32, 3x3, 1,1, 1,1) without bias
          |      (2): nn.ELU (alpha:1.000000)
          |      (3): cudnn.SpatialConvolution(32 -> 32, 3x3, 1,1, 1,1) without bias
          |      (4): nn.SpatialBatchNormalization (4D) (32)
          |    }
           `-> (2): nn.Identity
           ... -> output
      }
      (2): nn.CAddTable
    }
    (5): nn.Sequential {
      [input -> (1) -> (2) -> output]
      (1): nn.ConcatTable {
        input
          |`-> (1): nn.Sequential {
          |      [input -> (1) -> (2) -> (3) -> (4) -> output]
          |      (1): cudnn.SpatialConvolution(32 -> 32, 3x3, 1,1, 1,1) without bias
          |      (2): nn.ELU (alpha:1.000000)
          |      (3): cudnn.SpatialConvolution(32 -> 32, 3x3, 1,1, 1,1) without bias
          |      (4): nn.SpatialBatchNormalization (4D) (32)
          |    }
           `-> (2): nn.Identity
           ... -> output
      }
      (2): nn.CAddTable
    }
    (6): nn.Sequential {
      [input -> (1) -> (2) -> output]
      (1): nn.ConcatTable {
        input
          |`-> (1): nn.Sequential {
          |      [input -> (1) -> (2) -> (3) -> (4) -> output]
          |      (1): cudnn.SpatialConvolution(32 -> 32, 3x3, 1,1, 1,1) without bias
          |      (2): nn.ELU (alpha:1.000000)
          |      (3): cudnn.SpatialConvolution(32 -> 32, 3x3, 1,1, 1,1) without bias
          |      (4): nn.SpatialBatchNormalization (4D) (32)
          |    }
           `-> (2): nn.Identity
           ... -> output
      }
      (2): nn.CAddTable
    }
    (7): nn.Sequential {
      [input -> (1) -> (2) -> output]
      (1): nn.ConcatTable {
        input
          |`-> (1): nn.Sequential {
          |      [input -> (1) -> (2) -> (3) -> (4) -> output]
          |      (1): cudnn.SpatialConvolution(32 -> 32, 3x3, 1,1, 1,1) without bias
          |      (2): nn.ELU (alpha:1.000000)
          |      (3): cudnn.SpatialConvolution(32 -> 32, 3x3, 1,1, 1,1) without bias
          |      (4): nn.SpatialBatchNormalization (4D) (32)
          |    }
           `-> (2): nn.Identity
           ... -> output
      }
      (2): nn.CAddTable
    }
  }
  (5): nn.Sequential {
    [input -> (1) -> (2) -> (3) -> (4) -> (5) -> (6) -> (7) -> output]
    (1): nn.Sequential {
      [input -> (1) -> (2) -> output]
      (1): nn.ConcatTable {
        input
          |`-> (1): nn.Sequential {
          |      [input -> (1) -> (2) -> (3) -> (4) -> output]
          |      (1): cudnn.SpatialConvolution(32 -> 64, 3x3, 2,2, 1,1) without bias
          |      (2): nn.ELU (alpha:1.000000)
          |      (3): cudnn.SpatialConvolution(64 -> 64, 3x3, 1,1, 1,1) without bias
          |      (4): nn.SpatialBatchNormalization (4D) (64)
          |    }
           `-> (2): nn.Sequential {
                 [input -> (1) -> (2) -> output]
                 (1): nn.SpatialAveragePooling(1x1, 2,2)
                 (2): nn.Concat {
                   input
                     |`-> (1): nn.Identity
                      `-> (2): nn.MulConstant
                      ... -> output
                 }
               }
           ... -> output
      }
      (2): nn.CAddTable
    }
    (2): nn.Sequential {
      [input -> (1) -> (2) -> output]
      (1): nn.ConcatTable {
        input
          |`-> (1): nn.Sequential {
          |      [input -> (1) -> (2) -> (3) -> (4) -> output]
          |      (1): cudnn.SpatialConvolution(64 -> 64, 3x3, 1,1, 1,1) without bias
          |      (2): nn.ELU (alpha:1.000000)
          |      (3): cudnn.SpatialConvolution(64 -> 64, 3x3, 1,1, 1,1) without bias
          |      (4): nn.SpatialBatchNormalization (4D) (64)
          |    }
           `-> (2): nn.Identity
           ... -> output
      }
      (2): nn.CAddTable
    }
    (3): nn.Sequential {
      [input -> (1) -> (2) -> output]
      (1): nn.ConcatTable {
        input
          |`-> (1): nn.Sequential {
          |      [input -> (1) -> (2) -> (3) -> (4) -> output]
          |      (1): cudnn.SpatialConvolution(64 -> 64, 3x3, 1,1, 1,1) without bias
          |      (2): nn.ELU (alpha:1.000000)
          |      (3): cudnn.SpatialConvolution(64 -> 64, 3x3, 1,1, 1,1) without bias
          |      (4): nn.SpatialBatchNormalization (4D) (64)
          |    }
           `-> (2): nn.Identity
           ... -> output
      }
      (2): nn.CAddTable
    }
    (4): nn.Sequential {
      [input -> (1) -> (2) -> output]
      (1): nn.ConcatTable {
        input
          |`-> (1): nn.Sequential {
          |      [input -> (1) -> (2) -> (3) -> (4) -> output]
          |      (1): cudnn.SpatialConvolution(64 -> 64, 3x3, 1,1, 1,1) without bias
          |      (2): nn.ELU (alpha:1.000000)
          |      (3): cudnn.SpatialConvolution(64 -> 64, 3x3, 1,1, 1,1) without bias
          |      (4): nn.SpatialBatchNormalization (4D) (64)
          |    }
           `-> (2): nn.Identity
           ... -> output
      }
      (2): nn.CAddTable
    }
    (5): nn.Sequential {
      [input -> (1) -> (2) -> output]
      (1): nn.ConcatTable {
        input
          |`-> (1): nn.Sequential {
          |      [input -> (1) -> (2) -> (3) -> (4) -> output]
          |      (1): cudnn.SpatialConvolution(64 -> 64, 3x3, 1,1, 1,1) without bias
          |      (2): nn.ELU (alpha:1.000000)
          |      (3): cudnn.SpatialConvolution(64 -> 64, 3x3, 1,1, 1,1) without bias
          |      (4): nn.SpatialBatchNormalization (4D) (64)
          |    }
           `-> (2): nn.Identity
           ... -> output
      }
      (2): nn.CAddTable
    }
    (6): nn.Sequential {
      [input -> (1) -> (2) -> output]
      (1): nn.ConcatTable {
        input
          |`-> (1): nn.Sequential {
          |      [input -> (1) -> (2) -> (3) -> (4) -> output]
          |      (1): cudnn.SpatialConvolution(64 -> 64, 3x3, 1,1, 1,1) without bias
          |      (2): nn.ELU (alpha:1.000000)
          |      (3): cudnn.SpatialConvolution(64 -> 64, 3x3, 1,1, 1,1) without bias
          |      (4): nn.SpatialBatchNormalization (4D) (64)
          |    }
           `-> (2): nn.Identity
           ... -> output
      }
      (2): nn.CAddTable
    }
    (7): nn.Sequential {
      [input -> (1) -> (2) -> output]
      (1): nn.ConcatTable {
        input
          |`-> (1): nn.Sequential {
          |      [input -> (1) -> (2) -> (3) -> (4) -> output]
          |      (1): cudnn.SpatialConvolution(64 -> 64, 3x3, 1,1, 1,1) without bias
          |      (2): nn.ELU (alpha:1.000000)
          |      (3): cudnn.SpatialConvolution(64 -> 64, 3x3, 1,1, 1,1) without bias
          |      (4): nn.SpatialBatchNormalization (4D) (64)
          |    }
           `-> (2): nn.Identity
           ... -> output
      }
      (2): nn.CAddTable
    }
  }
  (6): nn.ELU (alpha:1.000000)
  (7): cudnn.SpatialAveragePooling(8x8, 1,1)
  (8): nn.View(64)
  (9): nn.Linear(64 -> 100)
}
=> Training epoch # 1	
 * Finished epoch # 1     top1:  83.965  top5:  57.412
	
 * Best model 	83.96484375	57.412109375	
=> Training epoch # 2	
 * Finished epoch # 2     top1:  73.555  top5:  41.016
	
 * Best model 	73.5546875	41.015625	
=> Training epoch # 3	
 * Finished epoch # 3     top1:  66.309  top5:  33.691
	
 * Best model 	66.30859375	33.69140625	
=> Training epoch # 4	
 * Finished epoch # 4     top1:  64.561  top5:  33.721
	
 * Best model 	64.560546875	33.720703125	
=> Training epoch # 5	
 * Finished epoch # 5     top1:  64.131  top5:  30.400
	
 * Best model 	64.130859375	30.400390625	
=> Training epoch # 6	
 * Finished epoch # 6     top1:  54.795  top5:  22.949
	
 * Best model 	54.794921875	22.94921875	
=> Training epoch # 7	
 * Finished epoch # 7     top1:  55.713  top5:  24.424
	
=> Training epoch # 8	
 * Finished epoch # 8     top1:  51.738  top5:  20.215
	
 * Best model 	51.73828125	20.21484375	
=> Training epoch # 9	
 * Finished epoch # 9     top1:  50.918  top5:  20.107
	
 * Best model 	50.91796875	20.107421875	
=> Training epoch # 10	
 * Finished epoch # 10     top1:  50.635  top5:  18.652
	
 * Best model 	50.634765625	18.65234375	
=> Training epoch # 11	
 * Finished epoch # 11     top1:  48.877  top5:  18.037
	
 * Best model 	48.876953125	18.037109375	
=> Training epoch # 12	
 * Finished epoch # 12     top1:  50.127  top5:  18.359
	
=> Training epoch # 13	
 * Finished epoch # 13     top1:  50.693  top5:  19.189
	
=> Training epoch # 14	
 * Finished epoch # 14     top1:  48.047  top5:  18.379
	
 * Best model 	48.046875	18.37890625	
=> Training epoch # 15	
 * Finished epoch # 15     top1:  47.090  top5:  17.051
	
 * Best model 	47.08984375	17.05078125	
=> Training epoch # 16	
 * Finished epoch # 16     top1:  46.816  top5:  16.494
	
 * Best model 	46.81640625	16.494140625	
=> Training epoch # 17	
 * Finished epoch # 17     top1:  47.646  top5:  17.910
	
=> Training epoch # 18	
 * Finished epoch # 18     top1:  46.738  top5:  17.012
	
 * Best model 	46.73828125	17.01171875	
=> Training epoch # 19	
 * Finished epoch # 19     top1:  46.582  top5:  17.686
	
 * Best model 	46.58203125	17.685546875	
=> Training epoch # 20	
 * Finished epoch # 20     top1:  46.475  top5:  15.957
	
 * Best model 	46.474609375	15.95703125	
=> Training epoch # 21	
 * Finished epoch # 21     top1:  48.301  top5:  17.490
	
=> Training epoch # 22	
 * Finished epoch # 22     top1:  50.088  top5:  21.406
	
=> Training epoch # 23	
 * Finished epoch # 23     top1:  49.277  top5:  19.297
	
=> Training epoch # 24	
 * Finished epoch # 24     top1:  49.316  top5:  18.887
	
=> Training epoch # 25	
 * Finished epoch # 25     top1:  47.246  top5:  17.012
	
=> Training epoch # 26	
 * Finished epoch # 26     top1:  45.771  top5:  16.621
	
 * Best model 	45.771484375	16.62109375	
=> Training epoch # 27	
 * Finished epoch # 27     top1:  48.613  top5:  18.105
	
=> Training epoch # 28	
 * Finished epoch # 28     top1:  45.527  top5:  15.469
	
 * Best model 	45.52734375	15.46875	
=> Training epoch # 29	
 * Finished epoch # 29     top1:  42.500  top5:  14.434
	
 * Best model 	42.5	14.43359375	
=> Training epoch # 30	
 * Finished epoch # 30     top1:  48.096  top5:  18.613
	
=> Training epoch # 31	
 * Finished epoch # 31     top1:  45.840  top5:  17.031
	
=> Training epoch # 32	
 * Finished epoch # 32     top1:  50.586  top5:  19.941
	
=> Training epoch # 33	
 * Finished epoch # 33     top1:  45.186  top5:  16.094
	
=> Training epoch # 34	
 * Finished epoch # 34     top1:  44.180  top5:  15.508
	
=> Training epoch # 35	
 * Finished epoch # 35     top1:  49.355  top5:  18.828
	
=> Training epoch # 36	
 * Finished epoch # 36     top1:  48.643  top5:  18.320
	
=> Training epoch # 37	
 * Finished epoch # 37     top1:  47.197  top5:  17.021
	
=> Training epoch # 38	
 * Finished epoch # 38     top1:  45.869  top5:  16.377
	
=> Training epoch # 39	
 * Finished epoch # 39     top1:  44.258  top5:  14.707
	
=> Training epoch # 40	
 * Finished epoch # 40     top1:  45.215  top5:  15.508
	
=> Training epoch # 41	
 * Finished epoch # 41     top1:  48.281  top5:  17.959
	
=> Training epoch # 42	
 * Finished epoch # 42     top1:  44.736  top5:  16.035
	
=> Training epoch # 43	
 * Finished epoch # 43     top1:  49.375  top5:  18.164
	
=> Training epoch # 44	
 * Finished epoch # 44     top1:  47.363  top5:  18.906
	
=> Training epoch # 45	
 * Finished epoch # 45     top1:  44.287  top5:  15.518
	
=> Training epoch # 46	
 * Finished epoch # 46     top1:  45.635  top5:  16.631
	
=> Training epoch # 47	
 * Finished epoch # 47     top1:  46.279  top5:  17.471
	
=> Training epoch # 48	
 * Finished epoch # 48     top1:  43.223  top5:  14.570
	
=> Training epoch # 49	
 * Finished epoch # 49     top1:  43.623  top5:  14.873
	
=> Training epoch # 50	
 * Finished epoch # 50     top1:  44.902  top5:  16.113
	
=> Training epoch # 51	
 * Finished epoch # 51     top1:  45.029  top5:  15.732
	
=> Training epoch # 52	
 * Finished epoch # 52     top1:  49.043  top5:  18.857
	
=> Training epoch # 53	
 * Finished epoch # 53     top1:  44.502  top5:  17.363
	
=> Training epoch # 54	
 * Finished epoch # 54     top1:  43.203  top5:  14.502
	
=> Training epoch # 55	
 * Finished epoch # 55     top1:  42.920  top5:  14.521
	
=> Training epoch # 56	
 * Finished epoch # 56     top1:  49.395  top5:  19.121
	
=> Training epoch # 57	
 * Finished epoch # 57     top1:  45.596  top5:  16.992
	
=> Training epoch # 58	
 * Finished epoch # 58     top1:  45.264  top5:  15.547
	
=> Training epoch # 59	
 * Finished epoch # 59     top1:  45.449  top5:  17.227
	
=> Training epoch # 60	
 * Finished epoch # 60     top1:  47.373  top5:  17.295
	
=> Training epoch # 61	
 * Finished epoch # 61     top1:  45.537  top5:  17.266
	
=> Training epoch # 62	
 * Finished epoch # 62     top1:  42.627  top5:  14.131
	
=> Training epoch # 63	
 * Finished epoch # 63     top1:  48.369  top5:  18.203
	
=> Training epoch # 64	
 * Finished epoch # 64     top1:  44.023  top5:  15.938
	
=> Training epoch # 65	
 * Finished epoch # 65     top1:  48.232  top5:  18.330
	
=> Training epoch # 66	
 * Finished epoch # 66     top1:  48.350  top5:  18.828
	
=> Training epoch # 67	
 * Finished epoch # 67     top1:  44.629  top5:  15.918
	
=> Training epoch # 68	
 * Finished epoch # 68     top1:  43.809  top5:  14.600
	
=> Training epoch # 69	
 * Finished epoch # 69     top1:  45.068  top5:  16.211
	
=> Training epoch # 70	
 * Finished epoch # 70     top1:  46.895  top5:  16.855
	
=> Training epoch # 71	
 * Finished epoch # 71     top1:  50.527  top5:  20.000
	
=> Training epoch # 72	
 * Finished epoch # 72     top1:  46.758  top5:  17.148
	
=> Training epoch # 73	
 * Finished epoch # 73     top1:  45.342  top5:  16.602
	
=> Training epoch # 74	
 * Finished epoch # 74     top1:  49.521  top5:  20.234
	
=> Training epoch # 75	
 * Finished epoch # 75     top1:  47.520  top5:  18.760
	
=> Training epoch # 76	
 * Finished epoch # 76     top1:  46.270  top5:  16.191
	
=> Training epoch # 77	
 * Finished epoch # 77     top1:  45.439  top5:  15.684
	
=> Training epoch # 78	
 * Finished epoch # 78     top1:  47.695  top5:  17.354
	
=> Training epoch # 79	
 * Finished epoch # 79     top1:  50.117  top5:  19.561
	
=> Training epoch # 80	
 * Finished epoch # 80     top1:  47.588  top5:  18.682
	
=> Training epoch # 81	
 * Finished epoch # 81     top1:  30.195  top5:   7.715
	
 * Best model 	30.1953125	7.71484375	
=> Training epoch # 82	
 * Finished epoch # 82     top1:  29.209  top5:   7.637
	
 * Best model 	29.208984375	7.63671875	
=> Training epoch # 83	
 * Finished epoch # 83     top1:  28.330  top5:   7.197
	
 * Best model 	28.330078125	7.197265625	
=> Training epoch # 84	
 * Finished epoch # 84     top1:  28.867  top5:   7.305
	
=> Training epoch # 85	
 * Finished epoch # 85     top1:  28.623  top5:   7.334
	
=> Training epoch # 86	
 * Finished epoch # 86     top1:  28.809  top5:   7.324
	
=> Training epoch # 87	
 * Finished epoch # 87     top1:  28.721  top5:   7.539
	
=> Training epoch # 88	
 * Finished epoch # 88     top1:  29.199  top5:   7.754
	
=> Training epoch # 89	
 * Finished epoch # 89     top1:  29.443  top5:   7.930
	
=> Training epoch # 90	
 * Finished epoch # 90     top1:  29.834  top5:   8.281
	
=> Training epoch # 91	
 * Finished epoch # 91     top1:  30.020  top5:   8.096
	
=> Training epoch # 92	
 * Finished epoch # 92     top1:  31.387  top5:   8.418
	
=> Training epoch # 93	
 * Finished epoch # 93     top1:  30.879  top5:   8.711
	
=> Training epoch # 94	
 * Finished epoch # 94     top1:  31.064  top5:   9.365
	
=> Training epoch # 95	
 * Finished epoch # 95     top1:  31.191  top5:   8.809
	
=> Training epoch # 96	
 * Finished epoch # 96     top1:  32.549  top5:   9.248
	
=> Training epoch # 97	
 * Finished epoch # 97     top1:  31.992  top5:   9.590
	
=> Training epoch # 98	
 * Finished epoch # 98     top1:  32.969  top5:   9.971
	
=> Training epoch # 99	
 * Finished epoch # 99     top1:  33.721  top5:  10.625
	
=> Training epoch # 100	
 * Finished epoch # 100     top1:  33.330  top5:  10.244
	
=> Training epoch # 101	
 * Finished epoch # 101     top1:  33.701  top5:  10.342
	
=> Training epoch # 102	
 * Finished epoch # 102     top1:  38.184  top5:  13.301
	
=> Training epoch # 103	
 * Finished epoch # 103     top1:  34.590  top5:  10.654
	
=> Training epoch # 104	
 * Finished epoch # 104     top1:  33.965  top5:  10.225
	
=> Training epoch # 105	
 * Finished epoch # 105     top1:  35.273  top5:  11.807
	
=> Training epoch # 106	
 * Finished epoch # 106     top1:  34.062  top5:  10.557
	
=> Training epoch # 107	
 * Finished epoch # 107     top1:  34.678  top5:  10.957
	
=> Training epoch # 108	
 * Finished epoch # 108     top1:  34.717  top5:  10.225
	
=> Training epoch # 109	
 * Finished epoch # 109     top1:  35.312  top5:  11.357
	
=> Training epoch # 110	
 * Finished epoch # 110     top1:  42.441  top5:  15.596
	
=> Training epoch # 111	
 * Finished epoch # 111     top1:  37.051  top5:  11.855
	
=> Training epoch # 112	
 * Finished epoch # 112     top1:  37.910  top5:  12.041
	
=> Training epoch # 113	
 * Finished epoch # 113     top1:  39.697  top5:  13.242
	
=> Training epoch # 114	
 * Finished epoch # 114     top1:  41.211  top5:  14.219
	
=> Training epoch # 115	
 * Finished epoch # 115     top1:  35.215  top5:  11.367
	
=> Training epoch # 116	
 * Finished epoch # 116     top1:  36.094  top5:  11.201
	
=> Training epoch # 117	
 * Finished epoch # 117     top1:  39.619  top5:  13.887
	
=> Training epoch # 118	
 * Finished epoch # 118     top1:  40.303  top5:  14.541
	
=> Training epoch # 119	
 * Finished epoch # 119     top1:  39.189  top5:  13.535
	
=> Training epoch # 120	
 * Finished epoch # 120     top1:  35.762  top5:  11.338
	
=> Training epoch # 121	
 * Finished epoch # 121     top1:  42.441  top5:  16.514
	
=> Training epoch # 122	
 * Finished epoch # 122     top1:  27.979  top5:   7.686
	
 * Best model 	27.978515625	7.685546875	
=> Training epoch # 123	
 * Finished epoch # 123     top1:  27.881  top5:   7.490
	
 * Best model 	27.880859375	7.490234375	
=> Training epoch # 124	
 * Finished epoch # 124     top1:  27.705  top5:   7.607
	
 * Best model 	27.705078125	7.607421875	
=> Training epoch # 125	
 * Finished epoch # 125     top1:  27.217  top5:   7.852
	
 * Best model 	27.216796875	7.8515625	
=> Training epoch # 126	
 * Finished epoch # 126     top1:  28.057  top5:   8.076
	
=> Training epoch # 127	
 * Finished epoch # 127     top1:  28.252  top5:   8.291
	
=> Training epoch # 128	
 * Finished epoch # 128     top1:  27.109  top5:   7.656
	
 * Best model 	27.109375	7.65625	
=> Training epoch # 129	
 * Finished epoch # 129     top1:  28.096  top5:   7.666
	
=> Training epoch # 130	
 * Finished epoch # 130     top1:  28.389  top5:   7.695
	
=> Training epoch # 131	
 * Finished epoch # 131     top1:  27.178  top5:   7.627
	
=> Training epoch # 132	
 * Finished epoch # 132     top1:  28.359  top5:   7.881
	
=> Training epoch # 133	
 * Finished epoch # 133     top1:  27.588  top5:   7.734
	
=> Training epoch # 134	
 * Finished epoch # 134     top1:  28.203  top5:   7.939
	
=> Training epoch # 135	
 * Finished epoch # 135     top1:  28.682  top5:   7.920
	
=> Training epoch # 136	
 * Finished epoch # 136     top1:  27.822  top5:   7.998
	
=> Training epoch # 137	
 * Finished epoch # 137     top1:  27.881  top5:   7.920
	
=> Training epoch # 138	
 * Finished epoch # 138     top1:  28.359  top5:   7.686
	
=> Training epoch # 139	
 * Finished epoch # 139     top1:  28.184  top5:   7.998
	
=> Training epoch # 140	
 * Finished epoch # 140     top1:  28.535  top5:   7.861
	
=> Training epoch # 141	
 * Finished epoch # 141     top1:  28.008  top5:   7.871
	
=> Training epoch # 142	
 * Finished epoch # 142     top1:  27.451  top5:   7.686
	
=> Training epoch # 143	
 * Finished epoch # 143     top1:  28.662  top5:   8.203
	
=> Training epoch # 144	
 * Finished epoch # 144     top1:  28.174  top5:   8.203
	
=> Training epoch # 145	
 * Finished epoch # 145     top1:  28.301  top5:   7.910
	
=> Training epoch # 146	
 * Finished epoch # 146     top1:  28.193  top5:   8.125
	
=> Training epoch # 147	
 * Finished epoch # 147     top1:  28.555  top5:   8.066
	
=> Training epoch # 148	
 * Finished epoch # 148     top1:  28.154  top5:   7.910
	
=> Training epoch # 149	
 * Finished epoch # 149     top1:  28.584  top5:   8.252
	
=> Training epoch # 150	
 * Finished epoch # 150     top1:  28.496  top5:   8.193
	
=> Training epoch # 151	
 * Finished epoch # 151     top1:  28.975  top5:   8.594
	
=> Training epoch # 152	
 * Finished epoch # 152     top1:  28.555  top5:   8.066
	
=> Training epoch # 153	
 * Finished epoch # 153     top1:  28.662  top5:   8.350
	
=> Training epoch # 154	
 * Finished epoch # 154     top1:  28.994  top5:   8.008
	
=> Training epoch # 155	
 * Finished epoch # 155     top1:  28.682  top5:   8.193
	
=> Training epoch # 156	
 * Finished epoch # 156     top1:  28.740  top5:   8.076
	
=> Training epoch # 157	
 * Finished epoch # 157     top1:  28.545  top5:   8.232
	
=> Training epoch # 158	
 * Finished epoch # 158     top1:  29.131  top5:   8.291
	
=> Training epoch # 159	
 * Finished epoch # 159     top1:  29.199  top5:   8.232
	
=> Training epoch # 160	
 * Finished epoch # 160     top1:  28.525  top5:   8.105
	
=> Training epoch # 161	
 * Finished epoch # 161     top1:  29.629  top5:   8.369
	
=> Training epoch # 162	
 * Finished epoch # 162     top1:  29.609  top5:   8.105
	
=> Training epoch # 163	
 * Finished epoch # 163     top1:  29.502  top5:   8.750
	
=> Training epoch # 164	
 * Finished epoch # 164     top1:  29.531  top5:   8.525
	
=> Training epoch # 165	
 * Finished epoch # 165     top1:  29.004  top5:   8.320
	
=> Training epoch # 166	
 * Finished epoch # 166     top1:  29.072  top5:   8.076
	
=> Training epoch # 167	
 * Finished epoch # 167     top1:  29.746  top5:   8.496
	
=> Training epoch # 168	
 * Finished epoch # 168     top1:  29.766  top5:   8.828
	
=> Training epoch # 169	
 * Finished epoch # 169     top1:  29.355  top5:   8.535
	
=> Training epoch # 170	
 * Finished epoch # 170     top1:  29.072  top5:   8.457
	
=> Training epoch # 171	
 * Finished epoch # 171     top1:  29.648  top5:   8.574
	
=> Training epoch # 172	
 * Finished epoch # 172     top1:  29.248  top5:   8.789
	
=> Training epoch # 173	
 * Finished epoch # 173     top1:  29.756  top5:   8.564
	
=> Training epoch # 174	
 * Finished epoch # 174     top1:  30.381  top5:   8.809
	
=> Training epoch # 175	
 * Finished epoch # 175     top1:  29.180  top5:   8.574
	
=> Training epoch # 176	
 * Finished epoch # 176     top1:  29.873  top5:   8.848
	
=> Training epoch # 177	
 * Finished epoch # 177     top1:  29.893  top5:   8.418
	
=> Training epoch # 178	
 * Finished epoch # 178     top1:  30.010  top5:   8.418
	
=> Training epoch # 179	
 * Finished epoch # 179     top1:  29.980  top5:   8.535
	
=> Training epoch # 180	
 * Finished epoch # 180     top1:  29.297  top5:   8.262
	
=> Training epoch # 181	
 * Finished epoch # 181     top1:  29.951  top5:   8.691
	
=> Training epoch # 182	
 * Finished epoch # 182     top1:  28.779  top5:   8.447
	
=> Training epoch # 183	
 * Finished epoch # 183     top1:  29.697  top5:   9.375
	
=> Training epoch # 184	
 * Finished epoch # 184     top1:  29.980  top5:   8.926
	
=> Training epoch # 185	
 * Finished epoch # 185     top1:  29.863  top5:   8.506
	
=> Training epoch # 186	
 * Finished epoch # 186     top1:  29.570  top5:   8.457
	
=> Training epoch # 187	
 * Finished epoch # 187     top1:  29.238  top5:   8.379
	
=> Training epoch # 188	
 * Finished epoch # 188     top1:  30.146  top5:   8.750
	
=> Training epoch # 189	
 * Finished epoch # 189     top1:  30.566  top5:   9.150
	
=> Training epoch # 190	
 * Finished epoch # 190     top1:  30.078  top5:   9.043
	
=> Training epoch # 191	
 * Finished epoch # 191     top1:  30.088  top5:   8.975
	
=> Training epoch # 192	
 * Finished epoch # 192     top1:  30.518  top5:   8.701
	
=> Training epoch # 193	
 * Finished epoch # 193     top1:  29.736  top5:   8.564
	
=> Training epoch # 194	
 * Finished epoch # 194     top1:  30.967  top5:   9.531
	
=> Training epoch # 195	
 * Finished epoch # 195     top1:  30.215  top5:   8.564
	
=> Training epoch # 196	
 * Finished epoch # 196     top1:  29.785  top5:   8.965
	
=> Training epoch # 197	
 * Finished epoch # 197     top1:  30.752  top5:   9.102
	
=> Training epoch # 198	
 * Finished epoch # 198     top1:  31.260  top5:   9.307
	
=> Training epoch # 199	
 * Finished epoch # 199     top1:  30.361  top5:   8.809
	
=> Training epoch # 200	
 * Finished epoch # 200     top1:  31.650  top5:   9.268
	
 * Finished top1: 27.109  top5:  7.656	
