=> Creating model from file: models/resnet.lua	
 | ResNet-56 CIFAR-100	
nn.Sequential {
  [input -> (1) -> (2) -> (3) -> (4) -> (5) -> (6) -> (7) -> (8) -> (9) -> output]
  (1): cudnn.SpatialConvolution(3 -> 16, 3x3, 1,1, 1,1) without bias
  (2): nn.Sequential {
    [input -> (1) -> (2) -> (3) -> output]
    (1): nn.ConstrainedDiv
    (2): nn.ELU (alpha:1.000000)
    (3): nn.ConstrainedMul
  }
  (3): nn.Sequential {
    [input -> (1) -> (2) -> (3) -> (4) -> (5) -> (6) -> (7) -> (8) -> (9) -> output]
    (1): nn.Sequential {
      [input -> (1) -> (2) -> output]
      (1): nn.ConcatTable {
        input
          |`-> (1): nn.Sequential {
          |      [input -> (1) -> (2) -> (3) -> (4) -> output]
          |      (1): cudnn.SpatialConvolution(16 -> 16, 3x3, 1,1, 1,1) without bias
          |      (2): nn.Sequential {
          |        [input -> (1) -> (2) -> (3) -> output]
          |        (1): nn.ConstrainedDiv
          |        (2): nn.ELU (alpha:1.000000)
          |        (3): nn.ConstrainedMul
          |      }
          |      (3): cudnn.SpatialConvolution(16 -> 16, 3x3, 1,1, 1,1) without bias
          |      (4): nn.SpatialBatchNormalization (4D) (16)
          |    }
           `-> (2): nn.Identity
           ... -> output
      }
      (2): nn.CAddTable
    }
    (2): nn.Sequential {
      [input -> (1) -> (2) -> output]
      (1): nn.ConcatTable {
        input
          |`-> (1): nn.Sequential {
          |      [input -> (1) -> (2) -> (3) -> (4) -> output]
          |      (1): cudnn.SpatialConvolution(16 -> 16, 3x3, 1,1, 1,1) without bias
          |      (2): nn.Sequential {
          |        [input -> (1) -> (2) -> (3) -> output]
          |        (1): nn.ConstrainedDiv
          |        (2): nn.ELU (alpha:1.000000)
          |        (3): nn.ConstrainedMul
          |      }
          |      (3): cudnn.SpatialConvolution(16 -> 16, 3x3, 1,1, 1,1) without bias
          |      (4): nn.SpatialBatchNormalization (4D) (16)
          |    }
           `-> (2): nn.Identity
           ... -> output
      }
      (2): nn.CAddTable
    }
    (3): nn.Sequential {
      [input -> (1) -> (2) -> output]
      (1): nn.ConcatTable {
        input
          |`-> (1): nn.Sequential {
          |      [input -> (1) -> (2) -> (3) -> (4) -> output]
          |      (1): cudnn.SpatialConvolution(16 -> 16, 3x3, 1,1, 1,1) without bias
          |      (2): nn.Sequential {
          |        [input -> (1) -> (2) -> (3) -> output]
          |        (1): nn.ConstrainedDiv
          |        (2): nn.ELU (alpha:1.000000)
          |        (3): nn.ConstrainedMul
          |      }
          |      (3): cudnn.SpatialConvolution(16 -> 16, 3x3, 1,1, 1,1) without bias
          |      (4): nn.SpatialBatchNormalization (4D) (16)
          |    }
           `-> (2): nn.Identity
           ... -> output
      }
      (2): nn.CAddTable
    }
    (4): nn.Sequential {
      [input -> (1) -> (2) -> output]
      (1): nn.ConcatTable {
        input
          |`-> (1): nn.Sequential {
          |      [input -> (1) -> (2) -> (3) -> (4) -> output]
          |      (1): cudnn.SpatialConvolution(16 -> 16, 3x3, 1,1, 1,1) without bias
          |      (2): nn.Sequential {
          |        [input -> (1) -> (2) -> (3) -> output]
          |        (1): nn.ConstrainedDiv
          |        (2): nn.ELU (alpha:1.000000)
          |        (3): nn.ConstrainedMul
          |      }
          |      (3): cudnn.SpatialConvolution(16 -> 16, 3x3, 1,1, 1,1) without bias
          |      (4): nn.SpatialBatchNormalization (4D) (16)
          |    }
           `-> (2): nn.Identity
           ... -> output
      }
      (2): nn.CAddTable
    }
    (5): nn.Sequential {
      [input -> (1) -> (2) -> output]
      (1): nn.ConcatTable {
        input
          |`-> (1): nn.Sequential {
          |      [input -> (1) -> (2) -> (3) -> (4) -> output]
          |      (1): cudnn.SpatialConvolution(16 -> 16, 3x3, 1,1, 1,1) without bias
          |      (2): nn.Sequential {
          |        [input -> (1) -> (2) -> (3) -> output]
          |        (1): nn.ConstrainedDiv
          |        (2): nn.ELU (alpha:1.000000)
          |        (3): nn.ConstrainedMul
          |      }
          |      (3): cudnn.SpatialConvolution(16 -> 16, 3x3, 1,1, 1,1) without bias
          |      (4): nn.SpatialBatchNormalization (4D) (16)
          |    }
           `-> (2): nn.Identity
           ... -> output
      }
      (2): nn.CAddTable
    }
    (6): nn.Sequential {
      [input -> (1) -> (2) -> output]
      (1): nn.ConcatTable {
        input
          |`-> (1): nn.Sequential {
          |      [input -> (1) -> (2) -> (3) -> (4) -> output]
          |      (1): cudnn.SpatialConvolution(16 -> 16, 3x3, 1,1, 1,1) without bias
          |      (2): nn.Sequential {
          |        [input -> (1) -> (2) -> (3) -> output]
          |        (1): nn.ConstrainedDiv
          |        (2): nn.ELU (alpha:1.000000)
          |        (3): nn.ConstrainedMul
          |      }
          |      (3): cudnn.SpatialConvolution(16 -> 16, 3x3, 1,1, 1,1) without bias
          |      (4): nn.SpatialBatchNormalization (4D) (16)
          |    }
           `-> (2): nn.Identity
           ... -> output
      }
      (2): nn.CAddTable
    }
    (7): nn.Sequential {
      [input -> (1) -> (2) -> output]
      (1): nn.ConcatTable {
        input
          |`-> (1): nn.Sequential {
          |      [input -> (1) -> (2) -> (3) -> (4) -> output]
          |      (1): cudnn.SpatialConvolution(16 -> 16, 3x3, 1,1, 1,1) without bias
          |      (2): nn.Sequential {
          |        [input -> (1) -> (2) -> (3) -> output]
          |        (1): nn.ConstrainedDiv
          |        (2): nn.ELU (alpha:1.000000)
          |        (3): nn.ConstrainedMul
          |      }
          |      (3): cudnn.SpatialConvolution(16 -> 16, 3x3, 1,1, 1,1) without bias
          |      (4): nn.SpatialBatchNormalization (4D) (16)
          |    }
           `-> (2): nn.Identity
           ... -> output
      }
      (2): nn.CAddTable
    }
    (8): nn.Sequential {
      [input -> (1) -> (2) -> output]
      (1): nn.ConcatTable {
        input
          |`-> (1): nn.Sequential {
          |      [input -> (1) -> (2) -> (3) -> (4) -> output]
          |      (1): cudnn.SpatialConvolution(16 -> 16, 3x3, 1,1, 1,1) without bias
          |      (2): nn.Sequential {
          |        [input -> (1) -> (2) -> (3) -> output]
          |        (1): nn.ConstrainedDiv
          |        (2): nn.ELU (alpha:1.000000)
          |        (3): nn.ConstrainedMul
          |      }
          |      (3): cudnn.SpatialConvolution(16 -> 16, 3x3, 1,1, 1,1) without bias
          |      (4): nn.SpatialBatchNormalization (4D) (16)
          |    }
           `-> (2): nn.Identity
           ... -> output
      }
      (2): nn.CAddTable
    }
    (9): nn.Sequential {
      [input -> (1) -> (2) -> output]
      (1): nn.ConcatTable {
        input
          |`-> (1): nn.Sequential {
          |      [input -> (1) -> (2) -> (3) -> (4) -> output]
          |      (1): cudnn.SpatialConvolution(16 -> 16, 3x3, 1,1, 1,1) without bias
          |      (2): nn.Sequential {
          |        [input -> (1) -> (2) -> (3) -> output]
          |        (1): nn.ConstrainedDiv
          |        (2): nn.ELU (alpha:1.000000)
          |        (3): nn.ConstrainedMul
          |      }
          |      (3): cudnn.SpatialConvolution(16 -> 16, 3x3, 1,1, 1,1) without bias
          |      (4): nn.SpatialBatchNormalization (4D) (16)
          |    }
           `-> (2): nn.Identity
           ... -> output
      }
      (2): nn.CAddTable
    }
  }
  (4): nn.Sequential {
    [input -> (1) -> (2) -> (3) -> (4) -> (5) -> (6) -> (7) -> (8) -> (9) -> output]
    (1): nn.Sequential {
      [input -> (1) -> (2) -> output]
      (1): nn.ConcatTable {
        input
          |`-> (1): nn.Sequential {
          |      [input -> (1) -> (2) -> (3) -> (4) -> output]
          |      (1): cudnn.SpatialConvolution(16 -> 32, 3x3, 2,2, 1,1) without bias
          |      (2): nn.Sequential {
          |        [input -> (1) -> (2) -> (3) -> output]
          |        (1): nn.ConstrainedDiv
          |        (2): nn.ELU (alpha:1.000000)
          |        (3): nn.ConstrainedMul
          |      }
          |      (3): cudnn.SpatialConvolution(32 -> 32, 3x3, 1,1, 1,1) without bias
          |      (4): nn.SpatialBatchNormalization (4D) (32)
          |    }
           `-> (2): nn.Sequential {
                 [input -> (1) -> (2) -> output]
                 (1): nn.SpatialAveragePooling(1x1, 2,2)
                 (2): nn.Concat {
                   input
                     |`-> (1): nn.Identity
                      `-> (2): nn.MulConstant
                      ... -> output
                 }
               }
           ... -> output
      }
      (2): nn.CAddTable
    }
    (2): nn.Sequential {
      [input -> (1) -> (2) -> output]
      (1): nn.ConcatTable {
        input
          |`-> (1): nn.Sequential {
          |      [input -> (1) -> (2) -> (3) -> (4) -> output]
          |      (1): cudnn.SpatialConvolution(32 -> 32, 3x3, 1,1, 1,1) without bias
          |      (2): nn.Sequential {
          |        [input -> (1) -> (2) -> (3) -> output]
          |        (1): nn.ConstrainedDiv
          |        (2): nn.ELU (alpha:1.000000)
          |        (3): nn.ConstrainedMul
          |      }
          |      (3): cudnn.SpatialConvolution(32 -> 32, 3x3, 1,1, 1,1) without bias
          |      (4): nn.SpatialBatchNormalization (4D) (32)
          |    }
           `-> (2): nn.Identity
           ... -> output
      }
      (2): nn.CAddTable
    }
    (3): nn.Sequential {
      [input -> (1) -> (2) -> output]
      (1): nn.ConcatTable {
        input
          |`-> (1): nn.Sequential {
          |      [input -> (1) -> (2) -> (3) -> (4) -> output]
          |      (1): cudnn.SpatialConvolution(32 -> 32, 3x3, 1,1, 1,1) without bias
          |      (2): nn.Sequential {
          |        [input -> (1) -> (2) -> (3) -> output]
          |        (1): nn.ConstrainedDiv
          |        (2): nn.ELU (alpha:1.000000)
          |        (3): nn.ConstrainedMul
          |      }
          |      (3): cudnn.SpatialConvolution(32 -> 32, 3x3, 1,1, 1,1) without bias
          |      (4): nn.SpatialBatchNormalization (4D) (32)
          |    }
           `-> (2): nn.Identity
           ... -> output
      }
      (2): nn.CAddTable
    }
    (4): nn.Sequential {
      [input -> (1) -> (2) -> output]
      (1): nn.ConcatTable {
        input
          |`-> (1): nn.Sequential {
          |      [input -> (1) -> (2) -> (3) -> (4) -> output]
          |      (1): cudnn.SpatialConvolution(32 -> 32, 3x3, 1,1, 1,1) without bias
          |      (2): nn.Sequential {
          |        [input -> (1) -> (2) -> (3) -> output]
          |        (1): nn.ConstrainedDiv
          |        (2): nn.ELU (alpha:1.000000)
          |        (3): nn.ConstrainedMul
          |      }
          |      (3): cudnn.SpatialConvolution(32 -> 32, 3x3, 1,1, 1,1) without bias
          |      (4): nn.SpatialBatchNormalization (4D) (32)
          |    }
           `-> (2): nn.Identity
           ... -> output
      }
      (2): nn.CAddTable
    }
    (5): nn.Sequential {
      [input -> (1) -> (2) -> output]
      (1): nn.ConcatTable {
        input
          |`-> (1): nn.Sequential {
          |      [input -> (1) -> (2) -> (3) -> (4) -> output]
          |      (1): cudnn.SpatialConvolution(32 -> 32, 3x3, 1,1, 1,1) without bias
          |      (2): nn.Sequential {
          |        [input -> (1) -> (2) -> (3) -> output]
          |        (1): nn.ConstrainedDiv
          |        (2): nn.ELU (alpha:1.000000)
          |        (3): nn.ConstrainedMul
          |      }
          |      (3): cudnn.SpatialConvolution(32 -> 32, 3x3, 1,1, 1,1) without bias
          |      (4): nn.SpatialBatchNormalization (4D) (32)
          |    }
           `-> (2): nn.Identity
           ... -> output
      }
      (2): nn.CAddTable
    }
    (6): nn.Sequential {
      [input -> (1) -> (2) -> output]
      (1): nn.ConcatTable {
        input
          |`-> (1): nn.Sequential {
          |      [input -> (1) -> (2) -> (3) -> (4) -> output]
          |      (1): cudnn.SpatialConvolution(32 -> 32, 3x3, 1,1, 1,1) without bias
          |      (2): nn.Sequential {
          |        [input -> (1) -> (2) -> (3) -> output]
          |        (1): nn.ConstrainedDiv
          |        (2): nn.ELU (alpha:1.000000)
          |        (3): nn.ConstrainedMul
          |      }
          |      (3): cudnn.SpatialConvolution(32 -> 32, 3x3, 1,1, 1,1) without bias
          |      (4): nn.SpatialBatchNormalization (4D) (32)
          |    }
           `-> (2): nn.Identity
           ... -> output
      }
      (2): nn.CAddTable
    }
    (7): nn.Sequential {
      [input -> (1) -> (2) -> output]
      (1): nn.ConcatTable {
        input
          |`-> (1): nn.Sequential {
          |      [input -> (1) -> (2) -> (3) -> (4) -> output]
          |      (1): cudnn.SpatialConvolution(32 -> 32, 3x3, 1,1, 1,1) without bias
          |      (2): nn.Sequential {
          |        [input -> (1) -> (2) -> (3) -> output]
          |        (1): nn.ConstrainedDiv
          |        (2): nn.ELU (alpha:1.000000)
          |        (3): nn.ConstrainedMul
          |      }
          |      (3): cudnn.SpatialConvolution(32 -> 32, 3x3, 1,1, 1,1) without bias
          |      (4): nn.SpatialBatchNormalization (4D) (32)
          |    }
           `-> (2): nn.Identity
           ... -> output
      }
      (2): nn.CAddTable
    }
    (8): nn.Sequential {
      [input -> (1) -> (2) -> output]
      (1): nn.ConcatTable {
        input
          |`-> (1): nn.Sequential {
          |      [input -> (1) -> (2) -> (3) -> (4) -> output]
          |      (1): cudnn.SpatialConvolution(32 -> 32, 3x3, 1,1, 1,1) without bias
          |      (2): nn.Sequential {
          |        [input -> (1) -> (2) -> (3) -> output]
          |        (1): nn.ConstrainedDiv
          |        (2): nn.ELU (alpha:1.000000)
          |        (3): nn.ConstrainedMul
          |      }
          |      (3): cudnn.SpatialConvolution(32 -> 32, 3x3, 1,1, 1,1) without bias
          |      (4): nn.SpatialBatchNormalization (4D) (32)
          |    }
           `-> (2): nn.Identity
           ... -> output
      }
      (2): nn.CAddTable
    }
    (9): nn.Sequential {
      [input -> (1) -> (2) -> output]
      (1): nn.ConcatTable {
        input
          |`-> (1): nn.Sequential {
          |      [input -> (1) -> (2) -> (3) -> (4) -> output]
          |      (1): cudnn.SpatialConvolution(32 -> 32, 3x3, 1,1, 1,1) without bias
          |      (2): nn.Sequential {
          |        [input -> (1) -> (2) -> (3) -> output]
          |        (1): nn.ConstrainedDiv
          |        (2): nn.ELU (alpha:1.000000)
          |        (3): nn.ConstrainedMul
          |      }
          |      (3): cudnn.SpatialConvolution(32 -> 32, 3x3, 1,1, 1,1) without bias
          |      (4): nn.SpatialBatchNormalization (4D) (32)
          |    }
           `-> (2): nn.Identity
           ... -> output
      }
      (2): nn.CAddTable
    }
  }
  (5): nn.Sequential {
    [input -> (1) -> (2) -> (3) -> (4) -> (5) -> (6) -> (7) -> (8) -> (9) -> output]
    (1): nn.Sequential {
      [input -> (1) -> (2) -> output]
      (1): nn.ConcatTable {
        input
          |`-> (1): nn.Sequential {
          |      [input -> (1) -> (2) -> (3) -> (4) -> output]
          |      (1): cudnn.SpatialConvolution(32 -> 64, 3x3, 2,2, 1,1) without bias
          |      (2): nn.Sequential {
          |        [input -> (1) -> (2) -> (3) -> output]
          |        (1): nn.ConstrainedDiv
          |        (2): nn.ELU (alpha:1.000000)
          |        (3): nn.ConstrainedMul
          |      }
          |      (3): cudnn.SpatialConvolution(64 -> 64, 3x3, 1,1, 1,1) without bias
          |      (4): nn.SpatialBatchNormalization (4D) (64)
          |    }
           `-> (2): nn.Sequential {
                 [input -> (1) -> (2) -> output]
                 (1): nn.SpatialAveragePooling(1x1, 2,2)
                 (2): nn.Concat {
                   input
                     |`-> (1): nn.Identity
                      `-> (2): nn.MulConstant
                      ... -> output
                 }
               }
           ... -> output
      }
      (2): nn.CAddTable
    }
    (2): nn.Sequential {
      [input -> (1) -> (2) -> output]
      (1): nn.ConcatTable {
        input
          |`-> (1): nn.Sequential {
          |      [input -> (1) -> (2) -> (3) -> (4) -> output]
          |      (1): cudnn.SpatialConvolution(64 -> 64, 3x3, 1,1, 1,1) without bias
          |      (2): nn.Sequential {
          |        [input -> (1) -> (2) -> (3) -> output]
          |        (1): nn.ConstrainedDiv
          |        (2): nn.ELU (alpha:1.000000)
          |        (3): nn.ConstrainedMul
          |      }
          |      (3): cudnn.SpatialConvolution(64 -> 64, 3x3, 1,1, 1,1) without bias
          |      (4): nn.SpatialBatchNormalization (4D) (64)
          |    }
           `-> (2): nn.Identity
           ... -> output
      }
      (2): nn.CAddTable
    }
    (3): nn.Sequential {
      [input -> (1) -> (2) -> output]
      (1): nn.ConcatTable {
        input
          |`-> (1): nn.Sequential {
          |      [input -> (1) -> (2) -> (3) -> (4) -> output]
          |      (1): cudnn.SpatialConvolution(64 -> 64, 3x3, 1,1, 1,1) without bias
          |      (2): nn.Sequential {
          |        [input -> (1) -> (2) -> (3) -> output]
          |        (1): nn.ConstrainedDiv
          |        (2): nn.ELU (alpha:1.000000)
          |        (3): nn.ConstrainedMul
          |      }
          |      (3): cudnn.SpatialConvolution(64 -> 64, 3x3, 1,1, 1,1) without bias
          |      (4): nn.SpatialBatchNormalization (4D) (64)
          |    }
           `-> (2): nn.Identity
           ... -> output
      }
      (2): nn.CAddTable
    }
    (4): nn.Sequential {
      [input -> (1) -> (2) -> output]
      (1): nn.ConcatTable {
        input
          |`-> (1): nn.Sequential {
          |      [input -> (1) -> (2) -> (3) -> (4) -> output]
          |      (1): cudnn.SpatialConvolution(64 -> 64, 3x3, 1,1, 1,1) without bias
          |      (2): nn.Sequential {
          |        [input -> (1) -> (2) -> (3) -> output]
          |        (1): nn.ConstrainedDiv
          |        (2): nn.ELU (alpha:1.000000)
          |        (3): nn.ConstrainedMul
          |      }
          |      (3): cudnn.SpatialConvolution(64 -> 64, 3x3, 1,1, 1,1) without bias
          |      (4): nn.SpatialBatchNormalization (4D) (64)
          |    }
           `-> (2): nn.Identity
           ... -> output
      }
      (2): nn.CAddTable
    }
    (5): nn.Sequential {
      [input -> (1) -> (2) -> output]
      (1): nn.ConcatTable {
        input
          |`-> (1): nn.Sequential {
          |      [input -> (1) -> (2) -> (3) -> (4) -> output]
          |      (1): cudnn.SpatialConvolution(64 -> 64, 3x3, 1,1, 1,1) without bias
          |      (2): nn.Sequential {
          |        [input -> (1) -> (2) -> (3) -> output]
          |        (1): nn.ConstrainedDiv
          |        (2): nn.ELU (alpha:1.000000)
          |        (3): nn.ConstrainedMul
          |      }
          |      (3): cudnn.SpatialConvolution(64 -> 64, 3x3, 1,1, 1,1) without bias
          |      (4): nn.SpatialBatchNormalization (4D) (64)
          |    }
           `-> (2): nn.Identity
           ... -> output
      }
      (2): nn.CAddTable
    }
    (6): nn.Sequential {
      [input -> (1) -> (2) -> output]
      (1): nn.ConcatTable {
        input
          |`-> (1): nn.Sequential {
          |      [input -> (1) -> (2) -> (3) -> (4) -> output]
          |      (1): cudnn.SpatialConvolution(64 -> 64, 3x3, 1,1, 1,1) without bias
          |      (2): nn.Sequential {
          |        [input -> (1) -> (2) -> (3) -> output]
          |        (1): nn.ConstrainedDiv
          |        (2): nn.ELU (alpha:1.000000)
          |        (3): nn.ConstrainedMul
          |      }
          |      (3): cudnn.SpatialConvolution(64 -> 64, 3x3, 1,1, 1,1) without bias
          |      (4): nn.SpatialBatchNormalization (4D) (64)
          |    }
           `-> (2): nn.Identity
           ... -> output
      }
      (2): nn.CAddTable
    }
    (7): nn.Sequential {
      [input -> (1) -> (2) -> output]
      (1): nn.ConcatTable {
        input
          |`-> (1): nn.Sequential {
          |      [input -> (1) -> (2) -> (3) -> (4) -> output]
          |      (1): cudnn.SpatialConvolution(64 -> 64, 3x3, 1,1, 1,1) without bias
          |      (2): nn.Sequential {
          |        [input -> (1) -> (2) -> (3) -> output]
          |        (1): nn.ConstrainedDiv
          |        (2): nn.ELU (alpha:1.000000)
          |        (3): nn.ConstrainedMul
          |      }
          |      (3): cudnn.SpatialConvolution(64 -> 64, 3x3, 1,1, 1,1) without bias
          |      (4): nn.SpatialBatchNormalization (4D) (64)
          |    }
           `-> (2): nn.Identity
           ... -> output
      }
      (2): nn.CAddTable
    }
    (8): nn.Sequential {
      [input -> (1) -> (2) -> output]
      (1): nn.ConcatTable {
        input
          |`-> (1): nn.Sequential {
          |      [input -> (1) -> (2) -> (3) -> (4) -> output]
          |      (1): cudnn.SpatialConvolution(64 -> 64, 3x3, 1,1, 1,1) without bias
          |      (2): nn.Sequential {
          |        [input -> (1) -> (2) -> (3) -> output]
          |        (1): nn.ConstrainedDiv
          |        (2): nn.ELU (alpha:1.000000)
          |        (3): nn.ConstrainedMul
          |      }
          |      (3): cudnn.SpatialConvolution(64 -> 64, 3x3, 1,1, 1,1) without bias
          |      (4): nn.SpatialBatchNormalization (4D) (64)
          |    }
           `-> (2): nn.Identity
           ... -> output
      }
      (2): nn.CAddTable
    }
    (9): nn.Sequential {
      [input -> (1) -> (2) -> output]
      (1): nn.ConcatTable {
        input
          |`-> (1): nn.Sequential {
          |      [input -> (1) -> (2) -> (3) -> (4) -> output]
          |      (1): cudnn.SpatialConvolution(64 -> 64, 3x3, 1,1, 1,1) without bias
          |      (2): nn.Sequential {
          |        [input -> (1) -> (2) -> (3) -> output]
          |        (1): nn.ConstrainedDiv
          |        (2): nn.ELU (alpha:1.000000)
          |        (3): nn.ConstrainedMul
          |      }
          |      (3): cudnn.SpatialConvolution(64 -> 64, 3x3, 1,1, 1,1) without bias
          |      (4): nn.SpatialBatchNormalization (4D) (64)
          |    }
           `-> (2): nn.Identity
           ... -> output
      }
      (2): nn.CAddTable
    }
  }
  (6): nn.Sequential {
    [input -> (1) -> (2) -> (3) -> output]
    (1): nn.ConstrainedDiv
    (2): nn.ELU (alpha:1.000000)
    (3): nn.ConstrainedMul
  }
  (7): cudnn.SpatialAveragePooling(8x8, 1,1)
  (8): nn.View(64)
  (9): nn.Linear(64 -> 100)
}
=> Downloading CIFAR-100 dataset from http://www.cs.toronto.edu/~kriz/cifar-100-binary.tar.gz	
 | combining dataset into a single file	
 | saving CIFAR-100 dataset to /home/ludovic/Personnel/Workspace/Torch/pelu.resnet.torch/gen/cifar100.t7	
=> Training epoch # 1	
 * Finished epoch # 1     top1:  83.496  top5:  56.836
	
 * Best model 	83.49609375	56.8359375	
=> Training epoch # 2	
 * Finished epoch # 2     top1:  73.262  top5:  42.188
	
 * Best model 	73.26171875	42.1875	
=> Training epoch # 3	
 * Finished epoch # 3     top1:  65.420  top5:  31.797
	
 * Best model 	65.419921875	31.796875	
=> Training epoch # 4	
 * Finished epoch # 4     top1:  64.912  top5:  32.402
	
 * Best model 	64.912109375	32.40234375	
=> Training epoch # 5	
 * Finished epoch # 5     top1:  58.555  top5:  25.928
	
 * Best model 	58.5546875	25.927734375	
=> Training epoch # 6	
 * Finished epoch # 6     top1:  57.129  top5:  25.645
	
 * Best model 	57.12890625	25.64453125	
=> Training epoch # 7	
 * Finished epoch # 7     top1:  50.225  top5:  19.463
	
 * Best model 	50.224609375	19.462890625	
=> Training epoch # 8	
 * Finished epoch # 8     top1:  52.256  top5:  21.426
	
=> Training epoch # 9	
 * Finished epoch # 9     top1:  51.934  top5:  23.320
	
=> Training epoch # 10	
 * Finished epoch # 10     top1:  49.121  top5:  18.105
	
 * Best model 	49.12109375	18.10546875	
=> Training epoch # 11	
 * Finished epoch # 11     top1:  47.266  top5:  18.262
	
 * Best model 	47.265625	18.26171875	
=> Training epoch # 12	
 * Finished epoch # 12     top1:  48.975  top5:  18.916
	
=> Training epoch # 13	
 * Finished epoch # 13     top1:  45.439  top5:  17.168
	
 * Best model 	45.439453125	17.16796875	
=> Training epoch # 14	
 * Finished epoch # 14     top1:  48.721  top5:  18.047
	
=> Training epoch # 15	
 * Finished epoch # 15     top1:  49.189  top5:  18.789
	
=> Training epoch # 16	
 * Finished epoch # 16     top1:  46.387  top5:  16.924
	
=> Training epoch # 17	
 * Finished epoch # 17     top1:  46.592  top5:  16.387
	
=> Training epoch # 18	
 * Finished epoch # 18     top1:  50.801  top5:  20.713
	
=> Training epoch # 19	
 * Finished epoch # 19     top1:  44.824  top5:  15.068
	
 * Best model 	44.82421875	15.068359375	
=> Training epoch # 20	
 * Finished epoch # 20     top1:  47.148  top5:  17.295
	
=> Training epoch # 21	
 * Finished epoch # 21     top1:  46.738  top5:  16.982
	
=> Training epoch # 22	
 * Finished epoch # 22     top1:  47.998  top5:  18.555
	
=> Training epoch # 23	
 * Finished epoch # 23     top1:  45.596  top5:  16.299
	
=> Training epoch # 24	
 * Finished epoch # 24     top1:  46.084  top5:  15.840
	
=> Training epoch # 25	
 * Finished epoch # 25     top1:  43.486  top5:  14.541
	
 * Best model 	43.486328125	14.541015625	
=> Training epoch # 26	
 * Finished epoch # 26     top1:  43.740  top5:  15.615
	
=> Training epoch # 27	
 * Finished epoch # 27     top1:  44.326  top5:  15.596
	
=> Training epoch # 28	
 * Finished epoch # 28     top1:  47.275  top5:  16.738
	
=> Training epoch # 29	
 * Finished epoch # 29     top1:  44.521  top5:  14.912
	
=> Training epoch # 30	
 * Finished epoch # 30     top1:  46.592  top5:  17.090
	
=> Training epoch # 31	
 * Finished epoch # 31     top1:  48.223  top5:  18.623
	
=> Training epoch # 32	
 * Finished epoch # 32     top1:  42.168  top5:  14.141
	
 * Best model 	42.16796875	14.140625	
=> Training epoch # 33	
 * Finished epoch # 33     top1:  41.074  top5:  12.959
	
 * Best model 	41.07421875	12.958984375	
=> Training epoch # 34	
 * Finished epoch # 34     top1:  45.049  top5:  16.924
	
=> Training epoch # 35	
 * Finished epoch # 35     top1:  42.070  top5:  15.020
	
=> Training epoch # 36	
 * Finished epoch # 36     top1:  46.084  top5:  18.193
	
=> Training epoch # 37	
 * Finished epoch # 37     top1:  42.754  top5:  14.209
	
=> Training epoch # 38	
 * Finished epoch # 38     top1:  44.707  top5:  14.629
	
=> Training epoch # 39	
 * Finished epoch # 39     top1:  43.770  top5:  15.156
	
=> Training epoch # 40	
 * Finished epoch # 40     top1:  45.088  top5:  15.781
	
=> Training epoch # 41	
 * Finished epoch # 41     top1:  43.018  top5:  14.199
	
=> Training epoch # 42	
 * Finished epoch # 42     top1:  43.447  top5:  15.566
	
=> Training epoch # 43	
 * Finished epoch # 43     top1:  44.648  top5:  15.488
	
=> Training epoch # 44	
 * Finished epoch # 44     top1:  41.562  top5:  13.779
	
=> Training epoch # 45	
 * Finished epoch # 45     top1:  44.414  top5:  15.146
	
=> Training epoch # 46	
 * Finished epoch # 46     top1:  43.398  top5:  15.283
	
=> Training epoch # 47	
 * Finished epoch # 47     top1:  43.936  top5:  16.094
	
=> Training epoch # 48	
 * Finished epoch # 48     top1:  41.445  top5:  13.984
	
=> Training epoch # 49	
 * Finished epoch # 49     top1:  43.105  top5:  16.025
	
=> Training epoch # 50	
 * Finished epoch # 50     top1:  47.021  top5:  16.943
	
=> Training epoch # 51	
 * Finished epoch # 51     top1:  50.488  top5:  20.283
	
=> Training epoch # 52	
 * Finished epoch # 52     top1:  41.045  top5:  13.760
	
 * Best model 	41.044921875	13.759765625	
=> Training epoch # 53	
 * Finished epoch # 53     top1:  47.051  top5:  16.982
	
=> Training epoch # 54	
 * Finished epoch # 54     top1:  43.848  top5:  15.488
	
=> Training epoch # 55	
 * Finished epoch # 55     top1:  44.736  top5:  15.957
	
=> Training epoch # 56	
 * Finished epoch # 56     top1:  41.768  top5:  13.779
	
=> Training epoch # 57	
 * Finished epoch # 57     top1:  43.438  top5:  14.766
	
=> Training epoch # 58	
 * Finished epoch # 58     top1:  39.824  top5:  13.027
	
 * Best model 	39.82421875	13.02734375	
=> Training epoch # 59	
 * Finished epoch # 59     top1:  41.963  top5:  13.779
	
=> Training epoch # 60	
 * Finished epoch # 60     top1:  42.480  top5:  14.648
	
=> Training epoch # 61	
 * Finished epoch # 61     top1:  42.695  top5:  14.570
	
=> Training epoch # 62	
 * Finished epoch # 62     top1:  42.129  top5:  14.150
	
=> Training epoch # 63	
 * Finished epoch # 63     top1:  43.682  top5:  16.045
	
=> Training epoch # 64	
 * Finished epoch # 64     top1:  45.303  top5:  15.723
	
=> Training epoch # 65	
 * Finished epoch # 65     top1:  43.643  top5:  14.727
	
=> Training epoch # 66	
 * Finished epoch # 66     top1:  45.322  top5:  17.207
	
=> Training epoch # 67	
 * Finished epoch # 67     top1:  41.748  top5:  14.443
	
=> Training epoch # 68	
 * Finished epoch # 68     top1:  43.535  top5:  15.117
	
=> Training epoch # 69	
 * Finished epoch # 69     top1:  43.457  top5:  15.410
	
=> Training epoch # 70	
 * Finished epoch # 70     top1:  41.973  top5:  13.818
	
=> Training epoch # 71	
 * Finished epoch # 71     top1:  43.135  top5:  14.570
	
=> Training epoch # 72	
 * Finished epoch # 72     top1:  41.553  top5:  14.834
	
=> Training epoch # 73	
 * Finished epoch # 73     top1:  42.295  top5:  14.688
	
=> Training epoch # 74	
 * Finished epoch # 74     top1:  41.299  top5:  13.379
	
=> Training epoch # 75	
 * Finished epoch # 75     top1:  43.809  top5:  14.912
	
=> Training epoch # 76	
 * Finished epoch # 76     top1:  43.711  top5:  15.850
	
=> Training epoch # 77	
 * Finished epoch # 77     top1:  40.635  top5:  13.555
	
=> Training epoch # 78	
 * Finished epoch # 78     top1:  43.428  top5:  15.615
	
=> Training epoch # 79	
 * Finished epoch # 79     top1:  45.156  top5:  16.943
	
=> Training epoch # 80	
 * Finished epoch # 80     top1:  43.662  top5:  15.713
	
=> Training epoch # 81	
 * Finished epoch # 81     top1:  28.926  top5:   7.354
	
 * Best model 	28.92578125	7.353515625	
=> Training epoch # 82	
 * Finished epoch # 82     top1:  28.477  top5:   6.982
	
 * Best model 	28.4765625	6.982421875	
=> Training epoch # 83	
 * Finished epoch # 83     top1:  28.027  top5:   6.992
	
 * Best model 	28.02734375	6.9921875	
=> Training epoch # 84	
 * Finished epoch # 84     top1:  27.637  top5:   6.885
	
 * Best model 	27.63671875	6.884765625	
=> Training epoch # 85	
 * Finished epoch # 85     top1:  27.783  top5:   7.295
	
=> Training epoch # 86	
 * Finished epoch # 86     top1:  28.027  top5:   7.344
	
=> Training epoch # 87	
 * Finished epoch # 87     top1:  29.580  top5:   7.686
	
=> Training epoch # 88	
 * Finished epoch # 88     top1:  28.447  top5:   7.188
	
=> Training epoch # 89	
 * Finished epoch # 89     top1:  28.408  top5:   7.480
	
=> Training epoch # 90	
 * Finished epoch # 90     top1:  28.838  top5:   7.793
	
=> Training epoch # 91	
 * Finished epoch # 91     top1:  29.609  top5:   7.783
	
=> Training epoch # 92	
 * Finished epoch # 92     top1:  29.775  top5:   7.998
	
=> Training epoch # 93	
 * Finished epoch # 93     top1:  29.473  top5:   7.754
	
=> Training epoch # 94	
 * Finished epoch # 94     top1:  29.307  top5:   8.223
	
=> Training epoch # 95	
 * Finished epoch # 95     top1:  30.020  top5:   8.252
	
=> Training epoch # 96	
 * Finished epoch # 96     top1:  29.326  top5:   8.105
	
=> Training epoch # 97	
 * Finished epoch # 97     top1:  29.570  top5:   8.086
	
=> Training epoch # 98	
 * Finished epoch # 98     top1:  30.898  top5:   8.066
	
=> Training epoch # 99	
 * Finished epoch # 99     top1:  30.420  top5:   8.506
	
=> Training epoch # 100	
 * Finished epoch # 100     top1:  29.424  top5:   8.066
	
=> Training epoch # 101	
 * Finished epoch # 101     top1:  29.883  top5:   8.213
	
=> Training epoch # 102	
 * Finished epoch # 102     top1:  31.084  top5:   8.145
	
=> Training epoch # 103	
 * Finished epoch # 103     top1:  30.361  top5:   8.662
	
=> Training epoch # 104	
 * Finished epoch # 104     top1:  31.172  top5:   8.496
	
=> Training epoch # 105	
 * Finished epoch # 105     top1:  29.062  top5:   8.135
	
=> Training epoch # 106	
 * Finished epoch # 106     top1:  29.434  top5:   7.871
	
=> Training epoch # 107	
 * Finished epoch # 107     top1:  30.645  top5:   8.447
	
=> Training epoch # 108	
 * Finished epoch # 108     top1:  30.889  top5:   8.359
	
=> Training epoch # 109	
 * Finished epoch # 109     top1:  29.717  top5:   7.832
	
=> Training epoch # 110	
 * Finished epoch # 110     top1:  31.621  top5:   9.121
	
=> Training epoch # 111	
 * Finished epoch # 111     top1:  31.055  top5:   8.281
	
=> Training epoch # 112	
 * Finished epoch # 112     top1:  31.914  top5:   8.955
	
=> Training epoch # 113	
 * Finished epoch # 113     top1:  29.648  top5:   8.271
	
=> Training epoch # 114	
 * Finished epoch # 114     top1:  30.986  top5:   8.555
	
=> Training epoch # 115	
 * Finished epoch # 115     top1:  31.748  top5:   9.170
	
=> Training epoch # 116	
 * Finished epoch # 116     top1:  31.758  top5:   9.668
	
=> Training epoch # 117	
 * Finished epoch # 117     top1:  30.791  top5:   8.613
	
=> Training epoch # 118	
 * Finished epoch # 118     top1:  31.035  top5:   8.584
	
=> Training epoch # 119	
 * Finished epoch # 119     top1:  30.215  top5:   8.828
	
=> Training epoch # 120	
 * Finished epoch # 120     top1:  30.576  top5:   8.574
	
=> Training epoch # 121	
 * Finished epoch # 121     top1:  29.883  top5:   8.643
	
=> Training epoch # 122	
 * Finished epoch # 122     top1:  27.607  top5:   7.402
	
 * Best model 	27.607421875	7.40234375	
=> Training epoch # 123	
 * Finished epoch # 123     top1:  27.324  top5:   7.021
	
 * Best model 	27.32421875	7.021484375	
=> Training epoch # 124	
 * Finished epoch # 124     top1:  27.412  top5:   7.129
	
=> Training epoch # 125	
 * Finished epoch # 125     top1:  26.680  top5:   7.217
	
 * Best model 	26.6796875	7.216796875	
=> Training epoch # 126	
 * Finished epoch # 126     top1:  27.021  top5:   7.197
	
=> Training epoch # 127	
 * Finished epoch # 127     top1:  26.758  top5:   7.002
	
=> Training epoch # 128	
 * Finished epoch # 128     top1:  27.148  top5:   7.178
	
=> Training epoch # 129	
 * Finished epoch # 129     top1:  26.670  top5:   7.549
	
 * Best model 	26.669921875	7.548828125	
=> Training epoch # 130	
 * Finished epoch # 130     top1:  27.070  top5:   6.982
	
=> Training epoch # 131	
 * Finished epoch # 131     top1:  27.031  top5:   6.943
	
=> Training epoch # 132	
 * Finished epoch # 132     top1:  26.768  top5:   6.982
	
=> Training epoch # 133	
 * Finished epoch # 133     top1:  26.729  top5:   7.158
	
=> Training epoch # 134	
 * Finished epoch # 134     top1:  26.797  top5:   7.090
	
=> Training epoch # 135	
 * Finished epoch # 135     top1:  26.572  top5:   7.002
	
 * Best model 	26.572265625	7.001953125	
=> Training epoch # 136	
 * Finished epoch # 136     top1:  26.172  top5:   6.846
	
 * Best model 	26.171875	6.845703125	
=> Training epoch # 137	
 * Finished epoch # 137     top1:  26.797  top5:   6.885
	
=> Training epoch # 138	
 * Finished epoch # 138     top1:  26.523  top5:   6.963
	
=> Training epoch # 139	
 * Finished epoch # 139     top1:  26.387  top5:   7.012
	
=> Training epoch # 140	
 * Finished epoch # 140     top1:  27.373  top5:   7.334
	
=> Training epoch # 141	
 * Finished epoch # 141     top1:  27.119  top5:   7.393
	
=> Training epoch # 142	
 * Finished epoch # 142     top1:  27.051  top5:   6.982
	
=> Training epoch # 143	
 * Finished epoch # 143     top1:  27.090  top5:   6.855
	
=> Training epoch # 144	
 * Finished epoch # 144     top1:  26.641  top5:   7.324
	
=> Training epoch # 145	
 * Finished epoch # 145     top1:  26.328  top5:   7.119
	
=> Training epoch # 146	
 * Finished epoch # 146     top1:  26.992  top5:   6.855
	
=> Training epoch # 147	
 * Finished epoch # 147     top1:  27.021  top5:   7.031
	
=> Training epoch # 148	
 * Finished epoch # 148     top1:  26.436  top5:   7.012
	
=> Training epoch # 149	
 * Finished epoch # 149     top1:  26.396  top5:   7.002
	
=> Training epoch # 150	
 * Finished epoch # 150     top1:  26.621  top5:   7.197
	
=> Training epoch # 151	
 * Finished epoch # 151     top1:  26.768  top5:   7.129
	
=> Training epoch # 152	
 * Finished epoch # 152     top1:  26.865  top5:   7.168
	
=> Training epoch # 153	
 * Finished epoch # 153     top1:  26.621  top5:   7.080
	
=> Training epoch # 154	
 * Finished epoch # 154     top1:  26.377  top5:   7.266
	
=> Training epoch # 155	
 * Finished epoch # 155     top1:  26.396  top5:   7.012
	
=> Training epoch # 156	
 * Finished epoch # 156     top1:  26.553  top5:   7.168
	
=> Training epoch # 157	
 * Finished epoch # 157     top1:  26.045  top5:   7.139
	
 * Best model 	26.044921875	7.138671875	
=> Training epoch # 158	
 * Finished epoch # 158     top1:  26.680  top5:   7.266
	
=> Training epoch # 159	
 * Finished epoch # 159     top1:  26.504  top5:   7.197
	
=> Training epoch # 160	
 * Finished epoch # 160     top1:  26.455  top5:   7.383
	
=> Training epoch # 161	
 * Finished epoch # 161     top1:  26.377  top5:   7.090
	
=> Training epoch # 162	
 * Finished epoch # 162     top1:  26.934  top5:   7.568
	
=> Training epoch # 163	
 * Finished epoch # 163     top1:  26.475  top5:   7.432
	
=> Training epoch # 164	
 * Finished epoch # 164     top1:  26.836  top5:   7.061
	
=> Training epoch # 165	
 * Finished epoch # 165     top1:  27.119  top5:   7.656
	
=> Training epoch # 166	
 * Finished epoch # 166     top1:  26.826  top5:   7.480
	
=> Training epoch # 167	
 * Finished epoch # 167     top1:  26.484  top5:   7.510
	
=> Training epoch # 168	
 * Finished epoch # 168     top1:  26.572  top5:   7.334
	
=> Training epoch # 169	
 * Finished epoch # 169     top1:  27.129  top5:   7.422
	
=> Training epoch # 170	
 * Finished epoch # 170     top1:  26.953  top5:   7.480
	
=> Training epoch # 171	
 * Finished epoch # 171     top1:  26.660  top5:   7.314
	
=> Training epoch # 172	
 * Finished epoch # 172     top1:  27.119  top5:   7.656
	
=> Training epoch # 173	
 * Finished epoch # 173     top1:  26.182  top5:   7.197
	
=> Training epoch # 174	
 * Finished epoch # 174     top1:  26.816  top5:   7.490
	
=> Training epoch # 175	
 * Finished epoch # 175     top1:  26.553  top5:   7.227
	
=> Training epoch # 176	
 * Finished epoch # 176     top1:  26.768  top5:   7.588
	
=> Training epoch # 177	
 * Finished epoch # 177     top1:  26.914  top5:   7.402
	
=> Training epoch # 178	
 * Finished epoch # 178     top1:  26.221  top5:   7.305
	
=> Training epoch # 179	
 * Finished epoch # 179     top1:  26.455  top5:   7.129
	
=> Training epoch # 180	
 * Finished epoch # 180     top1:  26.816  top5:   7.480
	
=> Training epoch # 181	
 * Finished epoch # 181     top1:  27.158  top5:   7.695
	
=> Training epoch # 182	
 * Finished epoch # 182     top1:  27.061  top5:   7.549
	
=> Training epoch # 183	
 * Finished epoch # 183     top1:  26.621  top5:   7.451
	
=> Training epoch # 184	
 * Finished epoch # 184     top1:  26.807  top5:   7.090
	
=> Training epoch # 185	
 * Finished epoch # 185     top1:  26.855  top5:   7.578
	
=> Training epoch # 186	
 * Finished epoch # 186     top1:  27.188  top5:   7.227
	
=> Training epoch # 187	
 * Finished epoch # 187     top1:  26.357  top5:   7.529
	
=> Training epoch # 188	
 * Finished epoch # 188     top1:  26.826  top5:   7.236
	
=> Training epoch # 189	
 * Finished epoch # 189     top1:  26.377  top5:   7.500
	
=> Training epoch # 190	
 * Finished epoch # 190     top1:  26.680  top5:   7.451
	
=> Training epoch # 191	
 * Finished epoch # 191     top1:  26.045  top5:   7.256
	
=> Training epoch # 192	
 * Finished epoch # 192     top1:  26.768  top5:   7.314
	
=> Training epoch # 193	
 * Finished epoch # 193     top1:  26.963  top5:   7.539
	
=> Training epoch # 194	
 * Finished epoch # 194     top1:  27.217  top5:   7.539
	
=> Training epoch # 195	
 * Finished epoch # 195     top1:  26.660  top5:   7.363
	
=> Training epoch # 196	
 * Finished epoch # 196     top1:  26.641  top5:   7.441
	
=> Training epoch # 197	
 * Finished epoch # 197     top1:  26.318  top5:   7.529
	
=> Training epoch # 198	
 * Finished epoch # 198     top1:  26.709  top5:   7.617
	
=> Training epoch # 199	
 * Finished epoch # 199     top1:  27.100  top5:   7.578
	
=> Training epoch # 200	
 * Finished epoch # 200     top1:  26.865  top5:   7.734
	
 * Finished top1: 26.045  top5:  7.139	
