{
  cudnn : "fastest"
  LR : 0.1
  nThreads : 2
  nClasses : 0
  batchSize : 256
  testOnly : false
  netType : "resnet"
  resetClassifier : false
  shortcutType : "A"
  gen : "gen"
  nGPU : 1
  depth : 110
  weightDecay : 0.001
  data : ""
  dataset : "cifar100"
  epochNumber : 1
  manualSeed : 2
  resume : "results/results-elu/try5/cifar100/110"
  optimState : "none"
  nEpochs : 200
  tenCrop : false
  shareGradInput : false
  backend : "cudnn"
  momentum : 0.9
  retrain : "none"
}
=> Creating model from file: models/resnet.lua	
 | ResNet-110 CIFAR-100	
nn.Sequential {
  [input -> (1) -> (2) -> (3) -> (4) -> (5) -> (6) -> (7) -> (8) -> (9) -> output]
  (1): cudnn.SpatialConvolution(3 -> 16, 3x3, 1,1, 1,1) without bias
  (2): nn.ELU (alpha:1.000000)
  (3): nn.Sequential {
    [input -> (1) -> (2) -> (3) -> (4) -> (5) -> (6) -> (7) -> (8) -> (9) -> (10) -> (11) -> (12) -> (13) -> (14) -> (15) -> (16) -> (17) -> (18) -> output]
    (1): nn.Sequential {
      [input -> (1) -> (2) -> output]
      (1): nn.ConcatTable {
        input
          |`-> (1): nn.Sequential {
          |      [input -> (1) -> (2) -> (3) -> (4) -> output]
          |      (1): cudnn.SpatialConvolution(16 -> 16, 3x3, 1,1, 1,1) without bias
          |      (2): nn.ELU (alpha:1.000000)
          |      (3): cudnn.SpatialConvolution(16 -> 16, 3x3, 1,1, 1,1) without bias
          |      (4): nn.SpatialBatchNormalization (4D) (16)
          |    }
           `-> (2): nn.Identity
           ... -> output
      }
      (2): nn.CAddTable
    }
    (2): nn.Sequential {
      [input -> (1) -> (2) -> output]
      (1): nn.ConcatTable {
        input
          |`-> (1): nn.Sequential {
          |      [input -> (1) -> (2) -> (3) -> (4) -> output]
          |      (1): cudnn.SpatialConvolution(16 -> 16, 3x3, 1,1, 1,1) without bias
          |      (2): nn.ELU (alpha:1.000000)
          |      (3): cudnn.SpatialConvolution(16 -> 16, 3x3, 1,1, 1,1) without bias
          |      (4): nn.SpatialBatchNormalization (4D) (16)
          |    }
           `-> (2): nn.Identity
           ... -> output
      }
      (2): nn.CAddTable
    }
    (3): nn.Sequential {
      [input -> (1) -> (2) -> output]
      (1): nn.ConcatTable {
        input
          |`-> (1): nn.Sequential {
          |      [input -> (1) -> (2) -> (3) -> (4) -> output]
          |      (1): cudnn.SpatialConvolution(16 -> 16, 3x3, 1,1, 1,1) without bias
          |      (2): nn.ELU (alpha:1.000000)
          |      (3): cudnn.SpatialConvolution(16 -> 16, 3x3, 1,1, 1,1) without bias
          |      (4): nn.SpatialBatchNormalization (4D) (16)
          |    }
           `-> (2): nn.Identity
           ... -> output
      }
      (2): nn.CAddTable
    }
    (4): nn.Sequential {
      [input -> (1) -> (2) -> output]
      (1): nn.ConcatTable {
        input
          |`-> (1): nn.Sequential {
          |      [input -> (1) -> (2) -> (3) -> (4) -> output]
          |      (1): cudnn.SpatialConvolution(16 -> 16, 3x3, 1,1, 1,1) without bias
          |      (2): nn.ELU (alpha:1.000000)
          |      (3): cudnn.SpatialConvolution(16 -> 16, 3x3, 1,1, 1,1) without bias
          |      (4): nn.SpatialBatchNormalization (4D) (16)
          |    }
           `-> (2): nn.Identity
           ... -> output
      }
      (2): nn.CAddTable
    }
    (5): nn.Sequential {
      [input -> (1) -> (2) -> output]
      (1): nn.ConcatTable {
        input
          |`-> (1): nn.Sequential {
          |      [input -> (1) -> (2) -> (3) -> (4) -> output]
          |      (1): cudnn.SpatialConvolution(16 -> 16, 3x3, 1,1, 1,1) without bias
          |      (2): nn.ELU (alpha:1.000000)
          |      (3): cudnn.SpatialConvolution(16 -> 16, 3x3, 1,1, 1,1) without bias
          |      (4): nn.SpatialBatchNormalization (4D) (16)
          |    }
           `-> (2): nn.Identity
           ... -> output
      }
      (2): nn.CAddTable
    }
    (6): nn.Sequential {
      [input -> (1) -> (2) -> output]
      (1): nn.ConcatTable {
        input
          |`-> (1): nn.Sequential {
          |      [input -> (1) -> (2) -> (3) -> (4) -> output]
          |      (1): cudnn.SpatialConvolution(16 -> 16, 3x3, 1,1, 1,1) without bias
          |      (2): nn.ELU (alpha:1.000000)
          |      (3): cudnn.SpatialConvolution(16 -> 16, 3x3, 1,1, 1,1) without bias
          |      (4): nn.SpatialBatchNormalization (4D) (16)
          |    }
           `-> (2): nn.Identity
           ... -> output
      }
      (2): nn.CAddTable
    }
    (7): nn.Sequential {
      [input -> (1) -> (2) -> output]
      (1): nn.ConcatTable {
        input
          |`-> (1): nn.Sequential {
          |      [input -> (1) -> (2) -> (3) -> (4) -> output]
          |      (1): cudnn.SpatialConvolution(16 -> 16, 3x3, 1,1, 1,1) without bias
          |      (2): nn.ELU (alpha:1.000000)
          |      (3): cudnn.SpatialConvolution(16 -> 16, 3x3, 1,1, 1,1) without bias
          |      (4): nn.SpatialBatchNormalization (4D) (16)
          |    }
           `-> (2): nn.Identity
           ... -> output
      }
      (2): nn.CAddTable
    }
    (8): nn.Sequential {
      [input -> (1) -> (2) -> output]
      (1): nn.ConcatTable {
        input
          |`-> (1): nn.Sequential {
          |      [input -> (1) -> (2) -> (3) -> (4) -> output]
          |      (1): cudnn.SpatialConvolution(16 -> 16, 3x3, 1,1, 1,1) without bias
          |      (2): nn.ELU (alpha:1.000000)
          |      (3): cudnn.SpatialConvolution(16 -> 16, 3x3, 1,1, 1,1) without bias
          |      (4): nn.SpatialBatchNormalization (4D) (16)
          |    }
           `-> (2): nn.Identity
           ... -> output
      }
      (2): nn.CAddTable
    }
    (9): nn.Sequential {
      [input -> (1) -> (2) -> output]
      (1): nn.ConcatTable {
        input
          |`-> (1): nn.Sequential {
          |      [input -> (1) -> (2) -> (3) -> (4) -> output]
          |      (1): cudnn.SpatialConvolution(16 -> 16, 3x3, 1,1, 1,1) without bias
          |      (2): nn.ELU (alpha:1.000000)
          |      (3): cudnn.SpatialConvolution(16 -> 16, 3x3, 1,1, 1,1) without bias
          |      (4): nn.SpatialBatchNormalization (4D) (16)
          |    }
           `-> (2): nn.Identity
           ... -> output
      }
      (2): nn.CAddTable
    }
    (10): nn.Sequential {
      [input -> (1) -> (2) -> output]
      (1): nn.ConcatTable {
        input
          |`-> (1): nn.Sequential {
          |      [input -> (1) -> (2) -> (3) -> (4) -> output]
          |      (1): cudnn.SpatialConvolution(16 -> 16, 3x3, 1,1, 1,1) without bias
          |      (2): nn.ELU (alpha:1.000000)
          |      (3): cudnn.SpatialConvolution(16 -> 16, 3x3, 1,1, 1,1) without bias
          |      (4): nn.SpatialBatchNormalization (4D) (16)
          |    }
           `-> (2): nn.Identity
           ... -> output
      }
      (2): nn.CAddTable
    }
    (11): nn.Sequential {
      [input -> (1) -> (2) -> output]
      (1): nn.ConcatTable {
        input
          |`-> (1): nn.Sequential {
          |      [input -> (1) -> (2) -> (3) -> (4) -> output]
          |      (1): cudnn.SpatialConvolution(16 -> 16, 3x3, 1,1, 1,1) without bias
          |      (2): nn.ELU (alpha:1.000000)
          |      (3): cudnn.SpatialConvolution(16 -> 16, 3x3, 1,1, 1,1) without bias
          |      (4): nn.SpatialBatchNormalization (4D) (16)
          |    }
           `-> (2): nn.Identity
           ... -> output
      }
      (2): nn.CAddTable
    }
    (12): nn.Sequential {
      [input -> (1) -> (2) -> output]
      (1): nn.ConcatTable {
        input
          |`-> (1): nn.Sequential {
          |      [input -> (1) -> (2) -> (3) -> (4) -> output]
          |      (1): cudnn.SpatialConvolution(16 -> 16, 3x3, 1,1, 1,1) without bias
          |      (2): nn.ELU (alpha:1.000000)
          |      (3): cudnn.SpatialConvolution(16 -> 16, 3x3, 1,1, 1,1) without bias
          |      (4): nn.SpatialBatchNormalization (4D) (16)
          |    }
           `-> (2): nn.Identity
           ... -> output
      }
      (2): nn.CAddTable
    }
    (13): nn.Sequential {
      [input -> (1) -> (2) -> output]
      (1): nn.ConcatTable {
        input
          |`-> (1): nn.Sequential {
          |      [input -> (1) -> (2) -> (3) -> (4) -> output]
          |      (1): cudnn.SpatialConvolution(16 -> 16, 3x3, 1,1, 1,1) without bias
          |      (2): nn.ELU (alpha:1.000000)
          |      (3): cudnn.SpatialConvolution(16 -> 16, 3x3, 1,1, 1,1) without bias
          |      (4): nn.SpatialBatchNormalization (4D) (16)
          |    }
           `-> (2): nn.Identity
           ... -> output
      }
      (2): nn.CAddTable
    }
    (14): nn.Sequential {
      [input -> (1) -> (2) -> output]
      (1): nn.ConcatTable {
        input
          |`-> (1): nn.Sequential {
          |      [input -> (1) -> (2) -> (3) -> (4) -> output]
          |      (1): cudnn.SpatialConvolution(16 -> 16, 3x3, 1,1, 1,1) without bias
          |      (2): nn.ELU (alpha:1.000000)
          |      (3): cudnn.SpatialConvolution(16 -> 16, 3x3, 1,1, 1,1) without bias
          |      (4): nn.SpatialBatchNormalization (4D) (16)
          |    }
           `-> (2): nn.Identity
           ... -> output
      }
      (2): nn.CAddTable
    }
    (15): nn.Sequential {
      [input -> (1) -> (2) -> output]
      (1): nn.ConcatTable {
        input
          |`-> (1): nn.Sequential {
          |      [input -> (1) -> (2) -> (3) -> (4) -> output]
          |      (1): cudnn.SpatialConvolution(16 -> 16, 3x3, 1,1, 1,1) without bias
          |      (2): nn.ELU (alpha:1.000000)
          |      (3): cudnn.SpatialConvolution(16 -> 16, 3x3, 1,1, 1,1) without bias
          |      (4): nn.SpatialBatchNormalization (4D) (16)
          |    }
           `-> (2): nn.Identity
           ... -> output
      }
      (2): nn.CAddTable
    }
    (16): nn.Sequential {
      [input -> (1) -> (2) -> output]
      (1): nn.ConcatTable {
        input
          |`-> (1): nn.Sequential {
          |      [input -> (1) -> (2) -> (3) -> (4) -> output]
          |      (1): cudnn.SpatialConvolution(16 -> 16, 3x3, 1,1, 1,1) without bias
          |      (2): nn.ELU (alpha:1.000000)
          |      (3): cudnn.SpatialConvolution(16 -> 16, 3x3, 1,1, 1,1) without bias
          |      (4): nn.SpatialBatchNormalization (4D) (16)
          |    }
           `-> (2): nn.Identity
           ... -> output
      }
      (2): nn.CAddTable
    }
    (17): nn.Sequential {
      [input -> (1) -> (2) -> output]
      (1): nn.ConcatTable {
        input
          |`-> (1): nn.Sequential {
          |      [input -> (1) -> (2) -> (3) -> (4) -> output]
          |      (1): cudnn.SpatialConvolution(16 -> 16, 3x3, 1,1, 1,1) without bias
          |      (2): nn.ELU (alpha:1.000000)
          |      (3): cudnn.SpatialConvolution(16 -> 16, 3x3, 1,1, 1,1) without bias
          |      (4): nn.SpatialBatchNormalization (4D) (16)
          |    }
           `-> (2): nn.Identity
           ... -> output
      }
      (2): nn.CAddTable
    }
    (18): nn.Sequential {
      [input -> (1) -> (2) -> output]
      (1): nn.ConcatTable {
        input
          |`-> (1): nn.Sequential {
          |      [input -> (1) -> (2) -> (3) -> (4) -> output]
          |      (1): cudnn.SpatialConvolution(16 -> 16, 3x3, 1,1, 1,1) without bias
          |      (2): nn.ELU (alpha:1.000000)
          |      (3): cudnn.SpatialConvolution(16 -> 16, 3x3, 1,1, 1,1) without bias
          |      (4): nn.SpatialBatchNormalization (4D) (16)
          |    }
           `-> (2): nn.Identity
           ... -> output
      }
      (2): nn.CAddTable
    }
  }
  (4): nn.Sequential {
    [input -> (1) -> (2) -> (3) -> (4) -> (5) -> (6) -> (7) -> (8) -> (9) -> (10) -> (11) -> (12) -> (13) -> (14) -> (15) -> (16) -> (17) -> (18) -> output]
    (1): nn.Sequential {
      [input -> (1) -> (2) -> output]
      (1): nn.ConcatTable {
        input
          |`-> (1): nn.Sequential {
          |      [input -> (1) -> (2) -> (3) -> (4) -> output]
          |      (1): cudnn.SpatialConvolution(16 -> 32, 3x3, 2,2, 1,1) without bias
          |      (2): nn.ELU (alpha:1.000000)
          |      (3): cudnn.SpatialConvolution(32 -> 32, 3x3, 1,1, 1,1) without bias
          |      (4): nn.SpatialBatchNormalization (4D) (32)
          |    }
           `-> (2): nn.Sequential {
                 [input -> (1) -> (2) -> output]
                 (1): nn.SpatialAveragePooling(1x1, 2,2)
                 (2): nn.Concat {
                   input
                     |`-> (1): nn.Identity
                      `-> (2): nn.MulConstant
                      ... -> output
                 }
               }
           ... -> output
      }
      (2): nn.CAddTable
    }
    (2): nn.Sequential {
      [input -> (1) -> (2) -> output]
      (1): nn.ConcatTable {
        input
          |`-> (1): nn.Sequential {
          |      [input -> (1) -> (2) -> (3) -> (4) -> output]
          |      (1): cudnn.SpatialConvolution(32 -> 32, 3x3, 1,1, 1,1) without bias
          |      (2): nn.ELU (alpha:1.000000)
          |      (3): cudnn.SpatialConvolution(32 -> 32, 3x3, 1,1, 1,1) without bias
          |      (4): nn.SpatialBatchNormalization (4D) (32)
          |    }
           `-> (2): nn.Identity
           ... -> output
      }
      (2): nn.CAddTable
    }
    (3): nn.Sequential {
      [input -> (1) -> (2) -> output]
      (1): nn.ConcatTable {
        input
          |`-> (1): nn.Sequential {
          |      [input -> (1) -> (2) -> (3) -> (4) -> output]
          |      (1): cudnn.SpatialConvolution(32 -> 32, 3x3, 1,1, 1,1) without bias
          |      (2): nn.ELU (alpha:1.000000)
          |      (3): cudnn.SpatialConvolution(32 -> 32, 3x3, 1,1, 1,1) without bias
          |      (4): nn.SpatialBatchNormalization (4D) (32)
          |    }
           `-> (2): nn.Identity
           ... -> output
      }
      (2): nn.CAddTable
    }
    (4): nn.Sequential {
      [input -> (1) -> (2) -> output]
      (1): nn.ConcatTable {
        input
          |`-> (1): nn.Sequential {
          |      [input -> (1) -> (2) -> (3) -> (4) -> output]
          |      (1): cudnn.SpatialConvolution(32 -> 32, 3x3, 1,1, 1,1) without bias
          |      (2): nn.ELU (alpha:1.000000)
          |      (3): cudnn.SpatialConvolution(32 -> 32, 3x3, 1,1, 1,1) without bias
          |      (4): nn.SpatialBatchNormalization (4D) (32)
          |    }
           `-> (2): nn.Identity
           ... -> output
      }
      (2): nn.CAddTable
    }
    (5): nn.Sequential {
      [input -> (1) -> (2) -> output]
      (1): nn.ConcatTable {
        input
          |`-> (1): nn.Sequential {
          |      [input -> (1) -> (2) -> (3) -> (4) -> output]
          |      (1): cudnn.SpatialConvolution(32 -> 32, 3x3, 1,1, 1,1) without bias
          |      (2): nn.ELU (alpha:1.000000)
          |      (3): cudnn.SpatialConvolution(32 -> 32, 3x3, 1,1, 1,1) without bias
          |      (4): nn.SpatialBatchNormalization (4D) (32)
          |    }
           `-> (2): nn.Identity
           ... -> output
      }
      (2): nn.CAddTable
    }
    (6): nn.Sequential {
      [input -> (1) -> (2) -> output]
      (1): nn.ConcatTable {
        input
          |`-> (1): nn.Sequential {
          |      [input -> (1) -> (2) -> (3) -> (4) -> output]
          |      (1): cudnn.SpatialConvolution(32 -> 32, 3x3, 1,1, 1,1) without bias
          |      (2): nn.ELU (alpha:1.000000)
          |      (3): cudnn.SpatialConvolution(32 -> 32, 3x3, 1,1, 1,1) without bias
          |      (4): nn.SpatialBatchNormalization (4D) (32)
          |    }
           `-> (2): nn.Identity
           ... -> output
      }
      (2): nn.CAddTable
    }
    (7): nn.Sequential {
      [input -> (1) -> (2) -> output]
      (1): nn.ConcatTable {
        input
          |`-> (1): nn.Sequential {
          |      [input -> (1) -> (2) -> (3) -> (4) -> output]
          |      (1): cudnn.SpatialConvolution(32 -> 32, 3x3, 1,1, 1,1) without bias
          |      (2): nn.ELU (alpha:1.000000)
          |      (3): cudnn.SpatialConvolution(32 -> 32, 3x3, 1,1, 1,1) without bias
          |      (4): nn.SpatialBatchNormalization (4D) (32)
          |    }
           `-> (2): nn.Identity
           ... -> output
      }
      (2): nn.CAddTable
    }
    (8): nn.Sequential {
      [input -> (1) -> (2) -> output]
      (1): nn.ConcatTable {
        input
          |`-> (1): nn.Sequential {
          |      [input -> (1) -> (2) -> (3) -> (4) -> output]
          |      (1): cudnn.SpatialConvolution(32 -> 32, 3x3, 1,1, 1,1) without bias
          |      (2): nn.ELU (alpha:1.000000)
          |      (3): cudnn.SpatialConvolution(32 -> 32, 3x3, 1,1, 1,1) without bias
          |      (4): nn.SpatialBatchNormalization (4D) (32)
          |    }
           `-> (2): nn.Identity
           ... -> output
      }
      (2): nn.CAddTable
    }
    (9): nn.Sequential {
      [input -> (1) -> (2) -> output]
      (1): nn.ConcatTable {
        input
          |`-> (1): nn.Sequential {
          |      [input -> (1) -> (2) -> (3) -> (4) -> output]
          |      (1): cudnn.SpatialConvolution(32 -> 32, 3x3, 1,1, 1,1) without bias
          |      (2): nn.ELU (alpha:1.000000)
          |      (3): cudnn.SpatialConvolution(32 -> 32, 3x3, 1,1, 1,1) without bias
          |      (4): nn.SpatialBatchNormalization (4D) (32)
          |    }
           `-> (2): nn.Identity
           ... -> output
      }
      (2): nn.CAddTable
    }
    (10): nn.Sequential {
      [input -> (1) -> (2) -> output]
      (1): nn.ConcatTable {
        input
          |`-> (1): nn.Sequential {
          |      [input -> (1) -> (2) -> (3) -> (4) -> output]
          |      (1): cudnn.SpatialConvolution(32 -> 32, 3x3, 1,1, 1,1) without bias
          |      (2): nn.ELU (alpha:1.000000)
          |      (3): cudnn.SpatialConvolution(32 -> 32, 3x3, 1,1, 1,1) without bias
          |      (4): nn.SpatialBatchNormalization (4D) (32)
          |    }
           `-> (2): nn.Identity
           ... -> output
      }
      (2): nn.CAddTable
    }
    (11): nn.Sequential {
      [input -> (1) -> (2) -> output]
      (1): nn.ConcatTable {
        input
          |`-> (1): nn.Sequential {
          |      [input -> (1) -> (2) -> (3) -> (4) -> output]
          |      (1): cudnn.SpatialConvolution(32 -> 32, 3x3, 1,1, 1,1) without bias
          |      (2): nn.ELU (alpha:1.000000)
          |      (3): cudnn.SpatialConvolution(32 -> 32, 3x3, 1,1, 1,1) without bias
          |      (4): nn.SpatialBatchNormalization (4D) (32)
          |    }
           `-> (2): nn.Identity
           ... -> output
      }
      (2): nn.CAddTable
    }
    (12): nn.Sequential {
      [input -> (1) -> (2) -> output]
      (1): nn.ConcatTable {
        input
          |`-> (1): nn.Sequential {
          |      [input -> (1) -> (2) -> (3) -> (4) -> output]
          |      (1): cudnn.SpatialConvolution(32 -> 32, 3x3, 1,1, 1,1) without bias
          |      (2): nn.ELU (alpha:1.000000)
          |      (3): cudnn.SpatialConvolution(32 -> 32, 3x3, 1,1, 1,1) without bias
          |      (4): nn.SpatialBatchNormalization (4D) (32)
          |    }
           `-> (2): nn.Identity
           ... -> output
      }
      (2): nn.CAddTable
    }
    (13): nn.Sequential {
      [input -> (1) -> (2) -> output]
      (1): nn.ConcatTable {
        input
          |`-> (1): nn.Sequential {
          |      [input -> (1) -> (2) -> (3) -> (4) -> output]
          |      (1): cudnn.SpatialConvolution(32 -> 32, 3x3, 1,1, 1,1) without bias
          |      (2): nn.ELU (alpha:1.000000)
          |      (3): cudnn.SpatialConvolution(32 -> 32, 3x3, 1,1, 1,1) without bias
          |      (4): nn.SpatialBatchNormalization (4D) (32)
          |    }
           `-> (2): nn.Identity
           ... -> output
      }
      (2): nn.CAddTable
    }
    (14): nn.Sequential {
      [input -> (1) -> (2) -> output]
      (1): nn.ConcatTable {
        input
          |`-> (1): nn.Sequential {
          |      [input -> (1) -> (2) -> (3) -> (4) -> output]
          |      (1): cudnn.SpatialConvolution(32 -> 32, 3x3, 1,1, 1,1) without bias
          |      (2): nn.ELU (alpha:1.000000)
          |      (3): cudnn.SpatialConvolution(32 -> 32, 3x3, 1,1, 1,1) without bias
          |      (4): nn.SpatialBatchNormalization (4D) (32)
          |    }
           `-> (2): nn.Identity
           ... -> output
      }
      (2): nn.CAddTable
    }
    (15): nn.Sequential {
      [input -> (1) -> (2) -> output]
      (1): nn.ConcatTable {
        input
          |`-> (1): nn.Sequential {
          |      [input -> (1) -> (2) -> (3) -> (4) -> output]
          |      (1): cudnn.SpatialConvolution(32 -> 32, 3x3, 1,1, 1,1) without bias
          |      (2): nn.ELU (alpha:1.000000)
          |      (3): cudnn.SpatialConvolution(32 -> 32, 3x3, 1,1, 1,1) without bias
          |      (4): nn.SpatialBatchNormalization (4D) (32)
          |    }
           `-> (2): nn.Identity
           ... -> output
      }
      (2): nn.CAddTable
    }
    (16): nn.Sequential {
      [input -> (1) -> (2) -> output]
      (1): nn.ConcatTable {
        input
          |`-> (1): nn.Sequential {
          |      [input -> (1) -> (2) -> (3) -> (4) -> output]
          |      (1): cudnn.SpatialConvolution(32 -> 32, 3x3, 1,1, 1,1) without bias
          |      (2): nn.ELU (alpha:1.000000)
          |      (3): cudnn.SpatialConvolution(32 -> 32, 3x3, 1,1, 1,1) without bias
          |      (4): nn.SpatialBatchNormalization (4D) (32)
          |    }
           `-> (2): nn.Identity
           ... -> output
      }
      (2): nn.CAddTable
    }
    (17): nn.Sequential {
      [input -> (1) -> (2) -> output]
      (1): nn.ConcatTable {
        input
          |`-> (1): nn.Sequential {
          |      [input -> (1) -> (2) -> (3) -> (4) -> output]
          |      (1): cudnn.SpatialConvolution(32 -> 32, 3x3, 1,1, 1,1) without bias
          |      (2): nn.ELU (alpha:1.000000)
          |      (3): cudnn.SpatialConvolution(32 -> 32, 3x3, 1,1, 1,1) without bias
          |      (4): nn.SpatialBatchNormalization (4D) (32)
          |    }
           `-> (2): nn.Identity
           ... -> output
      }
      (2): nn.CAddTable
    }
    (18): nn.Sequential {
      [input -> (1) -> (2) -> output]
      (1): nn.ConcatTable {
        input
          |`-> (1): nn.Sequential {
          |      [input -> (1) -> (2) -> (3) -> (4) -> output]
          |      (1): cudnn.SpatialConvolution(32 -> 32, 3x3, 1,1, 1,1) without bias
          |      (2): nn.ELU (alpha:1.000000)
          |      (3): cudnn.SpatialConvolution(32 -> 32, 3x3, 1,1, 1,1) without bias
          |      (4): nn.SpatialBatchNormalization (4D) (32)
          |    }
           `-> (2): nn.Identity
           ... -> output
      }
      (2): nn.CAddTable
    }
  }
  (5): nn.Sequential {
    [input -> (1) -> (2) -> (3) -> (4) -> (5) -> (6) -> (7) -> (8) -> (9) -> (10) -> (11) -> (12) -> (13) -> (14) -> (15) -> (16) -> (17) -> (18) -> output]
    (1): nn.Sequential {
      [input -> (1) -> (2) -> output]
      (1): nn.ConcatTable {
        input
          |`-> (1): nn.Sequential {
          |      [input -> (1) -> (2) -> (3) -> (4) -> output]
          |      (1): cudnn.SpatialConvolution(32 -> 64, 3x3, 2,2, 1,1) without bias
          |      (2): nn.ELU (alpha:1.000000)
          |      (3): cudnn.SpatialConvolution(64 -> 64, 3x3, 1,1, 1,1) without bias
          |      (4): nn.SpatialBatchNormalization (4D) (64)
          |    }
           `-> (2): nn.Sequential {
                 [input -> (1) -> (2) -> output]
                 (1): nn.SpatialAveragePooling(1x1, 2,2)
                 (2): nn.Concat {
                   input
                     |`-> (1): nn.Identity
                      `-> (2): nn.MulConstant
                      ... -> output
                 }
               }
           ... -> output
      }
      (2): nn.CAddTable
    }
    (2): nn.Sequential {
      [input -> (1) -> (2) -> output]
      (1): nn.ConcatTable {
        input
          |`-> (1): nn.Sequential {
          |      [input -> (1) -> (2) -> (3) -> (4) -> output]
          |      (1): cudnn.SpatialConvolution(64 -> 64, 3x3, 1,1, 1,1) without bias
          |      (2): nn.ELU (alpha:1.000000)
          |      (3): cudnn.SpatialConvolution(64 -> 64, 3x3, 1,1, 1,1) without bias
          |      (4): nn.SpatialBatchNormalization (4D) (64)
          |    }
           `-> (2): nn.Identity
           ... -> output
      }
      (2): nn.CAddTable
    }
    (3): nn.Sequential {
      [input -> (1) -> (2) -> output]
      (1): nn.ConcatTable {
        input
          |`-> (1): nn.Sequential {
          |      [input -> (1) -> (2) -> (3) -> (4) -> output]
          |      (1): cudnn.SpatialConvolution(64 -> 64, 3x3, 1,1, 1,1) without bias
          |      (2): nn.ELU (alpha:1.000000)
          |      (3): cudnn.SpatialConvolution(64 -> 64, 3x3, 1,1, 1,1) without bias
          |      (4): nn.SpatialBatchNormalization (4D) (64)
          |    }
           `-> (2): nn.Identity
           ... -> output
      }
      (2): nn.CAddTable
    }
    (4): nn.Sequential {
      [input -> (1) -> (2) -> output]
      (1): nn.ConcatTable {
        input
          |`-> (1): nn.Sequential {
          |      [input -> (1) -> (2) -> (3) -> (4) -> output]
          |      (1): cudnn.SpatialConvolution(64 -> 64, 3x3, 1,1, 1,1) without bias
          |      (2): nn.ELU (alpha:1.000000)
          |      (3): cudnn.SpatialConvolution(64 -> 64, 3x3, 1,1, 1,1) without bias
          |      (4): nn.SpatialBatchNormalization (4D) (64)
          |    }
           `-> (2): nn.Identity
           ... -> output
      }
      (2): nn.CAddTable
    }
    (5): nn.Sequential {
      [input -> (1) -> (2) -> output]
      (1): nn.ConcatTable {
        input
          |`-> (1): nn.Sequential {
          |      [input -> (1) -> (2) -> (3) -> (4) -> output]
          |      (1): cudnn.SpatialConvolution(64 -> 64, 3x3, 1,1, 1,1) without bias
          |      (2): nn.ELU (alpha:1.000000)
          |      (3): cudnn.SpatialConvolution(64 -> 64, 3x3, 1,1, 1,1) without bias
          |      (4): nn.SpatialBatchNormalization (4D) (64)
          |    }
           `-> (2): nn.Identity
           ... -> output
      }
      (2): nn.CAddTable
    }
    (6): nn.Sequential {
      [input -> (1) -> (2) -> output]
      (1): nn.ConcatTable {
        input
          |`-> (1): nn.Sequential {
          |      [input -> (1) -> (2) -> (3) -> (4) -> output]
          |      (1): cudnn.SpatialConvolution(64 -> 64, 3x3, 1,1, 1,1) without bias
          |      (2): nn.ELU (alpha:1.000000)
          |      (3): cudnn.SpatialConvolution(64 -> 64, 3x3, 1,1, 1,1) without bias
          |      (4): nn.SpatialBatchNormalization (4D) (64)
          |    }
           `-> (2): nn.Identity
           ... -> output
      }
      (2): nn.CAddTable
    }
    (7): nn.Sequential {
      [input -> (1) -> (2) -> output]
      (1): nn.ConcatTable {
        input
          |`-> (1): nn.Sequential {
          |      [input -> (1) -> (2) -> (3) -> (4) -> output]
          |      (1): cudnn.SpatialConvolution(64 -> 64, 3x3, 1,1, 1,1) without bias
          |      (2): nn.ELU (alpha:1.000000)
          |      (3): cudnn.SpatialConvolution(64 -> 64, 3x3, 1,1, 1,1) without bias
          |      (4): nn.SpatialBatchNormalization (4D) (64)
          |    }
           `-> (2): nn.Identity
           ... -> output
      }
      (2): nn.CAddTable
    }
    (8): nn.Sequential {
      [input -> (1) -> (2) -> output]
      (1): nn.ConcatTable {
        input
          |`-> (1): nn.Sequential {
          |      [input -> (1) -> (2) -> (3) -> (4) -> output]
          |      (1): cudnn.SpatialConvolution(64 -> 64, 3x3, 1,1, 1,1) without bias
          |      (2): nn.ELU (alpha:1.000000)
          |      (3): cudnn.SpatialConvolution(64 -> 64, 3x3, 1,1, 1,1) without bias
          |      (4): nn.SpatialBatchNormalization (4D) (64)
          |    }
           `-> (2): nn.Identity
           ... -> output
      }
      (2): nn.CAddTable
    }
    (9): nn.Sequential {
      [input -> (1) -> (2) -> output]
      (1): nn.ConcatTable {
        input
          |`-> (1): nn.Sequential {
          |      [input -> (1) -> (2) -> (3) -> (4) -> output]
          |      (1): cudnn.SpatialConvolution(64 -> 64, 3x3, 1,1, 1,1) without bias
          |      (2): nn.ELU (alpha:1.000000)
          |      (3): cudnn.SpatialConvolution(64 -> 64, 3x3, 1,1, 1,1) without bias
          |      (4): nn.SpatialBatchNormalization (4D) (64)
          |    }
           `-> (2): nn.Identity
           ... -> output
      }
      (2): nn.CAddTable
    }
    (10): nn.Sequential {
      [input -> (1) -> (2) -> output]
      (1): nn.ConcatTable {
        input
          |`-> (1): nn.Sequential {
          |      [input -> (1) -> (2) -> (3) -> (4) -> output]
          |      (1): cudnn.SpatialConvolution(64 -> 64, 3x3, 1,1, 1,1) without bias
          |      (2): nn.ELU (alpha:1.000000)
          |      (3): cudnn.SpatialConvolution(64 -> 64, 3x3, 1,1, 1,1) without bias
          |      (4): nn.SpatialBatchNormalization (4D) (64)
          |    }
           `-> (2): nn.Identity
           ... -> output
      }
      (2): nn.CAddTable
    }
    (11): nn.Sequential {
      [input -> (1) -> (2) -> output]
      (1): nn.ConcatTable {
        input
          |`-> (1): nn.Sequential {
          |      [input -> (1) -> (2) -> (3) -> (4) -> output]
          |      (1): cudnn.SpatialConvolution(64 -> 64, 3x3, 1,1, 1,1) without bias
          |      (2): nn.ELU (alpha:1.000000)
          |      (3): cudnn.SpatialConvolution(64 -> 64, 3x3, 1,1, 1,1) without bias
          |      (4): nn.SpatialBatchNormalization (4D) (64)
          |    }
           `-> (2): nn.Identity
           ... -> output
      }
      (2): nn.CAddTable
    }
    (12): nn.Sequential {
      [input -> (1) -> (2) -> output]
      (1): nn.ConcatTable {
        input
          |`-> (1): nn.Sequential {
          |      [input -> (1) -> (2) -> (3) -> (4) -> output]
          |      (1): cudnn.SpatialConvolution(64 -> 64, 3x3, 1,1, 1,1) without bias
          |      (2): nn.ELU (alpha:1.000000)
          |      (3): cudnn.SpatialConvolution(64 -> 64, 3x3, 1,1, 1,1) without bias
          |      (4): nn.SpatialBatchNormalization (4D) (64)
          |    }
           `-> (2): nn.Identity
           ... -> output
      }
      (2): nn.CAddTable
    }
    (13): nn.Sequential {
      [input -> (1) -> (2) -> output]
      (1): nn.ConcatTable {
        input
          |`-> (1): nn.Sequential {
          |      [input -> (1) -> (2) -> (3) -> (4) -> output]
          |      (1): cudnn.SpatialConvolution(64 -> 64, 3x3, 1,1, 1,1) without bias
          |      (2): nn.ELU (alpha:1.000000)
          |      (3): cudnn.SpatialConvolution(64 -> 64, 3x3, 1,1, 1,1) without bias
          |      (4): nn.SpatialBatchNormalization (4D) (64)
          |    }
           `-> (2): nn.Identity
           ... -> output
      }
      (2): nn.CAddTable
    }
    (14): nn.Sequential {
      [input -> (1) -> (2) -> output]
      (1): nn.ConcatTable {
        input
          |`-> (1): nn.Sequential {
          |      [input -> (1) -> (2) -> (3) -> (4) -> output]
          |      (1): cudnn.SpatialConvolution(64 -> 64, 3x3, 1,1, 1,1) without bias
          |      (2): nn.ELU (alpha:1.000000)
          |      (3): cudnn.SpatialConvolution(64 -> 64, 3x3, 1,1, 1,1) without bias
          |      (4): nn.SpatialBatchNormalization (4D) (64)
          |    }
           `-> (2): nn.Identity
           ... -> output
      }
      (2): nn.CAddTable
    }
    (15): nn.Sequential {
      [input -> (1) -> (2) -> output]
      (1): nn.ConcatTable {
        input
          |`-> (1): nn.Sequential {
          |      [input -> (1) -> (2) -> (3) -> (4) -> output]
          |      (1): cudnn.SpatialConvolution(64 -> 64, 3x3, 1,1, 1,1) without bias
          |      (2): nn.ELU (alpha:1.000000)
          |      (3): cudnn.SpatialConvolution(64 -> 64, 3x3, 1,1, 1,1) without bias
          |      (4): nn.SpatialBatchNormalization (4D) (64)
          |    }
           `-> (2): nn.Identity
           ... -> output
      }
      (2): nn.CAddTable
    }
    (16): nn.Sequential {
      [input -> (1) -> (2) -> output]
      (1): nn.ConcatTable {
        input
          |`-> (1): nn.Sequential {
          |      [input -> (1) -> (2) -> (3) -> (4) -> output]
          |      (1): cudnn.SpatialConvolution(64 -> 64, 3x3, 1,1, 1,1) without bias
          |      (2): nn.ELU (alpha:1.000000)
          |      (3): cudnn.SpatialConvolution(64 -> 64, 3x3, 1,1, 1,1) without bias
          |      (4): nn.SpatialBatchNormalization (4D) (64)
          |    }
           `-> (2): nn.Identity
           ... -> output
      }
      (2): nn.CAddTable
    }
    (17): nn.Sequential {
      [input -> (1) -> (2) -> output]
      (1): nn.ConcatTable {
        input
          |`-> (1): nn.Sequential {
          |      [input -> (1) -> (2) -> (3) -> (4) -> output]
          |      (1): cudnn.SpatialConvolution(64 -> 64, 3x3, 1,1, 1,1) without bias
          |      (2): nn.ELU (alpha:1.000000)
          |      (3): cudnn.SpatialConvolution(64 -> 64, 3x3, 1,1, 1,1) without bias
          |      (4): nn.SpatialBatchNormalization (4D) (64)
          |    }
           `-> (2): nn.Identity
           ... -> output
      }
      (2): nn.CAddTable
    }
    (18): nn.Sequential {
      [input -> (1) -> (2) -> output]
      (1): nn.ConcatTable {
        input
          |`-> (1): nn.Sequential {
          |      [input -> (1) -> (2) -> (3) -> (4) -> output]
          |      (1): cudnn.SpatialConvolution(64 -> 64, 3x3, 1,1, 1,1) without bias
          |      (2): nn.ELU (alpha:1.000000)
          |      (3): cudnn.SpatialConvolution(64 -> 64, 3x3, 1,1, 1,1) without bias
          |      (4): nn.SpatialBatchNormalization (4D) (64)
          |    }
           `-> (2): nn.Identity
           ... -> output
      }
      (2): nn.CAddTable
    }
  }
  (6): nn.ELU (alpha:1.000000)
  (7): cudnn.SpatialAveragePooling(8x8, 1,1)
  (8): nn.View(64)
  (9): nn.Linear(64 -> 100)
}
=> Training epoch # 1	
 * Finished epoch # 1     top1:  81.221  top5:  53.643
	
 * Best model 	81.220703125	53.642578125	
=> Training epoch # 2	
 * Finished epoch # 2     top1:  70.410  top5:  39.336
	
 * Best model 	70.41015625	39.3359375	
=> Training epoch # 3	
 * Finished epoch # 3     top1:  62.520  top5:  30.771
	
 * Best model 	62.51953125	30.771484375	
=> Training epoch # 4	
 * Finished epoch # 4     top1:  58.604  top5:  27.012
	
 * Best model 	58.603515625	27.01171875	
=> Training epoch # 5	
 * Finished epoch # 5     top1:  58.652  top5:  25.518
	
=> Training epoch # 6	
 * Finished epoch # 6     top1:  52.891  top5:  20.352
	
 * Best model 	52.890625	20.3515625	
=> Training epoch # 7	
 * Finished epoch # 7     top1:  51.172  top5:  19.736
	
 * Best model 	51.171875	19.736328125	
=> Training epoch # 8	
 * Finished epoch # 8     top1:  56.533  top5:  23.682
	
=> Training epoch # 9	
 * Finished epoch # 9     top1:  51.123  top5:  20.322
	
 * Best model 	51.123046875	20.322265625	
=> Training epoch # 10	
 * Finished epoch # 10     top1:  51.260  top5:  20.518
	
=> Training epoch # 11	
 * Finished epoch # 11     top1:  48.174  top5:  17.695
	
 * Best model 	48.173828125	17.6953125	
=> Training epoch # 12	
 * Finished epoch # 12     top1:  46.416  top5:  18.047
	
 * Best model 	46.416015625	18.046875	
=> Training epoch # 13	
 * Finished epoch # 13     top1:  46.758  top5:  16.914
	
=> Training epoch # 14	
 * Finished epoch # 14     top1:  49.209  top5:  18.613
	
=> Training epoch # 15	
 * Finished epoch # 15     top1:  46.768  top5:  16.748
	
=> Training epoch # 16	
 * Finished epoch # 16     top1:  47.021  top5:  18.086
	
=> Training epoch # 17	
 * Finished epoch # 17     top1:  52.500  top5:  21.855
	
=> Training epoch # 18	
 * Finished epoch # 18     top1:  46.191  top5:  17.266
	
 * Best model 	46.19140625	17.265625	
=> Training epoch # 19	
 * Finished epoch # 19     top1:  48.740  top5:  17.500
	
=> Training epoch # 20	
 * Finished epoch # 20     top1:  45.508  top5:  16.152
	
 * Best model 	45.5078125	16.15234375	
=> Training epoch # 21	
 * Finished epoch # 21     top1:  45.146  top5:  16.758
	
 * Best model 	45.146484375	16.7578125	
=> Training epoch # 22	
 * Finished epoch # 22     top1:  46.348  top5:  17.178
	
=> Training epoch # 23	
 * Finished epoch # 23     top1:  46.104  top5:  16.768
	
=> Training epoch # 24	
 * Finished epoch # 24     top1:  52.773  top5:  22.432
	
=> Training epoch # 25	
 * Finished epoch # 25     top1:  46.230  top5:  17.090
	
=> Training epoch # 26	
 * Finished epoch # 26     top1:  48.721  top5:  18.389
	
=> Training epoch # 27	
 * Finished epoch # 27     top1:  47.646  top5:  18.311
	
=> Training epoch # 28	
 * Finished epoch # 28     top1:  50.527  top5:  19.766
	
=> Training epoch # 29	
 * Finished epoch # 29     top1:  46.523  top5:  16.807
	
=> Training epoch # 30	
 * Finished epoch # 30     top1:  47.695  top5:  19.434
	
=> Training epoch # 31	
 * Finished epoch # 31     top1:  51.689  top5:  20.303
	
=> Training epoch # 32	
 * Finished epoch # 32     top1:  43.721  top5:  14.912
	
 * Best model 	43.720703125	14.912109375	
=> Training epoch # 33	
 * Finished epoch # 33     top1:  44.590  top5:  16.084
	
=> Training epoch # 34	
 * Finished epoch # 34     top1:  53.496  top5:  22.979
	
=> Training epoch # 35	
 * Finished epoch # 35     top1:  44.795  top5:  16.064
	
=> Training epoch # 36	
 * Finished epoch # 36     top1:  43.154  top5:  14.766
	
 * Best model 	43.154296875	14.765625	
=> Training epoch # 37	
 * Finished epoch # 37     top1:  45.215  top5:  16.611
	
=> Training epoch # 38	
 * Finished epoch # 38     top1:  44.316  top5:  15.781
	
=> Training epoch # 39	
 * Finished epoch # 39     top1:  48.086  top5:  18.896
	
=> Training epoch # 40	
 * Finished epoch # 40     top1:  45.176  top5:  16.631
	
=> Training epoch # 41	
 * Finished epoch # 41     top1:  46.582  top5:  18.721
	
=> Training epoch # 42	
 * Finished epoch # 42     top1:  54.883  top5:  23.154
	
=> Training epoch # 43	
 * Finished epoch # 43     top1:  45.684  top5:  16.797
	
=> Training epoch # 44	
 * Finished epoch # 44     top1:  45.840  top5:  17.969
	
=> Training epoch # 45	
 * Finished epoch # 45     top1:  50.859  top5:  21.396
	
=> Training epoch # 46	
 * Finished epoch # 46     top1:  48.037  top5:  18.945
	
=> Training epoch # 47	
 * Finished epoch # 47     top1:  51.191  top5:  20.439
	
=> Training epoch # 48	
 * Finished epoch # 48     top1:  45.195  top5:  16.348
	
=> Training epoch # 49	
 * Finished epoch # 49     top1:  45.400  top5:  16.572
	
=> Training epoch # 50	
 * Finished epoch # 50     top1:  45.615  top5:  15.674
	
=> Training epoch # 51	
 * Finished epoch # 51     top1:  49.102  top5:  19.072
	
=> Training epoch # 52	
 * Finished epoch # 52     top1:  43.086  top5:  13.945
	
 * Best model 	43.0859375	13.9453125	
=> Training epoch # 53	
 * Finished epoch # 53     top1:  47.119  top5:  18.379
	
=> Training epoch # 54	
 * Finished epoch # 54     top1:  45.752  top5:  16.504
	
=> Training epoch # 55	
 * Finished epoch # 55     top1:  46.006  top5:  17.607
	
=> Training epoch # 56	
 * Finished epoch # 56     top1:  45.859  top5:  17.617
	
=> Training epoch # 57	
 * Finished epoch # 57     top1:  47.529  top5:  18.398
	
=> Training epoch # 58	
 * Finished epoch # 58     top1:  45.146  top5:  16.641
	
=> Training epoch # 59	
 * Finished epoch # 59     top1:  46.709  top5:  18.193
	
=> Training epoch # 60	
 * Finished epoch # 60     top1:  42.969  top5:  13.955
	
 * Best model 	42.96875	13.955078125	
=> Training epoch # 61	
 * Finished epoch # 61     top1:  46.953  top5:  18.730
	
=> Training epoch # 62	
 * Finished epoch # 62     top1:  45.635  top5:  17.490
	
=> Training epoch # 63	
 * Finished epoch # 63     top1:  43.115  top5:  15.273
	
=> Training epoch # 64	
 * Finished epoch # 64     top1:  52.686  top5:  23.115
	
=> Training epoch # 65	
 * Finished epoch # 65     top1:  44.668  top5:  16.748
	
=> Training epoch # 66	
 * Finished epoch # 66     top1:  48.555  top5:  20.791
	
=> Training epoch # 67	
 * Finished epoch # 67     top1:  48.145  top5:  18.311
	
=> Training epoch # 68	
 * Finished epoch # 68     top1:  49.014  top5:  19.326
	
=> Training epoch # 69	
 * Finished epoch # 69     top1:  47.441  top5:  18.750
	
=> Training epoch # 70	
 * Finished epoch # 70     top1:  45.889  top5:  18.115
	
=> Training epoch # 71	
 * Finished epoch # 71     top1:  50.156  top5:  19.307
	
=> Training epoch # 72	
 * Finished epoch # 72     top1:  43.506  top5:  15.049
	
=> Training epoch # 73	
 * Finished epoch # 73     top1:  51.943  top5:  22.891
	
=> Training epoch # 74	
 * Finished epoch # 74     top1:  48.359  top5:  18.564
	
=> Training epoch # 75	
 * Finished epoch # 75     top1:  50.508  top5:  19.404
	
=> Training epoch # 76	
 * Finished epoch # 76     top1:  45.283  top5:  17.393
	
=> Training epoch # 77	
 * Finished epoch # 77     top1:  44.590  top5:  16.758
	
=> Training epoch # 78	
 * Finished epoch # 78     top1:  44.922  top5:  15.205
	
=> Training epoch # 79	
 * Finished epoch # 79     top1:  47.969  top5:  17.051
	
=> Training epoch # 80	
 * Finished epoch # 80     top1:  45.996  top5:  17.188
	
=> Training epoch # 81	
 * Finished epoch # 81     top1:  26.348  top5:   6.484
	
 * Best model 	26.34765625	6.484375	
=> Training epoch # 82	
 * Finished epoch # 82     top1:  26.436  top5:   6.562
	
=> Training epoch # 83	
 * Finished epoch # 83     top1:  26.260  top5:   7.041
	
 * Best model 	26.259765625	7.041015625	
=> Training epoch # 84	
 * Finished epoch # 84     top1:  26.084  top5:   6.367
	
 * Best model 	26.083984375	6.3671875	
=> Training epoch # 85	
 * Finished epoch # 85     top1:  27.959  top5:   6.992
	
=> Training epoch # 86	
 * Finished epoch # 86     top1:  28.477  top5:   7.100
	
=> Training epoch # 87	
 * Finished epoch # 87     top1:  27.832  top5:   7.383
	
=> Training epoch # 88	
 * Finished epoch # 88     top1:  27.324  top5:   6.719
	
=> Training epoch # 89	
 * Finished epoch # 89     top1:  29.727  top5:   8.643
	
=> Training epoch # 90	
 * Finished epoch # 90     top1:  28.994  top5:   7.734
	
=> Training epoch # 91	
 * Finished epoch # 91     top1:  30.537  top5:   8.428
	
=> Training epoch # 92	
 * Finished epoch # 92     top1:  31.094  top5:   9.590
	
=> Training epoch # 93	
 * Finished epoch # 93     top1:  35.820  top5:  11.719
	
=> Training epoch # 94	
 * Finished epoch # 94     top1:  41.260  top5:  15.518
	
=> Training epoch # 95	
 * Finished epoch # 95     top1:  33.936  top5:  11.914
	
=> Training epoch # 96	
 * Finished epoch # 96     top1:  31.357  top5:   9.062
	
=> Training epoch # 97	
 * Finished epoch # 97     top1:  35.508  top5:  11.758
	
=> Training epoch # 98	
 * Finished epoch # 98     top1:  36.182  top5:  11.523
	
=> Training epoch # 99	
 * Finished epoch # 99     top1:  37.188  top5:  13.936
	
=> Training epoch # 100	
 * Finished epoch # 100     top1:  37.520  top5:  12.217
	
=> Training epoch # 101	
 * Finished epoch # 101     top1:  45.195  top5:  17.705
	
=> Training epoch # 102	
 * Finished epoch # 102     top1:  39.658  top5:  13.828
	
=> Training epoch # 103	
 * Finished epoch # 103     top1:  39.717  top5:  14.375
	
=> Training epoch # 104	
 * Finished epoch # 104     top1:  48.008  top5:  21.123
	
=> Training epoch # 105	
 * Finished epoch # 105     top1:  39.873  top5:  14.697
	
=> Training epoch # 106	
 * Finished epoch # 106     top1:  39.756  top5:  13.369
	
=> Training epoch # 107	
 * Finished epoch # 107     top1:  38.789  top5:  13.613
	
=> Training epoch # 108	
 * Finished epoch # 108     top1:  39.658  top5:  13.379
	
=> Training epoch # 109	
 * Finished epoch # 109     top1:  39.346  top5:  14.082
	
=> Training epoch # 110	
 * Finished epoch # 110     top1:  49.170  top5:  21.436
	
=> Training epoch # 111	
 * Finished epoch # 111     top1:  56.611  top5:  24.150
	
=> Training epoch # 112	
 * Finished epoch # 112     top1:  49.062  top5:  21.436
	
=> Training epoch # 113	
 * Finished epoch # 113     top1:  37.598  top5:  13.066
	
=> Training epoch # 114	
 * Finished epoch # 114     top1:  43.174  top5:  16.094
	
=> Training epoch # 115	
 * Finished epoch # 115     top1:  46.973  top5:  19.941
	
=> Training epoch # 116	
 * Finished epoch # 116     top1:  44.834  top5:  16.650
	
=> Training epoch # 117	
 * Finished epoch # 117     top1:  47.363  top5:  21.514
	
=> Training epoch # 118	
 * Finished epoch # 118     top1:  46.396  top5:  19.043
	
=> Training epoch # 119	
 * Finished epoch # 119     top1:  40.205  top5:  15.566
	
=> Training epoch # 120	
 * Finished epoch # 120     top1:  48.223  top5:  21.875
	
=> Training epoch # 121	
 * Finished epoch # 121     top1:  38.115  top5:  13.652
	
=> Training epoch # 122	
 * Finished epoch # 122     top1:  26.455  top5:   7.021
	
=> Training epoch # 123	
 * Finished epoch # 123     top1:  26.172  top5:   7.100
	
=> Training epoch # 124	
 * Finished epoch # 124     top1:  25.869  top5:   6.875
	
 * Best model 	25.869140625	6.875	
=> Training epoch # 125	
 * Finished epoch # 125     top1:  25.234  top5:   6.914
	
 * Best model 	25.234375	6.9140625	
=> Training epoch # 126	
 * Finished epoch # 126     top1:  25.078  top5:   6.768
	
 * Best model 	25.078125	6.767578125	
=> Training epoch # 127	
 * Finished epoch # 127     top1:  25.352  top5:   6.807
	
=> Training epoch # 128	
 * Finished epoch # 128     top1:  25.576  top5:   6.875
	
=> Training epoch # 129	
 * Finished epoch # 129     top1:  24.961  top5:   6.973
	
 * Best model 	24.9609375	6.97265625	
=> Training epoch # 130	
 * Finished epoch # 130     top1:  25.439  top5:   6.943
	
=> Training epoch # 131	
 * Finished epoch # 131     top1:  25.352  top5:   6.846
	
=> Training epoch # 132	
 * Finished epoch # 132     top1:  26.006  top5:   6.953
	
=> Training epoch # 133	
 * Finished epoch # 133     top1:  26.045  top5:   7.188
	
=> Training epoch # 134	
 * Finished epoch # 134     top1:  25.322  top5:   7.119
	
=> Training epoch # 135	
 * Finished epoch # 135     top1:  26.143  top5:   7.188
	
=> Training epoch # 136	
 * Finished epoch # 136     top1:  25.605  top5:   6.924
	
=> Training epoch # 137	
 * Finished epoch # 137     top1:  25.742  top5:   6.855
	
=> Training epoch # 138	
 * Finished epoch # 138     top1:  25.723  top5:   6.982
	
=> Training epoch # 139	
 * Finished epoch # 139     top1:  25.615  top5:   6.748
	
=> Training epoch # 140	
 * Finished epoch # 140     top1:  25.771  top5:   6.963
	
=> Training epoch # 141	
 * Finished epoch # 141     top1:  25.830  top5:   6.875
	
=> Training epoch # 142	
 * Finished epoch # 142     top1:  26.201  top5:   7.090
	
=> Training epoch # 143	
 * Finished epoch # 143     top1:  26.172  top5:   7.139
	
=> Training epoch # 144	
 * Finished epoch # 144     top1:  26.230  top5:   7.100
	
=> Training epoch # 145	
 * Finished epoch # 145     top1:  25.732  top5:   7.109
	
=> Training epoch # 146	
 * Finished epoch # 146     top1:  25.645  top5:   7.217
	
=> Training epoch # 147	
 * Finished epoch # 147     top1:  25.918  top5:   7.451
	
=> Training epoch # 148	
 * Finished epoch # 148     top1:  25.986  top5:   7.256
	
=> Training epoch # 149	
 * Finished epoch # 149     top1:  26.152  top5:   7.266
	
=> Training epoch # 150	
 * Finished epoch # 150     top1:  25.898  top5:   7.090
	
=> Training epoch # 151	
 * Finished epoch # 151     top1:  26.611  top5:   7.334
	
=> Training epoch # 152	
 * Finished epoch # 152     top1:  26.270  top5:   7.744
	
=> Training epoch # 153	
 * Finished epoch # 153     top1:  25.791  top5:   7.129
	
=> Training epoch # 154	
 * Finished epoch # 154     top1:  25.547  top5:   7.070
	
=> Training epoch # 155	
 * Finished epoch # 155     top1:  26.553  top5:   7.295
	
=> Training epoch # 156	
 * Finished epoch # 156     top1:  26.377  top5:   7.217
	
=> Training epoch # 157	
 * Finished epoch # 157     top1:  25.811  top5:   7.178
	
=> Training epoch # 158	
 * Finished epoch # 158     top1:  26.094  top5:   7.432
	
=> Training epoch # 159	
 * Finished epoch # 159     top1:  25.918  top5:   7.549
	
=> Training epoch # 160	
 * Finished epoch # 160     top1:  25.830  top5:   7.256
	
=> Training epoch # 161	
 * Finished epoch # 161     top1:  25.908  top5:   7.217
	
=> Training epoch # 162	
 * Finished epoch # 162     top1:  26.221  top5:   7.314
	
=> Training epoch # 163	
 * Finished epoch # 163     top1:  25.918  top5:   7.490
	
=> Training epoch # 164	
 * Finished epoch # 164     top1:  25.898  top5:   7.461
	
=> Training epoch # 165	
 * Finished epoch # 165     top1:  25.586  top5:   7.207
	
=> Training epoch # 166	
 * Finished epoch # 166     top1:  26.064  top5:   7.363
	
=> Training epoch # 167	
 * Finished epoch # 167     top1:  25.752  top5:   7.129
	
=> Training epoch # 168	
 * Finished epoch # 168     top1:  26.143  top5:   7.422
	
=> Training epoch # 169	
 * Finished epoch # 169     top1:  26.006  top5:   7.432
	
=> Training epoch # 170	
 * Finished epoch # 170     top1:  26.426  top5:   7.656
	
=> Training epoch # 171	
 * Finished epoch # 171     top1:  25.742  top5:   7.480
	
=> Training epoch # 172	
 * Finished epoch # 172     top1:  26.084  top5:   7.822
	
=> Training epoch # 173	
 * Finished epoch # 173     top1:  26.494  top5:   7.500
	
=> Training epoch # 174	
 * Finished epoch # 174     top1:  27.207  top5:   7.539
	
=> Training epoch # 175	
 * Finished epoch # 175     top1:  26.045  top5:   7.471
	
=> Training epoch # 176	
 * Finished epoch # 176     top1:  25.820  top5:   7.285
	
=> Training epoch # 177	
 * Finished epoch # 177     top1:  26.426  top5:   7.979
	
=> Training epoch # 178	
 * Finished epoch # 178     top1:  27.148  top5:   7.910
	
=> Training epoch # 179	
 * Finished epoch # 179     top1:  26.680  top5:   7.627
	
=> Training epoch # 180	
 * Finished epoch # 180     top1:  26.777  top5:   7.666
	
=> Training epoch # 181	
 * Finished epoch # 181     top1:  26.133  top5:   7.432
	
=> Training epoch # 182	
 * Finished epoch # 182     top1:  26.934  top5:   7.695
	
=> Training epoch # 183	
 * Finished epoch # 183     top1:  26.514  top5:   7.402
	
=> Training epoch # 184	
 * Finished epoch # 184     top1:  27.090  top5:   7.559
	
=> Training epoch # 185	
 * Finished epoch # 185     top1:  26.240  top5:   7.734
	
=> Training epoch # 186	
 * Finished epoch # 186     top1:  26.094  top5:   7.539
	
=> Training epoch # 187	
 * Finished epoch # 187     top1:  26.455  top5:   7.881
	
=> Training epoch # 188	
 * Finished epoch # 188     top1:  26.943  top5:   7.803
	
=> Training epoch # 189	
 * Finished epoch # 189     top1:  26.084  top5:   7.568
	
=> Training epoch # 190	
 * Finished epoch # 190     top1:  27.275  top5:   7.705
	
=> Training epoch # 191	
 * Finished epoch # 191     top1:  25.684  top5:   7.295
	
=> Training epoch # 192	
 * Finished epoch # 192     top1:  26.455  top5:   7.285
	
=> Training epoch # 193	
 * Finished epoch # 193     top1:  26.982  top5:   7.988
	
=> Training epoch # 194	
 * Finished epoch # 194     top1:  27.188  top5:   7.607
	
=> Training epoch # 195	
 * Finished epoch # 195     top1:  26.719  top5:   7.598
	
=> Training epoch # 196	
 * Finished epoch # 196     top1:  26.611  top5:   7.666
	
=> Training epoch # 197	
 * Finished epoch # 197     top1:  26.543  top5:   7.402
	
=> Training epoch # 198	
 * Finished epoch # 198     top1:  26.309  top5:   7.773
	
=> Training epoch # 199	
 * Finished epoch # 199     top1:  27.451  top5:   7.812
	
=> Training epoch # 200	
 * Finished epoch # 200     top1:  26.562  top5:   7.295
	
 * Finished top1: 24.961  top5:  6.973	
