{
  cudnn : "fastest"
  LR : 0.1
  nThreads : 2
  nClasses : 0
  batchSize : 256
  testOnly : false
  netType : "resnet"
  resetClassifier : false
  shortcutType : "A"
  gen : "gen"
  nGPU : 1
  depth : 20
  weightDecay : 0.001
  data : ""
  dataset : "cifar100"
  epochNumber : 1
  manualSeed : 2
  resume : "results/results-elu/try4/cifar100/20"
  optimState : "none"
  nEpochs : 200
  tenCrop : false
  shareGradInput : false
  backend : "cudnn"
  momentum : 0.9
  retrain : "none"
}
=> Creating model from file: models/resnet.lua	
 | ResNet-20 CIFAR-100	
nn.Sequential {
  [input -> (1) -> (2) -> (3) -> (4) -> (5) -> (6) -> (7) -> (8) -> (9) -> output]
  (1): cudnn.SpatialConvolution(3 -> 16, 3x3, 1,1, 1,1) without bias
  (2): nn.ELU (alpha:1.000000)
  (3): nn.Sequential {
    [input -> (1) -> (2) -> (3) -> output]
    (1): nn.Sequential {
      [input -> (1) -> (2) -> output]
      (1): nn.ConcatTable {
        input
          |`-> (1): nn.Sequential {
          |      [input -> (1) -> (2) -> (3) -> (4) -> output]
          |      (1): cudnn.SpatialConvolution(16 -> 16, 3x3, 1,1, 1,1) without bias
          |      (2): nn.ELU (alpha:1.000000)
          |      (3): cudnn.SpatialConvolution(16 -> 16, 3x3, 1,1, 1,1) without bias
          |      (4): nn.SpatialBatchNormalization (4D) (16)
          |    }
           `-> (2): nn.Identity
           ... -> output
      }
      (2): nn.CAddTable
    }
    (2): nn.Sequential {
      [input -> (1) -> (2) -> output]
      (1): nn.ConcatTable {
        input
          |`-> (1): nn.Sequential {
          |      [input -> (1) -> (2) -> (3) -> (4) -> output]
          |      (1): cudnn.SpatialConvolution(16 -> 16, 3x3, 1,1, 1,1) without bias
          |      (2): nn.ELU (alpha:1.000000)
          |      (3): cudnn.SpatialConvolution(16 -> 16, 3x3, 1,1, 1,1) without bias
          |      (4): nn.SpatialBatchNormalization (4D) (16)
          |    }
           `-> (2): nn.Identity
           ... -> output
      }
      (2): nn.CAddTable
    }
    (3): nn.Sequential {
      [input -> (1) -> (2) -> output]
      (1): nn.ConcatTable {
        input
          |`-> (1): nn.Sequential {
          |      [input -> (1) -> (2) -> (3) -> (4) -> output]
          |      (1): cudnn.SpatialConvolution(16 -> 16, 3x3, 1,1, 1,1) without bias
          |      (2): nn.ELU (alpha:1.000000)
          |      (3): cudnn.SpatialConvolution(16 -> 16, 3x3, 1,1, 1,1) without bias
          |      (4): nn.SpatialBatchNormalization (4D) (16)
          |    }
           `-> (2): nn.Identity
           ... -> output
      }
      (2): nn.CAddTable
    }
  }
  (4): nn.Sequential {
    [input -> (1) -> (2) -> (3) -> output]
    (1): nn.Sequential {
      [input -> (1) -> (2) -> output]
      (1): nn.ConcatTable {
        input
          |`-> (1): nn.Sequential {
          |      [input -> (1) -> (2) -> (3) -> (4) -> output]
          |      (1): cudnn.SpatialConvolution(16 -> 32, 3x3, 2,2, 1,1) without bias
          |      (2): nn.ELU (alpha:1.000000)
          |      (3): cudnn.SpatialConvolution(32 -> 32, 3x3, 1,1, 1,1) without bias
          |      (4): nn.SpatialBatchNormalization (4D) (32)
          |    }
           `-> (2): nn.Sequential {
                 [input -> (1) -> (2) -> output]
                 (1): nn.SpatialAveragePooling(1x1, 2,2)
                 (2): nn.Concat {
                   input
                     |`-> (1): nn.Identity
                      `-> (2): nn.MulConstant
                      ... -> output
                 }
               }
           ... -> output
      }
      (2): nn.CAddTable
    }
    (2): nn.Sequential {
      [input -> (1) -> (2) -> output]
      (1): nn.ConcatTable {
        input
          |`-> (1): nn.Sequential {
          |      [input -> (1) -> (2) -> (3) -> (4) -> output]
          |      (1): cudnn.SpatialConvolution(32 -> 32, 3x3, 1,1, 1,1) without bias
          |      (2): nn.ELU (alpha:1.000000)
          |      (3): cudnn.SpatialConvolution(32 -> 32, 3x3, 1,1, 1,1) without bias
          |      (4): nn.SpatialBatchNormalization (4D) (32)
          |    }
           `-> (2): nn.Identity
           ... -> output
      }
      (2): nn.CAddTable
    }
    (3): nn.Sequential {
      [input -> (1) -> (2) -> output]
      (1): nn.ConcatTable {
        input
          |`-> (1): nn.Sequential {
          |      [input -> (1) -> (2) -> (3) -> (4) -> output]
          |      (1): cudnn.SpatialConvolution(32 -> 32, 3x3, 1,1, 1,1) without bias
          |      (2): nn.ELU (alpha:1.000000)
          |      (3): cudnn.SpatialConvolution(32 -> 32, 3x3, 1,1, 1,1) without bias
          |      (4): nn.SpatialBatchNormalization (4D) (32)
          |    }
           `-> (2): nn.Identity
           ... -> output
      }
      (2): nn.CAddTable
    }
  }
  (5): nn.Sequential {
    [input -> (1) -> (2) -> (3) -> output]
    (1): nn.Sequential {
      [input -> (1) -> (2) -> output]
      (1): nn.ConcatTable {
        input
          |`-> (1): nn.Sequential {
          |      [input -> (1) -> (2) -> (3) -> (4) -> output]
          |      (1): cudnn.SpatialConvolution(32 -> 64, 3x3, 2,2, 1,1) without bias
          |      (2): nn.ELU (alpha:1.000000)
          |      (3): cudnn.SpatialConvolution(64 -> 64, 3x3, 1,1, 1,1) without bias
          |      (4): nn.SpatialBatchNormalization (4D) (64)
          |    }
           `-> (2): nn.Sequential {
                 [input -> (1) -> (2) -> output]
                 (1): nn.SpatialAveragePooling(1x1, 2,2)
                 (2): nn.Concat {
                   input
                     |`-> (1): nn.Identity
                      `-> (2): nn.MulConstant
                      ... -> output
                 }
               }
           ... -> output
      }
      (2): nn.CAddTable
    }
    (2): nn.Sequential {
      [input -> (1) -> (2) -> output]
      (1): nn.ConcatTable {
        input
          |`-> (1): nn.Sequential {
          |      [input -> (1) -> (2) -> (3) -> (4) -> output]
          |      (1): cudnn.SpatialConvolution(64 -> 64, 3x3, 1,1, 1,1) without bias
          |      (2): nn.ELU (alpha:1.000000)
          |      (3): cudnn.SpatialConvolution(64 -> 64, 3x3, 1,1, 1,1) without bias
          |      (4): nn.SpatialBatchNormalization (4D) (64)
          |    }
           `-> (2): nn.Identity
           ... -> output
      }
      (2): nn.CAddTable
    }
    (3): nn.Sequential {
      [input -> (1) -> (2) -> output]
      (1): nn.ConcatTable {
        input
          |`-> (1): nn.Sequential {
          |      [input -> (1) -> (2) -> (3) -> (4) -> output]
          |      (1): cudnn.SpatialConvolution(64 -> 64, 3x3, 1,1, 1,1) without bias
          |      (2): nn.ELU (alpha:1.000000)
          |      (3): cudnn.SpatialConvolution(64 -> 64, 3x3, 1,1, 1,1) without bias
          |      (4): nn.SpatialBatchNormalization (4D) (64)
          |    }
           `-> (2): nn.Identity
           ... -> output
      }
      (2): nn.CAddTable
    }
  }
  (6): nn.ELU (alpha:1.000000)
  (7): cudnn.SpatialAveragePooling(8x8, 1,1)
  (8): nn.View(64)
  (9): nn.Linear(64 -> 100)
}
=> Training epoch # 1	
 * Finished epoch # 1     top1:  85.088  top5:  60.117
	
 * Best model 	85.087890625	60.1171875	
=> Training epoch # 2	
 * Finished epoch # 2     top1:  79.688  top5:  51.045
	
 * Best model 	79.6875	51.044921875	
=> Training epoch # 3	
 * Finished epoch # 3     top1:  73.359  top5:  41.465
	
 * Best model 	73.359375	41.46484375	
=> Training epoch # 4	
 * Finished epoch # 4     top1:  67.803  top5:  34.297
	
 * Best model 	67.802734375	34.296875	
=> Training epoch # 5	
 * Finished epoch # 5     top1:  65.215  top5:  31.582
	
 * Best model 	65.21484375	31.58203125	
=> Training epoch # 6	
 * Finished epoch # 6     top1:  62.461  top5:  28.252
	
 * Best model 	62.4609375	28.251953125	
=> Training epoch # 7	
 * Finished epoch # 7     top1:  60.488  top5:  26.865
	
 * Best model 	60.48828125	26.865234375	
=> Training epoch # 8	
 * Finished epoch # 8     top1:  55.703  top5:  22.705
	
 * Best model 	55.703125	22.705078125	
=> Training epoch # 9	
 * Finished epoch # 9     top1:  56.816  top5:  24.883
	
=> Training epoch # 10	
 * Finished epoch # 10     top1:  55.449  top5:  23.799
	
 * Best model 	55.44921875	23.798828125	
=> Training epoch # 11	
 * Finished epoch # 11     top1:  55.654  top5:  23.369
	
=> Training epoch # 12	
 * Finished epoch # 12     top1:  55.439  top5:  23.428
	
 * Best model 	55.439453125	23.427734375	
=> Training epoch # 13	
 * Finished epoch # 13     top1:  53.008  top5:  21.533
	
 * Best model 	53.0078125	21.533203125	
=> Training epoch # 14	
 * Finished epoch # 14     top1:  52.988  top5:  20.732
	
 * Best model 	52.98828125	20.732421875	
=> Training epoch # 15	
 * Finished epoch # 15     top1:  53.438  top5:  21.777
	
=> Training epoch # 16	
 * Finished epoch # 16     top1:  54.844  top5:  23.711
	
=> Training epoch # 17	
 * Finished epoch # 17     top1:  53.037  top5:  21.729
	
=> Training epoch # 18	
 * Finished epoch # 18     top1:  52.393  top5:  19.893
	
 * Best model 	52.392578125	19.892578125	
=> Training epoch # 19	
 * Finished epoch # 19     top1:  50.576  top5:  18.965
	
 * Best model 	50.576171875	18.96484375	
=> Training epoch # 20	
 * Finished epoch # 20     top1:  47.578  top5:  17.109
	
 * Best model 	47.578125	17.109375	
=> Training epoch # 21	
 * Finished epoch # 21     top1:  51.816  top5:  20.234
	
=> Training epoch # 22	
 * Finished epoch # 22     top1:  50.537  top5:  19.746
	
=> Training epoch # 23	
 * Finished epoch # 23     top1:  48.477  top5:  18.154
	
=> Training epoch # 24	
 * Finished epoch # 24     top1:  52.461  top5:  20.244
	
=> Training epoch # 25	
 * Finished epoch # 25     top1:  51.699  top5:  19.092
	
=> Training epoch # 26	
 * Finished epoch # 26     top1:  53.867  top5:  21.865
	
=> Training epoch # 27	
 * Finished epoch # 27     top1:  49.668  top5:  18.867
	
=> Training epoch # 28	
 * Finished epoch # 28     top1:  48.857  top5:  18.408
	
=> Training epoch # 29	
 * Finished epoch # 29     top1:  47.441  top5:  17.441
	
 * Best model 	47.44140625	17.44140625	
=> Training epoch # 30	
 * Finished epoch # 30     top1:  51.104  top5:  19.277
	
=> Training epoch # 31	
 * Finished epoch # 31     top1:  49.697  top5:  19.229
	
=> Training epoch # 32	
 * Finished epoch # 32     top1:  47.715  top5:  17.637
	
=> Training epoch # 33	
 * Finished epoch # 33     top1:  50.303  top5:  19.170
	
=> Training epoch # 34	
 * Finished epoch # 34     top1:  49.170  top5:  19.912
	
=> Training epoch # 35	
 * Finished epoch # 35     top1:  50.371  top5:  19.492
	
=> Training epoch # 36	
 * Finished epoch # 36     top1:  49.414  top5:  18.750
	
=> Training epoch # 37	
 * Finished epoch # 37     top1:  46.387  top5:  17.100
	
 * Best model 	46.38671875	17.099609375	
=> Training epoch # 38	
 * Finished epoch # 38     top1:  46.172  top5:  15.918
	
 * Best model 	46.171875	15.91796875	
=> Training epoch # 39	
 * Finished epoch # 39     top1:  50.732  top5:  20.576
	
=> Training epoch # 40	
 * Finished epoch # 40     top1:  47.637  top5:  17.510
	
=> Training epoch # 41	
 * Finished epoch # 41     top1:  48.662  top5:  17.773
	
=> Training epoch # 42	
 * Finished epoch # 42     top1:  46.309  top5:  15.801
	
=> Training epoch # 43	
 * Finished epoch # 43     top1:  48.203  top5:  18.066
	
=> Training epoch # 44	
 * Finished epoch # 44     top1:  49.785  top5:  19.854
	
=> Training epoch # 45	
 * Finished epoch # 45     top1:  49.600  top5:  19.609
	
=> Training epoch # 46	
 * Finished epoch # 46     top1:  48.828  top5:  18.037
	
=> Training epoch # 47	
 * Finished epoch # 47     top1:  47.090  top5:  17.021
	
=> Training epoch # 48	
 * Finished epoch # 48     top1:  50.332  top5:  18.525
	
=> Training epoch # 49	
 * Finished epoch # 49     top1:  47.207  top5:  16.953
	
=> Training epoch # 50	
 * Finished epoch # 50     top1:  47.744  top5:  18.682
	
=> Training epoch # 51	
 * Finished epoch # 51     top1:  47.451  top5:  18.926
	
=> Training epoch # 52	
 * Finished epoch # 52     top1:  49.502  top5:  18.291
	
=> Training epoch # 53	
 * Finished epoch # 53     top1:  46.729  top5:  17.588
	
=> Training epoch # 54	
 * Finished epoch # 54     top1:  47.725  top5:  17.959
	
=> Training epoch # 55	
 * Finished epoch # 55     top1:  49.102  top5:  18.164
	
=> Training epoch # 56	
 * Finished epoch # 56     top1:  49.727  top5:  19.434
	
=> Training epoch # 57	
 * Finished epoch # 57     top1:  48.848  top5:  19.521
	
=> Training epoch # 58	
 * Finished epoch # 58     top1:  49.863  top5:  19.385
	
=> Training epoch # 59	
 * Finished epoch # 59     top1:  49.131  top5:  18.398
	
=> Training epoch # 60	
 * Finished epoch # 60     top1:  47.480  top5:  17.334
	
=> Training epoch # 61	
 * Finished epoch # 61     top1:  47.139  top5:  17.412
	
=> Training epoch # 62	
 * Finished epoch # 62     top1:  47.295  top5:  17.061
	
=> Training epoch # 63	
 * Finished epoch # 63     top1:  46.250  top5:  16.455
	
=> Training epoch # 64	
 * Finished epoch # 64     top1:  51.445  top5:  20.791
	
=> Training epoch # 65	
 * Finished epoch # 65     top1:  47.578  top5:  17.764
	
=> Training epoch # 66	
 * Finished epoch # 66     top1:  46.074  top5:  16.348
	
 * Best model 	46.07421875	16.34765625	
=> Training epoch # 67	
 * Finished epoch # 67     top1:  48.438  top5:  18.984
	
=> Training epoch # 68	
 * Finished epoch # 68     top1:  47.900  top5:  18.145
	
=> Training epoch # 69	
 * Finished epoch # 69     top1:  47.266  top5:  17.129
	
=> Training epoch # 70	
 * Finished epoch # 70     top1:  46.445  top5:  16.836
	
=> Training epoch # 71	
 * Finished epoch # 71     top1:  48.740  top5:  18.398
	
=> Training epoch # 72	
 * Finished epoch # 72     top1:  52.227  top5:  21.104
	
=> Training epoch # 73	
 * Finished epoch # 73     top1:  50.566  top5:  18.887
	
=> Training epoch # 74	
 * Finished epoch # 74     top1:  49.561  top5:  17.598
	
=> Training epoch # 75	
 * Finished epoch # 75     top1:  47.578  top5:  18.320
	
=> Training epoch # 76	
 * Finished epoch # 76     top1:  47.754  top5:  17.002
	
=> Training epoch # 77	
 * Finished epoch # 77     top1:  47.432  top5:  17.393
	
=> Training epoch # 78	
 * Finished epoch # 78     top1:  46.211  top5:  16.191
	
=> Training epoch # 79	
 * Finished epoch # 79     top1:  50.186  top5:  19.521
	
=> Training epoch # 80	
 * Finished epoch # 80     top1:  45.439  top5:  15.352
	
 * Best model 	45.439453125	15.3515625	
=> Training epoch # 81	
 * Finished epoch # 81     top1:  34.199  top5:   9.424
	
 * Best model 	34.19921875	9.423828125	
=> Training epoch # 82	
 * Finished epoch # 82     top1:  32.822  top5:   9.326
	
 * Best model 	32.822265625	9.326171875	
=> Training epoch # 83	
 * Finished epoch # 83     top1:  33.604  top5:   9.121
	
=> Training epoch # 84	
 * Finished epoch # 84     top1:  33.193  top5:   8.799
	
=> Training epoch # 85	
 * Finished epoch # 85     top1:  33.262  top5:   8.643
	
=> Training epoch # 86	
 * Finished epoch # 86     top1:  32.715  top5:   9.121
	
 * Best model 	32.71484375	9.12109375	
=> Training epoch # 87	
 * Finished epoch # 87     top1:  33.418  top5:   9.502
	
=> Training epoch # 88	
 * Finished epoch # 88     top1:  33.398  top5:   9.727
	
=> Training epoch # 89	
 * Finished epoch # 89     top1:  32.959  top5:   9.277
	
=> Training epoch # 90	
 * Finished epoch # 90     top1:  33.145  top5:   9.756
	
=> Training epoch # 91	
 * Finished epoch # 91     top1:  33.623  top5:   9.590
	
=> Training epoch # 92	
 * Finished epoch # 92     top1:  33.057  top5:   8.896
	
=> Training epoch # 93	
 * Finished epoch # 93     top1:  34.004  top5:   9.102
	
=> Training epoch # 94	
 * Finished epoch # 94     top1:  33.936  top5:   9.316
	
=> Training epoch # 95	
 * Finished epoch # 95     top1:  34.170  top5:   9.688
	
=> Training epoch # 96	
 * Finished epoch # 96     top1:  34.033  top5:   9.893
	
=> Training epoch # 97	
 * Finished epoch # 97     top1:  35.195  top5:  10.791
	
=> Training epoch # 98	
 * Finished epoch # 98     top1:  34.697  top5:  10.215
	
=> Training epoch # 99	
 * Finished epoch # 99     top1:  34.521  top5:   9.697
	
=> Training epoch # 100	
 * Finished epoch # 100     top1:  35.430  top5:  10.498
	
=> Training epoch # 101	
 * Finished epoch # 101     top1:  33.926  top5:   9.922
	
=> Training epoch # 102	
 * Finished epoch # 102     top1:  35.654  top5:   9.902
	
=> Training epoch # 103	
 * Finished epoch # 103     top1:  34.814  top5:  10.244
	
=> Training epoch # 104	
 * Finished epoch # 104     top1:  34.727  top5:  10.098
	
=> Training epoch # 105	
 * Finished epoch # 105     top1:  34.746  top5:  10.664
	
=> Training epoch # 106	
 * Finished epoch # 106     top1:  35.107  top5:  11.045
	
=> Training epoch # 107	
 * Finished epoch # 107     top1:  36.758  top5:  12.021
	
=> Training epoch # 108	
 * Finished epoch # 108     top1:  36.934  top5:  11.836
	
=> Training epoch # 109	
 * Finished epoch # 109     top1:  34.785  top5:  10.078
	
=> Training epoch # 110	
 * Finished epoch # 110     top1:  34.014  top5:  10.371
	
=> Training epoch # 111	
 * Finished epoch # 111     top1:  35.117  top5:  10.869
	
=> Training epoch # 112	
 * Finished epoch # 112     top1:  35.596  top5:  10.312
	
=> Training epoch # 113	
 * Finished epoch # 113     top1:  38.223  top5:  11.729
	
=> Training epoch # 114	
 * Finished epoch # 114     top1:  36.387  top5:  10.723
	
=> Training epoch # 115	
 * Finished epoch # 115     top1:  36.836  top5:  11.299
	
=> Training epoch # 116	
 * Finished epoch # 116     top1:  39.443  top5:  13.135
	
=> Training epoch # 117	
 * Finished epoch # 117     top1:  36.074  top5:  11.221
	
=> Training epoch # 118	
 * Finished epoch # 118     top1:  36.426  top5:  11.523
	
=> Training epoch # 119	
 * Finished epoch # 119     top1:  35.752  top5:  10.762
	
=> Training epoch # 120	
 * Finished epoch # 120     top1:  36.826  top5:  11.680
	
=> Training epoch # 121	
 * Finished epoch # 121     top1:  36.260  top5:  10.879
	
=> Training epoch # 122	
 * Finished epoch # 122     top1:  31.572  top5:   8.105
	
 * Best model 	31.572265625	8.10546875	
=> Training epoch # 123	
 * Finished epoch # 123     top1:  31.191  top5:   8.809
	
 * Best model 	31.19140625	8.80859375	
=> Training epoch # 124	
 * Finished epoch # 124     top1:  31.084  top5:   8.291
	
 * Best model 	31.083984375	8.291015625	
=> Training epoch # 125	
 * Finished epoch # 125     top1:  31.035  top5:   8.213
	
 * Best model 	31.03515625	8.212890625	
=> Training epoch # 126	
 * Finished epoch # 126     top1:  31.445  top5:   8.486
	
=> Training epoch # 127	
 * Finished epoch # 127     top1:  31.455  top5:   8.682
	
=> Training epoch # 128	
 * Finished epoch # 128     top1:  30.615  top5:   8.369
	
 * Best model 	30.615234375	8.369140625	
=> Training epoch # 129	
 * Finished epoch # 129     top1:  31.006  top5:   8.516
	
=> Training epoch # 130	
 * Finished epoch # 130     top1:  30.713  top5:   8.213
	
=> Training epoch # 131	
 * Finished epoch # 131     top1:  31.641  top5:   8.779
	
=> Training epoch # 132	
 * Finished epoch # 132     top1:  31.318  top5:   8.643
	
=> Training epoch # 133	
 * Finished epoch # 133     top1:  31.094  top5:   8.535
	
=> Training epoch # 134	
 * Finished epoch # 134     top1:  31.230  top5:   8.857
	
=> Training epoch # 135	
 * Finished epoch # 135     top1:  31.299  top5:   8.496
	
=> Training epoch # 136	
 * Finished epoch # 136     top1:  31.348  top5:   8.877
	
=> Training epoch # 137	
 * Finished epoch # 137     top1:  31.426  top5:   8.936
	
=> Training epoch # 138	
 * Finished epoch # 138     top1:  31.514  top5:   9.004
	
=> Training epoch # 139	
 * Finished epoch # 139     top1:  31.182  top5:   8.623
	
=> Training epoch # 140	
 * Finished epoch # 140     top1:  31.143  top5:   8.691
	
=> Training epoch # 141	
 * Finished epoch # 141     top1:  30.830  top5:   8.594
	
=> Training epoch # 142	
 * Finished epoch # 142     top1:  31.533  top5:   8.896
	
=> Training epoch # 143	
 * Finished epoch # 143     top1:  31.523  top5:   8.672
	
=> Training epoch # 144	
 * Finished epoch # 144     top1:  31.504  top5:   8.711
	
=> Training epoch # 145	
 * Finished epoch # 145     top1:  31.357  top5:   8.574
	
=> Training epoch # 146	
 * Finished epoch # 146     top1:  31.055  top5:   8.564
	
=> Training epoch # 147	
 * Finished epoch # 147     top1:  31.768  top5:   8.516
	
=> Training epoch # 148	
 * Finished epoch # 148     top1:  31.533  top5:   8.896
	
=> Training epoch # 149	
 * Finished epoch # 149     top1:  31.328  top5:   8.682
	
=> Training epoch # 150	
 * Finished epoch # 150     top1:  31.367  top5:   8.857
	
=> Training epoch # 151	
 * Finished epoch # 151     top1:  30.674  top5:   8.418
	
=> Training epoch # 152	
 * Finished epoch # 152     top1:  31.465  top5:   8.662
	
=> Training epoch # 153	
 * Finished epoch # 153     top1:  31.689  top5:   8.701
	
=> Training epoch # 154	
 * Finished epoch # 154     top1:  31.289  top5:   8.662
	
=> Training epoch # 155	
 * Finished epoch # 155     top1:  31.885  top5:   9.072
	
=> Training epoch # 156	
 * Finished epoch # 156     top1:  31.318  top5:   8.691
	
=> Training epoch # 157	
 * Finished epoch # 157     top1:  31.924  top5:   8.682
	
=> Training epoch # 158	
 * Finished epoch # 158     top1:  31.436  top5:   8.848
	
=> Training epoch # 159	
 * Finished epoch # 159     top1:  31.191  top5:   8.574
	
=> Training epoch # 160	
 * Finished epoch # 160     top1:  31.270  top5:   8.623
	
=> Training epoch # 161	
 * Finished epoch # 161     top1:  31.377  top5:   8.721
	
=> Training epoch # 162	
 * Finished epoch # 162     top1:  31.582  top5:   8.623
	
=> Training epoch # 163	
 * Finished epoch # 163     top1:  31.416  top5:   8.789
	
=> Training epoch # 164	
 * Finished epoch # 164     top1:  31.250  top5:   8.926
	
=> Training epoch # 165	
 * Finished epoch # 165     top1:  31.611  top5:   8.623
	
=> Training epoch # 166	
 * Finished epoch # 166     top1:  31.621  top5:   8.779
	
=> Training epoch # 167	
 * Finished epoch # 167     top1:  31.709  top5:   8.857
	
=> Training epoch # 168	
 * Finished epoch # 168     top1:  31.768  top5:   8.359
	
=> Training epoch # 169	
 * Finished epoch # 169     top1:  30.918  top5:   8.828
	
=> Training epoch # 170	
 * Finished epoch # 170     top1:  32.139  top5:   8.779
	
=> Training epoch # 171	
 * Finished epoch # 171     top1:  30.830  top5:   8.525
	
=> Training epoch # 172	
 * Finished epoch # 172     top1:  31.885  top5:   8.887
	
=> Training epoch # 173	
 * Finished epoch # 173     top1:  31.611  top5:   8.906
	
=> Training epoch # 174	
 * Finished epoch # 174     top1:  31.504  top5:   9.170
	
=> Training epoch # 175	
 * Finished epoch # 175     top1:  31.895  top5:   8.662
	
=> Training epoch # 176	
 * Finished epoch # 176     top1:  31.865  top5:   9.014
	
=> Training epoch # 177	
 * Finished epoch # 177     top1:  31.826  top5:   9.355
	
=> Training epoch # 178	
 * Finished epoch # 178     top1:  31.641  top5:   9.053
	
=> Training epoch # 179	
 * Finished epoch # 179     top1:  31.963  top5:   9.229
	
=> Training epoch # 180	
 * Finished epoch # 180     top1:  31.289  top5:   8.994
	
=> Training epoch # 181	
 * Finished epoch # 181     top1:  31.309  top5:   8.740
	
=> Training epoch # 182	
 * Finished epoch # 182     top1:  32.256  top5:   9.199
	
=> Training epoch # 183	
 * Finished epoch # 183     top1:  31.328  top5:   8.594
	
=> Training epoch # 184	
 * Finished epoch # 184     top1:  31.758  top5:   8.750
	
=> Training epoch # 185	
 * Finished epoch # 185     top1:  31.611  top5:   8.672
	
=> Training epoch # 186	
 * Finished epoch # 186     top1:  32.461  top5:   9.053
	
=> Training epoch # 187	
 * Finished epoch # 187     top1:  31.777  top5:   9.346
	
=> Training epoch # 188	
 * Finished epoch # 188     top1:  31.787  top5:   8.564
	
=> Training epoch # 189	
 * Finished epoch # 189     top1:  32.266  top5:   9.414
	
=> Training epoch # 190	
 * Finished epoch # 190     top1:  32.109  top5:   9.043
	
=> Training epoch # 191	
 * Finished epoch # 191     top1:  31.807  top5:   9.463
	
=> Training epoch # 192	
 * Finished epoch # 192     top1:  32.324  top5:   9.482
	
=> Training epoch # 193	
 * Finished epoch # 193     top1:  32.012  top5:   9.268
	
=> Training epoch # 194	
 * Finished epoch # 194     top1:  32.314  top5:   8.779
	
=> Training epoch # 195	
 * Finished epoch # 195     top1:  32.402  top5:   9.326
	
=> Training epoch # 196	
 * Finished epoch # 196     top1:  32.285  top5:   8.799
	
=> Training epoch # 197	
 * Finished epoch # 197     top1:  32.148  top5:   9.580
	
=> Training epoch # 198	
 * Finished epoch # 198     top1:  31.748  top5:   9.180
	
=> Training epoch # 199	
 * Finished epoch # 199     top1:  32.061  top5:   9.482
	
=> Training epoch # 200	
 * Finished epoch # 200     top1:  32.646  top5:   9.775
	
 * Finished top1: 30.615  top5:  8.369	
