{
  cudnn : "fastest"
  LR : 0.1
  nThreads : 2
  nClasses : 0
  batchSize : 256
  testOnly : false
  netType : "resnet"
  resetClassifier : false
  shortcutType : "A"
  gen : "gen"
  nGPU : 1
  depth : 20
  weightDecay : 0.001
  data : ""
  dataset : "cifar10"
  epochNumber : 1
  manualSeed : 2
  resume : "results/results-elu/try2/cifar10/20"
  optimState : "none"
  nEpochs : 200
  tenCrop : false
  shareGradInput : false
  backend : "cudnn"
  momentum : 0.9
  retrain : "none"
}
=> Creating model from file: models/resnet.lua	
 | ResNet-20 CIFAR-10	
nn.Sequential {
  [input -> (1) -> (2) -> (3) -> (4) -> (5) -> (6) -> (7) -> (8) -> (9) -> output]
  (1): cudnn.SpatialConvolution(3 -> 16, 3x3, 1,1, 1,1) without bias
  (2): nn.ELU (alpha:1.000000)
  (3): nn.Sequential {
    [input -> (1) -> (2) -> (3) -> output]
    (1): nn.Sequential {
      [input -> (1) -> (2) -> output]
      (1): nn.ConcatTable {
        input
          |`-> (1): nn.Sequential {
          |      [input -> (1) -> (2) -> (3) -> (4) -> output]
          |      (1): cudnn.SpatialConvolution(16 -> 16, 3x3, 1,1, 1,1) without bias
          |      (2): nn.ELU (alpha:1.000000)
          |      (3): cudnn.SpatialConvolution(16 -> 16, 3x3, 1,1, 1,1) without bias
          |      (4): nn.SpatialBatchNormalization (4D) (16)
          |    }
           `-> (2): nn.Identity
           ... -> output
      }
      (2): nn.CAddTable
    }
    (2): nn.Sequential {
      [input -> (1) -> (2) -> output]
      (1): nn.ConcatTable {
        input
          |`-> (1): nn.Sequential {
          |      [input -> (1) -> (2) -> (3) -> (4) -> output]
          |      (1): cudnn.SpatialConvolution(16 -> 16, 3x3, 1,1, 1,1) without bias
          |      (2): nn.ELU (alpha:1.000000)
          |      (3): cudnn.SpatialConvolution(16 -> 16, 3x3, 1,1, 1,1) without bias
          |      (4): nn.SpatialBatchNormalization (4D) (16)
          |    }
           `-> (2): nn.Identity
           ... -> output
      }
      (2): nn.CAddTable
    }
    (3): nn.Sequential {
      [input -> (1) -> (2) -> output]
      (1): nn.ConcatTable {
        input
          |`-> (1): nn.Sequential {
          |      [input -> (1) -> (2) -> (3) -> (4) -> output]
          |      (1): cudnn.SpatialConvolution(16 -> 16, 3x3, 1,1, 1,1) without bias
          |      (2): nn.ELU (alpha:1.000000)
          |      (3): cudnn.SpatialConvolution(16 -> 16, 3x3, 1,1, 1,1) without bias
          |      (4): nn.SpatialBatchNormalization (4D) (16)
          |    }
           `-> (2): nn.Identity
           ... -> output
      }
      (2): nn.CAddTable
    }
  }
  (4): nn.Sequential {
    [input -> (1) -> (2) -> (3) -> output]
    (1): nn.Sequential {
      [input -> (1) -> (2) -> output]
      (1): nn.ConcatTable {
        input
          |`-> (1): nn.Sequential {
          |      [input -> (1) -> (2) -> (3) -> (4) -> output]
          |      (1): cudnn.SpatialConvolution(16 -> 32, 3x3, 2,2, 1,1) without bias
          |      (2): nn.ELU (alpha:1.000000)
          |      (3): cudnn.SpatialConvolution(32 -> 32, 3x3, 1,1, 1,1) without bias
          |      (4): nn.SpatialBatchNormalization (4D) (32)
          |    }
           `-> (2): nn.Sequential {
                 [input -> (1) -> (2) -> output]
                 (1): nn.SpatialAveragePooling(1x1, 2,2)
                 (2): nn.Concat {
                   input
                     |`-> (1): nn.Identity
                      `-> (2): nn.MulConstant
                      ... -> output
                 }
               }
           ... -> output
      }
      (2): nn.CAddTable
    }
    (2): nn.Sequential {
      [input -> (1) -> (2) -> output]
      (1): nn.ConcatTable {
        input
          |`-> (1): nn.Sequential {
          |      [input -> (1) -> (2) -> (3) -> (4) -> output]
          |      (1): cudnn.SpatialConvolution(32 -> 32, 3x3, 1,1, 1,1) without bias
          |      (2): nn.ELU (alpha:1.000000)
          |      (3): cudnn.SpatialConvolution(32 -> 32, 3x3, 1,1, 1,1) without bias
          |      (4): nn.SpatialBatchNormalization (4D) (32)
          |    }
           `-> (2): nn.Identity
           ... -> output
      }
      (2): nn.CAddTable
    }
    (3): nn.Sequential {
      [input -> (1) -> (2) -> output]
      (1): nn.ConcatTable {
        input
          |`-> (1): nn.Sequential {
          |      [input -> (1) -> (2) -> (3) -> (4) -> output]
          |      (1): cudnn.SpatialConvolution(32 -> 32, 3x3, 1,1, 1,1) without bias
          |      (2): nn.ELU (alpha:1.000000)
          |      (3): cudnn.SpatialConvolution(32 -> 32, 3x3, 1,1, 1,1) without bias
          |      (4): nn.SpatialBatchNormalization (4D) (32)
          |    }
           `-> (2): nn.Identity
           ... -> output
      }
      (2): nn.CAddTable
    }
  }
  (5): nn.Sequential {
    [input -> (1) -> (2) -> (3) -> output]
    (1): nn.Sequential {
      [input -> (1) -> (2) -> output]
      (1): nn.ConcatTable {
        input
          |`-> (1): nn.Sequential {
          |      [input -> (1) -> (2) -> (3) -> (4) -> output]
          |      (1): cudnn.SpatialConvolution(32 -> 64, 3x3, 2,2, 1,1) without bias
          |      (2): nn.ELU (alpha:1.000000)
          |      (3): cudnn.SpatialConvolution(64 -> 64, 3x3, 1,1, 1,1) without bias
          |      (4): nn.SpatialBatchNormalization (4D) (64)
          |    }
           `-> (2): nn.Sequential {
                 [input -> (1) -> (2) -> output]
                 (1): nn.SpatialAveragePooling(1x1, 2,2)
                 (2): nn.Concat {
                   input
                     |`-> (1): nn.Identity
                      `-> (2): nn.MulConstant
                      ... -> output
                 }
               }
           ... -> output
      }
      (2): nn.CAddTable
    }
    (2): nn.Sequential {
      [input -> (1) -> (2) -> output]
      (1): nn.ConcatTable {
        input
          |`-> (1): nn.Sequential {
          |      [input -> (1) -> (2) -> (3) -> (4) -> output]
          |      (1): cudnn.SpatialConvolution(64 -> 64, 3x3, 1,1, 1,1) without bias
          |      (2): nn.ELU (alpha:1.000000)
          |      (3): cudnn.SpatialConvolution(64 -> 64, 3x3, 1,1, 1,1) without bias
          |      (4): nn.SpatialBatchNormalization (4D) (64)
          |    }
           `-> (2): nn.Identity
           ... -> output
      }
      (2): nn.CAddTable
    }
    (3): nn.Sequential {
      [input -> (1) -> (2) -> output]
      (1): nn.ConcatTable {
        input
          |`-> (1): nn.Sequential {
          |      [input -> (1) -> (2) -> (3) -> (4) -> output]
          |      (1): cudnn.SpatialConvolution(64 -> 64, 3x3, 1,1, 1,1) without bias
          |      (2): nn.ELU (alpha:1.000000)
          |      (3): cudnn.SpatialConvolution(64 -> 64, 3x3, 1,1, 1,1) without bias
          |      (4): nn.SpatialBatchNormalization (4D) (64)
          |    }
           `-> (2): nn.Identity
           ... -> output
      }
      (2): nn.CAddTable
    }
  }
  (6): nn.ELU (alpha:1.000000)
  (7): cudnn.SpatialAveragePooling(8x8, 1,1)
  (8): nn.View(64)
  (9): nn.Linear(64 -> 10)
}
=> Training epoch # 1	
 * Finished epoch # 1     top1:  50.752  top5:   5.576
	
 * Best model 	50.751953125	5.576171875	
=> Training epoch # 2	
 * Finished epoch # 2     top1:  40.303  top5:   4.170
	
 * Best model 	40.302734375	4.169921875	
=> Training epoch # 3	
 * Finished epoch # 3     top1:  31.846  top5:   1.895
	
 * Best model 	31.845703125	1.89453125	
=> Training epoch # 4	
 * Finished epoch # 4     top1:  29.668  top5:   2.861
	
 * Best model 	29.66796875	2.861328125	
=> Training epoch # 5	
 * Finished epoch # 5     top1:  29.961  top5:   2.236
	
=> Training epoch # 6	
 * Finished epoch # 6     top1:  25.557  top5:   2.109
	
 * Best model 	25.556640625	2.109375	
=> Training epoch # 7	
 * Finished epoch # 7     top1:  28.574  top5:   1.709
	
=> Training epoch # 8	
 * Finished epoch # 8     top1:  26.338  top5:   1.846
	
=> Training epoch # 9	
 * Finished epoch # 9     top1:  20.352  top5:   1.113
	
 * Best model 	20.3515625	1.11328125	
=> Training epoch # 10	
 * Finished epoch # 10     top1:  22.510  top5:   1.504
	
=> Training epoch # 11	
 * Finished epoch # 11     top1:  26.875  top5:   1.406
	
=> Training epoch # 12	
 * Finished epoch # 12     top1:  26.494  top5:   2.422
	
=> Training epoch # 13	
 * Finished epoch # 13     top1:  27.910  top5:   2.090
	
=> Training epoch # 14	
 * Finished epoch # 14     top1:  25.332  top5:   3.252
	
=> Training epoch # 15	
 * Finished epoch # 15     top1:  20.186  top5:   1.240
	
 * Best model 	20.185546875	1.240234375	
=> Training epoch # 16	
 * Finished epoch # 16     top1:  25.996  top5:   1.416
	
=> Training epoch # 17	
 * Finished epoch # 17     top1:  30.176  top5:   1.445
	
=> Training epoch # 18	
 * Finished epoch # 18     top1:  28.721  top5:   2.090
	
=> Training epoch # 19	
 * Finished epoch # 19     top1:  32.705  top5:   1.904
	
=> Training epoch # 20	
 * Finished epoch # 20     top1:  22.520  top5:   1.230
	
=> Training epoch # 21	
 * Finished epoch # 21     top1:  25.566  top5:   2.695
	
=> Training epoch # 22	
 * Finished epoch # 22     top1:  30.391  top5:   3.574
	
=> Training epoch # 23	
 * Finished epoch # 23     top1:  30.078  top5:   2.725
	
=> Training epoch # 24	
 * Finished epoch # 24     top1:  22.969  top5:   1.172
	
=> Training epoch # 25	
 * Finished epoch # 25     top1:  18.252  top5:   0.908
	
 * Best model 	18.251953125	0.908203125	
=> Training epoch # 26	
 * Finished epoch # 26     top1:  24.180  top5:   1.191
	
=> Training epoch # 27	
 * Finished epoch # 27     top1:  23.105  top5:   1.768
	
=> Training epoch # 28	
 * Finished epoch # 28     top1:  18.076  top5:   0.713
	
 * Best model 	18.076171875	0.712890625	
=> Training epoch # 29	
 * Finished epoch # 29     top1:  23.057  top5:   1.885
	
=> Training epoch # 30	
 * Finished epoch # 30     top1:  19.932  top5:   1.318
	
=> Training epoch # 31	
 * Finished epoch # 31     top1:  24.609  top5:   1.914
	
=> Training epoch # 32	
 * Finished epoch # 32     top1:  21.162  top5:   1.465
	
=> Training epoch # 33	
 * Finished epoch # 33     top1:  18.955  top5:   0.938
	
=> Training epoch # 34	
 * Finished epoch # 34     top1:  20.762  top5:   1.270
	
=> Training epoch # 35	
 * Finished epoch # 35     top1:  24.092  top5:   2.656
	
=> Training epoch # 36	
 * Finished epoch # 36     top1:  25.381  top5:   2.852
	
=> Training epoch # 37	
 * Finished epoch # 37     top1:  22.393  top5:   1.641
	
=> Training epoch # 38	
 * Finished epoch # 38     top1:  25.137  top5:   2.090
	
=> Training epoch # 39	
 * Finished epoch # 39     top1:  23.740  top5:   3.115
	
=> Training epoch # 40	
 * Finished epoch # 40     top1:  25.264  top5:   1.104
	
=> Training epoch # 41	
 * Finished epoch # 41     top1:  27.510  top5:   2.031
	
=> Training epoch # 42	
 * Finished epoch # 42     top1:  28.379  top5:   2.637
	
=> Training epoch # 43	
 * Finished epoch # 43     top1:  25.420  top5:   3.164
	
=> Training epoch # 44	
 * Finished epoch # 44     top1:  20.410  top5:   1.162
	
=> Training epoch # 45	
 * Finished epoch # 45     top1:  18.164  top5:   0.801
	
=> Training epoch # 46	
 * Finished epoch # 46     top1:  17.510  top5:   0.840
	
 * Best model 	17.509765625	0.83984375	
=> Training epoch # 47	
 * Finished epoch # 47     top1:  19.199  top5:   1.211
	
=> Training epoch # 48	
 * Finished epoch # 48     top1:  20.400  top5:   1.172
	
=> Training epoch # 49	
 * Finished epoch # 49     top1:  23.447  top5:   1.396
	
=> Training epoch # 50	
 * Finished epoch # 50     top1:  25.576  top5:   2.070
	
=> Training epoch # 51	
 * Finished epoch # 51     top1:  18.027  top5:   0.889
	
=> Training epoch # 52	
 * Finished epoch # 52     top1:  23.994  top5:   2.402
	
=> Training epoch # 53	
 * Finished epoch # 53     top1:  28.682  top5:   2.930
	
=> Training epoch # 54	
 * Finished epoch # 54     top1:  19.102  top5:   1.357
	
=> Training epoch # 55	
 * Finished epoch # 55     top1:  18.545  top5:   0.859
	
=> Training epoch # 56	
 * Finished epoch # 56     top1:  20.000  top5:   1.465
	
=> Training epoch # 57	
 * Finished epoch # 57     top1:  25.684  top5:   1.260
	
=> Training epoch # 58	
 * Finished epoch # 58     top1:  27.939  top5:   1.592
	
=> Training epoch # 59	
 * Finished epoch # 59     top1:  23.984  top5:   2.480
	
=> Training epoch # 60	
 * Finished epoch # 60     top1:  19.355  top5:   1.035
	
=> Training epoch # 61	
 * Finished epoch # 61     top1:  25.781  top5:   2.402
	
=> Training epoch # 62	
 * Finished epoch # 62     top1:  19.014  top5:   1.143
	
=> Training epoch # 63	
 * Finished epoch # 63     top1:  25.557  top5:   2.510
	
=> Training epoch # 64	
 * Finished epoch # 64     top1:  27.998  top5:   1.865
	
=> Training epoch # 65	
 * Finished epoch # 65     top1:  34.863  top5:   2.764
	
=> Training epoch # 66	
 * Finished epoch # 66     top1:  36.621  top5:   3.516
	
=> Training epoch # 67	
 * Finished epoch # 67     top1:  21.250  top5:   2.490
	
=> Training epoch # 68	
 * Finished epoch # 68     top1:  22.002  top5:   1.436
	
=> Training epoch # 69	
 * Finished epoch # 69     top1:  21.309  top5:   1.426
	
=> Training epoch # 70	
 * Finished epoch # 70     top1:  22.656  top5:   1.016
	
=> Training epoch # 71	
 * Finished epoch # 71     top1:  18.564  top5:   1.104
	
=> Training epoch # 72	
 * Finished epoch # 72     top1:  23.037  top5:   1.377
	
=> Training epoch # 73	
 * Finished epoch # 73     top1:  26.338  top5:   2.285
	
=> Training epoch # 74	
 * Finished epoch # 74     top1:  23.828  top5:   1.963
	
=> Training epoch # 75	
 * Finished epoch # 75     top1:  21.426  top5:   1.152
	
=> Training epoch # 76	
 * Finished epoch # 76     top1:  35.596  top5:   3.906
	
=> Training epoch # 77	
 * Finished epoch # 77     top1:  17.041  top5:   0.830
	
 * Best model 	17.041015625	0.830078125	
=> Training epoch # 78	
 * Finished epoch # 78     top1:  22.881  top5:   1.348
	
=> Training epoch # 79	
 * Finished epoch # 79     top1:  23.047  top5:   1.982
	
=> Training epoch # 80	
 * Finished epoch # 80     top1:  30.098  top5:   2.158
	
=> Training epoch # 81	
 * Finished epoch # 81     top1:  10.225  top5:   0.273
	
 * Best model 	10.224609375	0.2734375	
=> Training epoch # 82	
 * Finished epoch # 82     top1:   9.824  top5:   0.312
	
 * Best model 	9.82421875	0.3125	
=> Training epoch # 83	
 * Finished epoch # 83     top1:   9.004  top5:   0.215
	
 * Best model 	9.00390625	0.21484375	
=> Training epoch # 84	
 * Finished epoch # 84     top1:  10.068  top5:   0.303
	
=> Training epoch # 85	
 * Finished epoch # 85     top1:  10.039  top5:   0.264
	
=> Training epoch # 86	
 * Finished epoch # 86     top1:   9.551  top5:   0.381
	
=> Training epoch # 87	
 * Finished epoch # 87     top1:   9.277  top5:   0.225
	
=> Training epoch # 88	
 * Finished epoch # 88     top1:   9.805  top5:   0.264
	
=> Training epoch # 89	
 * Finished epoch # 89     top1:  10.195  top5:   0.244
	
=> Training epoch # 90	
 * Finished epoch # 90     top1:   9.209  top5:   0.322
	
=> Training epoch # 91	
 * Finished epoch # 91     top1:   9.326  top5:   0.293
	
=> Training epoch # 92	
 * Finished epoch # 92     top1:   9.873  top5:   0.371
	
=> Training epoch # 93	
 * Finished epoch # 93     top1:   9.795  top5:   0.225
	
=> Training epoch # 94	
 * Finished epoch # 94     top1:   9.688  top5:   0.303
	
=> Training epoch # 95	
 * Finished epoch # 95     top1:  11.553  top5:   0.488
	
=> Training epoch # 96	
 * Finished epoch # 96     top1:  10.938  top5:   0.312
	
=> Training epoch # 97	
 * Finished epoch # 97     top1:  12.881  top5:   0.391
	
=> Training epoch # 98	
 * Finished epoch # 98     top1:  15.508  top5:   0.498
	
=> Training epoch # 99	
 * Finished epoch # 99     top1:  11.016  top5:   0.488
	
=> Training epoch # 100	
 * Finished epoch # 100     top1:  11.309  top5:   0.518
	
=> Training epoch # 101	
 * Finished epoch # 101     top1:  12.793  top5:   1.152
	
=> Training epoch # 102	
 * Finished epoch # 102     top1:  15.254  top5:   1.279
	
=> Training epoch # 103	
 * Finished epoch # 103     top1:  15.664  top5:   1.426
	
=> Training epoch # 104	
 * Finished epoch # 104     top1:  13.584  top5:   0.850
	
=> Training epoch # 105	
 * Finished epoch # 105     top1:  14.824  top5:   0.713
	
=> Training epoch # 106	
 * Finished epoch # 106     top1:  14.453  top5:   0.703
	
=> Training epoch # 107	
 * Finished epoch # 107     top1:  20.186  top5:   0.596
	
=> Training epoch # 108	
 * Finished epoch # 108     top1:  11.709  top5:   0.557
	
=> Training epoch # 109	
 * Finished epoch # 109     top1:  11.963  top5:   0.459
	
=> Training epoch # 110	
 * Finished epoch # 110     top1:  14.893  top5:   0.889
	
=> Training epoch # 111	
 * Finished epoch # 111     top1:  17.373  top5:   1.768
	
=> Training epoch # 112	
 * Finished epoch # 112     top1:  15.713  top5:   0.547
	
=> Training epoch # 113	
 * Finished epoch # 113     top1:  13.223  top5:   0.801
	
=> Training epoch # 114	
 * Finished epoch # 114     top1:  16.748  top5:   1.846
	
=> Training epoch # 115	
 * Finished epoch # 115     top1:  14.785  top5:   0.518
	
=> Training epoch # 116	
 * Finished epoch # 116     top1:  14.854  top5:   1.572
	
=> Training epoch # 117	
 * Finished epoch # 117     top1:  13.535  top5:   0.576
	
=> Training epoch # 118	
 * Finished epoch # 118     top1:  11.426  top5:   0.488
	
=> Training epoch # 119	
 * Finished epoch # 119     top1:  15.000  top5:   0.791
	
=> Training epoch # 120	
 * Finished epoch # 120     top1:  19.414  top5:   1.025
	
=> Training epoch # 121	
 * Finished epoch # 121     top1:  13.398  top5:   0.742
	
=> Training epoch # 122	
 * Finished epoch # 122     top1:   8.301  top5:   0.186
	
 * Best model 	8.30078125	0.185546875	
=> Training epoch # 123	
 * Finished epoch # 123     top1:   7.979  top5:   0.234
	
 * Best model 	7.978515625	0.234375	
=> Training epoch # 124	
 * Finished epoch # 124     top1:   8.076  top5:   0.234
	
=> Training epoch # 125	
 * Finished epoch # 125     top1:   8.447  top5:   0.195
	
=> Training epoch # 126	
 * Finished epoch # 126     top1:   7.969  top5:   0.244
	
 * Best model 	7.96875	0.244140625	
=> Training epoch # 127	
 * Finished epoch # 127     top1:   7.998  top5:   0.264
	
=> Training epoch # 128	
 * Finished epoch # 128     top1:   8.428  top5:   0.234
	
=> Training epoch # 129	
 * Finished epoch # 129     top1:   7.920  top5:   0.283
	
 * Best model 	7.919921875	0.283203125	
=> Training epoch # 130	
 * Finished epoch # 130     top1:   8.184  top5:   0.254
	
=> Training epoch # 131	
 * Finished epoch # 131     top1:   8.457  top5:   0.264
	
=> Training epoch # 132	
 * Finished epoch # 132     top1:   8.164  top5:   0.371
	
=> Training epoch # 133	
 * Finished epoch # 133     top1:   8.301  top5:   0.303
	
=> Training epoch # 134	
 * Finished epoch # 134     top1:   8.057  top5:   0.283
	
=> Training epoch # 135	
 * Finished epoch # 135     top1:   8.359  top5:   0.273
	
=> Training epoch # 136	
 * Finished epoch # 136     top1:   8.213  top5:   0.293
	
=> Training epoch # 137	
 * Finished epoch # 137     top1:   8.086  top5:   0.254
	
=> Training epoch # 138	
 * Finished epoch # 138     top1:   8.076  top5:   0.254
	
=> Training epoch # 139	
 * Finished epoch # 139     top1:   8.213  top5:   0.254
	
=> Training epoch # 140	
 * Finished epoch # 140     top1:   8.047  top5:   0.244
	
=> Training epoch # 141	
 * Finished epoch # 141     top1:   8.135  top5:   0.273
	
=> Training epoch # 142	
 * Finished epoch # 142     top1:   8.379  top5:   0.254
	
=> Training epoch # 143	
 * Finished epoch # 143     top1:   8.486  top5:   0.254
	
=> Training epoch # 144	
 * Finished epoch # 144     top1:   8.193  top5:   0.264
	
=> Training epoch # 145	
 * Finished epoch # 145     top1:   8.330  top5:   0.303
	
=> Training epoch # 146	
 * Finished epoch # 146     top1:   8.428  top5:   0.244
	
=> Training epoch # 147	
 * Finished epoch # 147     top1:   8.604  top5:   0.234
	
=> Training epoch # 148	
 * Finished epoch # 148     top1:   8.418  top5:   0.273
	
=> Training epoch # 149	
 * Finished epoch # 149     top1:   8.018  top5:   0.293
	
=> Training epoch # 150	
 * Finished epoch # 150     top1:   8.311  top5:   0.293
	
=> Training epoch # 151	
 * Finished epoch # 151     top1:   8.369  top5:   0.352
	
=> Training epoch # 152	
 * Finished epoch # 152     top1:   8.408  top5:   0.303
	
=> Training epoch # 153	
 * Finished epoch # 153     top1:   8.232  top5:   0.518
	
=> Training epoch # 154	
 * Finished epoch # 154     top1:   8.555  top5:   0.322
	
=> Training epoch # 155	
 * Finished epoch # 155     top1:   8.574  top5:   0.234
	
=> Training epoch # 156	
 * Finished epoch # 156     top1:   9.082  top5:   0.303
	
=> Training epoch # 157	
 * Finished epoch # 157     top1:   8.252  top5:   0.322
	
=> Training epoch # 158	
 * Finished epoch # 158     top1:   8.262  top5:   0.225
	
=> Training epoch # 159	
 * Finished epoch # 159     top1:   8.477  top5:   0.322
	
=> Training epoch # 160	
 * Finished epoch # 160     top1:   8.125  top5:   0.273
	
=> Training epoch # 161	
 * Finished epoch # 161     top1:   8.545  top5:   0.352
	
=> Training epoch # 162	
 * Finished epoch # 162     top1:   8.506  top5:   0.264
	
=> Training epoch # 163	
 * Finished epoch # 163     top1:   8.164  top5:   0.205
	
=> Training epoch # 164	
 * Finished epoch # 164     top1:   8.662  top5:   0.439
	
=> Training epoch # 165	
 * Finished epoch # 165     top1:   8.574  top5:   0.342
	
=> Training epoch # 166	
 * Finished epoch # 166     top1:   8.418  top5:   0.244
	
=> Training epoch # 167	
 * Finished epoch # 167     top1:   8.535  top5:   0.352
	
=> Training epoch # 168	
 * Finished epoch # 168     top1:   8.291  top5:   0.273
	
=> Training epoch # 169	
 * Finished epoch # 169     top1:   8.369  top5:   0.352
	
=> Training epoch # 170	
 * Finished epoch # 170     top1:   8.682  top5:   0.254
	
=> Training epoch # 171	
 * Finished epoch # 171     top1:   8.428  top5:   0.332
	
=> Training epoch # 172	
 * Finished epoch # 172     top1:   8.359  top5:   0.361
	
=> Training epoch # 173	
 * Finished epoch # 173     top1:   8.760  top5:   0.342
	
=> Training epoch # 174	
 * Finished epoch # 174     top1:   8.174  top5:   0.312
	
=> Training epoch # 175	
 * Finished epoch # 175     top1:   8.672  top5:   0.322
	
=> Training epoch # 176	
 * Finished epoch # 176     top1:   8.477  top5:   0.312
	
=> Training epoch # 177	
 * Finished epoch # 177     top1:   8.965  top5:   0.361
	
=> Training epoch # 178	
 * Finished epoch # 178     top1:   9.014  top5:   0.244
	
=> Training epoch # 179	
 * Finished epoch # 179     top1:   8.799  top5:   0.352
	
=> Training epoch # 180	
 * Finished epoch # 180     top1:   8.379  top5:   0.283
	
=> Training epoch # 181	
 * Finished epoch # 181     top1:   8.418  top5:   0.332
	
=> Training epoch # 182	
 * Finished epoch # 182     top1:   8.750  top5:   0.312
	
=> Training epoch # 183	
 * Finished epoch # 183     top1:   8.438  top5:   0.273
	
=> Training epoch # 184	
 * Finished epoch # 184     top1:   8.896  top5:   0.244
	
=> Training epoch # 185	
 * Finished epoch # 185     top1:   8.887  top5:   0.400
	
=> Training epoch # 186	
 * Finished epoch # 186     top1:   8.730  top5:   0.420
	
=> Training epoch # 187	
 * Finished epoch # 187     top1:   8.408  top5:   0.283
	
=> Training epoch # 188	
 * Finished epoch # 188     top1:   8.770  top5:   0.410
	
=> Training epoch # 189	
 * Finished epoch # 189     top1:   8.281  top5:   0.283
	
=> Training epoch # 190	
 * Finished epoch # 190     top1:   8.223  top5:   0.322
	
=> Training epoch # 191	
 * Finished epoch # 191     top1:   9.033  top5:   0.420
	
=> Training epoch # 192	
 * Finished epoch # 192     top1:   8.682  top5:   0.381
	
=> Training epoch # 193	
 * Finished epoch # 193     top1:   8.867  top5:   0.303
	
=> Training epoch # 194	
 * Finished epoch # 194     top1:   8.594  top5:   0.430
	
=> Training epoch # 195	
 * Finished epoch # 195     top1:   8.662  top5:   0.303
	
=> Training epoch # 196	
 * Finished epoch # 196     top1:   8.525  top5:   0.254
	
=> Training epoch # 197	
 * Finished epoch # 197     top1:   8.799  top5:   0.303
	
=> Training epoch # 198	
 * Finished epoch # 198     top1:   9.023  top5:   0.381
	
=> Training epoch # 199	
 * Finished epoch # 199     top1:   8.574  top5:   0.381
	
=> Training epoch # 200	
 * Finished epoch # 200     top1:   8.496  top5:   0.410
	
 * Finished top1:  7.920  top5:  0.283	
