{
  cudnn : "fastest"
  LR : 0.1
  nThreads : 2
  nClasses : 0
  batchSize : 256
  testOnly : false
  netType : "resnet"
  resetClassifier : false
  shortcutType : "A"
  gen : "gen"
  nGPU : 1
  depth : 44
  weightDecay : 0.001
  data : ""
  dataset : "cifar100"
  epochNumber : 1
  manualSeed : 2
  resume : "results/results-elu/try2/cifar100/44"
  optimState : "none"
  nEpochs : 200
  tenCrop : false
  shareGradInput : false
  backend : "cudnn"
  momentum : 0.9
  retrain : "none"
}
=> Creating model from file: models/resnet.lua	
 | ResNet-44 CIFAR-100	
nn.Sequential {
  [input -> (1) -> (2) -> (3) -> (4) -> (5) -> (6) -> (7) -> (8) -> (9) -> output]
  (1): cudnn.SpatialConvolution(3 -> 16, 3x3, 1,1, 1,1) without bias
  (2): nn.ELU (alpha:1.000000)
  (3): nn.Sequential {
    [input -> (1) -> (2) -> (3) -> (4) -> (5) -> (6) -> (7) -> output]
    (1): nn.Sequential {
      [input -> (1) -> (2) -> output]
      (1): nn.ConcatTable {
        input
          |`-> (1): nn.Sequential {
          |      [input -> (1) -> (2) -> (3) -> (4) -> output]
          |      (1): cudnn.SpatialConvolution(16 -> 16, 3x3, 1,1, 1,1) without bias
          |      (2): nn.ELU (alpha:1.000000)
          |      (3): cudnn.SpatialConvolution(16 -> 16, 3x3, 1,1, 1,1) without bias
          |      (4): nn.SpatialBatchNormalization (4D) (16)
          |    }
           `-> (2): nn.Identity
           ... -> output
      }
      (2): nn.CAddTable
    }
    (2): nn.Sequential {
      [input -> (1) -> (2) -> output]
      (1): nn.ConcatTable {
        input
          |`-> (1): nn.Sequential {
          |      [input -> (1) -> (2) -> (3) -> (4) -> output]
          |      (1): cudnn.SpatialConvolution(16 -> 16, 3x3, 1,1, 1,1) without bias
          |      (2): nn.ELU (alpha:1.000000)
          |      (3): cudnn.SpatialConvolution(16 -> 16, 3x3, 1,1, 1,1) without bias
          |      (4): nn.SpatialBatchNormalization (4D) (16)
          |    }
           `-> (2): nn.Identity
           ... -> output
      }
      (2): nn.CAddTable
    }
    (3): nn.Sequential {
      [input -> (1) -> (2) -> output]
      (1): nn.ConcatTable {
        input
          |`-> (1): nn.Sequential {
          |      [input -> (1) -> (2) -> (3) -> (4) -> output]
          |      (1): cudnn.SpatialConvolution(16 -> 16, 3x3, 1,1, 1,1) without bias
          |      (2): nn.ELU (alpha:1.000000)
          |      (3): cudnn.SpatialConvolution(16 -> 16, 3x3, 1,1, 1,1) without bias
          |      (4): nn.SpatialBatchNormalization (4D) (16)
          |    }
           `-> (2): nn.Identity
           ... -> output
      }
      (2): nn.CAddTable
    }
    (4): nn.Sequential {
      [input -> (1) -> (2) -> output]
      (1): nn.ConcatTable {
        input
          |`-> (1): nn.Sequential {
          |      [input -> (1) -> (2) -> (3) -> (4) -> output]
          |      (1): cudnn.SpatialConvolution(16 -> 16, 3x3, 1,1, 1,1) without bias
          |      (2): nn.ELU (alpha:1.000000)
          |      (3): cudnn.SpatialConvolution(16 -> 16, 3x3, 1,1, 1,1) without bias
          |      (4): nn.SpatialBatchNormalization (4D) (16)
          |    }
           `-> (2): nn.Identity
           ... -> output
      }
      (2): nn.CAddTable
    }
    (5): nn.Sequential {
      [input -> (1) -> (2) -> output]
      (1): nn.ConcatTable {
        input
          |`-> (1): nn.Sequential {
          |      [input -> (1) -> (2) -> (3) -> (4) -> output]
          |      (1): cudnn.SpatialConvolution(16 -> 16, 3x3, 1,1, 1,1) without bias
          |      (2): nn.ELU (alpha:1.000000)
          |      (3): cudnn.SpatialConvolution(16 -> 16, 3x3, 1,1, 1,1) without bias
          |      (4): nn.SpatialBatchNormalization (4D) (16)
          |    }
           `-> (2): nn.Identity
           ... -> output
      }
      (2): nn.CAddTable
    }
    (6): nn.Sequential {
      [input -> (1) -> (2) -> output]
      (1): nn.ConcatTable {
        input
          |`-> (1): nn.Sequential {
          |      [input -> (1) -> (2) -> (3) -> (4) -> output]
          |      (1): cudnn.SpatialConvolution(16 -> 16, 3x3, 1,1, 1,1) without bias
          |      (2): nn.ELU (alpha:1.000000)
          |      (3): cudnn.SpatialConvolution(16 -> 16, 3x3, 1,1, 1,1) without bias
          |      (4): nn.SpatialBatchNormalization (4D) (16)
          |    }
           `-> (2): nn.Identity
           ... -> output
      }
      (2): nn.CAddTable
    }
    (7): nn.Sequential {
      [input -> (1) -> (2) -> output]
      (1): nn.ConcatTable {
        input
          |`-> (1): nn.Sequential {
          |      [input -> (1) -> (2) -> (3) -> (4) -> output]
          |      (1): cudnn.SpatialConvolution(16 -> 16, 3x3, 1,1, 1,1) without bias
          |      (2): nn.ELU (alpha:1.000000)
          |      (3): cudnn.SpatialConvolution(16 -> 16, 3x3, 1,1, 1,1) without bias
          |      (4): nn.SpatialBatchNormalization (4D) (16)
          |    }
           `-> (2): nn.Identity
           ... -> output
      }
      (2): nn.CAddTable
    }
  }
  (4): nn.Sequential {
    [input -> (1) -> (2) -> (3) -> (4) -> (5) -> (6) -> (7) -> output]
    (1): nn.Sequential {
      [input -> (1) -> (2) -> output]
      (1): nn.ConcatTable {
        input
          |`-> (1): nn.Sequential {
          |      [input -> (1) -> (2) -> (3) -> (4) -> output]
          |      (1): cudnn.SpatialConvolution(16 -> 32, 3x3, 2,2, 1,1) without bias
          |      (2): nn.ELU (alpha:1.000000)
          |      (3): cudnn.SpatialConvolution(32 -> 32, 3x3, 1,1, 1,1) without bias
          |      (4): nn.SpatialBatchNormalization (4D) (32)
          |    }
           `-> (2): nn.Sequential {
                 [input -> (1) -> (2) -> output]
                 (1): nn.SpatialAveragePooling(1x1, 2,2)
                 (2): nn.Concat {
                   input
                     |`-> (1): nn.Identity
                      `-> (2): nn.MulConstant
                      ... -> output
                 }
               }
           ... -> output
      }
      (2): nn.CAddTable
    }
    (2): nn.Sequential {
      [input -> (1) -> (2) -> output]
      (1): nn.ConcatTable {
        input
          |`-> (1): nn.Sequential {
          |      [input -> (1) -> (2) -> (3) -> (4) -> output]
          |      (1): cudnn.SpatialConvolution(32 -> 32, 3x3, 1,1, 1,1) without bias
          |      (2): nn.ELU (alpha:1.000000)
          |      (3): cudnn.SpatialConvolution(32 -> 32, 3x3, 1,1, 1,1) without bias
          |      (4): nn.SpatialBatchNormalization (4D) (32)
          |    }
           `-> (2): nn.Identity
           ... -> output
      }
      (2): nn.CAddTable
    }
    (3): nn.Sequential {
      [input -> (1) -> (2) -> output]
      (1): nn.ConcatTable {
        input
          |`-> (1): nn.Sequential {
          |      [input -> (1) -> (2) -> (3) -> (4) -> output]
          |      (1): cudnn.SpatialConvolution(32 -> 32, 3x3, 1,1, 1,1) without bias
          |      (2): nn.ELU (alpha:1.000000)
          |      (3): cudnn.SpatialConvolution(32 -> 32, 3x3, 1,1, 1,1) without bias
          |      (4): nn.SpatialBatchNormalization (4D) (32)
          |    }
           `-> (2): nn.Identity
           ... -> output
      }
      (2): nn.CAddTable
    }
    (4): nn.Sequential {
      [input -> (1) -> (2) -> output]
      (1): nn.ConcatTable {
        input
          |`-> (1): nn.Sequential {
          |      [input -> (1) -> (2) -> (3) -> (4) -> output]
          |      (1): cudnn.SpatialConvolution(32 -> 32, 3x3, 1,1, 1,1) without bias
          |      (2): nn.ELU (alpha:1.000000)
          |      (3): cudnn.SpatialConvolution(32 -> 32, 3x3, 1,1, 1,1) without bias
          |      (4): nn.SpatialBatchNormalization (4D) (32)
          |    }
           `-> (2): nn.Identity
           ... -> output
      }
      (2): nn.CAddTable
    }
    (5): nn.Sequential {
      [input -> (1) -> (2) -> output]
      (1): nn.ConcatTable {
        input
          |`-> (1): nn.Sequential {
          |      [input -> (1) -> (2) -> (3) -> (4) -> output]
          |      (1): cudnn.SpatialConvolution(32 -> 32, 3x3, 1,1, 1,1) without bias
          |      (2): nn.ELU (alpha:1.000000)
          |      (3): cudnn.SpatialConvolution(32 -> 32, 3x3, 1,1, 1,1) without bias
          |      (4): nn.SpatialBatchNormalization (4D) (32)
          |    }
           `-> (2): nn.Identity
           ... -> output
      }
      (2): nn.CAddTable
    }
    (6): nn.Sequential {
      [input -> (1) -> (2) -> output]
      (1): nn.ConcatTable {
        input
          |`-> (1): nn.Sequential {
          |      [input -> (1) -> (2) -> (3) -> (4) -> output]
          |      (1): cudnn.SpatialConvolution(32 -> 32, 3x3, 1,1, 1,1) without bias
          |      (2): nn.ELU (alpha:1.000000)
          |      (3): cudnn.SpatialConvolution(32 -> 32, 3x3, 1,1, 1,1) without bias
          |      (4): nn.SpatialBatchNormalization (4D) (32)
          |    }
           `-> (2): nn.Identity
           ... -> output
      }
      (2): nn.CAddTable
    }
    (7): nn.Sequential {
      [input -> (1) -> (2) -> output]
      (1): nn.ConcatTable {
        input
          |`-> (1): nn.Sequential {
          |      [input -> (1) -> (2) -> (3) -> (4) -> output]
          |      (1): cudnn.SpatialConvolution(32 -> 32, 3x3, 1,1, 1,1) without bias
          |      (2): nn.ELU (alpha:1.000000)
          |      (3): cudnn.SpatialConvolution(32 -> 32, 3x3, 1,1, 1,1) without bias
          |      (4): nn.SpatialBatchNormalization (4D) (32)
          |    }
           `-> (2): nn.Identity
           ... -> output
      }
      (2): nn.CAddTable
    }
  }
  (5): nn.Sequential {
    [input -> (1) -> (2) -> (3) -> (4) -> (5) -> (6) -> (7) -> output]
    (1): nn.Sequential {
      [input -> (1) -> (2) -> output]
      (1): nn.ConcatTable {
        input
          |`-> (1): nn.Sequential {
          |      [input -> (1) -> (2) -> (3) -> (4) -> output]
          |      (1): cudnn.SpatialConvolution(32 -> 64, 3x3, 2,2, 1,1) without bias
          |      (2): nn.ELU (alpha:1.000000)
          |      (3): cudnn.SpatialConvolution(64 -> 64, 3x3, 1,1, 1,1) without bias
          |      (4): nn.SpatialBatchNormalization (4D) (64)
          |    }
           `-> (2): nn.Sequential {
                 [input -> (1) -> (2) -> output]
                 (1): nn.SpatialAveragePooling(1x1, 2,2)
                 (2): nn.Concat {
                   input
                     |`-> (1): nn.Identity
                      `-> (2): nn.MulConstant
                      ... -> output
                 }
               }
           ... -> output
      }
      (2): nn.CAddTable
    }
    (2): nn.Sequential {
      [input -> (1) -> (2) -> output]
      (1): nn.ConcatTable {
        input
          |`-> (1): nn.Sequential {
          |      [input -> (1) -> (2) -> (3) -> (4) -> output]
          |      (1): cudnn.SpatialConvolution(64 -> 64, 3x3, 1,1, 1,1) without bias
          |      (2): nn.ELU (alpha:1.000000)
          |      (3): cudnn.SpatialConvolution(64 -> 64, 3x3, 1,1, 1,1) without bias
          |      (4): nn.SpatialBatchNormalization (4D) (64)
          |    }
           `-> (2): nn.Identity
           ... -> output
      }
      (2): nn.CAddTable
    }
    (3): nn.Sequential {
      [input -> (1) -> (2) -> output]
      (1): nn.ConcatTable {
        input
          |`-> (1): nn.Sequential {
          |      [input -> (1) -> (2) -> (3) -> (4) -> output]
          |      (1): cudnn.SpatialConvolution(64 -> 64, 3x3, 1,1, 1,1) without bias
          |      (2): nn.ELU (alpha:1.000000)
          |      (3): cudnn.SpatialConvolution(64 -> 64, 3x3, 1,1, 1,1) without bias
          |      (4): nn.SpatialBatchNormalization (4D) (64)
          |    }
           `-> (2): nn.Identity
           ... -> output
      }
      (2): nn.CAddTable
    }
    (4): nn.Sequential {
      [input -> (1) -> (2) -> output]
      (1): nn.ConcatTable {
        input
          |`-> (1): nn.Sequential {
          |      [input -> (1) -> (2) -> (3) -> (4) -> output]
          |      (1): cudnn.SpatialConvolution(64 -> 64, 3x3, 1,1, 1,1) without bias
          |      (2): nn.ELU (alpha:1.000000)
          |      (3): cudnn.SpatialConvolution(64 -> 64, 3x3, 1,1, 1,1) without bias
          |      (4): nn.SpatialBatchNormalization (4D) (64)
          |    }
           `-> (2): nn.Identity
           ... -> output
      }
      (2): nn.CAddTable
    }
    (5): nn.Sequential {
      [input -> (1) -> (2) -> output]
      (1): nn.ConcatTable {
        input
          |`-> (1): nn.Sequential {
          |      [input -> (1) -> (2) -> (3) -> (4) -> output]
          |      (1): cudnn.SpatialConvolution(64 -> 64, 3x3, 1,1, 1,1) without bias
          |      (2): nn.ELU (alpha:1.000000)
          |      (3): cudnn.SpatialConvolution(64 -> 64, 3x3, 1,1, 1,1) without bias
          |      (4): nn.SpatialBatchNormalization (4D) (64)
          |    }
           `-> (2): nn.Identity
           ... -> output
      }
      (2): nn.CAddTable
    }
    (6): nn.Sequential {
      [input -> (1) -> (2) -> output]
      (1): nn.ConcatTable {
        input
          |`-> (1): nn.Sequential {
          |      [input -> (1) -> (2) -> (3) -> (4) -> output]
          |      (1): cudnn.SpatialConvolution(64 -> 64, 3x3, 1,1, 1,1) without bias
          |      (2): nn.ELU (alpha:1.000000)
          |      (3): cudnn.SpatialConvolution(64 -> 64, 3x3, 1,1, 1,1) without bias
          |      (4): nn.SpatialBatchNormalization (4D) (64)
          |    }
           `-> (2): nn.Identity
           ... -> output
      }
      (2): nn.CAddTable
    }
    (7): nn.Sequential {
      [input -> (1) -> (2) -> output]
      (1): nn.ConcatTable {
        input
          |`-> (1): nn.Sequential {
          |      [input -> (1) -> (2) -> (3) -> (4) -> output]
          |      (1): cudnn.SpatialConvolution(64 -> 64, 3x3, 1,1, 1,1) without bias
          |      (2): nn.ELU (alpha:1.000000)
          |      (3): cudnn.SpatialConvolution(64 -> 64, 3x3, 1,1, 1,1) without bias
          |      (4): nn.SpatialBatchNormalization (4D) (64)
          |    }
           `-> (2): nn.Identity
           ... -> output
      }
      (2): nn.CAddTable
    }
  }
  (6): nn.ELU (alpha:1.000000)
  (7): cudnn.SpatialAveragePooling(8x8, 1,1)
  (8): nn.View(64)
  (9): nn.Linear(64 -> 100)
}
=> Training epoch # 1	
 * Finished epoch # 1     top1:  80.811  top5:  53.379
	
 * Best model 	80.810546875	53.37890625	
=> Training epoch # 2	
 * Finished epoch # 2     top1:  72.002  top5:  40.303
	
 * Best model 	72.001953125	40.302734375	
=> Training epoch # 3	
 * Finished epoch # 3     top1:  65.010  top5:  31.504
	
 * Best model 	65.009765625	31.50390625	
=> Training epoch # 4	
 * Finished epoch # 4     top1:  62.510  top5:  30.947
	
 * Best model 	62.509765625	30.947265625	
=> Training epoch # 5	
 * Finished epoch # 5     top1:  58.945  top5:  25.967
	
 * Best model 	58.9453125	25.966796875	
=> Training epoch # 6	
 * Finished epoch # 6     top1:  54.912  top5:  23.965
	
 * Best model 	54.912109375	23.96484375	
=> Training epoch # 7	
 * Finished epoch # 7     top1:  57.402  top5:  24.248
	
=> Training epoch # 8	
 * Finished epoch # 8     top1:  51.426  top5:  18.340
	
 * Best model 	51.42578125	18.33984375	
=> Training epoch # 9	
 * Finished epoch # 9     top1:  53.008  top5:  21.152
	
=> Training epoch # 10	
 * Finished epoch # 10     top1:  51.387  top5:  19.658
	
 * Best model 	51.38671875	19.658203125	
=> Training epoch # 11	
 * Finished epoch # 11     top1:  49.834  top5:  18.662
	
 * Best model 	49.833984375	18.662109375	
=> Training epoch # 12	
 * Finished epoch # 12     top1:  50.986  top5:  19.512
	
=> Training epoch # 13	
 * Finished epoch # 13     top1:  52.715  top5:  21.572
	
=> Training epoch # 14	
 * Finished epoch # 14     top1:  47.246  top5:  17.139
	
 * Best model 	47.24609375	17.138671875	
=> Training epoch # 15	
 * Finished epoch # 15     top1:  52.227  top5:  19.961
	
=> Training epoch # 16	
 * Finished epoch # 16     top1:  48.545  top5:  18.018
	
=> Training epoch # 17	
 * Finished epoch # 17     top1:  49.600  top5:  18.564
	
=> Training epoch # 18	
 * Finished epoch # 18     top1:  48.633  top5:  18.369
	
=> Training epoch # 19	
 * Finished epoch # 19     top1:  43.799  top5:  15.762
	
 * Best model 	43.798828125	15.76171875	
=> Training epoch # 20	
 * Finished epoch # 20     top1:  46.553  top5:  17.129
	
=> Training epoch # 21	
 * Finished epoch # 21     top1:  49.746  top5:  20.127
	
=> Training epoch # 22	
 * Finished epoch # 22     top1:  46.660  top5:  16.895
	
=> Training epoch # 23	
 * Finished epoch # 23     top1:  49.736  top5:  19.170
	
=> Training epoch # 24	
 * Finished epoch # 24     top1:  52.998  top5:  20.771
	
=> Training epoch # 25	
 * Finished epoch # 25     top1:  49.072  top5:  18.447
	
=> Training epoch # 26	
 * Finished epoch # 26     top1:  45.977  top5:  16.338
	
=> Training epoch # 27	
 * Finished epoch # 27     top1:  49.531  top5:  17.764
	
=> Training epoch # 28	
 * Finished epoch # 28     top1:  46.865  top5:  17.197
	
=> Training epoch # 29	
 * Finished epoch # 29     top1:  47.451  top5:  17.119
	
=> Training epoch # 30	
 * Finished epoch # 30     top1:  48.018  top5:  17.676
	
=> Training epoch # 31	
 * Finished epoch # 31     top1:  44.014  top5:  14.688
	
=> Training epoch # 32	
 * Finished epoch # 32     top1:  53.066  top5:  23.027
	
=> Training epoch # 33	
 * Finished epoch # 33     top1:  43.506  top5:  15.361
	
 * Best model 	43.505859375	15.361328125	
=> Training epoch # 34	
 * Finished epoch # 34     top1:  48.203  top5:  17.607
	
=> Training epoch # 35	
 * Finished epoch # 35     top1:  45.938  top5:  17.109
	
=> Training epoch # 36	
 * Finished epoch # 36     top1:  48.604  top5:  18.896
	
=> Training epoch # 37	
 * Finished epoch # 37     top1:  45.723  top5:  16.816
	
=> Training epoch # 38	
 * Finished epoch # 38     top1:  49.834  top5:  19.219
	
=> Training epoch # 39	
 * Finished epoch # 39     top1:  43.906  top5:  14.844
	
=> Training epoch # 40	
 * Finished epoch # 40     top1:  45.488  top5:  14.492
	
=> Training epoch # 41	
 * Finished epoch # 41     top1:  45.381  top5:  15.430
	
=> Training epoch # 42	
 * Finished epoch # 42     top1:  44.082  top5:  15.059
	
=> Training epoch # 43	
 * Finished epoch # 43     top1:  48.604  top5:  18.887
	
=> Training epoch # 44	
 * Finished epoch # 44     top1:  42.461  top5:  13.906
	
 * Best model 	42.4609375	13.90625	
=> Training epoch # 45	
 * Finished epoch # 45     top1:  45.186  top5:  16.250
	
=> Training epoch # 46	
 * Finished epoch # 46     top1:  42.412  top5:  14.746
	
 * Best model 	42.412109375	14.74609375	
=> Training epoch # 47	
 * Finished epoch # 47     top1:  43.145  top5:  14.746
	
=> Training epoch # 48	
 * Finished epoch # 48     top1:  45.205  top5:  16.338
	
=> Training epoch # 49	
 * Finished epoch # 49     top1:  48.457  top5:  18.613
	
=> Training epoch # 50	
 * Finished epoch # 50     top1:  50.713  top5:  19.121
	
=> Training epoch # 51	
 * Finished epoch # 51     top1:  44.385  top5:  15.039
	
=> Training epoch # 52	
 * Finished epoch # 52     top1:  45.322  top5:  15.420
	
=> Training epoch # 53	
 * Finished epoch # 53     top1:  46.943  top5:  17.627
	
=> Training epoch # 54	
 * Finished epoch # 54     top1:  45.088  top5:  15.449
	
=> Training epoch # 55	
 * Finished epoch # 55     top1:  42.744  top5:  14.268
	
=> Training epoch # 56	
 * Finished epoch # 56     top1:  46.777  top5:  17.334
	
=> Training epoch # 57	
 * Finished epoch # 57     top1:  44.824  top5:  16.152
	
=> Training epoch # 58	
 * Finished epoch # 58     top1:  43.428  top5:  15.605
	
=> Training epoch # 59	
 * Finished epoch # 59     top1:  44.795  top5:  16.064
	
=> Training epoch # 60	
 * Finished epoch # 60     top1:  46.670  top5:  17.129
	
=> Training epoch # 61	
 * Finished epoch # 61     top1:  44.570  top5:  16.367
	
=> Training epoch # 62	
 * Finished epoch # 62     top1:  45.527  top5:  16.045
	
=> Training epoch # 63	
 * Finished epoch # 63     top1:  46.279  top5:  17.432
	
=> Training epoch # 64	
 * Finished epoch # 64     top1:  46.484  top5:  16.768
	
=> Training epoch # 65	
 * Finished epoch # 65     top1:  47.705  top5:  17.891
	
=> Training epoch # 66	
 * Finished epoch # 66     top1:  45.693  top5:  15.410
	
=> Training epoch # 67	
 * Finished epoch # 67     top1:  46.709  top5:  16.846
	
=> Training epoch # 68	
 * Finished epoch # 68     top1:  44.365  top5:  15.830
	
=> Training epoch # 69	
 * Finished epoch # 69     top1:  43.994  top5:  15.449
	
=> Training epoch # 70	
 * Finished epoch # 70     top1:  46.982  top5:  15.908
	
=> Training epoch # 71	
 * Finished epoch # 71     top1:  46.816  top5:  17.422
	
=> Training epoch # 72	
 * Finished epoch # 72     top1:  46.543  top5:  17.129
	
=> Training epoch # 73	
 * Finished epoch # 73     top1:  46.182  top5:  16.826
	
=> Training epoch # 74	
 * Finished epoch # 74     top1:  44.385  top5:  15.000
	
=> Training epoch # 75	
 * Finished epoch # 75     top1:  48.809  top5:  16.787
	
=> Training epoch # 76	
 * Finished epoch # 76     top1:  44.961  top5:  15.752
	
=> Training epoch # 77	
 * Finished epoch # 77     top1:  45.449  top5:  16.055
	
=> Training epoch # 78	
 * Finished epoch # 78     top1:  48.291  top5:  18.438
	
=> Training epoch # 79	
 * Finished epoch # 79     top1:  45.049  top5:  15.830
	
=> Training epoch # 80	
 * Finished epoch # 80     top1:  47.520  top5:  18.057
	
=> Training epoch # 81	
 * Finished epoch # 81     top1:  30.049  top5:   7.695
	
 * Best model 	30.048828125	7.6953125	
=> Training epoch # 82	
 * Finished epoch # 82     top1:  29.492  top5:   7.441
	
 * Best model 	29.4921875	7.44140625	
=> Training epoch # 83	
 * Finished epoch # 83     top1:  28.604  top5:   7.129
	
 * Best model 	28.603515625	7.12890625	
=> Training epoch # 84	
 * Finished epoch # 84     top1:  29.248  top5:   7.197
	
=> Training epoch # 85	
 * Finished epoch # 85     top1:  28.828  top5:   7.148
	
=> Training epoch # 86	
 * Finished epoch # 86     top1:  29.268  top5:   7.109
	
=> Training epoch # 87	
 * Finished epoch # 87     top1:  29.414  top5:   7.402
	
=> Training epoch # 88	
 * Finished epoch # 88     top1:  28.906  top5:   7.402
	
=> Training epoch # 89	
 * Finished epoch # 89     top1:  30.615  top5:   8.027
	
=> Training epoch # 90	
 * Finished epoch # 90     top1:  30.195  top5:   7.754
	
=> Training epoch # 91	
 * Finished epoch # 91     top1:  30.508  top5:   8.408
	
=> Training epoch # 92	
 * Finished epoch # 92     top1:  31.533  top5:   8.252
	
=> Training epoch # 93	
 * Finished epoch # 93     top1:  31.045  top5:   8.848
	
=> Training epoch # 94	
 * Finished epoch # 94     top1:  32.578  top5:   9.238
	
=> Training epoch # 95	
 * Finished epoch # 95     top1:  31.270  top5:   8.408
	
=> Training epoch # 96	
 * Finished epoch # 96     top1:  31.895  top5:   8.936
	
=> Training epoch # 97	
 * Finished epoch # 97     top1:  33.213  top5:   9.492
	
=> Training epoch # 98	
 * Finished epoch # 98     top1:  31.309  top5:   8.496
	
=> Training epoch # 99	
 * Finished epoch # 99     top1:  34.111  top5:  10.400
	
=> Training epoch # 100	
 * Finished epoch # 100     top1:  33.984  top5:  10.137
	
=> Training epoch # 101	
 * Finished epoch # 101     top1:  35.977  top5:  10.977
	
=> Training epoch # 102	
 * Finished epoch # 102     top1:  38.057  top5:  12.686
	
=> Training epoch # 103	
 * Finished epoch # 103     top1:  34.561  top5:  10.547
	
=> Training epoch # 104	
 * Finished epoch # 104     top1:  34.062  top5:   9.854
	
=> Training epoch # 105	
 * Finished epoch # 105     top1:  36.582  top5:  12.227
	
=> Training epoch # 106	
 * Finished epoch # 106     top1:  34.932  top5:  10.957
	
=> Training epoch # 107	
 * Finished epoch # 107     top1:  36.387  top5:  11.641
	
=> Training epoch # 108	
 * Finished epoch # 108     top1:  35.791  top5:  11.328
	
=> Training epoch # 109	
 * Finished epoch # 109     top1:  34.482  top5:   9.600
	
=> Training epoch # 110	
 * Finished epoch # 110     top1:  37.793  top5:  12.471
	
=> Training epoch # 111	
 * Finished epoch # 111     top1:  41.523  top5:  14.414
	
=> Training epoch # 112	
 * Finished epoch # 112     top1:  34.414  top5:  10.420
	
=> Training epoch # 113	
 * Finished epoch # 113     top1:  37.822  top5:  12.510
	
=> Training epoch # 114	
 * Finished epoch # 114     top1:  41.211  top5:  14.834
	
=> Training epoch # 115	
 * Finished epoch # 115     top1:  36.738  top5:  11.738
	
=> Training epoch # 116	
 * Finished epoch # 116     top1:  40.020  top5:  14.697
	
=> Training epoch # 117	
 * Finished epoch # 117     top1:  36.738  top5:  11.504
	
=> Training epoch # 118	
 * Finished epoch # 118     top1:  41.875  top5:  16.104
	
=> Training epoch # 119	
 * Finished epoch # 119     top1:  39.365  top5:  14.199
	
=> Training epoch # 120	
 * Finished epoch # 120     top1:  37.988  top5:  12.471
	
=> Training epoch # 121	
 * Finished epoch # 121     top1:  39.072  top5:  13.740
	
=> Training epoch # 122	
 * Finished epoch # 122     top1:  27.949  top5:   7.275
	
 * Best model 	27.94921875	7.275390625	
=> Training epoch # 123	
 * Finished epoch # 123     top1:  27.979  top5:   6.992
	
=> Training epoch # 124	
 * Finished epoch # 124     top1:  28.613  top5:   7.246
	
=> Training epoch # 125	
 * Finished epoch # 125     top1:  27.539  top5:   7.119
	
 * Best model 	27.5390625	7.119140625	
=> Training epoch # 126	
 * Finished epoch # 126     top1:  27.578  top5:   6.943
	
=> Training epoch # 127	
 * Finished epoch # 127     top1:  28.340  top5:   7.256
	
=> Training epoch # 128	
 * Finished epoch # 128     top1:  27.695  top5:   7.090
	
=> Training epoch # 129	
 * Finished epoch # 129     top1:  28.174  top5:   7.295
	
=> Training epoch # 130	
 * Finished epoch # 130     top1:  28.164  top5:   7.324
	
=> Training epoch # 131	
 * Finished epoch # 131     top1:  27.939  top5:   7.070
	
=> Training epoch # 132	
 * Finished epoch # 132     top1:  28.193  top5:   7.363
	
=> Training epoch # 133	
 * Finished epoch # 133     top1:  27.920  top5:   7.549
	
=> Training epoch # 134	
 * Finished epoch # 134     top1:  27.725  top5:   7.090
	
=> Training epoch # 135	
 * Finished epoch # 135     top1:  28.193  top5:   7.451
	
=> Training epoch # 136	
 * Finished epoch # 136     top1:  28.389  top5:   7.393
	
=> Training epoch # 137	
 * Finished epoch # 137     top1:  27.676  top5:   7.344
	
=> Training epoch # 138	
 * Finished epoch # 138     top1:  28.350  top5:   7.383
	
=> Training epoch # 139	
 * Finished epoch # 139     top1:  28.408  top5:   7.559
	
=> Training epoch # 140	
 * Finished epoch # 140     top1:  28.711  top5:   7.461
	
=> Training epoch # 141	
 * Finished epoch # 141     top1:  28.857  top5:   7.598
	
=> Training epoch # 142	
 * Finished epoch # 142     top1:  28.086  top5:   7.334
	
=> Training epoch # 143	
 * Finished epoch # 143     top1:  28.965  top5:   7.715
	
=> Training epoch # 144	
 * Finished epoch # 144     top1:  28.438  top5:   7.539
	
=> Training epoch # 145	
 * Finished epoch # 145     top1:  28.174  top5:   7.520
	
=> Training epoch # 146	
 * Finished epoch # 146     top1:  28.506  top5:   7.900
	
=> Training epoch # 147	
 * Finished epoch # 147     top1:  28.594  top5:   7.715
	
=> Training epoch # 148	
 * Finished epoch # 148     top1:  28.281  top5:   7.637
	
=> Training epoch # 149	
 * Finished epoch # 149     top1:  28.457  top5:   8.008
	
=> Training epoch # 150	
 * Finished epoch # 150     top1:  28.613  top5:   7.637
	
=> Training epoch # 151	
 * Finished epoch # 151     top1:  29.004  top5:   7.822
	
=> Training epoch # 152	
 * Finished epoch # 152     top1:  28.340  top5:   7.822
	
=> Training epoch # 153	
 * Finished epoch # 153     top1:  28.164  top5:   8.125
	
=> Training epoch # 154	
 * Finished epoch # 154     top1:  29.248  top5:   8.154
	
=> Training epoch # 155	
 * Finished epoch # 155     top1:  28.555  top5:   7.939
	
=> Training epoch # 156	
 * Finished epoch # 156     top1:  28.750  top5:   7.842
	
=> Training epoch # 157	
 * Finished epoch # 157     top1:  28.984  top5:   7.734
	
=> Training epoch # 158	
 * Finished epoch # 158     top1:  27.998  top5:   7.959
	
=> Training epoch # 159	
 * Finished epoch # 159     top1:  28.984  top5:   8.154
	
=> Training epoch # 160	
 * Finished epoch # 160     top1:  28.672  top5:   8.145
	
=> Training epoch # 161	
 * Finished epoch # 161     top1:  29.258  top5:   8.018
	
=> Training epoch # 162	
 * Finished epoch # 162     top1:  29.141  top5:   7.842
	
=> Training epoch # 163	
 * Finished epoch # 163     top1:  29.014  top5:   8.242
	
=> Training epoch # 164	
 * Finished epoch # 164     top1:  28.828  top5:   8.203
	
=> Training epoch # 165	
 * Finished epoch # 165     top1:  29.023  top5:   8.242
	
=> Training epoch # 166	
 * Finished epoch # 166     top1:  29.170  top5:   8.320
	
=> Training epoch # 167	
 * Finished epoch # 167     top1:  29.590  top5:   8.213
	
=> Training epoch # 168	
 * Finished epoch # 168     top1:  29.316  top5:   8.623
	
=> Training epoch # 169	
 * Finished epoch # 169     top1:  28.779  top5:   8.174
	
=> Training epoch # 170	
 * Finished epoch # 170     top1:  28.389  top5:   7.881
	
=> Training epoch # 171	
 * Finished epoch # 171     top1:  28.994  top5:   8.174
	
=> Training epoch # 172	
 * Finished epoch # 172     top1:  29.219  top5:   8.682
	
=> Training epoch # 173	
 * Finished epoch # 173     top1:  29.580  top5:   8.291
	
=> Training epoch # 174	
 * Finished epoch # 174     top1:  29.150  top5:   8.340
	
=> Training epoch # 175	
 * Finished epoch # 175     top1:  29.541  top5:   8.105
	
=> Training epoch # 176	
 * Finished epoch # 176     top1:  29.248  top5:   8.311
	
=> Training epoch # 177	
 * Finished epoch # 177     top1:  29.912  top5:   8.828
	
=> Training epoch # 178	
 * Finished epoch # 178     top1:  29.600  top5:   8.369
	
=> Training epoch # 179	
 * Finished epoch # 179     top1:  29.580  top5:   8.428
	
=> Training epoch # 180	
 * Finished epoch # 180     top1:  30.615  top5:   9.150
	
=> Training epoch # 181	
 * Finished epoch # 181     top1:  30.225  top5:   8.398
	
=> Training epoch # 182	
 * Finished epoch # 182     top1:  29.766  top5:   8.633
	
=> Training epoch # 183	
 * Finished epoch # 183     top1:  28.975  top5:   8.311
	
=> Training epoch # 184	
 * Finished epoch # 184     top1:  28.867  top5:   8.262
	
=> Training epoch # 185	
 * Finished epoch # 185     top1:  29.854  top5:   8.604
	
=> Training epoch # 186	
 * Finished epoch # 186     top1:  29.180  top5:   8.438
	
=> Training epoch # 187	
 * Finished epoch # 187     top1:  29.795  top5:   8.320
	
=> Training epoch # 188	
 * Finished epoch # 188     top1:  30.293  top5:   8.926
	
=> Training epoch # 189	
 * Finished epoch # 189     top1:  30.635  top5:   8.945
	
=> Training epoch # 190	
 * Finished epoch # 190     top1:  29.678  top5:   8.760
	
=> Training epoch # 191	
 * Finished epoch # 191     top1:  30.195  top5:   9.111
	
=> Training epoch # 192	
 * Finished epoch # 192     top1:  30.283  top5:   9.258
	
=> Training epoch # 193	
 * Finished epoch # 193     top1:  29.395  top5:   8.398
	
=> Training epoch # 194	
 * Finished epoch # 194     top1:  29.404  top5:   8.545
	
=> Training epoch # 195	
 * Finished epoch # 195     top1:  30.039  top5:   9.287
	
=> Training epoch # 196	
 * Finished epoch # 196     top1:  30.010  top5:   8.467
	
=> Training epoch # 197	
 * Finished epoch # 197     top1:  30.020  top5:   8.613
	
=> Training epoch # 198	
 * Finished epoch # 198     top1:  29.883  top5:   8.984
	
=> Training epoch # 199	
 * Finished epoch # 199     top1:  30.215  top5:   8.730
	
=> Training epoch # 200	
 * Finished epoch # 200     top1:  30.732  top5:   8.945
	
 * Finished top1: 27.539  top5:  7.119	
