{
  cudnn : "fastest"
  LR : 0.1
  nThreads : 2
  nClasses : 0
  batchSize : 256
  testOnly : false
  netType : "resnet"
  resetClassifier : false
  shortcutType : "A"
  gen : "gen"
  nGPU : 1
  depth : 32
  weightDecay : 0.001
  data : ""
  dataset : "cifar100"
  epochNumber : 1
  manualSeed : 2
  resume : "results/try5/cifar100/32"
  optimState : "none"
  nEpochs : 200
  tenCrop : false
  shareGradInput : false
  backend : "cudnn"
  momentum : 0.9
  retrain : "none"
}
=> Creating model from file: models/resnet.lua	
 | ResNet-32 CIFAR-100	
nn.Sequential {
  [input -> (1) -> (2) -> (3) -> (4) -> (5) -> (6) -> (7) -> (8) -> (9) -> output]
  (1): cudnn.SpatialConvolution(3 -> 16, 3x3, 1,1, 1,1) without bias
  (2): nn.Sequential {
    [input -> (1) -> (2) -> (3) -> output]
    (1): nn.ConstrainedDiv
    (2): nn.ELU (alpha:1.000000)
    (3): nn.ConstrainedMul
  }
  (3): nn.Sequential {
    [input -> (1) -> (2) -> (3) -> (4) -> (5) -> output]
    (1): nn.Sequential {
      [input -> (1) -> (2) -> output]
      (1): nn.ConcatTable {
        input
          |`-> (1): nn.Sequential {
          |      [input -> (1) -> (2) -> (3) -> (4) -> output]
          |      (1): cudnn.SpatialConvolution(16 -> 16, 3x3, 1,1, 1,1) without bias
          |      (2): nn.Sequential {
          |        [input -> (1) -> (2) -> (3) -> output]
          |        (1): nn.ConstrainedDiv
          |        (2): nn.ELU (alpha:1.000000)
          |        (3): nn.ConstrainedMul
          |      }
          |      (3): cudnn.SpatialConvolution(16 -> 16, 3x3, 1,1, 1,1) without bias
          |      (4): nn.SpatialBatchNormalization (4D) (16)
          |    }
           `-> (2): nn.Identity
           ... -> output
      }
      (2): nn.CAddTable
    }
    (2): nn.Sequential {
      [input -> (1) -> (2) -> output]
      (1): nn.ConcatTable {
        input
          |`-> (1): nn.Sequential {
          |      [input -> (1) -> (2) -> (3) -> (4) -> output]
          |      (1): cudnn.SpatialConvolution(16 -> 16, 3x3, 1,1, 1,1) without bias
          |      (2): nn.Sequential {
          |        [input -> (1) -> (2) -> (3) -> output]
          |        (1): nn.ConstrainedDiv
          |        (2): nn.ELU (alpha:1.000000)
          |        (3): nn.ConstrainedMul
          |      }
          |      (3): cudnn.SpatialConvolution(16 -> 16, 3x3, 1,1, 1,1) without bias
          |      (4): nn.SpatialBatchNormalization (4D) (16)
          |    }
           `-> (2): nn.Identity
           ... -> output
      }
      (2): nn.CAddTable
    }
    (3): nn.Sequential {
      [input -> (1) -> (2) -> output]
      (1): nn.ConcatTable {
        input
          |`-> (1): nn.Sequential {
          |      [input -> (1) -> (2) -> (3) -> (4) -> output]
          |      (1): cudnn.SpatialConvolution(16 -> 16, 3x3, 1,1, 1,1) without bias
          |      (2): nn.Sequential {
          |        [input -> (1) -> (2) -> (3) -> output]
          |        (1): nn.ConstrainedDiv
          |        (2): nn.ELU (alpha:1.000000)
          |        (3): nn.ConstrainedMul
          |      }
          |      (3): cudnn.SpatialConvolution(16 -> 16, 3x3, 1,1, 1,1) without bias
          |      (4): nn.SpatialBatchNormalization (4D) (16)
          |    }
           `-> (2): nn.Identity
           ... -> output
      }
      (2): nn.CAddTable
    }
    (4): nn.Sequential {
      [input -> (1) -> (2) -> output]
      (1): nn.ConcatTable {
        input
          |`-> (1): nn.Sequential {
          |      [input -> (1) -> (2) -> (3) -> (4) -> output]
          |      (1): cudnn.SpatialConvolution(16 -> 16, 3x3, 1,1, 1,1) without bias
          |      (2): nn.Sequential {
          |        [input -> (1) -> (2) -> (3) -> output]
          |        (1): nn.ConstrainedDiv
          |        (2): nn.ELU (alpha:1.000000)
          |        (3): nn.ConstrainedMul
          |      }
          |      (3): cudnn.SpatialConvolution(16 -> 16, 3x3, 1,1, 1,1) without bias
          |      (4): nn.SpatialBatchNormalization (4D) (16)
          |    }
           `-> (2): nn.Identity
           ... -> output
      }
      (2): nn.CAddTable
    }
    (5): nn.Sequential {
      [input -> (1) -> (2) -> output]
      (1): nn.ConcatTable {
        input
          |`-> (1): nn.Sequential {
          |      [input -> (1) -> (2) -> (3) -> (4) -> output]
          |      (1): cudnn.SpatialConvolution(16 -> 16, 3x3, 1,1, 1,1) without bias
          |      (2): nn.Sequential {
          |        [input -> (1) -> (2) -> (3) -> output]
          |        (1): nn.ConstrainedDiv
          |        (2): nn.ELU (alpha:1.000000)
          |        (3): nn.ConstrainedMul
          |      }
          |      (3): cudnn.SpatialConvolution(16 -> 16, 3x3, 1,1, 1,1) without bias
          |      (4): nn.SpatialBatchNormalization (4D) (16)
          |    }
           `-> (2): nn.Identity
           ... -> output
      }
      (2): nn.CAddTable
    }
  }
  (4): nn.Sequential {
    [input -> (1) -> (2) -> (3) -> (4) -> (5) -> output]
    (1): nn.Sequential {
      [input -> (1) -> (2) -> output]
      (1): nn.ConcatTable {
        input
          |`-> (1): nn.Sequential {
          |      [input -> (1) -> (2) -> (3) -> (4) -> output]
          |      (1): cudnn.SpatialConvolution(16 -> 32, 3x3, 2,2, 1,1) without bias
          |      (2): nn.Sequential {
          |        [input -> (1) -> (2) -> (3) -> output]
          |        (1): nn.ConstrainedDiv
          |        (2): nn.ELU (alpha:1.000000)
          |        (3): nn.ConstrainedMul
          |      }
          |      (3): cudnn.SpatialConvolution(32 -> 32, 3x3, 1,1, 1,1) without bias
          |      (4): nn.SpatialBatchNormalization (4D) (32)
          |    }
           `-> (2): nn.Sequential {
                 [input -> (1) -> (2) -> output]
                 (1): nn.SpatialAveragePooling(1x1, 2,2)
                 (2): nn.Concat {
                   input
                     |`-> (1): nn.Identity
                      `-> (2): nn.MulConstant
                      ... -> output
                 }
               }
           ... -> output
      }
      (2): nn.CAddTable
    }
    (2): nn.Sequential {
      [input -> (1) -> (2) -> output]
      (1): nn.ConcatTable {
        input
          |`-> (1): nn.Sequential {
          |      [input -> (1) -> (2) -> (3) -> (4) -> output]
          |      (1): cudnn.SpatialConvolution(32 -> 32, 3x3, 1,1, 1,1) without bias
          |      (2): nn.Sequential {
          |        [input -> (1) -> (2) -> (3) -> output]
          |        (1): nn.ConstrainedDiv
          |        (2): nn.ELU (alpha:1.000000)
          |        (3): nn.ConstrainedMul
          |      }
          |      (3): cudnn.SpatialConvolution(32 -> 32, 3x3, 1,1, 1,1) without bias
          |      (4): nn.SpatialBatchNormalization (4D) (32)
          |    }
           `-> (2): nn.Identity
           ... -> output
      }
      (2): nn.CAddTable
    }
    (3): nn.Sequential {
      [input -> (1) -> (2) -> output]
      (1): nn.ConcatTable {
        input
          |`-> (1): nn.Sequential {
          |      [input -> (1) -> (2) -> (3) -> (4) -> output]
          |      (1): cudnn.SpatialConvolution(32 -> 32, 3x3, 1,1, 1,1) without bias
          |      (2): nn.Sequential {
          |        [input -> (1) -> (2) -> (3) -> output]
          |        (1): nn.ConstrainedDiv
          |        (2): nn.ELU (alpha:1.000000)
          |        (3): nn.ConstrainedMul
          |      }
          |      (3): cudnn.SpatialConvolution(32 -> 32, 3x3, 1,1, 1,1) without bias
          |      (4): nn.SpatialBatchNormalization (4D) (32)
          |    }
           `-> (2): nn.Identity
           ... -> output
      }
      (2): nn.CAddTable
    }
    (4): nn.Sequential {
      [input -> (1) -> (2) -> output]
      (1): nn.ConcatTable {
        input
          |`-> (1): nn.Sequential {
          |      [input -> (1) -> (2) -> (3) -> (4) -> output]
          |      (1): cudnn.SpatialConvolution(32 -> 32, 3x3, 1,1, 1,1) without bias
          |      (2): nn.Sequential {
          |        [input -> (1) -> (2) -> (3) -> output]
          |        (1): nn.ConstrainedDiv
          |        (2): nn.ELU (alpha:1.000000)
          |        (3): nn.ConstrainedMul
          |      }
          |      (3): cudnn.SpatialConvolution(32 -> 32, 3x3, 1,1, 1,1) without bias
          |      (4): nn.SpatialBatchNormalization (4D) (32)
          |    }
           `-> (2): nn.Identity
           ... -> output
      }
      (2): nn.CAddTable
    }
    (5): nn.Sequential {
      [input -> (1) -> (2) -> output]
      (1): nn.ConcatTable {
        input
          |`-> (1): nn.Sequential {
          |      [input -> (1) -> (2) -> (3) -> (4) -> output]
          |      (1): cudnn.SpatialConvolution(32 -> 32, 3x3, 1,1, 1,1) without bias
          |      (2): nn.Sequential {
          |        [input -> (1) -> (2) -> (3) -> output]
          |        (1): nn.ConstrainedDiv
          |        (2): nn.ELU (alpha:1.000000)
          |        (3): nn.ConstrainedMul
          |      }
          |      (3): cudnn.SpatialConvolution(32 -> 32, 3x3, 1,1, 1,1) without bias
          |      (4): nn.SpatialBatchNormalization (4D) (32)
          |    }
           `-> (2): nn.Identity
           ... -> output
      }
      (2): nn.CAddTable
    }
  }
  (5): nn.Sequential {
    [input -> (1) -> (2) -> (3) -> (4) -> (5) -> output]
    (1): nn.Sequential {
      [input -> (1) -> (2) -> output]
      (1): nn.ConcatTable {
        input
          |`-> (1): nn.Sequential {
          |      [input -> (1) -> (2) -> (3) -> (4) -> output]
          |      (1): cudnn.SpatialConvolution(32 -> 64, 3x3, 2,2, 1,1) without bias
          |      (2): nn.Sequential {
          |        [input -> (1) -> (2) -> (3) -> output]
          |        (1): nn.ConstrainedDiv
          |        (2): nn.ELU (alpha:1.000000)
          |        (3): nn.ConstrainedMul
          |      }
          |      (3): cudnn.SpatialConvolution(64 -> 64, 3x3, 1,1, 1,1) without bias
          |      (4): nn.SpatialBatchNormalization (4D) (64)
          |    }
           `-> (2): nn.Sequential {
                 [input -> (1) -> (2) -> output]
                 (1): nn.SpatialAveragePooling(1x1, 2,2)
                 (2): nn.Concat {
                   input
                     |`-> (1): nn.Identity
                      `-> (2): nn.MulConstant
                      ... -> output
                 }
               }
           ... -> output
      }
      (2): nn.CAddTable
    }
    (2): nn.Sequential {
      [input -> (1) -> (2) -> output]
      (1): nn.ConcatTable {
        input
          |`-> (1): nn.Sequential {
          |      [input -> (1) -> (2) -> (3) -> (4) -> output]
          |      (1): cudnn.SpatialConvolution(64 -> 64, 3x3, 1,1, 1,1) without bias
          |      (2): nn.Sequential {
          |        [input -> (1) -> (2) -> (3) -> output]
          |        (1): nn.ConstrainedDiv
          |        (2): nn.ELU (alpha:1.000000)
          |        (3): nn.ConstrainedMul
          |      }
          |      (3): cudnn.SpatialConvolution(64 -> 64, 3x3, 1,1, 1,1) without bias
          |      (4): nn.SpatialBatchNormalization (4D) (64)
          |    }
           `-> (2): nn.Identity
           ... -> output
      }
      (2): nn.CAddTable
    }
    (3): nn.Sequential {
      [input -> (1) -> (2) -> output]
      (1): nn.ConcatTable {
        input
          |`-> (1): nn.Sequential {
          |      [input -> (1) -> (2) -> (3) -> (4) -> output]
          |      (1): cudnn.SpatialConvolution(64 -> 64, 3x3, 1,1, 1,1) without bias
          |      (2): nn.Sequential {
          |        [input -> (1) -> (2) -> (3) -> output]
          |        (1): nn.ConstrainedDiv
          |        (2): nn.ELU (alpha:1.000000)
          |        (3): nn.ConstrainedMul
          |      }
          |      (3): cudnn.SpatialConvolution(64 -> 64, 3x3, 1,1, 1,1) without bias
          |      (4): nn.SpatialBatchNormalization (4D) (64)
          |    }
           `-> (2): nn.Identity
           ... -> output
      }
      (2): nn.CAddTable
    }
    (4): nn.Sequential {
      [input -> (1) -> (2) -> output]
      (1): nn.ConcatTable {
        input
          |`-> (1): nn.Sequential {
          |      [input -> (1) -> (2) -> (3) -> (4) -> output]
          |      (1): cudnn.SpatialConvolution(64 -> 64, 3x3, 1,1, 1,1) without bias
          |      (2): nn.Sequential {
          |        [input -> (1) -> (2) -> (3) -> output]
          |        (1): nn.ConstrainedDiv
          |        (2): nn.ELU (alpha:1.000000)
          |        (3): nn.ConstrainedMul
          |      }
          |      (3): cudnn.SpatialConvolution(64 -> 64, 3x3, 1,1, 1,1) without bias
          |      (4): nn.SpatialBatchNormalization (4D) (64)
          |    }
           `-> (2): nn.Identity
           ... -> output
      }
      (2): nn.CAddTable
    }
    (5): nn.Sequential {
      [input -> (1) -> (2) -> output]
      (1): nn.ConcatTable {
        input
          |`-> (1): nn.Sequential {
          |      [input -> (1) -> (2) -> (3) -> (4) -> output]
          |      (1): cudnn.SpatialConvolution(64 -> 64, 3x3, 1,1, 1,1) without bias
          |      (2): nn.Sequential {
          |        [input -> (1) -> (2) -> (3) -> output]
          |        (1): nn.ConstrainedDiv
          |        (2): nn.ELU (alpha:1.000000)
          |        (3): nn.ConstrainedMul
          |      }
          |      (3): cudnn.SpatialConvolution(64 -> 64, 3x3, 1,1, 1,1) without bias
          |      (4): nn.SpatialBatchNormalization (4D) (64)
          |    }
           `-> (2): nn.Identity
           ... -> output
      }
      (2): nn.CAddTable
    }
  }
  (6): nn.Sequential {
    [input -> (1) -> (2) -> (3) -> output]
    (1): nn.ConstrainedDiv
    (2): nn.ELU (alpha:1.000000)
    (3): nn.ConstrainedMul
  }
  (7): cudnn.SpatialAveragePooling(8x8, 1,1)
  (8): nn.View(64)
  (9): nn.Linear(64 -> 100)
}
=> Training epoch # 1	
 * Finished epoch # 1     top1:  87.568  top5:  62.451
	
 * Best model 	87.568359375	62.451171875	
=> Training epoch # 2	
 * Finished epoch # 2     top1:  83.105  top5:  55.010
	
 * Best model 	83.10546875	55.009765625	
=> Training epoch # 3	
 * Finished epoch # 3     top1:  70.195  top5:  38.828
	
 * Best model 	70.1953125	38.828125	
=> Training epoch # 4	
 * Finished epoch # 4     top1:  64.482  top5:  30.361
	
 * Best model 	64.482421875	30.361328125	
=> Training epoch # 5	
 * Finished epoch # 5     top1:  62.461  top5:  29.561
	
 * Best model 	62.4609375	29.560546875	
=> Training epoch # 6	
 * Finished epoch # 6     top1:  57.295  top5:  25.713
	
 * Best model 	57.294921875	25.712890625	
=> Training epoch # 7	
 * Finished epoch # 7     top1:  54.355  top5:  23.242
	
 * Best model 	54.35546875	23.2421875	
=> Training epoch # 8	
 * Finished epoch # 8     top1:  51.377  top5:  19.912
	
 * Best model 	51.376953125	19.912109375	
=> Training epoch # 9	
 * Finished epoch # 9     top1:  55.850  top5:  24.717
	
=> Training epoch # 10	
 * Finished epoch # 10     top1:  51.494  top5:  20.654
	
=> Training epoch # 11	
 * Finished epoch # 11     top1:  54.463  top5:  23.223
	
=> Training epoch # 12	
 * Finished epoch # 12     top1:  49.912  top5:  19.844
	
 * Best model 	49.912109375	19.84375	
=> Training epoch # 13	
 * Finished epoch # 13     top1:  50.654  top5:  20.166
	
=> Training epoch # 14	
 * Finished epoch # 14     top1:  51.826  top5:  20.049
	
=> Training epoch # 15	
 * Finished epoch # 15     top1:  46.855  top5:  17.646
	
 * Best model 	46.85546875	17.646484375	
=> Training epoch # 16	
 * Finished epoch # 16     top1:  51.367  top5:  20.898
	
=> Training epoch # 17	
 * Finished epoch # 17     top1:  47.861  top5:  17.695
	
=> Training epoch # 18	
 * Finished epoch # 18     top1:  48.379  top5:  17.334
	
=> Training epoch # 19	
 * Finished epoch # 19     top1:  43.896  top5:  15.449
	
 * Best model 	43.896484375	15.44921875	
=> Training epoch # 20	
 * Finished epoch # 20     top1:  48.623  top5:  19.014
	
=> Training epoch # 21	
 * Finished epoch # 21     top1:  48.018  top5:  17.734
	
=> Training epoch # 22	
 * Finished epoch # 22     top1:  47.676  top5:  17.773
	
=> Training epoch # 23	
 * Finished epoch # 23     top1:  43.975  top5:  14.971
	
=> Training epoch # 24	
 * Finished epoch # 24     top1:  47.910  top5:  18.564
	
=> Training epoch # 25	
 * Finished epoch # 25     top1:  49.189  top5:  18.516
	
=> Training epoch # 26	
 * Finished epoch # 26     top1:  45.752  top5:  16.094
	
=> Training epoch # 27	
 * Finished epoch # 27     top1:  45.586  top5:  16.445
	
=> Training epoch # 28	
 * Finished epoch # 28     top1:  51.113  top5:  20.889
	
=> Training epoch # 29	
 * Finished epoch # 29     top1:  48.730  top5:  18.594
	
=> Training epoch # 30	
 * Finished epoch # 30     top1:  47.119  top5:  17.939
	
=> Training epoch # 31	
 * Finished epoch # 31     top1:  46.221  top5:  16.211
	
=> Training epoch # 32	
 * Finished epoch # 32     top1:  47.256  top5:  17.920
	
=> Training epoch # 33	
 * Finished epoch # 33     top1:  46.387  top5:  17.549
	
=> Training epoch # 34	
 * Finished epoch # 34     top1:  46.504  top5:  15.684
	
=> Training epoch # 35	
 * Finished epoch # 35     top1:  48.096  top5:  19.082
	
=> Training epoch # 36	
 * Finished epoch # 36     top1:  48.574  top5:  18.037
	
=> Training epoch # 37	
 * Finished epoch # 37     top1:  47.363  top5:  18.467
	
=> Training epoch # 38	
 * Finished epoch # 38     top1:  45.801  top5:  16.475
	
=> Training epoch # 39	
 * Finished epoch # 39     top1:  44.209  top5:  15.908
	
=> Training epoch # 40	
 * Finished epoch # 40     top1:  53.398  top5:  22.051
	
=> Training epoch # 41	
 * Finished epoch # 41     top1:  44.561  top5:  14.844
	
=> Training epoch # 42	
 * Finished epoch # 42     top1:  48.496  top5:  18.438
	
=> Training epoch # 43	
 * Finished epoch # 43     top1:  45.811  top5:  17.646
	
=> Training epoch # 44	
 * Finished epoch # 44     top1:  46.641  top5:  15.742
	
=> Training epoch # 45	
 * Finished epoch # 45     top1:  48.887  top5:  19.580
	
=> Training epoch # 46	
 * Finished epoch # 46     top1:  48.623  top5:  19.023
	
=> Training epoch # 47	
 * Finished epoch # 47     top1:  43.887  top5:  14.131
	
 * Best model 	43.88671875	14.130859375	
=> Training epoch # 48	
 * Finished epoch # 48     top1:  47.627  top5:  17.510
	
=> Training epoch # 49	
 * Finished epoch # 49     top1:  46.768  top5:  17.188
	
=> Training epoch # 50	
 * Finished epoch # 50     top1:  42.285  top5:  13.711
	
 * Best model 	42.28515625	13.7109375	
=> Training epoch # 51	
 * Finished epoch # 51     top1:  45.049  top5:  16.035
	
=> Training epoch # 52	
 * Finished epoch # 52     top1:  49.746  top5:  19.980
	
=> Training epoch # 53	
 * Finished epoch # 53     top1:  47.832  top5:  19.170
	
=> Training epoch # 54	
 * Finished epoch # 54     top1:  44.707  top5:  16.973
	
=> Training epoch # 55	
 * Finished epoch # 55     top1:  42.441  top5:  14.629
	
=> Training epoch # 56	
 * Finished epoch # 56     top1:  45.234  top5:  15.811
	
=> Training epoch # 57	
 * Finished epoch # 57     top1:  43.193  top5:  15.049
	
=> Training epoch # 58	
 * Finished epoch # 58     top1:  47.109  top5:  18.018
	
=> Training epoch # 59	
 * Finished epoch # 59     top1:  47.773  top5:  18.994
	
=> Training epoch # 60	
 * Finished epoch # 60     top1:  44.541  top5:  15.996
	
=> Training epoch # 61	
 * Finished epoch # 61     top1:  45.566  top5:  15.088
	
=> Training epoch # 62	
 * Finished epoch # 62     top1:  43.369  top5:  14.346
	
=> Training epoch # 63	
 * Finished epoch # 63     top1:  44.863  top5:  15.469
	
=> Training epoch # 64	
 * Finished epoch # 64     top1:  46.729  top5:  17.422
	
=> Training epoch # 65	
 * Finished epoch # 65     top1:  49.199  top5:  19.482
	
=> Training epoch # 66	
 * Finished epoch # 66     top1:  45.693  top5:  17.842
	
=> Training epoch # 67	
 * Finished epoch # 67     top1:  42.588  top5:  14.727
	
=> Training epoch # 68	
 * Finished epoch # 68     top1:  44.824  top5:  16.074
	
=> Training epoch # 69	
 * Finished epoch # 69     top1:  48.438  top5:  17.773
	
=> Training epoch # 70	
 * Finished epoch # 70     top1:  47.510  top5:  17.979
	
=> Training epoch # 71	
 * Finished epoch # 71     top1:  43.975  top5:  15.127
	
=> Training epoch # 72	
 * Finished epoch # 72     top1:  45.957  top5:  16.650
	
=> Training epoch # 73	
 * Finished epoch # 73     top1:  46.738  top5:  16.445
	
=> Training epoch # 74	
 * Finished epoch # 74     top1:  42.676  top5:  13.818
	
=> Training epoch # 75	
 * Finished epoch # 75     top1:  45.410  top5:  16.279
	
=> Training epoch # 76	
 * Finished epoch # 76     top1:  45.898  top5:  17.158
	
=> Training epoch # 77	
 * Finished epoch # 77     top1:  42.393  top5:  14.561
	
=> Training epoch # 78	
 * Finished epoch # 78     top1:  48.877  top5:  18.936
	
=> Training epoch # 79	
 * Finished epoch # 79     top1:  43.809  top5:  16.006
	
=> Training epoch # 80	
 * Finished epoch # 80     top1:  44.062  top5:  15.303
	
=> Training epoch # 81	
 * Finished epoch # 81     top1:  31.465  top5:   8.975
	
 * Best model 	31.46484375	8.974609375	
=> Training epoch # 82	
 * Finished epoch # 82     top1:  30.068  top5:   8.223
	
 * Best model 	30.068359375	8.22265625	
=> Training epoch # 83	
 * Finished epoch # 83     top1:  30.781  top5:   8.154
	
=> Training epoch # 84	
 * Finished epoch # 84     top1:  30.488  top5:   8.193
	
=> Training epoch # 85	
 * Finished epoch # 85     top1:  30.615  top5:   8.398
	
=> Training epoch # 86	
 * Finished epoch # 86     top1:  30.723  top5:   8.125
	
=> Training epoch # 87	
 * Finished epoch # 87     top1:  30.635  top5:   8.496
	
=> Training epoch # 88	
 * Finished epoch # 88     top1:  30.684  top5:   8.262
	
=> Training epoch # 89	
 * Finished epoch # 89     top1:  30.977  top5:   8.672
	
=> Training epoch # 90	
 * Finished epoch # 90     top1:  30.537  top5:   8.574
	
=> Training epoch # 91	
 * Finished epoch # 91     top1:  31.230  top5:   8.379
	
=> Training epoch # 92	
 * Finished epoch # 92     top1:  31.270  top5:   8.779
	
=> Training epoch # 93	
 * Finished epoch # 93     top1:  31.582  top5:   8.799
	
=> Training epoch # 94	
 * Finished epoch # 94     top1:  31.748  top5:   8.721
	
=> Training epoch # 95	
 * Finished epoch # 95     top1:  31.533  top5:   8.838
	
=> Training epoch # 96	
 * Finished epoch # 96     top1:  31.221  top5:   8.662
	
=> Training epoch # 97	
 * Finished epoch # 97     top1:  31.377  top5:   8.457
	
=> Training epoch # 98	
 * Finished epoch # 98     top1:  31.279  top5:   8.516
	
=> Training epoch # 99	
 * Finished epoch # 99     top1:  31.641  top5:   9.053
	
=> Training epoch # 100	
 * Finished epoch # 100     top1:  31.553  top5:   8.506
	
=> Training epoch # 101	
 * Finished epoch # 101     top1:  31.504  top5:   8.975
	
=> Training epoch # 102	
 * Finished epoch # 102     top1:  31.602  top5:   9.033
	
=> Training epoch # 103	
 * Finished epoch # 103     top1:  31.406  top5:   8.818
	
=> Training epoch # 104	
 * Finished epoch # 104     top1:  31.572  top5:   9.023
	
=> Training epoch # 105	
 * Finished epoch # 105     top1:  31.953  top5:   9.424
	
=> Training epoch # 106	
 * Finished epoch # 106     top1:  32.305  top5:   9.219
	
=> Training epoch # 107	
 * Finished epoch # 107     top1:  32.412  top5:   9.229
	
=> Training epoch # 108	
 * Finished epoch # 108     top1:  31.758  top5:   8.867
	
=> Training epoch # 109	
 * Finished epoch # 109     top1:  32.578  top5:   9.434
	
=> Training epoch # 110	
 * Finished epoch # 110     top1:  31.768  top5:   8.936
	
=> Training epoch # 111	
 * Finished epoch # 111     top1:  32.607  top5:   9.287
	
=> Training epoch # 112	
 * Finished epoch # 112     top1:  32.715  top5:   9.590
	
=> Training epoch # 113	
 * Finished epoch # 113     top1:  32.119  top5:   9.268
	
=> Training epoch # 114	
 * Finished epoch # 114     top1:  32.812  top5:   9.307
	
=> Training epoch # 115	
 * Finished epoch # 115     top1:  32.871  top5:   8.965
	
=> Training epoch # 116	
 * Finished epoch # 116     top1:  33.232  top5:   9.766
	
=> Training epoch # 117	
 * Finished epoch # 117     top1:  32.607  top5:   9.424
	
=> Training epoch # 118	
 * Finished epoch # 118     top1:  33.574  top5:   9.590
	
=> Training epoch # 119	
 * Finished epoch # 119     top1:  32.441  top5:   9.492
	
=> Training epoch # 120	
 * Finished epoch # 120     top1:  32.842  top5:   9.365
	
=> Training epoch # 121	
 * Finished epoch # 121     top1:  33.896  top5:  10.146
	
=> Training epoch # 122	
 * Finished epoch # 122     top1:  29.160  top5:   7.881
	
 * Best model 	29.16015625	7.880859375	
=> Training epoch # 123	
 * Finished epoch # 123     top1:  28.916  top5:   7.939
	
 * Best model 	28.916015625	7.939453125	
=> Training epoch # 124	
 * Finished epoch # 124     top1:  28.379  top5:   7.676
	
 * Best model 	28.37890625	7.67578125	
=> Training epoch # 125	
 * Finished epoch # 125     top1:  29.102  top5:   7.861
	
=> Training epoch # 126	
 * Finished epoch # 126     top1:  29.219  top5:   7.744
	
=> Training epoch # 127	
 * Finished epoch # 127     top1:  28.789  top5:   7.803
	
=> Training epoch # 128	
 * Finished epoch # 128     top1:  29.512  top5:   8.096
	
=> Training epoch # 129	
 * Finished epoch # 129     top1:  28.662  top5:   7.861
	
=> Training epoch # 130	
 * Finished epoch # 130     top1:  28.984  top5:   7.686
	
=> Training epoch # 131	
 * Finished epoch # 131     top1:  29.492  top5:   8.320
	
=> Training epoch # 132	
 * Finished epoch # 132     top1:  29.238  top5:   8.008
	
=> Training epoch # 133	
 * Finished epoch # 133     top1:  28.896  top5:   8.018
	
=> Training epoch # 134	
 * Finished epoch # 134     top1:  29.434  top5:   8.115
	
=> Training epoch # 135	
 * Finished epoch # 135     top1:  28.809  top5:   7.783
	
=> Training epoch # 136	
 * Finished epoch # 136     top1:  29.600  top5:   8.252
	
=> Training epoch # 137	
 * Finished epoch # 137     top1:  29.111  top5:   7.725
	
=> Training epoch # 138	
 * Finished epoch # 138     top1:  28.828  top5:   7.832
	
=> Training epoch # 139	
 * Finished epoch # 139     top1:  29.248  top5:   8.330
	
=> Training epoch # 140	
 * Finished epoch # 140     top1:  29.033  top5:   7.979
	
=> Training epoch # 141	
 * Finished epoch # 141     top1:  28.848  top5:   7.754
	
=> Training epoch # 142	
 * Finished epoch # 142     top1:  29.502  top5:   7.871
	
=> Training epoch # 143	
 * Finished epoch # 143     top1:  29.473  top5:   8.008
	
=> Training epoch # 144	
 * Finished epoch # 144     top1:  29.824  top5:   7.910
	
=> Training epoch # 145	
 * Finished epoch # 145     top1:  29.795  top5:   7.949
	
=> Training epoch # 146	
 * Finished epoch # 146     top1:  29.170  top5:   7.998
	
=> Training epoch # 147	
 * Finished epoch # 147     top1:  29.385  top5:   8.174
	
=> Training epoch # 148	
 * Finished epoch # 148     top1:  29.072  top5:   7.783
	
=> Training epoch # 149	
 * Finished epoch # 149     top1:  29.785  top5:   8.145
	
=> Training epoch # 150	
 * Finished epoch # 150     top1:  29.951  top5:   7.959
	
=> Training epoch # 151	
 * Finished epoch # 151     top1:  29.512  top5:   7.959
	
=> Training epoch # 152	
 * Finished epoch # 152     top1:  29.316  top5:   7.969
	
=> Training epoch # 153	
 * Finished epoch # 153     top1:  29.111  top5:   8.027
	
=> Training epoch # 154	
 * Finished epoch # 154     top1:  29.189  top5:   8.096
	
=> Training epoch # 155	
 * Finished epoch # 155     top1:  29.443  top5:   7.773
	
=> Training epoch # 156	
 * Finished epoch # 156     top1:  29.688  top5:   8.398
	
=> Training epoch # 157	
 * Finished epoch # 157     top1:  29.443  top5:   8.135
	
=> Training epoch # 158	
 * Finished epoch # 158     top1:  29.736  top5:   8.037
	
=> Training epoch # 159	
 * Finished epoch # 159     top1:  29.580  top5:   7.900
	
=> Training epoch # 160	
 * Finished epoch # 160     top1:  29.512  top5:   8.037
	
=> Training epoch # 161	
 * Finished epoch # 161     top1:  29.443  top5:   7.803
	
=> Training epoch # 162	
 * Finished epoch # 162     top1:  29.346  top5:   8.018
	
=> Training epoch # 163	
 * Finished epoch # 163     top1:  29.277  top5:   7.979
	
=> Training epoch # 164	
 * Finished epoch # 164     top1:  30.293  top5:   8.672
	
=> Training epoch # 165	
 * Finished epoch # 165     top1:  29.736  top5:   8.154
	
=> Training epoch # 166	
 * Finished epoch # 166     top1:  29.756  top5:   7.861
	
=> Training epoch # 167	
 * Finished epoch # 167     top1:  30.107  top5:   8.760
	
=> Training epoch # 168	
 * Finished epoch # 168     top1:  29.844  top5:   8.115
	
=> Training epoch # 169	
 * Finished epoch # 169     top1:  29.590  top5:   7.852
	
=> Training epoch # 170	
 * Finished epoch # 170     top1:  30.400  top5:   8.164
	
=> Training epoch # 171	
 * Finished epoch # 171     top1:  29.600  top5:   8.350
	
=> Training epoch # 172	
 * Finished epoch # 172     top1:  30.117  top5:   8.291
	
=> Training epoch # 173	
 * Finished epoch # 173     top1:  29.385  top5:   8.076
	
=> Training epoch # 174	
 * Finished epoch # 174     top1:  30.215  top5:   8.330
	
=> Training epoch # 175	
 * Finished epoch # 175     top1:  29.844  top5:   8.311
	
=> Training epoch # 176	
 * Finished epoch # 176     top1:  29.746  top5:   8.301
	
=> Training epoch # 177	
 * Finished epoch # 177     top1:  29.639  top5:   8.535
	
=> Training epoch # 178	
 * Finished epoch # 178     top1:  30.166  top5:   8.496
	
=> Training epoch # 179	
 * Finished epoch # 179     top1:  29.971  top5:   8.369
	
=> Training epoch # 180	
 * Finished epoch # 180     top1:  29.795  top5:   8.105
	
=> Training epoch # 181	
 * Finished epoch # 181     top1:  29.980  top5:   8.008
	
=> Training epoch # 182	
 * Finished epoch # 182     top1:  30.430  top5:   8.145
	
=> Training epoch # 183	
 * Finished epoch # 183     top1:  30.391  top5:   8.311
	
=> Training epoch # 184	
 * Finished epoch # 184     top1:  29.971  top5:   8.281
	
=> Training epoch # 185	
 * Finished epoch # 185     top1:  30.303  top5:   8.545
	
=> Training epoch # 186	
 * Finished epoch # 186     top1:  30.303  top5:   8.320
	
=> Training epoch # 187	
 * Finished epoch # 187     top1:  30.225  top5:   8.311
	
=> Training epoch # 188	
 * Finished epoch # 188     top1:  29.863  top5:   8.291
	
=> Training epoch # 189	
 * Finished epoch # 189     top1:  29.990  top5:   8.555
	
=> Training epoch # 190	
 * Finished epoch # 190     top1:  30.664  top5:   8.838
	
=> Training epoch # 191	
 * Finished epoch # 191     top1:  29.395  top5:   8.301
	
=> Training epoch # 192	
 * Finished epoch # 192     top1:  30.244  top5:   8.486
	
=> Training epoch # 193	
 * Finished epoch # 193     top1:  30.000  top5:   8.408
	
=> Training epoch # 194	
 * Finished epoch # 194     top1:  30.234  top5:   8.281
	
=> Training epoch # 195	
 * Finished epoch # 195     top1:  29.629  top5:   8.271
	
=> Training epoch # 196	
 * Finished epoch # 196     top1:  29.902  top5:   8.174
	
=> Training epoch # 197	
 * Finished epoch # 197     top1:  30.400  top5:   8.301
	
=> Training epoch # 198	
 * Finished epoch # 198     top1:  30.254  top5:   9.014
	
=> Training epoch # 199	
 * Finished epoch # 199     top1:  30.176  top5:   8.525
	
=> Training epoch # 200	
 * Finished epoch # 200     top1:  30.186  top5:   8.623
	
 * Finished top1: 28.379  top5:  7.676	
