{
  cudnn : "fastest"
  LR : 0.1
  nThreads : 2
  nClasses : 0
  batchSize : 256
  testOnly : false
  netType : "resnet"
  resetClassifier : false
  shortcutType : "A"
  gen : "gen"
  nGPU : 1
  depth : 32
  weightDecay : 0.001
  data : ""
  dataset : "cifar100"
  epochNumber : 1
  manualSeed : 2
  resume : "results/results-elu/try3/cifar100/32"
  optimState : "none"
  nEpochs : 200
  tenCrop : false
  shareGradInput : false
  backend : "cudnn"
  momentum : 0.9
  retrain : "none"
}
=> Creating model from file: models/resnet.lua	
 | ResNet-32 CIFAR-100	
nn.Sequential {
  [input -> (1) -> (2) -> (3) -> (4) -> (5) -> (6) -> (7) -> (8) -> (9) -> output]
  (1): cudnn.SpatialConvolution(3 -> 16, 3x3, 1,1, 1,1) without bias
  (2): nn.ELU (alpha:1.000000)
  (3): nn.Sequential {
    [input -> (1) -> (2) -> (3) -> (4) -> (5) -> output]
    (1): nn.Sequential {
      [input -> (1) -> (2) -> output]
      (1): nn.ConcatTable {
        input
          |`-> (1): nn.Sequential {
          |      [input -> (1) -> (2) -> (3) -> (4) -> output]
          |      (1): cudnn.SpatialConvolution(16 -> 16, 3x3, 1,1, 1,1) without bias
          |      (2): nn.ELU (alpha:1.000000)
          |      (3): cudnn.SpatialConvolution(16 -> 16, 3x3, 1,1, 1,1) without bias
          |      (4): nn.SpatialBatchNormalization (4D) (16)
          |    }
           `-> (2): nn.Identity
           ... -> output
      }
      (2): nn.CAddTable
    }
    (2): nn.Sequential {
      [input -> (1) -> (2) -> output]
      (1): nn.ConcatTable {
        input
          |`-> (1): nn.Sequential {
          |      [input -> (1) -> (2) -> (3) -> (4) -> output]
          |      (1): cudnn.SpatialConvolution(16 -> 16, 3x3, 1,1, 1,1) without bias
          |      (2): nn.ELU (alpha:1.000000)
          |      (3): cudnn.SpatialConvolution(16 -> 16, 3x3, 1,1, 1,1) without bias
          |      (4): nn.SpatialBatchNormalization (4D) (16)
          |    }
           `-> (2): nn.Identity
           ... -> output
      }
      (2): nn.CAddTable
    }
    (3): nn.Sequential {
      [input -> (1) -> (2) -> output]
      (1): nn.ConcatTable {
        input
          |`-> (1): nn.Sequential {
          |      [input -> (1) -> (2) -> (3) -> (4) -> output]
          |      (1): cudnn.SpatialConvolution(16 -> 16, 3x3, 1,1, 1,1) without bias
          |      (2): nn.ELU (alpha:1.000000)
          |      (3): cudnn.SpatialConvolution(16 -> 16, 3x3, 1,1, 1,1) without bias
          |      (4): nn.SpatialBatchNormalization (4D) (16)
          |    }
           `-> (2): nn.Identity
           ... -> output
      }
      (2): nn.CAddTable
    }
    (4): nn.Sequential {
      [input -> (1) -> (2) -> output]
      (1): nn.ConcatTable {
        input
          |`-> (1): nn.Sequential {
          |      [input -> (1) -> (2) -> (3) -> (4) -> output]
          |      (1): cudnn.SpatialConvolution(16 -> 16, 3x3, 1,1, 1,1) without bias
          |      (2): nn.ELU (alpha:1.000000)
          |      (3): cudnn.SpatialConvolution(16 -> 16, 3x3, 1,1, 1,1) without bias
          |      (4): nn.SpatialBatchNormalization (4D) (16)
          |    }
           `-> (2): nn.Identity
           ... -> output
      }
      (2): nn.CAddTable
    }
    (5): nn.Sequential {
      [input -> (1) -> (2) -> output]
      (1): nn.ConcatTable {
        input
          |`-> (1): nn.Sequential {
          |      [input -> (1) -> (2) -> (3) -> (4) -> output]
          |      (1): cudnn.SpatialConvolution(16 -> 16, 3x3, 1,1, 1,1) without bias
          |      (2): nn.ELU (alpha:1.000000)
          |      (3): cudnn.SpatialConvolution(16 -> 16, 3x3, 1,1, 1,1) without bias
          |      (4): nn.SpatialBatchNormalization (4D) (16)
          |    }
           `-> (2): nn.Identity
           ... -> output
      }
      (2): nn.CAddTable
    }
  }
  (4): nn.Sequential {
    [input -> (1) -> (2) -> (3) -> (4) -> (5) -> output]
    (1): nn.Sequential {
      [input -> (1) -> (2) -> output]
      (1): nn.ConcatTable {
        input
          |`-> (1): nn.Sequential {
          |      [input -> (1) -> (2) -> (3) -> (4) -> output]
          |      (1): cudnn.SpatialConvolution(16 -> 32, 3x3, 2,2, 1,1) without bias
          |      (2): nn.ELU (alpha:1.000000)
          |      (3): cudnn.SpatialConvolution(32 -> 32, 3x3, 1,1, 1,1) without bias
          |      (4): nn.SpatialBatchNormalization (4D) (32)
          |    }
           `-> (2): nn.Sequential {
                 [input -> (1) -> (2) -> output]
                 (1): nn.SpatialAveragePooling(1x1, 2,2)
                 (2): nn.Concat {
                   input
                     |`-> (1): nn.Identity
                      `-> (2): nn.MulConstant
                      ... -> output
                 }
               }
           ... -> output
      }
      (2): nn.CAddTable
    }
    (2): nn.Sequential {
      [input -> (1) -> (2) -> output]
      (1): nn.ConcatTable {
        input
          |`-> (1): nn.Sequential {
          |      [input -> (1) -> (2) -> (3) -> (4) -> output]
          |      (1): cudnn.SpatialConvolution(32 -> 32, 3x3, 1,1, 1,1) without bias
          |      (2): nn.ELU (alpha:1.000000)
          |      (3): cudnn.SpatialConvolution(32 -> 32, 3x3, 1,1, 1,1) without bias
          |      (4): nn.SpatialBatchNormalization (4D) (32)
          |    }
           `-> (2): nn.Identity
           ... -> output
      }
      (2): nn.CAddTable
    }
    (3): nn.Sequential {
      [input -> (1) -> (2) -> output]
      (1): nn.ConcatTable {
        input
          |`-> (1): nn.Sequential {
          |      [input -> (1) -> (2) -> (3) -> (4) -> output]
          |      (1): cudnn.SpatialConvolution(32 -> 32, 3x3, 1,1, 1,1) without bias
          |      (2): nn.ELU (alpha:1.000000)
          |      (3): cudnn.SpatialConvolution(32 -> 32, 3x3, 1,1, 1,1) without bias
          |      (4): nn.SpatialBatchNormalization (4D) (32)
          |    }
           `-> (2): nn.Identity
           ... -> output
      }
      (2): nn.CAddTable
    }
    (4): nn.Sequential {
      [input -> (1) -> (2) -> output]
      (1): nn.ConcatTable {
        input
          |`-> (1): nn.Sequential {
          |      [input -> (1) -> (2) -> (3) -> (4) -> output]
          |      (1): cudnn.SpatialConvolution(32 -> 32, 3x3, 1,1, 1,1) without bias
          |      (2): nn.ELU (alpha:1.000000)
          |      (3): cudnn.SpatialConvolution(32 -> 32, 3x3, 1,1, 1,1) without bias
          |      (4): nn.SpatialBatchNormalization (4D) (32)
          |    }
           `-> (2): nn.Identity
           ... -> output
      }
      (2): nn.CAddTable
    }
    (5): nn.Sequential {
      [input -> (1) -> (2) -> output]
      (1): nn.ConcatTable {
        input
          |`-> (1): nn.Sequential {
          |      [input -> (1) -> (2) -> (3) -> (4) -> output]
          |      (1): cudnn.SpatialConvolution(32 -> 32, 3x3, 1,1, 1,1) without bias
          |      (2): nn.ELU (alpha:1.000000)
          |      (3): cudnn.SpatialConvolution(32 -> 32, 3x3, 1,1, 1,1) without bias
          |      (4): nn.SpatialBatchNormalization (4D) (32)
          |    }
           `-> (2): nn.Identity
           ... -> output
      }
      (2): nn.CAddTable
    }
  }
  (5): nn.Sequential {
    [input -> (1) -> (2) -> (3) -> (4) -> (5) -> output]
    (1): nn.Sequential {
      [input -> (1) -> (2) -> output]
      (1): nn.ConcatTable {
        input
          |`-> (1): nn.Sequential {
          |      [input -> (1) -> (2) -> (3) -> (4) -> output]
          |      (1): cudnn.SpatialConvolution(32 -> 64, 3x3, 2,2, 1,1) without bias
          |      (2): nn.ELU (alpha:1.000000)
          |      (3): cudnn.SpatialConvolution(64 -> 64, 3x3, 1,1, 1,1) without bias
          |      (4): nn.SpatialBatchNormalization (4D) (64)
          |    }
           `-> (2): nn.Sequential {
                 [input -> (1) -> (2) -> output]
                 (1): nn.SpatialAveragePooling(1x1, 2,2)
                 (2): nn.Concat {
                   input
                     |`-> (1): nn.Identity
                      `-> (2): nn.MulConstant
                      ... -> output
                 }
               }
           ... -> output
      }
      (2): nn.CAddTable
    }
    (2): nn.Sequential {
      [input -> (1) -> (2) -> output]
      (1): nn.ConcatTable {
        input
          |`-> (1): nn.Sequential {
          |      [input -> (1) -> (2) -> (3) -> (4) -> output]
          |      (1): cudnn.SpatialConvolution(64 -> 64, 3x3, 1,1, 1,1) without bias
          |      (2): nn.ELU (alpha:1.000000)
          |      (3): cudnn.SpatialConvolution(64 -> 64, 3x3, 1,1, 1,1) without bias
          |      (4): nn.SpatialBatchNormalization (4D) (64)
          |    }
           `-> (2): nn.Identity
           ... -> output
      }
      (2): nn.CAddTable
    }
    (3): nn.Sequential {
      [input -> (1) -> (2) -> output]
      (1): nn.ConcatTable {
        input
          |`-> (1): nn.Sequential {
          |      [input -> (1) -> (2) -> (3) -> (4) -> output]
          |      (1): cudnn.SpatialConvolution(64 -> 64, 3x3, 1,1, 1,1) without bias
          |      (2): nn.ELU (alpha:1.000000)
          |      (3): cudnn.SpatialConvolution(64 -> 64, 3x3, 1,1, 1,1) without bias
          |      (4): nn.SpatialBatchNormalization (4D) (64)
          |    }
           `-> (2): nn.Identity
           ... -> output
      }
      (2): nn.CAddTable
    }
    (4): nn.Sequential {
      [input -> (1) -> (2) -> output]
      (1): nn.ConcatTable {
        input
          |`-> (1): nn.Sequential {
          |      [input -> (1) -> (2) -> (3) -> (4) -> output]
          |      (1): cudnn.SpatialConvolution(64 -> 64, 3x3, 1,1, 1,1) without bias
          |      (2): nn.ELU (alpha:1.000000)
          |      (3): cudnn.SpatialConvolution(64 -> 64, 3x3, 1,1, 1,1) without bias
          |      (4): nn.SpatialBatchNormalization (4D) (64)
          |    }
           `-> (2): nn.Identity
           ... -> output
      }
      (2): nn.CAddTable
    }
    (5): nn.Sequential {
      [input -> (1) -> (2) -> output]
      (1): nn.ConcatTable {
        input
          |`-> (1): nn.Sequential {
          |      [input -> (1) -> (2) -> (3) -> (4) -> output]
          |      (1): cudnn.SpatialConvolution(64 -> 64, 3x3, 1,1, 1,1) without bias
          |      (2): nn.ELU (alpha:1.000000)
          |      (3): cudnn.SpatialConvolution(64 -> 64, 3x3, 1,1, 1,1) without bias
          |      (4): nn.SpatialBatchNormalization (4D) (64)
          |    }
           `-> (2): nn.Identity
           ... -> output
      }
      (2): nn.CAddTable
    }
  }
  (6): nn.ELU (alpha:1.000000)
  (7): cudnn.SpatialAveragePooling(8x8, 1,1)
  (8): nn.View(64)
  (9): nn.Linear(64 -> 100)
}
=> Training epoch # 1	
 * Finished epoch # 1     top1:  87.061  top5:  62.871
	
 * Best model 	87.060546875	62.87109375	
=> Training epoch # 2	
 * Finished epoch # 2     top1:  76.680  top5:  46.416
	
 * Best model 	76.6796875	46.416015625	
=> Training epoch # 3	
 * Finished epoch # 3     top1:  67.705  top5:  34.658
	
 * Best model 	67.705078125	34.658203125	
=> Training epoch # 4	
 * Finished epoch # 4     top1:  68.301  top5:  34.824
	
=> Training epoch # 5	
 * Finished epoch # 5     top1:  61.953  top5:  29.395
	
 * Best model 	61.953125	29.39453125	
=> Training epoch # 6	
 * Finished epoch # 6     top1:  57.959  top5:  25.430
	
 * Best model 	57.958984375	25.4296875	
=> Training epoch # 7	
 * Finished epoch # 7     top1:  56.260  top5:  23.242
	
 * Best model 	56.259765625	23.2421875	
=> Training epoch # 8	
 * Finished epoch # 8     top1:  56.924  top5:  23.467
	
=> Training epoch # 9	
 * Finished epoch # 9     top1:  51.621  top5:  21.074
	
 * Best model 	51.62109375	21.07421875	
=> Training epoch # 10	
 * Finished epoch # 10     top1:  53.252  top5:  21.934
	
=> Training epoch # 11	
 * Finished epoch # 11     top1:  56.465  top5:  24.199
	
=> Training epoch # 12	
 * Finished epoch # 12     top1:  51.602  top5:  21.367
	
 * Best model 	51.6015625	21.3671875	
=> Training epoch # 13	
 * Finished epoch # 13     top1:  50.928  top5:  18.857
	
 * Best model 	50.927734375	18.857421875	
=> Training epoch # 14	
 * Finished epoch # 14     top1:  50.293  top5:  18.457
	
 * Best model 	50.29296875	18.45703125	
=> Training epoch # 15	
 * Finished epoch # 15     top1:  46.904  top5:  17.139
	
 * Best model 	46.904296875	17.138671875	
=> Training epoch # 16	
 * Finished epoch # 16     top1:  48.896  top5:  17.725
	
=> Training epoch # 17	
 * Finished epoch # 17     top1:  54.316  top5:  22.656
	
=> Training epoch # 18	
 * Finished epoch # 18     top1:  52.080  top5:  20.654
	
=> Training epoch # 19	
 * Finished epoch # 19     top1:  48.916  top5:  18.223
	
=> Training epoch # 20	
 * Finished epoch # 20     top1:  50.879  top5:  18.906
	
=> Training epoch # 21	
 * Finished epoch # 21     top1:  45.527  top5:  16.494
	
 * Best model 	45.52734375	16.494140625	
=> Training epoch # 22	
 * Finished epoch # 22     top1:  46.104  top5:  15.996
	
=> Training epoch # 23	
 * Finished epoch # 23     top1:  47.910  top5:  17.656
	
=> Training epoch # 24	
 * Finished epoch # 24     top1:  45.957  top5:  16.299
	
=> Training epoch # 25	
 * Finished epoch # 25     top1:  47.090  top5:  16.289
	
=> Training epoch # 26	
 * Finished epoch # 26     top1:  46.426  top5:  16.221
	
=> Training epoch # 27	
 * Finished epoch # 27     top1:  45.146  top5:  15.732
	
 * Best model 	45.146484375	15.732421875	
=> Training epoch # 28	
 * Finished epoch # 28     top1:  49.678  top5:  19.629
	
=> Training epoch # 29	
 * Finished epoch # 29     top1:  44.795  top5:  14.971
	
 * Best model 	44.794921875	14.970703125	
=> Training epoch # 30	
 * Finished epoch # 30     top1:  50.537  top5:  20.684
	
=> Training epoch # 31	
 * Finished epoch # 31     top1:  46.758  top5:  15.732
	
=> Training epoch # 32	
 * Finished epoch # 32     top1:  47.949  top5:  17.676
	
=> Training epoch # 33	
 * Finished epoch # 33     top1:  48.496  top5:  18.311
	
=> Training epoch # 34	
 * Finished epoch # 34     top1:  47.998  top5:  17.637
	
=> Training epoch # 35	
 * Finished epoch # 35     top1:  45.664  top5:  16.436
	
=> Training epoch # 36	
 * Finished epoch # 36     top1:  47.090  top5:  16.299
	
=> Training epoch # 37	
 * Finished epoch # 37     top1:  45.527  top5:  16.230
	
=> Training epoch # 38	
 * Finished epoch # 38     top1:  46.025  top5:  16.504
	
=> Training epoch # 39	
 * Finished epoch # 39     top1:  44.717  top5:  15.830
	
 * Best model 	44.716796875	15.830078125	
=> Training epoch # 40	
 * Finished epoch # 40     top1:  50.771  top5:  19.443
	
=> Training epoch # 41	
 * Finished epoch # 41     top1:  45.576  top5:  15.684
	
=> Training epoch # 42	
 * Finished epoch # 42     top1:  46.279  top5:  16.025
	
=> Training epoch # 43	
 * Finished epoch # 43     top1:  45.898  top5:  16.084
	
=> Training epoch # 44	
 * Finished epoch # 44     top1:  44.014  top5:  15.576
	
 * Best model 	44.013671875	15.576171875	
=> Training epoch # 45	
 * Finished epoch # 45     top1:  45.117  top5:  15.723
	
=> Training epoch # 46	
 * Finished epoch # 46     top1:  49.668  top5:  18.203
	
=> Training epoch # 47	
 * Finished epoch # 47     top1:  48.984  top5:  17.725
	
=> Training epoch # 48	
 * Finished epoch # 48     top1:  50.176  top5:  19.229
	
=> Training epoch # 49	
 * Finished epoch # 49     top1:  45.723  top5:  15.508
	
=> Training epoch # 50	
 * Finished epoch # 50     top1:  44.951  top5:  15.752
	
=> Training epoch # 51	
 * Finished epoch # 51     top1:  43.252  top5:  14.512
	
 * Best model 	43.251953125	14.51171875	
=> Training epoch # 52	
 * Finished epoch # 52     top1:  48.301  top5:  18.027
	
=> Training epoch # 53	
 * Finished epoch # 53     top1:  46.436  top5:  18.447
	
=> Training epoch # 54	
 * Finished epoch # 54     top1:  46.611  top5:  17.256
	
=> Training epoch # 55	
 * Finished epoch # 55     top1:  44.268  top5:  14.971
	
=> Training epoch # 56	
 * Finished epoch # 56     top1:  49.199  top5:  17.803
	
=> Training epoch # 57	
 * Finished epoch # 57     top1:  46.797  top5:  19.102
	
=> Training epoch # 58	
 * Finished epoch # 58     top1:  47.275  top5:  16.807
	
=> Training epoch # 59	
 * Finished epoch # 59     top1:  46.006  top5:  17.715
	
=> Training epoch # 60	
 * Finished epoch # 60     top1:  50.264  top5:  19.209
	
=> Training epoch # 61	
 * Finished epoch # 61     top1:  44.844  top5:  15.381
	
=> Training epoch # 62	
 * Finished epoch # 62     top1:  48.457  top5:  17.109
	
=> Training epoch # 63	
 * Finished epoch # 63     top1:  44.688  top5:  16.348
	
=> Training epoch # 64	
 * Finished epoch # 64     top1:  45.576  top5:  16.201
	
=> Training epoch # 65	
 * Finished epoch # 65     top1:  42.549  top5:  13.828
	
 * Best model 	42.548828125	13.828125	
=> Training epoch # 66	
 * Finished epoch # 66     top1:  45.713  top5:  15.000
	
=> Training epoch # 67	
 * Finished epoch # 67     top1:  43.311  top5:  14.795
	
=> Training epoch # 68	
 * Finished epoch # 68     top1:  46.943  top5:  17.891
	
=> Training epoch # 69	
 * Finished epoch # 69     top1:  47.432  top5:  17.168
	
=> Training epoch # 70	
 * Finished epoch # 70     top1:  51.436  top5:  20.742
	
=> Training epoch # 71	
 * Finished epoch # 71     top1:  47.441  top5:  17.021
	
=> Training epoch # 72	
 * Finished epoch # 72     top1:  49.033  top5:  19.453
	
=> Training epoch # 73	
 * Finished epoch # 73     top1:  46.475  top5:  16.738
	
=> Training epoch # 74	
 * Finished epoch # 74     top1:  45.938  top5:  16.064
	
=> Training epoch # 75	
 * Finished epoch # 75     top1:  49.629  top5:  18.721
	
=> Training epoch # 76	
 * Finished epoch # 76     top1:  44.766  top5:  16.104
	
=> Training epoch # 77	
 * Finished epoch # 77     top1:  48.291  top5:  18.477
	
=> Training epoch # 78	
 * Finished epoch # 78     top1:  50.029  top5:  19.326
	
=> Training epoch # 79	
 * Finished epoch # 79     top1:  52.646  top5:  22.178
	
=> Training epoch # 80	
 * Finished epoch # 80     top1:  46.826  top5:  17.236
	
=> Training epoch # 81	
 * Finished epoch # 81     top1:  32.354  top5:   8.955
	
 * Best model 	32.353515625	8.955078125	
=> Training epoch # 82	
 * Finished epoch # 82     top1:  30.596  top5:   7.949
	
 * Best model 	30.595703125	7.94921875	
=> Training epoch # 83	
 * Finished epoch # 83     top1:  30.957  top5:   8.311
	
=> Training epoch # 84	
 * Finished epoch # 84     top1:  30.947  top5:   8.135
	
=> Training epoch # 85	
 * Finished epoch # 85     top1:  31.279  top5:   8.623
	
=> Training epoch # 86	
 * Finished epoch # 86     top1:  30.244  top5:   8.291
	
 * Best model 	30.244140625	8.291015625	
=> Training epoch # 87	
 * Finished epoch # 87     top1:  30.088  top5:   7.930
	
 * Best model 	30.087890625	7.9296875	
=> Training epoch # 88	
 * Finished epoch # 88     top1:  30.977  top5:   8.271
	
=> Training epoch # 89	
 * Finished epoch # 89     top1:  31.094  top5:   8.418
	
=> Training epoch # 90	
 * Finished epoch # 90     top1:  30.332  top5:   8.516
	
=> Training epoch # 91	
 * Finished epoch # 91     top1:  31.035  top5:   8.447
	
=> Training epoch # 92	
 * Finished epoch # 92     top1:  30.840  top5:   8.457
	
=> Training epoch # 93	
 * Finished epoch # 93     top1:  31.631  top5:   8.809
	
=> Training epoch # 94	
 * Finished epoch # 94     top1:  33.535  top5:  10.127
	
=> Training epoch # 95	
 * Finished epoch # 95     top1:  32.363  top5:   9.336
	
=> Training epoch # 96	
 * Finished epoch # 96     top1:  33.330  top5:   9.365
	
=> Training epoch # 97	
 * Finished epoch # 97     top1:  32.227  top5:   8.984
	
=> Training epoch # 98	
 * Finished epoch # 98     top1:  32.725  top5:   9.404
	
=> Training epoch # 99	
 * Finished epoch # 99     top1:  34.834  top5:  10.420
	
=> Training epoch # 100	
 * Finished epoch # 100     top1:  33.564  top5:   9.844
	
=> Training epoch # 101	
 * Finished epoch # 101     top1:  33.301  top5:  10.166
	
=> Training epoch # 102	
 * Finished epoch # 102     top1:  35.938  top5:  11.221
	
=> Training epoch # 103	
 * Finished epoch # 103     top1:  34.180  top5:  10.176
	
=> Training epoch # 104	
 * Finished epoch # 104     top1:  33.008  top5:  10.107
	
=> Training epoch # 105	
 * Finished epoch # 105     top1:  35.850  top5:  11.523
	
=> Training epoch # 106	
 * Finished epoch # 106     top1:  37.461  top5:  12.129
	
=> Training epoch # 107	
 * Finished epoch # 107     top1:  38.193  top5:  11.270
	
=> Training epoch # 108	
 * Finished epoch # 108     top1:  34.219  top5:   9.658
	
=> Training epoch # 109	
 * Finished epoch # 109     top1:  34.844  top5:   9.922
	
=> Training epoch # 110	
 * Finished epoch # 110     top1:  38.438  top5:  13.643
	
=> Training epoch # 111	
 * Finished epoch # 111     top1:  38.535  top5:  12.666
	
=> Training epoch # 112	
 * Finished epoch # 112     top1:  34.932  top5:  11.045
	
=> Training epoch # 113	
 * Finished epoch # 113     top1:  37.236  top5:  11.875
	
=> Training epoch # 114	
 * Finished epoch # 114     top1:  36.621  top5:  11.396
	
=> Training epoch # 115	
 * Finished epoch # 115     top1:  37.432  top5:  11.611
	
=> Training epoch # 116	
 * Finished epoch # 116     top1:  34.844  top5:  10.586
	
=> Training epoch # 117	
 * Finished epoch # 117     top1:  37.539  top5:  12.129
	
=> Training epoch # 118	
 * Finished epoch # 118     top1:  40.273  top5:  12.891
	
=> Training epoch # 119	
 * Finished epoch # 119     top1:  38.574  top5:  12.744
	
=> Training epoch # 120	
 * Finished epoch # 120     top1:  39.922  top5:  13.887
	
=> Training epoch # 121	
 * Finished epoch # 121     top1:  35.869  top5:  12.041
	
=> Training epoch # 122	
 * Finished epoch # 122     top1:  29.326  top5:   7.998
	
 * Best model 	29.326171875	7.998046875	
=> Training epoch # 123	
 * Finished epoch # 123     top1:  28.701  top5:   7.900
	
 * Best model 	28.701171875	7.900390625	
=> Training epoch # 124	
 * Finished epoch # 124     top1:  28.838  top5:   7.744
	
=> Training epoch # 125	
 * Finished epoch # 125     top1:  29.072  top5:   8.008
	
=> Training epoch # 126	
 * Finished epoch # 126     top1:  29.287  top5:   7.705
	
=> Training epoch # 127	
 * Finished epoch # 127     top1:  28.789  top5:   7.881
	
=> Training epoch # 128	
 * Finished epoch # 128     top1:  29.072  top5:   8.086
	
=> Training epoch # 129	
 * Finished epoch # 129     top1:  28.848  top5:   7.920
	
=> Training epoch # 130	
 * Finished epoch # 130     top1:  29.336  top5:   8.037
	
=> Training epoch # 131	
 * Finished epoch # 131     top1:  29.775  top5:   8.320
	
=> Training epoch # 132	
 * Finished epoch # 132     top1:  29.248  top5:   8.262
	
=> Training epoch # 133	
 * Finished epoch # 133     top1:  29.170  top5:   8.184
	
=> Training epoch # 134	
 * Finished epoch # 134     top1:  29.688  top5:   8.096
	
=> Training epoch # 135	
 * Finished epoch # 135     top1:  29.521  top5:   8.086
	
=> Training epoch # 136	
 * Finished epoch # 136     top1:  29.854  top5:   8.301
	
=> Training epoch # 137	
 * Finished epoch # 137     top1:  29.082  top5:   8.008
	
=> Training epoch # 138	
 * Finished epoch # 138     top1:  29.121  top5:   8.311
	
=> Training epoch # 139	
 * Finished epoch # 139     top1:  29.668  top5:   8.291
	
=> Training epoch # 140	
 * Finished epoch # 140     top1:  29.316  top5:   8.057
	
=> Training epoch # 141	
 * Finished epoch # 141     top1:  29.141  top5:   8.037
	
=> Training epoch # 142	
 * Finished epoch # 142     top1:  29.082  top5:   8.252
	
=> Training epoch # 143	
 * Finished epoch # 143     top1:  30.234  top5:   8.389
	
=> Training epoch # 144	
 * Finished epoch # 144     top1:  29.756  top5:   7.871
	
=> Training epoch # 145	
 * Finished epoch # 145     top1:  30.273  top5:   8.125
	
=> Training epoch # 146	
 * Finished epoch # 146     top1:  30.029  top5:   8.242
	
=> Training epoch # 147	
 * Finished epoch # 147     top1:  30.029  top5:   8.301
	
=> Training epoch # 148	
 * Finished epoch # 148     top1:  29.482  top5:   8.428
	
=> Training epoch # 149	
 * Finished epoch # 149     top1:  30.010  top5:   8.271
	
=> Training epoch # 150	
 * Finished epoch # 150     top1:  30.586  top5:   8.389
	
=> Training epoch # 151	
 * Finished epoch # 151     top1:  29.736  top5:   8.496
	
=> Training epoch # 152	
 * Finished epoch # 152     top1:  29.727  top5:   8.438
	
=> Training epoch # 153	
 * Finished epoch # 153     top1:  30.225  top5:   8.330
	
=> Training epoch # 154	
 * Finished epoch # 154     top1:  29.736  top5:   8.564
	
=> Training epoch # 155	
 * Finished epoch # 155     top1:  30.176  top5:   8.359
	
=> Training epoch # 156	
 * Finished epoch # 156     top1:  29.844  top5:   8.584
	
=> Training epoch # 157	
 * Finished epoch # 157     top1:  30.479  top5:   8.643
	
=> Training epoch # 158	
 * Finished epoch # 158     top1:  30.156  top5:   8.711
	
=> Training epoch # 159	
 * Finished epoch # 159     top1:  30.215  top5:   8.408
	
=> Training epoch # 160	
 * Finished epoch # 160     top1:  30.322  top5:   8.369
	
=> Training epoch # 161	
 * Finished epoch # 161     top1:  30.020  top5:   8.486
	
=> Training epoch # 162	
 * Finished epoch # 162     top1:  30.264  top5:   8.467
	
=> Training epoch # 163	
 * Finished epoch # 163     top1:  30.107  top5:   8.477
	
=> Training epoch # 164	
 * Finished epoch # 164     top1:  30.527  top5:   8.477
	
=> Training epoch # 165	
 * Finished epoch # 165     top1:  29.785  top5:   8.535
	
=> Training epoch # 166	
 * Finished epoch # 166     top1:  30.703  top5:   8.574
	
=> Training epoch # 167	
 * Finished epoch # 167     top1:  30.791  top5:   8.857
	
=> Training epoch # 168	
 * Finished epoch # 168     top1:  30.723  top5:   9.111
	
=> Training epoch # 169	
 * Finished epoch # 169     top1:  30.352  top5:   8.477
	
=> Training epoch # 170	
 * Finished epoch # 170     top1:  30.723  top5:   8.652
	
=> Training epoch # 171	
 * Finished epoch # 171     top1:  31.279  top5:   9.072
	
=> Training epoch # 172	
 * Finished epoch # 172     top1:  30.459  top5:   8.477
	
=> Training epoch # 173	
 * Finished epoch # 173     top1:  30.869  top5:   8.467
	
=> Training epoch # 174	
 * Finished epoch # 174     top1:  30.986  top5:   8.965
	
=> Training epoch # 175	
 * Finished epoch # 175     top1:  31.377  top5:   8.672
	
=> Training epoch # 176	
 * Finished epoch # 176     top1:  30.801  top5:   9.023
	
=> Training epoch # 177	
 * Finished epoch # 177     top1:  30.977  top5:   9.062
	
=> Training epoch # 178	
 * Finished epoch # 178     top1:  31.523  top5:   8.945
	
=> Training epoch # 179	
 * Finished epoch # 179     top1:  30.801  top5:   9.316
	
=> Training epoch # 180	
 * Finished epoch # 180     top1:  30.703  top5:   8.857
	
=> Training epoch # 181	
 * Finished epoch # 181     top1:  30.342  top5:   8.965
	
=> Training epoch # 182	
 * Finished epoch # 182     top1:  31.279  top5:   9.072
	
=> Training epoch # 183	
 * Finished epoch # 183     top1:  31.123  top5:   8.857
	
=> Training epoch # 184	
 * Finished epoch # 184     top1:  31.455  top5:   9.346
	
=> Training epoch # 185	
 * Finished epoch # 185     top1:  31.045  top5:   9.092
	
=> Training epoch # 186	
 * Finished epoch # 186     top1:  30.557  top5:   8.584
	
=> Training epoch # 187	
 * Finished epoch # 187     top1:  31.025  top5:   8.965
	
=> Training epoch # 188	
 * Finished epoch # 188     top1:  30.967  top5:   9.170
	
=> Training epoch # 189	
 * Finished epoch # 189     top1:  30.459  top5:   8.633
	
=> Training epoch # 190	
 * Finished epoch # 190     top1:  31.475  top5:   9.326
	
=> Training epoch # 191	
 * Finished epoch # 191     top1:  30.977  top5:   8.750
	
=> Training epoch # 192	
 * Finished epoch # 192     top1:  32.207  top5:   9.463
	
=> Training epoch # 193	
 * Finished epoch # 193     top1:  31.553  top5:   9.150
	
=> Training epoch # 194	
 * Finished epoch # 194     top1:  30.723  top5:   9.131
	
=> Training epoch # 195	
 * Finished epoch # 195     top1:  30.576  top5:   9.248
	
=> Training epoch # 196	
 * Finished epoch # 196     top1:  31.279  top5:   9.150
	
=> Training epoch # 197	
 * Finished epoch # 197     top1:  31.797  top5:   9.209
	
=> Training epoch # 198	
 * Finished epoch # 198     top1:  31.553  top5:   8.887
	
=> Training epoch # 199	
 * Finished epoch # 199     top1:  31.934  top5:   9.814
	
=> Training epoch # 200	
 * Finished epoch # 200     top1:  31.680  top5:   9.385
	
 * Finished top1: 28.701  top5:  7.900	
