{
  cudnn : "fastest"
  LR : 0.1
  nThreads : 2
  nClasses : 0
  batchSize : 256
  testOnly : false
  netType : "resnet-bn-prelu"
  resetClassifier : false
  shortcutType : "A"
  gen : "gen"
  nGPU : 1
  depth : 110
  weightDecay : 0.001
  data : ""
  dataset : "cifar100"
  epochNumber : 1
  manualSeed : 2
  resume : "results/results-bn-prelu/try1/cifar100/110"
  optimState : "none"
  nEpochs : 200
  tenCrop : false
  shareGradInput : false
  backend : "cudnn"
  momentum : 0.9
  retrain : "none"
}
=> Creating model from file: models/resnet-bn-prelu.lua	
 | ResNet-110 CIFAR-100	
nn.Sequential {
  [input -> (1) -> (2) -> (3) -> (4) -> (5) -> (6) -> (7) -> (8) -> (9) -> output]
  (1): cudnn.SpatialConvolution(3 -> 16, 3x3, 1,1, 1,1) without bias
  (2): nn.Sequential {
    [input -> (1) -> (2) -> output]
    (1): nn.SpatialBatchNormalization (4D) (16)
    (2): nn.PReLU
  }
  (3): nn.Sequential {
    [input -> (1) -> (2) -> (3) -> (4) -> (5) -> (6) -> (7) -> (8) -> (9) -> (10) -> (11) -> (12) -> (13) -> (14) -> (15) -> (16) -> (17) -> (18) -> output]
    (1): nn.Sequential {
      [input -> (1) -> (2) -> output]
      (1): nn.ConcatTable {
        input
          |`-> (1): nn.Sequential {
          |      [input -> (1) -> (2) -> (3) -> (4) -> output]
          |      (1): cudnn.SpatialConvolution(16 -> 16, 3x3, 1,1, 1,1) without bias
          |      (2): nn.Sequential {
          |        [input -> (1) -> (2) -> output]
          |        (1): nn.SpatialBatchNormalization (4D) (16)
          |        (2): nn.PReLU
          |      }
          |      (3): cudnn.SpatialConvolution(16 -> 16, 3x3, 1,1, 1,1) without bias
          |      (4): nn.SpatialBatchNormalization (4D) (16)
          |    }
           `-> (2): nn.Identity
           ... -> output
      }
      (2): nn.CAddTable
    }
    (2): nn.Sequential {
      [input -> (1) -> (2) -> output]
      (1): nn.ConcatTable {
        input
          |`-> (1): nn.Sequential {
          |      [input -> (1) -> (2) -> (3) -> (4) -> output]
          |      (1): cudnn.SpatialConvolution(16 -> 16, 3x3, 1,1, 1,1) without bias
          |      (2): nn.Sequential {
          |        [input -> (1) -> (2) -> output]
          |        (1): nn.SpatialBatchNormalization (4D) (16)
          |        (2): nn.PReLU
          |      }
          |      (3): cudnn.SpatialConvolution(16 -> 16, 3x3, 1,1, 1,1) without bias
          |      (4): nn.SpatialBatchNormalization (4D) (16)
          |    }
           `-> (2): nn.Identity
           ... -> output
      }
      (2): nn.CAddTable
    }
    (3): nn.Sequential {
      [input -> (1) -> (2) -> output]
      (1): nn.ConcatTable {
        input
          |`-> (1): nn.Sequential {
          |      [input -> (1) -> (2) -> (3) -> (4) -> output]
          |      (1): cudnn.SpatialConvolution(16 -> 16, 3x3, 1,1, 1,1) without bias
          |      (2): nn.Sequential {
          |        [input -> (1) -> (2) -> output]
          |        (1): nn.SpatialBatchNormalization (4D) (16)
          |        (2): nn.PReLU
          |      }
          |      (3): cudnn.SpatialConvolution(16 -> 16, 3x3, 1,1, 1,1) without bias
          |      (4): nn.SpatialBatchNormalization (4D) (16)
          |    }
           `-> (2): nn.Identity
           ... -> output
      }
      (2): nn.CAddTable
    }
    (4): nn.Sequential {
      [input -> (1) -> (2) -> output]
      (1): nn.ConcatTable {
        input
          |`-> (1): nn.Sequential {
          |      [input -> (1) -> (2) -> (3) -> (4) -> output]
          |      (1): cudnn.SpatialConvolution(16 -> 16, 3x3, 1,1, 1,1) without bias
          |      (2): nn.Sequential {
          |        [input -> (1) -> (2) -> output]
          |        (1): nn.SpatialBatchNormalization (4D) (16)
          |        (2): nn.PReLU
          |      }
          |      (3): cudnn.SpatialConvolution(16 -> 16, 3x3, 1,1, 1,1) without bias
          |      (4): nn.SpatialBatchNormalization (4D) (16)
          |    }
           `-> (2): nn.Identity
           ... -> output
      }
      (2): nn.CAddTable
    }
    (5): nn.Sequential {
      [input -> (1) -> (2) -> output]
      (1): nn.ConcatTable {
        input
          |`-> (1): nn.Sequential {
          |      [input -> (1) -> (2) -> (3) -> (4) -> output]
          |      (1): cudnn.SpatialConvolution(16 -> 16, 3x3, 1,1, 1,1) without bias
          |      (2): nn.Sequential {
          |        [input -> (1) -> (2) -> output]
          |        (1): nn.SpatialBatchNormalization (4D) (16)
          |        (2): nn.PReLU
          |      }
          |      (3): cudnn.SpatialConvolution(16 -> 16, 3x3, 1,1, 1,1) without bias
          |      (4): nn.SpatialBatchNormalization (4D) (16)
          |    }
           `-> (2): nn.Identity
           ... -> output
      }
      (2): nn.CAddTable
    }
    (6): nn.Sequential {
      [input -> (1) -> (2) -> output]
      (1): nn.ConcatTable {
        input
          |`-> (1): nn.Sequential {
          |      [input -> (1) -> (2) -> (3) -> (4) -> output]
          |      (1): cudnn.SpatialConvolution(16 -> 16, 3x3, 1,1, 1,1) without bias
          |      (2): nn.Sequential {
          |        [input -> (1) -> (2) -> output]
          |        (1): nn.SpatialBatchNormalization (4D) (16)
          |        (2): nn.PReLU
          |      }
          |      (3): cudnn.SpatialConvolution(16 -> 16, 3x3, 1,1, 1,1) without bias
          |      (4): nn.SpatialBatchNormalization (4D) (16)
          |    }
           `-> (2): nn.Identity
           ... -> output
      }
      (2): nn.CAddTable
    }
    (7): nn.Sequential {
      [input -> (1) -> (2) -> output]
      (1): nn.ConcatTable {
        input
          |`-> (1): nn.Sequential {
          |      [input -> (1) -> (2) -> (3) -> (4) -> output]
          |      (1): cudnn.SpatialConvolution(16 -> 16, 3x3, 1,1, 1,1) without bias
          |      (2): nn.Sequential {
          |        [input -> (1) -> (2) -> output]
          |        (1): nn.SpatialBatchNormalization (4D) (16)
          |        (2): nn.PReLU
          |      }
          |      (3): cudnn.SpatialConvolution(16 -> 16, 3x3, 1,1, 1,1) without bias
          |      (4): nn.SpatialBatchNormalization (4D) (16)
          |    }
           `-> (2): nn.Identity
           ... -> output
      }
      (2): nn.CAddTable
    }
    (8): nn.Sequential {
      [input -> (1) -> (2) -> output]
      (1): nn.ConcatTable {
        input
          |`-> (1): nn.Sequential {
          |      [input -> (1) -> (2) -> (3) -> (4) -> output]
          |      (1): cudnn.SpatialConvolution(16 -> 16, 3x3, 1,1, 1,1) without bias
          |      (2): nn.Sequential {
          |        [input -> (1) -> (2) -> output]
          |        (1): nn.SpatialBatchNormalization (4D) (16)
          |        (2): nn.PReLU
          |      }
          |      (3): cudnn.SpatialConvolution(16 -> 16, 3x3, 1,1, 1,1) without bias
          |      (4): nn.SpatialBatchNormalization (4D) (16)
          |    }
           `-> (2): nn.Identity
           ... -> output
      }
      (2): nn.CAddTable
    }
    (9): nn.Sequential {
      [input -> (1) -> (2) -> output]
      (1): nn.ConcatTable {
        input
          |`-> (1): nn.Sequential {
          |      [input -> (1) -> (2) -> (3) -> (4) -> output]
          |      (1): cudnn.SpatialConvolution(16 -> 16, 3x3, 1,1, 1,1) without bias
          |      (2): nn.Sequential {
          |        [input -> (1) -> (2) -> output]
          |        (1): nn.SpatialBatchNormalization (4D) (16)
          |        (2): nn.PReLU
          |      }
          |      (3): cudnn.SpatialConvolution(16 -> 16, 3x3, 1,1, 1,1) without bias
          |      (4): nn.SpatialBatchNormalization (4D) (16)
          |    }
           `-> (2): nn.Identity
           ... -> output
      }
      (2): nn.CAddTable
    }
    (10): nn.Sequential {
      [input -> (1) -> (2) -> output]
      (1): nn.ConcatTable {
        input
          |`-> (1): nn.Sequential {
          |      [input -> (1) -> (2) -> (3) -> (4) -> output]
          |      (1): cudnn.SpatialConvolution(16 -> 16, 3x3, 1,1, 1,1) without bias
          |      (2): nn.Sequential {
          |        [input -> (1) -> (2) -> output]
          |        (1): nn.SpatialBatchNormalization (4D) (16)
          |        (2): nn.PReLU
          |      }
          |      (3): cudnn.SpatialConvolution(16 -> 16, 3x3, 1,1, 1,1) without bias
          |      (4): nn.SpatialBatchNormalization (4D) (16)
          |    }
           `-> (2): nn.Identity
           ... -> output
      }
      (2): nn.CAddTable
    }
    (11): nn.Sequential {
      [input -> (1) -> (2) -> output]
      (1): nn.ConcatTable {
        input
          |`-> (1): nn.Sequential {
          |      [input -> (1) -> (2) -> (3) -> (4) -> output]
          |      (1): cudnn.SpatialConvolution(16 -> 16, 3x3, 1,1, 1,1) without bias
          |      (2): nn.Sequential {
          |        [input -> (1) -> (2) -> output]
          |        (1): nn.SpatialBatchNormalization (4D) (16)
          |        (2): nn.PReLU
          |      }
          |      (3): cudnn.SpatialConvolution(16 -> 16, 3x3, 1,1, 1,1) without bias
          |      (4): nn.SpatialBatchNormalization (4D) (16)
          |    }
           `-> (2): nn.Identity
           ... -> output
      }
      (2): nn.CAddTable
    }
    (12): nn.Sequential {
      [input -> (1) -> (2) -> output]
      (1): nn.ConcatTable {
        input
          |`-> (1): nn.Sequential {
          |      [input -> (1) -> (2) -> (3) -> (4) -> output]
          |      (1): cudnn.SpatialConvolution(16 -> 16, 3x3, 1,1, 1,1) without bias
          |      (2): nn.Sequential {
          |        [input -> (1) -> (2) -> output]
          |        (1): nn.SpatialBatchNormalization (4D) (16)
          |        (2): nn.PReLU
          |      }
          |      (3): cudnn.SpatialConvolution(16 -> 16, 3x3, 1,1, 1,1) without bias
          |      (4): nn.SpatialBatchNormalization (4D) (16)
          |    }
           `-> (2): nn.Identity
           ... -> output
      }
      (2): nn.CAddTable
    }
    (13): nn.Sequential {
      [input -> (1) -> (2) -> output]
      (1): nn.ConcatTable {
        input
          |`-> (1): nn.Sequential {
          |      [input -> (1) -> (2) -> (3) -> (4) -> output]
          |      (1): cudnn.SpatialConvolution(16 -> 16, 3x3, 1,1, 1,1) without bias
          |      (2): nn.Sequential {
          |        [input -> (1) -> (2) -> output]
          |        (1): nn.SpatialBatchNormalization (4D) (16)
          |        (2): nn.PReLU
          |      }
          |      (3): cudnn.SpatialConvolution(16 -> 16, 3x3, 1,1, 1,1) without bias
          |      (4): nn.SpatialBatchNormalization (4D) (16)
          |    }
           `-> (2): nn.Identity
           ... -> output
      }
      (2): nn.CAddTable
    }
    (14): nn.Sequential {
      [input -> (1) -> (2) -> output]
      (1): nn.ConcatTable {
        input
          |`-> (1): nn.Sequential {
          |      [input -> (1) -> (2) -> (3) -> (4) -> output]
          |      (1): cudnn.SpatialConvolution(16 -> 16, 3x3, 1,1, 1,1) without bias
          |      (2): nn.Sequential {
          |        [input -> (1) -> (2) -> output]
          |        (1): nn.SpatialBatchNormalization (4D) (16)
          |        (2): nn.PReLU
          |      }
          |      (3): cudnn.SpatialConvolution(16 -> 16, 3x3, 1,1, 1,1) without bias
          |      (4): nn.SpatialBatchNormalization (4D) (16)
          |    }
           `-> (2): nn.Identity
           ... -> output
      }
      (2): nn.CAddTable
    }
    (15): nn.Sequential {
      [input -> (1) -> (2) -> output]
      (1): nn.ConcatTable {
        input
          |`-> (1): nn.Sequential {
          |      [input -> (1) -> (2) -> (3) -> (4) -> output]
          |      (1): cudnn.SpatialConvolution(16 -> 16, 3x3, 1,1, 1,1) without bias
          |      (2): nn.Sequential {
          |        [input -> (1) -> (2) -> output]
          |        (1): nn.SpatialBatchNormalization (4D) (16)
          |        (2): nn.PReLU
          |      }
          |      (3): cudnn.SpatialConvolution(16 -> 16, 3x3, 1,1, 1,1) without bias
          |      (4): nn.SpatialBatchNormalization (4D) (16)
          |    }
           `-> (2): nn.Identity
           ... -> output
      }
      (2): nn.CAddTable
    }
    (16): nn.Sequential {
      [input -> (1) -> (2) -> output]
      (1): nn.ConcatTable {
        input
          |`-> (1): nn.Sequential {
          |      [input -> (1) -> (2) -> (3) -> (4) -> output]
          |      (1): cudnn.SpatialConvolution(16 -> 16, 3x3, 1,1, 1,1) without bias
          |      (2): nn.Sequential {
          |        [input -> (1) -> (2) -> output]
          |        (1): nn.SpatialBatchNormalization (4D) (16)
          |        (2): nn.PReLU
          |      }
          |      (3): cudnn.SpatialConvolution(16 -> 16, 3x3, 1,1, 1,1) without bias
          |      (4): nn.SpatialBatchNormalization (4D) (16)
          |    }
           `-> (2): nn.Identity
           ... -> output
      }
      (2): nn.CAddTable
    }
    (17): nn.Sequential {
      [input -> (1) -> (2) -> output]
      (1): nn.ConcatTable {
        input
          |`-> (1): nn.Sequential {
          |      [input -> (1) -> (2) -> (3) -> (4) -> output]
          |      (1): cudnn.SpatialConvolution(16 -> 16, 3x3, 1,1, 1,1) without bias
          |      (2): nn.Sequential {
          |        [input -> (1) -> (2) -> output]
          |        (1): nn.SpatialBatchNormalization (4D) (16)
          |        (2): nn.PReLU
          |      }
          |      (3): cudnn.SpatialConvolution(16 -> 16, 3x3, 1,1, 1,1) without bias
          |      (4): nn.SpatialBatchNormalization (4D) (16)
          |    }
           `-> (2): nn.Identity
           ... -> output
      }
      (2): nn.CAddTable
    }
    (18): nn.Sequential {
      [input -> (1) -> (2) -> output]
      (1): nn.ConcatTable {
        input
          |`-> (1): nn.Sequential {
          |      [input -> (1) -> (2) -> (3) -> (4) -> output]
          |      (1): cudnn.SpatialConvolution(16 -> 16, 3x3, 1,1, 1,1) without bias
          |      (2): nn.Sequential {
          |        [input -> (1) -> (2) -> output]
          |        (1): nn.SpatialBatchNormalization (4D) (16)
          |        (2): nn.PReLU
          |      }
          |      (3): cudnn.SpatialConvolution(16 -> 16, 3x3, 1,1, 1,1) without bias
          |      (4): nn.SpatialBatchNormalization (4D) (16)
          |    }
           `-> (2): nn.Identity
           ... -> output
      }
      (2): nn.CAddTable
    }
  }
  (4): nn.Sequential {
    [input -> (1) -> (2) -> (3) -> (4) -> (5) -> (6) -> (7) -> (8) -> (9) -> (10) -> (11) -> (12) -> (13) -> (14) -> (15) -> (16) -> (17) -> (18) -> output]
    (1): nn.Sequential {
      [input -> (1) -> (2) -> output]
      (1): nn.ConcatTable {
        input
          |`-> (1): nn.Sequential {
          |      [input -> (1) -> (2) -> (3) -> (4) -> output]
          |      (1): cudnn.SpatialConvolution(16 -> 32, 3x3, 2,2, 1,1) without bias
          |      (2): nn.Sequential {
          |        [input -> (1) -> (2) -> output]
          |        (1): nn.SpatialBatchNormalization (4D) (32)
          |        (2): nn.PReLU
          |      }
          |      (3): cudnn.SpatialConvolution(32 -> 32, 3x3, 1,1, 1,1) without bias
          |      (4): nn.SpatialBatchNormalization (4D) (32)
          |    }
           `-> (2): nn.Sequential {
                 [input -> (1) -> (2) -> output]
                 (1): nn.SpatialAveragePooling(1x1, 2,2)
                 (2): nn.Concat {
                   input
                     |`-> (1): nn.Identity
                      `-> (2): nn.MulConstant
                      ... -> output
                 }
               }
           ... -> output
      }
      (2): nn.CAddTable
    }
    (2): nn.Sequential {
      [input -> (1) -> (2) -> output]
      (1): nn.ConcatTable {
        input
          |`-> (1): nn.Sequential {
          |      [input -> (1) -> (2) -> (3) -> (4) -> output]
          |      (1): cudnn.SpatialConvolution(32 -> 32, 3x3, 1,1, 1,1) without bias
          |      (2): nn.Sequential {
          |        [input -> (1) -> (2) -> output]
          |        (1): nn.SpatialBatchNormalization (4D) (32)
          |        (2): nn.PReLU
          |      }
          |      (3): cudnn.SpatialConvolution(32 -> 32, 3x3, 1,1, 1,1) without bias
          |      (4): nn.SpatialBatchNormalization (4D) (32)
          |    }
           `-> (2): nn.Identity
           ... -> output
      }
      (2): nn.CAddTable
    }
    (3): nn.Sequential {
      [input -> (1) -> (2) -> output]
      (1): nn.ConcatTable {
        input
          |`-> (1): nn.Sequential {
          |      [input -> (1) -> (2) -> (3) -> (4) -> output]
          |      (1): cudnn.SpatialConvolution(32 -> 32, 3x3, 1,1, 1,1) without bias
          |      (2): nn.Sequential {
          |        [input -> (1) -> (2) -> output]
          |        (1): nn.SpatialBatchNormalization (4D) (32)
          |        (2): nn.PReLU
          |      }
          |      (3): cudnn.SpatialConvolution(32 -> 32, 3x3, 1,1, 1,1) without bias
          |      (4): nn.SpatialBatchNormalization (4D) (32)
          |    }
           `-> (2): nn.Identity
           ... -> output
      }
      (2): nn.CAddTable
    }
    (4): nn.Sequential {
      [input -> (1) -> (2) -> output]
      (1): nn.ConcatTable {
        input
          |`-> (1): nn.Sequential {
          |      [input -> (1) -> (2) -> (3) -> (4) -> output]
          |      (1): cudnn.SpatialConvolution(32 -> 32, 3x3, 1,1, 1,1) without bias
          |      (2): nn.Sequential {
          |        [input -> (1) -> (2) -> output]
          |        (1): nn.SpatialBatchNormalization (4D) (32)
          |        (2): nn.PReLU
          |      }
          |      (3): cudnn.SpatialConvolution(32 -> 32, 3x3, 1,1, 1,1) without bias
          |      (4): nn.SpatialBatchNormalization (4D) (32)
          |    }
           `-> (2): nn.Identity
           ... -> output
      }
      (2): nn.CAddTable
    }
    (5): nn.Sequential {
      [input -> (1) -> (2) -> output]
      (1): nn.ConcatTable {
        input
          |`-> (1): nn.Sequential {
          |      [input -> (1) -> (2) -> (3) -> (4) -> output]
          |      (1): cudnn.SpatialConvolution(32 -> 32, 3x3, 1,1, 1,1) without bias
          |      (2): nn.Sequential {
          |        [input -> (1) -> (2) -> output]
          |        (1): nn.SpatialBatchNormalization (4D) (32)
          |        (2): nn.PReLU
          |      }
          |      (3): cudnn.SpatialConvolution(32 -> 32, 3x3, 1,1, 1,1) without bias
          |      (4): nn.SpatialBatchNormalization (4D) (32)
          |    }
           `-> (2): nn.Identity
           ... -> output
      }
      (2): nn.CAddTable
    }
    (6): nn.Sequential {
      [input -> (1) -> (2) -> output]
      (1): nn.ConcatTable {
        input
          |`-> (1): nn.Sequential {
          |      [input -> (1) -> (2) -> (3) -> (4) -> output]
          |      (1): cudnn.SpatialConvolution(32 -> 32, 3x3, 1,1, 1,1) without bias
          |      (2): nn.Sequential {
          |        [input -> (1) -> (2) -> output]
          |        (1): nn.SpatialBatchNormalization (4D) (32)
          |        (2): nn.PReLU
          |      }
          |      (3): cudnn.SpatialConvolution(32 -> 32, 3x3, 1,1, 1,1) without bias
          |      (4): nn.SpatialBatchNormalization (4D) (32)
          |    }
           `-> (2): nn.Identity
           ... -> output
      }
      (2): nn.CAddTable
    }
    (7): nn.Sequential {
      [input -> (1) -> (2) -> output]
      (1): nn.ConcatTable {
        input
          |`-> (1): nn.Sequential {
          |      [input -> (1) -> (2) -> (3) -> (4) -> output]
          |      (1): cudnn.SpatialConvolution(32 -> 32, 3x3, 1,1, 1,1) without bias
          |      (2): nn.Sequential {
          |        [input -> (1) -> (2) -> output]
          |        (1): nn.SpatialBatchNormalization (4D) (32)
          |        (2): nn.PReLU
          |      }
          |      (3): cudnn.SpatialConvolution(32 -> 32, 3x3, 1,1, 1,1) without bias
          |      (4): nn.SpatialBatchNormalization (4D) (32)
          |    }
           `-> (2): nn.Identity
           ... -> output
      }
      (2): nn.CAddTable
    }
    (8): nn.Sequential {
      [input -> (1) -> (2) -> output]
      (1): nn.ConcatTable {
        input
          |`-> (1): nn.Sequential {
          |      [input -> (1) -> (2) -> (3) -> (4) -> output]
          |      (1): cudnn.SpatialConvolution(32 -> 32, 3x3, 1,1, 1,1) without bias
          |      (2): nn.Sequential {
          |        [input -> (1) -> (2) -> output]
          |        (1): nn.SpatialBatchNormalization (4D) (32)
          |        (2): nn.PReLU
          |      }
          |      (3): cudnn.SpatialConvolution(32 -> 32, 3x3, 1,1, 1,1) without bias
          |      (4): nn.SpatialBatchNormalization (4D) (32)
          |    }
           `-> (2): nn.Identity
           ... -> output
      }
      (2): nn.CAddTable
    }
    (9): nn.Sequential {
      [input -> (1) -> (2) -> output]
      (1): nn.ConcatTable {
        input
          |`-> (1): nn.Sequential {
          |      [input -> (1) -> (2) -> (3) -> (4) -> output]
          |      (1): cudnn.SpatialConvolution(32 -> 32, 3x3, 1,1, 1,1) without bias
          |      (2): nn.Sequential {
          |        [input -> (1) -> (2) -> output]
          |        (1): nn.SpatialBatchNormalization (4D) (32)
          |        (2): nn.PReLU
          |      }
          |      (3): cudnn.SpatialConvolution(32 -> 32, 3x3, 1,1, 1,1) without bias
          |      (4): nn.SpatialBatchNormalization (4D) (32)
          |    }
           `-> (2): nn.Identity
           ... -> output
      }
      (2): nn.CAddTable
    }
    (10): nn.Sequential {
      [input -> (1) -> (2) -> output]
      (1): nn.ConcatTable {
        input
          |`-> (1): nn.Sequential {
          |      [input -> (1) -> (2) -> (3) -> (4) -> output]
          |      (1): cudnn.SpatialConvolution(32 -> 32, 3x3, 1,1, 1,1) without bias
          |      (2): nn.Sequential {
          |        [input -> (1) -> (2) -> output]
          |        (1): nn.SpatialBatchNormalization (4D) (32)
          |        (2): nn.PReLU
          |      }
          |      (3): cudnn.SpatialConvolution(32 -> 32, 3x3, 1,1, 1,1) without bias
          |      (4): nn.SpatialBatchNormalization (4D) (32)
          |    }
           `-> (2): nn.Identity
           ... -> output
      }
      (2): nn.CAddTable
    }
    (11): nn.Sequential {
      [input -> (1) -> (2) -> output]
      (1): nn.ConcatTable {
        input
          |`-> (1): nn.Sequential {
          |      [input -> (1) -> (2) -> (3) -> (4) -> output]
          |      (1): cudnn.SpatialConvolution(32 -> 32, 3x3, 1,1, 1,1) without bias
          |      (2): nn.Sequential {
          |        [input -> (1) -> (2) -> output]
          |        (1): nn.SpatialBatchNormalization (4D) (32)
          |        (2): nn.PReLU
          |      }
          |      (3): cudnn.SpatialConvolution(32 -> 32, 3x3, 1,1, 1,1) without bias
          |      (4): nn.SpatialBatchNormalization (4D) (32)
          |    }
           `-> (2): nn.Identity
           ... -> output
      }
      (2): nn.CAddTable
    }
    (12): nn.Sequential {
      [input -> (1) -> (2) -> output]
      (1): nn.ConcatTable {
        input
          |`-> (1): nn.Sequential {
          |      [input -> (1) -> (2) -> (3) -> (4) -> output]
          |      (1): cudnn.SpatialConvolution(32 -> 32, 3x3, 1,1, 1,1) without bias
          |      (2): nn.Sequential {
          |        [input -> (1) -> (2) -> output]
          |        (1): nn.SpatialBatchNormalization (4D) (32)
          |        (2): nn.PReLU
          |      }
          |      (3): cudnn.SpatialConvolution(32 -> 32, 3x3, 1,1, 1,1) without bias
          |      (4): nn.SpatialBatchNormalization (4D) (32)
          |    }
           `-> (2): nn.Identity
           ... -> output
      }
      (2): nn.CAddTable
    }
    (13): nn.Sequential {
      [input -> (1) -> (2) -> output]
      (1): nn.ConcatTable {
        input
          |`-> (1): nn.Sequential {
          |      [input -> (1) -> (2) -> (3) -> (4) -> output]
          |      (1): cudnn.SpatialConvolution(32 -> 32, 3x3, 1,1, 1,1) without bias
          |      (2): nn.Sequential {
          |        [input -> (1) -> (2) -> output]
          |        (1): nn.SpatialBatchNormalization (4D) (32)
          |        (2): nn.PReLU
          |      }
          |      (3): cudnn.SpatialConvolution(32 -> 32, 3x3, 1,1, 1,1) without bias
          |      (4): nn.SpatialBatchNormalization (4D) (32)
          |    }
           `-> (2): nn.Identity
           ... -> output
      }
      (2): nn.CAddTable
    }
    (14): nn.Sequential {
      [input -> (1) -> (2) -> output]
      (1): nn.ConcatTable {
        input
          |`-> (1): nn.Sequential {
          |      [input -> (1) -> (2) -> (3) -> (4) -> output]
          |      (1): cudnn.SpatialConvolution(32 -> 32, 3x3, 1,1, 1,1) without bias
          |      (2): nn.Sequential {
          |        [input -> (1) -> (2) -> output]
          |        (1): nn.SpatialBatchNormalization (4D) (32)
          |        (2): nn.PReLU
          |      }
          |      (3): cudnn.SpatialConvolution(32 -> 32, 3x3, 1,1, 1,1) without bias
          |      (4): nn.SpatialBatchNormalization (4D) (32)
          |    }
           `-> (2): nn.Identity
           ... -> output
      }
      (2): nn.CAddTable
    }
    (15): nn.Sequential {
      [input -> (1) -> (2) -> output]
      (1): nn.ConcatTable {
        input
          |`-> (1): nn.Sequential {
          |      [input -> (1) -> (2) -> (3) -> (4) -> output]
          |      (1): cudnn.SpatialConvolution(32 -> 32, 3x3, 1,1, 1,1) without bias
          |      (2): nn.Sequential {
          |        [input -> (1) -> (2) -> output]
          |        (1): nn.SpatialBatchNormalization (4D) (32)
          |        (2): nn.PReLU
          |      }
          |      (3): cudnn.SpatialConvolution(32 -> 32, 3x3, 1,1, 1,1) without bias
          |      (4): nn.SpatialBatchNormalization (4D) (32)
          |    }
           `-> (2): nn.Identity
           ... -> output
      }
      (2): nn.CAddTable
    }
    (16): nn.Sequential {
      [input -> (1) -> (2) -> output]
      (1): nn.ConcatTable {
        input
          |`-> (1): nn.Sequential {
          |      [input -> (1) -> (2) -> (3) -> (4) -> output]
          |      (1): cudnn.SpatialConvolution(32 -> 32, 3x3, 1,1, 1,1) without bias
          |      (2): nn.Sequential {
          |        [input -> (1) -> (2) -> output]
          |        (1): nn.SpatialBatchNormalization (4D) (32)
          |        (2): nn.PReLU
          |      }
          |      (3): cudnn.SpatialConvolution(32 -> 32, 3x3, 1,1, 1,1) without bias
          |      (4): nn.SpatialBatchNormalization (4D) (32)
          |    }
           `-> (2): nn.Identity
           ... -> output
      }
      (2): nn.CAddTable
    }
    (17): nn.Sequential {
      [input -> (1) -> (2) -> output]
      (1): nn.ConcatTable {
        input
          |`-> (1): nn.Sequential {
          |      [input -> (1) -> (2) -> (3) -> (4) -> output]
          |      (1): cudnn.SpatialConvolution(32 -> 32, 3x3, 1,1, 1,1) without bias
          |      (2): nn.Sequential {
          |        [input -> (1) -> (2) -> output]
          |        (1): nn.SpatialBatchNormalization (4D) (32)
          |        (2): nn.PReLU
          |      }
          |      (3): cudnn.SpatialConvolution(32 -> 32, 3x3, 1,1, 1,1) without bias
          |      (4): nn.SpatialBatchNormalization (4D) (32)
          |    }
           `-> (2): nn.Identity
           ... -> output
      }
      (2): nn.CAddTable
    }
    (18): nn.Sequential {
      [input -> (1) -> (2) -> output]
      (1): nn.ConcatTable {
        input
          |`-> (1): nn.Sequential {
          |      [input -> (1) -> (2) -> (3) -> (4) -> output]
          |      (1): cudnn.SpatialConvolution(32 -> 32, 3x3, 1,1, 1,1) without bias
          |      (2): nn.Sequential {
          |        [input -> (1) -> (2) -> output]
          |        (1): nn.SpatialBatchNormalization (4D) (32)
          |        (2): nn.PReLU
          |      }
          |      (3): cudnn.SpatialConvolution(32 -> 32, 3x3, 1,1, 1,1) without bias
          |      (4): nn.SpatialBatchNormalization (4D) (32)
          |    }
           `-> (2): nn.Identity
           ... -> output
      }
      (2): nn.CAddTable
    }
  }
  (5): nn.Sequential {
    [input -> (1) -> (2) -> (3) -> (4) -> (5) -> (6) -> (7) -> (8) -> (9) -> (10) -> (11) -> (12) -> (13) -> (14) -> (15) -> (16) -> (17) -> (18) -> output]
    (1): nn.Sequential {
      [input -> (1) -> (2) -> output]
      (1): nn.ConcatTable {
        input
          |`-> (1): nn.Sequential {
          |      [input -> (1) -> (2) -> (3) -> (4) -> output]
          |      (1): cudnn.SpatialConvolution(32 -> 64, 3x3, 2,2, 1,1) without bias
          |      (2): nn.Sequential {
          |        [input -> (1) -> (2) -> output]
          |        (1): nn.SpatialBatchNormalization (4D) (64)
          |        (2): nn.PReLU
          |      }
          |      (3): cudnn.SpatialConvolution(64 -> 64, 3x3, 1,1, 1,1) without bias
          |      (4): nn.SpatialBatchNormalization (4D) (64)
          |    }
           `-> (2): nn.Sequential {
                 [input -> (1) -> (2) -> output]
                 (1): nn.SpatialAveragePooling(1x1, 2,2)
                 (2): nn.Concat {
                   input
                     |`-> (1): nn.Identity
                      `-> (2): nn.MulConstant
                      ... -> output
                 }
               }
           ... -> output
      }
      (2): nn.CAddTable
    }
    (2): nn.Sequential {
      [input -> (1) -> (2) -> output]
      (1): nn.ConcatTable {
        input
          |`-> (1): nn.Sequential {
          |      [input -> (1) -> (2) -> (3) -> (4) -> output]
          |      (1): cudnn.SpatialConvolution(64 -> 64, 3x3, 1,1, 1,1) without bias
          |      (2): nn.Sequential {
          |        [input -> (1) -> (2) -> output]
          |        (1): nn.SpatialBatchNormalization (4D) (64)
          |        (2): nn.PReLU
          |      }
          |      (3): cudnn.SpatialConvolution(64 -> 64, 3x3, 1,1, 1,1) without bias
          |      (4): nn.SpatialBatchNormalization (4D) (64)
          |    }
           `-> (2): nn.Identity
           ... -> output
      }
      (2): nn.CAddTable
    }
    (3): nn.Sequential {
      [input -> (1) -> (2) -> output]
      (1): nn.ConcatTable {
        input
          |`-> (1): nn.Sequential {
          |      [input -> (1) -> (2) -> (3) -> (4) -> output]
          |      (1): cudnn.SpatialConvolution(64 -> 64, 3x3, 1,1, 1,1) without bias
          |      (2): nn.Sequential {
          |        [input -> (1) -> (2) -> output]
          |        (1): nn.SpatialBatchNormalization (4D) (64)
          |        (2): nn.PReLU
          |      }
          |      (3): cudnn.SpatialConvolution(64 -> 64, 3x3, 1,1, 1,1) without bias
          |      (4): nn.SpatialBatchNormalization (4D) (64)
          |    }
           `-> (2): nn.Identity
           ... -> output
      }
      (2): nn.CAddTable
    }
    (4): nn.Sequential {
      [input -> (1) -> (2) -> output]
      (1): nn.ConcatTable {
        input
          |`-> (1): nn.Sequential {
          |      [input -> (1) -> (2) -> (3) -> (4) -> output]
          |      (1): cudnn.SpatialConvolution(64 -> 64, 3x3, 1,1, 1,1) without bias
          |      (2): nn.Sequential {
          |        [input -> (1) -> (2) -> output]
          |        (1): nn.SpatialBatchNormalization (4D) (64)
          |        (2): nn.PReLU
          |      }
          |      (3): cudnn.SpatialConvolution(64 -> 64, 3x3, 1,1, 1,1) without bias
          |      (4): nn.SpatialBatchNormalization (4D) (64)
          |    }
           `-> (2): nn.Identity
           ... -> output
      }
      (2): nn.CAddTable
    }
    (5): nn.Sequential {
      [input -> (1) -> (2) -> output]
      (1): nn.ConcatTable {
        input
          |`-> (1): nn.Sequential {
          |      [input -> (1) -> (2) -> (3) -> (4) -> output]
          |      (1): cudnn.SpatialConvolution(64 -> 64, 3x3, 1,1, 1,1) without bias
          |      (2): nn.Sequential {
          |        [input -> (1) -> (2) -> output]
          |        (1): nn.SpatialBatchNormalization (4D) (64)
          |        (2): nn.PReLU
          |      }
          |      (3): cudnn.SpatialConvolution(64 -> 64, 3x3, 1,1, 1,1) without bias
          |      (4): nn.SpatialBatchNormalization (4D) (64)
          |    }
           `-> (2): nn.Identity
           ... -> output
      }
      (2): nn.CAddTable
    }
    (6): nn.Sequential {
      [input -> (1) -> (2) -> output]
      (1): nn.ConcatTable {
        input
          |`-> (1): nn.Sequential {
          |      [input -> (1) -> (2) -> (3) -> (4) -> output]
          |      (1): cudnn.SpatialConvolution(64 -> 64, 3x3, 1,1, 1,1) without bias
          |      (2): nn.Sequential {
          |        [input -> (1) -> (2) -> output]
          |        (1): nn.SpatialBatchNormalization (4D) (64)
          |        (2): nn.PReLU
          |      }
          |      (3): cudnn.SpatialConvolution(64 -> 64, 3x3, 1,1, 1,1) without bias
          |      (4): nn.SpatialBatchNormalization (4D) (64)
          |    }
           `-> (2): nn.Identity
           ... -> output
      }
      (2): nn.CAddTable
    }
    (7): nn.Sequential {
      [input -> (1) -> (2) -> output]
      (1): nn.ConcatTable {
        input
          |`-> (1): nn.Sequential {
          |      [input -> (1) -> (2) -> (3) -> (4) -> output]
          |      (1): cudnn.SpatialConvolution(64 -> 64, 3x3, 1,1, 1,1) without bias
          |      (2): nn.Sequential {
          |        [input -> (1) -> (2) -> output]
          |        (1): nn.SpatialBatchNormalization (4D) (64)
          |        (2): nn.PReLU
          |      }
          |      (3): cudnn.SpatialConvolution(64 -> 64, 3x3, 1,1, 1,1) without bias
          |      (4): nn.SpatialBatchNormalization (4D) (64)
          |    }
           `-> (2): nn.Identity
           ... -> output
      }
      (2): nn.CAddTable
    }
    (8): nn.Sequential {
      [input -> (1) -> (2) -> output]
      (1): nn.ConcatTable {
        input
          |`-> (1): nn.Sequential {
          |      [input -> (1) -> (2) -> (3) -> (4) -> output]
          |      (1): cudnn.SpatialConvolution(64 -> 64, 3x3, 1,1, 1,1) without bias
          |      (2): nn.Sequential {
          |        [input -> (1) -> (2) -> output]
          |        (1): nn.SpatialBatchNormalization (4D) (64)
          |        (2): nn.PReLU
          |      }
          |      (3): cudnn.SpatialConvolution(64 -> 64, 3x3, 1,1, 1,1) without bias
          |      (4): nn.SpatialBatchNormalization (4D) (64)
          |    }
           `-> (2): nn.Identity
           ... -> output
      }
      (2): nn.CAddTable
    }
    (9): nn.Sequential {
      [input -> (1) -> (2) -> output]
      (1): nn.ConcatTable {
        input
          |`-> (1): nn.Sequential {
          |      [input -> (1) -> (2) -> (3) -> (4) -> output]
          |      (1): cudnn.SpatialConvolution(64 -> 64, 3x3, 1,1, 1,1) without bias
          |      (2): nn.Sequential {
          |        [input -> (1) -> (2) -> output]
          |        (1): nn.SpatialBatchNormalization (4D) (64)
          |        (2): nn.PReLU
          |      }
          |      (3): cudnn.SpatialConvolution(64 -> 64, 3x3, 1,1, 1,1) without bias
          |      (4): nn.SpatialBatchNormalization (4D) (64)
          |    }
           `-> (2): nn.Identity
           ... -> output
      }
      (2): nn.CAddTable
    }
    (10): nn.Sequential {
      [input -> (1) -> (2) -> output]
      (1): nn.ConcatTable {
        input
          |`-> (1): nn.Sequential {
          |      [input -> (1) -> (2) -> (3) -> (4) -> output]
          |      (1): cudnn.SpatialConvolution(64 -> 64, 3x3, 1,1, 1,1) without bias
          |      (2): nn.Sequential {
          |        [input -> (1) -> (2) -> output]
          |        (1): nn.SpatialBatchNormalization (4D) (64)
          |        (2): nn.PReLU
          |      }
          |      (3): cudnn.SpatialConvolution(64 -> 64, 3x3, 1,1, 1,1) without bias
          |      (4): nn.SpatialBatchNormalization (4D) (64)
          |    }
           `-> (2): nn.Identity
           ... -> output
      }
      (2): nn.CAddTable
    }
    (11): nn.Sequential {
      [input -> (1) -> (2) -> output]
      (1): nn.ConcatTable {
        input
          |`-> (1): nn.Sequential {
          |      [input -> (1) -> (2) -> (3) -> (4) -> output]
          |      (1): cudnn.SpatialConvolution(64 -> 64, 3x3, 1,1, 1,1) without bias
          |      (2): nn.Sequential {
          |        [input -> (1) -> (2) -> output]
          |        (1): nn.SpatialBatchNormalization (4D) (64)
          |        (2): nn.PReLU
          |      }
          |      (3): cudnn.SpatialConvolution(64 -> 64, 3x3, 1,1, 1,1) without bias
          |      (4): nn.SpatialBatchNormalization (4D) (64)
          |    }
           `-> (2): nn.Identity
           ... -> output
      }
      (2): nn.CAddTable
    }
    (12): nn.Sequential {
      [input -> (1) -> (2) -> output]
      (1): nn.ConcatTable {
        input
          |`-> (1): nn.Sequential {
          |      [input -> (1) -> (2) -> (3) -> (4) -> output]
          |      (1): cudnn.SpatialConvolution(64 -> 64, 3x3, 1,1, 1,1) without bias
          |      (2): nn.Sequential {
          |        [input -> (1) -> (2) -> output]
          |        (1): nn.SpatialBatchNormalization (4D) (64)
          |        (2): nn.PReLU
          |      }
          |      (3): cudnn.SpatialConvolution(64 -> 64, 3x3, 1,1, 1,1) without bias
          |      (4): nn.SpatialBatchNormalization (4D) (64)
          |    }
           `-> (2): nn.Identity
           ... -> output
      }
      (2): nn.CAddTable
    }
    (13): nn.Sequential {
      [input -> (1) -> (2) -> output]
      (1): nn.ConcatTable {
        input
          |`-> (1): nn.Sequential {
          |      [input -> (1) -> (2) -> (3) -> (4) -> output]
          |      (1): cudnn.SpatialConvolution(64 -> 64, 3x3, 1,1, 1,1) without bias
          |      (2): nn.Sequential {
          |        [input -> (1) -> (2) -> output]
          |        (1): nn.SpatialBatchNormalization (4D) (64)
          |        (2): nn.PReLU
          |      }
          |      (3): cudnn.SpatialConvolution(64 -> 64, 3x3, 1,1, 1,1) without bias
          |      (4): nn.SpatialBatchNormalization (4D) (64)
          |    }
           `-> (2): nn.Identity
           ... -> output
      }
      (2): nn.CAddTable
    }
    (14): nn.Sequential {
      [input -> (1) -> (2) -> output]
      (1): nn.ConcatTable {
        input
          |`-> (1): nn.Sequential {
          |      [input -> (1) -> (2) -> (3) -> (4) -> output]
          |      (1): cudnn.SpatialConvolution(64 -> 64, 3x3, 1,1, 1,1) without bias
          |      (2): nn.Sequential {
          |        [input -> (1) -> (2) -> output]
          |        (1): nn.SpatialBatchNormalization (4D) (64)
          |        (2): nn.PReLU
          |      }
          |      (3): cudnn.SpatialConvolution(64 -> 64, 3x3, 1,1, 1,1) without bias
          |      (4): nn.SpatialBatchNormalization (4D) (64)
          |    }
           `-> (2): nn.Identity
           ... -> output
      }
      (2): nn.CAddTable
    }
    (15): nn.Sequential {
      [input -> (1) -> (2) -> output]
      (1): nn.ConcatTable {
        input
          |`-> (1): nn.Sequential {
          |      [input -> (1) -> (2) -> (3) -> (4) -> output]
          |      (1): cudnn.SpatialConvolution(64 -> 64, 3x3, 1,1, 1,1) without bias
          |      (2): nn.Sequential {
          |        [input -> (1) -> (2) -> output]
          |        (1): nn.SpatialBatchNormalization (4D) (64)
          |        (2): nn.PReLU
          |      }
          |      (3): cudnn.SpatialConvolution(64 -> 64, 3x3, 1,1, 1,1) without bias
          |      (4): nn.SpatialBatchNormalization (4D) (64)
          |    }
           `-> (2): nn.Identity
           ... -> output
      }
      (2): nn.CAddTable
    }
    (16): nn.Sequential {
      [input -> (1) -> (2) -> output]
      (1): nn.ConcatTable {
        input
          |`-> (1): nn.Sequential {
          |      [input -> (1) -> (2) -> (3) -> (4) -> output]
          |      (1): cudnn.SpatialConvolution(64 -> 64, 3x3, 1,1, 1,1) without bias
          |      (2): nn.Sequential {
          |        [input -> (1) -> (2) -> output]
          |        (1): nn.SpatialBatchNormalization (4D) (64)
          |        (2): nn.PReLU
          |      }
          |      (3): cudnn.SpatialConvolution(64 -> 64, 3x3, 1,1, 1,1) without bias
          |      (4): nn.SpatialBatchNormalization (4D) (64)
          |    }
           `-> (2): nn.Identity
           ... -> output
      }
      (2): nn.CAddTable
    }
    (17): nn.Sequential {
      [input -> (1) -> (2) -> output]
      (1): nn.ConcatTable {
        input
          |`-> (1): nn.Sequential {
          |      [input -> (1) -> (2) -> (3) -> (4) -> output]
          |      (1): cudnn.SpatialConvolution(64 -> 64, 3x3, 1,1, 1,1) without bias
          |      (2): nn.Sequential {
          |        [input -> (1) -> (2) -> output]
          |        (1): nn.SpatialBatchNormalization (4D) (64)
          |        (2): nn.PReLU
          |      }
          |      (3): cudnn.SpatialConvolution(64 -> 64, 3x3, 1,1, 1,1) without bias
          |      (4): nn.SpatialBatchNormalization (4D) (64)
          |    }
           `-> (2): nn.Identity
           ... -> output
      }
      (2): nn.CAddTable
    }
    (18): nn.Sequential {
      [input -> (1) -> (2) -> output]
      (1): nn.ConcatTable {
        input
          |`-> (1): nn.Sequential {
          |      [input -> (1) -> (2) -> (3) -> (4) -> output]
          |      (1): cudnn.SpatialConvolution(64 -> 64, 3x3, 1,1, 1,1) without bias
          |      (2): nn.Sequential {
          |        [input -> (1) -> (2) -> output]
          |        (1): nn.SpatialBatchNormalization (4D) (64)
          |        (2): nn.PReLU
          |      }
          |      (3): cudnn.SpatialConvolution(64 -> 64, 3x3, 1,1, 1,1) without bias
          |      (4): nn.SpatialBatchNormalization (4D) (64)
          |    }
           `-> (2): nn.Identity
           ... -> output
      }
      (2): nn.CAddTable
    }
  }
  (6): nn.Sequential {
    [input -> (1) -> (2) -> output]
    (1): nn.SpatialBatchNormalization (4D) (64)
    (2): nn.PReLU
  }
  (7): cudnn.SpatialAveragePooling(8x8, 1,1)
  (8): nn.View(64)
  (9): nn.Linear(64 -> 100)
}
=> Training epoch # 1	
 * Finished epoch # 1     top1:  88.066  top5:  62.451
	
 * Best model 	88.06640625	62.451171875	
=> Training epoch # 2	
 * Finished epoch # 2     top1:  80.322  top5:  50.605
	
 * Best model 	80.322265625	50.60546875	
=> Training epoch # 3	
 * Finished epoch # 3     top1:  65.342  top5:  31.484
	
 * Best model 	65.341796875	31.484375	
=> Training epoch # 4	
 * Finished epoch # 4     top1:  67.822  top5:  34.746
	
=> Training epoch # 5	
 * Finished epoch # 5     top1:  70.732  top5:  38.271
	
=> Training epoch # 6	
 * Finished epoch # 6     top1:  65.352  top5:  34.648
	
=> Training epoch # 7	
 * Finished epoch # 7     top1:  63.311  top5:  31.113
	
 * Best model 	63.310546875	31.11328125	
=> Training epoch # 8	
 * Finished epoch # 8     top1:  62.402  top5:  29.102
	
 * Best model 	62.40234375	29.1015625	
=> Training epoch # 9	
 * Finished epoch # 9     top1:  58.369  top5:  26.475
	
 * Best model 	58.369140625	26.474609375	
=> Training epoch # 10	
 * Finished epoch # 10     top1:  67.422  top5:  35.205
	
=> Training epoch # 11	
 * Finished epoch # 11     top1:  57.607  top5:  25.000
	
 * Best model 	57.607421875	25	
=> Training epoch # 12	
 * Finished epoch # 12     top1:  61.455  top5:  30.557
	
=> Training epoch # 13	
 * Finished epoch # 13     top1:  62.910  top5:  33.018
	
=> Training epoch # 14	
 * Finished epoch # 14     top1:  61.279  top5:  31.055
	
=> Training epoch # 15	
 * Finished epoch # 15     top1:  60.771  top5:  27.725
	
=> Training epoch # 16	
 * Finished epoch # 16     top1:  62.939  top5:  30.176
	
=> Training epoch # 17	
 * Finished epoch # 17     top1:  69.326  top5:  37.568
	
=> Training epoch # 18	
 * Finished epoch # 18     top1:  65.098  top5:  30.312
	
=> Training epoch # 19	
 * Finished epoch # 19     top1:  68.047  top5:  34.873
	
=> Training epoch # 20	
 * Finished epoch # 20     top1:  57.539  top5:  27.842
	
 * Best model 	57.5390625	27.841796875	
=> Training epoch # 21	
 * Finished epoch # 21     top1:  58.740  top5:  28.066
	
=> Training epoch # 22	
 * Finished epoch # 22     top1:  64.268  top5:  31.143
	
=> Training epoch # 23	
 * Finished epoch # 23     top1:  59.521  top5:  28.525
	
=> Training epoch # 24	
 * Finished epoch # 24     top1:  62.432  top5:  32.070
	
=> Training epoch # 25	
 * Finished epoch # 25     top1:  72.031  top5:  44.023
	
=> Training epoch # 26	
 * Finished epoch # 26     top1:  61.182  top5:  29.385
	
=> Training epoch # 27	
 * Finished epoch # 27     top1:  64.180  top5:  32.822
	
=> Training epoch # 28	
 * Finished epoch # 28     top1:  61.797  top5:  31.260
	
=> Training epoch # 29	
 * Finished epoch # 29     top1:  56.309  top5:  22.852
	
 * Best model 	56.30859375	22.8515625	
=> Training epoch # 30	
 * Finished epoch # 30     top1:  70.449  top5:  37.979
	
=> Training epoch # 31	
 * Finished epoch # 31     top1:  59.727  top5:  29.570
	
=> Training epoch # 32	
 * Finished epoch # 32     top1:  65.889  top5:  34.824
	
=> Training epoch # 33	
 * Finished epoch # 33     top1:  66.758  top5:  36.191
	
=> Training epoch # 34	
 * Finished epoch # 34     top1:  62.178  top5:  30.684
	
=> Training epoch # 35	
 * Finished epoch # 35     top1:  65.605  top5:  35.410
	
=> Training epoch # 36	
 * Finished epoch # 36     top1:  70.137  top5:  39.297
	
=> Training epoch # 37	
 * Finished epoch # 37     top1:  56.865  top5:  25.840
	
=> Training epoch # 38	
 * Finished epoch # 38     top1:  63.428  top5:  30.078
	
=> Training epoch # 39	
 * Finished epoch # 39     top1:  56.074  top5:  25.459
	
 * Best model 	56.07421875	25.458984375	
=> Training epoch # 40	
 * Finished epoch # 40     top1:  54.824  top5:  22.959
	
 * Best model 	54.82421875	22.958984375	
=> Training epoch # 41	
 * Finished epoch # 41     top1:  67.812  top5:  41.504
	
=> Training epoch # 42	
 * Finished epoch # 42     top1:  60.850  top5:  28.311
	
=> Training epoch # 43	
 * Finished epoch # 43     top1:  58.906  top5:  29.707
	
=> Training epoch # 44	
 * Finished epoch # 44     top1:  70.215  top5:  35.420
	
=> Training epoch # 45	
 * Finished epoch # 45     top1:  64.482  top5:  33.584
	
=> Training epoch # 46	
 * Finished epoch # 46     top1:  71.357  top5:  43.027
	
=> Training epoch # 47	
 * Finished epoch # 47     top1:  63.037  top5:  31.328
	
=> Training epoch # 48	
 * Finished epoch # 48     top1:  65.322  top5:  32.832
	
=> Training epoch # 49	
 * Finished epoch # 49     top1:  72.461  top5:  41.670
	
=> Training epoch # 50	
 * Finished epoch # 50     top1:  59.180  top5:  28.975
	
=> Training epoch # 51	
 * Finished epoch # 51     top1:  67.256  top5:  39.658
	
=> Training epoch # 52	
 * Finished epoch # 52     top1:  67.588  top5:  36.738
	
=> Training epoch # 53	
 * Finished epoch # 53     top1:  67.207  top5:  35.791
	
=> Training epoch # 54	
 * Finished epoch # 54     top1:  60.098  top5:  29.092
	
=> Training epoch # 55	
 * Finished epoch # 55     top1:  69.023  top5:  37.510
	
=> Training epoch # 56	
 * Finished epoch # 56     top1:  66.416  top5:  34.932
	
=> Training epoch # 57	
 * Finished epoch # 57     top1:  75.635  top5:  41.602
	
=> Training epoch # 58	
 * Finished epoch # 58     top1:  64.609  top5:  35.537
	
=> Training epoch # 59	
 * Finished epoch # 59     top1:  62.256  top5:  31.992
	
=> Training epoch # 60	
 * Finished epoch # 60     top1:  54.258  top5:  23.350
	
 * Best model 	54.2578125	23.349609375	
=> Training epoch # 61	
 * Finished epoch # 61     top1:  62.041  top5:  30.088
	
=> Training epoch # 62	
 * Finished epoch # 62     top1:  59.062  top5:  28.955
	
=> Training epoch # 63	
 * Finished epoch # 63     top1:  62.432  top5:  31.602
	
=> Training epoch # 64	
 * Finished epoch # 64     top1:  61.885  top5:  31.650
	
=> Training epoch # 65	
 * Finished epoch # 65     top1:  59.443  top5:  29.629
	
=> Training epoch # 66	
 * Finished epoch # 66     top1:  66.426  top5:  32.754
	
=> Training epoch # 67	
 * Finished epoch # 67     top1:  64.268  top5:  32.070
	
=> Training epoch # 68	
 * Finished epoch # 68     top1:  67.246  top5:  37.588
	
=> Training epoch # 69	
 * Finished epoch # 69     top1:  61.562  top5:  30.771
	
=> Training epoch # 70	
 * Finished epoch # 70     top1:  65.127  top5:  33.955
	
=> Training epoch # 71	
 * Finished epoch # 71     top1:  52.021  top5:  21.387
	
 * Best model 	52.021484375	21.38671875	
=> Training epoch # 72	
 * Finished epoch # 72     top1:  59.434  top5:  28.672
	
=> Training epoch # 73	
 * Finished epoch # 73     top1:  60.361  top5:  28.916
	
=> Training epoch # 74	
 * Finished epoch # 74     top1:  80.518  top5:  55.918
	
=> Training epoch # 75	
 * Finished epoch # 75     top1:  59.307  top5:  26.504
	
=> Training epoch # 76	
 * Finished epoch # 76     top1:  64.541  top5:  34.492
	
=> Training epoch # 77	
 * Finished epoch # 77     top1:  65.801  top5:  36.670
	
=> Training epoch # 78	
 * Finished epoch # 78     top1:  60.908  top5:  31.670
	
=> Training epoch # 79	
 * Finished epoch # 79     top1:  63.223  top5:  35.039
	
=> Training epoch # 80	
 * Finished epoch # 80     top1:  56.963  top5:  27.324
	
=> Training epoch # 81	
 * Finished epoch # 81     top1:  27.627  top5:   6.611
	
 * Best model 	27.626953125	6.611328125	
=> Training epoch # 82	
 * Finished epoch # 82     top1:  27.939  top5:   7.197
	
=> Training epoch # 83	
 * Finished epoch # 83     top1:  27.441  top5:   7.148
	
 * Best model 	27.44140625	7.1484375	
=> Training epoch # 84	
 * Finished epoch # 84     top1:  27.510  top5:   6.758
	
=> Training epoch # 85	
 * Finished epoch # 85     top1:  27.861  top5:   7.393
	
=> Training epoch # 86	
 * Finished epoch # 86     top1:  27.441  top5:   6.855
	
=> Training epoch # 87	
 * Finished epoch # 87     top1:  27.812  top5:   7.256
	
=> Training epoch # 88	
 * Finished epoch # 88     top1:  28.232  top5:   7.441
	
=> Training epoch # 89	
 * Finished epoch # 89     top1:  28.789  top5:   8.018
	
=> Training epoch # 90	
 * Finished epoch # 90     top1:  28.545  top5:   7.783
	
=> Training epoch # 91	
 * Finished epoch # 91     top1:  28.623  top5:   7.783
	
=> Training epoch # 92	
 * Finished epoch # 92     top1:  29.873  top5:   8.477
	
=> Training epoch # 93	
 * Finished epoch # 93     top1:  29.209  top5:   8.174
	
=> Training epoch # 94	
 * Finished epoch # 94     top1:  29.326  top5:   8.633
	
=> Training epoch # 95	
 * Finished epoch # 95     top1:  29.082  top5:   8.682
	
=> Training epoch # 96	
 * Finished epoch # 96     top1:  28.682  top5:   8.330
	
=> Training epoch # 97	
 * Finished epoch # 97     top1:  31.377  top5:  10.039
	
=> Training epoch # 98	
 * Finished epoch # 98     top1:  32.715  top5:   9.736
	
=> Training epoch # 99	
 * Finished epoch # 99     top1:  30.107  top5:   9.590
	
=> Training epoch # 100	
 * Finished epoch # 100     top1:  31.064  top5:   9.072
	
=> Training epoch # 101	
 * Finished epoch # 101     top1:  31.885  top5:   9.404
	
=> Training epoch # 102	
 * Finished epoch # 102     top1:  30.645  top5:   9.121
	
=> Training epoch # 103	
 * Finished epoch # 103     top1:  32.725  top5:   9.902
	
=> Training epoch # 104	
 * Finished epoch # 104     top1:  31.133  top5:   9.775
	
=> Training epoch # 105	
 * Finished epoch # 105     top1:  33.438  top5:  10.459
	
=> Training epoch # 106	
 * Finished epoch # 106     top1:  35.273  top5:  12.168
	
=> Training epoch # 107	
 * Finished epoch # 107     top1:  32.305  top5:  10.566
	
=> Training epoch # 108	
 * Finished epoch # 108     top1:  33.613  top5:  11.025
	
=> Training epoch # 109	
 * Finished epoch # 109     top1:  33.262  top5:  10.107
	
=> Training epoch # 110	
 * Finished epoch # 110     top1:  31.475  top5:  10.127
	
=> Training epoch # 111	
 * Finished epoch # 111     top1:  34.453  top5:  11.240
	
=> Training epoch # 112	
 * Finished epoch # 112     top1:  33.701  top5:  10.996
	
=> Training epoch # 113	
 * Finished epoch # 113     top1:  35.869  top5:  11.953
	
=> Training epoch # 114	
 * Finished epoch # 114     top1:  36.143  top5:  13.008
	
=> Training epoch # 115	
 * Finished epoch # 115     top1:  34.229  top5:  12.324
	
=> Training epoch # 116	
 * Finished epoch # 116     top1:  33.408  top5:  10.664
	
=> Training epoch # 117	
 * Finished epoch # 117     top1:  35.078  top5:  11.758
	
=> Training epoch # 118	
 * Finished epoch # 118     top1:  36.543  top5:  12.236
	
=> Training epoch # 119	
 * Finished epoch # 119     top1:  33.506  top5:  11.357
	
=> Training epoch # 120	
 * Finished epoch # 120     top1:  36.279  top5:  12.490
	
=> Training epoch # 121	
 * Finished epoch # 121     top1:  38.643  top5:  13.994
	
=> Training epoch # 122	
 * Finished epoch # 122     top1:  26.660  top5:   7.656
	
 * Best model 	26.66015625	7.65625	
=> Training epoch # 123	
 * Finished epoch # 123     top1:  26.895  top5:   7.549
	
=> Training epoch # 124	
 * Finished epoch # 124     top1:  26.436  top5:   7.236
	
 * Best model 	26.435546875	7.236328125	
=> Training epoch # 125	
 * Finished epoch # 125     top1:  26.494  top5:   7.676
	
=> Training epoch # 126	
 * Finished epoch # 126     top1:  26.133  top5:   7.285
	
 * Best model 	26.1328125	7.28515625	
=> Training epoch # 127	
 * Finished epoch # 127     top1:  26.367  top5:   7.188
	
=> Training epoch # 128	
 * Finished epoch # 128     top1:  25.713  top5:   7.480
	
 * Best model 	25.712890625	7.48046875	
=> Training epoch # 129	
 * Finished epoch # 129     top1:  25.859  top5:   7.607
	
=> Training epoch # 130	
 * Finished epoch # 130     top1:  25.908  top5:   7.461
	
=> Training epoch # 131	
 * Finished epoch # 131     top1:  26.133  top5:   7.432
	
=> Training epoch # 132	
 * Finished epoch # 132     top1:  25.918  top5:   7.266
	
=> Training epoch # 133	
 * Finished epoch # 133     top1:  26.348  top5:   7.529
	
=> Training epoch # 134	
 * Finished epoch # 134     top1:  26.748  top5:   7.441
	
=> Training epoch # 135	
 * Finished epoch # 135     top1:  25.430  top5:   7.344
	
 * Best model 	25.4296875	7.34375	
=> Training epoch # 136	
 * Finished epoch # 136     top1:  26.738  top5:   7.500
	
=> Training epoch # 137	
 * Finished epoch # 137     top1:  26.318  top5:   7.363
	
=> Training epoch # 138	
 * Finished epoch # 138     top1:  26.094  top5:   7.354
	
=> Training epoch # 139	
 * Finished epoch # 139     top1:  25.635  top5:   7.441
	
=> Training epoch # 140	
 * Finished epoch # 140     top1:  25.615  top5:   7.451
	
=> Training epoch # 141	
 * Finished epoch # 141     top1:  26.289  top5:   7.500
	
=> Training epoch # 142	
 * Finished epoch # 142     top1:  25.850  top5:   7.402
	
=> Training epoch # 143	
 * Finished epoch # 143     top1:  25.898  top5:   7.568
	
=> Training epoch # 144	
 * Finished epoch # 144     top1:  25.361  top5:   7.412
	
 * Best model 	25.361328125	7.412109375	
=> Training epoch # 145	
 * Finished epoch # 145     top1:  25.908  top5:   7.588
	
=> Training epoch # 146	
 * Finished epoch # 146     top1:  25.928  top5:   7.402
	
=> Training epoch # 147	
 * Finished epoch # 147     top1:  25.635  top5:   7.266
	
=> Training epoch # 148	
 * Finished epoch # 148     top1:  25.703  top5:   7.344
	
=> Training epoch # 149	
 * Finished epoch # 149     top1:  26.396  top5:   7.314
	
=> Training epoch # 150	
 * Finished epoch # 150     top1:  25.898  top5:   7.432
	
=> Training epoch # 151	
 * Finished epoch # 151     top1:  25.742  top5:   7.568
	
=> Training epoch # 152	
 * Finished epoch # 152     top1:  25.713  top5:   7.217
	
=> Training epoch # 153	
 * Finished epoch # 153     top1:  25.742  top5:   7.275
	
=> Training epoch # 154	
 * Finished epoch # 154     top1:  25.947  top5:   7.607
	
=> Training epoch # 155	
 * Finished epoch # 155     top1:  25.508  top5:   7.334
	
=> Training epoch # 156	
 * Finished epoch # 156     top1:  25.742  top5:   7.422
	
=> Training epoch # 157	
 * Finished epoch # 157     top1:  25.771  top5:   7.578
	
=> Training epoch # 158	
 * Finished epoch # 158     top1:  25.928  top5:   7.354
	
=> Training epoch # 159	
 * Finished epoch # 159     top1:  26.064  top5:   7.363
	
=> Training epoch # 160	
 * Finished epoch # 160     top1:  25.977  top5:   7.549
	
=> Training epoch # 161	
 * Finished epoch # 161     top1:  25.850  top5:   7.783
	
=> Training epoch # 162	
 * Finished epoch # 162     top1:  26.055  top5:   7.744
	
=> Training epoch # 163	
 * Finished epoch # 163     top1:  26.094  top5:   7.441
	
=> Training epoch # 164	
 * Finished epoch # 164     top1:  25.615  top5:   7.441
	
=> Training epoch # 165	
 * Finished epoch # 165     top1:  25.820  top5:   7.627
	
=> Training epoch # 166	
 * Finished epoch # 166     top1:  26.182  top5:   7.568
	
=> Training epoch # 167	
 * Finished epoch # 167     top1:  25.576  top5:   7.617
	
=> Training epoch # 168	
 * Finished epoch # 168     top1:  25.762  top5:   7.705
	
=> Training epoch # 169	
 * Finished epoch # 169     top1:  26.621  top5:   7.852
	
=> Training epoch # 170	
 * Finished epoch # 170     top1:  25.684  top5:   7.646
	
=> Training epoch # 171	
 * Finished epoch # 171     top1:  26.064  top5:   7.598
	
=> Training epoch # 172	
 * Finished epoch # 172     top1:  26.309  top5:   7.783
	
=> Training epoch # 173	
 * Finished epoch # 173     top1:  25.635  top5:   7.754
	
=> Training epoch # 174	
 * Finished epoch # 174     top1:  25.557  top5:   7.412
	
=> Training epoch # 175	
 * Finished epoch # 175     top1:  26.123  top5:   7.686
	
=> Training epoch # 176	
 * Finished epoch # 176     top1:  25.469  top5:   7.490
	
=> Training epoch # 177	
 * Finished epoch # 177     top1:  25.518  top5:   7.549
	
=> Training epoch # 178	
 * Finished epoch # 178     top1:  25.479  top5:   7.324
	
=> Training epoch # 179	
 * Finished epoch # 179     top1:  26.191  top5:   7.666
	
=> Training epoch # 180	
 * Finished epoch # 180     top1:  25.400  top5:   7.402
	
=> Training epoch # 181	
 * Finished epoch # 181     top1:  25.889  top5:   7.568
	
=> Training epoch # 182	
 * Finished epoch # 182     top1:  26.191  top5:   7.412
	
=> Training epoch # 183	
 * Finished epoch # 183     top1:  25.352  top5:   7.539
	
 * Best model 	25.3515625	7.5390625	
=> Training epoch # 184	
 * Finished epoch # 184     top1:  26.162  top5:   7.549
	
=> Training epoch # 185	
 * Finished epoch # 185     top1:  25.752  top5:   7.559
	
=> Training epoch # 186	
 * Finished epoch # 186     top1:  26.074  top5:   8.115
	
=> Training epoch # 187	
 * Finished epoch # 187     top1:  25.918  top5:   7.822
	
=> Training epoch # 188	
 * Finished epoch # 188     top1:  26.289  top5:   7.686
	
=> Training epoch # 189	
 * Finished epoch # 189     top1:  25.879  top5:   7.832
	
=> Training epoch # 190	
 * Finished epoch # 190     top1:  25.781  top5:   7.812
	
=> Training epoch # 191	
 * Finished epoch # 191     top1:  25.830  top5:   8.008
	
=> Training epoch # 192	
 * Finished epoch # 192     top1:  25.889  top5:   7.666
	
=> Training epoch # 193	
 * Finished epoch # 193     top1:  26.055  top5:   7.891
	
=> Training epoch # 194	
 * Finished epoch # 194     top1:  25.713  top5:   7.490
	
=> Training epoch # 195	
 * Finished epoch # 195     top1:  25.557  top5:   7.559
	
=> Training epoch # 196	
 * Finished epoch # 196     top1:  26.055  top5:   7.412
	
=> Training epoch # 197	
 * Finished epoch # 197     top1:  25.391  top5:   7.490
	
=> Training epoch # 198	
 * Finished epoch # 198     top1:  25.605  top5:   7.520
	
=> Training epoch # 199	
 * Finished epoch # 199     top1:  26.074  top5:   8.008
	
=> Training epoch # 200	
 * Finished epoch # 200     top1:  25.527  top5:   7.646
	
 * Finished top1: 25.352  top5:  7.539	
