{
  cudnn : "fastest"
  LR : 0.1
  nThreads : 2
  nClasses : 0
  batchSize : 256
  testOnly : false
  netType : "resnet"
  resetClassifier : false
  shortcutType : "A"
  gen : "gen"
  nGPU : 1
  depth : 44
  weightDecay : 0.001
  data : ""
  dataset : "cifar100"
  epochNumber : 1
  manualSeed : 2
  resume : "results/try2/cifar100/44"
  optimState : "none"
  nEpochs : 200
  tenCrop : false
  shareGradInput : false
  backend : "cudnn"
  momentum : 0.9
  retrain : "none"
}
=> Creating model from file: models/resnet.lua	
 | ResNet-44 CIFAR-100	
nn.Sequential {
  [input -> (1) -> (2) -> (3) -> (4) -> (5) -> (6) -> (7) -> (8) -> (9) -> output]
  (1): cudnn.SpatialConvolution(3 -> 16, 3x3, 1,1, 1,1) without bias
  (2): nn.Sequential {
    [input -> (1) -> (2) -> (3) -> output]
    (1): nn.ConstrainedDiv
    (2): nn.ELU (alpha:1.000000)
    (3): nn.ConstrainedMul
  }
  (3): nn.Sequential {
    [input -> (1) -> (2) -> (3) -> (4) -> (5) -> (6) -> (7) -> output]
    (1): nn.Sequential {
      [input -> (1) -> (2) -> output]
      (1): nn.ConcatTable {
        input
          |`-> (1): nn.Sequential {
          |      [input -> (1) -> (2) -> (3) -> (4) -> output]
          |      (1): cudnn.SpatialConvolution(16 -> 16, 3x3, 1,1, 1,1) without bias
          |      (2): nn.Sequential {
          |        [input -> (1) -> (2) -> (3) -> output]
          |        (1): nn.ConstrainedDiv
          |        (2): nn.ELU (alpha:1.000000)
          |        (3): nn.ConstrainedMul
          |      }
          |      (3): cudnn.SpatialConvolution(16 -> 16, 3x3, 1,1, 1,1) without bias
          |      (4): nn.SpatialBatchNormalization (4D) (16)
          |    }
           `-> (2): nn.Identity
           ... -> output
      }
      (2): nn.CAddTable
    }
    (2): nn.Sequential {
      [input -> (1) -> (2) -> output]
      (1): nn.ConcatTable {
        input
          |`-> (1): nn.Sequential {
          |      [input -> (1) -> (2) -> (3) -> (4) -> output]
          |      (1): cudnn.SpatialConvolution(16 -> 16, 3x3, 1,1, 1,1) without bias
          |      (2): nn.Sequential {
          |        [input -> (1) -> (2) -> (3) -> output]
          |        (1): nn.ConstrainedDiv
          |        (2): nn.ELU (alpha:1.000000)
          |        (3): nn.ConstrainedMul
          |      }
          |      (3): cudnn.SpatialConvolution(16 -> 16, 3x3, 1,1, 1,1) without bias
          |      (4): nn.SpatialBatchNormalization (4D) (16)
          |    }
           `-> (2): nn.Identity
           ... -> output
      }
      (2): nn.CAddTable
    }
    (3): nn.Sequential {
      [input -> (1) -> (2) -> output]
      (1): nn.ConcatTable {
        input
          |`-> (1): nn.Sequential {
          |      [input -> (1) -> (2) -> (3) -> (4) -> output]
          |      (1): cudnn.SpatialConvolution(16 -> 16, 3x3, 1,1, 1,1) without bias
          |      (2): nn.Sequential {
          |        [input -> (1) -> (2) -> (3) -> output]
          |        (1): nn.ConstrainedDiv
          |        (2): nn.ELU (alpha:1.000000)
          |        (3): nn.ConstrainedMul
          |      }
          |      (3): cudnn.SpatialConvolution(16 -> 16, 3x3, 1,1, 1,1) without bias
          |      (4): nn.SpatialBatchNormalization (4D) (16)
          |    }
           `-> (2): nn.Identity
           ... -> output
      }
      (2): nn.CAddTable
    }
    (4): nn.Sequential {
      [input -> (1) -> (2) -> output]
      (1): nn.ConcatTable {
        input
          |`-> (1): nn.Sequential {
          |      [input -> (1) -> (2) -> (3) -> (4) -> output]
          |      (1): cudnn.SpatialConvolution(16 -> 16, 3x3, 1,1, 1,1) without bias
          |      (2): nn.Sequential {
          |        [input -> (1) -> (2) -> (3) -> output]
          |        (1): nn.ConstrainedDiv
          |        (2): nn.ELU (alpha:1.000000)
          |        (3): nn.ConstrainedMul
          |      }
          |      (3): cudnn.SpatialConvolution(16 -> 16, 3x3, 1,1, 1,1) without bias
          |      (4): nn.SpatialBatchNormalization (4D) (16)
          |    }
           `-> (2): nn.Identity
           ... -> output
      }
      (2): nn.CAddTable
    }
    (5): nn.Sequential {
      [input -> (1) -> (2) -> output]
      (1): nn.ConcatTable {
        input
          |`-> (1): nn.Sequential {
          |      [input -> (1) -> (2) -> (3) -> (4) -> output]
          |      (1): cudnn.SpatialConvolution(16 -> 16, 3x3, 1,1, 1,1) without bias
          |      (2): nn.Sequential {
          |        [input -> (1) -> (2) -> (3) -> output]
          |        (1): nn.ConstrainedDiv
          |        (2): nn.ELU (alpha:1.000000)
          |        (3): nn.ConstrainedMul
          |      }
          |      (3): cudnn.SpatialConvolution(16 -> 16, 3x3, 1,1, 1,1) without bias
          |      (4): nn.SpatialBatchNormalization (4D) (16)
          |    }
           `-> (2): nn.Identity
           ... -> output
      }
      (2): nn.CAddTable
    }
    (6): nn.Sequential {
      [input -> (1) -> (2) -> output]
      (1): nn.ConcatTable {
        input
          |`-> (1): nn.Sequential {
          |      [input -> (1) -> (2) -> (3) -> (4) -> output]
          |      (1): cudnn.SpatialConvolution(16 -> 16, 3x3, 1,1, 1,1) without bias
          |      (2): nn.Sequential {
          |        [input -> (1) -> (2) -> (3) -> output]
          |        (1): nn.ConstrainedDiv
          |        (2): nn.ELU (alpha:1.000000)
          |        (3): nn.ConstrainedMul
          |      }
          |      (3): cudnn.SpatialConvolution(16 -> 16, 3x3, 1,1, 1,1) without bias
          |      (4): nn.SpatialBatchNormalization (4D) (16)
          |    }
           `-> (2): nn.Identity
           ... -> output
      }
      (2): nn.CAddTable
    }
    (7): nn.Sequential {
      [input -> (1) -> (2) -> output]
      (1): nn.ConcatTable {
        input
          |`-> (1): nn.Sequential {
          |      [input -> (1) -> (2) -> (3) -> (4) -> output]
          |      (1): cudnn.SpatialConvolution(16 -> 16, 3x3, 1,1, 1,1) without bias
          |      (2): nn.Sequential {
          |        [input -> (1) -> (2) -> (3) -> output]
          |        (1): nn.ConstrainedDiv
          |        (2): nn.ELU (alpha:1.000000)
          |        (3): nn.ConstrainedMul
          |      }
          |      (3): cudnn.SpatialConvolution(16 -> 16, 3x3, 1,1, 1,1) without bias
          |      (4): nn.SpatialBatchNormalization (4D) (16)
          |    }
           `-> (2): nn.Identity
           ... -> output
      }
      (2): nn.CAddTable
    }
  }
  (4): nn.Sequential {
    [input -> (1) -> (2) -> (3) -> (4) -> (5) -> (6) -> (7) -> output]
    (1): nn.Sequential {
      [input -> (1) -> (2) -> output]
      (1): nn.ConcatTable {
        input
          |`-> (1): nn.Sequential {
          |      [input -> (1) -> (2) -> (3) -> (4) -> output]
          |      (1): cudnn.SpatialConvolution(16 -> 32, 3x3, 2,2, 1,1) without bias
          |      (2): nn.Sequential {
          |        [input -> (1) -> (2) -> (3) -> output]
          |        (1): nn.ConstrainedDiv
          |        (2): nn.ELU (alpha:1.000000)
          |        (3): nn.ConstrainedMul
          |      }
          |      (3): cudnn.SpatialConvolution(32 -> 32, 3x3, 1,1, 1,1) without bias
          |      (4): nn.SpatialBatchNormalization (4D) (32)
          |    }
           `-> (2): nn.Sequential {
                 [input -> (1) -> (2) -> output]
                 (1): nn.SpatialAveragePooling(1x1, 2,2)
                 (2): nn.Concat {
                   input
                     |`-> (1): nn.Identity
                      `-> (2): nn.MulConstant
                      ... -> output
                 }
               }
           ... -> output
      }
      (2): nn.CAddTable
    }
    (2): nn.Sequential {
      [input -> (1) -> (2) -> output]
      (1): nn.ConcatTable {
        input
          |`-> (1): nn.Sequential {
          |      [input -> (1) -> (2) -> (3) -> (4) -> output]
          |      (1): cudnn.SpatialConvolution(32 -> 32, 3x3, 1,1, 1,1) without bias
          |      (2): nn.Sequential {
          |        [input -> (1) -> (2) -> (3) -> output]
          |        (1): nn.ConstrainedDiv
          |        (2): nn.ELU (alpha:1.000000)
          |        (3): nn.ConstrainedMul
          |      }
          |      (3): cudnn.SpatialConvolution(32 -> 32, 3x3, 1,1, 1,1) without bias
          |      (4): nn.SpatialBatchNormalization (4D) (32)
          |    }
           `-> (2): nn.Identity
           ... -> output
      }
      (2): nn.CAddTable
    }
    (3): nn.Sequential {
      [input -> (1) -> (2) -> output]
      (1): nn.ConcatTable {
        input
          |`-> (1): nn.Sequential {
          |      [input -> (1) -> (2) -> (3) -> (4) -> output]
          |      (1): cudnn.SpatialConvolution(32 -> 32, 3x3, 1,1, 1,1) without bias
          |      (2): nn.Sequential {
          |        [input -> (1) -> (2) -> (3) -> output]
          |        (1): nn.ConstrainedDiv
          |        (2): nn.ELU (alpha:1.000000)
          |        (3): nn.ConstrainedMul
          |      }
          |      (3): cudnn.SpatialConvolution(32 -> 32, 3x3, 1,1, 1,1) without bias
          |      (4): nn.SpatialBatchNormalization (4D) (32)
          |    }
           `-> (2): nn.Identity
           ... -> output
      }
      (2): nn.CAddTable
    }
    (4): nn.Sequential {
      [input -> (1) -> (2) -> output]
      (1): nn.ConcatTable {
        input
          |`-> (1): nn.Sequential {
          |      [input -> (1) -> (2) -> (3) -> (4) -> output]
          |      (1): cudnn.SpatialConvolution(32 -> 32, 3x3, 1,1, 1,1) without bias
          |      (2): nn.Sequential {
          |        [input -> (1) -> (2) -> (3) -> output]
          |        (1): nn.ConstrainedDiv
          |        (2): nn.ELU (alpha:1.000000)
          |        (3): nn.ConstrainedMul
          |      }
          |      (3): cudnn.SpatialConvolution(32 -> 32, 3x3, 1,1, 1,1) without bias
          |      (4): nn.SpatialBatchNormalization (4D) (32)
          |    }
           `-> (2): nn.Identity
           ... -> output
      }
      (2): nn.CAddTable
    }
    (5): nn.Sequential {
      [input -> (1) -> (2) -> output]
      (1): nn.ConcatTable {
        input
          |`-> (1): nn.Sequential {
          |      [input -> (1) -> (2) -> (3) -> (4) -> output]
          |      (1): cudnn.SpatialConvolution(32 -> 32, 3x3, 1,1, 1,1) without bias
          |      (2): nn.Sequential {
          |        [input -> (1) -> (2) -> (3) -> output]
          |        (1): nn.ConstrainedDiv
          |        (2): nn.ELU (alpha:1.000000)
          |        (3): nn.ConstrainedMul
          |      }
          |      (3): cudnn.SpatialConvolution(32 -> 32, 3x3, 1,1, 1,1) without bias
          |      (4): nn.SpatialBatchNormalization (4D) (32)
          |    }
           `-> (2): nn.Identity
           ... -> output
      }
      (2): nn.CAddTable
    }
    (6): nn.Sequential {
      [input -> (1) -> (2) -> output]
      (1): nn.ConcatTable {
        input
          |`-> (1): nn.Sequential {
          |      [input -> (1) -> (2) -> (3) -> (4) -> output]
          |      (1): cudnn.SpatialConvolution(32 -> 32, 3x3, 1,1, 1,1) without bias
          |      (2): nn.Sequential {
          |        [input -> (1) -> (2) -> (3) -> output]
          |        (1): nn.ConstrainedDiv
          |        (2): nn.ELU (alpha:1.000000)
          |        (3): nn.ConstrainedMul
          |      }
          |      (3): cudnn.SpatialConvolution(32 -> 32, 3x3, 1,1, 1,1) without bias
          |      (4): nn.SpatialBatchNormalization (4D) (32)
          |    }
           `-> (2): nn.Identity
           ... -> output
      }
      (2): nn.CAddTable
    }
    (7): nn.Sequential {
      [input -> (1) -> (2) -> output]
      (1): nn.ConcatTable {
        input
          |`-> (1): nn.Sequential {
          |      [input -> (1) -> (2) -> (3) -> (4) -> output]
          |      (1): cudnn.SpatialConvolution(32 -> 32, 3x3, 1,1, 1,1) without bias
          |      (2): nn.Sequential {
          |        [input -> (1) -> (2) -> (3) -> output]
          |        (1): nn.ConstrainedDiv
          |        (2): nn.ELU (alpha:1.000000)
          |        (3): nn.ConstrainedMul
          |      }
          |      (3): cudnn.SpatialConvolution(32 -> 32, 3x3, 1,1, 1,1) without bias
          |      (4): nn.SpatialBatchNormalization (4D) (32)
          |    }
           `-> (2): nn.Identity
           ... -> output
      }
      (2): nn.CAddTable
    }
  }
  (5): nn.Sequential {
    [input -> (1) -> (2) -> (3) -> (4) -> (5) -> (6) -> (7) -> output]
    (1): nn.Sequential {
      [input -> (1) -> (2) -> output]
      (1): nn.ConcatTable {
        input
          |`-> (1): nn.Sequential {
          |      [input -> (1) -> (2) -> (3) -> (4) -> output]
          |      (1): cudnn.SpatialConvolution(32 -> 64, 3x3, 2,2, 1,1) without bias
          |      (2): nn.Sequential {
          |        [input -> (1) -> (2) -> (3) -> output]
          |        (1): nn.ConstrainedDiv
          |        (2): nn.ELU (alpha:1.000000)
          |        (3): nn.ConstrainedMul
          |      }
          |      (3): cudnn.SpatialConvolution(64 -> 64, 3x3, 1,1, 1,1) without bias
          |      (4): nn.SpatialBatchNormalization (4D) (64)
          |    }
           `-> (2): nn.Sequential {
                 [input -> (1) -> (2) -> output]
                 (1): nn.SpatialAveragePooling(1x1, 2,2)
                 (2): nn.Concat {
                   input
                     |`-> (1): nn.Identity
                      `-> (2): nn.MulConstant
                      ... -> output
                 }
               }
           ... -> output
      }
      (2): nn.CAddTable
    }
    (2): nn.Sequential {
      [input -> (1) -> (2) -> output]
      (1): nn.ConcatTable {
        input
          |`-> (1): nn.Sequential {
          |      [input -> (1) -> (2) -> (3) -> (4) -> output]
          |      (1): cudnn.SpatialConvolution(64 -> 64, 3x3, 1,1, 1,1) without bias
          |      (2): nn.Sequential {
          |        [input -> (1) -> (2) -> (3) -> output]
          |        (1): nn.ConstrainedDiv
          |        (2): nn.ELU (alpha:1.000000)
          |        (3): nn.ConstrainedMul
          |      }
          |      (3): cudnn.SpatialConvolution(64 -> 64, 3x3, 1,1, 1,1) without bias
          |      (4): nn.SpatialBatchNormalization (4D) (64)
          |    }
           `-> (2): nn.Identity
           ... -> output
      }
      (2): nn.CAddTable
    }
    (3): nn.Sequential {
      [input -> (1) -> (2) -> output]
      (1): nn.ConcatTable {
        input
          |`-> (1): nn.Sequential {
          |      [input -> (1) -> (2) -> (3) -> (4) -> output]
          |      (1): cudnn.SpatialConvolution(64 -> 64, 3x3, 1,1, 1,1) without bias
          |      (2): nn.Sequential {
          |        [input -> (1) -> (2) -> (3) -> output]
          |        (1): nn.ConstrainedDiv
          |        (2): nn.ELU (alpha:1.000000)
          |        (3): nn.ConstrainedMul
          |      }
          |      (3): cudnn.SpatialConvolution(64 -> 64, 3x3, 1,1, 1,1) without bias
          |      (4): nn.SpatialBatchNormalization (4D) (64)
          |    }
           `-> (2): nn.Identity
           ... -> output
      }
      (2): nn.CAddTable
    }
    (4): nn.Sequential {
      [input -> (1) -> (2) -> output]
      (1): nn.ConcatTable {
        input
          |`-> (1): nn.Sequential {
          |      [input -> (1) -> (2) -> (3) -> (4) -> output]
          |      (1): cudnn.SpatialConvolution(64 -> 64, 3x3, 1,1, 1,1) without bias
          |      (2): nn.Sequential {
          |        [input -> (1) -> (2) -> (3) -> output]
          |        (1): nn.ConstrainedDiv
          |        (2): nn.ELU (alpha:1.000000)
          |        (3): nn.ConstrainedMul
          |      }
          |      (3): cudnn.SpatialConvolution(64 -> 64, 3x3, 1,1, 1,1) without bias
          |      (4): nn.SpatialBatchNormalization (4D) (64)
          |    }
           `-> (2): nn.Identity
           ... -> output
      }
      (2): nn.CAddTable
    }
    (5): nn.Sequential {
      [input -> (1) -> (2) -> output]
      (1): nn.ConcatTable {
        input
          |`-> (1): nn.Sequential {
          |      [input -> (1) -> (2) -> (3) -> (4) -> output]
          |      (1): cudnn.SpatialConvolution(64 -> 64, 3x3, 1,1, 1,1) without bias
          |      (2): nn.Sequential {
          |        [input -> (1) -> (2) -> (3) -> output]
          |        (1): nn.ConstrainedDiv
          |        (2): nn.ELU (alpha:1.000000)
          |        (3): nn.ConstrainedMul
          |      }
          |      (3): cudnn.SpatialConvolution(64 -> 64, 3x3, 1,1, 1,1) without bias
          |      (4): nn.SpatialBatchNormalization (4D) (64)
          |    }
           `-> (2): nn.Identity
           ... -> output
      }
      (2): nn.CAddTable
    }
    (6): nn.Sequential {
      [input -> (1) -> (2) -> output]
      (1): nn.ConcatTable {
        input
          |`-> (1): nn.Sequential {
          |      [input -> (1) -> (2) -> (3) -> (4) -> output]
          |      (1): cudnn.SpatialConvolution(64 -> 64, 3x3, 1,1, 1,1) without bias
          |      (2): nn.Sequential {
          |        [input -> (1) -> (2) -> (3) -> output]
          |        (1): nn.ConstrainedDiv
          |        (2): nn.ELU (alpha:1.000000)
          |        (3): nn.ConstrainedMul
          |      }
          |      (3): cudnn.SpatialConvolution(64 -> 64, 3x3, 1,1, 1,1) without bias
          |      (4): nn.SpatialBatchNormalization (4D) (64)
          |    }
           `-> (2): nn.Identity
           ... -> output
      }
      (2): nn.CAddTable
    }
    (7): nn.Sequential {
      [input -> (1) -> (2) -> output]
      (1): nn.ConcatTable {
        input
          |`-> (1): nn.Sequential {
          |      [input -> (1) -> (2) -> (3) -> (4) -> output]
          |      (1): cudnn.SpatialConvolution(64 -> 64, 3x3, 1,1, 1,1) without bias
          |      (2): nn.Sequential {
          |        [input -> (1) -> (2) -> (3) -> output]
          |        (1): nn.ConstrainedDiv
          |        (2): nn.ELU (alpha:1.000000)
          |        (3): nn.ConstrainedMul
          |      }
          |      (3): cudnn.SpatialConvolution(64 -> 64, 3x3, 1,1, 1,1) without bias
          |      (4): nn.SpatialBatchNormalization (4D) (64)
          |    }
           `-> (2): nn.Identity
           ... -> output
      }
      (2): nn.CAddTable
    }
  }
  (6): nn.Sequential {
    [input -> (1) -> (2) -> (3) -> output]
    (1): nn.ConstrainedDiv
    (2): nn.ELU (alpha:1.000000)
    (3): nn.ConstrainedMul
  }
  (7): cudnn.SpatialAveragePooling(8x8, 1,1)
  (8): nn.View(64)
  (9): nn.Linear(64 -> 100)
}
=> Training epoch # 1	
 * Finished epoch # 1     top1:  85.020  top5:  59.473
	
 * Best model 	85.01953125	59.47265625	
=> Training epoch # 2	
 * Finished epoch # 2     top1:  76.348  top5:  45.166
	
 * Best model 	76.34765625	45.166015625	
=> Training epoch # 3	
 * Finished epoch # 3     top1:  67.354  top5:  35.127
	
 * Best model 	67.353515625	35.126953125	
=> Training epoch # 4	
 * Finished epoch # 4     top1:  64.551  top5:  34.072
	
 * Best model 	64.55078125	34.072265625	
=> Training epoch # 5	
 * Finished epoch # 5     top1:  61.240  top5:  29.023
	
 * Best model 	61.240234375	29.0234375	
=> Training epoch # 6	
 * Finished epoch # 6     top1:  57.383  top5:  25.703
	
 * Best model 	57.3828125	25.703125	
=> Training epoch # 7	
 * Finished epoch # 7     top1:  53.906  top5:  21.523
	
 * Best model 	53.90625	21.5234375	
=> Training epoch # 8	
 * Finished epoch # 8     top1:  52.549  top5:  20.928
	
 * Best model 	52.548828125	20.927734375	
=> Training epoch # 9	
 * Finished epoch # 9     top1:  52.900  top5:  22.158
	
=> Training epoch # 10	
 * Finished epoch # 10     top1:  49.473  top5:  19.512
	
 * Best model 	49.47265625	19.51171875	
=> Training epoch # 11	
 * Finished epoch # 11     top1:  51.025  top5:  19.385
	
=> Training epoch # 12	
 * Finished epoch # 12     top1:  51.426  top5:  19.814
	
=> Training epoch # 13	
 * Finished epoch # 13     top1:  51.611  top5:  21.152
	
=> Training epoch # 14	
 * Finished epoch # 14     top1:  45.967  top5:  16.924
	
 * Best model 	45.966796875	16.923828125	
=> Training epoch # 15	
 * Finished epoch # 15     top1:  46.992  top5:  16.855
	
=> Training epoch # 16	
 * Finished epoch # 16     top1:  44.570  top5:  16.406
	
 * Best model 	44.5703125	16.40625	
=> Training epoch # 17	
 * Finished epoch # 17     top1:  49.619  top5:  20.225
	
=> Training epoch # 18	
 * Finished epoch # 18     top1:  49.033  top5:  18.438
	
=> Training epoch # 19	
 * Finished epoch # 19     top1:  49.053  top5:  18.809
	
=> Training epoch # 20	
 * Finished epoch # 20     top1:  45.908  top5:  17.002
	
=> Training epoch # 21	
 * Finished epoch # 21     top1:  47.695  top5:  18.535
	
=> Training epoch # 22	
 * Finished epoch # 22     top1:  43.936  top5:  14.893
	
 * Best model 	43.935546875	14.892578125	
=> Training epoch # 23	
 * Finished epoch # 23     top1:  48.145  top5:  16.758
	
=> Training epoch # 24	
 * Finished epoch # 24     top1:  48.740  top5:  19.814
	
=> Training epoch # 25	
 * Finished epoch # 25     top1:  45.918  top5:  16.162
	
=> Training epoch # 26	
 * Finished epoch # 26     top1:  45.371  top5:  15.518
	
=> Training epoch # 27	
 * Finished epoch # 27     top1:  48.770  top5:  17.734
	
=> Training epoch # 28	
 * Finished epoch # 28     top1:  44.160  top5:  16.211
	
=> Training epoch # 29	
 * Finished epoch # 29     top1:  44.531  top5:  15.850
	
=> Training epoch # 30	
 * Finished epoch # 30     top1:  42.979  top5:  14.971
	
 * Best model 	42.978515625	14.970703125	
=> Training epoch # 31	
 * Finished epoch # 31     top1:  44.131  top5:  16.270
	
=> Training epoch # 32	
 * Finished epoch # 32     top1:  48.945  top5:  19.111
	
=> Training epoch # 33	
 * Finished epoch # 33     top1:  44.990  top5:  17.344
	
=> Training epoch # 34	
 * Finished epoch # 34     top1:  45.283  top5:  16.133
	
=> Training epoch # 35	
 * Finished epoch # 35     top1:  45.752  top5:  16.064
	
=> Training epoch # 36	
 * Finished epoch # 36     top1:  45.410  top5:  15.439
	
=> Training epoch # 37	
 * Finished epoch # 37     top1:  42.803  top5:  14.824
	
 * Best model 	42.802734375	14.82421875	
=> Training epoch # 38	
 * Finished epoch # 38     top1:  49.365  top5:  19.658
	
=> Training epoch # 39	
 * Finished epoch # 39     top1:  44.199  top5:  16.133
	
=> Training epoch # 40	
 * Finished epoch # 40     top1:  42.842  top5:  14.785
	
=> Training epoch # 41	
 * Finished epoch # 41     top1:  46.016  top5:  16.377
	
=> Training epoch # 42	
 * Finished epoch # 42     top1:  45.205  top5:  15.430
	
=> Training epoch # 43	
 * Finished epoch # 43     top1:  45.918  top5:  15.342
	
=> Training epoch # 44	
 * Finished epoch # 44     top1:  45.498  top5:  17.441
	
=> Training epoch # 45	
 * Finished epoch # 45     top1:  43.730  top5:  15.742
	
=> Training epoch # 46	
 * Finished epoch # 46     top1:  44.297  top5:  15.576
	
=> Training epoch # 47	
 * Finished epoch # 47     top1:  46.826  top5:  17.432
	
=> Training epoch # 48	
 * Finished epoch # 48     top1:  41.299  top5:  13.574
	
 * Best model 	41.298828125	13.57421875	
=> Training epoch # 49	
 * Finished epoch # 49     top1:  43.623  top5:  14.150
	
=> Training epoch # 50	
 * Finished epoch # 50     top1:  43.994  top5:  15.713
	
=> Training epoch # 51	
 * Finished epoch # 51     top1:  44.004  top5:  15.889
	
=> Training epoch # 52	
 * Finished epoch # 52     top1:  43.867  top5:  14.746
	
=> Training epoch # 53	
 * Finished epoch # 53     top1:  42.998  top5:  14.980
	
=> Training epoch # 54	
 * Finished epoch # 54     top1:  44.414  top5:  15.566
	
=> Training epoch # 55	
 * Finished epoch # 55     top1:  39.785  top5:  12.529
	
 * Best model 	39.78515625	12.529296875	
=> Training epoch # 56	
 * Finished epoch # 56     top1:  42.051  top5:  13.984
	
=> Training epoch # 57	
 * Finished epoch # 57     top1:  42.119  top5:  14.297
	
=> Training epoch # 58	
 * Finished epoch # 58     top1:  41.924  top5:  13.564
	
=> Training epoch # 59	
 * Finished epoch # 59     top1:  42.783  top5:  14.512
	
=> Training epoch # 60	
 * Finished epoch # 60     top1:  42.227  top5:  13.799
	
=> Training epoch # 61	
 * Finished epoch # 61     top1:  43.027  top5:  13.975
	
=> Training epoch # 62	
 * Finished epoch # 62     top1:  45.361  top5:  16.357
	
=> Training epoch # 63	
 * Finished epoch # 63     top1:  44.355  top5:  16.104
	
=> Training epoch # 64	
 * Finished epoch # 64     top1:  43.477  top5:  16.270
	
=> Training epoch # 65	
 * Finished epoch # 65     top1:  44.150  top5:  16.357
	
=> Training epoch # 66	
 * Finished epoch # 66     top1:  43.545  top5:  14.717
	
=> Training epoch # 67	
 * Finished epoch # 67     top1:  46.855  top5:  17.383
	
=> Training epoch # 68	
 * Finished epoch # 68     top1:  44.014  top5:  15.020
	
=> Training epoch # 69	
 * Finished epoch # 69     top1:  44.922  top5:  15.215
	
=> Training epoch # 70	
 * Finished epoch # 70     top1:  42.510  top5:  13.467
	
=> Training epoch # 71	
 * Finished epoch # 71     top1:  49.336  top5:  19.648
	
=> Training epoch # 72	
 * Finished epoch # 72     top1:  42.646  top5:  14.482
	
=> Training epoch # 73	
 * Finished epoch # 73     top1:  43.076  top5:  15.215
	
=> Training epoch # 74	
 * Finished epoch # 74     top1:  45.576  top5:  16.777
	
=> Training epoch # 75	
 * Finished epoch # 75     top1:  49.883  top5:  20.117
	
=> Training epoch # 76	
 * Finished epoch # 76     top1:  43.457  top5:  15.176
	
=> Training epoch # 77	
 * Finished epoch # 77     top1:  44.902  top5:  16.982
	
=> Training epoch # 78	
 * Finished epoch # 78     top1:  41.367  top5:  13.047
	
=> Training epoch # 79	
 * Finished epoch # 79     top1:  42.646  top5:  14.785
	
=> Training epoch # 80	
 * Finished epoch # 80     top1:  42.812  top5:  14.512
	
=> Training epoch # 81	
 * Finished epoch # 81     top1:  29.834  top5:   7.852
	
 * Best model 	29.833984375	7.8515625	
=> Training epoch # 82	
 * Finished epoch # 82     top1:  29.160  top5:   7.227
	
 * Best model 	29.16015625	7.2265625	
=> Training epoch # 83	
 * Finished epoch # 83     top1:  28.574  top5:   7.100
	
 * Best model 	28.57421875	7.099609375	
=> Training epoch # 84	
 * Finished epoch # 84     top1:  29.287  top5:   7.285
	
=> Training epoch # 85	
 * Finished epoch # 85     top1:  28.711  top5:   7.275
	
=> Training epoch # 86	
 * Finished epoch # 86     top1:  29.180  top5:   7.139
	
=> Training epoch # 87	
 * Finished epoch # 87     top1:  29.209  top5:   7.539
	
=> Training epoch # 88	
 * Finished epoch # 88     top1:  29.316  top5:   7.578
	
=> Training epoch # 89	
 * Finished epoch # 89     top1:  29.863  top5:   7.812
	
=> Training epoch # 90	
 * Finished epoch # 90     top1:  29.961  top5:   8.027
	
=> Training epoch # 91	
 * Finished epoch # 91     top1:  30.283  top5:   8.184
	
=> Training epoch # 92	
 * Finished epoch # 92     top1:  30.557  top5:   8.281
	
=> Training epoch # 93	
 * Finished epoch # 93     top1:  29.854  top5:   8.145
	
=> Training epoch # 94	
 * Finished epoch # 94     top1:  30.283  top5:   8.359
	
=> Training epoch # 95	
 * Finished epoch # 95     top1:  29.395  top5:   8.037
	
=> Training epoch # 96	
 * Finished epoch # 96     top1:  30.244  top5:   8.115
	
=> Training epoch # 97	
 * Finished epoch # 97     top1:  30.693  top5:   8.340
	
=> Training epoch # 98	
 * Finished epoch # 98     top1:  30.273  top5:   8.076
	
=> Training epoch # 99	
 * Finished epoch # 99     top1:  30.566  top5:   8.301
	
=> Training epoch # 100	
 * Finished epoch # 100     top1:  30.732  top5:   8.516
	
=> Training epoch # 101	
 * Finished epoch # 101     top1:  30.938  top5:   8.604
	
=> Training epoch # 102	
 * Finished epoch # 102     top1:  31.221  top5:   8.916
	
=> Training epoch # 103	
 * Finished epoch # 103     top1:  31.094  top5:   8.359
	
=> Training epoch # 104	
 * Finished epoch # 104     top1:  30.576  top5:   8.535
	
=> Training epoch # 105	
 * Finished epoch # 105     top1:  31.523  top5:   9.043
	
=> Training epoch # 106	
 * Finished epoch # 106     top1:  31.680  top5:   8.662
	
=> Training epoch # 107	
 * Finished epoch # 107     top1:  31.650  top5:   9.092
	
=> Training epoch # 108	
 * Finished epoch # 108     top1:  31.572  top5:   8.438
	
=> Training epoch # 109	
 * Finished epoch # 109     top1:  30.605  top5:   8.701
	
=> Training epoch # 110	
 * Finished epoch # 110     top1:  30.586  top5:   8.193
	
=> Training epoch # 111	
 * Finished epoch # 111     top1:  31.279  top5:   9.053
	
=> Training epoch # 112	
 * Finished epoch # 112     top1:  31.270  top5:   8.691
	
=> Training epoch # 113	
 * Finished epoch # 113     top1:  30.723  top5:   9.189
	
=> Training epoch # 114	
 * Finished epoch # 114     top1:  29.990  top5:   8.525
	
=> Training epoch # 115	
 * Finished epoch # 115     top1:  30.791  top5:   8.516
	
=> Training epoch # 116	
 * Finished epoch # 116     top1:  30.791  top5:   8.359
	
=> Training epoch # 117	
 * Finished epoch # 117     top1:  31.670  top5:   9.404
	
=> Training epoch # 118	
 * Finished epoch # 118     top1:  31.143  top5:   8.691
	
=> Training epoch # 119	
 * Finished epoch # 119     top1:  30.576  top5:   8.828
	
=> Training epoch # 120	
 * Finished epoch # 120     top1:  31.768  top5:   8.887
	
=> Training epoch # 121	
 * Finished epoch # 121     top1:  31.855  top5:   9.668
	
=> Training epoch # 122	
 * Finished epoch # 122     top1:  28.379  top5:   7.666
	
 * Best model 	28.37890625	7.666015625	
=> Training epoch # 123	
 * Finished epoch # 123     top1:  27.588  top5:   7.715
	
 * Best model 	27.587890625	7.71484375	
=> Training epoch # 124	
 * Finished epoch # 124     top1:  27.930  top5:   7.520
	
=> Training epoch # 125	
 * Finished epoch # 125     top1:  27.607  top5:   7.520
	
=> Training epoch # 126	
 * Finished epoch # 126     top1:  27.666  top5:   7.471
	
=> Training epoch # 127	
 * Finished epoch # 127     top1:  27.783  top5:   7.754
	
=> Training epoch # 128	
 * Finished epoch # 128     top1:  27.461  top5:   7.461
	
 * Best model 	27.4609375	7.4609375	
=> Training epoch # 129	
 * Finished epoch # 129     top1:  27.363  top5:   7.354
	
 * Best model 	27.36328125	7.353515625	
=> Training epoch # 130	
 * Finished epoch # 130     top1:  27.266  top5:   7.344
	
 * Best model 	27.265625	7.34375	
=> Training epoch # 131	
 * Finished epoch # 131     top1:  27.500  top5:   7.432
	
=> Training epoch # 132	
 * Finished epoch # 132     top1:  27.881  top5:   7.598
	
=> Training epoch # 133	
 * Finished epoch # 133     top1:  27.256  top5:   7.422
	
 * Best model 	27.255859375	7.421875	
=> Training epoch # 134	
 * Finished epoch # 134     top1:  27.686  top5:   7.520
	
=> Training epoch # 135	
 * Finished epoch # 135     top1:  27.764  top5:   7.715
	
=> Training epoch # 136	
 * Finished epoch # 136     top1:  27.539  top5:   7.607
	
=> Training epoch # 137	
 * Finished epoch # 137     top1:  27.227  top5:   7.412
	
 * Best model 	27.2265625	7.412109375	
=> Training epoch # 138	
 * Finished epoch # 138     top1:  27.383  top5:   7.158
	
=> Training epoch # 139	
 * Finished epoch # 139     top1:  27.529  top5:   7.607
	
=> Training epoch # 140	
 * Finished epoch # 140     top1:  27.461  top5:   7.441
	
=> Training epoch # 141	
 * Finished epoch # 141     top1:  27.773  top5:   7.207
	
=> Training epoch # 142	
 * Finished epoch # 142     top1:  27.236  top5:   7.178
	
=> Training epoch # 143	
 * Finished epoch # 143     top1:  27.285  top5:   7.646
	
=> Training epoch # 144	
 * Finished epoch # 144     top1:  28.174  top5:   7.324
	
=> Training epoch # 145	
 * Finished epoch # 145     top1:  27.695  top5:   7.441
	
=> Training epoch # 146	
 * Finished epoch # 146     top1:  28.096  top5:   7.402
	
=> Training epoch # 147	
 * Finished epoch # 147     top1:  27.871  top5:   7.490
	
=> Training epoch # 148	
 * Finished epoch # 148     top1:  27.822  top5:   7.363
	
=> Training epoch # 149	
 * Finished epoch # 149     top1:  28.037  top5:   7.344
	
=> Training epoch # 150	
 * Finished epoch # 150     top1:  27.871  top5:   7.861
	
=> Training epoch # 151	
 * Finished epoch # 151     top1:  27.500  top5:   7.324
	
=> Training epoch # 152	
 * Finished epoch # 152     top1:  27.529  top5:   7.471
	
=> Training epoch # 153	
 * Finished epoch # 153     top1:  27.383  top5:   7.422
	
=> Training epoch # 154	
 * Finished epoch # 154     top1:  27.734  top5:   7.266
	
=> Training epoch # 155	
 * Finished epoch # 155     top1:  27.559  top5:   7.344
	
=> Training epoch # 156	
 * Finished epoch # 156     top1:  28.457  top5:   7.246
	
=> Training epoch # 157	
 * Finished epoch # 157     top1:  27.754  top5:   7.354
	
=> Training epoch # 158	
 * Finished epoch # 158     top1:  27.578  top5:   7.480
	
=> Training epoch # 159	
 * Finished epoch # 159     top1:  27.725  top5:   7.539
	
=> Training epoch # 160	
 * Finished epoch # 160     top1:  27.822  top5:   7.461
	
=> Training epoch # 161	
 * Finished epoch # 161     top1:  27.588  top5:   7.344
	
=> Training epoch # 162	
 * Finished epoch # 162     top1:  27.627  top5:   7.705
	
=> Training epoch # 163	
 * Finished epoch # 163     top1:  27.842  top5:   7.598
	
=> Training epoch # 164	
 * Finished epoch # 164     top1:  27.988  top5:   7.637
	
=> Training epoch # 165	
 * Finished epoch # 165     top1:  27.832  top5:   7.500
	
=> Training epoch # 166	
 * Finished epoch # 166     top1:  27.295  top5:   7.539
	
=> Training epoch # 167	
 * Finished epoch # 167     top1:  27.588  top5:   7.412
	
=> Training epoch # 168	
 * Finished epoch # 168     top1:  28.281  top5:   7.803
	
=> Training epoch # 169	
 * Finished epoch # 169     top1:  27.627  top5:   7.637
	
=> Training epoch # 170	
 * Finished epoch # 170     top1:  27.295  top5:   7.305
	
=> Training epoch # 171	
 * Finished epoch # 171     top1:  27.910  top5:   7.432
	
=> Training epoch # 172	
 * Finished epoch # 172     top1:  28.057  top5:   7.500
	
=> Training epoch # 173	
 * Finished epoch # 173     top1:  27.607  top5:   7.461
	
=> Training epoch # 174	
 * Finished epoch # 174     top1:  27.549  top5:   7.578
	
=> Training epoch # 175	
 * Finished epoch # 175     top1:  27.842  top5:   7.637
	
=> Training epoch # 176	
 * Finished epoch # 176     top1:  27.979  top5:   7.314
	
=> Training epoch # 177	
 * Finished epoch # 177     top1:  27.568  top5:   7.480
	
=> Training epoch # 178	
 * Finished epoch # 178     top1:  28.047  top5:   7.627
	
=> Training epoch # 179	
 * Finished epoch # 179     top1:  27.959  top5:   7.500
	
=> Training epoch # 180	
 * Finished epoch # 180     top1:  27.803  top5:   7.764
	
=> Training epoch # 181	
 * Finished epoch # 181     top1:  28.164  top5:   7.510
	
=> Training epoch # 182	
 * Finished epoch # 182     top1:  27.754  top5:   7.715
	
=> Training epoch # 183	
 * Finished epoch # 183     top1:  27.871  top5:   7.305
	
=> Training epoch # 184	
 * Finished epoch # 184     top1:  27.383  top5:   7.549
	
=> Training epoch # 185	
 * Finished epoch # 185     top1:  27.666  top5:   7.314
	
=> Training epoch # 186	
 * Finished epoch # 186     top1:  27.871  top5:   7.725
	
=> Training epoch # 187	
 * Finished epoch # 187     top1:  27.764  top5:   7.598
	
=> Training epoch # 188	
 * Finished epoch # 188     top1:  27.979  top5:   7.422
	
=> Training epoch # 189	
 * Finished epoch # 189     top1:  27.783  top5:   7.549
	
=> Training epoch # 190	
 * Finished epoch # 190     top1:  28.232  top5:   7.676
	
=> Training epoch # 191	
 * Finished epoch # 191     top1:  27.754  top5:   7.627
	
=> Training epoch # 192	
 * Finished epoch # 192     top1:  28.223  top5:   8.135
	
=> Training epoch # 193	
 * Finished epoch # 193     top1:  27.471  top5:   7.666
	
=> Training epoch # 194	
 * Finished epoch # 194     top1:  27.803  top5:   7.812
	
=> Training epoch # 195	
 * Finished epoch # 195     top1:  27.822  top5:   7.520
	
=> Training epoch # 196	
 * Finished epoch # 196     top1:  27.344  top5:   7.246
	
=> Training epoch # 197	
 * Finished epoch # 197     top1:  27.832  top5:   7.666
	
=> Training epoch # 198	
 * Finished epoch # 198     top1:  27.607  top5:   7.715
	
=> Training epoch # 199	
 * Finished epoch # 199     top1:  27.910  top5:   7.695
	
=> Training epoch # 200	
 * Finished epoch # 200     top1:  27.959  top5:   7.686
	
 * Finished top1: 27.227  top5:  7.412	
