{
  cudnn : "fastest"
  LR : 0.1
  nThreads : 2
  nClasses : 0
  batchSize : 256
  testOnly : false
  netType : "resnet"
  resetClassifier : false
  shortcutType : "A"
  gen : "gen"
  nGPU : 1
  depth : 20
  weightDecay : 0.001
  data : ""
  dataset : "cifar10"
  epochNumber : 1
  manualSeed : 2
  resume : "results/results-elu/try4/cifar10/20"
  optimState : "none"
  nEpochs : 200
  tenCrop : false
  shareGradInput : false
  backend : "cudnn"
  momentum : 0.9
  retrain : "none"
}
=> Creating model from file: models/resnet.lua	
 | ResNet-20 CIFAR-10	
nn.Sequential {
  [input -> (1) -> (2) -> (3) -> (4) -> (5) -> (6) -> (7) -> (8) -> (9) -> output]
  (1): cudnn.SpatialConvolution(3 -> 16, 3x3, 1,1, 1,1) without bias
  (2): nn.ELU (alpha:1.000000)
  (3): nn.Sequential {
    [input -> (1) -> (2) -> (3) -> output]
    (1): nn.Sequential {
      [input -> (1) -> (2) -> output]
      (1): nn.ConcatTable {
        input
          |`-> (1): nn.Sequential {
          |      [input -> (1) -> (2) -> (3) -> (4) -> output]
          |      (1): cudnn.SpatialConvolution(16 -> 16, 3x3, 1,1, 1,1) without bias
          |      (2): nn.ELU (alpha:1.000000)
          |      (3): cudnn.SpatialConvolution(16 -> 16, 3x3, 1,1, 1,1) without bias
          |      (4): nn.SpatialBatchNormalization (4D) (16)
          |    }
           `-> (2): nn.Identity
           ... -> output
      }
      (2): nn.CAddTable
    }
    (2): nn.Sequential {
      [input -> (1) -> (2) -> output]
      (1): nn.ConcatTable {
        input
          |`-> (1): nn.Sequential {
          |      [input -> (1) -> (2) -> (3) -> (4) -> output]
          |      (1): cudnn.SpatialConvolution(16 -> 16, 3x3, 1,1, 1,1) without bias
          |      (2): nn.ELU (alpha:1.000000)
          |      (3): cudnn.SpatialConvolution(16 -> 16, 3x3, 1,1, 1,1) without bias
          |      (4): nn.SpatialBatchNormalization (4D) (16)
          |    }
           `-> (2): nn.Identity
           ... -> output
      }
      (2): nn.CAddTable
    }
    (3): nn.Sequential {
      [input -> (1) -> (2) -> output]
      (1): nn.ConcatTable {
        input
          |`-> (1): nn.Sequential {
          |      [input -> (1) -> (2) -> (3) -> (4) -> output]
          |      (1): cudnn.SpatialConvolution(16 -> 16, 3x3, 1,1, 1,1) without bias
          |      (2): nn.ELU (alpha:1.000000)
          |      (3): cudnn.SpatialConvolution(16 -> 16, 3x3, 1,1, 1,1) without bias
          |      (4): nn.SpatialBatchNormalization (4D) (16)
          |    }
           `-> (2): nn.Identity
           ... -> output
      }
      (2): nn.CAddTable
    }
  }
  (4): nn.Sequential {
    [input -> (1) -> (2) -> (3) -> output]
    (1): nn.Sequential {
      [input -> (1) -> (2) -> output]
      (1): nn.ConcatTable {
        input
          |`-> (1): nn.Sequential {
          |      [input -> (1) -> (2) -> (3) -> (4) -> output]
          |      (1): cudnn.SpatialConvolution(16 -> 32, 3x3, 2,2, 1,1) without bias
          |      (2): nn.ELU (alpha:1.000000)
          |      (3): cudnn.SpatialConvolution(32 -> 32, 3x3, 1,1, 1,1) without bias
          |      (4): nn.SpatialBatchNormalization (4D) (32)
          |    }
           `-> (2): nn.Sequential {
                 [input -> (1) -> (2) -> output]
                 (1): nn.SpatialAveragePooling(1x1, 2,2)
                 (2): nn.Concat {
                   input
                     |`-> (1): nn.Identity
                      `-> (2): nn.MulConstant
                      ... -> output
                 }
               }
           ... -> output
      }
      (2): nn.CAddTable
    }
    (2): nn.Sequential {
      [input -> (1) -> (2) -> output]
      (1): nn.ConcatTable {
        input
          |`-> (1): nn.Sequential {
          |      [input -> (1) -> (2) -> (3) -> (4) -> output]
          |      (1): cudnn.SpatialConvolution(32 -> 32, 3x3, 1,1, 1,1) without bias
          |      (2): nn.ELU (alpha:1.000000)
          |      (3): cudnn.SpatialConvolution(32 -> 32, 3x3, 1,1, 1,1) without bias
          |      (4): nn.SpatialBatchNormalization (4D) (32)
          |    }
           `-> (2): nn.Identity
           ... -> output
      }
      (2): nn.CAddTable
    }
    (3): nn.Sequential {
      [input -> (1) -> (2) -> output]
      (1): nn.ConcatTable {
        input
          |`-> (1): nn.Sequential {
          |      [input -> (1) -> (2) -> (3) -> (4) -> output]
          |      (1): cudnn.SpatialConvolution(32 -> 32, 3x3, 1,1, 1,1) without bias
          |      (2): nn.ELU (alpha:1.000000)
          |      (3): cudnn.SpatialConvolution(32 -> 32, 3x3, 1,1, 1,1) without bias
          |      (4): nn.SpatialBatchNormalization (4D) (32)
          |    }
           `-> (2): nn.Identity
           ... -> output
      }
      (2): nn.CAddTable
    }
  }
  (5): nn.Sequential {
    [input -> (1) -> (2) -> (3) -> output]
    (1): nn.Sequential {
      [input -> (1) -> (2) -> output]
      (1): nn.ConcatTable {
        input
          |`-> (1): nn.Sequential {
          |      [input -> (1) -> (2) -> (3) -> (4) -> output]
          |      (1): cudnn.SpatialConvolution(32 -> 64, 3x3, 2,2, 1,1) without bias
          |      (2): nn.ELU (alpha:1.000000)
          |      (3): cudnn.SpatialConvolution(64 -> 64, 3x3, 1,1, 1,1) without bias
          |      (4): nn.SpatialBatchNormalization (4D) (64)
          |    }
           `-> (2): nn.Sequential {
                 [input -> (1) -> (2) -> output]
                 (1): nn.SpatialAveragePooling(1x1, 2,2)
                 (2): nn.Concat {
                   input
                     |`-> (1): nn.Identity
                      `-> (2): nn.MulConstant
                      ... -> output
                 }
               }
           ... -> output
      }
      (2): nn.CAddTable
    }
    (2): nn.Sequential {
      [input -> (1) -> (2) -> output]
      (1): nn.ConcatTable {
        input
          |`-> (1): nn.Sequential {
          |      [input -> (1) -> (2) -> (3) -> (4) -> output]
          |      (1): cudnn.SpatialConvolution(64 -> 64, 3x3, 1,1, 1,1) without bias
          |      (2): nn.ELU (alpha:1.000000)
          |      (3): cudnn.SpatialConvolution(64 -> 64, 3x3, 1,1, 1,1) without bias
          |      (4): nn.SpatialBatchNormalization (4D) (64)
          |    }
           `-> (2): nn.Identity
           ... -> output
      }
      (2): nn.CAddTable
    }
    (3): nn.Sequential {
      [input -> (1) -> (2) -> output]
      (1): nn.ConcatTable {
        input
          |`-> (1): nn.Sequential {
          |      [input -> (1) -> (2) -> (3) -> (4) -> output]
          |      (1): cudnn.SpatialConvolution(64 -> 64, 3x3, 1,1, 1,1) without bias
          |      (2): nn.ELU (alpha:1.000000)
          |      (3): cudnn.SpatialConvolution(64 -> 64, 3x3, 1,1, 1,1) without bias
          |      (4): nn.SpatialBatchNormalization (4D) (64)
          |    }
           `-> (2): nn.Identity
           ... -> output
      }
      (2): nn.CAddTable
    }
  }
  (6): nn.ELU (alpha:1.000000)
  (7): cudnn.SpatialAveragePooling(8x8, 1,1)
  (8): nn.View(64)
  (9): nn.Linear(64 -> 10)
}
=> Training epoch # 1	
 * Finished epoch # 1     top1:  52.529  top5:   5.352
	
 * Best model 	52.529296875	5.3515625	
=> Training epoch # 2	
 * Finished epoch # 2     top1:  40.615  top5:   4.580
	
 * Best model 	40.615234375	4.580078125	
=> Training epoch # 3	
 * Finished epoch # 3     top1:  27.939  top5:   1.807
	
 * Best model 	27.939453125	1.806640625	
=> Training epoch # 4	
 * Finished epoch # 4     top1:  32.168  top5:   2.900
	
=> Training epoch # 5	
 * Finished epoch # 5     top1:  29.766  top5:   2.422
	
=> Training epoch # 6	
 * Finished epoch # 6     top1:  24.609  top5:   1.543
	
 * Best model 	24.609375	1.54296875	
=> Training epoch # 7	
 * Finished epoch # 7     top1:  31.045  top5:   2.275
	
=> Training epoch # 8	
 * Finished epoch # 8     top1:  23.730  top5:   1.875
	
 * Best model 	23.73046875	1.875	
=> Training epoch # 9	
 * Finished epoch # 9     top1:  20.225  top5:   1.191
	
 * Best model 	20.224609375	1.19140625	
=> Training epoch # 10	
 * Finished epoch # 10     top1:  24.756  top5:   1.826
	
=> Training epoch # 11	
 * Finished epoch # 11     top1:  30.859  top5:   2.930
	
=> Training epoch # 12	
 * Finished epoch # 12     top1:  26.514  top5:   2.490
	
=> Training epoch # 13	
 * Finished epoch # 13     top1:  23.584  top5:   1.318
	
=> Training epoch # 14	
 * Finished epoch # 14     top1:  29.600  top5:   2.393
	
=> Training epoch # 15	
 * Finished epoch # 15     top1:  24.092  top5:   1.680
	
=> Training epoch # 16	
 * Finished epoch # 16     top1:  26.445  top5:   2.480
	
=> Training epoch # 17	
 * Finished epoch # 17     top1:  21.680  top5:   1.279
	
=> Training epoch # 18	
 * Finished epoch # 18     top1:  21.465  top5:   1.309
	
=> Training epoch # 19	
 * Finished epoch # 19     top1:  21.094  top5:   1.387
	
=> Training epoch # 20	
 * Finished epoch # 20     top1:  19.502  top5:   0.840
	
 * Best model 	19.501953125	0.83984375	
=> Training epoch # 21	
 * Finished epoch # 21     top1:  21.055  top5:   1.660
	
=> Training epoch # 22	
 * Finished epoch # 22     top1:  27.783  top5:   3.389
	
=> Training epoch # 23	
 * Finished epoch # 23     top1:  22.109  top5:   1.270
	
=> Training epoch # 24	
 * Finished epoch # 24     top1:  26.436  top5:   2.559
	
=> Training epoch # 25	
 * Finished epoch # 25     top1:  22.461  top5:   1.309
	
=> Training epoch # 26	
 * Finished epoch # 26     top1:  23.906  top5:   1.426
	
=> Training epoch # 27	
 * Finished epoch # 27     top1:  18.027  top5:   0.791
	
 * Best model 	18.02734375	0.791015625	
=> Training epoch # 28	
 * Finished epoch # 28     top1:  24.561  top5:   1.221
	
=> Training epoch # 29	
 * Finished epoch # 29     top1:  27.041  top5:   1.777
	
=> Training epoch # 30	
 * Finished epoch # 30     top1:  23.418  top5:   1.377
	
=> Training epoch # 31	
 * Finished epoch # 31     top1:  27.695  top5:   1.396
	
=> Training epoch # 32	
 * Finished epoch # 32     top1:  24.414  top5:   1.396
	
=> Training epoch # 33	
 * Finished epoch # 33     top1:  16.094  top5:   0.771
	
 * Best model 	16.09375	0.771484375	
=> Training epoch # 34	
 * Finished epoch # 34     top1:  22.021  top5:   0.918
	
=> Training epoch # 35	
 * Finished epoch # 35     top1:  24.355  top5:   2.939
	
=> Training epoch # 36	
 * Finished epoch # 36     top1:  31.045  top5:   1.162
	
=> Training epoch # 37	
 * Finished epoch # 37     top1:  23.105  top5:   1.230
	
=> Training epoch # 38	
 * Finished epoch # 38     top1:  22.129  top5:   1.553
	
=> Training epoch # 39	
 * Finished epoch # 39     top1:  22.227  top5:   1.455
	
=> Training epoch # 40	
 * Finished epoch # 40     top1:  30.186  top5:   1.572
	
=> Training epoch # 41	
 * Finished epoch # 41     top1:  28.418  top5:   2.129
	
=> Training epoch # 42	
 * Finished epoch # 42     top1:  21.113  top5:   1.191
	
=> Training epoch # 43	
 * Finished epoch # 43     top1:  26.885  top5:   2.666
	
=> Training epoch # 44	
 * Finished epoch # 44     top1:  21.816  top5:   1.211
	
=> Training epoch # 45	
 * Finished epoch # 45     top1:  21.816  top5:   1.855
	
=> Training epoch # 46	
 * Finished epoch # 46     top1:  30.742  top5:   4.863
	
=> Training epoch # 47	
 * Finished epoch # 47     top1:  22.070  top5:   1.035
	
=> Training epoch # 48	
 * Finished epoch # 48     top1:  19.941  top5:   0.928
	
=> Training epoch # 49	
 * Finished epoch # 49     top1:  20.801  top5:   1.709
	
=> Training epoch # 50	
 * Finished epoch # 50     top1:  20.703  top5:   1.816
	
=> Training epoch # 51	
 * Finished epoch # 51     top1:  22.148  top5:   0.879
	
=> Training epoch # 52	
 * Finished epoch # 52     top1:  29.219  top5:   2.012
	
=> Training epoch # 53	
 * Finished epoch # 53     top1:  21.338  top5:   1.631
	
=> Training epoch # 54	
 * Finished epoch # 54     top1:  17.432  top5:   1.270
	
=> Training epoch # 55	
 * Finished epoch # 55     top1:  16.846  top5:   1.172
	
=> Training epoch # 56	
 * Finished epoch # 56     top1:  25.264  top5:   1.768
	
=> Training epoch # 57	
 * Finished epoch # 57     top1:  17.090  top5:   0.898
	
=> Training epoch # 58	
 * Finished epoch # 58     top1:  24.678  top5:   1.963
	
=> Training epoch # 59	
 * Finished epoch # 59     top1:  23.203  top5:   1.494
	
=> Training epoch # 60	
 * Finished epoch # 60     top1:  22.402  top5:   1.396
	
=> Training epoch # 61	
 * Finished epoch # 61     top1:  20.088  top5:   1.455
	
=> Training epoch # 62	
 * Finished epoch # 62     top1:  20.576  top5:   1.650
	
=> Training epoch # 63	
 * Finished epoch # 63     top1:  23.203  top5:   1.611
	
=> Training epoch # 64	
 * Finished epoch # 64     top1:  26.475  top5:   1.426
	
=> Training epoch # 65	
 * Finished epoch # 65     top1:  22.666  top5:   1.924
	
=> Training epoch # 66	
 * Finished epoch # 66     top1:  22.549  top5:   1.318
	
=> Training epoch # 67	
 * Finished epoch # 67     top1:  21.094  top5:   2.773
	
=> Training epoch # 68	
 * Finished epoch # 68     top1:  25.898  top5:   2.812
	
=> Training epoch # 69	
 * Finished epoch # 69     top1:  29.238  top5:   1.934
	
=> Training epoch # 70	
 * Finished epoch # 70     top1:  20.264  top5:   0.889
	
=> Training epoch # 71	
 * Finished epoch # 71     top1:  21.152  top5:   1.406
	
=> Training epoch # 72	
 * Finished epoch # 72     top1:  18.389  top5:   0.654
	
=> Training epoch # 73	
 * Finished epoch # 73     top1:  21.904  top5:   1.064
	
=> Training epoch # 74	
 * Finished epoch # 74     top1:  19.883  top5:   0.762
	
=> Training epoch # 75	
 * Finished epoch # 75     top1:  23.730  top5:   2.324
	
=> Training epoch # 76	
 * Finished epoch # 76     top1:  19.004  top5:   1.074
	
=> Training epoch # 77	
 * Finished epoch # 77     top1:  19.307  top5:   1.074
	
=> Training epoch # 78	
 * Finished epoch # 78     top1:  27.646  top5:   1.455
	
=> Training epoch # 79	
 * Finished epoch # 79     top1:  29.609  top5:   3.125
	
=> Training epoch # 80	
 * Finished epoch # 80     top1:  32.773  top5:   5.049
	
=> Training epoch # 81	
 * Finished epoch # 81     top1:   9.434  top5:   0.430
	
 * Best model 	9.43359375	0.4296875	
=> Training epoch # 82	
 * Finished epoch # 82     top1:   9.453  top5:   0.264
	
=> Training epoch # 83	
 * Finished epoch # 83     top1:   8.916  top5:   0.225
	
 * Best model 	8.916015625	0.224609375	
=> Training epoch # 84	
 * Finished epoch # 84     top1:   9.385  top5:   0.225
	
=> Training epoch # 85	
 * Finished epoch # 85     top1:   9.268  top5:   0.273
	
=> Training epoch # 86	
 * Finished epoch # 86     top1:   9.102  top5:   0.303
	
=> Training epoch # 87	
 * Finished epoch # 87     top1:   9.951  top5:   0.312
	
=> Training epoch # 88	
 * Finished epoch # 88     top1:   9.443  top5:   0.225
	
=> Training epoch # 89	
 * Finished epoch # 89     top1:   9.463  top5:   0.293
	
=> Training epoch # 90	
 * Finished epoch # 90     top1:   9.717  top5:   0.303
	
=> Training epoch # 91	
 * Finished epoch # 91     top1:   9.932  top5:   0.312
	
=> Training epoch # 92	
 * Finished epoch # 92     top1:  10.010  top5:   0.215
	
=> Training epoch # 93	
 * Finished epoch # 93     top1:  10.449  top5:   0.254
	
=> Training epoch # 94	
 * Finished epoch # 94     top1:   9.824  top5:   0.342
	
=> Training epoch # 95	
 * Finished epoch # 95     top1:  10.508  top5:   0.381
	
=> Training epoch # 96	
 * Finished epoch # 96     top1:  10.674  top5:   0.469
	
=> Training epoch # 97	
 * Finished epoch # 97     top1:  11.514  top5:   0.498
	
=> Training epoch # 98	
 * Finished epoch # 98     top1:  10.615  top5:   0.410
	
=> Training epoch # 99	
 * Finished epoch # 99     top1:  12.939  top5:   0.527
	
=> Training epoch # 100	
 * Finished epoch # 100     top1:  14.893  top5:   0.557
	
=> Training epoch # 101	
 * Finished epoch # 101     top1:  13.164  top5:   0.596
	
=> Training epoch # 102	
 * Finished epoch # 102     top1:  12.021  top5:   0.430
	
=> Training epoch # 103	
 * Finished epoch # 103     top1:  12.617  top5:   0.566
	
=> Training epoch # 104	
 * Finished epoch # 104     top1:  11.514  top5:   0.342
	
=> Training epoch # 105	
 * Finished epoch # 105     top1:  14.951  top5:   0.977
	
=> Training epoch # 106	
 * Finished epoch # 106     top1:  13.164  top5:   0.859
	
=> Training epoch # 107	
 * Finished epoch # 107     top1:  16.064  top5:   0.850
	
=> Training epoch # 108	
 * Finished epoch # 108     top1:  12.598  top5:   0.508
	
=> Training epoch # 109	
 * Finished epoch # 109     top1:  12.764  top5:   0.430
	
=> Training epoch # 110	
 * Finished epoch # 110     top1:  13.262  top5:   0.693
	
=> Training epoch # 111	
 * Finished epoch # 111     top1:  16.270  top5:   0.791
	
=> Training epoch # 112	
 * Finished epoch # 112     top1:  15.371  top5:   0.664
	
=> Training epoch # 113	
 * Finished epoch # 113     top1:  14.473  top5:   0.664
	
=> Training epoch # 114	
 * Finished epoch # 114     top1:  21.709  top5:   2.422
	
=> Training epoch # 115	
 * Finished epoch # 115     top1:  20.537  top5:   1.660
	
=> Training epoch # 116	
 * Finished epoch # 116     top1:  13.418  top5:   0.898
	
=> Training epoch # 117	
 * Finished epoch # 117     top1:  23.877  top5:   1.748
	
=> Training epoch # 118	
 * Finished epoch # 118     top1:  28.555  top5:   1.357
	
=> Training epoch # 119	
 * Finished epoch # 119     top1:  13.281  top5:   0.566
	
=> Training epoch # 120	
 * Finished epoch # 120     top1:  34.453  top5:   1.260
	
=> Training epoch # 121	
 * Finished epoch # 121     top1:  16.270  top5:   1.318
	
=> Training epoch # 122	
 * Finished epoch # 122     top1:   8.066  top5:   0.186
	
 * Best model 	8.06640625	0.185546875	
=> Training epoch # 123	
 * Finished epoch # 123     top1:   7.803  top5:   0.205
	
 * Best model 	7.802734375	0.205078125	
=> Training epoch # 124	
 * Finished epoch # 124     top1:   8.037  top5:   0.234
	
=> Training epoch # 125	
 * Finished epoch # 125     top1:   8.174  top5:   0.205
	
=> Training epoch # 126	
 * Finished epoch # 126     top1:   7.783  top5:   0.244
	
 * Best model 	7.783203125	0.244140625	
=> Training epoch # 127	
 * Finished epoch # 127     top1:   8.086  top5:   0.391
	
=> Training epoch # 128	
 * Finished epoch # 128     top1:   8.066  top5:   0.215
	
=> Training epoch # 129	
 * Finished epoch # 129     top1:   7.861  top5:   0.176
	
=> Training epoch # 130	
 * Finished epoch # 130     top1:   8.213  top5:   0.215
	
=> Training epoch # 131	
 * Finished epoch # 131     top1:   7.998  top5:   0.254
	
=> Training epoch # 132	
 * Finished epoch # 132     top1:   8.047  top5:   0.273
	
=> Training epoch # 133	
 * Finished epoch # 133     top1:   7.930  top5:   0.244
	
=> Training epoch # 134	
 * Finished epoch # 134     top1:   7.939  top5:   0.205
	
=> Training epoch # 135	
 * Finished epoch # 135     top1:   8.008  top5:   0.244
	
=> Training epoch # 136	
 * Finished epoch # 136     top1:   7.969  top5:   0.244
	
=> Training epoch # 137	
 * Finished epoch # 137     top1:   8.027  top5:   0.215
	
=> Training epoch # 138	
 * Finished epoch # 138     top1:   8.369  top5:   0.264
	
=> Training epoch # 139	
 * Finished epoch # 139     top1:   7.939  top5:   0.205
	
=> Training epoch # 140	
 * Finished epoch # 140     top1:   8.115  top5:   0.205
	
=> Training epoch # 141	
 * Finished epoch # 141     top1:   8.135  top5:   0.381
	
=> Training epoch # 142	
 * Finished epoch # 142     top1:   7.959  top5:   0.283
	
=> Training epoch # 143	
 * Finished epoch # 143     top1:   8.125  top5:   0.449
	
=> Training epoch # 144	
 * Finished epoch # 144     top1:   8.252  top5:   0.234
	
=> Training epoch # 145	
 * Finished epoch # 145     top1:   8.457  top5:   0.186
	
=> Training epoch # 146	
 * Finished epoch # 146     top1:   8.486  top5:   0.205
	
=> Training epoch # 147	
 * Finished epoch # 147     top1:   8.604  top5:   0.186
	
=> Training epoch # 148	
 * Finished epoch # 148     top1:   8.467  top5:   0.283
	
=> Training epoch # 149	
 * Finished epoch # 149     top1:   7.891  top5:   0.254
	
=> Training epoch # 150	
 * Finished epoch # 150     top1:   8.223  top5:   0.215
	
=> Training epoch # 151	
 * Finished epoch # 151     top1:   8.174  top5:   0.264
	
=> Training epoch # 152	
 * Finished epoch # 152     top1:   8.506  top5:   0.186
	
=> Training epoch # 153	
 * Finished epoch # 153     top1:   8.486  top5:   0.225
	
=> Training epoch # 154	
 * Finished epoch # 154     top1:   8.477  top5:   0.215
	
=> Training epoch # 155	
 * Finished epoch # 155     top1:   8.516  top5:   0.254
	
=> Training epoch # 156	
 * Finished epoch # 156     top1:   8.643  top5:   0.234
	
=> Training epoch # 157	
 * Finished epoch # 157     top1:   8.770  top5:   0.244
	
=> Training epoch # 158	
 * Finished epoch # 158     top1:   8.242  top5:   0.244
	
=> Training epoch # 159	
 * Finished epoch # 159     top1:   8.711  top5:   0.254
	
=> Training epoch # 160	
 * Finished epoch # 160     top1:   8.428  top5:   0.312
	
=> Training epoch # 161	
 * Finished epoch # 161     top1:   8.281  top5:   0.312
	
=> Training epoch # 162	
 * Finished epoch # 162     top1:   8.496  top5:   0.264
	
=> Training epoch # 163	
 * Finished epoch # 163     top1:   8.633  top5:   0.195
	
=> Training epoch # 164	
 * Finished epoch # 164     top1:   8.477  top5:   0.293
	
=> Training epoch # 165	
 * Finished epoch # 165     top1:   8.779  top5:   0.283
	
=> Training epoch # 166	
 * Finished epoch # 166     top1:   8.184  top5:   0.254
	
=> Training epoch # 167	
 * Finished epoch # 167     top1:   8.066  top5:   0.225
	
=> Training epoch # 168	
 * Finished epoch # 168     top1:   8.516  top5:   0.234
	
=> Training epoch # 169	
 * Finished epoch # 169     top1:   8.633  top5:   0.254
	
=> Training epoch # 170	
 * Finished epoch # 170     top1:   8.691  top5:   0.244
	
=> Training epoch # 171	
 * Finished epoch # 171     top1:   8.262  top5:   0.264
	
=> Training epoch # 172	
 * Finished epoch # 172     top1:   8.291  top5:   0.273
	
=> Training epoch # 173	
 * Finished epoch # 173     top1:   8.242  top5:   0.283
	
=> Training epoch # 174	
 * Finished epoch # 174     top1:   9.141  top5:   0.332
	
=> Training epoch # 175	
 * Finished epoch # 175     top1:   8.633  top5:   0.215
	
=> Training epoch # 176	
 * Finished epoch # 176     top1:   8.203  top5:   0.322
	
=> Training epoch # 177	
 * Finished epoch # 177     top1:   8.213  top5:   0.312
	
=> Training epoch # 178	
 * Finished epoch # 178     top1:   8.311  top5:   0.264
	
=> Training epoch # 179	
 * Finished epoch # 179     top1:   8.242  top5:   0.312
	
=> Training epoch # 180	
 * Finished epoch # 180     top1:   8.662  top5:   0.283
	
=> Training epoch # 181	
 * Finished epoch # 181     top1:   8.555  top5:   0.303
	
=> Training epoch # 182	
 * Finished epoch # 182     top1:   8.486  top5:   0.234
	
=> Training epoch # 183	
 * Finished epoch # 183     top1:   8.389  top5:   0.264
	
=> Training epoch # 184	
 * Finished epoch # 184     top1:   9.053  top5:   0.342
	
=> Training epoch # 185	
 * Finished epoch # 185     top1:   8.311  top5:   0.303
	
=> Training epoch # 186	
 * Finished epoch # 186     top1:   8.633  top5:   0.283
	
=> Training epoch # 187	
 * Finished epoch # 187     top1:   8.398  top5:   0.225
	
=> Training epoch # 188	
 * Finished epoch # 188     top1:   8.564  top5:   0.303
	
=> Training epoch # 189	
 * Finished epoch # 189     top1:   8.301  top5:   0.264
	
=> Training epoch # 190	
 * Finished epoch # 190     top1:   8.672  top5:   0.264
	
=> Training epoch # 191	
 * Finished epoch # 191     top1:   9.160  top5:   0.342
	
=> Training epoch # 192	
 * Finished epoch # 192     top1:   9.053  top5:   0.312
	
=> Training epoch # 193	
 * Finished epoch # 193     top1:   8.770  top5:   0.215
	
=> Training epoch # 194	
 * Finished epoch # 194     top1:   8.545  top5:   0.215
	
=> Training epoch # 195	
 * Finished epoch # 195     top1:   9.629  top5:   0.381
	
=> Training epoch # 196	
 * Finished epoch # 196     top1:   8.242  top5:   0.244
	
=> Training epoch # 197	
 * Finished epoch # 197     top1:   9.180  top5:   0.322
	
=> Training epoch # 198	
 * Finished epoch # 198     top1:   9.297  top5:   0.518
	
=> Training epoch # 199	
 * Finished epoch # 199     top1:   8.701  top5:   0.312
	
=> Training epoch # 200	
 * Finished epoch # 200     top1:   8.711  top5:   0.312
	
 * Finished top1:  7.783  top5:  0.244	
