{
  cudnn : "fastest"
  LR : 0.1
  nThreads : 2
  nClasses : 0
  batchSize : 256
  testOnly : false
  netType : "resnet-bn-relu"
  resetClassifier : false
  shortcutType : "A"
  gen : "gen"
  nGPU : 1
  depth : 56
  weightDecay : 0.001
  data : ""
  dataset : "cifar100"
  epochNumber : 1
  manualSeed : 2
  resume : "results/results-bn-relu/try4/cifar100/56"
  optimState : "none"
  nEpochs : 200
  tenCrop : false
  shareGradInput : false
  backend : "cudnn"
  momentum : 0.9
  retrain : "none"
}
=> Creating model from file: models/resnet-bn-relu.lua	
 | ResNet-56 CIFAR-100	
nn.Sequential {
  [input -> (1) -> (2) -> (3) -> (4) -> (5) -> (6) -> (7) -> (8) -> (9) -> output]
  (1): cudnn.SpatialConvolution(3 -> 16, 3x3, 1,1, 1,1) without bias
  (2): nn.Sequential {
    [input -> (1) -> (2) -> output]
    (1): nn.SpatialBatchNormalization (4D) (16)
    (2): nn.ReLU
  }
  (3): nn.Sequential {
    [input -> (1) -> (2) -> (3) -> (4) -> (5) -> (6) -> (7) -> (8) -> (9) -> output]
    (1): nn.Sequential {
      [input -> (1) -> (2) -> output]
      (1): nn.ConcatTable {
        input
          |`-> (1): nn.Sequential {
          |      [input -> (1) -> (2) -> (3) -> (4) -> output]
          |      (1): cudnn.SpatialConvolution(16 -> 16, 3x3, 1,1, 1,1) without bias
          |      (2): nn.Sequential {
          |        [input -> (1) -> (2) -> output]
          |        (1): nn.SpatialBatchNormalization (4D) (16)
          |        (2): nn.ReLU
          |      }
          |      (3): cudnn.SpatialConvolution(16 -> 16, 3x3, 1,1, 1,1) without bias
          |      (4): nn.SpatialBatchNormalization (4D) (16)
          |    }
           `-> (2): nn.Identity
           ... -> output
      }
      (2): nn.CAddTable
    }
    (2): nn.Sequential {
      [input -> (1) -> (2) -> output]
      (1): nn.ConcatTable {
        input
          |`-> (1): nn.Sequential {
          |      [input -> (1) -> (2) -> (3) -> (4) -> output]
          |      (1): cudnn.SpatialConvolution(16 -> 16, 3x3, 1,1, 1,1) without bias
          |      (2): nn.Sequential {
          |        [input -> (1) -> (2) -> output]
          |        (1): nn.SpatialBatchNormalization (4D) (16)
          |        (2): nn.ReLU
          |      }
          |      (3): cudnn.SpatialConvolution(16 -> 16, 3x3, 1,1, 1,1) without bias
          |      (4): nn.SpatialBatchNormalization (4D) (16)
          |    }
           `-> (2): nn.Identity
           ... -> output
      }
      (2): nn.CAddTable
    }
    (3): nn.Sequential {
      [input -> (1) -> (2) -> output]
      (1): nn.ConcatTable {
        input
          |`-> (1): nn.Sequential {
          |      [input -> (1) -> (2) -> (3) -> (4) -> output]
          |      (1): cudnn.SpatialConvolution(16 -> 16, 3x3, 1,1, 1,1) without bias
          |      (2): nn.Sequential {
          |        [input -> (1) -> (2) -> output]
          |        (1): nn.SpatialBatchNormalization (4D) (16)
          |        (2): nn.ReLU
          |      }
          |      (3): cudnn.SpatialConvolution(16 -> 16, 3x3, 1,1, 1,1) without bias
          |      (4): nn.SpatialBatchNormalization (4D) (16)
          |    }
           `-> (2): nn.Identity
           ... -> output
      }
      (2): nn.CAddTable
    }
    (4): nn.Sequential {
      [input -> (1) -> (2) -> output]
      (1): nn.ConcatTable {
        input
          |`-> (1): nn.Sequential {
          |      [input -> (1) -> (2) -> (3) -> (4) -> output]
          |      (1): cudnn.SpatialConvolution(16 -> 16, 3x3, 1,1, 1,1) without bias
          |      (2): nn.Sequential {
          |        [input -> (1) -> (2) -> output]
          |        (1): nn.SpatialBatchNormalization (4D) (16)
          |        (2): nn.ReLU
          |      }
          |      (3): cudnn.SpatialConvolution(16 -> 16, 3x3, 1,1, 1,1) without bias
          |      (4): nn.SpatialBatchNormalization (4D) (16)
          |    }
           `-> (2): nn.Identity
           ... -> output
      }
      (2): nn.CAddTable
    }
    (5): nn.Sequential {
      [input -> (1) -> (2) -> output]
      (1): nn.ConcatTable {
        input
          |`-> (1): nn.Sequential {
          |      [input -> (1) -> (2) -> (3) -> (4) -> output]
          |      (1): cudnn.SpatialConvolution(16 -> 16, 3x3, 1,1, 1,1) without bias
          |      (2): nn.Sequential {
          |        [input -> (1) -> (2) -> output]
          |        (1): nn.SpatialBatchNormalization (4D) (16)
          |        (2): nn.ReLU
          |      }
          |      (3): cudnn.SpatialConvolution(16 -> 16, 3x3, 1,1, 1,1) without bias
          |      (4): nn.SpatialBatchNormalization (4D) (16)
          |    }
           `-> (2): nn.Identity
           ... -> output
      }
      (2): nn.CAddTable
    }
    (6): nn.Sequential {
      [input -> (1) -> (2) -> output]
      (1): nn.ConcatTable {
        input
          |`-> (1): nn.Sequential {
          |      [input -> (1) -> (2) -> (3) -> (4) -> output]
          |      (1): cudnn.SpatialConvolution(16 -> 16, 3x3, 1,1, 1,1) without bias
          |      (2): nn.Sequential {
          |        [input -> (1) -> (2) -> output]
          |        (1): nn.SpatialBatchNormalization (4D) (16)
          |        (2): nn.ReLU
          |      }
          |      (3): cudnn.SpatialConvolution(16 -> 16, 3x3, 1,1, 1,1) without bias
          |      (4): nn.SpatialBatchNormalization (4D) (16)
          |    }
           `-> (2): nn.Identity
           ... -> output
      }
      (2): nn.CAddTable
    }
    (7): nn.Sequential {
      [input -> (1) -> (2) -> output]
      (1): nn.ConcatTable {
        input
          |`-> (1): nn.Sequential {
          |      [input -> (1) -> (2) -> (3) -> (4) -> output]
          |      (1): cudnn.SpatialConvolution(16 -> 16, 3x3, 1,1, 1,1) without bias
          |      (2): nn.Sequential {
          |        [input -> (1) -> (2) -> output]
          |        (1): nn.SpatialBatchNormalization (4D) (16)
          |        (2): nn.ReLU
          |      }
          |      (3): cudnn.SpatialConvolution(16 -> 16, 3x3, 1,1, 1,1) without bias
          |      (4): nn.SpatialBatchNormalization (4D) (16)
          |    }
           `-> (2): nn.Identity
           ... -> output
      }
      (2): nn.CAddTable
    }
    (8): nn.Sequential {
      [input -> (1) -> (2) -> output]
      (1): nn.ConcatTable {
        input
          |`-> (1): nn.Sequential {
          |      [input -> (1) -> (2) -> (3) -> (4) -> output]
          |      (1): cudnn.SpatialConvolution(16 -> 16, 3x3, 1,1, 1,1) without bias
          |      (2): nn.Sequential {
          |        [input -> (1) -> (2) -> output]
          |        (1): nn.SpatialBatchNormalization (4D) (16)
          |        (2): nn.ReLU
          |      }
          |      (3): cudnn.SpatialConvolution(16 -> 16, 3x3, 1,1, 1,1) without bias
          |      (4): nn.SpatialBatchNormalization (4D) (16)
          |    }
           `-> (2): nn.Identity
           ... -> output
      }
      (2): nn.CAddTable
    }
    (9): nn.Sequential {
      [input -> (1) -> (2) -> output]
      (1): nn.ConcatTable {
        input
          |`-> (1): nn.Sequential {
          |      [input -> (1) -> (2) -> (3) -> (4) -> output]
          |      (1): cudnn.SpatialConvolution(16 -> 16, 3x3, 1,1, 1,1) without bias
          |      (2): nn.Sequential {
          |        [input -> (1) -> (2) -> output]
          |        (1): nn.SpatialBatchNormalization (4D) (16)
          |        (2): nn.ReLU
          |      }
          |      (3): cudnn.SpatialConvolution(16 -> 16, 3x3, 1,1, 1,1) without bias
          |      (4): nn.SpatialBatchNormalization (4D) (16)
          |    }
           `-> (2): nn.Identity
           ... -> output
      }
      (2): nn.CAddTable
    }
  }
  (4): nn.Sequential {
    [input -> (1) -> (2) -> (3) -> (4) -> (5) -> (6) -> (7) -> (8) -> (9) -> output]
    (1): nn.Sequential {
      [input -> (1) -> (2) -> output]
      (1): nn.ConcatTable {
        input
          |`-> (1): nn.Sequential {
          |      [input -> (1) -> (2) -> (3) -> (4) -> output]
          |      (1): cudnn.SpatialConvolution(16 -> 32, 3x3, 2,2, 1,1) without bias
          |      (2): nn.Sequential {
          |        [input -> (1) -> (2) -> output]
          |        (1): nn.SpatialBatchNormalization (4D) (32)
          |        (2): nn.ReLU
          |      }
          |      (3): cudnn.SpatialConvolution(32 -> 32, 3x3, 1,1, 1,1) without bias
          |      (4): nn.SpatialBatchNormalization (4D) (32)
          |    }
           `-> (2): nn.Sequential {
                 [input -> (1) -> (2) -> output]
                 (1): nn.SpatialAveragePooling(1x1, 2,2)
                 (2): nn.Concat {
                   input
                     |`-> (1): nn.Identity
                      `-> (2): nn.MulConstant
                      ... -> output
                 }
               }
           ... -> output
      }
      (2): nn.CAddTable
    }
    (2): nn.Sequential {
      [input -> (1) -> (2) -> output]
      (1): nn.ConcatTable {
        input
          |`-> (1): nn.Sequential {
          |      [input -> (1) -> (2) -> (3) -> (4) -> output]
          |      (1): cudnn.SpatialConvolution(32 -> 32, 3x3, 1,1, 1,1) without bias
          |      (2): nn.Sequential {
          |        [input -> (1) -> (2) -> output]
          |        (1): nn.SpatialBatchNormalization (4D) (32)
          |        (2): nn.ReLU
          |      }
          |      (3): cudnn.SpatialConvolution(32 -> 32, 3x3, 1,1, 1,1) without bias
          |      (4): nn.SpatialBatchNormalization (4D) (32)
          |    }
           `-> (2): nn.Identity
           ... -> output
      }
      (2): nn.CAddTable
    }
    (3): nn.Sequential {
      [input -> (1) -> (2) -> output]
      (1): nn.ConcatTable {
        input
          |`-> (1): nn.Sequential {
          |      [input -> (1) -> (2) -> (3) -> (4) -> output]
          |      (1): cudnn.SpatialConvolution(32 -> 32, 3x3, 1,1, 1,1) without bias
          |      (2): nn.Sequential {
          |        [input -> (1) -> (2) -> output]
          |        (1): nn.SpatialBatchNormalization (4D) (32)
          |        (2): nn.ReLU
          |      }
          |      (3): cudnn.SpatialConvolution(32 -> 32, 3x3, 1,1, 1,1) without bias
          |      (4): nn.SpatialBatchNormalization (4D) (32)
          |    }
           `-> (2): nn.Identity
           ... -> output
      }
      (2): nn.CAddTable
    }
    (4): nn.Sequential {
      [input -> (1) -> (2) -> output]
      (1): nn.ConcatTable {
        input
          |`-> (1): nn.Sequential {
          |      [input -> (1) -> (2) -> (3) -> (4) -> output]
          |      (1): cudnn.SpatialConvolution(32 -> 32, 3x3, 1,1, 1,1) without bias
          |      (2): nn.Sequential {
          |        [input -> (1) -> (2) -> output]
          |        (1): nn.SpatialBatchNormalization (4D) (32)
          |        (2): nn.ReLU
          |      }
          |      (3): cudnn.SpatialConvolution(32 -> 32, 3x3, 1,1, 1,1) without bias
          |      (4): nn.SpatialBatchNormalization (4D) (32)
          |    }
           `-> (2): nn.Identity
           ... -> output
      }
      (2): nn.CAddTable
    }
    (5): nn.Sequential {
      [input -> (1) -> (2) -> output]
      (1): nn.ConcatTable {
        input
          |`-> (1): nn.Sequential {
          |      [input -> (1) -> (2) -> (3) -> (4) -> output]
          |      (1): cudnn.SpatialConvolution(32 -> 32, 3x3, 1,1, 1,1) without bias
          |      (2): nn.Sequential {
          |        [input -> (1) -> (2) -> output]
          |        (1): nn.SpatialBatchNormalization (4D) (32)
          |        (2): nn.ReLU
          |      }
          |      (3): cudnn.SpatialConvolution(32 -> 32, 3x3, 1,1, 1,1) without bias
          |      (4): nn.SpatialBatchNormalization (4D) (32)
          |    }
           `-> (2): nn.Identity
           ... -> output
      }
      (2): nn.CAddTable
    }
    (6): nn.Sequential {
      [input -> (1) -> (2) -> output]
      (1): nn.ConcatTable {
        input
          |`-> (1): nn.Sequential {
          |      [input -> (1) -> (2) -> (3) -> (4) -> output]
          |      (1): cudnn.SpatialConvolution(32 -> 32, 3x3, 1,1, 1,1) without bias
          |      (2): nn.Sequential {
          |        [input -> (1) -> (2) -> output]
          |        (1): nn.SpatialBatchNormalization (4D) (32)
          |        (2): nn.ReLU
          |      }
          |      (3): cudnn.SpatialConvolution(32 -> 32, 3x3, 1,1, 1,1) without bias
          |      (4): nn.SpatialBatchNormalization (4D) (32)
          |    }
           `-> (2): nn.Identity
           ... -> output
      }
      (2): nn.CAddTable
    }
    (7): nn.Sequential {
      [input -> (1) -> (2) -> output]
      (1): nn.ConcatTable {
        input
          |`-> (1): nn.Sequential {
          |      [input -> (1) -> (2) -> (3) -> (4) -> output]
          |      (1): cudnn.SpatialConvolution(32 -> 32, 3x3, 1,1, 1,1) without bias
          |      (2): nn.Sequential {
          |        [input -> (1) -> (2) -> output]
          |        (1): nn.SpatialBatchNormalization (4D) (32)
          |        (2): nn.ReLU
          |      }
          |      (3): cudnn.SpatialConvolution(32 -> 32, 3x3, 1,1, 1,1) without bias
          |      (4): nn.SpatialBatchNormalization (4D) (32)
          |    }
           `-> (2): nn.Identity
           ... -> output
      }
      (2): nn.CAddTable
    }
    (8): nn.Sequential {
      [input -> (1) -> (2) -> output]
      (1): nn.ConcatTable {
        input
          |`-> (1): nn.Sequential {
          |      [input -> (1) -> (2) -> (3) -> (4) -> output]
          |      (1): cudnn.SpatialConvolution(32 -> 32, 3x3, 1,1, 1,1) without bias
          |      (2): nn.Sequential {
          |        [input -> (1) -> (2) -> output]
          |        (1): nn.SpatialBatchNormalization (4D) (32)
          |        (2): nn.ReLU
          |      }
          |      (3): cudnn.SpatialConvolution(32 -> 32, 3x3, 1,1, 1,1) without bias
          |      (4): nn.SpatialBatchNormalization (4D) (32)
          |    }
           `-> (2): nn.Identity
           ... -> output
      }
      (2): nn.CAddTable
    }
    (9): nn.Sequential {
      [input -> (1) -> (2) -> output]
      (1): nn.ConcatTable {
        input
          |`-> (1): nn.Sequential {
          |      [input -> (1) -> (2) -> (3) -> (4) -> output]
          |      (1): cudnn.SpatialConvolution(32 -> 32, 3x3, 1,1, 1,1) without bias
          |      (2): nn.Sequential {
          |        [input -> (1) -> (2) -> output]
          |        (1): nn.SpatialBatchNormalization (4D) (32)
          |        (2): nn.ReLU
          |      }
          |      (3): cudnn.SpatialConvolution(32 -> 32, 3x3, 1,1, 1,1) without bias
          |      (4): nn.SpatialBatchNormalization (4D) (32)
          |    }
           `-> (2): nn.Identity
           ... -> output
      }
      (2): nn.CAddTable
    }
  }
  (5): nn.Sequential {
    [input -> (1) -> (2) -> (3) -> (4) -> (5) -> (6) -> (7) -> (8) -> (9) -> output]
    (1): nn.Sequential {
      [input -> (1) -> (2) -> output]
      (1): nn.ConcatTable {
        input
          |`-> (1): nn.Sequential {
          |      [input -> (1) -> (2) -> (3) -> (4) -> output]
          |      (1): cudnn.SpatialConvolution(32 -> 64, 3x3, 2,2, 1,1) without bias
          |      (2): nn.Sequential {
          |        [input -> (1) -> (2) -> output]
          |        (1): nn.SpatialBatchNormalization (4D) (64)
          |        (2): nn.ReLU
          |      }
          |      (3): cudnn.SpatialConvolution(64 -> 64, 3x3, 1,1, 1,1) without bias
          |      (4): nn.SpatialBatchNormalization (4D) (64)
          |    }
           `-> (2): nn.Sequential {
                 [input -> (1) -> (2) -> output]
                 (1): nn.SpatialAveragePooling(1x1, 2,2)
                 (2): nn.Concat {
                   input
                     |`-> (1): nn.Identity
                      `-> (2): nn.MulConstant
                      ... -> output
                 }
               }
           ... -> output
      }
      (2): nn.CAddTable
    }
    (2): nn.Sequential {
      [input -> (1) -> (2) -> output]
      (1): nn.ConcatTable {
        input
          |`-> (1): nn.Sequential {
          |      [input -> (1) -> (2) -> (3) -> (4) -> output]
          |      (1): cudnn.SpatialConvolution(64 -> 64, 3x3, 1,1, 1,1) without bias
          |      (2): nn.Sequential {
          |        [input -> (1) -> (2) -> output]
          |        (1): nn.SpatialBatchNormalization (4D) (64)
          |        (2): nn.ReLU
          |      }
          |      (3): cudnn.SpatialConvolution(64 -> 64, 3x3, 1,1, 1,1) without bias
          |      (4): nn.SpatialBatchNormalization (4D) (64)
          |    }
           `-> (2): nn.Identity
           ... -> output
      }
      (2): nn.CAddTable
    }
    (3): nn.Sequential {
      [input -> (1) -> (2) -> output]
      (1): nn.ConcatTable {
        input
          |`-> (1): nn.Sequential {
          |      [input -> (1) -> (2) -> (3) -> (4) -> output]
          |      (1): cudnn.SpatialConvolution(64 -> 64, 3x3, 1,1, 1,1) without bias
          |      (2): nn.Sequential {
          |        [input -> (1) -> (2) -> output]
          |        (1): nn.SpatialBatchNormalization (4D) (64)
          |        (2): nn.ReLU
          |      }
          |      (3): cudnn.SpatialConvolution(64 -> 64, 3x3, 1,1, 1,1) without bias
          |      (4): nn.SpatialBatchNormalization (4D) (64)
          |    }
           `-> (2): nn.Identity
           ... -> output
      }
      (2): nn.CAddTable
    }
    (4): nn.Sequential {
      [input -> (1) -> (2) -> output]
      (1): nn.ConcatTable {
        input
          |`-> (1): nn.Sequential {
          |      [input -> (1) -> (2) -> (3) -> (4) -> output]
          |      (1): cudnn.SpatialConvolution(64 -> 64, 3x3, 1,1, 1,1) without bias
          |      (2): nn.Sequential {
          |        [input -> (1) -> (2) -> output]
          |        (1): nn.SpatialBatchNormalization (4D) (64)
          |        (2): nn.ReLU
          |      }
          |      (3): cudnn.SpatialConvolution(64 -> 64, 3x3, 1,1, 1,1) without bias
          |      (4): nn.SpatialBatchNormalization (4D) (64)
          |    }
           `-> (2): nn.Identity
           ... -> output
      }
      (2): nn.CAddTable
    }
    (5): nn.Sequential {
      [input -> (1) -> (2) -> output]
      (1): nn.ConcatTable {
        input
          |`-> (1): nn.Sequential {
          |      [input -> (1) -> (2) -> (3) -> (4) -> output]
          |      (1): cudnn.SpatialConvolution(64 -> 64, 3x3, 1,1, 1,1) without bias
          |      (2): nn.Sequential {
          |        [input -> (1) -> (2) -> output]
          |        (1): nn.SpatialBatchNormalization (4D) (64)
          |        (2): nn.ReLU
          |      }
          |      (3): cudnn.SpatialConvolution(64 -> 64, 3x3, 1,1, 1,1) without bias
          |      (4): nn.SpatialBatchNormalization (4D) (64)
          |    }
           `-> (2): nn.Identity
           ... -> output
      }
      (2): nn.CAddTable
    }
    (6): nn.Sequential {
      [input -> (1) -> (2) -> output]
      (1): nn.ConcatTable {
        input
          |`-> (1): nn.Sequential {
          |      [input -> (1) -> (2) -> (3) -> (4) -> output]
          |      (1): cudnn.SpatialConvolution(64 -> 64, 3x3, 1,1, 1,1) without bias
          |      (2): nn.Sequential {
          |        [input -> (1) -> (2) -> output]
          |        (1): nn.SpatialBatchNormalization (4D) (64)
          |        (2): nn.ReLU
          |      }
          |      (3): cudnn.SpatialConvolution(64 -> 64, 3x3, 1,1, 1,1) without bias
          |      (4): nn.SpatialBatchNormalization (4D) (64)
          |    }
           `-> (2): nn.Identity
           ... -> output
      }
      (2): nn.CAddTable
    }
    (7): nn.Sequential {
      [input -> (1) -> (2) -> output]
      (1): nn.ConcatTable {
        input
          |`-> (1): nn.Sequential {
          |      [input -> (1) -> (2) -> (3) -> (4) -> output]
          |      (1): cudnn.SpatialConvolution(64 -> 64, 3x3, 1,1, 1,1) without bias
          |      (2): nn.Sequential {
          |        [input -> (1) -> (2) -> output]
          |        (1): nn.SpatialBatchNormalization (4D) (64)
          |        (2): nn.ReLU
          |      }
          |      (3): cudnn.SpatialConvolution(64 -> 64, 3x3, 1,1, 1,1) without bias
          |      (4): nn.SpatialBatchNormalization (4D) (64)
          |    }
           `-> (2): nn.Identity
           ... -> output
      }
      (2): nn.CAddTable
    }
    (8): nn.Sequential {
      [input -> (1) -> (2) -> output]
      (1): nn.ConcatTable {
        input
          |`-> (1): nn.Sequential {
          |      [input -> (1) -> (2) -> (3) -> (4) -> output]
          |      (1): cudnn.SpatialConvolution(64 -> 64, 3x3, 1,1, 1,1) without bias
          |      (2): nn.Sequential {
          |        [input -> (1) -> (2) -> output]
          |        (1): nn.SpatialBatchNormalization (4D) (64)
          |        (2): nn.ReLU
          |      }
          |      (3): cudnn.SpatialConvolution(64 -> 64, 3x3, 1,1, 1,1) without bias
          |      (4): nn.SpatialBatchNormalization (4D) (64)
          |    }
           `-> (2): nn.Identity
           ... -> output
      }
      (2): nn.CAddTable
    }
    (9): nn.Sequential {
      [input -> (1) -> (2) -> output]
      (1): nn.ConcatTable {
        input
          |`-> (1): nn.Sequential {
          |      [input -> (1) -> (2) -> (3) -> (4) -> output]
          |      (1): cudnn.SpatialConvolution(64 -> 64, 3x3, 1,1, 1,1) without bias
          |      (2): nn.Sequential {
          |        [input -> (1) -> (2) -> output]
          |        (1): nn.SpatialBatchNormalization (4D) (64)
          |        (2): nn.ReLU
          |      }
          |      (3): cudnn.SpatialConvolution(64 -> 64, 3x3, 1,1, 1,1) without bias
          |      (4): nn.SpatialBatchNormalization (4D) (64)
          |    }
           `-> (2): nn.Identity
           ... -> output
      }
      (2): nn.CAddTable
    }
  }
  (6): nn.Sequential {
    [input -> (1) -> (2) -> output]
    (1): nn.SpatialBatchNormalization (4D) (64)
    (2): nn.ReLU
  }
  (7): cudnn.SpatialAveragePooling(8x8, 1,1)
  (8): nn.View(64)
  (9): nn.Linear(64 -> 100)
}
=> Training epoch # 1	
 * Finished epoch # 1     top1:  90.723  top5:  67.432
	
 * Best model 	90.72265625	67.431640625	
=> Training epoch # 2	
 * Finished epoch # 2     top1:  85.410  top5:  62.168
	
 * Best model 	85.41015625	62.16796875	
=> Training epoch # 3	
 * Finished epoch # 3     top1:  75.840  top5:  44.785
	
 * Best model 	75.83984375	44.78515625	
=> Training epoch # 4	
 * Finished epoch # 4     top1:  73.643  top5:  41.523
	
 * Best model 	73.642578125	41.5234375	
=> Training epoch # 5	
 * Finished epoch # 5     top1:  69.922  top5:  37.627
	
 * Best model 	69.921875	37.626953125	
=> Training epoch # 6	
 * Finished epoch # 6     top1:  70.137  top5:  37.188
	
=> Training epoch # 7	
 * Finished epoch # 7     top1:  70.107  top5:  36.113
	
=> Training epoch # 8	
 * Finished epoch # 8     top1:  64.551  top5:  32.178
	
 * Best model 	64.55078125	32.177734375	
=> Training epoch # 9	
 * Finished epoch # 9     top1:  60.986  top5:  28.701
	
 * Best model 	60.986328125	28.701171875	
=> Training epoch # 10	
 * Finished epoch # 10     top1:  62.236  top5:  29.756
	
=> Training epoch # 11	
 * Finished epoch # 11     top1:  62.383  top5:  28.672
	
=> Training epoch # 12	
 * Finished epoch # 12     top1:  59.707  top5:  26.709
	
 * Best model 	59.70703125	26.708984375	
=> Training epoch # 13	
 * Finished epoch # 13     top1:  60.400  top5:  27.939
	
=> Training epoch # 14	
 * Finished epoch # 14     top1:  50.811  top5:  19.756
	
 * Best model 	50.810546875	19.755859375	
=> Training epoch # 15	
 * Finished epoch # 15     top1:  57.803  top5:  24.209
	
=> Training epoch # 16	
 * Finished epoch # 16     top1:  55.752  top5:  25.127
	
=> Training epoch # 17	
 * Finished epoch # 17     top1:  54.824  top5:  23.516
	
=> Training epoch # 18	
 * Finished epoch # 18     top1:  53.496  top5:  21.553
	
=> Training epoch # 19	
 * Finished epoch # 19     top1:  57.627  top5:  25.967
	
=> Training epoch # 20	
 * Finished epoch # 20     top1:  55.039  top5:  22.578
	
=> Training epoch # 21	
 * Finished epoch # 21     top1:  54.180  top5:  21.699
	
=> Training epoch # 22	
 * Finished epoch # 22     top1:  56.680  top5:  24.121
	
=> Training epoch # 23	
 * Finished epoch # 23     top1:  53.389  top5:  22.451
	
=> Training epoch # 24	
 * Finished epoch # 24     top1:  53.076  top5:  22.285
	
=> Training epoch # 25	
 * Finished epoch # 25     top1:  53.906  top5:  22.598
	
=> Training epoch # 26	
 * Finished epoch # 26     top1:  53.652  top5:  22.324
	
=> Training epoch # 27	
 * Finished epoch # 27     top1:  49.121  top5:  18.457
	
 * Best model 	49.12109375	18.45703125	
=> Training epoch # 28	
 * Finished epoch # 28     top1:  50.273  top5:  19.424
	
=> Training epoch # 29	
 * Finished epoch # 29     top1:  61.250  top5:  28.252
	
=> Training epoch # 30	
 * Finished epoch # 30     top1:  52.422  top5:  21.963
	
=> Training epoch # 31	
 * Finished epoch # 31     top1:  58.105  top5:  25.908
	
=> Training epoch # 32	
 * Finished epoch # 32     top1:  49.531  top5:  18.896
	
=> Training epoch # 33	
 * Finished epoch # 33     top1:  56.182  top5:  23.789
	
=> Training epoch # 34	
 * Finished epoch # 34     top1:  47.812  top5:  16.611
	
 * Best model 	47.8125	16.611328125	
=> Training epoch # 35	
 * Finished epoch # 35     top1:  50.029  top5:  18.604
	
=> Training epoch # 36	
 * Finished epoch # 36     top1:  49.209  top5:  19.980
	
=> Training epoch # 37	
 * Finished epoch # 37     top1:  53.740  top5:  23.486
	
=> Training epoch # 38	
 * Finished epoch # 38     top1:  51.787  top5:  22.363
	
=> Training epoch # 39	
 * Finished epoch # 39     top1:  52.148  top5:  20.078
	
=> Training epoch # 40	
 * Finished epoch # 40     top1:  53.916  top5:  23.096
	
=> Training epoch # 41	
 * Finished epoch # 41     top1:  55.303  top5:  24.004
	
=> Training epoch # 42	
 * Finished epoch # 42     top1:  55.068  top5:  23.887
	
=> Training epoch # 43	
 * Finished epoch # 43     top1:  46.133  top5:  15.674
	
 * Best model 	46.1328125	15.673828125	
=> Training epoch # 44	
 * Finished epoch # 44     top1:  61.035  top5:  30.254
	
=> Training epoch # 45	
 * Finished epoch # 45     top1:  56.455  top5:  25.830
	
=> Training epoch # 46	
 * Finished epoch # 46     top1:  47.705  top5:  17.432
	
=> Training epoch # 47	
 * Finished epoch # 47     top1:  48.477  top5:  18.252
	
=> Training epoch # 48	
 * Finished epoch # 48     top1:  53.916  top5:  23.105
	
=> Training epoch # 49	
 * Finished epoch # 49     top1:  48.037  top5:  18.594
	
=> Training epoch # 50	
 * Finished epoch # 50     top1:  52.266  top5:  21.689
	
=> Training epoch # 51	
 * Finished epoch # 51     top1:  52.412  top5:  21.875
	
=> Training epoch # 52	
 * Finished epoch # 52     top1:  49.512  top5:  18.662
	
=> Training epoch # 53	
 * Finished epoch # 53     top1:  51.309  top5:  20.889
	
=> Training epoch # 54	
 * Finished epoch # 54     top1:  59.961  top5:  26.279
	
=> Training epoch # 55	
 * Finished epoch # 55     top1:  49.199  top5:  18.643
	
=> Training epoch # 56	
 * Finished epoch # 56     top1:  55.947  top5:  24.551
	
=> Training epoch # 57	
 * Finished epoch # 57     top1:  44.297  top5:  14.561
	
 * Best model 	44.296875	14.560546875	
=> Training epoch # 58	
 * Finished epoch # 58     top1:  49.316  top5:  17.617
	
=> Training epoch # 59	
 * Finished epoch # 59     top1:  50.322  top5:  18.672
	
=> Training epoch # 60	
 * Finished epoch # 60     top1:  49.492  top5:  18.652
	
=> Training epoch # 61	
 * Finished epoch # 61     top1:  47.539  top5:  17.227
	
=> Training epoch # 62	
 * Finished epoch # 62     top1:  46.270  top5:  16.729
	
=> Training epoch # 63	
 * Finished epoch # 63     top1:  47.920  top5:  18.467
	
=> Training epoch # 64	
 * Finished epoch # 64     top1:  48.574  top5:  18.467
	
=> Training epoch # 65	
 * Finished epoch # 65     top1:  49.736  top5:  19.326
	
=> Training epoch # 66	
 * Finished epoch # 66     top1:  50.186  top5:  19.844
	
=> Training epoch # 67	
 * Finished epoch # 67     top1:  55.957  top5:  27.061
	
=> Training epoch # 68	
 * Finished epoch # 68     top1:  51.992  top5:  20.605
	
=> Training epoch # 69	
 * Finished epoch # 69     top1:  55.850  top5:  23.594
	
=> Training epoch # 70	
 * Finished epoch # 70     top1:  50.840  top5:  20.312
	
=> Training epoch # 71	
 * Finished epoch # 71     top1:  50.322  top5:  20.605
	
=> Training epoch # 72	
 * Finished epoch # 72     top1:  50.205  top5:  19.746
	
=> Training epoch # 73	
 * Finished epoch # 73     top1:  49.150  top5:  19.189
	
=> Training epoch # 74	
 * Finished epoch # 74     top1:  50.234  top5:  19.668
	
=> Training epoch # 75	
 * Finished epoch # 75     top1:  48.486  top5:  18.213
	
=> Training epoch # 76	
 * Finished epoch # 76     top1:  49.092  top5:  19.170
	
=> Training epoch # 77	
 * Finished epoch # 77     top1:  48.936  top5:  18.730
	
=> Training epoch # 78	
 * Finished epoch # 78     top1:  48.584  top5:  19.297
	
=> Training epoch # 79	
 * Finished epoch # 79     top1:  48.008  top5:  19.023
	
=> Training epoch # 80	
 * Finished epoch # 80     top1:  50.449  top5:  19.521
	
=> Training epoch # 81	
 * Finished epoch # 81     top1:  29.912  top5:   7.666
	
 * Best model 	29.912109375	7.666015625	
=> Training epoch # 82	
 * Finished epoch # 82     top1:  28.203  top5:   6.768
	
 * Best model 	28.203125	6.767578125	
=> Training epoch # 83	
 * Finished epoch # 83     top1:  29.209  top5:   7.070
	
=> Training epoch # 84	
 * Finished epoch # 84     top1:  28.770  top5:   6.816
	
=> Training epoch # 85	
 * Finished epoch # 85     top1:  27.939  top5:   6.758
	
 * Best model 	27.939453125	6.7578125	
=> Training epoch # 86	
 * Finished epoch # 86     top1:  28.379  top5:   6.963
	
=> Training epoch # 87	
 * Finished epoch # 87     top1:  28.203  top5:   6.846
	
=> Training epoch # 88	
 * Finished epoch # 88     top1:  28.926  top5:   7.227
	
=> Training epoch # 89	
 * Finished epoch # 89     top1:  28.887  top5:   7.422
	
=> Training epoch # 90	
 * Finished epoch # 90     top1:  28.408  top5:   7.061
	
=> Training epoch # 91	
 * Finished epoch # 91     top1:  29.014  top5:   7.393
	
=> Training epoch # 92	
 * Finished epoch # 92     top1:  29.375  top5:   7.432
	
=> Training epoch # 93	
 * Finished epoch # 93     top1:  30.684  top5:   8.730
	
=> Training epoch # 94	
 * Finished epoch # 94     top1:  30.518  top5:   8.271
	
=> Training epoch # 95	
 * Finished epoch # 95     top1:  30.068  top5:   8.281
	
=> Training epoch # 96	
 * Finished epoch # 96     top1:  29.668  top5:   7.861
	
=> Training epoch # 97	
 * Finished epoch # 97     top1:  30.049  top5:   7.852
	
=> Training epoch # 98	
 * Finished epoch # 98     top1:  28.936  top5:   7.812
	
=> Training epoch # 99	
 * Finished epoch # 99     top1:  30.537  top5:   8.447
	
=> Training epoch # 100	
 * Finished epoch # 100     top1:  31.777  top5:   8.506
	
=> Training epoch # 101	
 * Finished epoch # 101     top1:  31.523  top5:   8.623
	
=> Training epoch # 102	
 * Finished epoch # 102     top1:  31.777  top5:   9.014
	
=> Training epoch # 103	
 * Finished epoch # 103     top1:  31.123  top5:   8.477
	
=> Training epoch # 104	
 * Finished epoch # 104     top1:  32.637  top5:   9.766
	
=> Training epoch # 105	
 * Finished epoch # 105     top1:  31.377  top5:   9.131
	
=> Training epoch # 106	
 * Finished epoch # 106     top1:  31.680  top5:   8.760
	
=> Training epoch # 107	
 * Finished epoch # 107     top1:  31.924  top5:   9.150
	
=> Training epoch # 108	
 * Finished epoch # 108     top1:  32.188  top5:   8.721
	
=> Training epoch # 109	
 * Finished epoch # 109     top1:  33.174  top5:   9.424
	
=> Training epoch # 110	
 * Finished epoch # 110     top1:  31.719  top5:   8.564
	
=> Training epoch # 111	
 * Finished epoch # 111     top1:  31.426  top5:   9.092
	
=> Training epoch # 112	
 * Finished epoch # 112     top1:  32.227  top5:   9.277
	
=> Training epoch # 113	
 * Finished epoch # 113     top1:  32.793  top5:   9.590
	
=> Training epoch # 114	
 * Finished epoch # 114     top1:  31.963  top5:   9.512
	
=> Training epoch # 115	
 * Finished epoch # 115     top1:  31.396  top5:   9.102
	
=> Training epoch # 116	
 * Finished epoch # 116     top1:  31.768  top5:   9.258
	
=> Training epoch # 117	
 * Finished epoch # 117     top1:  31.816  top5:   8.457
	
=> Training epoch # 118	
 * Finished epoch # 118     top1:  31.943  top5:   9.229
	
=> Training epoch # 119	
 * Finished epoch # 119     top1:  32.129  top5:   9.707
	
=> Training epoch # 120	
 * Finished epoch # 120     top1:  33.066  top5:   9.824
	
=> Training epoch # 121	
 * Finished epoch # 121     top1:  33.105  top5:   9.453
	
=> Training epoch # 122	
 * Finished epoch # 122     top1:  27.197  top5:   6.660
	
 * Best model 	27.197265625	6.66015625	
=> Training epoch # 123	
 * Finished epoch # 123     top1:  26.484  top5:   6.836
	
 * Best model 	26.484375	6.8359375	
=> Training epoch # 124	
 * Finished epoch # 124     top1:  26.777  top5:   6.846
	
=> Training epoch # 125	
 * Finished epoch # 125     top1:  26.592  top5:   6.914
	
=> Training epoch # 126	
 * Finished epoch # 126     top1:  26.738  top5:   6.621
	
=> Training epoch # 127	
 * Finished epoch # 127     top1:  26.338  top5:   6.650
	
 * Best model 	26.337890625	6.650390625	
=> Training epoch # 128	
 * Finished epoch # 128     top1:  26.572  top5:   6.992
	
=> Training epoch # 129	
 * Finished epoch # 129     top1:  26.650  top5:   6.748
	
=> Training epoch # 130	
 * Finished epoch # 130     top1:  25.928  top5:   7.041
	
 * Best model 	25.927734375	7.041015625	
=> Training epoch # 131	
 * Finished epoch # 131     top1:  26.729  top5:   6.943
	
=> Training epoch # 132	
 * Finished epoch # 132     top1:  26.992  top5:   7.441
	
=> Training epoch # 133	
 * Finished epoch # 133     top1:  26.748  top5:   7.100
	
=> Training epoch # 134	
 * Finished epoch # 134     top1:  26.904  top5:   7.363
	
=> Training epoch # 135	
 * Finished epoch # 135     top1:  26.934  top5:   6.953
	
=> Training epoch # 136	
 * Finished epoch # 136     top1:  26.562  top5:   7.207
	
=> Training epoch # 137	
 * Finished epoch # 137     top1:  26.875  top5:   7.119
	
=> Training epoch # 138	
 * Finished epoch # 138     top1:  26.748  top5:   7.275
	
=> Training epoch # 139	
 * Finished epoch # 139     top1:  26.455  top5:   7.295
	
=> Training epoch # 140	
 * Finished epoch # 140     top1:  27.197  top5:   7.490
	
=> Training epoch # 141	
 * Finished epoch # 141     top1:  27.012  top5:   7.461
	
=> Training epoch # 142	
 * Finished epoch # 142     top1:  27.031  top5:   7.168
	
=> Training epoch # 143	
 * Finished epoch # 143     top1:  27.002  top5:   7.158
	
=> Training epoch # 144	
 * Finished epoch # 144     top1:  26.621  top5:   7.305
	
=> Training epoch # 145	
 * Finished epoch # 145     top1:  26.875  top5:   7.051
	
=> Training epoch # 146	
 * Finished epoch # 146     top1:  26.104  top5:   7.314
	
=> Training epoch # 147	
 * Finished epoch # 147     top1:  27.236  top5:   7.695
	
=> Training epoch # 148	
 * Finished epoch # 148     top1:  27.236  top5:   7.461
	
=> Training epoch # 149	
 * Finished epoch # 149     top1:  27.295  top5:   7.588
	
=> Training epoch # 150	
 * Finished epoch # 150     top1:  26.807  top5:   7.305
	
=> Training epoch # 151	
 * Finished epoch # 151     top1:  27.207  top5:   7.412
	
=> Training epoch # 152	
 * Finished epoch # 152     top1:  27.422  top5:   7.588
	
=> Training epoch # 153	
 * Finished epoch # 153     top1:  26.719  top5:   7.197
	
=> Training epoch # 154	
 * Finished epoch # 154     top1:  27.568  top5:   7.637
	
=> Training epoch # 155	
 * Finished epoch # 155     top1:  27.012  top5:   7.598
	
=> Training epoch # 156	
 * Finished epoch # 156     top1:  27.354  top5:   7.510
	
=> Training epoch # 157	
 * Finished epoch # 157     top1:  27.910  top5:   7.480
	
=> Training epoch # 158	
 * Finished epoch # 158     top1:  27.119  top5:   7.207
	
=> Training epoch # 159	
 * Finished epoch # 159     top1:  27.666  top5:   7.617
	
=> Training epoch # 160	
 * Finished epoch # 160     top1:  27.539  top5:   7.539
	
=> Training epoch # 161	
 * Finished epoch # 161     top1:  27.588  top5:   7.305
	
=> Training epoch # 162	
 * Finished epoch # 162     top1:  28.008  top5:   7.490
	
=> Training epoch # 163	
 * Finished epoch # 163     top1:  27.559  top5:   7.812
	
=> Training epoch # 164	
 * Finished epoch # 164     top1:  27.656  top5:   7.588
	
=> Training epoch # 165	
 * Finished epoch # 165     top1:  27.852  top5:   7.822
	
=> Training epoch # 166	
 * Finished epoch # 166     top1:  27.422  top5:   7.715
	
=> Training epoch # 167	
 * Finished epoch # 167     top1:  27.432  top5:   7.705
	
=> Training epoch # 168	
 * Finished epoch # 168     top1:  27.344  top5:   7.627
	
=> Training epoch # 169	
 * Finished epoch # 169     top1:  27.998  top5:   7.549
	
=> Training epoch # 170	
 * Finished epoch # 170     top1:  27.314  top5:   7.842
	
=> Training epoch # 171	
 * Finished epoch # 171     top1:  27.002  top5:   7.490
	
=> Training epoch # 172	
 * Finished epoch # 172     top1:  27.520  top5:   7.480
	
=> Training epoch # 173	
 * Finished epoch # 173     top1:  27.822  top5:   7.490
	
=> Training epoch # 174	
 * Finished epoch # 174     top1:  27.227  top5:   7.695
	
=> Training epoch # 175	
 * Finished epoch # 175     top1:  27.637  top5:   8.154
	
=> Training epoch # 176	
 * Finished epoch # 176     top1:  27.676  top5:   7.803
	
=> Training epoch # 177	
 * Finished epoch # 177     top1:  27.480  top5:   7.764
	
=> Training epoch # 178	
 * Finished epoch # 178     top1:  27.373  top5:   8.027
	
=> Training epoch # 179	
 * Finished epoch # 179     top1:  27.891  top5:   7.910
	
=> Training epoch # 180	
 * Finished epoch # 180     top1:  27.324  top5:   8.076
	
=> Training epoch # 181	
 * Finished epoch # 181     top1:  27.568  top5:   8.271
	
=> Training epoch # 182	
 * Finished epoch # 182     top1:  27.344  top5:   8.008
	
=> Training epoch # 183	
 * Finished epoch # 183     top1:  27.471  top5:   8.096
	
=> Training epoch # 184	
 * Finished epoch # 184     top1:  27.588  top5:   8.066
	
=> Training epoch # 185	
 * Finished epoch # 185     top1:  27.803  top5:   7.939
	
=> Training epoch # 186	
 * Finished epoch # 186     top1:  28.096  top5:   8.115
	
=> Training epoch # 187	
 * Finished epoch # 187     top1:  27.656  top5:   7.998
	
=> Training epoch # 188	
 * Finished epoch # 188     top1:  28.115  top5:   8.057
	
=> Training epoch # 189	
 * Finished epoch # 189     top1:  28.311  top5:   7.773
	
=> Training epoch # 190	
 * Finished epoch # 190     top1:  28.145  top5:   8.291
	
=> Training epoch # 191	
 * Finished epoch # 191     top1:  27.715  top5:   8.311
	
=> Training epoch # 192	
 * Finished epoch # 192     top1:  27.334  top5:   7.783
	
=> Training epoch # 193	
 * Finished epoch # 193     top1:  27.764  top5:   8.467
	
=> Training epoch # 194	
 * Finished epoch # 194     top1:  27.939  top5:   8.828
	
=> Training epoch # 195	
 * Finished epoch # 195     top1:  27.822  top5:   8.408
	
=> Training epoch # 196	
 * Finished epoch # 196     top1:  27.920  top5:   8.076
	
=> Training epoch # 197	
 * Finished epoch # 197     top1:  27.832  top5:   8.057
	
=> Training epoch # 198	
 * Finished epoch # 198     top1:  28.008  top5:   8.174
	
=> Training epoch # 199	
 * Finished epoch # 199     top1:  27.500  top5:   8.105
	
=> Training epoch # 200	
 * Finished epoch # 200     top1:  28.135  top5:   8.105
	
 * Finished top1: 25.928  top5:  7.041	
