{
  cudnn : "fastest"
  LR : 0.1
  nThreads : 2
  nClasses : 0
  batchSize : 256
  testOnly : false
  netType : "resnet"
  resetClassifier : false
  shortcutType : "A"
  gen : "gen"
  nGPU : 1
  depth : 32
  weightDecay : 0.001
  data : ""
  dataset : "cifar100"
  epochNumber : 1
  manualSeed : 2
  resume : "results/results-elu/try5/cifar100/32"
  optimState : "none"
  nEpochs : 200
  tenCrop : false
  shareGradInput : false
  backend : "cudnn"
  momentum : 0.9
  retrain : "none"
}
=> Creating model from file: models/resnet.lua	
 | ResNet-32 CIFAR-100	
nn.Sequential {
  [input -> (1) -> (2) -> (3) -> (4) -> (5) -> (6) -> (7) -> (8) -> (9) -> output]
  (1): cudnn.SpatialConvolution(3 -> 16, 3x3, 1,1, 1,1) without bias
  (2): nn.ELU (alpha:1.000000)
  (3): nn.Sequential {
    [input -> (1) -> (2) -> (3) -> (4) -> (5) -> output]
    (1): nn.Sequential {
      [input -> (1) -> (2) -> output]
      (1): nn.ConcatTable {
        input
          |`-> (1): nn.Sequential {
          |      [input -> (1) -> (2) -> (3) -> (4) -> output]
          |      (1): cudnn.SpatialConvolution(16 -> 16, 3x3, 1,1, 1,1) without bias
          |      (2): nn.ELU (alpha:1.000000)
          |      (3): cudnn.SpatialConvolution(16 -> 16, 3x3, 1,1, 1,1) without bias
          |      (4): nn.SpatialBatchNormalization (4D) (16)
          |    }
           `-> (2): nn.Identity
           ... -> output
      }
      (2): nn.CAddTable
    }
    (2): nn.Sequential {
      [input -> (1) -> (2) -> output]
      (1): nn.ConcatTable {
        input
          |`-> (1): nn.Sequential {
          |      [input -> (1) -> (2) -> (3) -> (4) -> output]
          |      (1): cudnn.SpatialConvolution(16 -> 16, 3x3, 1,1, 1,1) without bias
          |      (2): nn.ELU (alpha:1.000000)
          |      (3): cudnn.SpatialConvolution(16 -> 16, 3x3, 1,1, 1,1) without bias
          |      (4): nn.SpatialBatchNormalization (4D) (16)
          |    }
           `-> (2): nn.Identity
           ... -> output
      }
      (2): nn.CAddTable
    }
    (3): nn.Sequential {
      [input -> (1) -> (2) -> output]
      (1): nn.ConcatTable {
        input
          |`-> (1): nn.Sequential {
          |      [input -> (1) -> (2) -> (3) -> (4) -> output]
          |      (1): cudnn.SpatialConvolution(16 -> 16, 3x3, 1,1, 1,1) without bias
          |      (2): nn.ELU (alpha:1.000000)
          |      (3): cudnn.SpatialConvolution(16 -> 16, 3x3, 1,1, 1,1) without bias
          |      (4): nn.SpatialBatchNormalization (4D) (16)
          |    }
           `-> (2): nn.Identity
           ... -> output
      }
      (2): nn.CAddTable
    }
    (4): nn.Sequential {
      [input -> (1) -> (2) -> output]
      (1): nn.ConcatTable {
        input
          |`-> (1): nn.Sequential {
          |      [input -> (1) -> (2) -> (3) -> (4) -> output]
          |      (1): cudnn.SpatialConvolution(16 -> 16, 3x3, 1,1, 1,1) without bias
          |      (2): nn.ELU (alpha:1.000000)
          |      (3): cudnn.SpatialConvolution(16 -> 16, 3x3, 1,1, 1,1) without bias
          |      (4): nn.SpatialBatchNormalization (4D) (16)
          |    }
           `-> (2): nn.Identity
           ... -> output
      }
      (2): nn.CAddTable
    }
    (5): nn.Sequential {
      [input -> (1) -> (2) -> output]
      (1): nn.ConcatTable {
        input
          |`-> (1): nn.Sequential {
          |      [input -> (1) -> (2) -> (3) -> (4) -> output]
          |      (1): cudnn.SpatialConvolution(16 -> 16, 3x3, 1,1, 1,1) without bias
          |      (2): nn.ELU (alpha:1.000000)
          |      (3): cudnn.SpatialConvolution(16 -> 16, 3x3, 1,1, 1,1) without bias
          |      (4): nn.SpatialBatchNormalization (4D) (16)
          |    }
           `-> (2): nn.Identity
           ... -> output
      }
      (2): nn.CAddTable
    }
  }
  (4): nn.Sequential {
    [input -> (1) -> (2) -> (3) -> (4) -> (5) -> output]
    (1): nn.Sequential {
      [input -> (1) -> (2) -> output]
      (1): nn.ConcatTable {
        input
          |`-> (1): nn.Sequential {
          |      [input -> (1) -> (2) -> (3) -> (4) -> output]
          |      (1): cudnn.SpatialConvolution(16 -> 32, 3x3, 2,2, 1,1) without bias
          |      (2): nn.ELU (alpha:1.000000)
          |      (3): cudnn.SpatialConvolution(32 -> 32, 3x3, 1,1, 1,1) without bias
          |      (4): nn.SpatialBatchNormalization (4D) (32)
          |    }
           `-> (2): nn.Sequential {
                 [input -> (1) -> (2) -> output]
                 (1): nn.SpatialAveragePooling(1x1, 2,2)
                 (2): nn.Concat {
                   input
                     |`-> (1): nn.Identity
                      `-> (2): nn.MulConstant
                      ... -> output
                 }
               }
           ... -> output
      }
      (2): nn.CAddTable
    }
    (2): nn.Sequential {
      [input -> (1) -> (2) -> output]
      (1): nn.ConcatTable {
        input
          |`-> (1): nn.Sequential {
          |      [input -> (1) -> (2) -> (3) -> (4) -> output]
          |      (1): cudnn.SpatialConvolution(32 -> 32, 3x3, 1,1, 1,1) without bias
          |      (2): nn.ELU (alpha:1.000000)
          |      (3): cudnn.SpatialConvolution(32 -> 32, 3x3, 1,1, 1,1) without bias
          |      (4): nn.SpatialBatchNormalization (4D) (32)
          |    }
           `-> (2): nn.Identity
           ... -> output
      }
      (2): nn.CAddTable
    }
    (3): nn.Sequential {
      [input -> (1) -> (2) -> output]
      (1): nn.ConcatTable {
        input
          |`-> (1): nn.Sequential {
          |      [input -> (1) -> (2) -> (3) -> (4) -> output]
          |      (1): cudnn.SpatialConvolution(32 -> 32, 3x3, 1,1, 1,1) without bias
          |      (2): nn.ELU (alpha:1.000000)
          |      (3): cudnn.SpatialConvolution(32 -> 32, 3x3, 1,1, 1,1) without bias
          |      (4): nn.SpatialBatchNormalization (4D) (32)
          |    }
           `-> (2): nn.Identity
           ... -> output
      }
      (2): nn.CAddTable
    }
    (4): nn.Sequential {
      [input -> (1) -> (2) -> output]
      (1): nn.ConcatTable {
        input
          |`-> (1): nn.Sequential {
          |      [input -> (1) -> (2) -> (3) -> (4) -> output]
          |      (1): cudnn.SpatialConvolution(32 -> 32, 3x3, 1,1, 1,1) without bias
          |      (2): nn.ELU (alpha:1.000000)
          |      (3): cudnn.SpatialConvolution(32 -> 32, 3x3, 1,1, 1,1) without bias
          |      (4): nn.SpatialBatchNormalization (4D) (32)
          |    }
           `-> (2): nn.Identity
           ... -> output
      }
      (2): nn.CAddTable
    }
    (5): nn.Sequential {
      [input -> (1) -> (2) -> output]
      (1): nn.ConcatTable {
        input
          |`-> (1): nn.Sequential {
          |      [input -> (1) -> (2) -> (3) -> (4) -> output]
          |      (1): cudnn.SpatialConvolution(32 -> 32, 3x3, 1,1, 1,1) without bias
          |      (2): nn.ELU (alpha:1.000000)
          |      (3): cudnn.SpatialConvolution(32 -> 32, 3x3, 1,1, 1,1) without bias
          |      (4): nn.SpatialBatchNormalization (4D) (32)
          |    }
           `-> (2): nn.Identity
           ... -> output
      }
      (2): nn.CAddTable
    }
  }
  (5): nn.Sequential {
    [input -> (1) -> (2) -> (3) -> (4) -> (5) -> output]
    (1): nn.Sequential {
      [input -> (1) -> (2) -> output]
      (1): nn.ConcatTable {
        input
          |`-> (1): nn.Sequential {
          |      [input -> (1) -> (2) -> (3) -> (4) -> output]
          |      (1): cudnn.SpatialConvolution(32 -> 64, 3x3, 2,2, 1,1) without bias
          |      (2): nn.ELU (alpha:1.000000)
          |      (3): cudnn.SpatialConvolution(64 -> 64, 3x3, 1,1, 1,1) without bias
          |      (4): nn.SpatialBatchNormalization (4D) (64)
          |    }
           `-> (2): nn.Sequential {
                 [input -> (1) -> (2) -> output]
                 (1): nn.SpatialAveragePooling(1x1, 2,2)
                 (2): nn.Concat {
                   input
                     |`-> (1): nn.Identity
                      `-> (2): nn.MulConstant
                      ... -> output
                 }
               }
           ... -> output
      }
      (2): nn.CAddTable
    }
    (2): nn.Sequential {
      [input -> (1) -> (2) -> output]
      (1): nn.ConcatTable {
        input
          |`-> (1): nn.Sequential {
          |      [input -> (1) -> (2) -> (3) -> (4) -> output]
          |      (1): cudnn.SpatialConvolution(64 -> 64, 3x3, 1,1, 1,1) without bias
          |      (2): nn.ELU (alpha:1.000000)
          |      (3): cudnn.SpatialConvolution(64 -> 64, 3x3, 1,1, 1,1) without bias
          |      (4): nn.SpatialBatchNormalization (4D) (64)
          |    }
           `-> (2): nn.Identity
           ... -> output
      }
      (2): nn.CAddTable
    }
    (3): nn.Sequential {
      [input -> (1) -> (2) -> output]
      (1): nn.ConcatTable {
        input
          |`-> (1): nn.Sequential {
          |      [input -> (1) -> (2) -> (3) -> (4) -> output]
          |      (1): cudnn.SpatialConvolution(64 -> 64, 3x3, 1,1, 1,1) without bias
          |      (2): nn.ELU (alpha:1.000000)
          |      (3): cudnn.SpatialConvolution(64 -> 64, 3x3, 1,1, 1,1) without bias
          |      (4): nn.SpatialBatchNormalization (4D) (64)
          |    }
           `-> (2): nn.Identity
           ... -> output
      }
      (2): nn.CAddTable
    }
    (4): nn.Sequential {
      [input -> (1) -> (2) -> output]
      (1): nn.ConcatTable {
        input
          |`-> (1): nn.Sequential {
          |      [input -> (1) -> (2) -> (3) -> (4) -> output]
          |      (1): cudnn.SpatialConvolution(64 -> 64, 3x3, 1,1, 1,1) without bias
          |      (2): nn.ELU (alpha:1.000000)
          |      (3): cudnn.SpatialConvolution(64 -> 64, 3x3, 1,1, 1,1) without bias
          |      (4): nn.SpatialBatchNormalization (4D) (64)
          |    }
           `-> (2): nn.Identity
           ... -> output
      }
      (2): nn.CAddTable
    }
    (5): nn.Sequential {
      [input -> (1) -> (2) -> output]
      (1): nn.ConcatTable {
        input
          |`-> (1): nn.Sequential {
          |      [input -> (1) -> (2) -> (3) -> (4) -> output]
          |      (1): cudnn.SpatialConvolution(64 -> 64, 3x3, 1,1, 1,1) without bias
          |      (2): nn.ELU (alpha:1.000000)
          |      (3): cudnn.SpatialConvolution(64 -> 64, 3x3, 1,1, 1,1) without bias
          |      (4): nn.SpatialBatchNormalization (4D) (64)
          |    }
           `-> (2): nn.Identity
           ... -> output
      }
      (2): nn.CAddTable
    }
  }
  (6): nn.ELU (alpha:1.000000)
  (7): cudnn.SpatialAveragePooling(8x8, 1,1)
  (8): nn.View(64)
  (9): nn.Linear(64 -> 100)
}
=> Training epoch # 1	
 * Finished epoch # 1     top1:  88.105  top5:  64.336
	
 * Best model 	88.10546875	64.3359375	
=> Training epoch # 2	
 * Finished epoch # 2     top1:  78.340  top5:  48.574
	
 * Best model 	78.33984375	48.57421875	
=> Training epoch # 3	
 * Finished epoch # 3     top1:  67.988  top5:  34.697
	
 * Best model 	67.98828125	34.697265625	
=> Training epoch # 4	
 * Finished epoch # 4     top1:  71.289  top5:  38.535
	
=> Training epoch # 5	
 * Finished epoch # 5     top1:  62.607  top5:  28.955
	
 * Best model 	62.607421875	28.955078125	
=> Training epoch # 6	
 * Finished epoch # 6     top1:  58.818  top5:  24.199
	
 * Best model 	58.818359375	24.19921875	
=> Training epoch # 7	
 * Finished epoch # 7     top1:  54.053  top5:  21.348
	
 * Best model 	54.052734375	21.34765625	
=> Training epoch # 8	
 * Finished epoch # 8     top1:  53.779  top5:  21.572
	
 * Best model 	53.779296875	21.572265625	
=> Training epoch # 9	
 * Finished epoch # 9     top1:  53.018  top5:  21.182
	
 * Best model 	53.017578125	21.181640625	
=> Training epoch # 10	
 * Finished epoch # 10     top1:  51.182  top5:  20.527
	
 * Best model 	51.181640625	20.52734375	
=> Training epoch # 11	
 * Finished epoch # 11     top1:  52.246  top5:  20.596
	
=> Training epoch # 12	
 * Finished epoch # 12     top1:  51.377  top5:  20.752
	
=> Training epoch # 13	
 * Finished epoch # 13     top1:  49.912  top5:  18.701
	
 * Best model 	49.912109375	18.701171875	
=> Training epoch # 14	
 * Finished epoch # 14     top1:  49.414  top5:  18.867
	
 * Best model 	49.4140625	18.8671875	
=> Training epoch # 15	
 * Finished epoch # 15     top1:  50.342  top5:  19.893
	
=> Training epoch # 16	
 * Finished epoch # 16     top1:  48.994  top5:  18.076
	
 * Best model 	48.994140625	18.076171875	
=> Training epoch # 17	
 * Finished epoch # 17     top1:  49.219  top5:  19.004
	
=> Training epoch # 18	
 * Finished epoch # 18     top1:  52.686  top5:  20.420
	
=> Training epoch # 19	
 * Finished epoch # 19     top1:  50.830  top5:  20.635
	
=> Training epoch # 20	
 * Finished epoch # 20     top1:  46.484  top5:  16.455
	
 * Best model 	46.484375	16.455078125	
=> Training epoch # 21	
 * Finished epoch # 21     top1:  44.580  top5:  16.289
	
 * Best model 	44.580078125	16.2890625	
=> Training epoch # 22	
 * Finished epoch # 22     top1:  46.406  top5:  17.734
	
=> Training epoch # 23	
 * Finished epoch # 23     top1:  49.580  top5:  19.238
	
=> Training epoch # 24	
 * Finished epoch # 24     top1:  50.908  top5:  20.010
	
=> Training epoch # 25	
 * Finished epoch # 25     top1:  44.756  top5:  15.244
	
=> Training epoch # 26	
 * Finished epoch # 26     top1:  45.234  top5:  16.045
	
=> Training epoch # 27	
 * Finished epoch # 27     top1:  49.062  top5:  19.209
	
=> Training epoch # 28	
 * Finished epoch # 28     top1:  47.910  top5:  17.754
	
=> Training epoch # 29	
 * Finished epoch # 29     top1:  48.291  top5:  18.115
	
=> Training epoch # 30	
 * Finished epoch # 30     top1:  51.768  top5:  20.684
	
=> Training epoch # 31	
 * Finished epoch # 31     top1:  47.744  top5:  17.295
	
=> Training epoch # 32	
 * Finished epoch # 32     top1:  46.387  top5:  16.309
	
=> Training epoch # 33	
 * Finished epoch # 33     top1:  48.340  top5:  17.979
	
=> Training epoch # 34	
 * Finished epoch # 34     top1:  44.814  top5:  15.439
	
=> Training epoch # 35	
 * Finished epoch # 35     top1:  45.596  top5:  16.357
	
=> Training epoch # 36	
 * Finished epoch # 36     top1:  48.184  top5:  17.197
	
=> Training epoch # 37	
 * Finished epoch # 37     top1:  46.045  top5:  16.641
	
=> Training epoch # 38	
 * Finished epoch # 38     top1:  46.826  top5:  16.592
	
=> Training epoch # 39	
 * Finished epoch # 39     top1:  46.660  top5:  16.494
	
=> Training epoch # 40	
 * Finished epoch # 40     top1:  49.854  top5:  20.000
	
=> Training epoch # 41	
 * Finished epoch # 41     top1:  47.139  top5:  16.357
	
=> Training epoch # 42	
 * Finished epoch # 42     top1:  47.559  top5:  17.930
	
=> Training epoch # 43	
 * Finished epoch # 43     top1:  46.250  top5:  17.275
	
=> Training epoch # 44	
 * Finished epoch # 44     top1:  47.002  top5:  17.871
	
=> Training epoch # 45	
 * Finished epoch # 45     top1:  45.234  top5:  15.947
	
=> Training epoch # 46	
 * Finished epoch # 46     top1:  50.352  top5:  20.215
	
=> Training epoch # 47	
 * Finished epoch # 47     top1:  47.910  top5:  17.598
	
=> Training epoch # 48	
 * Finished epoch # 48     top1:  45.391  top5:  14.531
	
=> Training epoch # 49	
 * Finished epoch # 49     top1:  49.121  top5:  18.916
	
=> Training epoch # 50	
 * Finished epoch # 50     top1:  46.426  top5:  16.934
	
=> Training epoch # 51	
 * Finished epoch # 51     top1:  46.689  top5:  16.963
	
=> Training epoch # 52	
 * Finished epoch # 52     top1:  47.295  top5:  16.621
	
=> Training epoch # 53	
 * Finished epoch # 53     top1:  47.031  top5:  18.535
	
=> Training epoch # 54	
 * Finished epoch # 54     top1:  45.459  top5:  16.299
	
=> Training epoch # 55	
 * Finished epoch # 55     top1:  45.342  top5:  16.914
	
=> Training epoch # 56	
 * Finished epoch # 56     top1:  48.105  top5:  16.895
	
=> Training epoch # 57	
 * Finished epoch # 57     top1:  47.109  top5:  17.197
	
=> Training epoch # 58	
 * Finished epoch # 58     top1:  49.990  top5:  18.789
	
=> Training epoch # 59	
 * Finished epoch # 59     top1:  47.744  top5:  18.887
	
=> Training epoch # 60	
 * Finished epoch # 60     top1:  50.820  top5:  19.980
	
=> Training epoch # 61	
 * Finished epoch # 61     top1:  45.859  top5:  16.875
	
=> Training epoch # 62	
 * Finished epoch # 62     top1:  45.605  top5:  15.693
	
=> Training epoch # 63	
 * Finished epoch # 63     top1:  47.881  top5:  18.164
	
=> Training epoch # 64	
 * Finished epoch # 64     top1:  42.881  top5:  14.551
	
 * Best model 	42.880859375	14.55078125	
=> Training epoch # 65	
 * Finished epoch # 65     top1:  45.439  top5:  16.260
	
=> Training epoch # 66	
 * Finished epoch # 66     top1:  45.654  top5:  15.098
	
=> Training epoch # 67	
 * Finished epoch # 67     top1:  43.408  top5:  14.609
	
=> Training epoch # 68	
 * Finished epoch # 68     top1:  45.889  top5:  16.123
	
=> Training epoch # 69	
 * Finished epoch # 69     top1:  46.943  top5:  16.963
	
=> Training epoch # 70	
 * Finished epoch # 70     top1:  44.160  top5:  14.766
	
=> Training epoch # 71	
 * Finished epoch # 71     top1:  48.496  top5:  17.764
	
=> Training epoch # 72	
 * Finished epoch # 72     top1:  45.420  top5:  16.377
	
=> Training epoch # 73	
 * Finished epoch # 73     top1:  45.342  top5:  15.273
	
=> Training epoch # 74	
 * Finished epoch # 74     top1:  46.396  top5:  17.266
	
=> Training epoch # 75	
 * Finished epoch # 75     top1:  45.557  top5:  17.109
	
=> Training epoch # 76	
 * Finished epoch # 76     top1:  45.400  top5:  16.406
	
=> Training epoch # 77	
 * Finished epoch # 77     top1:  45.918  top5:  16.504
	
=> Training epoch # 78	
 * Finished epoch # 78     top1:  49.180  top5:  17.490
	
=> Training epoch # 79	
 * Finished epoch # 79     top1:  47.559  top5:  17.441
	
=> Training epoch # 80	
 * Finished epoch # 80     top1:  44.805  top5:  15.703
	
=> Training epoch # 81	
 * Finished epoch # 81     top1:  31.924  top5:   8.740
	
 * Best model 	31.923828125	8.740234375	
=> Training epoch # 82	
 * Finished epoch # 82     top1:  31.113  top5:   8.037
	
 * Best model 	31.11328125	8.037109375	
=> Training epoch # 83	
 * Finished epoch # 83     top1:  31.963  top5:   7.998
	
=> Training epoch # 84	
 * Finished epoch # 84     top1:  31.699  top5:   8.135
	
=> Training epoch # 85	
 * Finished epoch # 85     top1:  31.465  top5:   8.174
	
=> Training epoch # 86	
 * Finished epoch # 86     top1:  30.967  top5:   8.281
	
 * Best model 	30.966796875	8.28125	
=> Training epoch # 87	
 * Finished epoch # 87     top1:  30.781  top5:   7.676
	
 * Best model 	30.78125	7.67578125	
=> Training epoch # 88	
 * Finished epoch # 88     top1:  31.357  top5:   8.271
	
=> Training epoch # 89	
 * Finished epoch # 89     top1:  31.768  top5:   8.301
	
=> Training epoch # 90	
 * Finished epoch # 90     top1:  31.250  top5:   8.613
	
=> Training epoch # 91	
 * Finished epoch # 91     top1:  31.895  top5:   8.613
	
=> Training epoch # 92	
 * Finished epoch # 92     top1:  31.641  top5:   8.623
	
=> Training epoch # 93	
 * Finished epoch # 93     top1:  31.660  top5:   8.340
	
=> Training epoch # 94	
 * Finished epoch # 94     top1:  33.398  top5:   9.414
	
=> Training epoch # 95	
 * Finished epoch # 95     top1:  32.881  top5:   9.072
	
=> Training epoch # 96	
 * Finished epoch # 96     top1:  33.730  top5:   9.209
	
=> Training epoch # 97	
 * Finished epoch # 97     top1:  32.871  top5:   8.721
	
=> Training epoch # 98	
 * Finished epoch # 98     top1:  34.229  top5:  10.303
	
=> Training epoch # 99	
 * Finished epoch # 99     top1:  33.965  top5:   8.994
	
=> Training epoch # 100	
 * Finished epoch # 100     top1:  33.955  top5:   9.736
	
=> Training epoch # 101	
 * Finished epoch # 101     top1:  34.062  top5:   9.883
	
=> Training epoch # 102	
 * Finished epoch # 102     top1:  36.035  top5:  10.869
	
=> Training epoch # 103	
 * Finished epoch # 103     top1:  34.824  top5:   9.980
	
=> Training epoch # 104	
 * Finished epoch # 104     top1:  33.623  top5:  10.010
	
=> Training epoch # 105	
 * Finished epoch # 105     top1:  35.146  top5:  10.703
	
=> Training epoch # 106	
 * Finished epoch # 106     top1:  33.770  top5:   9.580
	
=> Training epoch # 107	
 * Finished epoch # 107     top1:  36.045  top5:  11.211
	
=> Training epoch # 108	
 * Finished epoch # 108     top1:  35.527  top5:  10.508
	
=> Training epoch # 109	
 * Finished epoch # 109     top1:  36.387  top5:  10.762
	
=> Training epoch # 110	
 * Finished epoch # 110     top1:  36.377  top5:  11.133
	
=> Training epoch # 111	
 * Finished epoch # 111     top1:  36.797  top5:  11.230
	
=> Training epoch # 112	
 * Finished epoch # 112     top1:  37.354  top5:  11.211
	
=> Training epoch # 113	
 * Finished epoch # 113     top1:  37.139  top5:  11.992
	
=> Training epoch # 114	
 * Finished epoch # 114     top1:  37.998  top5:  12.803
	
=> Training epoch # 115	
 * Finished epoch # 115     top1:  38.447  top5:  11.875
	
=> Training epoch # 116	
 * Finished epoch # 116     top1:  38.672  top5:  12.910
	
=> Training epoch # 117	
 * Finished epoch # 117     top1:  36.289  top5:  11.631
	
=> Training epoch # 118	
 * Finished epoch # 118     top1:  37.549  top5:  12.041
	
=> Training epoch # 119	
 * Finished epoch # 119     top1:  35.488  top5:  11.230
	
=> Training epoch # 120	
 * Finished epoch # 120     top1:  39.941  top5:  13.232
	
=> Training epoch # 121	
 * Finished epoch # 121     top1:  37.412  top5:  11.094
	
=> Training epoch # 122	
 * Finished epoch # 122     top1:  29.014  top5:   7.402
	
 * Best model 	29.013671875	7.40234375	
=> Training epoch # 123	
 * Finished epoch # 123     top1:  28.516  top5:   7.314
	
 * Best model 	28.515625	7.314453125	
=> Training epoch # 124	
 * Finished epoch # 124     top1:  28.379  top5:   7.627
	
 * Best model 	28.37890625	7.626953125	
=> Training epoch # 125	
 * Finished epoch # 125     top1:  28.965  top5:   7.783
	
=> Training epoch # 126	
 * Finished epoch # 126     top1:  29.199  top5:   7.676
	
=> Training epoch # 127	
 * Finished epoch # 127     top1:  29.004  top5:   8.008
	
=> Training epoch # 128	
 * Finished epoch # 128     top1:  29.072  top5:   7.822
	
=> Training epoch # 129	
 * Finished epoch # 129     top1:  28.721  top5:   7.588
	
=> Training epoch # 130	
 * Finished epoch # 130     top1:  28.945  top5:   7.842
	
=> Training epoch # 131	
 * Finished epoch # 131     top1:  29.785  top5:   7.910
	
=> Training epoch # 132	
 * Finished epoch # 132     top1:  29.375  top5:   7.842
	
=> Training epoch # 133	
 * Finished epoch # 133     top1:  29.014  top5:   7.754
	
=> Training epoch # 134	
 * Finished epoch # 134     top1:  29.424  top5:   7.783
	
=> Training epoch # 135	
 * Finished epoch # 135     top1:  28.984  top5:   7.822
	
=> Training epoch # 136	
 * Finished epoch # 136     top1:  30.049  top5:   8.115
	
=> Training epoch # 137	
 * Finished epoch # 137     top1:  28.740  top5:   7.607
	
=> Training epoch # 138	
 * Finished epoch # 138     top1:  29.307  top5:   7.783
	
=> Training epoch # 139	
 * Finished epoch # 139     top1:  29.443  top5:   7.969
	
=> Training epoch # 140	
 * Finished epoch # 140     top1:  29.375  top5:   8.145
	
=> Training epoch # 141	
 * Finished epoch # 141     top1:  29.053  top5:   7.646
	
=> Training epoch # 142	
 * Finished epoch # 142     top1:  29.375  top5:   7.744
	
=> Training epoch # 143	
 * Finished epoch # 143     top1:  29.805  top5:   8.174
	
=> Training epoch # 144	
 * Finished epoch # 144     top1:  29.619  top5:   7.852
	
=> Training epoch # 145	
 * Finished epoch # 145     top1:  29.697  top5:   7.686
	
=> Training epoch # 146	
 * Finished epoch # 146     top1:  30.215  top5:   8.066
	
=> Training epoch # 147	
 * Finished epoch # 147     top1:  29.873  top5:   8.330
	
=> Training epoch # 148	
 * Finished epoch # 148     top1:  29.697  top5:   8.242
	
=> Training epoch # 149	
 * Finished epoch # 149     top1:  29.111  top5:   7.871
	
=> Training epoch # 150	
 * Finished epoch # 150     top1:  29.629  top5:   8.105
	
=> Training epoch # 151	
 * Finished epoch # 151     top1:  29.600  top5:   7.988
	
=> Training epoch # 152	
 * Finished epoch # 152     top1:  29.375  top5:   7.920
	
=> Training epoch # 153	
 * Finished epoch # 153     top1:  29.717  top5:   8.242
	
=> Training epoch # 154	
 * Finished epoch # 154     top1:  30.166  top5:   8.291
	
=> Training epoch # 155	
 * Finished epoch # 155     top1:  30.117  top5:   7.969
	
=> Training epoch # 156	
 * Finished epoch # 156     top1:  29.785  top5:   8.408
	
=> Training epoch # 157	
 * Finished epoch # 157     top1:  30.049  top5:   8.301
	
=> Training epoch # 158	
 * Finished epoch # 158     top1:  30.215  top5:   8.438
	
=> Training epoch # 159	
 * Finished epoch # 159     top1:  30.332  top5:   8.291
	
=> Training epoch # 160	
 * Finished epoch # 160     top1:  29.219  top5:   7.861
	
=> Training epoch # 161	
 * Finished epoch # 161     top1:  29.336  top5:   8.066
	
=> Training epoch # 162	
 * Finished epoch # 162     top1:  29.951  top5:   8.193
	
=> Training epoch # 163	
 * Finished epoch # 163     top1:  29.414  top5:   8.301
	
=> Training epoch # 164	
 * Finished epoch # 164     top1:  30.596  top5:   8.564
	
=> Training epoch # 165	
 * Finished epoch # 165     top1:  29.902  top5:   8.340
	
=> Training epoch # 166	
 * Finished epoch # 166     top1:  30.371  top5:   8.232
	
=> Training epoch # 167	
 * Finished epoch # 167     top1:  30.322  top5:   8.311
	
=> Training epoch # 168	
 * Finished epoch # 168     top1:  29.863  top5:   8.027
	
=> Training epoch # 169	
 * Finished epoch # 169     top1:  29.951  top5:   8.135
	
=> Training epoch # 170	
 * Finished epoch # 170     top1:  30.352  top5:   8.164
	
=> Training epoch # 171	
 * Finished epoch # 171     top1:  30.566  top5:   8.867
	
=> Training epoch # 172	
 * Finished epoch # 172     top1:  30.400  top5:   8.486
	
=> Training epoch # 173	
 * Finished epoch # 173     top1:  30.029  top5:   8.154
	
=> Training epoch # 174	
 * Finished epoch # 174     top1:  30.986  top5:   8.848
	
=> Training epoch # 175	
 * Finished epoch # 175     top1:  30.459  top5:   8.184
	
=> Training epoch # 176	
 * Finished epoch # 176     top1:  29.619  top5:   8.311
	
=> Training epoch # 177	
 * Finished epoch # 177     top1:  31.084  top5:   8.828
	
=> Training epoch # 178	
 * Finished epoch # 178     top1:  31.035  top5:   8.467
	
=> Training epoch # 179	
 * Finished epoch # 179     top1:  30.283  top5:   8.574
	
=> Training epoch # 180	
 * Finished epoch # 180     top1:  30.049  top5:   8.447
	
=> Training epoch # 181	
 * Finished epoch # 181     top1:  31.104  top5:   8.779
	
=> Training epoch # 182	
 * Finished epoch # 182     top1:  31.289  top5:   8.818
	
=> Training epoch # 183	
 * Finished epoch # 183     top1:  30.283  top5:   8.213
	
=> Training epoch # 184	
 * Finished epoch # 184     top1:  31.123  top5:   8.574
	
=> Training epoch # 185	
 * Finished epoch # 185     top1:  30.566  top5:   8.770
	
=> Training epoch # 186	
 * Finished epoch # 186     top1:  29.912  top5:   8.545
	
=> Training epoch # 187	
 * Finished epoch # 187     top1:  30.566  top5:   8.662
	
=> Training epoch # 188	
 * Finished epoch # 188     top1:  30.781  top5:   8.711
	
=> Training epoch # 189	
 * Finished epoch # 189     top1:  30.117  top5:   8.574
	
=> Training epoch # 190	
 * Finished epoch # 190     top1:  30.586  top5:   8.555
	
=> Training epoch # 191	
 * Finished epoch # 191     top1:  30.615  top5:   8.652
	
=> Training epoch # 192	
 * Finished epoch # 192     top1:  31.289  top5:   9.277
	
=> Training epoch # 193	
 * Finished epoch # 193     top1:  31.406  top5:   9.053
	
=> Training epoch # 194	
 * Finished epoch # 194     top1:  30.439  top5:   8.975
	
=> Training epoch # 195	
 * Finished epoch # 195     top1:  30.381  top5:   8.896
	
=> Training epoch # 196	
 * Finished epoch # 196     top1:  31.230  top5:   8.965
	
=> Training epoch # 197	
 * Finished epoch # 197     top1:  31.328  top5:   8.857
	
=> Training epoch # 198	
 * Finished epoch # 198     top1:  31.035  top5:   8.828
	
=> Training epoch # 199	
 * Finished epoch # 199     top1:  31.152  top5:   9.170
	
=> Training epoch # 200	
 * Finished epoch # 200     top1:  31.396  top5:   9.023
	
 * Finished top1: 28.379  top5:  7.627	
