{
  cudnn : "fastest"
  LR : 0.1
  nThreads : 2
  nClasses : 0
  batchSize : 256
  testOnly : false
  netType : "resnet"
  resetClassifier : false
  shortcutType : "A"
  gen : "gen"
  nGPU : 1
  depth : 44
  weightDecay : 0.001
  data : ""
  dataset : "cifar100"
  epochNumber : 1
  manualSeed : 2
  resume : "results/try4/cifar100/44"
  optimState : "none"
  nEpochs : 200
  tenCrop : false
  shareGradInput : false
  backend : "cudnn"
  momentum : 0.9
  retrain : "none"
}
=> Creating model from file: models/resnet.lua	
 | ResNet-44 CIFAR-100	
nn.Sequential {
  [input -> (1) -> (2) -> (3) -> (4) -> (5) -> (6) -> (7) -> (8) -> (9) -> output]
  (1): cudnn.SpatialConvolution(3 -> 16, 3x3, 1,1, 1,1) without bias
  (2): nn.Sequential {
    [input -> (1) -> (2) -> (3) -> output]
    (1): nn.ConstrainedDiv
    (2): nn.ELU (alpha:1.000000)
    (3): nn.ConstrainedMul
  }
  (3): nn.Sequential {
    [input -> (1) -> (2) -> (3) -> (4) -> (5) -> (6) -> (7) -> output]
    (1): nn.Sequential {
      [input -> (1) -> (2) -> output]
      (1): nn.ConcatTable {
        input
          |`-> (1): nn.Sequential {
          |      [input -> (1) -> (2) -> (3) -> (4) -> output]
          |      (1): cudnn.SpatialConvolution(16 -> 16, 3x3, 1,1, 1,1) without bias
          |      (2): nn.Sequential {
          |        [input -> (1) -> (2) -> (3) -> output]
          |        (1): nn.ConstrainedDiv
          |        (2): nn.ELU (alpha:1.000000)
          |        (3): nn.ConstrainedMul
          |      }
          |      (3): cudnn.SpatialConvolution(16 -> 16, 3x3, 1,1, 1,1) without bias
          |      (4): nn.SpatialBatchNormalization (4D) (16)
          |    }
           `-> (2): nn.Identity
           ... -> output
      }
      (2): nn.CAddTable
    }
    (2): nn.Sequential {
      [input -> (1) -> (2) -> output]
      (1): nn.ConcatTable {
        input
          |`-> (1): nn.Sequential {
          |      [input -> (1) -> (2) -> (3) -> (4) -> output]
          |      (1): cudnn.SpatialConvolution(16 -> 16, 3x3, 1,1, 1,1) without bias
          |      (2): nn.Sequential {
          |        [input -> (1) -> (2) -> (3) -> output]
          |        (1): nn.ConstrainedDiv
          |        (2): nn.ELU (alpha:1.000000)
          |        (3): nn.ConstrainedMul
          |      }
          |      (3): cudnn.SpatialConvolution(16 -> 16, 3x3, 1,1, 1,1) without bias
          |      (4): nn.SpatialBatchNormalization (4D) (16)
          |    }
           `-> (2): nn.Identity
           ... -> output
      }
      (2): nn.CAddTable
    }
    (3): nn.Sequential {
      [input -> (1) -> (2) -> output]
      (1): nn.ConcatTable {
        input
          |`-> (1): nn.Sequential {
          |      [input -> (1) -> (2) -> (3) -> (4) -> output]
          |      (1): cudnn.SpatialConvolution(16 -> 16, 3x3, 1,1, 1,1) without bias
          |      (2): nn.Sequential {
          |        [input -> (1) -> (2) -> (3) -> output]
          |        (1): nn.ConstrainedDiv
          |        (2): nn.ELU (alpha:1.000000)
          |        (3): nn.ConstrainedMul
          |      }
          |      (3): cudnn.SpatialConvolution(16 -> 16, 3x3, 1,1, 1,1) without bias
          |      (4): nn.SpatialBatchNormalization (4D) (16)
          |    }
           `-> (2): nn.Identity
           ... -> output
      }
      (2): nn.CAddTable
    }
    (4): nn.Sequential {
      [input -> (1) -> (2) -> output]
      (1): nn.ConcatTable {
        input
          |`-> (1): nn.Sequential {
          |      [input -> (1) -> (2) -> (3) -> (4) -> output]
          |      (1): cudnn.SpatialConvolution(16 -> 16, 3x3, 1,1, 1,1) without bias
          |      (2): nn.Sequential {
          |        [input -> (1) -> (2) -> (3) -> output]
          |        (1): nn.ConstrainedDiv
          |        (2): nn.ELU (alpha:1.000000)
          |        (3): nn.ConstrainedMul
          |      }
          |      (3): cudnn.SpatialConvolution(16 -> 16, 3x3, 1,1, 1,1) without bias
          |      (4): nn.SpatialBatchNormalization (4D) (16)
          |    }
           `-> (2): nn.Identity
           ... -> output
      }
      (2): nn.CAddTable
    }
    (5): nn.Sequential {
      [input -> (1) -> (2) -> output]
      (1): nn.ConcatTable {
        input
          |`-> (1): nn.Sequential {
          |      [input -> (1) -> (2) -> (3) -> (4) -> output]
          |      (1): cudnn.SpatialConvolution(16 -> 16, 3x3, 1,1, 1,1) without bias
          |      (2): nn.Sequential {
          |        [input -> (1) -> (2) -> (3) -> output]
          |        (1): nn.ConstrainedDiv
          |        (2): nn.ELU (alpha:1.000000)
          |        (3): nn.ConstrainedMul
          |      }
          |      (3): cudnn.SpatialConvolution(16 -> 16, 3x3, 1,1, 1,1) without bias
          |      (4): nn.SpatialBatchNormalization (4D) (16)
          |    }
           `-> (2): nn.Identity
           ... -> output
      }
      (2): nn.CAddTable
    }
    (6): nn.Sequential {
      [input -> (1) -> (2) -> output]
      (1): nn.ConcatTable {
        input
          |`-> (1): nn.Sequential {
          |      [input -> (1) -> (2) -> (3) -> (4) -> output]
          |      (1): cudnn.SpatialConvolution(16 -> 16, 3x3, 1,1, 1,1) without bias
          |      (2): nn.Sequential {
          |        [input -> (1) -> (2) -> (3) -> output]
          |        (1): nn.ConstrainedDiv
          |        (2): nn.ELU (alpha:1.000000)
          |        (3): nn.ConstrainedMul
          |      }
          |      (3): cudnn.SpatialConvolution(16 -> 16, 3x3, 1,1, 1,1) without bias
          |      (4): nn.SpatialBatchNormalization (4D) (16)
          |    }
           `-> (2): nn.Identity
           ... -> output
      }
      (2): nn.CAddTable
    }
    (7): nn.Sequential {
      [input -> (1) -> (2) -> output]
      (1): nn.ConcatTable {
        input
          |`-> (1): nn.Sequential {
          |      [input -> (1) -> (2) -> (3) -> (4) -> output]
          |      (1): cudnn.SpatialConvolution(16 -> 16, 3x3, 1,1, 1,1) without bias
          |      (2): nn.Sequential {
          |        [input -> (1) -> (2) -> (3) -> output]
          |        (1): nn.ConstrainedDiv
          |        (2): nn.ELU (alpha:1.000000)
          |        (3): nn.ConstrainedMul
          |      }
          |      (3): cudnn.SpatialConvolution(16 -> 16, 3x3, 1,1, 1,1) without bias
          |      (4): nn.SpatialBatchNormalization (4D) (16)
          |    }
           `-> (2): nn.Identity
           ... -> output
      }
      (2): nn.CAddTable
    }
  }
  (4): nn.Sequential {
    [input -> (1) -> (2) -> (3) -> (4) -> (5) -> (6) -> (7) -> output]
    (1): nn.Sequential {
      [input -> (1) -> (2) -> output]
      (1): nn.ConcatTable {
        input
          |`-> (1): nn.Sequential {
          |      [input -> (1) -> (2) -> (3) -> (4) -> output]
          |      (1): cudnn.SpatialConvolution(16 -> 32, 3x3, 2,2, 1,1) without bias
          |      (2): nn.Sequential {
          |        [input -> (1) -> (2) -> (3) -> output]
          |        (1): nn.ConstrainedDiv
          |        (2): nn.ELU (alpha:1.000000)
          |        (3): nn.ConstrainedMul
          |      }
          |      (3): cudnn.SpatialConvolution(32 -> 32, 3x3, 1,1, 1,1) without bias
          |      (4): nn.SpatialBatchNormalization (4D) (32)
          |    }
           `-> (2): nn.Sequential {
                 [input -> (1) -> (2) -> output]
                 (1): nn.SpatialAveragePooling(1x1, 2,2)
                 (2): nn.Concat {
                   input
                     |`-> (1): nn.Identity
                      `-> (2): nn.MulConstant
                      ... -> output
                 }
               }
           ... -> output
      }
      (2): nn.CAddTable
    }
    (2): nn.Sequential {
      [input -> (1) -> (2) -> output]
      (1): nn.ConcatTable {
        input
          |`-> (1): nn.Sequential {
          |      [input -> (1) -> (2) -> (3) -> (4) -> output]
          |      (1): cudnn.SpatialConvolution(32 -> 32, 3x3, 1,1, 1,1) without bias
          |      (2): nn.Sequential {
          |        [input -> (1) -> (2) -> (3) -> output]
          |        (1): nn.ConstrainedDiv
          |        (2): nn.ELU (alpha:1.000000)
          |        (3): nn.ConstrainedMul
          |      }
          |      (3): cudnn.SpatialConvolution(32 -> 32, 3x3, 1,1, 1,1) without bias
          |      (4): nn.SpatialBatchNormalization (4D) (32)
          |    }
           `-> (2): nn.Identity
           ... -> output
      }
      (2): nn.CAddTable
    }
    (3): nn.Sequential {
      [input -> (1) -> (2) -> output]
      (1): nn.ConcatTable {
        input
          |`-> (1): nn.Sequential {
          |      [input -> (1) -> (2) -> (3) -> (4) -> output]
          |      (1): cudnn.SpatialConvolution(32 -> 32, 3x3, 1,1, 1,1) without bias
          |      (2): nn.Sequential {
          |        [input -> (1) -> (2) -> (3) -> output]
          |        (1): nn.ConstrainedDiv
          |        (2): nn.ELU (alpha:1.000000)
          |        (3): nn.ConstrainedMul
          |      }
          |      (3): cudnn.SpatialConvolution(32 -> 32, 3x3, 1,1, 1,1) without bias
          |      (4): nn.SpatialBatchNormalization (4D) (32)
          |    }
           `-> (2): nn.Identity
           ... -> output
      }
      (2): nn.CAddTable
    }
    (4): nn.Sequential {
      [input -> (1) -> (2) -> output]
      (1): nn.ConcatTable {
        input
          |`-> (1): nn.Sequential {
          |      [input -> (1) -> (2) -> (3) -> (4) -> output]
          |      (1): cudnn.SpatialConvolution(32 -> 32, 3x3, 1,1, 1,1) without bias
          |      (2): nn.Sequential {
          |        [input -> (1) -> (2) -> (3) -> output]
          |        (1): nn.ConstrainedDiv
          |        (2): nn.ELU (alpha:1.000000)
          |        (3): nn.ConstrainedMul
          |      }
          |      (3): cudnn.SpatialConvolution(32 -> 32, 3x3, 1,1, 1,1) without bias
          |      (4): nn.SpatialBatchNormalization (4D) (32)
          |    }
           `-> (2): nn.Identity
           ... -> output
      }
      (2): nn.CAddTable
    }
    (5): nn.Sequential {
      [input -> (1) -> (2) -> output]
      (1): nn.ConcatTable {
        input
          |`-> (1): nn.Sequential {
          |      [input -> (1) -> (2) -> (3) -> (4) -> output]
          |      (1): cudnn.SpatialConvolution(32 -> 32, 3x3, 1,1, 1,1) without bias
          |      (2): nn.Sequential {
          |        [input -> (1) -> (2) -> (3) -> output]
          |        (1): nn.ConstrainedDiv
          |        (2): nn.ELU (alpha:1.000000)
          |        (3): nn.ConstrainedMul
          |      }
          |      (3): cudnn.SpatialConvolution(32 -> 32, 3x3, 1,1, 1,1) without bias
          |      (4): nn.SpatialBatchNormalization (4D) (32)
          |    }
           `-> (2): nn.Identity
           ... -> output
      }
      (2): nn.CAddTable
    }
    (6): nn.Sequential {
      [input -> (1) -> (2) -> output]
      (1): nn.ConcatTable {
        input
          |`-> (1): nn.Sequential {
          |      [input -> (1) -> (2) -> (3) -> (4) -> output]
          |      (1): cudnn.SpatialConvolution(32 -> 32, 3x3, 1,1, 1,1) without bias
          |      (2): nn.Sequential {
          |        [input -> (1) -> (2) -> (3) -> output]
          |        (1): nn.ConstrainedDiv
          |        (2): nn.ELU (alpha:1.000000)
          |        (3): nn.ConstrainedMul
          |      }
          |      (3): cudnn.SpatialConvolution(32 -> 32, 3x3, 1,1, 1,1) without bias
          |      (4): nn.SpatialBatchNormalization (4D) (32)
          |    }
           `-> (2): nn.Identity
           ... -> output
      }
      (2): nn.CAddTable
    }
    (7): nn.Sequential {
      [input -> (1) -> (2) -> output]
      (1): nn.ConcatTable {
        input
          |`-> (1): nn.Sequential {
          |      [input -> (1) -> (2) -> (3) -> (4) -> output]
          |      (1): cudnn.SpatialConvolution(32 -> 32, 3x3, 1,1, 1,1) without bias
          |      (2): nn.Sequential {
          |        [input -> (1) -> (2) -> (3) -> output]
          |        (1): nn.ConstrainedDiv
          |        (2): nn.ELU (alpha:1.000000)
          |        (3): nn.ConstrainedMul
          |      }
          |      (3): cudnn.SpatialConvolution(32 -> 32, 3x3, 1,1, 1,1) without bias
          |      (4): nn.SpatialBatchNormalization (4D) (32)
          |    }
           `-> (2): nn.Identity
           ... -> output
      }
      (2): nn.CAddTable
    }
  }
  (5): nn.Sequential {
    [input -> (1) -> (2) -> (3) -> (4) -> (5) -> (6) -> (7) -> output]
    (1): nn.Sequential {
      [input -> (1) -> (2) -> output]
      (1): nn.ConcatTable {
        input
          |`-> (1): nn.Sequential {
          |      [input -> (1) -> (2) -> (3) -> (4) -> output]
          |      (1): cudnn.SpatialConvolution(32 -> 64, 3x3, 2,2, 1,1) without bias
          |      (2): nn.Sequential {
          |        [input -> (1) -> (2) -> (3) -> output]
          |        (1): nn.ConstrainedDiv
          |        (2): nn.ELU (alpha:1.000000)
          |        (3): nn.ConstrainedMul
          |      }
          |      (3): cudnn.SpatialConvolution(64 -> 64, 3x3, 1,1, 1,1) without bias
          |      (4): nn.SpatialBatchNormalization (4D) (64)
          |    }
           `-> (2): nn.Sequential {
                 [input -> (1) -> (2) -> output]
                 (1): nn.SpatialAveragePooling(1x1, 2,2)
                 (2): nn.Concat {
                   input
                     |`-> (1): nn.Identity
                      `-> (2): nn.MulConstant
                      ... -> output
                 }
               }
           ... -> output
      }
      (2): nn.CAddTable
    }
    (2): nn.Sequential {
      [input -> (1) -> (2) -> output]
      (1): nn.ConcatTable {
        input
          |`-> (1): nn.Sequential {
          |      [input -> (1) -> (2) -> (3) -> (4) -> output]
          |      (1): cudnn.SpatialConvolution(64 -> 64, 3x3, 1,1, 1,1) without bias
          |      (2): nn.Sequential {
          |        [input -> (1) -> (2) -> (3) -> output]
          |        (1): nn.ConstrainedDiv
          |        (2): nn.ELU (alpha:1.000000)
          |        (3): nn.ConstrainedMul
          |      }
          |      (3): cudnn.SpatialConvolution(64 -> 64, 3x3, 1,1, 1,1) without bias
          |      (4): nn.SpatialBatchNormalization (4D) (64)
          |    }
           `-> (2): nn.Identity
           ... -> output
      }
      (2): nn.CAddTable
    }
    (3): nn.Sequential {
      [input -> (1) -> (2) -> output]
      (1): nn.ConcatTable {
        input
          |`-> (1): nn.Sequential {
          |      [input -> (1) -> (2) -> (3) -> (4) -> output]
          |      (1): cudnn.SpatialConvolution(64 -> 64, 3x3, 1,1, 1,1) without bias
          |      (2): nn.Sequential {
          |        [input -> (1) -> (2) -> (3) -> output]
          |        (1): nn.ConstrainedDiv
          |        (2): nn.ELU (alpha:1.000000)
          |        (3): nn.ConstrainedMul
          |      }
          |      (3): cudnn.SpatialConvolution(64 -> 64, 3x3, 1,1, 1,1) without bias
          |      (4): nn.SpatialBatchNormalization (4D) (64)
          |    }
           `-> (2): nn.Identity
           ... -> output
      }
      (2): nn.CAddTable
    }
    (4): nn.Sequential {
      [input -> (1) -> (2) -> output]
      (1): nn.ConcatTable {
        input
          |`-> (1): nn.Sequential {
          |      [input -> (1) -> (2) -> (3) -> (4) -> output]
          |      (1): cudnn.SpatialConvolution(64 -> 64, 3x3, 1,1, 1,1) without bias
          |      (2): nn.Sequential {
          |        [input -> (1) -> (2) -> (3) -> output]
          |        (1): nn.ConstrainedDiv
          |        (2): nn.ELU (alpha:1.000000)
          |        (3): nn.ConstrainedMul
          |      }
          |      (3): cudnn.SpatialConvolution(64 -> 64, 3x3, 1,1, 1,1) without bias
          |      (4): nn.SpatialBatchNormalization (4D) (64)
          |    }
           `-> (2): nn.Identity
           ... -> output
      }
      (2): nn.CAddTable
    }
    (5): nn.Sequential {
      [input -> (1) -> (2) -> output]
      (1): nn.ConcatTable {
        input
          |`-> (1): nn.Sequential {
          |      [input -> (1) -> (2) -> (3) -> (4) -> output]
          |      (1): cudnn.SpatialConvolution(64 -> 64, 3x3, 1,1, 1,1) without bias
          |      (2): nn.Sequential {
          |        [input -> (1) -> (2) -> (3) -> output]
          |        (1): nn.ConstrainedDiv
          |        (2): nn.ELU (alpha:1.000000)
          |        (3): nn.ConstrainedMul
          |      }
          |      (3): cudnn.SpatialConvolution(64 -> 64, 3x3, 1,1, 1,1) without bias
          |      (4): nn.SpatialBatchNormalization (4D) (64)
          |    }
           `-> (2): nn.Identity
           ... -> output
      }
      (2): nn.CAddTable
    }
    (6): nn.Sequential {
      [input -> (1) -> (2) -> output]
      (1): nn.ConcatTable {
        input
          |`-> (1): nn.Sequential {
          |      [input -> (1) -> (2) -> (3) -> (4) -> output]
          |      (1): cudnn.SpatialConvolution(64 -> 64, 3x3, 1,1, 1,1) without bias
          |      (2): nn.Sequential {
          |        [input -> (1) -> (2) -> (3) -> output]
          |        (1): nn.ConstrainedDiv
          |        (2): nn.ELU (alpha:1.000000)
          |        (3): nn.ConstrainedMul
          |      }
          |      (3): cudnn.SpatialConvolution(64 -> 64, 3x3, 1,1, 1,1) without bias
          |      (4): nn.SpatialBatchNormalization (4D) (64)
          |    }
           `-> (2): nn.Identity
           ... -> output
      }
      (2): nn.CAddTable
    }
    (7): nn.Sequential {
      [input -> (1) -> (2) -> output]
      (1): nn.ConcatTable {
        input
          |`-> (1): nn.Sequential {
          |      [input -> (1) -> (2) -> (3) -> (4) -> output]
          |      (1): cudnn.SpatialConvolution(64 -> 64, 3x3, 1,1, 1,1) without bias
          |      (2): nn.Sequential {
          |        [input -> (1) -> (2) -> (3) -> output]
          |        (1): nn.ConstrainedDiv
          |        (2): nn.ELU (alpha:1.000000)
          |        (3): nn.ConstrainedMul
          |      }
          |      (3): cudnn.SpatialConvolution(64 -> 64, 3x3, 1,1, 1,1) without bias
          |      (4): nn.SpatialBatchNormalization (4D) (64)
          |    }
           `-> (2): nn.Identity
           ... -> output
      }
      (2): nn.CAddTable
    }
  }
  (6): nn.Sequential {
    [input -> (1) -> (2) -> (3) -> output]
    (1): nn.ConstrainedDiv
    (2): nn.ELU (alpha:1.000000)
    (3): nn.ConstrainedMul
  }
  (7): cudnn.SpatialAveragePooling(8x8, 1,1)
  (8): nn.View(64)
  (9): nn.Linear(64 -> 100)
}
=> Training epoch # 1	
 * Finished epoch # 1     top1:  84.258  top5:  57.949
	
 * Best model 	84.2578125	57.94921875	
=> Training epoch # 2	
 * Finished epoch # 2     top1:  74.756  top5:  43.760
	
 * Best model 	74.755859375	43.759765625	
=> Training epoch # 3	
 * Finished epoch # 3     top1:  65.176  top5:  34.209
	
 * Best model 	65.17578125	34.208984375	
=> Training epoch # 4	
 * Finished epoch # 4     top1:  61.162  top5:  28.105
	
 * Best model 	61.162109375	28.10546875	
=> Training epoch # 5	
 * Finished epoch # 5     top1:  62.539  top5:  31.943
	
=> Training epoch # 6	
 * Finished epoch # 6     top1:  55.156  top5:  23.799
	
 * Best model 	55.15625	23.798828125	
=> Training epoch # 7	
 * Finished epoch # 7     top1:  54.580  top5:  22.227
	
 * Best model 	54.580078125	22.2265625	
=> Training epoch # 8	
 * Finished epoch # 8     top1:  52.090  top5:  20.674
	
 * Best model 	52.08984375	20.673828125	
=> Training epoch # 9	
 * Finished epoch # 9     top1:  49.189  top5:  18.438
	
 * Best model 	49.189453125	18.4375	
=> Training epoch # 10	
 * Finished epoch # 10     top1:  50.693  top5:  20.068
	
=> Training epoch # 11	
 * Finished epoch # 11     top1:  54.512  top5:  23.516
	
=> Training epoch # 12	
 * Finished epoch # 12     top1:  49.150  top5:  18.818
	
 * Best model 	49.150390625	18.818359375	
=> Training epoch # 13	
 * Finished epoch # 13     top1:  50.879  top5:  21.162
	
=> Training epoch # 14	
 * Finished epoch # 14     top1:  48.008  top5:  17.686
	
 * Best model 	48.0078125	17.685546875	
=> Training epoch # 15	
 * Finished epoch # 15     top1:  46.074  top5:  16.494
	
 * Best model 	46.07421875	16.494140625	
=> Training epoch # 16	
 * Finished epoch # 16     top1:  45.078  top5:  16.113
	
 * Best model 	45.078125	16.11328125	
=> Training epoch # 17	
 * Finished epoch # 17     top1:  47.129  top5:  17.324
	
=> Training epoch # 18	
 * Finished epoch # 18     top1:  48.926  top5:  17.480
	
=> Training epoch # 19	
 * Finished epoch # 19     top1:  46.074  top5:  16.738
	
=> Training epoch # 20	
 * Finished epoch # 20     top1:  46.006  top5:  17.207
	
=> Training epoch # 21	
 * Finished epoch # 21     top1:  47.900  top5:  17.939
	
=> Training epoch # 22	
 * Finished epoch # 22     top1:  47.471  top5:  16.982
	
=> Training epoch # 23	
 * Finished epoch # 23     top1:  45.303  top5:  16.602
	
=> Training epoch # 24	
 * Finished epoch # 24     top1:  48.359  top5:  19.180
	
=> Training epoch # 25	
 * Finished epoch # 25     top1:  47.002  top5:  16.328
	
=> Training epoch # 26	
 * Finished epoch # 26     top1:  45.947  top5:  16.582
	
=> Training epoch # 27	
 * Finished epoch # 27     top1:  47.158  top5:  16.797
	
=> Training epoch # 28	
 * Finished epoch # 28     top1:  45.215  top5:  16.631
	
=> Training epoch # 29	
 * Finished epoch # 29     top1:  42.344  top5:  15.010
	
 * Best model 	42.34375	15.009765625	
=> Training epoch # 30	
 * Finished epoch # 30     top1:  47.021  top5:  16.465
	
=> Training epoch # 31	
 * Finished epoch # 31     top1:  43.809  top5:  14.990
	
=> Training epoch # 32	
 * Finished epoch # 32     top1:  48.271  top5:  19.561
	
=> Training epoch # 33	
 * Finished epoch # 33     top1:  44.121  top5:  15.732
	
=> Training epoch # 34	
 * Finished epoch # 34     top1:  43.252  top5:  14.785
	
=> Training epoch # 35	
 * Finished epoch # 35     top1:  47.314  top5:  16.826
	
=> Training epoch # 36	
 * Finished epoch # 36     top1:  45.889  top5:  16.230
	
=> Training epoch # 37	
 * Finished epoch # 37     top1:  43.838  top5:  15.508
	
=> Training epoch # 38	
 * Finished epoch # 38     top1:  44.648  top5:  16.211
	
=> Training epoch # 39	
 * Finished epoch # 39     top1:  46.836  top5:  17.139
	
=> Training epoch # 40	
 * Finished epoch # 40     top1:  43.984  top5:  14.482
	
=> Training epoch # 41	
 * Finished epoch # 41     top1:  44.824  top5:  16.445
	
=> Training epoch # 42	
 * Finished epoch # 42     top1:  41.875  top5:  14.189
	
 * Best model 	41.875	14.189453125	
=> Training epoch # 43	
 * Finished epoch # 43     top1:  45.537  top5:  15.947
	
=> Training epoch # 44	
 * Finished epoch # 44     top1:  41.943  top5:  14.277
	
=> Training epoch # 45	
 * Finished epoch # 45     top1:  44.102  top5:  15.430
	
=> Training epoch # 46	
 * Finished epoch # 46     top1:  45.117  top5:  16.172
	
=> Training epoch # 47	
 * Finished epoch # 47     top1:  44.482  top5:  15.439
	
=> Training epoch # 48	
 * Finished epoch # 48     top1:  45.078  top5:  15.537
	
=> Training epoch # 49	
 * Finished epoch # 49     top1:  44.365  top5:  15.205
	
=> Training epoch # 50	
 * Finished epoch # 50     top1:  44.785  top5:  16.182
	
=> Training epoch # 51	
 * Finished epoch # 51     top1:  44.570  top5:  16.084
	
=> Training epoch # 52	
 * Finished epoch # 52     top1:  42.383  top5:  14.375
	
=> Training epoch # 53	
 * Finished epoch # 53     top1:  43.584  top5:  15.459
	
=> Training epoch # 54	
 * Finished epoch # 54     top1:  41.924  top5:  13.779
	
=> Training epoch # 55	
 * Finished epoch # 55     top1:  42.842  top5:  14.199
	
=> Training epoch # 56	
 * Finished epoch # 56     top1:  43.076  top5:  14.951
	
=> Training epoch # 57	
 * Finished epoch # 57     top1:  45.020  top5:  16.279
	
=> Training epoch # 58	
 * Finished epoch # 58     top1:  43.535  top5:  15.332
	
=> Training epoch # 59	
 * Finished epoch # 59     top1:  44.941  top5:  16.797
	
=> Training epoch # 60	
 * Finished epoch # 60     top1:  40.869  top5:  13.486
	
 * Best model 	40.869140625	13.486328125	
=> Training epoch # 61	
 * Finished epoch # 61     top1:  43.398  top5:  14.414
	
=> Training epoch # 62	
 * Finished epoch # 62     top1:  42.910  top5:  13.945
	
=> Training epoch # 63	
 * Finished epoch # 63     top1:  45.117  top5:  17.061
	
=> Training epoch # 64	
 * Finished epoch # 64     top1:  45.430  top5:  16.816
	
=> Training epoch # 65	
 * Finished epoch # 65     top1:  42.656  top5:  14.902
	
=> Training epoch # 66	
 * Finished epoch # 66     top1:  44.756  top5:  15.508
	
=> Training epoch # 67	
 * Finished epoch # 67     top1:  45.527  top5:  16.514
	
=> Training epoch # 68	
 * Finished epoch # 68     top1:  46.797  top5:  17.598
	
=> Training epoch # 69	
 * Finished epoch # 69     top1:  46.494  top5:  16.543
	
=> Training epoch # 70	
 * Finished epoch # 70     top1:  43.809  top5:  14.033
	
=> Training epoch # 71	
 * Finished epoch # 71     top1:  45.938  top5:  17.461
	
=> Training epoch # 72	
 * Finished epoch # 72     top1:  48.896  top5:  19.893
	
=> Training epoch # 73	
 * Finished epoch # 73     top1:  41.172  top5:  13.574
	
=> Training epoch # 74	
 * Finished epoch # 74     top1:  43.330  top5:  15.273
	
=> Training epoch # 75	
 * Finished epoch # 75     top1:  45.391  top5:  15.693
	
=> Training epoch # 76	
 * Finished epoch # 76     top1:  41.465  top5:  13.652
	
=> Training epoch # 77	
 * Finished epoch # 77     top1:  43.311  top5:  15.596
	
=> Training epoch # 78	
 * Finished epoch # 78     top1:  44.492  top5:  15.127
	
=> Training epoch # 79	
 * Finished epoch # 79     top1:  47.529  top5:  18.203
	
=> Training epoch # 80	
 * Finished epoch # 80     top1:  44.141  top5:  15.527
	
=> Training epoch # 81	
 * Finished epoch # 81     top1:  30.176  top5:   8.291
	
 * Best model 	30.17578125	8.291015625	
=> Training epoch # 82	
 * Finished epoch # 82     top1:  30.049  top5:   7.598
	
 * Best model 	30.048828125	7.59765625	
=> Training epoch # 83	
 * Finished epoch # 83     top1:  28.359  top5:   7.373
	
 * Best model 	28.359375	7.373046875	
=> Training epoch # 84	
 * Finished epoch # 84     top1:  29.600  top5:   7.861
	
=> Training epoch # 85	
 * Finished epoch # 85     top1:  29.180  top5:   7.832
	
=> Training epoch # 86	
 * Finished epoch # 86     top1:  29.561  top5:   7.969
	
=> Training epoch # 87	
 * Finished epoch # 87     top1:  29.443  top5:   7.734
	
=> Training epoch # 88	
 * Finished epoch # 88     top1:  29.238  top5:   7.891
	
=> Training epoch # 89	
 * Finished epoch # 89     top1:  29.551  top5:   7.998
	
=> Training epoch # 90	
 * Finished epoch # 90     top1:  29.209  top5:   7.646
	
=> Training epoch # 91	
 * Finished epoch # 91     top1:  29.863  top5:   7.852
	
=> Training epoch # 92	
 * Finished epoch # 92     top1:  29.775  top5:   8.223
	
=> Training epoch # 93	
 * Finished epoch # 93     top1:  30.391  top5:   8.662
	
=> Training epoch # 94	
 * Finished epoch # 94     top1:  30.439  top5:   8.896
	
=> Training epoch # 95	
 * Finished epoch # 95     top1:  30.205  top5:   8.574
	
=> Training epoch # 96	
 * Finished epoch # 96     top1:  31.641  top5:   8.613
	
=> Training epoch # 97	
 * Finished epoch # 97     top1:  30.518  top5:   8.545
	
=> Training epoch # 98	
 * Finished epoch # 98     top1:  30.557  top5:   8.428
	
=> Training epoch # 99	
 * Finished epoch # 99     top1:  31.221  top5:   8.848
	
=> Training epoch # 100	
 * Finished epoch # 100     top1:  31.025  top5:   8.838
	
=> Training epoch # 101	
 * Finished epoch # 101     top1:  31.133  top5:   8.730
	
=> Training epoch # 102	
 * Finished epoch # 102     top1:  31.416  top5:   8.877
	
=> Training epoch # 103	
 * Finished epoch # 103     top1:  30.879  top5:   8.730
	
=> Training epoch # 104	
 * Finished epoch # 104     top1:  31.445  top5:   8.691
	
=> Training epoch # 105	
 * Finished epoch # 105     top1:  31.309  top5:   9.102
	
=> Training epoch # 106	
 * Finished epoch # 106     top1:  31.865  top5:   9.043
	
=> Training epoch # 107	
 * Finished epoch # 107     top1:  31.494  top5:   8.916
	
=> Training epoch # 108	
 * Finished epoch # 108     top1:  30.938  top5:   9.121
	
=> Training epoch # 109	
 * Finished epoch # 109     top1:  31.162  top5:   9.014
	
=> Training epoch # 110	
 * Finished epoch # 110     top1:  31.533  top5:   8.877
	
=> Training epoch # 111	
 * Finished epoch # 111     top1:  32.744  top5:   9.893
	
=> Training epoch # 112	
 * Finished epoch # 112     top1:  31.426  top5:   9.316
	
=> Training epoch # 113	
 * Finished epoch # 113     top1:  31.826  top5:   9.482
	
=> Training epoch # 114	
 * Finished epoch # 114     top1:  32.227  top5:   9.180
	
=> Training epoch # 115	
 * Finished epoch # 115     top1:  31.592  top5:   9.248
	
=> Training epoch # 116	
 * Finished epoch # 116     top1:  30.957  top5:   8.926
	
=> Training epoch # 117	
 * Finished epoch # 117     top1:  32.959  top5:   9.561
	
=> Training epoch # 118	
 * Finished epoch # 118     top1:  32.285  top5:   9.561
	
=> Training epoch # 119	
 * Finished epoch # 119     top1:  32.373  top5:   9.404
	
=> Training epoch # 120	
 * Finished epoch # 120     top1:  31.719  top5:   9.248
	
=> Training epoch # 121	
 * Finished epoch # 121     top1:  31.377  top5:   9.395
	
=> Training epoch # 122	
 * Finished epoch # 122     top1:  28.652  top5:   7.852
	
=> Training epoch # 123	
 * Finished epoch # 123     top1:  28.545  top5:   7.607
	
=> Training epoch # 124	
 * Finished epoch # 124     top1:  28.545  top5:   7.783
	
=> Training epoch # 125	
 * Finished epoch # 125     top1:  28.086  top5:   7.441
	
 * Best model 	28.0859375	7.44140625	
=> Training epoch # 126	
 * Finished epoch # 126     top1:  28.984  top5:   8.105
	
=> Training epoch # 127	
 * Finished epoch # 127     top1:  28.750  top5:   8.379
	
=> Training epoch # 128	
 * Finished epoch # 128     top1:  28.662  top5:   8.105
	
=> Training epoch # 129	
 * Finished epoch # 129     top1:  28.057  top5:   7.598
	
 * Best model 	28.056640625	7.59765625	
=> Training epoch # 130	
 * Finished epoch # 130     top1:  28.730  top5:   7.891
	
=> Training epoch # 131	
 * Finished epoch # 131     top1:  28.008  top5:   7.705
	
 * Best model 	28.0078125	7.705078125	
=> Training epoch # 132	
 * Finished epoch # 132     top1:  28.682  top5:   7.988
	
=> Training epoch # 133	
 * Finished epoch # 133     top1:  28.828  top5:   7.725
	
=> Training epoch # 134	
 * Finished epoch # 134     top1:  28.740  top5:   8.037
	
=> Training epoch # 135	
 * Finished epoch # 135     top1:  28.809  top5:   7.891
	
=> Training epoch # 136	
 * Finished epoch # 136     top1:  28.535  top5:   7.979
	
=> Training epoch # 137	
 * Finished epoch # 137     top1:  28.232  top5:   8.115
	
=> Training epoch # 138	
 * Finished epoch # 138     top1:  28.135  top5:   7.715
	
=> Training epoch # 139	
 * Finished epoch # 139     top1:  28.848  top5:   7.949
	
=> Training epoch # 140	
 * Finished epoch # 140     top1:  28.574  top5:   7.939
	
=> Training epoch # 141	
 * Finished epoch # 141     top1:  28.525  top5:   8.135
	
=> Training epoch # 142	
 * Finished epoch # 142     top1:  28.379  top5:   7.861
	
=> Training epoch # 143	
 * Finished epoch # 143     top1:  28.369  top5:   7.979
	
=> Training epoch # 144	
 * Finished epoch # 144     top1:  28.486  top5:   7.959
	
=> Training epoch # 145	
 * Finished epoch # 145     top1:  28.477  top5:   8.066
	
=> Training epoch # 146	
 * Finished epoch # 146     top1:  28.535  top5:   8.018
	
=> Training epoch # 147	
 * Finished epoch # 147     top1:  28.945  top5:   8.203
	
=> Training epoch # 148	
 * Finished epoch # 148     top1:  28.525  top5:   8.135
	
=> Training epoch # 149	
 * Finished epoch # 149     top1:  28.691  top5:   7.979
	
=> Training epoch # 150	
 * Finished epoch # 150     top1:  28.643  top5:   8.438
	
=> Training epoch # 151	
 * Finished epoch # 151     top1:  28.643  top5:   8.271
	
=> Training epoch # 152	
 * Finished epoch # 152     top1:  28.711  top5:   7.871
	
=> Training epoch # 153	
 * Finished epoch # 153     top1:  28.145  top5:   8.008
	
=> Training epoch # 154	
 * Finished epoch # 154     top1:  28.799  top5:   7.920
	
=> Training epoch # 155	
 * Finished epoch # 155     top1:  28.760  top5:   8.379
	
=> Training epoch # 156	
 * Finished epoch # 156     top1:  29.385  top5:   8.281
	
=> Training epoch # 157	
 * Finished epoch # 157     top1:  28.496  top5:   7.949
	
=> Training epoch # 158	
 * Finished epoch # 158     top1:  28.301  top5:   8.086
	
=> Training epoch # 159	
 * Finished epoch # 159     top1:  29.150  top5:   8.359
	
=> Training epoch # 160	
 * Finished epoch # 160     top1:  28.564  top5:   7.930
	
=> Training epoch # 161	
 * Finished epoch # 161     top1:  28.906  top5:   7.852
	
=> Training epoch # 162	
 * Finished epoch # 162     top1:  28.730  top5:   8.125
	
=> Training epoch # 163	
 * Finished epoch # 163     top1:  29.219  top5:   8.125
	
=> Training epoch # 164	
 * Finished epoch # 164     top1:  29.111  top5:   8.193
	
=> Training epoch # 165	
 * Finished epoch # 165     top1:  28.760  top5:   7.900
	
=> Training epoch # 166	
 * Finished epoch # 166     top1:  28.643  top5:   8.184
	
=> Training epoch # 167	
 * Finished epoch # 167     top1:  28.936  top5:   8.281
	
=> Training epoch # 168	
 * Finished epoch # 168     top1:  29.180  top5:   8.613
	
=> Training epoch # 169	
 * Finished epoch # 169     top1:  28.643  top5:   8.340
	
=> Training epoch # 170	
 * Finished epoch # 170     top1:  28.301  top5:   8.154
	
=> Training epoch # 171	
 * Finished epoch # 171     top1:  28.545  top5:   8.301
	
=> Training epoch # 172	
 * Finished epoch # 172     top1:  28.447  top5:   8.242
	
=> Training epoch # 173	
 * Finished epoch # 173     top1:  28.770  top5:   7.949
	
=> Training epoch # 174	
 * Finished epoch # 174     top1:  28.604  top5:   8.057
	
=> Training epoch # 175	
 * Finished epoch # 175     top1:  28.906  top5:   7.969
	
=> Training epoch # 176	
 * Finished epoch # 176     top1:  28.652  top5:   8.252
	
=> Training epoch # 177	
 * Finished epoch # 177     top1:  28.975  top5:   8.076
	
=> Training epoch # 178	
 * Finished epoch # 178     top1:  28.877  top5:   8.027
	
=> Training epoch # 179	
 * Finished epoch # 179     top1:  28.350  top5:   8.115
	
=> Training epoch # 180	
 * Finished epoch # 180     top1:  28.535  top5:   7.988
	
=> Training epoch # 181	
 * Finished epoch # 181     top1:  28.740  top5:   8.174
	
=> Training epoch # 182	
 * Finished epoch # 182     top1:  28.701  top5:   8.516
	
=> Training epoch # 183	
 * Finished epoch # 183     top1:  28.555  top5:   8.076
	
=> Training epoch # 184	
 * Finished epoch # 184     top1:  28.848  top5:   8.086
	
=> Training epoch # 185	
 * Finished epoch # 185     top1:  28.447  top5:   8.164
	
=> Training epoch # 186	
 * Finished epoch # 186     top1:  28.799  top5:   8.232
	
=> Training epoch # 187	
 * Finished epoch # 187     top1:  28.779  top5:   8.174
	
=> Training epoch # 188	
 * Finished epoch # 188     top1:  28.926  top5:   8.135
	
=> Training epoch # 189	
 * Finished epoch # 189     top1:  28.896  top5:   8.018
	
=> Training epoch # 190	
 * Finished epoch # 190     top1:  28.994  top5:   8.105
	
=> Training epoch # 191	
 * Finished epoch # 191     top1:  28.428  top5:   8.389
	
=> Training epoch # 192	
 * Finished epoch # 192     top1:  28.975  top5:   8.320
	
=> Training epoch # 193	
 * Finished epoch # 193     top1:  28.301  top5:   8.301
	
=> Training epoch # 194	
 * Finished epoch # 194     top1:  28.936  top5:   8.125
	
=> Training epoch # 195	
 * Finished epoch # 195     top1:  28.418  top5:   8.213
	
=> Training epoch # 196	
 * Finished epoch # 196     top1:  28.389  top5:   8.057
	
=> Training epoch # 197	
 * Finished epoch # 197     top1:  28.711  top5:   8.340
	
=> Training epoch # 198	
 * Finished epoch # 198     top1:  28.477  top5:   8.379
	
=> Training epoch # 199	
 * Finished epoch # 199     top1:  28.467  top5:   8.359
	
=> Training epoch # 200	
 * Finished epoch # 200     top1:  28.418  top5:   8.271
	
 * Finished top1: 28.008  top5:  7.705	
