{
  cudnn : "fastest"
  LR : 0.1
  nThreads : 2
  nClasses : 0
  batchSize : 256
  testOnly : false
  netType : "resnet-bn-prelu"
  resetClassifier : false
  shortcutType : "A"
  gen : "gen"
  nGPU : 1
  depth : 110
  weightDecay : 0.001
  data : ""
  dataset : "cifar100"
  epochNumber : 1
  manualSeed : 2
  resume : "results/results-bn-prelu/try5/cifar100/110"
  optimState : "none"
  nEpochs : 200
  tenCrop : false
  shareGradInput : false
  backend : "cudnn"
  momentum : 0.9
  retrain : "none"
}
=> Creating model from file: models/resnet-bn-prelu.lua	
 | ResNet-110 CIFAR-100	
nn.Sequential {
  [input -> (1) -> (2) -> (3) -> (4) -> (5) -> (6) -> (7) -> (8) -> (9) -> output]
  (1): cudnn.SpatialConvolution(3 -> 16, 3x3, 1,1, 1,1) without bias
  (2): nn.Sequential {
    [input -> (1) -> (2) -> output]
    (1): nn.SpatialBatchNormalization (4D) (16)
    (2): nn.PReLU
  }
  (3): nn.Sequential {
    [input -> (1) -> (2) -> (3) -> (4) -> (5) -> (6) -> (7) -> (8) -> (9) -> (10) -> (11) -> (12) -> (13) -> (14) -> (15) -> (16) -> (17) -> (18) -> output]
    (1): nn.Sequential {
      [input -> (1) -> (2) -> output]
      (1): nn.ConcatTable {
        input
          |`-> (1): nn.Sequential {
          |      [input -> (1) -> (2) -> (3) -> (4) -> output]
          |      (1): cudnn.SpatialConvolution(16 -> 16, 3x3, 1,1, 1,1) without bias
          |      (2): nn.Sequential {
          |        [input -> (1) -> (2) -> output]
          |        (1): nn.SpatialBatchNormalization (4D) (16)
          |        (2): nn.PReLU
          |      }
          |      (3): cudnn.SpatialConvolution(16 -> 16, 3x3, 1,1, 1,1) without bias
          |      (4): nn.SpatialBatchNormalization (4D) (16)
          |    }
           `-> (2): nn.Identity
           ... -> output
      }
      (2): nn.CAddTable
    }
    (2): nn.Sequential {
      [input -> (1) -> (2) -> output]
      (1): nn.ConcatTable {
        input
          |`-> (1): nn.Sequential {
          |      [input -> (1) -> (2) -> (3) -> (4) -> output]
          |      (1): cudnn.SpatialConvolution(16 -> 16, 3x3, 1,1, 1,1) without bias
          |      (2): nn.Sequential {
          |        [input -> (1) -> (2) -> output]
          |        (1): nn.SpatialBatchNormalization (4D) (16)
          |        (2): nn.PReLU
          |      }
          |      (3): cudnn.SpatialConvolution(16 -> 16, 3x3, 1,1, 1,1) without bias
          |      (4): nn.SpatialBatchNormalization (4D) (16)
          |    }
           `-> (2): nn.Identity
           ... -> output
      }
      (2): nn.CAddTable
    }
    (3): nn.Sequential {
      [input -> (1) -> (2) -> output]
      (1): nn.ConcatTable {
        input
          |`-> (1): nn.Sequential {
          |      [input -> (1) -> (2) -> (3) -> (4) -> output]
          |      (1): cudnn.SpatialConvolution(16 -> 16, 3x3, 1,1, 1,1) without bias
          |      (2): nn.Sequential {
          |        [input -> (1) -> (2) -> output]
          |        (1): nn.SpatialBatchNormalization (4D) (16)
          |        (2): nn.PReLU
          |      }
          |      (3): cudnn.SpatialConvolution(16 -> 16, 3x3, 1,1, 1,1) without bias
          |      (4): nn.SpatialBatchNormalization (4D) (16)
          |    }
           `-> (2): nn.Identity
           ... -> output
      }
      (2): nn.CAddTable
    }
    (4): nn.Sequential {
      [input -> (1) -> (2) -> output]
      (1): nn.ConcatTable {
        input
          |`-> (1): nn.Sequential {
          |      [input -> (1) -> (2) -> (3) -> (4) -> output]
          |      (1): cudnn.SpatialConvolution(16 -> 16, 3x3, 1,1, 1,1) without bias
          |      (2): nn.Sequential {
          |        [input -> (1) -> (2) -> output]
          |        (1): nn.SpatialBatchNormalization (4D) (16)
          |        (2): nn.PReLU
          |      }
          |      (3): cudnn.SpatialConvolution(16 -> 16, 3x3, 1,1, 1,1) without bias
          |      (4): nn.SpatialBatchNormalization (4D) (16)
          |    }
           `-> (2): nn.Identity
           ... -> output
      }
      (2): nn.CAddTable
    }
    (5): nn.Sequential {
      [input -> (1) -> (2) -> output]
      (1): nn.ConcatTable {
        input
          |`-> (1): nn.Sequential {
          |      [input -> (1) -> (2) -> (3) -> (4) -> output]
          |      (1): cudnn.SpatialConvolution(16 -> 16, 3x3, 1,1, 1,1) without bias
          |      (2): nn.Sequential {
          |        [input -> (1) -> (2) -> output]
          |        (1): nn.SpatialBatchNormalization (4D) (16)
          |        (2): nn.PReLU
          |      }
          |      (3): cudnn.SpatialConvolution(16 -> 16, 3x3, 1,1, 1,1) without bias
          |      (4): nn.SpatialBatchNormalization (4D) (16)
          |    }
           `-> (2): nn.Identity
           ... -> output
      }
      (2): nn.CAddTable
    }
    (6): nn.Sequential {
      [input -> (1) -> (2) -> output]
      (1): nn.ConcatTable {
        input
          |`-> (1): nn.Sequential {
          |      [input -> (1) -> (2) -> (3) -> (4) -> output]
          |      (1): cudnn.SpatialConvolution(16 -> 16, 3x3, 1,1, 1,1) without bias
          |      (2): nn.Sequential {
          |        [input -> (1) -> (2) -> output]
          |        (1): nn.SpatialBatchNormalization (4D) (16)
          |        (2): nn.PReLU
          |      }
          |      (3): cudnn.SpatialConvolution(16 -> 16, 3x3, 1,1, 1,1) without bias
          |      (4): nn.SpatialBatchNormalization (4D) (16)
          |    }
           `-> (2): nn.Identity
           ... -> output
      }
      (2): nn.CAddTable
    }
    (7): nn.Sequential {
      [input -> (1) -> (2) -> output]
      (1): nn.ConcatTable {
        input
          |`-> (1): nn.Sequential {
          |      [input -> (1) -> (2) -> (3) -> (4) -> output]
          |      (1): cudnn.SpatialConvolution(16 -> 16, 3x3, 1,1, 1,1) without bias
          |      (2): nn.Sequential {
          |        [input -> (1) -> (2) -> output]
          |        (1): nn.SpatialBatchNormalization (4D) (16)
          |        (2): nn.PReLU
          |      }
          |      (3): cudnn.SpatialConvolution(16 -> 16, 3x3, 1,1, 1,1) without bias
          |      (4): nn.SpatialBatchNormalization (4D) (16)
          |    }
           `-> (2): nn.Identity
           ... -> output
      }
      (2): nn.CAddTable
    }
    (8): nn.Sequential {
      [input -> (1) -> (2) -> output]
      (1): nn.ConcatTable {
        input
          |`-> (1): nn.Sequential {
          |      [input -> (1) -> (2) -> (3) -> (4) -> output]
          |      (1): cudnn.SpatialConvolution(16 -> 16, 3x3, 1,1, 1,1) without bias
          |      (2): nn.Sequential {
          |        [input -> (1) -> (2) -> output]
          |        (1): nn.SpatialBatchNormalization (4D) (16)
          |        (2): nn.PReLU
          |      }
          |      (3): cudnn.SpatialConvolution(16 -> 16, 3x3, 1,1, 1,1) without bias
          |      (4): nn.SpatialBatchNormalization (4D) (16)
          |    }
           `-> (2): nn.Identity
           ... -> output
      }
      (2): nn.CAddTable
    }
    (9): nn.Sequential {
      [input -> (1) -> (2) -> output]
      (1): nn.ConcatTable {
        input
          |`-> (1): nn.Sequential {
          |      [input -> (1) -> (2) -> (3) -> (4) -> output]
          |      (1): cudnn.SpatialConvolution(16 -> 16, 3x3, 1,1, 1,1) without bias
          |      (2): nn.Sequential {
          |        [input -> (1) -> (2) -> output]
          |        (1): nn.SpatialBatchNormalization (4D) (16)
          |        (2): nn.PReLU
          |      }
          |      (3): cudnn.SpatialConvolution(16 -> 16, 3x3, 1,1, 1,1) without bias
          |      (4): nn.SpatialBatchNormalization (4D) (16)
          |    }
           `-> (2): nn.Identity
           ... -> output
      }
      (2): nn.CAddTable
    }
    (10): nn.Sequential {
      [input -> (1) -> (2) -> output]
      (1): nn.ConcatTable {
        input
          |`-> (1): nn.Sequential {
          |      [input -> (1) -> (2) -> (3) -> (4) -> output]
          |      (1): cudnn.SpatialConvolution(16 -> 16, 3x3, 1,1, 1,1) without bias
          |      (2): nn.Sequential {
          |        [input -> (1) -> (2) -> output]
          |        (1): nn.SpatialBatchNormalization (4D) (16)
          |        (2): nn.PReLU
          |      }
          |      (3): cudnn.SpatialConvolution(16 -> 16, 3x3, 1,1, 1,1) without bias
          |      (4): nn.SpatialBatchNormalization (4D) (16)
          |    }
           `-> (2): nn.Identity
           ... -> output
      }
      (2): nn.CAddTable
    }
    (11): nn.Sequential {
      [input -> (1) -> (2) -> output]
      (1): nn.ConcatTable {
        input
          |`-> (1): nn.Sequential {
          |      [input -> (1) -> (2) -> (3) -> (4) -> output]
          |      (1): cudnn.SpatialConvolution(16 -> 16, 3x3, 1,1, 1,1) without bias
          |      (2): nn.Sequential {
          |        [input -> (1) -> (2) -> output]
          |        (1): nn.SpatialBatchNormalization (4D) (16)
          |        (2): nn.PReLU
          |      }
          |      (3): cudnn.SpatialConvolution(16 -> 16, 3x3, 1,1, 1,1) without bias
          |      (4): nn.SpatialBatchNormalization (4D) (16)
          |    }
           `-> (2): nn.Identity
           ... -> output
      }
      (2): nn.CAddTable
    }
    (12): nn.Sequential {
      [input -> (1) -> (2) -> output]
      (1): nn.ConcatTable {
        input
          |`-> (1): nn.Sequential {
          |      [input -> (1) -> (2) -> (3) -> (4) -> output]
          |      (1): cudnn.SpatialConvolution(16 -> 16, 3x3, 1,1, 1,1) without bias
          |      (2): nn.Sequential {
          |        [input -> (1) -> (2) -> output]
          |        (1): nn.SpatialBatchNormalization (4D) (16)
          |        (2): nn.PReLU
          |      }
          |      (3): cudnn.SpatialConvolution(16 -> 16, 3x3, 1,1, 1,1) without bias
          |      (4): nn.SpatialBatchNormalization (4D) (16)
          |    }
           `-> (2): nn.Identity
           ... -> output
      }
      (2): nn.CAddTable
    }
    (13): nn.Sequential {
      [input -> (1) -> (2) -> output]
      (1): nn.ConcatTable {
        input
          |`-> (1): nn.Sequential {
          |      [input -> (1) -> (2) -> (3) -> (4) -> output]
          |      (1): cudnn.SpatialConvolution(16 -> 16, 3x3, 1,1, 1,1) without bias
          |      (2): nn.Sequential {
          |        [input -> (1) -> (2) -> output]
          |        (1): nn.SpatialBatchNormalization (4D) (16)
          |        (2): nn.PReLU
          |      }
          |      (3): cudnn.SpatialConvolution(16 -> 16, 3x3, 1,1, 1,1) without bias
          |      (4): nn.SpatialBatchNormalization (4D) (16)
          |    }
           `-> (2): nn.Identity
           ... -> output
      }
      (2): nn.CAddTable
    }
    (14): nn.Sequential {
      [input -> (1) -> (2) -> output]
      (1): nn.ConcatTable {
        input
          |`-> (1): nn.Sequential {
          |      [input -> (1) -> (2) -> (3) -> (4) -> output]
          |      (1): cudnn.SpatialConvolution(16 -> 16, 3x3, 1,1, 1,1) without bias
          |      (2): nn.Sequential {
          |        [input -> (1) -> (2) -> output]
          |        (1): nn.SpatialBatchNormalization (4D) (16)
          |        (2): nn.PReLU
          |      }
          |      (3): cudnn.SpatialConvolution(16 -> 16, 3x3, 1,1, 1,1) without bias
          |      (4): nn.SpatialBatchNormalization (4D) (16)
          |    }
           `-> (2): nn.Identity
           ... -> output
      }
      (2): nn.CAddTable
    }
    (15): nn.Sequential {
      [input -> (1) -> (2) -> output]
      (1): nn.ConcatTable {
        input
          |`-> (1): nn.Sequential {
          |      [input -> (1) -> (2) -> (3) -> (4) -> output]
          |      (1): cudnn.SpatialConvolution(16 -> 16, 3x3, 1,1, 1,1) without bias
          |      (2): nn.Sequential {
          |        [input -> (1) -> (2) -> output]
          |        (1): nn.SpatialBatchNormalization (4D) (16)
          |        (2): nn.PReLU
          |      }
          |      (3): cudnn.SpatialConvolution(16 -> 16, 3x3, 1,1, 1,1) without bias
          |      (4): nn.SpatialBatchNormalization (4D) (16)
          |    }
           `-> (2): nn.Identity
           ... -> output
      }
      (2): nn.CAddTable
    }
    (16): nn.Sequential {
      [input -> (1) -> (2) -> output]
      (1): nn.ConcatTable {
        input
          |`-> (1): nn.Sequential {
          |      [input -> (1) -> (2) -> (3) -> (4) -> output]
          |      (1): cudnn.SpatialConvolution(16 -> 16, 3x3, 1,1, 1,1) without bias
          |      (2): nn.Sequential {
          |        [input -> (1) -> (2) -> output]
          |        (1): nn.SpatialBatchNormalization (4D) (16)
          |        (2): nn.PReLU
          |      }
          |      (3): cudnn.SpatialConvolution(16 -> 16, 3x3, 1,1, 1,1) without bias
          |      (4): nn.SpatialBatchNormalization (4D) (16)
          |    }
           `-> (2): nn.Identity
           ... -> output
      }
      (2): nn.CAddTable
    }
    (17): nn.Sequential {
      [input -> (1) -> (2) -> output]
      (1): nn.ConcatTable {
        input
          |`-> (1): nn.Sequential {
          |      [input -> (1) -> (2) -> (3) -> (4) -> output]
          |      (1): cudnn.SpatialConvolution(16 -> 16, 3x3, 1,1, 1,1) without bias
          |      (2): nn.Sequential {
          |        [input -> (1) -> (2) -> output]
          |        (1): nn.SpatialBatchNormalization (4D) (16)
          |        (2): nn.PReLU
          |      }
          |      (3): cudnn.SpatialConvolution(16 -> 16, 3x3, 1,1, 1,1) without bias
          |      (4): nn.SpatialBatchNormalization (4D) (16)
          |    }
           `-> (2): nn.Identity
           ... -> output
      }
      (2): nn.CAddTable
    }
    (18): nn.Sequential {
      [input -> (1) -> (2) -> output]
      (1): nn.ConcatTable {
        input
          |`-> (1): nn.Sequential {
          |      [input -> (1) -> (2) -> (3) -> (4) -> output]
          |      (1): cudnn.SpatialConvolution(16 -> 16, 3x3, 1,1, 1,1) without bias
          |      (2): nn.Sequential {
          |        [input -> (1) -> (2) -> output]
          |        (1): nn.SpatialBatchNormalization (4D) (16)
          |        (2): nn.PReLU
          |      }
          |      (3): cudnn.SpatialConvolution(16 -> 16, 3x3, 1,1, 1,1) without bias
          |      (4): nn.SpatialBatchNormalization (4D) (16)
          |    }
           `-> (2): nn.Identity
           ... -> output
      }
      (2): nn.CAddTable
    }
  }
  (4): nn.Sequential {
    [input -> (1) -> (2) -> (3) -> (4) -> (5) -> (6) -> (7) -> (8) -> (9) -> (10) -> (11) -> (12) -> (13) -> (14) -> (15) -> (16) -> (17) -> (18) -> output]
    (1): nn.Sequential {
      [input -> (1) -> (2) -> output]
      (1): nn.ConcatTable {
        input
          |`-> (1): nn.Sequential {
          |      [input -> (1) -> (2) -> (3) -> (4) -> output]
          |      (1): cudnn.SpatialConvolution(16 -> 32, 3x3, 2,2, 1,1) without bias
          |      (2): nn.Sequential {
          |        [input -> (1) -> (2) -> output]
          |        (1): nn.SpatialBatchNormalization (4D) (32)
          |        (2): nn.PReLU
          |      }
          |      (3): cudnn.SpatialConvolution(32 -> 32, 3x3, 1,1, 1,1) without bias
          |      (4): nn.SpatialBatchNormalization (4D) (32)
          |    }
           `-> (2): nn.Sequential {
                 [input -> (1) -> (2) -> output]
                 (1): nn.SpatialAveragePooling(1x1, 2,2)
                 (2): nn.Concat {
                   input
                     |`-> (1): nn.Identity
                      `-> (2): nn.MulConstant
                      ... -> output
                 }
               }
           ... -> output
      }
      (2): nn.CAddTable
    }
    (2): nn.Sequential {
      [input -> (1) -> (2) -> output]
      (1): nn.ConcatTable {
        input
          |`-> (1): nn.Sequential {
          |      [input -> (1) -> (2) -> (3) -> (4) -> output]
          |      (1): cudnn.SpatialConvolution(32 -> 32, 3x3, 1,1, 1,1) without bias
          |      (2): nn.Sequential {
          |        [input -> (1) -> (2) -> output]
          |        (1): nn.SpatialBatchNormalization (4D) (32)
          |        (2): nn.PReLU
          |      }
          |      (3): cudnn.SpatialConvolution(32 -> 32, 3x3, 1,1, 1,1) without bias
          |      (4): nn.SpatialBatchNormalization (4D) (32)
          |    }
           `-> (2): nn.Identity
           ... -> output
      }
      (2): nn.CAddTable
    }
    (3): nn.Sequential {
      [input -> (1) -> (2) -> output]
      (1): nn.ConcatTable {
        input
          |`-> (1): nn.Sequential {
          |      [input -> (1) -> (2) -> (3) -> (4) -> output]
          |      (1): cudnn.SpatialConvolution(32 -> 32, 3x3, 1,1, 1,1) without bias
          |      (2): nn.Sequential {
          |        [input -> (1) -> (2) -> output]
          |        (1): nn.SpatialBatchNormalization (4D) (32)
          |        (2): nn.PReLU
          |      }
          |      (3): cudnn.SpatialConvolution(32 -> 32, 3x3, 1,1, 1,1) without bias
          |      (4): nn.SpatialBatchNormalization (4D) (32)
          |    }
           `-> (2): nn.Identity
           ... -> output
      }
      (2): nn.CAddTable
    }
    (4): nn.Sequential {
      [input -> (1) -> (2) -> output]
      (1): nn.ConcatTable {
        input
          |`-> (1): nn.Sequential {
          |      [input -> (1) -> (2) -> (3) -> (4) -> output]
          |      (1): cudnn.SpatialConvolution(32 -> 32, 3x3, 1,1, 1,1) without bias
          |      (2): nn.Sequential {
          |        [input -> (1) -> (2) -> output]
          |        (1): nn.SpatialBatchNormalization (4D) (32)
          |        (2): nn.PReLU
          |      }
          |      (3): cudnn.SpatialConvolution(32 -> 32, 3x3, 1,1, 1,1) without bias
          |      (4): nn.SpatialBatchNormalization (4D) (32)
          |    }
           `-> (2): nn.Identity
           ... -> output
      }
      (2): nn.CAddTable
    }
    (5): nn.Sequential {
      [input -> (1) -> (2) -> output]
      (1): nn.ConcatTable {
        input
          |`-> (1): nn.Sequential {
          |      [input -> (1) -> (2) -> (3) -> (4) -> output]
          |      (1): cudnn.SpatialConvolution(32 -> 32, 3x3, 1,1, 1,1) without bias
          |      (2): nn.Sequential {
          |        [input -> (1) -> (2) -> output]
          |        (1): nn.SpatialBatchNormalization (4D) (32)
          |        (2): nn.PReLU
          |      }
          |      (3): cudnn.SpatialConvolution(32 -> 32, 3x3, 1,1, 1,1) without bias
          |      (4): nn.SpatialBatchNormalization (4D) (32)
          |    }
           `-> (2): nn.Identity
           ... -> output
      }
      (2): nn.CAddTable
    }
    (6): nn.Sequential {
      [input -> (1) -> (2) -> output]
      (1): nn.ConcatTable {
        input
          |`-> (1): nn.Sequential {
          |      [input -> (1) -> (2) -> (3) -> (4) -> output]
          |      (1): cudnn.SpatialConvolution(32 -> 32, 3x3, 1,1, 1,1) without bias
          |      (2): nn.Sequential {
          |        [input -> (1) -> (2) -> output]
          |        (1): nn.SpatialBatchNormalization (4D) (32)
          |        (2): nn.PReLU
          |      }
          |      (3): cudnn.SpatialConvolution(32 -> 32, 3x3, 1,1, 1,1) without bias
          |      (4): nn.SpatialBatchNormalization (4D) (32)
          |    }
           `-> (2): nn.Identity
           ... -> output
      }
      (2): nn.CAddTable
    }
    (7): nn.Sequential {
      [input -> (1) -> (2) -> output]
      (1): nn.ConcatTable {
        input
          |`-> (1): nn.Sequential {
          |      [input -> (1) -> (2) -> (3) -> (4) -> output]
          |      (1): cudnn.SpatialConvolution(32 -> 32, 3x3, 1,1, 1,1) without bias
          |      (2): nn.Sequential {
          |        [input -> (1) -> (2) -> output]
          |        (1): nn.SpatialBatchNormalization (4D) (32)
          |        (2): nn.PReLU
          |      }
          |      (3): cudnn.SpatialConvolution(32 -> 32, 3x3, 1,1, 1,1) without bias
          |      (4): nn.SpatialBatchNormalization (4D) (32)
          |    }
           `-> (2): nn.Identity
           ... -> output
      }
      (2): nn.CAddTable
    }
    (8): nn.Sequential {
      [input -> (1) -> (2) -> output]
      (1): nn.ConcatTable {
        input
          |`-> (1): nn.Sequential {
          |      [input -> (1) -> (2) -> (3) -> (4) -> output]
          |      (1): cudnn.SpatialConvolution(32 -> 32, 3x3, 1,1, 1,1) without bias
          |      (2): nn.Sequential {
          |        [input -> (1) -> (2) -> output]
          |        (1): nn.SpatialBatchNormalization (4D) (32)
          |        (2): nn.PReLU
          |      }
          |      (3): cudnn.SpatialConvolution(32 -> 32, 3x3, 1,1, 1,1) without bias
          |      (4): nn.SpatialBatchNormalization (4D) (32)
          |    }
           `-> (2): nn.Identity
           ... -> output
      }
      (2): nn.CAddTable
    }
    (9): nn.Sequential {
      [input -> (1) -> (2) -> output]
      (1): nn.ConcatTable {
        input
          |`-> (1): nn.Sequential {
          |      [input -> (1) -> (2) -> (3) -> (4) -> output]
          |      (1): cudnn.SpatialConvolution(32 -> 32, 3x3, 1,1, 1,1) without bias
          |      (2): nn.Sequential {
          |        [input -> (1) -> (2) -> output]
          |        (1): nn.SpatialBatchNormalization (4D) (32)
          |        (2): nn.PReLU
          |      }
          |      (3): cudnn.SpatialConvolution(32 -> 32, 3x3, 1,1, 1,1) without bias
          |      (4): nn.SpatialBatchNormalization (4D) (32)
          |    }
           `-> (2): nn.Identity
           ... -> output
      }
      (2): nn.CAddTable
    }
    (10): nn.Sequential {
      [input -> (1) -> (2) -> output]
      (1): nn.ConcatTable {
        input
          |`-> (1): nn.Sequential {
          |      [input -> (1) -> (2) -> (3) -> (4) -> output]
          |      (1): cudnn.SpatialConvolution(32 -> 32, 3x3, 1,1, 1,1) without bias
          |      (2): nn.Sequential {
          |        [input -> (1) -> (2) -> output]
          |        (1): nn.SpatialBatchNormalization (4D) (32)
          |        (2): nn.PReLU
          |      }
          |      (3): cudnn.SpatialConvolution(32 -> 32, 3x3, 1,1, 1,1) without bias
          |      (4): nn.SpatialBatchNormalization (4D) (32)
          |    }
           `-> (2): nn.Identity
           ... -> output
      }
      (2): nn.CAddTable
    }
    (11): nn.Sequential {
      [input -> (1) -> (2) -> output]
      (1): nn.ConcatTable {
        input
          |`-> (1): nn.Sequential {
          |      [input -> (1) -> (2) -> (3) -> (4) -> output]
          |      (1): cudnn.SpatialConvolution(32 -> 32, 3x3, 1,1, 1,1) without bias
          |      (2): nn.Sequential {
          |        [input -> (1) -> (2) -> output]
          |        (1): nn.SpatialBatchNormalization (4D) (32)
          |        (2): nn.PReLU
          |      }
          |      (3): cudnn.SpatialConvolution(32 -> 32, 3x3, 1,1, 1,1) without bias
          |      (4): nn.SpatialBatchNormalization (4D) (32)
          |    }
           `-> (2): nn.Identity
           ... -> output
      }
      (2): nn.CAddTable
    }
    (12): nn.Sequential {
      [input -> (1) -> (2) -> output]
      (1): nn.ConcatTable {
        input
          |`-> (1): nn.Sequential {
          |      [input -> (1) -> (2) -> (3) -> (4) -> output]
          |      (1): cudnn.SpatialConvolution(32 -> 32, 3x3, 1,1, 1,1) without bias
          |      (2): nn.Sequential {
          |        [input -> (1) -> (2) -> output]
          |        (1): nn.SpatialBatchNormalization (4D) (32)
          |        (2): nn.PReLU
          |      }
          |      (3): cudnn.SpatialConvolution(32 -> 32, 3x3, 1,1, 1,1) without bias
          |      (4): nn.SpatialBatchNormalization (4D) (32)
          |    }
           `-> (2): nn.Identity
           ... -> output
      }
      (2): nn.CAddTable
    }
    (13): nn.Sequential {
      [input -> (1) -> (2) -> output]
      (1): nn.ConcatTable {
        input
          |`-> (1): nn.Sequential {
          |      [input -> (1) -> (2) -> (3) -> (4) -> output]
          |      (1): cudnn.SpatialConvolution(32 -> 32, 3x3, 1,1, 1,1) without bias
          |      (2): nn.Sequential {
          |        [input -> (1) -> (2) -> output]
          |        (1): nn.SpatialBatchNormalization (4D) (32)
          |        (2): nn.PReLU
          |      }
          |      (3): cudnn.SpatialConvolution(32 -> 32, 3x3, 1,1, 1,1) without bias
          |      (4): nn.SpatialBatchNormalization (4D) (32)
          |    }
           `-> (2): nn.Identity
           ... -> output
      }
      (2): nn.CAddTable
    }
    (14): nn.Sequential {
      [input -> (1) -> (2) -> output]
      (1): nn.ConcatTable {
        input
          |`-> (1): nn.Sequential {
          |      [input -> (1) -> (2) -> (3) -> (4) -> output]
          |      (1): cudnn.SpatialConvolution(32 -> 32, 3x3, 1,1, 1,1) without bias
          |      (2): nn.Sequential {
          |        [input -> (1) -> (2) -> output]
          |        (1): nn.SpatialBatchNormalization (4D) (32)
          |        (2): nn.PReLU
          |      }
          |      (3): cudnn.SpatialConvolution(32 -> 32, 3x3, 1,1, 1,1) without bias
          |      (4): nn.SpatialBatchNormalization (4D) (32)
          |    }
           `-> (2): nn.Identity
           ... -> output
      }
      (2): nn.CAddTable
    }
    (15): nn.Sequential {
      [input -> (1) -> (2) -> output]
      (1): nn.ConcatTable {
        input
          |`-> (1): nn.Sequential {
          |      [input -> (1) -> (2) -> (3) -> (4) -> output]
          |      (1): cudnn.SpatialConvolution(32 -> 32, 3x3, 1,1, 1,1) without bias
          |      (2): nn.Sequential {
          |        [input -> (1) -> (2) -> output]
          |        (1): nn.SpatialBatchNormalization (4D) (32)
          |        (2): nn.PReLU
          |      }
          |      (3): cudnn.SpatialConvolution(32 -> 32, 3x3, 1,1, 1,1) without bias
          |      (4): nn.SpatialBatchNormalization (4D) (32)
          |    }
           `-> (2): nn.Identity
           ... -> output
      }
      (2): nn.CAddTable
    }
    (16): nn.Sequential {
      [input -> (1) -> (2) -> output]
      (1): nn.ConcatTable {
        input
          |`-> (1): nn.Sequential {
          |      [input -> (1) -> (2) -> (3) -> (4) -> output]
          |      (1): cudnn.SpatialConvolution(32 -> 32, 3x3, 1,1, 1,1) without bias
          |      (2): nn.Sequential {
          |        [input -> (1) -> (2) -> output]
          |        (1): nn.SpatialBatchNormalization (4D) (32)
          |        (2): nn.PReLU
          |      }
          |      (3): cudnn.SpatialConvolution(32 -> 32, 3x3, 1,1, 1,1) without bias
          |      (4): nn.SpatialBatchNormalization (4D) (32)
          |    }
           `-> (2): nn.Identity
           ... -> output
      }
      (2): nn.CAddTable
    }
    (17): nn.Sequential {
      [input -> (1) -> (2) -> output]
      (1): nn.ConcatTable {
        input
          |`-> (1): nn.Sequential {
          |      [input -> (1) -> (2) -> (3) -> (4) -> output]
          |      (1): cudnn.SpatialConvolution(32 -> 32, 3x3, 1,1, 1,1) without bias
          |      (2): nn.Sequential {
          |        [input -> (1) -> (2) -> output]
          |        (1): nn.SpatialBatchNormalization (4D) (32)
          |        (2): nn.PReLU
          |      }
          |      (3): cudnn.SpatialConvolution(32 -> 32, 3x3, 1,1, 1,1) without bias
          |      (4): nn.SpatialBatchNormalization (4D) (32)
          |    }
           `-> (2): nn.Identity
           ... -> output
      }
      (2): nn.CAddTable
    }
    (18): nn.Sequential {
      [input -> (1) -> (2) -> output]
      (1): nn.ConcatTable {
        input
          |`-> (1): nn.Sequential {
          |      [input -> (1) -> (2) -> (3) -> (4) -> output]
          |      (1): cudnn.SpatialConvolution(32 -> 32, 3x3, 1,1, 1,1) without bias
          |      (2): nn.Sequential {
          |        [input -> (1) -> (2) -> output]
          |        (1): nn.SpatialBatchNormalization (4D) (32)
          |        (2): nn.PReLU
          |      }
          |      (3): cudnn.SpatialConvolution(32 -> 32, 3x3, 1,1, 1,1) without bias
          |      (4): nn.SpatialBatchNormalization (4D) (32)
          |    }
           `-> (2): nn.Identity
           ... -> output
      }
      (2): nn.CAddTable
    }
  }
  (5): nn.Sequential {
    [input -> (1) -> (2) -> (3) -> (4) -> (5) -> (6) -> (7) -> (8) -> (9) -> (10) -> (11) -> (12) -> (13) -> (14) -> (15) -> (16) -> (17) -> (18) -> output]
    (1): nn.Sequential {
      [input -> (1) -> (2) -> output]
      (1): nn.ConcatTable {
        input
          |`-> (1): nn.Sequential {
          |      [input -> (1) -> (2) -> (3) -> (4) -> output]
          |      (1): cudnn.SpatialConvolution(32 -> 64, 3x3, 2,2, 1,1) without bias
          |      (2): nn.Sequential {
          |        [input -> (1) -> (2) -> output]
          |        (1): nn.SpatialBatchNormalization (4D) (64)
          |        (2): nn.PReLU
          |      }
          |      (3): cudnn.SpatialConvolution(64 -> 64, 3x3, 1,1, 1,1) without bias
          |      (4): nn.SpatialBatchNormalization (4D) (64)
          |    }
           `-> (2): nn.Sequential {
                 [input -> (1) -> (2) -> output]
                 (1): nn.SpatialAveragePooling(1x1, 2,2)
                 (2): nn.Concat {
                   input
                     |`-> (1): nn.Identity
                      `-> (2): nn.MulConstant
                      ... -> output
                 }
               }
           ... -> output
      }
      (2): nn.CAddTable
    }
    (2): nn.Sequential {
      [input -> (1) -> (2) -> output]
      (1): nn.ConcatTable {
        input
          |`-> (1): nn.Sequential {
          |      [input -> (1) -> (2) -> (3) -> (4) -> output]
          |      (1): cudnn.SpatialConvolution(64 -> 64, 3x3, 1,1, 1,1) without bias
          |      (2): nn.Sequential {
          |        [input -> (1) -> (2) -> output]
          |        (1): nn.SpatialBatchNormalization (4D) (64)
          |        (2): nn.PReLU
          |      }
          |      (3): cudnn.SpatialConvolution(64 -> 64, 3x3, 1,1, 1,1) without bias
          |      (4): nn.SpatialBatchNormalization (4D) (64)
          |    }
           `-> (2): nn.Identity
           ... -> output
      }
      (2): nn.CAddTable
    }
    (3): nn.Sequential {
      [input -> (1) -> (2) -> output]
      (1): nn.ConcatTable {
        input
          |`-> (1): nn.Sequential {
          |      [input -> (1) -> (2) -> (3) -> (4) -> output]
          |      (1): cudnn.SpatialConvolution(64 -> 64, 3x3, 1,1, 1,1) without bias
          |      (2): nn.Sequential {
          |        [input -> (1) -> (2) -> output]
          |        (1): nn.SpatialBatchNormalization (4D) (64)
          |        (2): nn.PReLU
          |      }
          |      (3): cudnn.SpatialConvolution(64 -> 64, 3x3, 1,1, 1,1) without bias
          |      (4): nn.SpatialBatchNormalization (4D) (64)
          |    }
           `-> (2): nn.Identity
           ... -> output
      }
      (2): nn.CAddTable
    }
    (4): nn.Sequential {
      [input -> (1) -> (2) -> output]
      (1): nn.ConcatTable {
        input
          |`-> (1): nn.Sequential {
          |      [input -> (1) -> (2) -> (3) -> (4) -> output]
          |      (1): cudnn.SpatialConvolution(64 -> 64, 3x3, 1,1, 1,1) without bias
          |      (2): nn.Sequential {
          |        [input -> (1) -> (2) -> output]
          |        (1): nn.SpatialBatchNormalization (4D) (64)
          |        (2): nn.PReLU
          |      }
          |      (3): cudnn.SpatialConvolution(64 -> 64, 3x3, 1,1, 1,1) without bias
          |      (4): nn.SpatialBatchNormalization (4D) (64)
          |    }
           `-> (2): nn.Identity
           ... -> output
      }
      (2): nn.CAddTable
    }
    (5): nn.Sequential {
      [input -> (1) -> (2) -> output]
      (1): nn.ConcatTable {
        input
          |`-> (1): nn.Sequential {
          |      [input -> (1) -> (2) -> (3) -> (4) -> output]
          |      (1): cudnn.SpatialConvolution(64 -> 64, 3x3, 1,1, 1,1) without bias
          |      (2): nn.Sequential {
          |        [input -> (1) -> (2) -> output]
          |        (1): nn.SpatialBatchNormalization (4D) (64)
          |        (2): nn.PReLU
          |      }
          |      (3): cudnn.SpatialConvolution(64 -> 64, 3x3, 1,1, 1,1) without bias
          |      (4): nn.SpatialBatchNormalization (4D) (64)
          |    }
           `-> (2): nn.Identity
           ... -> output
      }
      (2): nn.CAddTable
    }
    (6): nn.Sequential {
      [input -> (1) -> (2) -> output]
      (1): nn.ConcatTable {
        input
          |`-> (1): nn.Sequential {
          |      [input -> (1) -> (2) -> (3) -> (4) -> output]
          |      (1): cudnn.SpatialConvolution(64 -> 64, 3x3, 1,1, 1,1) without bias
          |      (2): nn.Sequential {
          |        [input -> (1) -> (2) -> output]
          |        (1): nn.SpatialBatchNormalization (4D) (64)
          |        (2): nn.PReLU
          |      }
          |      (3): cudnn.SpatialConvolution(64 -> 64, 3x3, 1,1, 1,1) without bias
          |      (4): nn.SpatialBatchNormalization (4D) (64)
          |    }
           `-> (2): nn.Identity
           ... -> output
      }
      (2): nn.CAddTable
    }
    (7): nn.Sequential {
      [input -> (1) -> (2) -> output]
      (1): nn.ConcatTable {
        input
          |`-> (1): nn.Sequential {
          |      [input -> (1) -> (2) -> (3) -> (4) -> output]
          |      (1): cudnn.SpatialConvolution(64 -> 64, 3x3, 1,1, 1,1) without bias
          |      (2): nn.Sequential {
          |        [input -> (1) -> (2) -> output]
          |        (1): nn.SpatialBatchNormalization (4D) (64)
          |        (2): nn.PReLU
          |      }
          |      (3): cudnn.SpatialConvolution(64 -> 64, 3x3, 1,1, 1,1) without bias
          |      (4): nn.SpatialBatchNormalization (4D) (64)
          |    }
           `-> (2): nn.Identity
           ... -> output
      }
      (2): nn.CAddTable
    }
    (8): nn.Sequential {
      [input -> (1) -> (2) -> output]
      (1): nn.ConcatTable {
        input
          |`-> (1): nn.Sequential {
          |      [input -> (1) -> (2) -> (3) -> (4) -> output]
          |      (1): cudnn.SpatialConvolution(64 -> 64, 3x3, 1,1, 1,1) without bias
          |      (2): nn.Sequential {
          |        [input -> (1) -> (2) -> output]
          |        (1): nn.SpatialBatchNormalization (4D) (64)
          |        (2): nn.PReLU
          |      }
          |      (3): cudnn.SpatialConvolution(64 -> 64, 3x3, 1,1, 1,1) without bias
          |      (4): nn.SpatialBatchNormalization (4D) (64)
          |    }
           `-> (2): nn.Identity
           ... -> output
      }
      (2): nn.CAddTable
    }
    (9): nn.Sequential {
      [input -> (1) -> (2) -> output]
      (1): nn.ConcatTable {
        input
          |`-> (1): nn.Sequential {
          |      [input -> (1) -> (2) -> (3) -> (4) -> output]
          |      (1): cudnn.SpatialConvolution(64 -> 64, 3x3, 1,1, 1,1) without bias
          |      (2): nn.Sequential {
          |        [input -> (1) -> (2) -> output]
          |        (1): nn.SpatialBatchNormalization (4D) (64)
          |        (2): nn.PReLU
          |      }
          |      (3): cudnn.SpatialConvolution(64 -> 64, 3x3, 1,1, 1,1) without bias
          |      (4): nn.SpatialBatchNormalization (4D) (64)
          |    }
           `-> (2): nn.Identity
           ... -> output
      }
      (2): nn.CAddTable
    }
    (10): nn.Sequential {
      [input -> (1) -> (2) -> output]
      (1): nn.ConcatTable {
        input
          |`-> (1): nn.Sequential {
          |      [input -> (1) -> (2) -> (3) -> (4) -> output]
          |      (1): cudnn.SpatialConvolution(64 -> 64, 3x3, 1,1, 1,1) without bias
          |      (2): nn.Sequential {
          |        [input -> (1) -> (2) -> output]
          |        (1): nn.SpatialBatchNormalization (4D) (64)
          |        (2): nn.PReLU
          |      }
          |      (3): cudnn.SpatialConvolution(64 -> 64, 3x3, 1,1, 1,1) without bias
          |      (4): nn.SpatialBatchNormalization (4D) (64)
          |    }
           `-> (2): nn.Identity
           ... -> output
      }
      (2): nn.CAddTable
    }
    (11): nn.Sequential {
      [input -> (1) -> (2) -> output]
      (1): nn.ConcatTable {
        input
          |`-> (1): nn.Sequential {
          |      [input -> (1) -> (2) -> (3) -> (4) -> output]
          |      (1): cudnn.SpatialConvolution(64 -> 64, 3x3, 1,1, 1,1) without bias
          |      (2): nn.Sequential {
          |        [input -> (1) -> (2) -> output]
          |        (1): nn.SpatialBatchNormalization (4D) (64)
          |        (2): nn.PReLU
          |      }
          |      (3): cudnn.SpatialConvolution(64 -> 64, 3x3, 1,1, 1,1) without bias
          |      (4): nn.SpatialBatchNormalization (4D) (64)
          |    }
           `-> (2): nn.Identity
           ... -> output
      }
      (2): nn.CAddTable
    }
    (12): nn.Sequential {
      [input -> (1) -> (2) -> output]
      (1): nn.ConcatTable {
        input
          |`-> (1): nn.Sequential {
          |      [input -> (1) -> (2) -> (3) -> (4) -> output]
          |      (1): cudnn.SpatialConvolution(64 -> 64, 3x3, 1,1, 1,1) without bias
          |      (2): nn.Sequential {
          |        [input -> (1) -> (2) -> output]
          |        (1): nn.SpatialBatchNormalization (4D) (64)
          |        (2): nn.PReLU
          |      }
          |      (3): cudnn.SpatialConvolution(64 -> 64, 3x3, 1,1, 1,1) without bias
          |      (4): nn.SpatialBatchNormalization (4D) (64)
          |    }
           `-> (2): nn.Identity
           ... -> output
      }
      (2): nn.CAddTable
    }
    (13): nn.Sequential {
      [input -> (1) -> (2) -> output]
      (1): nn.ConcatTable {
        input
          |`-> (1): nn.Sequential {
          |      [input -> (1) -> (2) -> (3) -> (4) -> output]
          |      (1): cudnn.SpatialConvolution(64 -> 64, 3x3, 1,1, 1,1) without bias
          |      (2): nn.Sequential {
          |        [input -> (1) -> (2) -> output]
          |        (1): nn.SpatialBatchNormalization (4D) (64)
          |        (2): nn.PReLU
          |      }
          |      (3): cudnn.SpatialConvolution(64 -> 64, 3x3, 1,1, 1,1) without bias
          |      (4): nn.SpatialBatchNormalization (4D) (64)
          |    }
           `-> (2): nn.Identity
           ... -> output
      }
      (2): nn.CAddTable
    }
    (14): nn.Sequential {
      [input -> (1) -> (2) -> output]
      (1): nn.ConcatTable {
        input
          |`-> (1): nn.Sequential {
          |      [input -> (1) -> (2) -> (3) -> (4) -> output]
          |      (1): cudnn.SpatialConvolution(64 -> 64, 3x3, 1,1, 1,1) without bias
          |      (2): nn.Sequential {
          |        [input -> (1) -> (2) -> output]
          |        (1): nn.SpatialBatchNormalization (4D) (64)
          |        (2): nn.PReLU
          |      }
          |      (3): cudnn.SpatialConvolution(64 -> 64, 3x3, 1,1, 1,1) without bias
          |      (4): nn.SpatialBatchNormalization (4D) (64)
          |    }
           `-> (2): nn.Identity
           ... -> output
      }
      (2): nn.CAddTable
    }
    (15): nn.Sequential {
      [input -> (1) -> (2) -> output]
      (1): nn.ConcatTable {
        input
          |`-> (1): nn.Sequential {
          |      [input -> (1) -> (2) -> (3) -> (4) -> output]
          |      (1): cudnn.SpatialConvolution(64 -> 64, 3x3, 1,1, 1,1) without bias
          |      (2): nn.Sequential {
          |        [input -> (1) -> (2) -> output]
          |        (1): nn.SpatialBatchNormalization (4D) (64)
          |        (2): nn.PReLU
          |      }
          |      (3): cudnn.SpatialConvolution(64 -> 64, 3x3, 1,1, 1,1) without bias
          |      (4): nn.SpatialBatchNormalization (4D) (64)
          |    }
           `-> (2): nn.Identity
           ... -> output
      }
      (2): nn.CAddTable
    }
    (16): nn.Sequential {
      [input -> (1) -> (2) -> output]
      (1): nn.ConcatTable {
        input
          |`-> (1): nn.Sequential {
          |      [input -> (1) -> (2) -> (3) -> (4) -> output]
          |      (1): cudnn.SpatialConvolution(64 -> 64, 3x3, 1,1, 1,1) without bias
          |      (2): nn.Sequential {
          |        [input -> (1) -> (2) -> output]
          |        (1): nn.SpatialBatchNormalization (4D) (64)
          |        (2): nn.PReLU
          |      }
          |      (3): cudnn.SpatialConvolution(64 -> 64, 3x3, 1,1, 1,1) without bias
          |      (4): nn.SpatialBatchNormalization (4D) (64)
          |    }
           `-> (2): nn.Identity
           ... -> output
      }
      (2): nn.CAddTable
    }
    (17): nn.Sequential {
      [input -> (1) -> (2) -> output]
      (1): nn.ConcatTable {
        input
          |`-> (1): nn.Sequential {
          |      [input -> (1) -> (2) -> (3) -> (4) -> output]
          |      (1): cudnn.SpatialConvolution(64 -> 64, 3x3, 1,1, 1,1) without bias
          |      (2): nn.Sequential {
          |        [input -> (1) -> (2) -> output]
          |        (1): nn.SpatialBatchNormalization (4D) (64)
          |        (2): nn.PReLU
          |      }
          |      (3): cudnn.SpatialConvolution(64 -> 64, 3x3, 1,1, 1,1) without bias
          |      (4): nn.SpatialBatchNormalization (4D) (64)
          |    }
           `-> (2): nn.Identity
           ... -> output
      }
      (2): nn.CAddTable
    }
    (18): nn.Sequential {
      [input -> (1) -> (2) -> output]
      (1): nn.ConcatTable {
        input
          |`-> (1): nn.Sequential {
          |      [input -> (1) -> (2) -> (3) -> (4) -> output]
          |      (1): cudnn.SpatialConvolution(64 -> 64, 3x3, 1,1, 1,1) without bias
          |      (2): nn.Sequential {
          |        [input -> (1) -> (2) -> output]
          |        (1): nn.SpatialBatchNormalization (4D) (64)
          |        (2): nn.PReLU
          |      }
          |      (3): cudnn.SpatialConvolution(64 -> 64, 3x3, 1,1, 1,1) without bias
          |      (4): nn.SpatialBatchNormalization (4D) (64)
          |    }
           `-> (2): nn.Identity
           ... -> output
      }
      (2): nn.CAddTable
    }
  }
  (6): nn.Sequential {
    [input -> (1) -> (2) -> output]
    (1): nn.SpatialBatchNormalization (4D) (64)
    (2): nn.PReLU
  }
  (7): cudnn.SpatialAveragePooling(8x8, 1,1)
  (8): nn.View(64)
  (9): nn.Linear(64 -> 100)
}
=> Training epoch # 1	
 * Finished epoch # 1     top1:  87.598  top5:  63.652
	
 * Best model 	87.59765625	63.65234375	
=> Training epoch # 2	
 * Finished epoch # 2     top1:  80.137  top5:  51.387
	
 * Best model 	80.13671875	51.38671875	
=> Training epoch # 3	
 * Finished epoch # 3     top1:  71.641  top5:  39.541
	
 * Best model 	71.640625	39.541015625	
=> Training epoch # 4	
 * Finished epoch # 4     top1:  72.402  top5:  40.391
	
=> Training epoch # 5	
 * Finished epoch # 5     top1:  67.783  top5:  39.248
	
 * Best model 	67.783203125	39.248046875	
=> Training epoch # 6	
 * Finished epoch # 6     top1:  65.752  top5:  35.742
	
 * Best model 	65.751953125	35.7421875	
=> Training epoch # 7	
 * Finished epoch # 7     top1:  64.053  top5:  33.896
	
 * Best model 	64.052734375	33.896484375	
=> Training epoch # 8	
 * Finished epoch # 8     top1:  65.957  top5:  34.297
	
=> Training epoch # 9	
 * Finished epoch # 9     top1:  65.049  top5:  32.959
	
=> Training epoch # 10	
 * Finished epoch # 10     top1:  58.701  top5:  27.324
	
 * Best model 	58.701171875	27.32421875	
=> Training epoch # 11	
 * Finished epoch # 11     top1:  66.377  top5:  36.025
	
=> Training epoch # 12	
 * Finished epoch # 12     top1:  60.957  top5:  28.652
	
=> Training epoch # 13	
 * Finished epoch # 13     top1:  60.391  top5:  29.912
	
=> Training epoch # 14	
 * Finished epoch # 14     top1:  63.594  top5:  33.496
	
=> Training epoch # 15	
 * Finished epoch # 15     top1:  64.092  top5:  34.766
	
=> Training epoch # 16	
 * Finished epoch # 16     top1:  58.418  top5:  28.799
	
 * Best model 	58.41796875	28.798828125	
=> Training epoch # 17	
 * Finished epoch # 17     top1:  63.633  top5:  32.920
	
=> Training epoch # 18	
 * Finished epoch # 18     top1:  54.053  top5:  22.822
	
 * Best model 	54.052734375	22.822265625	
=> Training epoch # 19	
 * Finished epoch # 19     top1:  67.891  top5:  33.525
	
=> Training epoch # 20	
 * Finished epoch # 20     top1:  58.262  top5:  26.064
	
=> Training epoch # 21	
 * Finished epoch # 21     top1:  60.273  top5:  28.320
	
=> Training epoch # 22	
 * Finished epoch # 22     top1:  69.443  top5:  40.723
	
=> Training epoch # 23	
 * Finished epoch # 23     top1:  65.781  top5:  35.967
	
=> Training epoch # 24	
 * Finished epoch # 24     top1:  61.963  top5:  31.299
	
=> Training epoch # 25	
 * Finished epoch # 25     top1:  60.430  top5:  26.670
	
=> Training epoch # 26	
 * Finished epoch # 26     top1:  66.748  top5:  35.254
	
=> Training epoch # 27	
 * Finished epoch # 27     top1:  55.723  top5:  24.736
	
=> Training epoch # 28	
 * Finished epoch # 28     top1:  64.434  top5:  33.555
	
=> Training epoch # 29	
 * Finished epoch # 29     top1:  52.217  top5:  21.885
	
 * Best model 	52.216796875	21.884765625	
=> Training epoch # 30	
 * Finished epoch # 30     top1:  59.629  top5:  27.891
	
=> Training epoch # 31	
 * Finished epoch # 31     top1:  61.738  top5:  30.840
	
=> Training epoch # 32	
 * Finished epoch # 32     top1:  58.887  top5:  27.998
	
=> Training epoch # 33	
 * Finished epoch # 33     top1:  60.303  top5:  27.783
	
=> Training epoch # 34	
 * Finished epoch # 34     top1:  63.164  top5:  32.432
	
=> Training epoch # 35	
 * Finished epoch # 35     top1:  63.457  top5:  28.730
	
=> Training epoch # 36	
 * Finished epoch # 36     top1:  68.291  top5:  35.928
	
=> Training epoch # 37	
 * Finished epoch # 37     top1:  60.391  top5:  29.014
	
=> Training epoch # 38	
 * Finished epoch # 38     top1:  56.260  top5:  26.582
	
=> Training epoch # 39	
 * Finished epoch # 39     top1:  61.729  top5:  30.156
	
=> Training epoch # 40	
 * Finished epoch # 40     top1:  60.762  top5:  27.432
	
=> Training epoch # 41	
 * Finished epoch # 41     top1:  67.334  top5:  38.789
	
=> Training epoch # 42	
 * Finished epoch # 42     top1:  60.762  top5:  30.439
	
=> Training epoch # 43	
 * Finished epoch # 43     top1:  60.801  top5:  29.980
	
=> Training epoch # 44	
 * Finished epoch # 44     top1:  72.275  top5:  42.881
	
=> Training epoch # 45	
 * Finished epoch # 45     top1:  65.635  top5:  34.072
	
=> Training epoch # 46	
 * Finished epoch # 46     top1:  72.568  top5:  43.018
	
=> Training epoch # 47	
 * Finished epoch # 47     top1:  77.861  top5:  48.779
	
=> Training epoch # 48	
 * Finished epoch # 48     top1:  65.361  top5:  35.527
	
=> Training epoch # 49	
 * Finished epoch # 49     top1:  69.150  top5:  38.223
	
=> Training epoch # 50	
 * Finished epoch # 50     top1:  65.615  top5:  31.582
	
=> Training epoch # 51	
 * Finished epoch # 51     top1:  63.496  top5:  33.193
	
=> Training epoch # 52	
 * Finished epoch # 52     top1:  78.975  top5:  53.955
	
=> Training epoch # 53	
 * Finished epoch # 53     top1:  66.387  top5:  34.883
	
=> Training epoch # 54	
 * Finished epoch # 54     top1:  60.635  top5:  31.094
	
=> Training epoch # 55	
 * Finished epoch # 55     top1:  59.170  top5:  28.574
	
=> Training epoch # 56	
 * Finished epoch # 56     top1:  63.379  top5:  31.895
	
=> Training epoch # 57	
 * Finished epoch # 57     top1:  63.955  top5:  34.697
	
=> Training epoch # 58	
 * Finished epoch # 58     top1:  65.996  top5:  32.754
	
=> Training epoch # 59	
 * Finished epoch # 59     top1:  59.785  top5:  28.906
	
=> Training epoch # 60	
 * Finished epoch # 60     top1:  65.332  top5:  33.076
	
=> Training epoch # 61	
 * Finished epoch # 61     top1:  58.477  top5:  28.506
	
=> Training epoch # 62	
 * Finished epoch # 62     top1:  58.535  top5:  27.393
	
=> Training epoch # 63	
 * Finished epoch # 63     top1:  62.969  top5:  31.650
	
=> Training epoch # 64	
 * Finished epoch # 64     top1:  59.785  top5:  31.377
	
=> Training epoch # 65	
 * Finished epoch # 65     top1:  66.465  top5:  36.543
	
=> Training epoch # 66	
 * Finished epoch # 66     top1:  62.764  top5:  32.578
	
=> Training epoch # 67	
 * Finished epoch # 67     top1:  69.219  top5:  39.854
	
=> Training epoch # 68	
 * Finished epoch # 68     top1:  67.607  top5:  34.912
	
=> Training epoch # 69	
 * Finished epoch # 69     top1:  62.871  top5:  33.682
	
=> Training epoch # 70	
 * Finished epoch # 70     top1:  64.785  top5:  32.988
	
=> Training epoch # 71	
 * Finished epoch # 71     top1:  60.674  top5:  31.504
	
=> Training epoch # 72	
 * Finished epoch # 72     top1:  55.820  top5:  26.055
	
=> Training epoch # 73	
 * Finished epoch # 73     top1:  64.482  top5:  34.619
	
=> Training epoch # 74	
 * Finished epoch # 74     top1:  64.619  top5:  35.518
	
=> Training epoch # 75	
 * Finished epoch # 75     top1:  67.637  top5:  38.867
	
=> Training epoch # 76	
 * Finished epoch # 76     top1:  79.639  top5:  45.098
	
=> Training epoch # 77	
 * Finished epoch # 77     top1:  63.877  top5:  30.596
	
=> Training epoch # 78	
 * Finished epoch # 78     top1:  68.408  top5:  35.752
	
=> Training epoch # 79	
 * Finished epoch # 79     top1:  63.633  top5:  33.516
	
=> Training epoch # 80	
 * Finished epoch # 80     top1:  57.959  top5:  25.537
	
=> Training epoch # 81	
 * Finished epoch # 81     top1:  27.744  top5:   7.109
	
 * Best model 	27.744140625	7.109375	
=> Training epoch # 82	
 * Finished epoch # 82     top1:  27.715  top5:   7.285
	
 * Best model 	27.71484375	7.28515625	
=> Training epoch # 83	
 * Finished epoch # 83     top1:  26.963  top5:   7.129
	
 * Best model 	26.962890625	7.12890625	
=> Training epoch # 84	
 * Finished epoch # 84     top1:  27.373  top5:   7.344
	
=> Training epoch # 85	
 * Finished epoch # 85     top1:  27.773  top5:   7.373
	
=> Training epoch # 86	
 * Finished epoch # 86     top1:  27.539  top5:   7.676
	
=> Training epoch # 87	
 * Finished epoch # 87     top1:  28.809  top5:   8.037
	
=> Training epoch # 88	
 * Finished epoch # 88     top1:  28.936  top5:   8.154
	
=> Training epoch # 89	
 * Finished epoch # 89     top1:  28.994  top5:   8.389
	
=> Training epoch # 90	
 * Finished epoch # 90     top1:  28.623  top5:   8.232
	
=> Training epoch # 91	
 * Finished epoch # 91     top1:  29.082  top5:   8.535
	
=> Training epoch # 92	
 * Finished epoch # 92     top1:  30.723  top5:   9.160
	
=> Training epoch # 93	
 * Finished epoch # 93     top1:  29.785  top5:   8.818
	
=> Training epoch # 94	
 * Finished epoch # 94     top1:  30.576  top5:   9.277
	
=> Training epoch # 95	
 * Finished epoch # 95     top1:  29.814  top5:   8.740
	
=> Training epoch # 96	
 * Finished epoch # 96     top1:  30.928  top5:   9.053
	
=> Training epoch # 97	
 * Finished epoch # 97     top1:  29.844  top5:   8.623
	
=> Training epoch # 98	
 * Finished epoch # 98     top1:  30.098  top5:   9.248
	
=> Training epoch # 99	
 * Finished epoch # 99     top1:  29.883  top5:   9.043
	
=> Training epoch # 100	
 * Finished epoch # 100     top1:  32.217  top5:  10.293
	
=> Training epoch # 101	
 * Finished epoch # 101     top1:  30.039  top5:   9.102
	
=> Training epoch # 102	
 * Finished epoch # 102     top1:  31.074  top5:   9.189
	
=> Training epoch # 103	
 * Finished epoch # 103     top1:  32.266  top5:   9.512
	
=> Training epoch # 104	
 * Finished epoch # 104     top1:  29.658  top5:   9.004
	
=> Training epoch # 105	
 * Finished epoch # 105     top1:  32.783  top5:  11.289
	
=> Training epoch # 106	
 * Finished epoch # 106     top1:  31.123  top5:  10.146
	
=> Training epoch # 107	
 * Finished epoch # 107     top1:  32.197  top5:  10.996
	
=> Training epoch # 108	
 * Finished epoch # 108     top1:  33.770  top5:  10.225
	
=> Training epoch # 109	
 * Finished epoch # 109     top1:  34.170  top5:  11.299
	
=> Training epoch # 110	
 * Finished epoch # 110     top1:  32.070  top5:   9.678
	
=> Training epoch # 111	
 * Finished epoch # 111     top1:  35.781  top5:  12.451
	
=> Training epoch # 112	
 * Finished epoch # 112     top1:  33.652  top5:  10.840
	
=> Training epoch # 113	
 * Finished epoch # 113     top1:  33.828  top5:  10.781
	
=> Training epoch # 114	
 * Finished epoch # 114     top1:  35.098  top5:  11.816
	
=> Training epoch # 115	
 * Finished epoch # 115     top1:  35.596  top5:  12.500
	
=> Training epoch # 116	
 * Finished epoch # 116     top1:  36.924  top5:  12.539
	
=> Training epoch # 117	
 * Finished epoch # 117     top1:  37.285  top5:  12.324
	
=> Training epoch # 118	
 * Finished epoch # 118     top1:  36.025  top5:  11.748
	
=> Training epoch # 119	
 * Finished epoch # 119     top1:  35.029  top5:  11.621
	
=> Training epoch # 120	
 * Finished epoch # 120     top1:  36.387  top5:  12.471
	
=> Training epoch # 121	
 * Finished epoch # 121     top1:  37.217  top5:  12.217
	
=> Training epoch # 122	
 * Finished epoch # 122     top1:  26.504  top5:   7.529
	
 * Best model 	26.50390625	7.529296875	
=> Training epoch # 123	
 * Finished epoch # 123     top1:  26.934  top5:   7.490
	
=> Training epoch # 124	
 * Finished epoch # 124     top1:  26.250  top5:   7.285
	
 * Best model 	26.25	7.28515625	
=> Training epoch # 125	
 * Finished epoch # 125     top1:  26.270  top5:   7.881
	
=> Training epoch # 126	
 * Finished epoch # 126     top1:  25.879  top5:   7.588
	
 * Best model 	25.87890625	7.587890625	
=> Training epoch # 127	
 * Finished epoch # 127     top1:  26.270  top5:   7.148
	
=> Training epoch # 128	
 * Finished epoch # 128     top1:  25.762  top5:   7.363
	
 * Best model 	25.76171875	7.36328125	
=> Training epoch # 129	
 * Finished epoch # 129     top1:  25.771  top5:   7.461
	
=> Training epoch # 130	
 * Finished epoch # 130     top1:  26.025  top5:   7.461
	
=> Training epoch # 131	
 * Finished epoch # 131     top1:  25.840  top5:   7.432
	
=> Training epoch # 132	
 * Finished epoch # 132     top1:  26.221  top5:   7.549
	
=> Training epoch # 133	
 * Finished epoch # 133     top1:  25.840  top5:   7.451
	
=> Training epoch # 134	
 * Finished epoch # 134     top1:  26.387  top5:   7.764
	
=> Training epoch # 135	
 * Finished epoch # 135     top1:  25.908  top5:   7.197
	
=> Training epoch # 136	
 * Finished epoch # 136     top1:  25.908  top5:   7.451
	
=> Training epoch # 137	
 * Finished epoch # 137     top1:  26.270  top5:   7.539
	
=> Training epoch # 138	
 * Finished epoch # 138     top1:  26.406  top5:   7.412
	
=> Training epoch # 139	
 * Finished epoch # 139     top1:  25.820  top5:   7.383
	
=> Training epoch # 140	
 * Finished epoch # 140     top1:  25.869  top5:   7.607
	
=> Training epoch # 141	
 * Finished epoch # 141     top1:  25.654  top5:   7.275
	
 * Best model 	25.654296875	7.275390625	
=> Training epoch # 142	
 * Finished epoch # 142     top1:  25.918  top5:   7.402
	
=> Training epoch # 143	
 * Finished epoch # 143     top1:  25.576  top5:   7.793
	
 * Best model 	25.576171875	7.79296875	
=> Training epoch # 144	
 * Finished epoch # 144     top1:  25.859  top5:   7.549
	
=> Training epoch # 145	
 * Finished epoch # 145     top1:  26.172  top5:   7.373
	
=> Training epoch # 146	
 * Finished epoch # 146     top1:  26.074  top5:   7.471
	
=> Training epoch # 147	
 * Finished epoch # 147     top1:  25.908  top5:   7.432
	
=> Training epoch # 148	
 * Finished epoch # 148     top1:  25.371  top5:   7.432
	
 * Best model 	25.37109375	7.431640625	
=> Training epoch # 149	
 * Finished epoch # 149     top1:  26.074  top5:   7.500
	
=> Training epoch # 150	
 * Finished epoch # 150     top1:  25.811  top5:   7.266
	
=> Training epoch # 151	
 * Finished epoch # 151     top1:  25.859  top5:   7.617
	
=> Training epoch # 152	
 * Finished epoch # 152     top1:  25.322  top5:   7.354
	
 * Best model 	25.322265625	7.353515625	
=> Training epoch # 153	
 * Finished epoch # 153     top1:  25.547  top5:   7.354
	
=> Training epoch # 154	
 * Finished epoch # 154     top1:  25.830  top5:   7.256
	
=> Training epoch # 155	
 * Finished epoch # 155     top1:  25.469  top5:   7.412
	
=> Training epoch # 156	
 * Finished epoch # 156     top1:  25.518  top5:   7.334
	
=> Training epoch # 157	
 * Finished epoch # 157     top1:  25.381  top5:   7.510
	
=> Training epoch # 158	
 * Finished epoch # 158     top1:  25.488  top5:   7.363
	
=> Training epoch # 159	
 * Finished epoch # 159     top1:  25.576  top5:   7.490
	
=> Training epoch # 160	
 * Finished epoch # 160     top1:  25.869  top5:   7.588
	
=> Training epoch # 161	
 * Finished epoch # 161     top1:  25.605  top5:   7.568
	
=> Training epoch # 162	
 * Finished epoch # 162     top1:  25.918  top5:   7.910
	
=> Training epoch # 163	
 * Finished epoch # 163     top1:  26.182  top5:   7.725
	
=> Training epoch # 164	
 * Finished epoch # 164     top1:  25.420  top5:   7.461
	
=> Training epoch # 165	
 * Finished epoch # 165     top1:  25.723  top5:   7.744
	
=> Training epoch # 166	
 * Finished epoch # 166     top1:  26.270  top5:   7.676
	
=> Training epoch # 167	
 * Finished epoch # 167     top1:  25.781  top5:   7.783
	
=> Training epoch # 168	
 * Finished epoch # 168     top1:  25.596  top5:   7.617
	
=> Training epoch # 169	
 * Finished epoch # 169     top1:  26.113  top5:   7.822
	
=> Training epoch # 170	
 * Finished epoch # 170     top1:  25.420  top5:   7.510
	
=> Training epoch # 171	
 * Finished epoch # 171     top1:  25.703  top5:   7.939
	
=> Training epoch # 172	
 * Finished epoch # 172     top1:  26.309  top5:   7.832
	
=> Training epoch # 173	
 * Finished epoch # 173     top1:  25.742  top5:   7.451
	
=> Training epoch # 174	
 * Finished epoch # 174     top1:  25.850  top5:   7.686
	
=> Training epoch # 175	
 * Finished epoch # 175     top1:  26.113  top5:   7.744
	
=> Training epoch # 176	
 * Finished epoch # 176     top1:  25.605  top5:   7.627
	
=> Training epoch # 177	
 * Finished epoch # 177     top1:  25.566  top5:   7.441
	
=> Training epoch # 178	
 * Finished epoch # 178     top1:  25.713  top5:   7.666
	
=> Training epoch # 179	
 * Finished epoch # 179     top1:  25.918  top5:   8.135
	
=> Training epoch # 180	
 * Finished epoch # 180     top1:  25.215  top5:   7.432
	
 * Best model 	25.21484375	7.431640625	
=> Training epoch # 181	
 * Finished epoch # 181     top1:  25.869  top5:   7.881
	
=> Training epoch # 182	
 * Finished epoch # 182     top1:  25.820  top5:   7.578
	
=> Training epoch # 183	
 * Finished epoch # 183     top1:  25.879  top5:   7.832
	
=> Training epoch # 184	
 * Finished epoch # 184     top1:  25.293  top5:   7.500
	
=> Training epoch # 185	
 * Finished epoch # 185     top1:  25.391  top5:   7.529
	
=> Training epoch # 186	
 * Finished epoch # 186     top1:  25.889  top5:   7.744
	
=> Training epoch # 187	
 * Finished epoch # 187     top1:  25.723  top5:   7.686
	
=> Training epoch # 188	
 * Finished epoch # 188     top1:  26.035  top5:   7.793
	
=> Training epoch # 189	
 * Finished epoch # 189     top1:  25.850  top5:   7.656
	
=> Training epoch # 190	
 * Finished epoch # 190     top1:  26.035  top5:   7.441
	
=> Training epoch # 191	
 * Finished epoch # 191     top1:  26.064  top5:   7.812
	
=> Training epoch # 192	
 * Finished epoch # 192     top1:  25.508  top5:   7.461
	
=> Training epoch # 193	
 * Finished epoch # 193     top1:  26.445  top5:   8.223
	
=> Training epoch # 194	
 * Finished epoch # 194     top1:  25.586  top5:   7.461
	
=> Training epoch # 195	
 * Finished epoch # 195     top1:  25.674  top5:   7.471
	
=> Training epoch # 196	
 * Finished epoch # 196     top1:  26.074  top5:   7.607
	
=> Training epoch # 197	
 * Finished epoch # 197     top1:  25.371  top5:   7.432
	
=> Training epoch # 198	
 * Finished epoch # 198     top1:  25.479  top5:   7.461
	
=> Training epoch # 199	
 * Finished epoch # 199     top1:  26.143  top5:   7.607
	
=> Training epoch # 200	
 * Finished epoch # 200     top1:  25.635  top5:   7.666
	
 * Finished top1: 25.215  top5:  7.432	
