{
  cudnn : "fastest"
  LR : 0.1
  nThreads : 2
  nClasses : 0
  batchSize : 256
  testOnly : false
  netType : "resnet-bn-elu"
  resetClassifier : false
  shortcutType : "A"
  gen : "gen"
  nGPU : 1
  depth : 110
  weightDecay : 0.001
  data : ""
  dataset : "cifar10"
  epochNumber : 1
  manualSeed : 2
  resume : "results/results-bn-elu/try5/cifar10/110"
  optimState : "none"
  nEpochs : 200
  tenCrop : false
  shareGradInput : false
  backend : "cudnn"
  momentum : 0.9
  retrain : "none"
}
=> Creating model from file: models/resnet-bn-elu.lua	
 | ResNet-110 CIFAR-10	
nn.Sequential {
  [input -> (1) -> (2) -> (3) -> (4) -> (5) -> (6) -> (7) -> (8) -> (9) -> output]
  (1): cudnn.SpatialConvolution(3 -> 16, 3x3, 1,1, 1,1) without bias
  (2): nn.Sequential {
    [input -> (1) -> (2) -> output]
    (1): nn.SpatialBatchNormalization (4D) (16)
    (2): nn.ELU (alpha:1.000000)
  }
  (3): nn.Sequential {
    [input -> (1) -> (2) -> (3) -> (4) -> (5) -> (6) -> (7) -> (8) -> (9) -> (10) -> (11) -> (12) -> (13) -> (14) -> (15) -> (16) -> (17) -> (18) -> output]
    (1): nn.Sequential {
      [input -> (1) -> (2) -> output]
      (1): nn.ConcatTable {
        input
          |`-> (1): nn.Sequential {
          |      [input -> (1) -> (2) -> (3) -> (4) -> output]
          |      (1): cudnn.SpatialConvolution(16 -> 16, 3x3, 1,1, 1,1) without bias
          |      (2): nn.Sequential {
          |        [input -> (1) -> (2) -> output]
          |        (1): nn.SpatialBatchNormalization (4D) (16)
          |        (2): nn.ELU (alpha:1.000000)
          |      }
          |      (3): cudnn.SpatialConvolution(16 -> 16, 3x3, 1,1, 1,1) without bias
          |      (4): nn.SpatialBatchNormalization (4D) (16)
          |    }
           `-> (2): nn.Identity
           ... -> output
      }
      (2): nn.CAddTable
    }
    (2): nn.Sequential {
      [input -> (1) -> (2) -> output]
      (1): nn.ConcatTable {
        input
          |`-> (1): nn.Sequential {
          |      [input -> (1) -> (2) -> (3) -> (4) -> output]
          |      (1): cudnn.SpatialConvolution(16 -> 16, 3x3, 1,1, 1,1) without bias
          |      (2): nn.Sequential {
          |        [input -> (1) -> (2) -> output]
          |        (1): nn.SpatialBatchNormalization (4D) (16)
          |        (2): nn.ELU (alpha:1.000000)
          |      }
          |      (3): cudnn.SpatialConvolution(16 -> 16, 3x3, 1,1, 1,1) without bias
          |      (4): nn.SpatialBatchNormalization (4D) (16)
          |    }
           `-> (2): nn.Identity
           ... -> output
      }
      (2): nn.CAddTable
    }
    (3): nn.Sequential {
      [input -> (1) -> (2) -> output]
      (1): nn.ConcatTable {
        input
          |`-> (1): nn.Sequential {
          |      [input -> (1) -> (2) -> (3) -> (4) -> output]
          |      (1): cudnn.SpatialConvolution(16 -> 16, 3x3, 1,1, 1,1) without bias
          |      (2): nn.Sequential {
          |        [input -> (1) -> (2) -> output]
          |        (1): nn.SpatialBatchNormalization (4D) (16)
          |        (2): nn.ELU (alpha:1.000000)
          |      }
          |      (3): cudnn.SpatialConvolution(16 -> 16, 3x3, 1,1, 1,1) without bias
          |      (4): nn.SpatialBatchNormalization (4D) (16)
          |    }
           `-> (2): nn.Identity
           ... -> output
      }
      (2): nn.CAddTable
    }
    (4): nn.Sequential {
      [input -> (1) -> (2) -> output]
      (1): nn.ConcatTable {
        input
          |`-> (1): nn.Sequential {
          |      [input -> (1) -> (2) -> (3) -> (4) -> output]
          |      (1): cudnn.SpatialConvolution(16 -> 16, 3x3, 1,1, 1,1) without bias
          |      (2): nn.Sequential {
          |        [input -> (1) -> (2) -> output]
          |        (1): nn.SpatialBatchNormalization (4D) (16)
          |        (2): nn.ELU (alpha:1.000000)
          |      }
          |      (3): cudnn.SpatialConvolution(16 -> 16, 3x3, 1,1, 1,1) without bias
          |      (4): nn.SpatialBatchNormalization (4D) (16)
          |    }
           `-> (2): nn.Identity
           ... -> output
      }
      (2): nn.CAddTable
    }
    (5): nn.Sequential {
      [input -> (1) -> (2) -> output]
      (1): nn.ConcatTable {
        input
          |`-> (1): nn.Sequential {
          |      [input -> (1) -> (2) -> (3) -> (4) -> output]
          |      (1): cudnn.SpatialConvolution(16 -> 16, 3x3, 1,1, 1,1) without bias
          |      (2): nn.Sequential {
          |        [input -> (1) -> (2) -> output]
          |        (1): nn.SpatialBatchNormalization (4D) (16)
          |        (2): nn.ELU (alpha:1.000000)
          |      }
          |      (3): cudnn.SpatialConvolution(16 -> 16, 3x3, 1,1, 1,1) without bias
          |      (4): nn.SpatialBatchNormalization (4D) (16)
          |    }
           `-> (2): nn.Identity
           ... -> output
      }
      (2): nn.CAddTable
    }
    (6): nn.Sequential {
      [input -> (1) -> (2) -> output]
      (1): nn.ConcatTable {
        input
          |`-> (1): nn.Sequential {
          |      [input -> (1) -> (2) -> (3) -> (4) -> output]
          |      (1): cudnn.SpatialConvolution(16 -> 16, 3x3, 1,1, 1,1) without bias
          |      (2): nn.Sequential {
          |        [input -> (1) -> (2) -> output]
          |        (1): nn.SpatialBatchNormalization (4D) (16)
          |        (2): nn.ELU (alpha:1.000000)
          |      }
          |      (3): cudnn.SpatialConvolution(16 -> 16, 3x3, 1,1, 1,1) without bias
          |      (4): nn.SpatialBatchNormalization (4D) (16)
          |    }
           `-> (2): nn.Identity
           ... -> output
      }
      (2): nn.CAddTable
    }
    (7): nn.Sequential {
      [input -> (1) -> (2) -> output]
      (1): nn.ConcatTable {
        input
          |`-> (1): nn.Sequential {
          |      [input -> (1) -> (2) -> (3) -> (4) -> output]
          |      (1): cudnn.SpatialConvolution(16 -> 16, 3x3, 1,1, 1,1) without bias
          |      (2): nn.Sequential {
          |        [input -> (1) -> (2) -> output]
          |        (1): nn.SpatialBatchNormalization (4D) (16)
          |        (2): nn.ELU (alpha:1.000000)
          |      }
          |      (3): cudnn.SpatialConvolution(16 -> 16, 3x3, 1,1, 1,1) without bias
          |      (4): nn.SpatialBatchNormalization (4D) (16)
          |    }
           `-> (2): nn.Identity
           ... -> output
      }
      (2): nn.CAddTable
    }
    (8): nn.Sequential {
      [input -> (1) -> (2) -> output]
      (1): nn.ConcatTable {
        input
          |`-> (1): nn.Sequential {
          |      [input -> (1) -> (2) -> (3) -> (4) -> output]
          |      (1): cudnn.SpatialConvolution(16 -> 16, 3x3, 1,1, 1,1) without bias
          |      (2): nn.Sequential {
          |        [input -> (1) -> (2) -> output]
          |        (1): nn.SpatialBatchNormalization (4D) (16)
          |        (2): nn.ELU (alpha:1.000000)
          |      }
          |      (3): cudnn.SpatialConvolution(16 -> 16, 3x3, 1,1, 1,1) without bias
          |      (4): nn.SpatialBatchNormalization (4D) (16)
          |    }
           `-> (2): nn.Identity
           ... -> output
      }
      (2): nn.CAddTable
    }
    (9): nn.Sequential {
      [input -> (1) -> (2) -> output]
      (1): nn.ConcatTable {
        input
          |`-> (1): nn.Sequential {
          |      [input -> (1) -> (2) -> (3) -> (4) -> output]
          |      (1): cudnn.SpatialConvolution(16 -> 16, 3x3, 1,1, 1,1) without bias
          |      (2): nn.Sequential {
          |        [input -> (1) -> (2) -> output]
          |        (1): nn.SpatialBatchNormalization (4D) (16)
          |        (2): nn.ELU (alpha:1.000000)
          |      }
          |      (3): cudnn.SpatialConvolution(16 -> 16, 3x3, 1,1, 1,1) without bias
          |      (4): nn.SpatialBatchNormalization (4D) (16)
          |    }
           `-> (2): nn.Identity
           ... -> output
      }
      (2): nn.CAddTable
    }
    (10): nn.Sequential {
      [input -> (1) -> (2) -> output]
      (1): nn.ConcatTable {
        input
          |`-> (1): nn.Sequential {
          |      [input -> (1) -> (2) -> (3) -> (4) -> output]
          |      (1): cudnn.SpatialConvolution(16 -> 16, 3x3, 1,1, 1,1) without bias
          |      (2): nn.Sequential {
          |        [input -> (1) -> (2) -> output]
          |        (1): nn.SpatialBatchNormalization (4D) (16)
          |        (2): nn.ELU (alpha:1.000000)
          |      }
          |      (3): cudnn.SpatialConvolution(16 -> 16, 3x3, 1,1, 1,1) without bias
          |      (4): nn.SpatialBatchNormalization (4D) (16)
          |    }
           `-> (2): nn.Identity
           ... -> output
      }
      (2): nn.CAddTable
    }
    (11): nn.Sequential {
      [input -> (1) -> (2) -> output]
      (1): nn.ConcatTable {
        input
          |`-> (1): nn.Sequential {
          |      [input -> (1) -> (2) -> (3) -> (4) -> output]
          |      (1): cudnn.SpatialConvolution(16 -> 16, 3x3, 1,1, 1,1) without bias
          |      (2): nn.Sequential {
          |        [input -> (1) -> (2) -> output]
          |        (1): nn.SpatialBatchNormalization (4D) (16)
          |        (2): nn.ELU (alpha:1.000000)
          |      }
          |      (3): cudnn.SpatialConvolution(16 -> 16, 3x3, 1,1, 1,1) without bias
          |      (4): nn.SpatialBatchNormalization (4D) (16)
          |    }
           `-> (2): nn.Identity
           ... -> output
      }
      (2): nn.CAddTable
    }
    (12): nn.Sequential {
      [input -> (1) -> (2) -> output]
      (1): nn.ConcatTable {
        input
          |`-> (1): nn.Sequential {
          |      [input -> (1) -> (2) -> (3) -> (4) -> output]
          |      (1): cudnn.SpatialConvolution(16 -> 16, 3x3, 1,1, 1,1) without bias
          |      (2): nn.Sequential {
          |        [input -> (1) -> (2) -> output]
          |        (1): nn.SpatialBatchNormalization (4D) (16)
          |        (2): nn.ELU (alpha:1.000000)
          |      }
          |      (3): cudnn.SpatialConvolution(16 -> 16, 3x3, 1,1, 1,1) without bias
          |      (4): nn.SpatialBatchNormalization (4D) (16)
          |    }
           `-> (2): nn.Identity
           ... -> output
      }
      (2): nn.CAddTable
    }
    (13): nn.Sequential {
      [input -> (1) -> (2) -> output]
      (1): nn.ConcatTable {
        input
          |`-> (1): nn.Sequential {
          |      [input -> (1) -> (2) -> (3) -> (4) -> output]
          |      (1): cudnn.SpatialConvolution(16 -> 16, 3x3, 1,1, 1,1) without bias
          |      (2): nn.Sequential {
          |        [input -> (1) -> (2) -> output]
          |        (1): nn.SpatialBatchNormalization (4D) (16)
          |        (2): nn.ELU (alpha:1.000000)
          |      }
          |      (3): cudnn.SpatialConvolution(16 -> 16, 3x3, 1,1, 1,1) without bias
          |      (4): nn.SpatialBatchNormalization (4D) (16)
          |    }
           `-> (2): nn.Identity
           ... -> output
      }
      (2): nn.CAddTable
    }
    (14): nn.Sequential {
      [input -> (1) -> (2) -> output]
      (1): nn.ConcatTable {
        input
          |`-> (1): nn.Sequential {
          |      [input -> (1) -> (2) -> (3) -> (4) -> output]
          |      (1): cudnn.SpatialConvolution(16 -> 16, 3x3, 1,1, 1,1) without bias
          |      (2): nn.Sequential {
          |        [input -> (1) -> (2) -> output]
          |        (1): nn.SpatialBatchNormalization (4D) (16)
          |        (2): nn.ELU (alpha:1.000000)
          |      }
          |      (3): cudnn.SpatialConvolution(16 -> 16, 3x3, 1,1, 1,1) without bias
          |      (4): nn.SpatialBatchNormalization (4D) (16)
          |    }
           `-> (2): nn.Identity
           ... -> output
      }
      (2): nn.CAddTable
    }
    (15): nn.Sequential {
      [input -> (1) -> (2) -> output]
      (1): nn.ConcatTable {
        input
          |`-> (1): nn.Sequential {
          |      [input -> (1) -> (2) -> (3) -> (4) -> output]
          |      (1): cudnn.SpatialConvolution(16 -> 16, 3x3, 1,1, 1,1) without bias
          |      (2): nn.Sequential {
          |        [input -> (1) -> (2) -> output]
          |        (1): nn.SpatialBatchNormalization (4D) (16)
          |        (2): nn.ELU (alpha:1.000000)
          |      }
          |      (3): cudnn.SpatialConvolution(16 -> 16, 3x3, 1,1, 1,1) without bias
          |      (4): nn.SpatialBatchNormalization (4D) (16)
          |    }
           `-> (2): nn.Identity
           ... -> output
      }
      (2): nn.CAddTable
    }
    (16): nn.Sequential {
      [input -> (1) -> (2) -> output]
      (1): nn.ConcatTable {
        input
          |`-> (1): nn.Sequential {
          |      [input -> (1) -> (2) -> (3) -> (4) -> output]
          |      (1): cudnn.SpatialConvolution(16 -> 16, 3x3, 1,1, 1,1) without bias
          |      (2): nn.Sequential {
          |        [input -> (1) -> (2) -> output]
          |        (1): nn.SpatialBatchNormalization (4D) (16)
          |        (2): nn.ELU (alpha:1.000000)
          |      }
          |      (3): cudnn.SpatialConvolution(16 -> 16, 3x3, 1,1, 1,1) without bias
          |      (4): nn.SpatialBatchNormalization (4D) (16)
          |    }
           `-> (2): nn.Identity
           ... -> output
      }
      (2): nn.CAddTable
    }
    (17): nn.Sequential {
      [input -> (1) -> (2) -> output]
      (1): nn.ConcatTable {
        input
          |`-> (1): nn.Sequential {
          |      [input -> (1) -> (2) -> (3) -> (4) -> output]
          |      (1): cudnn.SpatialConvolution(16 -> 16, 3x3, 1,1, 1,1) without bias
          |      (2): nn.Sequential {
          |        [input -> (1) -> (2) -> output]
          |        (1): nn.SpatialBatchNormalization (4D) (16)
          |        (2): nn.ELU (alpha:1.000000)
          |      }
          |      (3): cudnn.SpatialConvolution(16 -> 16, 3x3, 1,1, 1,1) without bias
          |      (4): nn.SpatialBatchNormalization (4D) (16)
          |    }
           `-> (2): nn.Identity
           ... -> output
      }
      (2): nn.CAddTable
    }
    (18): nn.Sequential {
      [input -> (1) -> (2) -> output]
      (1): nn.ConcatTable {
        input
          |`-> (1): nn.Sequential {
          |      [input -> (1) -> (2) -> (3) -> (4) -> output]
          |      (1): cudnn.SpatialConvolution(16 -> 16, 3x3, 1,1, 1,1) without bias
          |      (2): nn.Sequential {
          |        [input -> (1) -> (2) -> output]
          |        (1): nn.SpatialBatchNormalization (4D) (16)
          |        (2): nn.ELU (alpha:1.000000)
          |      }
          |      (3): cudnn.SpatialConvolution(16 -> 16, 3x3, 1,1, 1,1) without bias
          |      (4): nn.SpatialBatchNormalization (4D) (16)
          |    }
           `-> (2): nn.Identity
           ... -> output
      }
      (2): nn.CAddTable
    }
  }
  (4): nn.Sequential {
    [input -> (1) -> (2) -> (3) -> (4) -> (5) -> (6) -> (7) -> (8) -> (9) -> (10) -> (11) -> (12) -> (13) -> (14) -> (15) -> (16) -> (17) -> (18) -> output]
    (1): nn.Sequential {
      [input -> (1) -> (2) -> output]
      (1): nn.ConcatTable {
        input
          |`-> (1): nn.Sequential {
          |      [input -> (1) -> (2) -> (3) -> (4) -> output]
          |      (1): cudnn.SpatialConvolution(16 -> 32, 3x3, 2,2, 1,1) without bias
          |      (2): nn.Sequential {
          |        [input -> (1) -> (2) -> output]
          |        (1): nn.SpatialBatchNormalization (4D) (32)
          |        (2): nn.ELU (alpha:1.000000)
          |      }
          |      (3): cudnn.SpatialConvolution(32 -> 32, 3x3, 1,1, 1,1) without bias
          |      (4): nn.SpatialBatchNormalization (4D) (32)
          |    }
           `-> (2): nn.Sequential {
                 [input -> (1) -> (2) -> output]
                 (1): nn.SpatialAveragePooling(1x1, 2,2)
                 (2): nn.Concat {
                   input
                     |`-> (1): nn.Identity
                      `-> (2): nn.MulConstant
                      ... -> output
                 }
               }
           ... -> output
      }
      (2): nn.CAddTable
    }
    (2): nn.Sequential {
      [input -> (1) -> (2) -> output]
      (1): nn.ConcatTable {
        input
          |`-> (1): nn.Sequential {
          |      [input -> (1) -> (2) -> (3) -> (4) -> output]
          |      (1): cudnn.SpatialConvolution(32 -> 32, 3x3, 1,1, 1,1) without bias
          |      (2): nn.Sequential {
          |        [input -> (1) -> (2) -> output]
          |        (1): nn.SpatialBatchNormalization (4D) (32)
          |        (2): nn.ELU (alpha:1.000000)
          |      }
          |      (3): cudnn.SpatialConvolution(32 -> 32, 3x3, 1,1, 1,1) without bias
          |      (4): nn.SpatialBatchNormalization (4D) (32)
          |    }
           `-> (2): nn.Identity
           ... -> output
      }
      (2): nn.CAddTable
    }
    (3): nn.Sequential {
      [input -> (1) -> (2) -> output]
      (1): nn.ConcatTable {
        input
          |`-> (1): nn.Sequential {
          |      [input -> (1) -> (2) -> (3) -> (4) -> output]
          |      (1): cudnn.SpatialConvolution(32 -> 32, 3x3, 1,1, 1,1) without bias
          |      (2): nn.Sequential {
          |        [input -> (1) -> (2) -> output]
          |        (1): nn.SpatialBatchNormalization (4D) (32)
          |        (2): nn.ELU (alpha:1.000000)
          |      }
          |      (3): cudnn.SpatialConvolution(32 -> 32, 3x3, 1,1, 1,1) without bias
          |      (4): nn.SpatialBatchNormalization (4D) (32)
          |    }
           `-> (2): nn.Identity
           ... -> output
      }
      (2): nn.CAddTable
    }
    (4): nn.Sequential {
      [input -> (1) -> (2) -> output]
      (1): nn.ConcatTable {
        input
          |`-> (1): nn.Sequential {
          |      [input -> (1) -> (2) -> (3) -> (4) -> output]
          |      (1): cudnn.SpatialConvolution(32 -> 32, 3x3, 1,1, 1,1) without bias
          |      (2): nn.Sequential {
          |        [input -> (1) -> (2) -> output]
          |        (1): nn.SpatialBatchNormalization (4D) (32)
          |        (2): nn.ELU (alpha:1.000000)
          |      }
          |      (3): cudnn.SpatialConvolution(32 -> 32, 3x3, 1,1, 1,1) without bias
          |      (4): nn.SpatialBatchNormalization (4D) (32)
          |    }
           `-> (2): nn.Identity
           ... -> output
      }
      (2): nn.CAddTable
    }
    (5): nn.Sequential {
      [input -> (1) -> (2) -> output]
      (1): nn.ConcatTable {
        input
          |`-> (1): nn.Sequential {
          |      [input -> (1) -> (2) -> (3) -> (4) -> output]
          |      (1): cudnn.SpatialConvolution(32 -> 32, 3x3, 1,1, 1,1) without bias
          |      (2): nn.Sequential {
          |        [input -> (1) -> (2) -> output]
          |        (1): nn.SpatialBatchNormalization (4D) (32)
          |        (2): nn.ELU (alpha:1.000000)
          |      }
          |      (3): cudnn.SpatialConvolution(32 -> 32, 3x3, 1,1, 1,1) without bias
          |      (4): nn.SpatialBatchNormalization (4D) (32)
          |    }
           `-> (2): nn.Identity
           ... -> output
      }
      (2): nn.CAddTable
    }
    (6): nn.Sequential {
      [input -> (1) -> (2) -> output]
      (1): nn.ConcatTable {
        input
          |`-> (1): nn.Sequential {
          |      [input -> (1) -> (2) -> (3) -> (4) -> output]
          |      (1): cudnn.SpatialConvolution(32 -> 32, 3x3, 1,1, 1,1) without bias
          |      (2): nn.Sequential {
          |        [input -> (1) -> (2) -> output]
          |        (1): nn.SpatialBatchNormalization (4D) (32)
          |        (2): nn.ELU (alpha:1.000000)
          |      }
          |      (3): cudnn.SpatialConvolution(32 -> 32, 3x3, 1,1, 1,1) without bias
          |      (4): nn.SpatialBatchNormalization (4D) (32)
          |    }
           `-> (2): nn.Identity
           ... -> output
      }
      (2): nn.CAddTable
    }
    (7): nn.Sequential {
      [input -> (1) -> (2) -> output]
      (1): nn.ConcatTable {
        input
          |`-> (1): nn.Sequential {
          |      [input -> (1) -> (2) -> (3) -> (4) -> output]
          |      (1): cudnn.SpatialConvolution(32 -> 32, 3x3, 1,1, 1,1) without bias
          |      (2): nn.Sequential {
          |        [input -> (1) -> (2) -> output]
          |        (1): nn.SpatialBatchNormalization (4D) (32)
          |        (2): nn.ELU (alpha:1.000000)
          |      }
          |      (3): cudnn.SpatialConvolution(32 -> 32, 3x3, 1,1, 1,1) without bias
          |      (4): nn.SpatialBatchNormalization (4D) (32)
          |    }
           `-> (2): nn.Identity
           ... -> output
      }
      (2): nn.CAddTable
    }
    (8): nn.Sequential {
      [input -> (1) -> (2) -> output]
      (1): nn.ConcatTable {
        input
          |`-> (1): nn.Sequential {
          |      [input -> (1) -> (2) -> (3) -> (4) -> output]
          |      (1): cudnn.SpatialConvolution(32 -> 32, 3x3, 1,1, 1,1) without bias
          |      (2): nn.Sequential {
          |        [input -> (1) -> (2) -> output]
          |        (1): nn.SpatialBatchNormalization (4D) (32)
          |        (2): nn.ELU (alpha:1.000000)
          |      }
          |      (3): cudnn.SpatialConvolution(32 -> 32, 3x3, 1,1, 1,1) without bias
          |      (4): nn.SpatialBatchNormalization (4D) (32)
          |    }
           `-> (2): nn.Identity
           ... -> output
      }
      (2): nn.CAddTable
    }
    (9): nn.Sequential {
      [input -> (1) -> (2) -> output]
      (1): nn.ConcatTable {
        input
          |`-> (1): nn.Sequential {
          |      [input -> (1) -> (2) -> (3) -> (4) -> output]
          |      (1): cudnn.SpatialConvolution(32 -> 32, 3x3, 1,1, 1,1) without bias
          |      (2): nn.Sequential {
          |        [input -> (1) -> (2) -> output]
          |        (1): nn.SpatialBatchNormalization (4D) (32)
          |        (2): nn.ELU (alpha:1.000000)
          |      }
          |      (3): cudnn.SpatialConvolution(32 -> 32, 3x3, 1,1, 1,1) without bias
          |      (4): nn.SpatialBatchNormalization (4D) (32)
          |    }
           `-> (2): nn.Identity
           ... -> output
      }
      (2): nn.CAddTable
    }
    (10): nn.Sequential {
      [input -> (1) -> (2) -> output]
      (1): nn.ConcatTable {
        input
          |`-> (1): nn.Sequential {
          |      [input -> (1) -> (2) -> (3) -> (4) -> output]
          |      (1): cudnn.SpatialConvolution(32 -> 32, 3x3, 1,1, 1,1) without bias
          |      (2): nn.Sequential {
          |        [input -> (1) -> (2) -> output]
          |        (1): nn.SpatialBatchNormalization (4D) (32)
          |        (2): nn.ELU (alpha:1.000000)
          |      }
          |      (3): cudnn.SpatialConvolution(32 -> 32, 3x3, 1,1, 1,1) without bias
          |      (4): nn.SpatialBatchNormalization (4D) (32)
          |    }
           `-> (2): nn.Identity
           ... -> output
      }
      (2): nn.CAddTable
    }
    (11): nn.Sequential {
      [input -> (1) -> (2) -> output]
      (1): nn.ConcatTable {
        input
          |`-> (1): nn.Sequential {
          |      [input -> (1) -> (2) -> (3) -> (4) -> output]
          |      (1): cudnn.SpatialConvolution(32 -> 32, 3x3, 1,1, 1,1) without bias
          |      (2): nn.Sequential {
          |        [input -> (1) -> (2) -> output]
          |        (1): nn.SpatialBatchNormalization (4D) (32)
          |        (2): nn.ELU (alpha:1.000000)
          |      }
          |      (3): cudnn.SpatialConvolution(32 -> 32, 3x3, 1,1, 1,1) without bias
          |      (4): nn.SpatialBatchNormalization (4D) (32)
          |    }
           `-> (2): nn.Identity
           ... -> output
      }
      (2): nn.CAddTable
    }
    (12): nn.Sequential {
      [input -> (1) -> (2) -> output]
      (1): nn.ConcatTable {
        input
          |`-> (1): nn.Sequential {
          |      [input -> (1) -> (2) -> (3) -> (4) -> output]
          |      (1): cudnn.SpatialConvolution(32 -> 32, 3x3, 1,1, 1,1) without bias
          |      (2): nn.Sequential {
          |        [input -> (1) -> (2) -> output]
          |        (1): nn.SpatialBatchNormalization (4D) (32)
          |        (2): nn.ELU (alpha:1.000000)
          |      }
          |      (3): cudnn.SpatialConvolution(32 -> 32, 3x3, 1,1, 1,1) without bias
          |      (4): nn.SpatialBatchNormalization (4D) (32)
          |    }
           `-> (2): nn.Identity
           ... -> output
      }
      (2): nn.CAddTable
    }
    (13): nn.Sequential {
      [input -> (1) -> (2) -> output]
      (1): nn.ConcatTable {
        input
          |`-> (1): nn.Sequential {
          |      [input -> (1) -> (2) -> (3) -> (4) -> output]
          |      (1): cudnn.SpatialConvolution(32 -> 32, 3x3, 1,1, 1,1) without bias
          |      (2): nn.Sequential {
          |        [input -> (1) -> (2) -> output]
          |        (1): nn.SpatialBatchNormalization (4D) (32)
          |        (2): nn.ELU (alpha:1.000000)
          |      }
          |      (3): cudnn.SpatialConvolution(32 -> 32, 3x3, 1,1, 1,1) without bias
          |      (4): nn.SpatialBatchNormalization (4D) (32)
          |    }
           `-> (2): nn.Identity
           ... -> output
      }
      (2): nn.CAddTable
    }
    (14): nn.Sequential {
      [input -> (1) -> (2) -> output]
      (1): nn.ConcatTable {
        input
          |`-> (1): nn.Sequential {
          |      [input -> (1) -> (2) -> (3) -> (4) -> output]
          |      (1): cudnn.SpatialConvolution(32 -> 32, 3x3, 1,1, 1,1) without bias
          |      (2): nn.Sequential {
          |        [input -> (1) -> (2) -> output]
          |        (1): nn.SpatialBatchNormalization (4D) (32)
          |        (2): nn.ELU (alpha:1.000000)
          |      }
          |      (3): cudnn.SpatialConvolution(32 -> 32, 3x3, 1,1, 1,1) without bias
          |      (4): nn.SpatialBatchNormalization (4D) (32)
          |    }
           `-> (2): nn.Identity
           ... -> output
      }
      (2): nn.CAddTable
    }
    (15): nn.Sequential {
      [input -> (1) -> (2) -> output]
      (1): nn.ConcatTable {
        input
          |`-> (1): nn.Sequential {
          |      [input -> (1) -> (2) -> (3) -> (4) -> output]
          |      (1): cudnn.SpatialConvolution(32 -> 32, 3x3, 1,1, 1,1) without bias
          |      (2): nn.Sequential {
          |        [input -> (1) -> (2) -> output]
          |        (1): nn.SpatialBatchNormalization (4D) (32)
          |        (2): nn.ELU (alpha:1.000000)
          |      }
          |      (3): cudnn.SpatialConvolution(32 -> 32, 3x3, 1,1, 1,1) without bias
          |      (4): nn.SpatialBatchNormalization (4D) (32)
          |    }
           `-> (2): nn.Identity
           ... -> output
      }
      (2): nn.CAddTable
    }
    (16): nn.Sequential {
      [input -> (1) -> (2) -> output]
      (1): nn.ConcatTable {
        input
          |`-> (1): nn.Sequential {
          |      [input -> (1) -> (2) -> (3) -> (4) -> output]
          |      (1): cudnn.SpatialConvolution(32 -> 32, 3x3, 1,1, 1,1) without bias
          |      (2): nn.Sequential {
          |        [input -> (1) -> (2) -> output]
          |        (1): nn.SpatialBatchNormalization (4D) (32)
          |        (2): nn.ELU (alpha:1.000000)
          |      }
          |      (3): cudnn.SpatialConvolution(32 -> 32, 3x3, 1,1, 1,1) without bias
          |      (4): nn.SpatialBatchNormalization (4D) (32)
          |    }
           `-> (2): nn.Identity
           ... -> output
      }
      (2): nn.CAddTable
    }
    (17): nn.Sequential {
      [input -> (1) -> (2) -> output]
      (1): nn.ConcatTable {
        input
          |`-> (1): nn.Sequential {
          |      [input -> (1) -> (2) -> (3) -> (4) -> output]
          |      (1): cudnn.SpatialConvolution(32 -> 32, 3x3, 1,1, 1,1) without bias
          |      (2): nn.Sequential {
          |        [input -> (1) -> (2) -> output]
          |        (1): nn.SpatialBatchNormalization (4D) (32)
          |        (2): nn.ELU (alpha:1.000000)
          |      }
          |      (3): cudnn.SpatialConvolution(32 -> 32, 3x3, 1,1, 1,1) without bias
          |      (4): nn.SpatialBatchNormalization (4D) (32)
          |    }
           `-> (2): nn.Identity
           ... -> output
      }
      (2): nn.CAddTable
    }
    (18): nn.Sequential {
      [input -> (1) -> (2) -> output]
      (1): nn.ConcatTable {
        input
          |`-> (1): nn.Sequential {
          |      [input -> (1) -> (2) -> (3) -> (4) -> output]
          |      (1): cudnn.SpatialConvolution(32 -> 32, 3x3, 1,1, 1,1) without bias
          |      (2): nn.Sequential {
          |        [input -> (1) -> (2) -> output]
          |        (1): nn.SpatialBatchNormalization (4D) (32)
          |        (2): nn.ELU (alpha:1.000000)
          |      }
          |      (3): cudnn.SpatialConvolution(32 -> 32, 3x3, 1,1, 1,1) without bias
          |      (4): nn.SpatialBatchNormalization (4D) (32)
          |    }
           `-> (2): nn.Identity
           ... -> output
      }
      (2): nn.CAddTable
    }
  }
  (5): nn.Sequential {
    [input -> (1) -> (2) -> (3) -> (4) -> (5) -> (6) -> (7) -> (8) -> (9) -> (10) -> (11) -> (12) -> (13) -> (14) -> (15) -> (16) -> (17) -> (18) -> output]
    (1): nn.Sequential {
      [input -> (1) -> (2) -> output]
      (1): nn.ConcatTable {
        input
          |`-> (1): nn.Sequential {
          |      [input -> (1) -> (2) -> (3) -> (4) -> output]
          |      (1): cudnn.SpatialConvolution(32 -> 64, 3x3, 2,2, 1,1) without bias
          |      (2): nn.Sequential {
          |        [input -> (1) -> (2) -> output]
          |        (1): nn.SpatialBatchNormalization (4D) (64)
          |        (2): nn.ELU (alpha:1.000000)
          |      }
          |      (3): cudnn.SpatialConvolution(64 -> 64, 3x3, 1,1, 1,1) without bias
          |      (4): nn.SpatialBatchNormalization (4D) (64)
          |    }
           `-> (2): nn.Sequential {
                 [input -> (1) -> (2) -> output]
                 (1): nn.SpatialAveragePooling(1x1, 2,2)
                 (2): nn.Concat {
                   input
                     |`-> (1): nn.Identity
                      `-> (2): nn.MulConstant
                      ... -> output
                 }
               }
           ... -> output
      }
      (2): nn.CAddTable
    }
    (2): nn.Sequential {
      [input -> (1) -> (2) -> output]
      (1): nn.ConcatTable {
        input
          |`-> (1): nn.Sequential {
          |      [input -> (1) -> (2) -> (3) -> (4) -> output]
          |      (1): cudnn.SpatialConvolution(64 -> 64, 3x3, 1,1, 1,1) without bias
          |      (2): nn.Sequential {
          |        [input -> (1) -> (2) -> output]
          |        (1): nn.SpatialBatchNormalization (4D) (64)
          |        (2): nn.ELU (alpha:1.000000)
          |      }
          |      (3): cudnn.SpatialConvolution(64 -> 64, 3x3, 1,1, 1,1) without bias
          |      (4): nn.SpatialBatchNormalization (4D) (64)
          |    }
           `-> (2): nn.Identity
           ... -> output
      }
      (2): nn.CAddTable
    }
    (3): nn.Sequential {
      [input -> (1) -> (2) -> output]
      (1): nn.ConcatTable {
        input
          |`-> (1): nn.Sequential {
          |      [input -> (1) -> (2) -> (3) -> (4) -> output]
          |      (1): cudnn.SpatialConvolution(64 -> 64, 3x3, 1,1, 1,1) without bias
          |      (2): nn.Sequential {
          |        [input -> (1) -> (2) -> output]
          |        (1): nn.SpatialBatchNormalization (4D) (64)
          |        (2): nn.ELU (alpha:1.000000)
          |      }
          |      (3): cudnn.SpatialConvolution(64 -> 64, 3x3, 1,1, 1,1) without bias
          |      (4): nn.SpatialBatchNormalization (4D) (64)
          |    }
           `-> (2): nn.Identity
           ... -> output
      }
      (2): nn.CAddTable
    }
    (4): nn.Sequential {
      [input -> (1) -> (2) -> output]
      (1): nn.ConcatTable {
        input
          |`-> (1): nn.Sequential {
          |      [input -> (1) -> (2) -> (3) -> (4) -> output]
          |      (1): cudnn.SpatialConvolution(64 -> 64, 3x3, 1,1, 1,1) without bias
          |      (2): nn.Sequential {
          |        [input -> (1) -> (2) -> output]
          |        (1): nn.SpatialBatchNormalization (4D) (64)
          |        (2): nn.ELU (alpha:1.000000)
          |      }
          |      (3): cudnn.SpatialConvolution(64 -> 64, 3x3, 1,1, 1,1) without bias
          |      (4): nn.SpatialBatchNormalization (4D) (64)
          |    }
           `-> (2): nn.Identity
           ... -> output
      }
      (2): nn.CAddTable
    }
    (5): nn.Sequential {
      [input -> (1) -> (2) -> output]
      (1): nn.ConcatTable {
        input
          |`-> (1): nn.Sequential {
          |      [input -> (1) -> (2) -> (3) -> (4) -> output]
          |      (1): cudnn.SpatialConvolution(64 -> 64, 3x3, 1,1, 1,1) without bias
          |      (2): nn.Sequential {
          |        [input -> (1) -> (2) -> output]
          |        (1): nn.SpatialBatchNormalization (4D) (64)
          |        (2): nn.ELU (alpha:1.000000)
          |      }
          |      (3): cudnn.SpatialConvolution(64 -> 64, 3x3, 1,1, 1,1) without bias
          |      (4): nn.SpatialBatchNormalization (4D) (64)
          |    }
           `-> (2): nn.Identity
           ... -> output
      }
      (2): nn.CAddTable
    }
    (6): nn.Sequential {
      [input -> (1) -> (2) -> output]
      (1): nn.ConcatTable {
        input
          |`-> (1): nn.Sequential {
          |      [input -> (1) -> (2) -> (3) -> (4) -> output]
          |      (1): cudnn.SpatialConvolution(64 -> 64, 3x3, 1,1, 1,1) without bias
          |      (2): nn.Sequential {
          |        [input -> (1) -> (2) -> output]
          |        (1): nn.SpatialBatchNormalization (4D) (64)
          |        (2): nn.ELU (alpha:1.000000)
          |      }
          |      (3): cudnn.SpatialConvolution(64 -> 64, 3x3, 1,1, 1,1) without bias
          |      (4): nn.SpatialBatchNormalization (4D) (64)
          |    }
           `-> (2): nn.Identity
           ... -> output
      }
      (2): nn.CAddTable
    }
    (7): nn.Sequential {
      [input -> (1) -> (2) -> output]
      (1): nn.ConcatTable {
        input
          |`-> (1): nn.Sequential {
          |      [input -> (1) -> (2) -> (3) -> (4) -> output]
          |      (1): cudnn.SpatialConvolution(64 -> 64, 3x3, 1,1, 1,1) without bias
          |      (2): nn.Sequential {
          |        [input -> (1) -> (2) -> output]
          |        (1): nn.SpatialBatchNormalization (4D) (64)
          |        (2): nn.ELU (alpha:1.000000)
          |      }
          |      (3): cudnn.SpatialConvolution(64 -> 64, 3x3, 1,1, 1,1) without bias
          |      (4): nn.SpatialBatchNormalization (4D) (64)
          |    }
           `-> (2): nn.Identity
           ... -> output
      }
      (2): nn.CAddTable
    }
    (8): nn.Sequential {
      [input -> (1) -> (2) -> output]
      (1): nn.ConcatTable {
        input
          |`-> (1): nn.Sequential {
          |      [input -> (1) -> (2) -> (3) -> (4) -> output]
          |      (1): cudnn.SpatialConvolution(64 -> 64, 3x3, 1,1, 1,1) without bias
          |      (2): nn.Sequential {
          |        [input -> (1) -> (2) -> output]
          |        (1): nn.SpatialBatchNormalization (4D) (64)
          |        (2): nn.ELU (alpha:1.000000)
          |      }
          |      (3): cudnn.SpatialConvolution(64 -> 64, 3x3, 1,1, 1,1) without bias
          |      (4): nn.SpatialBatchNormalization (4D) (64)
          |    }
           `-> (2): nn.Identity
           ... -> output
      }
      (2): nn.CAddTable
    }
    (9): nn.Sequential {
      [input -> (1) -> (2) -> output]
      (1): nn.ConcatTable {
        input
          |`-> (1): nn.Sequential {
          |      [input -> (1) -> (2) -> (3) -> (4) -> output]
          |      (1): cudnn.SpatialConvolution(64 -> 64, 3x3, 1,1, 1,1) without bias
          |      (2): nn.Sequential {
          |        [input -> (1) -> (2) -> output]
          |        (1): nn.SpatialBatchNormalization (4D) (64)
          |        (2): nn.ELU (alpha:1.000000)
          |      }
          |      (3): cudnn.SpatialConvolution(64 -> 64, 3x3, 1,1, 1,1) without bias
          |      (4): nn.SpatialBatchNormalization (4D) (64)
          |    }
           `-> (2): nn.Identity
           ... -> output
      }
      (2): nn.CAddTable
    }
    (10): nn.Sequential {
      [input -> (1) -> (2) -> output]
      (1): nn.ConcatTable {
        input
          |`-> (1): nn.Sequential {
          |      [input -> (1) -> (2) -> (3) -> (4) -> output]
          |      (1): cudnn.SpatialConvolution(64 -> 64, 3x3, 1,1, 1,1) without bias
          |      (2): nn.Sequential {
          |        [input -> (1) -> (2) -> output]
          |        (1): nn.SpatialBatchNormalization (4D) (64)
          |        (2): nn.ELU (alpha:1.000000)
          |      }
          |      (3): cudnn.SpatialConvolution(64 -> 64, 3x3, 1,1, 1,1) without bias
          |      (4): nn.SpatialBatchNormalization (4D) (64)
          |    }
           `-> (2): nn.Identity
           ... -> output
      }
      (2): nn.CAddTable
    }
    (11): nn.Sequential {
      [input -> (1) -> (2) -> output]
      (1): nn.ConcatTable {
        input
          |`-> (1): nn.Sequential {
          |      [input -> (1) -> (2) -> (3) -> (4) -> output]
          |      (1): cudnn.SpatialConvolution(64 -> 64, 3x3, 1,1, 1,1) without bias
          |      (2): nn.Sequential {
          |        [input -> (1) -> (2) -> output]
          |        (1): nn.SpatialBatchNormalization (4D) (64)
          |        (2): nn.ELU (alpha:1.000000)
          |      }
          |      (3): cudnn.SpatialConvolution(64 -> 64, 3x3, 1,1, 1,1) without bias
          |      (4): nn.SpatialBatchNormalization (4D) (64)
          |    }
           `-> (2): nn.Identity
           ... -> output
      }
      (2): nn.CAddTable
    }
    (12): nn.Sequential {
      [input -> (1) -> (2) -> output]
      (1): nn.ConcatTable {
        input
          |`-> (1): nn.Sequential {
          |      [input -> (1) -> (2) -> (3) -> (4) -> output]
          |      (1): cudnn.SpatialConvolution(64 -> 64, 3x3, 1,1, 1,1) without bias
          |      (2): nn.Sequential {
          |        [input -> (1) -> (2) -> output]
          |        (1): nn.SpatialBatchNormalization (4D) (64)
          |        (2): nn.ELU (alpha:1.000000)
          |      }
          |      (3): cudnn.SpatialConvolution(64 -> 64, 3x3, 1,1, 1,1) without bias
          |      (4): nn.SpatialBatchNormalization (4D) (64)
          |    }
           `-> (2): nn.Identity
           ... -> output
      }
      (2): nn.CAddTable
    }
    (13): nn.Sequential {
      [input -> (1) -> (2) -> output]
      (1): nn.ConcatTable {
        input
          |`-> (1): nn.Sequential {
          |      [input -> (1) -> (2) -> (3) -> (4) -> output]
          |      (1): cudnn.SpatialConvolution(64 -> 64, 3x3, 1,1, 1,1) without bias
          |      (2): nn.Sequential {
          |        [input -> (1) -> (2) -> output]
          |        (1): nn.SpatialBatchNormalization (4D) (64)
          |        (2): nn.ELU (alpha:1.000000)
          |      }
          |      (3): cudnn.SpatialConvolution(64 -> 64, 3x3, 1,1, 1,1) without bias
          |      (4): nn.SpatialBatchNormalization (4D) (64)
          |    }
           `-> (2): nn.Identity
           ... -> output
      }
      (2): nn.CAddTable
    }
    (14): nn.Sequential {
      [input -> (1) -> (2) -> output]
      (1): nn.ConcatTable {
        input
          |`-> (1): nn.Sequential {
          |      [input -> (1) -> (2) -> (3) -> (4) -> output]
          |      (1): cudnn.SpatialConvolution(64 -> 64, 3x3, 1,1, 1,1) without bias
          |      (2): nn.Sequential {
          |        [input -> (1) -> (2) -> output]
          |        (1): nn.SpatialBatchNormalization (4D) (64)
          |        (2): nn.ELU (alpha:1.000000)
          |      }
          |      (3): cudnn.SpatialConvolution(64 -> 64, 3x3, 1,1, 1,1) without bias
          |      (4): nn.SpatialBatchNormalization (4D) (64)
          |    }
           `-> (2): nn.Identity
           ... -> output
      }
      (2): nn.CAddTable
    }
    (15): nn.Sequential {
      [input -> (1) -> (2) -> output]
      (1): nn.ConcatTable {
        input
          |`-> (1): nn.Sequential {
          |      [input -> (1) -> (2) -> (3) -> (4) -> output]
          |      (1): cudnn.SpatialConvolution(64 -> 64, 3x3, 1,1, 1,1) without bias
          |      (2): nn.Sequential {
          |        [input -> (1) -> (2) -> output]
          |        (1): nn.SpatialBatchNormalization (4D) (64)
          |        (2): nn.ELU (alpha:1.000000)
          |      }
          |      (3): cudnn.SpatialConvolution(64 -> 64, 3x3, 1,1, 1,1) without bias
          |      (4): nn.SpatialBatchNormalization (4D) (64)
          |    }
           `-> (2): nn.Identity
           ... -> output
      }
      (2): nn.CAddTable
    }
    (16): nn.Sequential {
      [input -> (1) -> (2) -> output]
      (1): nn.ConcatTable {
        input
          |`-> (1): nn.Sequential {
          |      [input -> (1) -> (2) -> (3) -> (4) -> output]
          |      (1): cudnn.SpatialConvolution(64 -> 64, 3x3, 1,1, 1,1) without bias
          |      (2): nn.Sequential {
          |        [input -> (1) -> (2) -> output]
          |        (1): nn.SpatialBatchNormalization (4D) (64)
          |        (2): nn.ELU (alpha:1.000000)
          |      }
          |      (3): cudnn.SpatialConvolution(64 -> 64, 3x3, 1,1, 1,1) without bias
          |      (4): nn.SpatialBatchNormalization (4D) (64)
          |    }
           `-> (2): nn.Identity
           ... -> output
      }
      (2): nn.CAddTable
    }
    (17): nn.Sequential {
      [input -> (1) -> (2) -> output]
      (1): nn.ConcatTable {
        input
          |`-> (1): nn.Sequential {
          |      [input -> (1) -> (2) -> (3) -> (4) -> output]
          |      (1): cudnn.SpatialConvolution(64 -> 64, 3x3, 1,1, 1,1) without bias
          |      (2): nn.Sequential {
          |        [input -> (1) -> (2) -> output]
          |        (1): nn.SpatialBatchNormalization (4D) (64)
          |        (2): nn.ELU (alpha:1.000000)
          |      }
          |      (3): cudnn.SpatialConvolution(64 -> 64, 3x3, 1,1, 1,1) without bias
          |      (4): nn.SpatialBatchNormalization (4D) (64)
          |    }
           `-> (2): nn.Identity
           ... -> output
      }
      (2): nn.CAddTable
    }
    (18): nn.Sequential {
      [input -> (1) -> (2) -> output]
      (1): nn.ConcatTable {
        input
          |`-> (1): nn.Sequential {
          |      [input -> (1) -> (2) -> (3) -> (4) -> output]
          |      (1): cudnn.SpatialConvolution(64 -> 64, 3x3, 1,1, 1,1) without bias
          |      (2): nn.Sequential {
          |        [input -> (1) -> (2) -> output]
          |        (1): nn.SpatialBatchNormalization (4D) (64)
          |        (2): nn.ELU (alpha:1.000000)
          |      }
          |      (3): cudnn.SpatialConvolution(64 -> 64, 3x3, 1,1, 1,1) without bias
          |      (4): nn.SpatialBatchNormalization (4D) (64)
          |    }
           `-> (2): nn.Identity
           ... -> output
      }
      (2): nn.CAddTable
    }
  }
  (6): nn.Sequential {
    [input -> (1) -> (2) -> output]
    (1): nn.SpatialBatchNormalization (4D) (64)
    (2): nn.ELU (alpha:1.000000)
  }
  (7): cudnn.SpatialAveragePooling(8x8, 1,1)
  (8): nn.View(64)
  (9): nn.Linear(64 -> 10)
}
=> Training epoch # 1	
 * Finished epoch # 1     top1:  61.299  top5:  12.500
	
 * Best model 	61.298828125	12.5	
=> Training epoch # 2	
 * Finished epoch # 2     top1:  52.881  top5:   6.162
	
 * Best model 	52.880859375	6.162109375	
=> Training epoch # 3	
 * Finished epoch # 3     top1:  45.342  top5:   4.834
	
 * Best model 	45.341796875	4.833984375	
=> Training epoch # 4	
 * Finished epoch # 4     top1:  52.305  top5:   7.246
	
=> Training epoch # 5	
 * Finished epoch # 5     top1:  40.303  top5:   3.418
	
 * Best model 	40.302734375	3.41796875	
=> Training epoch # 6	
 * Finished epoch # 6     top1:  44.668  top5:   4.990
	
=> Training epoch # 7	
 * Finished epoch # 7     top1:  39.805  top5:   3.652
	
 * Best model 	39.8046875	3.65234375	
=> Training epoch # 8	
 * Finished epoch # 8     top1:  42.959  top5:   4.150
	
=> Training epoch # 9	
 * Finished epoch # 9     top1:  40.283  top5:   4.082
	
=> Training epoch # 10	
 * Finished epoch # 10     top1:  35.771  top5:   3.428
	
 * Best model 	35.771484375	3.427734375	
=> Training epoch # 11	
 * Finished epoch # 11     top1:  35.400  top5:   3.613
	
 * Best model 	35.400390625	3.61328125	
=> Training epoch # 12	
 * Finished epoch # 12     top1:  39.209  top5:   3.340
	
=> Training epoch # 13	
 * Finished epoch # 13     top1:  34.219  top5:   3.398
	
 * Best model 	34.21875	3.3984375	
=> Training epoch # 14	
 * Finished epoch # 14     top1:  43.369  top5:   3.994
	
=> Training epoch # 15	
 * Finished epoch # 15     top1:  32.861  top5:   2.656
	
 * Best model 	32.861328125	2.65625	
=> Training epoch # 16	
 * Finished epoch # 16     top1:  32.158  top5:   1.992
	
 * Best model 	32.158203125	1.9921875	
=> Training epoch # 17	
 * Finished epoch # 17     top1:  35.908  top5:   2.812
	
=> Training epoch # 18	
 * Finished epoch # 18     top1:  36.123  top5:   2.793
	
=> Training epoch # 19	
 * Finished epoch # 19     top1:  29.199  top5:   1.787
	
 * Best model 	29.19921875	1.787109375	
=> Training epoch # 20	
 * Finished epoch # 20     top1:  42.480  top5:   2.422
	
=> Training epoch # 21	
 * Finished epoch # 21     top1:  28.721  top5:   2.363
	
 * Best model 	28.720703125	2.36328125	
=> Training epoch # 22	
 * Finished epoch # 22     top1:  28.662  top5:   2.031
	
 * Best model 	28.662109375	2.03125	
=> Training epoch # 23	
 * Finished epoch # 23     top1:  36.025  top5:   2.861
	
=> Training epoch # 24	
 * Finished epoch # 24     top1:  26.602  top5:   1.865
	
 * Best model 	26.6015625	1.865234375	
=> Training epoch # 25	
 * Finished epoch # 25     top1:  30.303  top5:   2.207
	
=> Training epoch # 26	
 * Finished epoch # 26     top1:  31.279  top5:   2.803
	
=> Training epoch # 27	
 * Finished epoch # 27     top1:  31.719  top5:   2.061
	
=> Training epoch # 28	
 * Finished epoch # 28     top1:  36.143  top5:   3.115
	
=> Training epoch # 29	
 * Finished epoch # 29     top1:  29.893  top5:   1.738
	
=> Training epoch # 30	
 * Finished epoch # 30     top1:  28.184  top5:   1.758
	
=> Training epoch # 31	
 * Finished epoch # 31     top1:  33.232  top5:   3.379
	
=> Training epoch # 32	
 * Finished epoch # 32     top1:  37.529  top5:   3.398
	
=> Training epoch # 33	
 * Finished epoch # 33     top1:  22.842  top5:   1.367
	
 * Best model 	22.841796875	1.3671875	
=> Training epoch # 34	
 * Finished epoch # 34     top1:  28.193  top5:   2.520
	
=> Training epoch # 35	
 * Finished epoch # 35     top1:  28.965  top5:   2.705
	
=> Training epoch # 36	
 * Finished epoch # 36     top1:  28.281  top5:   2.246
	
=> Training epoch # 37	
 * Finished epoch # 37     top1:  30.859  top5:   2.217
	
=> Training epoch # 38	
 * Finished epoch # 38     top1:  28.955  top5:   2.783
	
=> Training epoch # 39	
 * Finished epoch # 39     top1:  35.205  top5:   2.676
	
=> Training epoch # 40	
 * Finished epoch # 40     top1:  39.375  top5:   2.676
	
=> Training epoch # 41	
 * Finished epoch # 41     top1:  28.408  top5:   1.895
	
=> Training epoch # 42	
 * Finished epoch # 42     top1:  30.000  top5:   2.793
	
=> Training epoch # 43	
 * Finished epoch # 43     top1:  24.062  top5:   1.650
	
=> Training epoch # 44	
 * Finished epoch # 44     top1:  32.207  top5:   2.666
	
=> Training epoch # 45	
 * Finished epoch # 45     top1:  26.074  top5:   2.061
	
=> Training epoch # 46	
 * Finished epoch # 46     top1:  31.992  top5:   2.686
	
=> Training epoch # 47	
 * Finished epoch # 47     top1:  33.867  top5:   3.799
	
=> Training epoch # 48	
 * Finished epoch # 48     top1:  28.721  top5:   2.139
	
=> Training epoch # 49	
 * Finished epoch # 49     top1:  25.986  top5:   1.914
	
=> Training epoch # 50	
 * Finished epoch # 50     top1:  31.846  top5:   2.637
	
=> Training epoch # 51	
 * Finished epoch # 51     top1:  31.250  top5:   1.572
	
=> Training epoch # 52	
 * Finished epoch # 52     top1:  26.680  top5:   2.676
	
=> Training epoch # 53	
 * Finished epoch # 53     top1:  29.248  top5:   2.139
	
=> Training epoch # 54	
 * Finished epoch # 54     top1:  24.297  top5:   2.090
	
=> Training epoch # 55	
 * Finished epoch # 55     top1:  26.982  top5:   1.963
	
=> Training epoch # 56	
 * Finished epoch # 56     top1:  28.936  top5:   2.041
	
=> Training epoch # 57	
 * Finished epoch # 57     top1:  36.914  top5:   3.389
	
=> Training epoch # 58	
 * Finished epoch # 58     top1:  29.102  top5:   2.256
	
=> Training epoch # 59	
 * Finished epoch # 59     top1:  28.486  top5:   1.562
	
=> Training epoch # 60	
 * Finished epoch # 60     top1:  24.980  top5:   1.963
	
=> Training epoch # 61	
 * Finished epoch # 61     top1:  29.736  top5:   1.895
	
=> Training epoch # 62	
 * Finished epoch # 62     top1:  36.650  top5:   3.076
	
=> Training epoch # 63	
 * Finished epoch # 63     top1:  31.553  top5:   4.365
	
=> Training epoch # 64	
 * Finished epoch # 64     top1:  27.998  top5:   1.611
	
=> Training epoch # 65	
 * Finished epoch # 65     top1:  31.582  top5:   1.631
	
=> Training epoch # 66	
 * Finished epoch # 66     top1:  25.342  top5:   1.953
	
=> Training epoch # 67	
 * Finished epoch # 67     top1:  41.582  top5:   6.436
	
=> Training epoch # 68	
 * Finished epoch # 68     top1:  31.680  top5:   4.688
	
=> Training epoch # 69	
 * Finished epoch # 69     top1:  24.717  top5:   1.768
	
=> Training epoch # 70	
 * Finished epoch # 70     top1:  23.135  top5:   1.396
	
=> Training epoch # 71	
 * Finished epoch # 71     top1:  27.012  top5:   2.256
	
=> Training epoch # 72	
 * Finished epoch # 72     top1:  29.766  top5:   2.334
	
=> Training epoch # 73	
 * Finished epoch # 73     top1:  34.453  top5:   3.926
	
=> Training epoch # 74	
 * Finished epoch # 74     top1:  25.469  top5:   2.490
	
=> Training epoch # 75	
 * Finished epoch # 75     top1:  33.057  top5:   5.039
	
=> Training epoch # 76	
 * Finished epoch # 76     top1:  24.365  top5:   1.904
	
=> Training epoch # 77	
 * Finished epoch # 77     top1:  30.898  top5:   2.461
	
=> Training epoch # 78	
 * Finished epoch # 78     top1:  30.459  top5:   4.287
	
=> Training epoch # 79	
 * Finished epoch # 79     top1:  38.721  top5:   3.818
	
=> Training epoch # 80	
 * Finished epoch # 80     top1:  27.148  top5:   2.217
	
=> Training epoch # 81	
 * Finished epoch # 81     top1:  14.082  top5:   0.635
	
 * Best model 	14.08203125	0.634765625	
=> Training epoch # 82	
 * Finished epoch # 82     top1:  13.789  top5:   0.547
	
 * Best model 	13.7890625	0.546875	
=> Training epoch # 83	
 * Finished epoch # 83     top1:  13.584  top5:   0.508
	
 * Best model 	13.583984375	0.5078125	
=> Training epoch # 84	
 * Finished epoch # 84     top1:  13.232  top5:   0.547
	
 * Best model 	13.232421875	0.546875	
=> Training epoch # 85	
 * Finished epoch # 85     top1:  13.398  top5:   0.557
	
=> Training epoch # 86	
 * Finished epoch # 86     top1:  12.969  top5:   0.625
	
 * Best model 	12.96875	0.625	
=> Training epoch # 87	
 * Finished epoch # 87     top1:  13.018  top5:   0.527
	
=> Training epoch # 88	
 * Finished epoch # 88     top1:  13.877  top5:   0.537
	
=> Training epoch # 89	
 * Finished epoch # 89     top1:  13.457  top5:   0.488
	
=> Training epoch # 90	
 * Finished epoch # 90     top1:  13.828  top5:   0.596
	
=> Training epoch # 91	
 * Finished epoch # 91     top1:  13.203  top5:   0.508
	
=> Training epoch # 92	
 * Finished epoch # 92     top1:  13.691  top5:   0.586
	
=> Training epoch # 93	
 * Finished epoch # 93     top1:  13.721  top5:   0.488
	
=> Training epoch # 94	
 * Finished epoch # 94     top1:  14.199  top5:   0.547
	
=> Training epoch # 95	
 * Finished epoch # 95     top1:  14.395  top5:   0.605
	
=> Training epoch # 96	
 * Finished epoch # 96     top1:  14.375  top5:   0.537
	
=> Training epoch # 97	
 * Finished epoch # 97     top1:  13.965  top5:   0.654
	
=> Training epoch # 98	
 * Finished epoch # 98     top1:  15.947  top5:   0.645
	
=> Training epoch # 99	
 * Finished epoch # 99     top1:  14.814  top5:   0.693
	
=> Training epoch # 100	
 * Finished epoch # 100     top1:  15.693  top5:   0.693
	
=> Training epoch # 101	
 * Finished epoch # 101     top1:  14.150  top5:   0.576
	
=> Training epoch # 102	
 * Finished epoch # 102     top1:  15.039  top5:   0.605
	
=> Training epoch # 103	
 * Finished epoch # 103     top1:  15.215  top5:   0.820
	
=> Training epoch # 104	
 * Finished epoch # 104     top1:  13.906  top5:   0.586
	
=> Training epoch # 105	
 * Finished epoch # 105     top1:  13.770  top5:   0.537
	
=> Training epoch # 106	
 * Finished epoch # 106     top1:  15.430  top5:   0.752
	
=> Training epoch # 107	
 * Finished epoch # 107     top1:  13.428  top5:   0.557
	
=> Training epoch # 108	
 * Finished epoch # 108     top1:  14.844  top5:   0.537
	
=> Training epoch # 109	
 * Finished epoch # 109     top1:  14.863  top5:   0.645
	
=> Training epoch # 110	
 * Finished epoch # 110     top1:  19.189  top5:   0.918
	
=> Training epoch # 111	
 * Finished epoch # 111     top1:  14.951  top5:   0.518
	
=> Training epoch # 112	
 * Finished epoch # 112     top1:  16.670  top5:   0.547
	
=> Training epoch # 113	
 * Finished epoch # 113     top1:  14.863  top5:   0.547
	
=> Training epoch # 114	
 * Finished epoch # 114     top1:  14.189  top5:   0.547
	
=> Training epoch # 115	
 * Finished epoch # 115     top1:  16.328  top5:   1.006
	
=> Training epoch # 116	
 * Finished epoch # 116     top1:  15.254  top5:   0.625
	
=> Training epoch # 117	
 * Finished epoch # 117     top1:  15.117  top5:   0.693
	
=> Training epoch # 118	
 * Finished epoch # 118     top1:  14.902  top5:   0.664
	
=> Training epoch # 119	
 * Finished epoch # 119     top1:  14.414  top5:   0.537
	
=> Training epoch # 120	
 * Finished epoch # 120     top1:  16.055  top5:   0.752
	
=> Training epoch # 121	
 * Finished epoch # 121     top1:  17.031  top5:   0.723
	
=> Training epoch # 122	
 * Finished epoch # 122     top1:  11.162  top5:   0.459
	
 * Best model 	11.162109375	0.458984375	
=> Training epoch # 123	
 * Finished epoch # 123     top1:  11.182  top5:   0.537
	
=> Training epoch # 124	
 * Finished epoch # 124     top1:  11.289  top5:   0.352
	
=> Training epoch # 125	
 * Finished epoch # 125     top1:  10.986  top5:   0.342
	
 * Best model 	10.986328125	0.341796875	
=> Training epoch # 126	
 * Finished epoch # 126     top1:  10.635  top5:   0.371
	
 * Best model 	10.634765625	0.37109375	
=> Training epoch # 127	
 * Finished epoch # 127     top1:  11.064  top5:   0.361
	
=> Training epoch # 128	
 * Finished epoch # 128     top1:  10.898  top5:   0.391
	
=> Training epoch # 129	
 * Finished epoch # 129     top1:  10.762  top5:   0.332
	
=> Training epoch # 130	
 * Finished epoch # 130     top1:  10.869  top5:   0.332
	
=> Training epoch # 131	
 * Finished epoch # 131     top1:  10.986  top5:   0.312
	
=> Training epoch # 132	
 * Finished epoch # 132     top1:  10.635  top5:   0.312
	
=> Training epoch # 133	
 * Finished epoch # 133     top1:  10.410  top5:   0.342
	
 * Best model 	10.41015625	0.341796875	
=> Training epoch # 134	
 * Finished epoch # 134     top1:  10.693  top5:   0.322
	
=> Training epoch # 135	
 * Finished epoch # 135     top1:  10.928  top5:   0.342
	
=> Training epoch # 136	
 * Finished epoch # 136     top1:  10.986  top5:   0.361
	
=> Training epoch # 137	
 * Finished epoch # 137     top1:  10.957  top5:   0.332
	
=> Training epoch # 138	
 * Finished epoch # 138     top1:  10.762  top5:   0.342
	
=> Training epoch # 139	
 * Finished epoch # 139     top1:  10.723  top5:   0.342
	
=> Training epoch # 140	
 * Finished epoch # 140     top1:  10.742  top5:   0.342
	
=> Training epoch # 141	
 * Finished epoch # 141     top1:  10.898  top5:   0.312
	
=> Training epoch # 142	
 * Finished epoch # 142     top1:  11.172  top5:   0.322
	
=> Training epoch # 143	
 * Finished epoch # 143     top1:  10.400  top5:   0.361
	
 * Best model 	10.400390625	0.361328125	
=> Training epoch # 144	
 * Finished epoch # 144     top1:  10.811  top5:   0.312
	
=> Training epoch # 145	
 * Finished epoch # 145     top1:  10.693  top5:   0.381
	
=> Training epoch # 146	
 * Finished epoch # 146     top1:  10.801  top5:   0.352
	
=> Training epoch # 147	
 * Finished epoch # 147     top1:  11.318  top5:   0.371
	
=> Training epoch # 148	
 * Finished epoch # 148     top1:  10.498  top5:   0.342
	
=> Training epoch # 149	
 * Finished epoch # 149     top1:  11.133  top5:   0.400
	
=> Training epoch # 150	
 * Finished epoch # 150     top1:  10.811  top5:   0.371
	
=> Training epoch # 151	
 * Finished epoch # 151     top1:  10.742  top5:   0.361
	
=> Training epoch # 152	
 * Finished epoch # 152     top1:  11.191  top5:   0.518
	
=> Training epoch # 153	
 * Finished epoch # 153     top1:  10.605  top5:   0.312
	
=> Training epoch # 154	
 * Finished epoch # 154     top1:  10.723  top5:   0.361
	
=> Training epoch # 155	
 * Finished epoch # 155     top1:  10.361  top5:   0.352
	
 * Best model 	10.361328125	0.3515625	
=> Training epoch # 156	
 * Finished epoch # 156     top1:  11.523  top5:   0.391
	
=> Training epoch # 157	
 * Finished epoch # 157     top1:  10.391  top5:   0.352
	
=> Training epoch # 158	
 * Finished epoch # 158     top1:  11.016  top5:   0.342
	
=> Training epoch # 159	
 * Finished epoch # 159     top1:  10.791  top5:   0.322
	
=> Training epoch # 160	
 * Finished epoch # 160     top1:  10.645  top5:   0.283
	
=> Training epoch # 161	
 * Finished epoch # 161     top1:  11.133  top5:   0.352
	
=> Training epoch # 162	
 * Finished epoch # 162     top1:  10.771  top5:   0.361
	
=> Training epoch # 163	
 * Finished epoch # 163     top1:  10.693  top5:   0.391
	
=> Training epoch # 164	
 * Finished epoch # 164     top1:  10.312  top5:   0.371
	
 * Best model 	10.3125	0.37109375	
=> Training epoch # 165	
 * Finished epoch # 165     top1:  10.625  top5:   0.410
	
=> Training epoch # 166	
 * Finished epoch # 166     top1:  11.250  top5:   0.459
	
=> Training epoch # 167	
 * Finished epoch # 167     top1:  10.850  top5:   0.547
	
=> Training epoch # 168	
 * Finished epoch # 168     top1:  11.191  top5:   0.439
	
=> Training epoch # 169	
 * Finished epoch # 169     top1:  10.479  top5:   0.400
	
=> Training epoch # 170	
 * Finished epoch # 170     top1:  11.113  top5:   0.322
	
=> Training epoch # 171	
 * Finished epoch # 171     top1:  10.742  top5:   0.342
	
=> Training epoch # 172	
 * Finished epoch # 172     top1:  10.996  top5:   0.400
	
=> Training epoch # 173	
 * Finished epoch # 173     top1:  10.898  top5:   0.400
	
=> Training epoch # 174	
 * Finished epoch # 174     top1:  10.771  top5:   0.430
	
=> Training epoch # 175	
 * Finished epoch # 175     top1:  10.625  top5:   0.439
	
=> Training epoch # 176	
 * Finished epoch # 176     top1:  11.074  top5:   0.400
	
=> Training epoch # 177	
 * Finished epoch # 177     top1:  10.527  top5:   0.352
	
=> Training epoch # 178	
 * Finished epoch # 178     top1:  10.820  top5:   0.293
	
=> Training epoch # 179	
 * Finished epoch # 179     top1:  11.738  top5:   0.439
	
=> Training epoch # 180	
 * Finished epoch # 180     top1:  11.074  top5:   0.518
	
=> Training epoch # 181	
 * Finished epoch # 181     top1:  11.387  top5:   0.332
	
=> Training epoch # 182	
 * Finished epoch # 182     top1:  10.713  top5:   0.400
	
=> Training epoch # 183	
 * Finished epoch # 183     top1:  10.752  top5:   0.381
	
=> Training epoch # 184	
 * Finished epoch # 184     top1:  11.074  top5:   0.332
	
=> Training epoch # 185	
 * Finished epoch # 185     top1:  10.771  top5:   0.381
	
=> Training epoch # 186	
 * Finished epoch # 186     top1:  10.918  top5:   0.273
	
=> Training epoch # 187	
 * Finished epoch # 187     top1:  10.938  top5:   0.371
	
=> Training epoch # 188	
 * Finished epoch # 188     top1:  11.396  top5:   0.303
	
=> Training epoch # 189	
 * Finished epoch # 189     top1:  11.260  top5:   0.371
	
=> Training epoch # 190	
 * Finished epoch # 190     top1:  11.602  top5:   0.400
	
=> Training epoch # 191	
 * Finished epoch # 191     top1:  11.436  top5:   0.361
	
=> Training epoch # 192	
 * Finished epoch # 192     top1:  10.479  top5:   0.322
	
=> Training epoch # 193	
 * Finished epoch # 193     top1:  10.967  top5:   0.342
	
=> Training epoch # 194	
 * Finished epoch # 194     top1:  11.162  top5:   0.400
	
=> Training epoch # 195	
 * Finished epoch # 195     top1:  11.152  top5:   0.420
	
=> Training epoch # 196	
 * Finished epoch # 196     top1:  11.201  top5:   0.342
	
=> Training epoch # 197	
 * Finished epoch # 197     top1:  11.650  top5:   0.439
	
=> Training epoch # 198	
 * Finished epoch # 198     top1:  11.270  top5:   0.420
	
=> Training epoch # 199	
 * Finished epoch # 199     top1:  11.055  top5:   0.303
	
=> Training epoch # 200	
 * Finished epoch # 200     top1:  11.084  top5:   0.400
	
 * Finished top1: 10.312  top5:  0.371	
