{
  cudnn : "fastest"
  LR : 0.1
  nThreads : 2
  nClasses : 0
  batchSize : 256
  testOnly : false
  netType : "resnet"
  resetClassifier : false
  shortcutType : "A"
  gen : "gen"
  nGPU : 1
  depth : 56
  weightDecay : 0.001
  data : ""
  dataset : "cifar100"
  epochNumber : 1
  manualSeed : 2
  resume : "results/results-elu/try4/cifar100/56"
  optimState : "none"
  nEpochs : 200
  tenCrop : false
  shareGradInput : false
  backend : "cudnn"
  momentum : 0.9
  retrain : "none"
}
=> Creating model from file: models/resnet.lua	
 | ResNet-56 CIFAR-100	
nn.Sequential {
  [input -> (1) -> (2) -> (3) -> (4) -> (5) -> (6) -> (7) -> (8) -> (9) -> output]
  (1): cudnn.SpatialConvolution(3 -> 16, 3x3, 1,1, 1,1) without bias
  (2): nn.ELU (alpha:1.000000)
  (3): nn.Sequential {
    [input -> (1) -> (2) -> (3) -> (4) -> (5) -> (6) -> (7) -> (8) -> (9) -> output]
    (1): nn.Sequential {
      [input -> (1) -> (2) -> output]
      (1): nn.ConcatTable {
        input
          |`-> (1): nn.Sequential {
          |      [input -> (1) -> (2) -> (3) -> (4) -> output]
          |      (1): cudnn.SpatialConvolution(16 -> 16, 3x3, 1,1, 1,1) without bias
          |      (2): nn.ELU (alpha:1.000000)
          |      (3): cudnn.SpatialConvolution(16 -> 16, 3x3, 1,1, 1,1) without bias
          |      (4): nn.SpatialBatchNormalization (4D) (16)
          |    }
           `-> (2): nn.Identity
           ... -> output
      }
      (2): nn.CAddTable
    }
    (2): nn.Sequential {
      [input -> (1) -> (2) -> output]
      (1): nn.ConcatTable {
        input
          |`-> (1): nn.Sequential {
          |      [input -> (1) -> (2) -> (3) -> (4) -> output]
          |      (1): cudnn.SpatialConvolution(16 -> 16, 3x3, 1,1, 1,1) without bias
          |      (2): nn.ELU (alpha:1.000000)
          |      (3): cudnn.SpatialConvolution(16 -> 16, 3x3, 1,1, 1,1) without bias
          |      (4): nn.SpatialBatchNormalization (4D) (16)
          |    }
           `-> (2): nn.Identity
           ... -> output
      }
      (2): nn.CAddTable
    }
    (3): nn.Sequential {
      [input -> (1) -> (2) -> output]
      (1): nn.ConcatTable {
        input
          |`-> (1): nn.Sequential {
          |      [input -> (1) -> (2) -> (3) -> (4) -> output]
          |      (1): cudnn.SpatialConvolution(16 -> 16, 3x3, 1,1, 1,1) without bias
          |      (2): nn.ELU (alpha:1.000000)
          |      (3): cudnn.SpatialConvolution(16 -> 16, 3x3, 1,1, 1,1) without bias
          |      (4): nn.SpatialBatchNormalization (4D) (16)
          |    }
           `-> (2): nn.Identity
           ... -> output
      }
      (2): nn.CAddTable
    }
    (4): nn.Sequential {
      [input -> (1) -> (2) -> output]
      (1): nn.ConcatTable {
        input
          |`-> (1): nn.Sequential {
          |      [input -> (1) -> (2) -> (3) -> (4) -> output]
          |      (1): cudnn.SpatialConvolution(16 -> 16, 3x3, 1,1, 1,1) without bias
          |      (2): nn.ELU (alpha:1.000000)
          |      (3): cudnn.SpatialConvolution(16 -> 16, 3x3, 1,1, 1,1) without bias
          |      (4): nn.SpatialBatchNormalization (4D) (16)
          |    }
           `-> (2): nn.Identity
           ... -> output
      }
      (2): nn.CAddTable
    }
    (5): nn.Sequential {
      [input -> (1) -> (2) -> output]
      (1): nn.ConcatTable {
        input
          |`-> (1): nn.Sequential {
          |      [input -> (1) -> (2) -> (3) -> (4) -> output]
          |      (1): cudnn.SpatialConvolution(16 -> 16, 3x3, 1,1, 1,1) without bias
          |      (2): nn.ELU (alpha:1.000000)
          |      (3): cudnn.SpatialConvolution(16 -> 16, 3x3, 1,1, 1,1) without bias
          |      (4): nn.SpatialBatchNormalization (4D) (16)
          |    }
           `-> (2): nn.Identity
           ... -> output
      }
      (2): nn.CAddTable
    }
    (6): nn.Sequential {
      [input -> (1) -> (2) -> output]
      (1): nn.ConcatTable {
        input
          |`-> (1): nn.Sequential {
          |      [input -> (1) -> (2) -> (3) -> (4) -> output]
          |      (1): cudnn.SpatialConvolution(16 -> 16, 3x3, 1,1, 1,1) without bias
          |      (2): nn.ELU (alpha:1.000000)
          |      (3): cudnn.SpatialConvolution(16 -> 16, 3x3, 1,1, 1,1) without bias
          |      (4): nn.SpatialBatchNormalization (4D) (16)
          |    }
           `-> (2): nn.Identity
           ... -> output
      }
      (2): nn.CAddTable
    }
    (7): nn.Sequential {
      [input -> (1) -> (2) -> output]
      (1): nn.ConcatTable {
        input
          |`-> (1): nn.Sequential {
          |      [input -> (1) -> (2) -> (3) -> (4) -> output]
          |      (1): cudnn.SpatialConvolution(16 -> 16, 3x3, 1,1, 1,1) without bias
          |      (2): nn.ELU (alpha:1.000000)
          |      (3): cudnn.SpatialConvolution(16 -> 16, 3x3, 1,1, 1,1) without bias
          |      (4): nn.SpatialBatchNormalization (4D) (16)
          |    }
           `-> (2): nn.Identity
           ... -> output
      }
      (2): nn.CAddTable
    }
    (8): nn.Sequential {
      [input -> (1) -> (2) -> output]
      (1): nn.ConcatTable {
        input
          |`-> (1): nn.Sequential {
          |      [input -> (1) -> (2) -> (3) -> (4) -> output]
          |      (1): cudnn.SpatialConvolution(16 -> 16, 3x3, 1,1, 1,1) without bias
          |      (2): nn.ELU (alpha:1.000000)
          |      (3): cudnn.SpatialConvolution(16 -> 16, 3x3, 1,1, 1,1) without bias
          |      (4): nn.SpatialBatchNormalization (4D) (16)
          |    }
           `-> (2): nn.Identity
           ... -> output
      }
      (2): nn.CAddTable
    }
    (9): nn.Sequential {
      [input -> (1) -> (2) -> output]
      (1): nn.ConcatTable {
        input
          |`-> (1): nn.Sequential {
          |      [input -> (1) -> (2) -> (3) -> (4) -> output]
          |      (1): cudnn.SpatialConvolution(16 -> 16, 3x3, 1,1, 1,1) without bias
          |      (2): nn.ELU (alpha:1.000000)
          |      (3): cudnn.SpatialConvolution(16 -> 16, 3x3, 1,1, 1,1) without bias
          |      (4): nn.SpatialBatchNormalization (4D) (16)
          |    }
           `-> (2): nn.Identity
           ... -> output
      }
      (2): nn.CAddTable
    }
  }
  (4): nn.Sequential {
    [input -> (1) -> (2) -> (3) -> (4) -> (5) -> (6) -> (7) -> (8) -> (9) -> output]
    (1): nn.Sequential {
      [input -> (1) -> (2) -> output]
      (1): nn.ConcatTable {
        input
          |`-> (1): nn.Sequential {
          |      [input -> (1) -> (2) -> (3) -> (4) -> output]
          |      (1): cudnn.SpatialConvolution(16 -> 32, 3x3, 2,2, 1,1) without bias
          |      (2): nn.ELU (alpha:1.000000)
          |      (3): cudnn.SpatialConvolution(32 -> 32, 3x3, 1,1, 1,1) without bias
          |      (4): nn.SpatialBatchNormalization (4D) (32)
          |    }
           `-> (2): nn.Sequential {
                 [input -> (1) -> (2) -> output]
                 (1): nn.SpatialAveragePooling(1x1, 2,2)
                 (2): nn.Concat {
                   input
                     |`-> (1): nn.Identity
                      `-> (2): nn.MulConstant
                      ... -> output
                 }
               }
           ... -> output
      }
      (2): nn.CAddTable
    }
    (2): nn.Sequential {
      [input -> (1) -> (2) -> output]
      (1): nn.ConcatTable {
        input
          |`-> (1): nn.Sequential {
          |      [input -> (1) -> (2) -> (3) -> (4) -> output]
          |      (1): cudnn.SpatialConvolution(32 -> 32, 3x3, 1,1, 1,1) without bias
          |      (2): nn.ELU (alpha:1.000000)
          |      (3): cudnn.SpatialConvolution(32 -> 32, 3x3, 1,1, 1,1) without bias
          |      (4): nn.SpatialBatchNormalization (4D) (32)
          |    }
           `-> (2): nn.Identity
           ... -> output
      }
      (2): nn.CAddTable
    }
    (3): nn.Sequential {
      [input -> (1) -> (2) -> output]
      (1): nn.ConcatTable {
        input
          |`-> (1): nn.Sequential {
          |      [input -> (1) -> (2) -> (3) -> (4) -> output]
          |      (1): cudnn.SpatialConvolution(32 -> 32, 3x3, 1,1, 1,1) without bias
          |      (2): nn.ELU (alpha:1.000000)
          |      (3): cudnn.SpatialConvolution(32 -> 32, 3x3, 1,1, 1,1) without bias
          |      (4): nn.SpatialBatchNormalization (4D) (32)
          |    }
           `-> (2): nn.Identity
           ... -> output
      }
      (2): nn.CAddTable
    }
    (4): nn.Sequential {
      [input -> (1) -> (2) -> output]
      (1): nn.ConcatTable {
        input
          |`-> (1): nn.Sequential {
          |      [input -> (1) -> (2) -> (3) -> (4) -> output]
          |      (1): cudnn.SpatialConvolution(32 -> 32, 3x3, 1,1, 1,1) without bias
          |      (2): nn.ELU (alpha:1.000000)
          |      (3): cudnn.SpatialConvolution(32 -> 32, 3x3, 1,1, 1,1) without bias
          |      (4): nn.SpatialBatchNormalization (4D) (32)
          |    }
           `-> (2): nn.Identity
           ... -> output
      }
      (2): nn.CAddTable
    }
    (5): nn.Sequential {
      [input -> (1) -> (2) -> output]
      (1): nn.ConcatTable {
        input
          |`-> (1): nn.Sequential {
          |      [input -> (1) -> (2) -> (3) -> (4) -> output]
          |      (1): cudnn.SpatialConvolution(32 -> 32, 3x3, 1,1, 1,1) without bias
          |      (2): nn.ELU (alpha:1.000000)
          |      (3): cudnn.SpatialConvolution(32 -> 32, 3x3, 1,1, 1,1) without bias
          |      (4): nn.SpatialBatchNormalization (4D) (32)
          |    }
           `-> (2): nn.Identity
           ... -> output
      }
      (2): nn.CAddTable
    }
    (6): nn.Sequential {
      [input -> (1) -> (2) -> output]
      (1): nn.ConcatTable {
        input
          |`-> (1): nn.Sequential {
          |      [input -> (1) -> (2) -> (3) -> (4) -> output]
          |      (1): cudnn.SpatialConvolution(32 -> 32, 3x3, 1,1, 1,1) without bias
          |      (2): nn.ELU (alpha:1.000000)
          |      (3): cudnn.SpatialConvolution(32 -> 32, 3x3, 1,1, 1,1) without bias
          |      (4): nn.SpatialBatchNormalization (4D) (32)
          |    }
           `-> (2): nn.Identity
           ... -> output
      }
      (2): nn.CAddTable
    }
    (7): nn.Sequential {
      [input -> (1) -> (2) -> output]
      (1): nn.ConcatTable {
        input
          |`-> (1): nn.Sequential {
          |      [input -> (1) -> (2) -> (3) -> (4) -> output]
          |      (1): cudnn.SpatialConvolution(32 -> 32, 3x3, 1,1, 1,1) without bias
          |      (2): nn.ELU (alpha:1.000000)
          |      (3): cudnn.SpatialConvolution(32 -> 32, 3x3, 1,1, 1,1) without bias
          |      (4): nn.SpatialBatchNormalization (4D) (32)
          |    }
           `-> (2): nn.Identity
           ... -> output
      }
      (2): nn.CAddTable
    }
    (8): nn.Sequential {
      [input -> (1) -> (2) -> output]
      (1): nn.ConcatTable {
        input
          |`-> (1): nn.Sequential {
          |      [input -> (1) -> (2) -> (3) -> (4) -> output]
          |      (1): cudnn.SpatialConvolution(32 -> 32, 3x3, 1,1, 1,1) without bias
          |      (2): nn.ELU (alpha:1.000000)
          |      (3): cudnn.SpatialConvolution(32 -> 32, 3x3, 1,1, 1,1) without bias
          |      (4): nn.SpatialBatchNormalization (4D) (32)
          |    }
           `-> (2): nn.Identity
           ... -> output
      }
      (2): nn.CAddTable
    }
    (9): nn.Sequential {
      [input -> (1) -> (2) -> output]
      (1): nn.ConcatTable {
        input
          |`-> (1): nn.Sequential {
          |      [input -> (1) -> (2) -> (3) -> (4) -> output]
          |      (1): cudnn.SpatialConvolution(32 -> 32, 3x3, 1,1, 1,1) without bias
          |      (2): nn.ELU (alpha:1.000000)
          |      (3): cudnn.SpatialConvolution(32 -> 32, 3x3, 1,1, 1,1) without bias
          |      (4): nn.SpatialBatchNormalization (4D) (32)
          |    }
           `-> (2): nn.Identity
           ... -> output
      }
      (2): nn.CAddTable
    }
  }
  (5): nn.Sequential {
    [input -> (1) -> (2) -> (3) -> (4) -> (5) -> (6) -> (7) -> (8) -> (9) -> output]
    (1): nn.Sequential {
      [input -> (1) -> (2) -> output]
      (1): nn.ConcatTable {
        input
          |`-> (1): nn.Sequential {
          |      [input -> (1) -> (2) -> (3) -> (4) -> output]
          |      (1): cudnn.SpatialConvolution(32 -> 64, 3x3, 2,2, 1,1) without bias
          |      (2): nn.ELU (alpha:1.000000)
          |      (3): cudnn.SpatialConvolution(64 -> 64, 3x3, 1,1, 1,1) without bias
          |      (4): nn.SpatialBatchNormalization (4D) (64)
          |    }
           `-> (2): nn.Sequential {
                 [input -> (1) -> (2) -> output]
                 (1): nn.SpatialAveragePooling(1x1, 2,2)
                 (2): nn.Concat {
                   input
                     |`-> (1): nn.Identity
                      `-> (2): nn.MulConstant
                      ... -> output
                 }
               }
           ... -> output
      }
      (2): nn.CAddTable
    }
    (2): nn.Sequential {
      [input -> (1) -> (2) -> output]
      (1): nn.ConcatTable {
        input
          |`-> (1): nn.Sequential {
          |      [input -> (1) -> (2) -> (3) -> (4) -> output]
          |      (1): cudnn.SpatialConvolution(64 -> 64, 3x3, 1,1, 1,1) without bias
          |      (2): nn.ELU (alpha:1.000000)
          |      (3): cudnn.SpatialConvolution(64 -> 64, 3x3, 1,1, 1,1) without bias
          |      (4): nn.SpatialBatchNormalization (4D) (64)
          |    }
           `-> (2): nn.Identity
           ... -> output
      }
      (2): nn.CAddTable
    }
    (3): nn.Sequential {
      [input -> (1) -> (2) -> output]
      (1): nn.ConcatTable {
        input
          |`-> (1): nn.Sequential {
          |      [input -> (1) -> (2) -> (3) -> (4) -> output]
          |      (1): cudnn.SpatialConvolution(64 -> 64, 3x3, 1,1, 1,1) without bias
          |      (2): nn.ELU (alpha:1.000000)
          |      (3): cudnn.SpatialConvolution(64 -> 64, 3x3, 1,1, 1,1) without bias
          |      (4): nn.SpatialBatchNormalization (4D) (64)
          |    }
           `-> (2): nn.Identity
           ... -> output
      }
      (2): nn.CAddTable
    }
    (4): nn.Sequential {
      [input -> (1) -> (2) -> output]
      (1): nn.ConcatTable {
        input
          |`-> (1): nn.Sequential {
          |      [input -> (1) -> (2) -> (3) -> (4) -> output]
          |      (1): cudnn.SpatialConvolution(64 -> 64, 3x3, 1,1, 1,1) without bias
          |      (2): nn.ELU (alpha:1.000000)
          |      (3): cudnn.SpatialConvolution(64 -> 64, 3x3, 1,1, 1,1) without bias
          |      (4): nn.SpatialBatchNormalization (4D) (64)
          |    }
           `-> (2): nn.Identity
           ... -> output
      }
      (2): nn.CAddTable
    }
    (5): nn.Sequential {
      [input -> (1) -> (2) -> output]
      (1): nn.ConcatTable {
        input
          |`-> (1): nn.Sequential {
          |      [input -> (1) -> (2) -> (3) -> (4) -> output]
          |      (1): cudnn.SpatialConvolution(64 -> 64, 3x3, 1,1, 1,1) without bias
          |      (2): nn.ELU (alpha:1.000000)
          |      (3): cudnn.SpatialConvolution(64 -> 64, 3x3, 1,1, 1,1) without bias
          |      (4): nn.SpatialBatchNormalization (4D) (64)
          |    }
           `-> (2): nn.Identity
           ... -> output
      }
      (2): nn.CAddTable
    }
    (6): nn.Sequential {
      [input -> (1) -> (2) -> output]
      (1): nn.ConcatTable {
        input
          |`-> (1): nn.Sequential {
          |      [input -> (1) -> (2) -> (3) -> (4) -> output]
          |      (1): cudnn.SpatialConvolution(64 -> 64, 3x3, 1,1, 1,1) without bias
          |      (2): nn.ELU (alpha:1.000000)
          |      (3): cudnn.SpatialConvolution(64 -> 64, 3x3, 1,1, 1,1) without bias
          |      (4): nn.SpatialBatchNormalization (4D) (64)
          |    }
           `-> (2): nn.Identity
           ... -> output
      }
      (2): nn.CAddTable
    }
    (7): nn.Sequential {
      [input -> (1) -> (2) -> output]
      (1): nn.ConcatTable {
        input
          |`-> (1): nn.Sequential {
          |      [input -> (1) -> (2) -> (3) -> (4) -> output]
          |      (1): cudnn.SpatialConvolution(64 -> 64, 3x3, 1,1, 1,1) without bias
          |      (2): nn.ELU (alpha:1.000000)
          |      (3): cudnn.SpatialConvolution(64 -> 64, 3x3, 1,1, 1,1) without bias
          |      (4): nn.SpatialBatchNormalization (4D) (64)
          |    }
           `-> (2): nn.Identity
           ... -> output
      }
      (2): nn.CAddTable
    }
    (8): nn.Sequential {
      [input -> (1) -> (2) -> output]
      (1): nn.ConcatTable {
        input
          |`-> (1): nn.Sequential {
          |      [input -> (1) -> (2) -> (3) -> (4) -> output]
          |      (1): cudnn.SpatialConvolution(64 -> 64, 3x3, 1,1, 1,1) without bias
          |      (2): nn.ELU (alpha:1.000000)
          |      (3): cudnn.SpatialConvolution(64 -> 64, 3x3, 1,1, 1,1) without bias
          |      (4): nn.SpatialBatchNormalization (4D) (64)
          |    }
           `-> (2): nn.Identity
           ... -> output
      }
      (2): nn.CAddTable
    }
    (9): nn.Sequential {
      [input -> (1) -> (2) -> output]
      (1): nn.ConcatTable {
        input
          |`-> (1): nn.Sequential {
          |      [input -> (1) -> (2) -> (3) -> (4) -> output]
          |      (1): cudnn.SpatialConvolution(64 -> 64, 3x3, 1,1, 1,1) without bias
          |      (2): nn.ELU (alpha:1.000000)
          |      (3): cudnn.SpatialConvolution(64 -> 64, 3x3, 1,1, 1,1) without bias
          |      (4): nn.SpatialBatchNormalization (4D) (64)
          |    }
           `-> (2): nn.Identity
           ... -> output
      }
      (2): nn.CAddTable
    }
  }
  (6): nn.ELU (alpha:1.000000)
  (7): cudnn.SpatialAveragePooling(8x8, 1,1)
  (8): nn.View(64)
  (9): nn.Linear(64 -> 100)
}
=> Training epoch # 1	
 * Finished epoch # 1     top1:  79.785  top5:  50.039
	
 * Best model 	79.78515625	50.0390625	
=> Training epoch # 2	
 * Finished epoch # 2     top1:  72.500  top5:  41.934
	
 * Best model 	72.5	41.93359375	
=> Training epoch # 3	
 * Finished epoch # 3     top1:  64.346  top5:  31.064
	
 * Best model 	64.345703125	31.064453125	
=> Training epoch # 4	
 * Finished epoch # 4     top1:  60.176  top5:  25.723
	
 * Best model 	60.17578125	25.72265625	
=> Training epoch # 5	
 * Finished epoch # 5     top1:  56.055  top5:  23.115
	
 * Best model 	56.0546875	23.115234375	
=> Training epoch # 6	
 * Finished epoch # 6     top1:  54.932  top5:  24.268
	
 * Best model 	54.931640625	24.267578125	
=> Training epoch # 7	
 * Finished epoch # 7     top1:  53.271  top5:  21.299
	
 * Best model 	53.271484375	21.298828125	
=> Training epoch # 8	
 * Finished epoch # 8     top1:  50.801  top5:  18.408
	
 * Best model 	50.80078125	18.408203125	
=> Training epoch # 9	
 * Finished epoch # 9     top1:  49.277  top5:  18.779
	
 * Best model 	49.27734375	18.779296875	
=> Training epoch # 10	
 * Finished epoch # 10     top1:  49.795  top5:  19.092
	
=> Training epoch # 11	
 * Finished epoch # 11     top1:  50.020  top5:  18.984
	
=> Training epoch # 12	
 * Finished epoch # 12     top1:  47.041  top5:  16.934
	
 * Best model 	47.041015625	16.93359375	
=> Training epoch # 13	
 * Finished epoch # 13     top1:  48.525  top5:  17.578
	
=> Training epoch # 14	
 * Finished epoch # 14     top1:  48.447  top5:  17.461
	
=> Training epoch # 15	
 * Finished epoch # 15     top1:  46.904  top5:  16.758
	
 * Best model 	46.904296875	16.7578125	
=> Training epoch # 16	
 * Finished epoch # 16     top1:  49.434  top5:  18.447
	
=> Training epoch # 17	
 * Finished epoch # 17     top1:  47.148  top5:  17.422
	
=> Training epoch # 18	
 * Finished epoch # 18     top1:  46.914  top5:  17.051
	
=> Training epoch # 19	
 * Finished epoch # 19     top1:  45.645  top5:  16.172
	
 * Best model 	45.64453125	16.171875	
=> Training epoch # 20	
 * Finished epoch # 20     top1:  46.484  top5:  16.621
	
=> Training epoch # 21	
 * Finished epoch # 21     top1:  43.828  top5:  14.990
	
 * Best model 	43.828125	14.990234375	
=> Training epoch # 22	
 * Finished epoch # 22     top1:  49.805  top5:  20.918
	
=> Training epoch # 23	
 * Finished epoch # 23     top1:  44.170  top5:  15.420
	
=> Training epoch # 24	
 * Finished epoch # 24     top1:  45.283  top5:  14.873
	
=> Training epoch # 25	
 * Finished epoch # 25     top1:  47.617  top5:  17.070
	
=> Training epoch # 26	
 * Finished epoch # 26     top1:  46.953  top5:  16.621
	
=> Training epoch # 27	
 * Finished epoch # 27     top1:  45.791  top5:  16.143
	
=> Training epoch # 28	
 * Finished epoch # 28     top1:  50.488  top5:  21.650
	
=> Training epoch # 29	
 * Finished epoch # 29     top1:  46.729  top5:  16.074
	
=> Training epoch # 30	
 * Finished epoch # 30     top1:  50.078  top5:  18.545
	
=> Training epoch # 31	
 * Finished epoch # 31     top1:  48.447  top5:  19.307
	
=> Training epoch # 32	
 * Finished epoch # 32     top1:  47.129  top5:  18.232
	
=> Training epoch # 33	
 * Finished epoch # 33     top1:  44.473  top5:  15.586
	
=> Training epoch # 34	
 * Finished epoch # 34     top1:  44.121  top5:  15.352
	
=> Training epoch # 35	
 * Finished epoch # 35     top1:  47.822  top5:  17.646
	
=> Training epoch # 36	
 * Finished epoch # 36     top1:  46.934  top5:  19.043
	
=> Training epoch # 37	
 * Finished epoch # 37     top1:  48.115  top5:  17.510
	
=> Training epoch # 38	
 * Finished epoch # 38     top1:  45.596  top5:  16.455
	
=> Training epoch # 39	
 * Finished epoch # 39     top1:  43.750  top5:  15.205
	
 * Best model 	43.75	15.205078125	
=> Training epoch # 40	
 * Finished epoch # 40     top1:  44.131  top5:  16.309
	
=> Training epoch # 41	
 * Finished epoch # 41     top1:  43.438  top5:  14.707
	
 * Best model 	43.4375	14.70703125	
=> Training epoch # 42	
 * Finished epoch # 42     top1:  46.182  top5:  16.377
	
=> Training epoch # 43	
 * Finished epoch # 43     top1:  45.264  top5:  15.898
	
=> Training epoch # 44	
 * Finished epoch # 44     top1:  43.818  top5:  15.010
	
=> Training epoch # 45	
 * Finished epoch # 45     top1:  45.107  top5:  15.918
	
=> Training epoch # 46	
 * Finished epoch # 46     top1:  45.830  top5:  17.578
	
=> Training epoch # 47	
 * Finished epoch # 47     top1:  43.291  top5:  15.879
	
 * Best model 	43.291015625	15.87890625	
=> Training epoch # 48	
 * Finished epoch # 48     top1:  44.238  top5:  15.488
	
=> Training epoch # 49	
 * Finished epoch # 49     top1:  43.350  top5:  14.697
	
=> Training epoch # 50	
 * Finished epoch # 50     top1:  46.553  top5:  16.875
	
=> Training epoch # 51	
 * Finished epoch # 51     top1:  45.215  top5:  17.031
	
=> Training epoch # 52	
 * Finished epoch # 52     top1:  44.727  top5:  16.855
	
=> Training epoch # 53	
 * Finished epoch # 53     top1:  49.287  top5:  19.199
	
=> Training epoch # 54	
 * Finished epoch # 54     top1:  46.943  top5:  16.348
	
=> Training epoch # 55	
 * Finished epoch # 55     top1:  43.838  top5:  16.445
	
=> Training epoch # 56	
 * Finished epoch # 56     top1:  44.209  top5:  15.605
	
=> Training epoch # 57	
 * Finished epoch # 57     top1:  49.072  top5:  18.428
	
=> Training epoch # 58	
 * Finished epoch # 58     top1:  48.066  top5:  18.916
	
=> Training epoch # 59	
 * Finished epoch # 59     top1:  47.363  top5:  17.588
	
=> Training epoch # 60	
 * Finished epoch # 60     top1:  48.857  top5:  19.727
	
=> Training epoch # 61	
 * Finished epoch # 61     top1:  45.742  top5:  15.938
	
=> Training epoch # 62	
 * Finished epoch # 62     top1:  43.047  top5:  15.654
	
 * Best model 	43.046875	15.654296875	
=> Training epoch # 63	
 * Finished epoch # 63     top1:  44.590  top5:  16.318
	
=> Training epoch # 64	
 * Finished epoch # 64     top1:  44.600  top5:  15.723
	
=> Training epoch # 65	
 * Finished epoch # 65     top1:  43.330  top5:  14.658
	
=> Training epoch # 66	
 * Finished epoch # 66     top1:  48.477  top5:  18.096
	
=> Training epoch # 67	
 * Finished epoch # 67     top1:  47.393  top5:  16.826
	
=> Training epoch # 68	
 * Finished epoch # 68     top1:  46.406  top5:  17.939
	
=> Training epoch # 69	
 * Finished epoch # 69     top1:  46.191  top5:  17.725
	
=> Training epoch # 70	
 * Finished epoch # 70     top1:  47.783  top5:  18.457
	
=> Training epoch # 71	
 * Finished epoch # 71     top1:  44.834  top5:  16.064
	
=> Training epoch # 72	
 * Finished epoch # 72     top1:  42.686  top5:  14.346
	
 * Best model 	42.685546875	14.345703125	
=> Training epoch # 73	
 * Finished epoch # 73     top1:  45.928  top5:  16.895
	
=> Training epoch # 74	
 * Finished epoch # 74     top1:  45.137  top5:  15.391
	
=> Training epoch # 75	
 * Finished epoch # 75     top1:  46.709  top5:  16.709
	
=> Training epoch # 76	
 * Finished epoch # 76     top1:  49.902  top5:  19.971
	
=> Training epoch # 77	
 * Finished epoch # 77     top1:  45.186  top5:  15.381
	
=> Training epoch # 78	
 * Finished epoch # 78     top1:  45.586  top5:  16.572
	
=> Training epoch # 79	
 * Finished epoch # 79     top1:  45.137  top5:  16.592
	
=> Training epoch # 80	
 * Finished epoch # 80     top1:  43.086  top5:  14.639
	
=> Training epoch # 81	
 * Finished epoch # 81     top1:  28.984  top5:   7.070
	
 * Best model 	28.984375	7.0703125	
=> Training epoch # 82	
 * Finished epoch # 82     top1:  28.213  top5:   6.738
	
 * Best model 	28.212890625	6.73828125	
=> Training epoch # 83	
 * Finished epoch # 83     top1:  28.623  top5:   7.012
	
=> Training epoch # 84	
 * Finished epoch # 84     top1:  27.959  top5:   6.904
	
 * Best model 	27.958984375	6.904296875	
=> Training epoch # 85	
 * Finished epoch # 85     top1:  27.969  top5:   6.816
	
=> Training epoch # 86	
 * Finished epoch # 86     top1:  28.652  top5:   6.904
	
=> Training epoch # 87	
 * Finished epoch # 87     top1:  28.682  top5:   6.748
	
=> Training epoch # 88	
 * Finished epoch # 88     top1:  28.584  top5:   7.373
	
=> Training epoch # 89	
 * Finished epoch # 89     top1:  29.775  top5:   7.549
	
=> Training epoch # 90	
 * Finished epoch # 90     top1:  29.736  top5:   8.525
	
=> Training epoch # 91	
 * Finished epoch # 91     top1:  29.541  top5:   8.115
	
=> Training epoch # 92	
 * Finished epoch # 92     top1:  31.680  top5:   8.984
	
=> Training epoch # 93	
 * Finished epoch # 93     top1:  31.816  top5:   9.346
	
=> Training epoch # 94	
 * Finished epoch # 94     top1:  31.816  top5:   8.867
	
=> Training epoch # 95	
 * Finished epoch # 95     top1:  32.119  top5:   8.984
	
=> Training epoch # 96	
 * Finished epoch # 96     top1:  33.535  top5:  10.137
	
=> Training epoch # 97	
 * Finished epoch # 97     top1:  33.916  top5:  10.283
	
=> Training epoch # 98	
 * Finished epoch # 98     top1:  32.393  top5:   9.336
	
=> Training epoch # 99	
 * Finished epoch # 99     top1:  31.982  top5:   9.307
	
=> Training epoch # 100	
 * Finished epoch # 100     top1:  34.199  top5:  10.166
	
=> Training epoch # 101	
 * Finished epoch # 101     top1:  37.256  top5:  12.188
	
=> Training epoch # 102	
 * Finished epoch # 102     top1:  37.285  top5:  11.572
	
=> Training epoch # 103	
 * Finished epoch # 103     top1:  35.605  top5:  10.791
	
=> Training epoch # 104	
 * Finished epoch # 104     top1:  33.398  top5:  10.576
	
=> Training epoch # 105	
 * Finished epoch # 105     top1:  35.605  top5:  11.885
	
=> Training epoch # 106	
 * Finished epoch # 106     top1:  36.387  top5:  11.689
	
=> Training epoch # 107	
 * Finished epoch # 107     top1:  37.227  top5:  12.070
	
=> Training epoch # 108	
 * Finished epoch # 108     top1:  34.326  top5:  10.801
	
=> Training epoch # 109	
 * Finished epoch # 109     top1:  35.498  top5:  11.191
	
=> Training epoch # 110	
 * Finished epoch # 110     top1:  39.502  top5:  13.457
	
=> Training epoch # 111	
 * Finished epoch # 111     top1:  37.773  top5:  12.490
	
=> Training epoch # 112	
 * Finished epoch # 112     top1:  42.207  top5:  14.336
	
=> Training epoch # 113	
 * Finished epoch # 113     top1:  41.904  top5:  15.137
	
=> Training epoch # 114	
 * Finished epoch # 114     top1:  38.799  top5:  12.920
	
=> Training epoch # 115	
 * Finished epoch # 115     top1:  39.512  top5:  14.385
	
=> Training epoch # 116	
 * Finished epoch # 116     top1:  42.070  top5:  16.377
	
=> Training epoch # 117	
 * Finished epoch # 117     top1:  42.236  top5:  16.172
	
=> Training epoch # 118	
 * Finished epoch # 118     top1:  40.371  top5:  14.561
	
=> Training epoch # 119	
 * Finished epoch # 119     top1:  39.580  top5:  14.570
	
=> Training epoch # 120	
 * Finished epoch # 120     top1:  36.270  top5:  11.973
	
=> Training epoch # 121	
 * Finished epoch # 121     top1:  40.234  top5:  14.473
	
=> Training epoch # 122	
 * Finished epoch # 122     top1:  27.490  top5:   7.373
	
 * Best model 	27.490234375	7.373046875	
=> Training epoch # 123	
 * Finished epoch # 123     top1:  27.080  top5:   7.109
	
 * Best model 	27.080078125	7.109375	
=> Training epoch # 124	
 * Finished epoch # 124     top1:  26.660  top5:   7.432
	
 * Best model 	26.66015625	7.431640625	
=> Training epoch # 125	
 * Finished epoch # 125     top1:  26.875  top5:   7.451
	
=> Training epoch # 126	
 * Finished epoch # 126     top1:  27.334  top5:   7.354
	
=> Training epoch # 127	
 * Finished epoch # 127     top1:  26.875  top5:   7.432
	
=> Training epoch # 128	
 * Finished epoch # 128     top1:  27.383  top5:   7.441
	
=> Training epoch # 129	
 * Finished epoch # 129     top1:  27.363  top5:   7.783
	
=> Training epoch # 130	
 * Finished epoch # 130     top1:  27.539  top5:   7.305
	
=> Training epoch # 131	
 * Finished epoch # 131     top1:  26.699  top5:   7.246
	
=> Training epoch # 132	
 * Finished epoch # 132     top1:  26.768  top5:   7.568
	
=> Training epoch # 133	
 * Finished epoch # 133     top1:  27.725  top5:   7.520
	
=> Training epoch # 134	
 * Finished epoch # 134     top1:  27.725  top5:   7.881
	
=> Training epoch # 135	
 * Finished epoch # 135     top1:  27.412  top5:   7.568
	
=> Training epoch # 136	
 * Finished epoch # 136     top1:  27.188  top5:   7.627
	
=> Training epoch # 137	
 * Finished epoch # 137     top1:  27.451  top5:   7.344
	
=> Training epoch # 138	
 * Finished epoch # 138     top1:  27.178  top5:   7.598
	
=> Training epoch # 139	
 * Finished epoch # 139     top1:  27.686  top5:   7.598
	
=> Training epoch # 140	
 * Finished epoch # 140     top1:  27.188  top5:   7.852
	
=> Training epoch # 141	
 * Finished epoch # 141     top1:  27.451  top5:   7.783
	
=> Training epoch # 142	
 * Finished epoch # 142     top1:  28.164  top5:   7.588
	
=> Training epoch # 143	
 * Finished epoch # 143     top1:  27.832  top5:   7.617
	
=> Training epoch # 144	
 * Finished epoch # 144     top1:  28.154  top5:   7.783
	
=> Training epoch # 145	
 * Finished epoch # 145     top1:  27.695  top5:   7.725
	
=> Training epoch # 146	
 * Finished epoch # 146     top1:  27.490  top5:   7.656
	
=> Training epoch # 147	
 * Finished epoch # 147     top1:  28.350  top5:   7.969
	
=> Training epoch # 148	
 * Finished epoch # 148     top1:  28.447  top5:   7.822
	
=> Training epoch # 149	
 * Finished epoch # 149     top1:  27.656  top5:   7.627
	
=> Training epoch # 150	
 * Finished epoch # 150     top1:  27.871  top5:   7.812
	
=> Training epoch # 151	
 * Finished epoch # 151     top1:  28.291  top5:   7.900
	
=> Training epoch # 152	
 * Finished epoch # 152     top1:  27.969  top5:   7.773
	
=> Training epoch # 153	
 * Finished epoch # 153     top1:  27.285  top5:   7.520
	
=> Training epoch # 154	
 * Finished epoch # 154     top1:  27.861  top5:   7.900
	
=> Training epoch # 155	
 * Finished epoch # 155     top1:  27.461  top5:   7.686
	
=> Training epoch # 156	
 * Finished epoch # 156     top1:  27.959  top5:   8.105
	
=> Training epoch # 157	
 * Finished epoch # 157     top1:  28.252  top5:   7.959
	
=> Training epoch # 158	
 * Finished epoch # 158     top1:  28.311  top5:   7.852
	
=> Training epoch # 159	
 * Finished epoch # 159     top1:  27.676  top5:   7.744
	
=> Training epoch # 160	
 * Finished epoch # 160     top1:  28.906  top5:   8.301
	
=> Training epoch # 161	
 * Finished epoch # 161     top1:  28.467  top5:   8.066
	
=> Training epoch # 162	
 * Finished epoch # 162     top1:  28.193  top5:   7.998
	
=> Training epoch # 163	
 * Finished epoch # 163     top1:  28.135  top5:   8.037
	
=> Training epoch # 164	
 * Finished epoch # 164     top1:  28.643  top5:   7.998
	
=> Training epoch # 165	
 * Finished epoch # 165     top1:  28.389  top5:   8.350
	
=> Training epoch # 166	
 * Finished epoch # 166     top1:  28.262  top5:   8.271
	
=> Training epoch # 167	
 * Finished epoch # 167     top1:  27.627  top5:   7.783
	
=> Training epoch # 168	
 * Finished epoch # 168     top1:  28.398  top5:   8.105
	
=> Training epoch # 169	
 * Finished epoch # 169     top1:  28.848  top5:   8.076
	
=> Training epoch # 170	
 * Finished epoch # 170     top1:  28.584  top5:   8.389
	
=> Training epoch # 171	
 * Finished epoch # 171     top1:  28.203  top5:   8.096
	
=> Training epoch # 172	
 * Finished epoch # 172     top1:  29.307  top5:   8.887
	
=> Training epoch # 173	
 * Finished epoch # 173     top1:  28.223  top5:   8.223
	
=> Training epoch # 174	
 * Finished epoch # 174     top1:  28.652  top5:   8.262
	
=> Training epoch # 175	
 * Finished epoch # 175     top1:  28.682  top5:   8.096
	
=> Training epoch # 176	
 * Finished epoch # 176     top1:  28.164  top5:   8.066
	
=> Training epoch # 177	
 * Finished epoch # 177     top1:  29.033  top5:   8.154
	
=> Training epoch # 178	
 * Finished epoch # 178     top1:  28.467  top5:   8.037
	
=> Training epoch # 179	
 * Finished epoch # 179     top1:  28.467  top5:   8.154
	
=> Training epoch # 180	
 * Finished epoch # 180     top1:  28.223  top5:   8.252
	
=> Training epoch # 181	
 * Finished epoch # 181     top1:  28.496  top5:   8.740
	
=> Training epoch # 182	
 * Finished epoch # 182     top1:  29.209  top5:   8.652
	
=> Training epoch # 183	
 * Finished epoch # 183     top1:  28.291  top5:   8.398
	
=> Training epoch # 184	
 * Finished epoch # 184     top1:  29.287  top5:   8.369
	
=> Training epoch # 185	
 * Finished epoch # 185     top1:  28.457  top5:   8.525
	
=> Training epoch # 186	
 * Finished epoch # 186     top1:  28.574  top5:   8.193
	
=> Training epoch # 187	
 * Finished epoch # 187     top1:  28.525  top5:   8.633
	
=> Training epoch # 188	
 * Finished epoch # 188     top1:  29.121  top5:   8.604
	
=> Training epoch # 189	
 * Finished epoch # 189     top1:  29.658  top5:   8.613
	
=> Training epoch # 190	
 * Finished epoch # 190     top1:  29.062  top5:   8.398
	
=> Training epoch # 191	
 * Finished epoch # 191     top1:  29.160  top5:   8.613
	
=> Training epoch # 192	
 * Finished epoch # 192     top1:  29.717  top5:   9.043
	
=> Training epoch # 193	
 * Finished epoch # 193     top1:  29.170  top5:   8.906
	
=> Training epoch # 194	
 * Finished epoch # 194     top1:  29.766  top5:   8.965
	
=> Training epoch # 195	
 * Finished epoch # 195     top1:  28.721  top5:   8.701
	
=> Training epoch # 196	
 * Finished epoch # 196     top1:  28.662  top5:   8.398
	
=> Training epoch # 197	
 * Finished epoch # 197     top1:  29.141  top5:   8.311
	
=> Training epoch # 198	
 * Finished epoch # 198     top1:  29.443  top5:   8.916
	
=> Training epoch # 199	
 * Finished epoch # 199     top1:  29.971  top5:   9.570
	
=> Training epoch # 200	
 * Finished epoch # 200     top1:  30.420  top5:   9.404
	
 * Finished top1: 26.660  top5:  7.432	
