{
  cudnn : "fastest"
  LR : 0.1
  nThreads : 2
  nClasses : 0
  batchSize : 256
  testOnly : false
  netType : "resnet"
  resetClassifier : false
  shortcutType : "A"
  gen : "gen"
  nGPU : 1
  depth : 32
  weightDecay : 0.001
  data : ""
  dataset : "cifar10"
  epochNumber : 1
  manualSeed : 2
  resume : "results/results-elu/try2/cifar10/32"
  optimState : "none"
  nEpochs : 200
  tenCrop : false
  shareGradInput : false
  backend : "cudnn"
  momentum : 0.9
  retrain : "none"
}
=> Creating model from file: models/resnet.lua	
 | ResNet-32 CIFAR-10	
nn.Sequential {
  [input -> (1) -> (2) -> (3) -> (4) -> (5) -> (6) -> (7) -> (8) -> (9) -> output]
  (1): cudnn.SpatialConvolution(3 -> 16, 3x3, 1,1, 1,1) without bias
  (2): nn.ELU (alpha:1.000000)
  (3): nn.Sequential {
    [input -> (1) -> (2) -> (3) -> (4) -> (5) -> output]
    (1): nn.Sequential {
      [input -> (1) -> (2) -> output]
      (1): nn.ConcatTable {
        input
          |`-> (1): nn.Sequential {
          |      [input -> (1) -> (2) -> (3) -> (4) -> output]
          |      (1): cudnn.SpatialConvolution(16 -> 16, 3x3, 1,1, 1,1) without bias
          |      (2): nn.ELU (alpha:1.000000)
          |      (3): cudnn.SpatialConvolution(16 -> 16, 3x3, 1,1, 1,1) without bias
          |      (4): nn.SpatialBatchNormalization (4D) (16)
          |    }
           `-> (2): nn.Identity
           ... -> output
      }
      (2): nn.CAddTable
    }
    (2): nn.Sequential {
      [input -> (1) -> (2) -> output]
      (1): nn.ConcatTable {
        input
          |`-> (1): nn.Sequential {
          |      [input -> (1) -> (2) -> (3) -> (4) -> output]
          |      (1): cudnn.SpatialConvolution(16 -> 16, 3x3, 1,1, 1,1) without bias
          |      (2): nn.ELU (alpha:1.000000)
          |      (3): cudnn.SpatialConvolution(16 -> 16, 3x3, 1,1, 1,1) without bias
          |      (4): nn.SpatialBatchNormalization (4D) (16)
          |    }
           `-> (2): nn.Identity
           ... -> output
      }
      (2): nn.CAddTable
    }
    (3): nn.Sequential {
      [input -> (1) -> (2) -> output]
      (1): nn.ConcatTable {
        input
          |`-> (1): nn.Sequential {
          |      [input -> (1) -> (2) -> (3) -> (4) -> output]
          |      (1): cudnn.SpatialConvolution(16 -> 16, 3x3, 1,1, 1,1) without bias
          |      (2): nn.ELU (alpha:1.000000)
          |      (3): cudnn.SpatialConvolution(16 -> 16, 3x3, 1,1, 1,1) without bias
          |      (4): nn.SpatialBatchNormalization (4D) (16)
          |    }
           `-> (2): nn.Identity
           ... -> output
      }
      (2): nn.CAddTable
    }
    (4): nn.Sequential {
      [input -> (1) -> (2) -> output]
      (1): nn.ConcatTable {
        input
          |`-> (1): nn.Sequential {
          |      [input -> (1) -> (2) -> (3) -> (4) -> output]
          |      (1): cudnn.SpatialConvolution(16 -> 16, 3x3, 1,1, 1,1) without bias
          |      (2): nn.ELU (alpha:1.000000)
          |      (3): cudnn.SpatialConvolution(16 -> 16, 3x3, 1,1, 1,1) without bias
          |      (4): nn.SpatialBatchNormalization (4D) (16)
          |    }
           `-> (2): nn.Identity
           ... -> output
      }
      (2): nn.CAddTable
    }
    (5): nn.Sequential {
      [input -> (1) -> (2) -> output]
      (1): nn.ConcatTable {
        input
          |`-> (1): nn.Sequential {
          |      [input -> (1) -> (2) -> (3) -> (4) -> output]
          |      (1): cudnn.SpatialConvolution(16 -> 16, 3x3, 1,1, 1,1) without bias
          |      (2): nn.ELU (alpha:1.000000)
          |      (3): cudnn.SpatialConvolution(16 -> 16, 3x3, 1,1, 1,1) without bias
          |      (4): nn.SpatialBatchNormalization (4D) (16)
          |    }
           `-> (2): nn.Identity
           ... -> output
      }
      (2): nn.CAddTable
    }
  }
  (4): nn.Sequential {
    [input -> (1) -> (2) -> (3) -> (4) -> (5) -> output]
    (1): nn.Sequential {
      [input -> (1) -> (2) -> output]
      (1): nn.ConcatTable {
        input
          |`-> (1): nn.Sequential {
          |      [input -> (1) -> (2) -> (3) -> (4) -> output]
          |      (1): cudnn.SpatialConvolution(16 -> 32, 3x3, 2,2, 1,1) without bias
          |      (2): nn.ELU (alpha:1.000000)
          |      (3): cudnn.SpatialConvolution(32 -> 32, 3x3, 1,1, 1,1) without bias
          |      (4): nn.SpatialBatchNormalization (4D) (32)
          |    }
           `-> (2): nn.Sequential {
                 [input -> (1) -> (2) -> output]
                 (1): nn.SpatialAveragePooling(1x1, 2,2)
                 (2): nn.Concat {
                   input
                     |`-> (1): nn.Identity
                      `-> (2): nn.MulConstant
                      ... -> output
                 }
               }
           ... -> output
      }
      (2): nn.CAddTable
    }
    (2): nn.Sequential {
      [input -> (1) -> (2) -> output]
      (1): nn.ConcatTable {
        input
          |`-> (1): nn.Sequential {
          |      [input -> (1) -> (2) -> (3) -> (4) -> output]
          |      (1): cudnn.SpatialConvolution(32 -> 32, 3x3, 1,1, 1,1) without bias
          |      (2): nn.ELU (alpha:1.000000)
          |      (3): cudnn.SpatialConvolution(32 -> 32, 3x3, 1,1, 1,1) without bias
          |      (4): nn.SpatialBatchNormalization (4D) (32)
          |    }
           `-> (2): nn.Identity
           ... -> output
      }
      (2): nn.CAddTable
    }
    (3): nn.Sequential {
      [input -> (1) -> (2) -> output]
      (1): nn.ConcatTable {
        input
          |`-> (1): nn.Sequential {
          |      [input -> (1) -> (2) -> (3) -> (4) -> output]
          |      (1): cudnn.SpatialConvolution(32 -> 32, 3x3, 1,1, 1,1) without bias
          |      (2): nn.ELU (alpha:1.000000)
          |      (3): cudnn.SpatialConvolution(32 -> 32, 3x3, 1,1, 1,1) without bias
          |      (4): nn.SpatialBatchNormalization (4D) (32)
          |    }
           `-> (2): nn.Identity
           ... -> output
      }
      (2): nn.CAddTable
    }
    (4): nn.Sequential {
      [input -> (1) -> (2) -> output]
      (1): nn.ConcatTable {
        input
          |`-> (1): nn.Sequential {
          |      [input -> (1) -> (2) -> (3) -> (4) -> output]
          |      (1): cudnn.SpatialConvolution(32 -> 32, 3x3, 1,1, 1,1) without bias
          |      (2): nn.ELU (alpha:1.000000)
          |      (3): cudnn.SpatialConvolution(32 -> 32, 3x3, 1,1, 1,1) without bias
          |      (4): nn.SpatialBatchNormalization (4D) (32)
          |    }
           `-> (2): nn.Identity
           ... -> output
      }
      (2): nn.CAddTable
    }
    (5): nn.Sequential {
      [input -> (1) -> (2) -> output]
      (1): nn.ConcatTable {
        input
          |`-> (1): nn.Sequential {
          |      [input -> (1) -> (2) -> (3) -> (4) -> output]
          |      (1): cudnn.SpatialConvolution(32 -> 32, 3x3, 1,1, 1,1) without bias
          |      (2): nn.ELU (alpha:1.000000)
          |      (3): cudnn.SpatialConvolution(32 -> 32, 3x3, 1,1, 1,1) without bias
          |      (4): nn.SpatialBatchNormalization (4D) (32)
          |    }
           `-> (2): nn.Identity
           ... -> output
      }
      (2): nn.CAddTable
    }
  }
  (5): nn.Sequential {
    [input -> (1) -> (2) -> (3) -> (4) -> (5) -> output]
    (1): nn.Sequential {
      [input -> (1) -> (2) -> output]
      (1): nn.ConcatTable {
        input
          |`-> (1): nn.Sequential {
          |      [input -> (1) -> (2) -> (3) -> (4) -> output]
          |      (1): cudnn.SpatialConvolution(32 -> 64, 3x3, 2,2, 1,1) without bias
          |      (2): nn.ELU (alpha:1.000000)
          |      (3): cudnn.SpatialConvolution(64 -> 64, 3x3, 1,1, 1,1) without bias
          |      (4): nn.SpatialBatchNormalization (4D) (64)
          |    }
           `-> (2): nn.Sequential {
                 [input -> (1) -> (2) -> output]
                 (1): nn.SpatialAveragePooling(1x1, 2,2)
                 (2): nn.Concat {
                   input
                     |`-> (1): nn.Identity
                      `-> (2): nn.MulConstant
                      ... -> output
                 }
               }
           ... -> output
      }
      (2): nn.CAddTable
    }
    (2): nn.Sequential {
      [input -> (1) -> (2) -> output]
      (1): nn.ConcatTable {
        input
          |`-> (1): nn.Sequential {
          |      [input -> (1) -> (2) -> (3) -> (4) -> output]
          |      (1): cudnn.SpatialConvolution(64 -> 64, 3x3, 1,1, 1,1) without bias
          |      (2): nn.ELU (alpha:1.000000)
          |      (3): cudnn.SpatialConvolution(64 -> 64, 3x3, 1,1, 1,1) without bias
          |      (4): nn.SpatialBatchNormalization (4D) (64)
          |    }
           `-> (2): nn.Identity
           ... -> output
      }
      (2): nn.CAddTable
    }
    (3): nn.Sequential {
      [input -> (1) -> (2) -> output]
      (1): nn.ConcatTable {
        input
          |`-> (1): nn.Sequential {
          |      [input -> (1) -> (2) -> (3) -> (4) -> output]
          |      (1): cudnn.SpatialConvolution(64 -> 64, 3x3, 1,1, 1,1) without bias
          |      (2): nn.ELU (alpha:1.000000)
          |      (3): cudnn.SpatialConvolution(64 -> 64, 3x3, 1,1, 1,1) without bias
          |      (4): nn.SpatialBatchNormalization (4D) (64)
          |    }
           `-> (2): nn.Identity
           ... -> output
      }
      (2): nn.CAddTable
    }
    (4): nn.Sequential {
      [input -> (1) -> (2) -> output]
      (1): nn.ConcatTable {
        input
          |`-> (1): nn.Sequential {
          |      [input -> (1) -> (2) -> (3) -> (4) -> output]
          |      (1): cudnn.SpatialConvolution(64 -> 64, 3x3, 1,1, 1,1) without bias
          |      (2): nn.ELU (alpha:1.000000)
          |      (3): cudnn.SpatialConvolution(64 -> 64, 3x3, 1,1, 1,1) without bias
          |      (4): nn.SpatialBatchNormalization (4D) (64)
          |    }
           `-> (2): nn.Identity
           ... -> output
      }
      (2): nn.CAddTable
    }
    (5): nn.Sequential {
      [input -> (1) -> (2) -> output]
      (1): nn.ConcatTable {
        input
          |`-> (1): nn.Sequential {
          |      [input -> (1) -> (2) -> (3) -> (4) -> output]
          |      (1): cudnn.SpatialConvolution(64 -> 64, 3x3, 1,1, 1,1) without bias
          |      (2): nn.ELU (alpha:1.000000)
          |      (3): cudnn.SpatialConvolution(64 -> 64, 3x3, 1,1, 1,1) without bias
          |      (4): nn.SpatialBatchNormalization (4D) (64)
          |    }
           `-> (2): nn.Identity
           ... -> output
      }
      (2): nn.CAddTable
    }
  }
  (6): nn.ELU (alpha:1.000000)
  (7): cudnn.SpatialAveragePooling(8x8, 1,1)
  (8): nn.View(64)
  (9): nn.Linear(64 -> 10)
}
=> Training epoch # 1	
 * Finished epoch # 1     top1:  47.070  top5:   5.576
	
 * Best model 	47.0703125	5.576171875	
=> Training epoch # 2	
 * Finished epoch # 2     top1:  38.984  top5:   3.594
	
 * Best model 	38.984375	3.59375	
=> Training epoch # 3	
 * Finished epoch # 3     top1:  30.303  top5:   2.832
	
 * Best model 	30.302734375	2.83203125	
=> Training epoch # 4	
 * Finished epoch # 4     top1:  32.432  top5:   1.826
	
=> Training epoch # 5	
 * Finished epoch # 5     top1:  23.984  top5:   1.221
	
 * Best model 	23.984375	1.220703125	
=> Training epoch # 6	
 * Finished epoch # 6     top1:  27.002  top5:   1.572
	
=> Training epoch # 7	
 * Finished epoch # 7     top1:  25.176  top5:   1.357
	
=> Training epoch # 8	
 * Finished epoch # 8     top1:  23.955  top5:   1.592
	
 * Best model 	23.955078125	1.591796875	
=> Training epoch # 9	
 * Finished epoch # 9     top1:  22.646  top5:   1.602
	
 * Best model 	22.646484375	1.6015625	
=> Training epoch # 10	
 * Finished epoch # 10     top1:  22.783  top5:   2.197
	
=> Training epoch # 11	
 * Finished epoch # 11     top1:  25.859  top5:   2.314
	
=> Training epoch # 12	
 * Finished epoch # 12     top1:  23.789  top5:   1.494
	
=> Training epoch # 13	
 * Finished epoch # 13     top1:  21.992  top5:   1.221
	
 * Best model 	21.9921875	1.220703125	
=> Training epoch # 14	
 * Finished epoch # 14     top1:  24.785  top5:   1.699
	
=> Training epoch # 15	
 * Finished epoch # 15     top1:  20.410  top5:   1.426
	
 * Best model 	20.41015625	1.42578125	
=> Training epoch # 16	
 * Finished epoch # 16     top1:  25.322  top5:   2.451
	
=> Training epoch # 17	
 * Finished epoch # 17     top1:  20.586  top5:   0.947
	
=> Training epoch # 18	
 * Finished epoch # 18     top1:  26.865  top5:   1.006
	
=> Training epoch # 19	
 * Finished epoch # 19     top1:  18.936  top5:   0.957
	
 * Best model 	18.935546875	0.95703125	
=> Training epoch # 20	
 * Finished epoch # 20     top1:  21.016  top5:   1.348
	
=> Training epoch # 21	
 * Finished epoch # 21     top1:  22.002  top5:   1.562
	
=> Training epoch # 22	
 * Finished epoch # 22     top1:  22.715  top5:   1.143
	
=> Training epoch # 23	
 * Finished epoch # 23     top1:  23.506  top5:   1.592
	
=> Training epoch # 24	
 * Finished epoch # 24     top1:  20.879  top5:   0.967
	
=> Training epoch # 25	
 * Finished epoch # 25     top1:  21.367  top5:   1.240
	
=> Training epoch # 26	
 * Finished epoch # 26     top1:  20.938  top5:   1.367
	
=> Training epoch # 27	
 * Finished epoch # 27     top1:  22.197  top5:   1.602
	
=> Training epoch # 28	
 * Finished epoch # 28     top1:  21.592  top5:   0.771
	
=> Training epoch # 29	
 * Finished epoch # 29     top1:  28.057  top5:   2.822
	
=> Training epoch # 30	
 * Finished epoch # 30     top1:  19.668  top5:   0.732
	
=> Training epoch # 31	
 * Finished epoch # 31     top1:  13.975  top5:   0.752
	
 * Best model 	13.974609375	0.751953125	
=> Training epoch # 32	
 * Finished epoch # 32     top1:  19.473  top5:   1.289
	
=> Training epoch # 33	
 * Finished epoch # 33     top1:  20.576  top5:   0.996
	
=> Training epoch # 34	
 * Finished epoch # 34     top1:  21.797  top5:   1.045
	
=> Training epoch # 35	
 * Finished epoch # 35     top1:  24.492  top5:   1.104
	
=> Training epoch # 36	
 * Finished epoch # 36     top1:  17.646  top5:   0.713
	
=> Training epoch # 37	
 * Finished epoch # 37     top1:  17.979  top5:   1.270
	
=> Training epoch # 38	
 * Finished epoch # 38     top1:  34.082  top5:   2.021
	
=> Training epoch # 39	
 * Finished epoch # 39     top1:  22.246  top5:   0.918
	
=> Training epoch # 40	
 * Finished epoch # 40     top1:  27.930  top5:   2.031
	
=> Training epoch # 41	
 * Finished epoch # 41     top1:  21.162  top5:   0.977
	
=> Training epoch # 42	
 * Finished epoch # 42     top1:  16.680  top5:   0.947
	
=> Training epoch # 43	
 * Finished epoch # 43     top1:  21.904  top5:   0.957
	
=> Training epoch # 44	
 * Finished epoch # 44     top1:  18.262  top5:   1.367
	
=> Training epoch # 45	
 * Finished epoch # 45     top1:  24.053  top5:   1.455
	
=> Training epoch # 46	
 * Finished epoch # 46     top1:  27.236  top5:   1.641
	
=> Training epoch # 47	
 * Finished epoch # 47     top1:  26.982  top5:   2.275
	
=> Training epoch # 48	
 * Finished epoch # 48     top1:  18.438  top5:   1.094
	
=> Training epoch # 49	
 * Finished epoch # 49     top1:  17.734  top5:   1.865
	
=> Training epoch # 50	
 * Finished epoch # 50     top1:  23.135  top5:   2.090
	
=> Training epoch # 51	
 * Finished epoch # 51     top1:  29.053  top5:   2.578
	
=> Training epoch # 52	
 * Finished epoch # 52     top1:  16.387  top5:   1.006
	
=> Training epoch # 53	
 * Finished epoch # 53     top1:  21.328  top5:   1.357
	
=> Training epoch # 54	
 * Finished epoch # 54     top1:  19.180  top5:   0.957
	
=> Training epoch # 55	
 * Finished epoch # 55     top1:  24.795  top5:   2.227
	
=> Training epoch # 56	
 * Finished epoch # 56     top1:  16.514  top5:   0.566
	
=> Training epoch # 57	
 * Finished epoch # 57     top1:  18.633  top5:   0.684
	
=> Training epoch # 58	
 * Finished epoch # 58     top1:  18.438  top5:   0.918
	
=> Training epoch # 59	
 * Finished epoch # 59     top1:  20.391  top5:   0.938
	
=> Training epoch # 60	
 * Finished epoch # 60     top1:  23.184  top5:   1.201
	
=> Training epoch # 61	
 * Finished epoch # 61     top1:  16.455  top5:   1.035
	
=> Training epoch # 62	
 * Finished epoch # 62     top1:  20.938  top5:   1.006
	
=> Training epoch # 63	
 * Finished epoch # 63     top1:  20.059  top5:   1.973
	
=> Training epoch # 64	
 * Finished epoch # 64     top1:  22.764  top5:   1.719
	
=> Training epoch # 65	
 * Finished epoch # 65     top1:  21.299  top5:   1.475
	
=> Training epoch # 66	
 * Finished epoch # 66     top1:  15.400  top5:   0.654
	
=> Training epoch # 67	
 * Finished epoch # 67     top1:  19.551  top5:   1.250
	
=> Training epoch # 68	
 * Finished epoch # 68     top1:  20.234  top5:   0.850
	
=> Training epoch # 69	
 * Finished epoch # 69     top1:  21.846  top5:   1.211
	
=> Training epoch # 70	
 * Finished epoch # 70     top1:  30.635  top5:   2.764
	
=> Training epoch # 71	
 * Finished epoch # 71     top1:  28.750  top5:   2.754
	
=> Training epoch # 72	
 * Finished epoch # 72     top1:  29.385  top5:   1.504
	
=> Training epoch # 73	
 * Finished epoch # 73     top1:  19.609  top5:   1.465
	
=> Training epoch # 74	
 * Finished epoch # 74     top1:  24.590  top5:   2.402
	
=> Training epoch # 75	
 * Finished epoch # 75     top1:  26.992  top5:   4.570
	
=> Training epoch # 76	
 * Finished epoch # 76     top1:  21.191  top5:   0.674
	
=> Training epoch # 77	
 * Finished epoch # 77     top1:  21.562  top5:   1.016
	
=> Training epoch # 78	
 * Finished epoch # 78     top1:  30.908  top5:   3.926
	
=> Training epoch # 79	
 * Finished epoch # 79     top1:  31.504  top5:   1.475
	
=> Training epoch # 80	
 * Finished epoch # 80     top1:  25.693  top5:   1.904
	
=> Training epoch # 81	
 * Finished epoch # 81     top1:   8.584  top5:   0.146
	
 * Best model 	8.583984375	0.146484375	
=> Training epoch # 82	
 * Finished epoch # 82     top1:   8.105  top5:   0.195
	
 * Best model 	8.10546875	0.1953125	
=> Training epoch # 83	
 * Finished epoch # 83     top1:   8.076  top5:   0.176
	
 * Best model 	8.076171875	0.17578125	
=> Training epoch # 84	
 * Finished epoch # 84     top1:   7.822  top5:   0.127
	
 * Best model 	7.822265625	0.126953125	
=> Training epoch # 85	
 * Finished epoch # 85     top1:   8.506  top5:   0.186
	
=> Training epoch # 86	
 * Finished epoch # 86     top1:   8.574  top5:   0.322
	
=> Training epoch # 87	
 * Finished epoch # 87     top1:   8.447  top5:   0.205
	
=> Training epoch # 88	
 * Finished epoch # 88     top1:   7.949  top5:   0.176
	
=> Training epoch # 89	
 * Finished epoch # 89     top1:   8.428  top5:   0.215
	
=> Training epoch # 90	
 * Finished epoch # 90     top1:   9.365  top5:   0.225
	
=> Training epoch # 91	
 * Finished epoch # 91     top1:   9.580  top5:   0.234
	
=> Training epoch # 92	
 * Finished epoch # 92     top1:   8.379  top5:   0.254
	
=> Training epoch # 93	
 * Finished epoch # 93     top1:  10.654  top5:   0.312
	
=> Training epoch # 94	
 * Finished epoch # 94     top1:  12.236  top5:   0.557
	
=> Training epoch # 95	
 * Finished epoch # 95     top1:  11.064  top5:   0.576
	
=> Training epoch # 96	
 * Finished epoch # 96     top1:  12.930  top5:   0.664
	
=> Training epoch # 97	
 * Finished epoch # 97     top1:  10.967  top5:   0.312
	
=> Training epoch # 98	
 * Finished epoch # 98     top1:   9.209  top5:   0.225
	
=> Training epoch # 99	
 * Finished epoch # 99     top1:  13.291  top5:   1.152
	
=> Training epoch # 100	
 * Finished epoch # 100     top1:  11.064  top5:   0.391
	
=> Training epoch # 101	
 * Finished epoch # 101     top1:  13.379  top5:   0.879
	
=> Training epoch # 102	
 * Finished epoch # 102     top1:  12.881  top5:   0.527
	
=> Training epoch # 103	
 * Finished epoch # 103     top1:  10.605  top5:   0.410
	
=> Training epoch # 104	
 * Finished epoch # 104     top1:  12.314  top5:   0.596
	
=> Training epoch # 105	
 * Finished epoch # 105     top1:  13.203  top5:   0.332
	
=> Training epoch # 106	
 * Finished epoch # 106     top1:  15.332  top5:   1.045
	
=> Training epoch # 107	
 * Finished epoch # 107     top1:  11.377  top5:   0.361
	
=> Training epoch # 108	
 * Finished epoch # 108     top1:  18.564  top5:   1.211
	
=> Training epoch # 109	
 * Finished epoch # 109     top1:  14.629  top5:   0.879
	
=> Training epoch # 110	
 * Finished epoch # 110     top1:  14.814  top5:   0.957
	
=> Training epoch # 111	
 * Finished epoch # 111     top1:  12.158  top5:   0.420
	
=> Training epoch # 112	
 * Finished epoch # 112     top1:  13.799  top5:   0.615
	
=> Training epoch # 113	
 * Finished epoch # 113     top1:  15.537  top5:   1.025
	
=> Training epoch # 114	
 * Finished epoch # 114     top1:  13.955  top5:   0.742
	
=> Training epoch # 115	
 * Finished epoch # 115     top1:  12.656  top5:   0.938
	
=> Training epoch # 116	
 * Finished epoch # 116     top1:  16.025  top5:   1.172
	
=> Training epoch # 117	
 * Finished epoch # 117     top1:  13.477  top5:   0.713
	
=> Training epoch # 118	
 * Finished epoch # 118     top1:  23.486  top5:   1.953
	
=> Training epoch # 119	
 * Finished epoch # 119     top1:  17.598  top5:   0.869
	
=> Training epoch # 120	
 * Finished epoch # 120     top1:  21.162  top5:   1.992
	
=> Training epoch # 121	
 * Finished epoch # 121     top1:  13.125  top5:   0.732
	
=> Training epoch # 122	
 * Finished epoch # 122     top1:   6.885  top5:   0.244
	
 * Best model 	6.884765625	0.244140625	
=> Training epoch # 123	
 * Finished epoch # 123     top1:   7.295  top5:   0.156
	
=> Training epoch # 124	
 * Finished epoch # 124     top1:   7.070  top5:   0.156
	
=> Training epoch # 125	
 * Finished epoch # 125     top1:   7.168  top5:   0.156
	
=> Training epoch # 126	
 * Finished epoch # 126     top1:   7.051  top5:   0.166
	
=> Training epoch # 127	
 * Finished epoch # 127     top1:   7.314  top5:   0.166
	
=> Training epoch # 128	
 * Finished epoch # 128     top1:   7.119  top5:   0.205
	
=> Training epoch # 129	
 * Finished epoch # 129     top1:   6.836  top5:   0.137
	
 * Best model 	6.8359375	0.13671875	
=> Training epoch # 130	
 * Finished epoch # 130     top1:   7.197  top5:   0.127
	
=> Training epoch # 131	
 * Finished epoch # 131     top1:   7.178  top5:   0.176
	
=> Training epoch # 132	
 * Finished epoch # 132     top1:   7.217  top5:   0.176
	
=> Training epoch # 133	
 * Finished epoch # 133     top1:   7.197  top5:   0.176
	
=> Training epoch # 134	
 * Finished epoch # 134     top1:   7.041  top5:   0.225
	
=> Training epoch # 135	
 * Finished epoch # 135     top1:   7.129  top5:   0.166
	
=> Training epoch # 136	
 * Finished epoch # 136     top1:   6.895  top5:   0.195
	
=> Training epoch # 137	
 * Finished epoch # 137     top1:   6.787  top5:   0.156
	
 * Best model 	6.787109375	0.15625	
=> Training epoch # 138	
 * Finished epoch # 138     top1:   7.148  top5:   0.186
	
=> Training epoch # 139	
 * Finished epoch # 139     top1:   7.393  top5:   0.195
	
=> Training epoch # 140	
 * Finished epoch # 140     top1:   6.729  top5:   0.195
	
 * Best model 	6.728515625	0.1953125	
=> Training epoch # 141	
 * Finished epoch # 141     top1:   7.246  top5:   0.156
	
=> Training epoch # 142	
 * Finished epoch # 142     top1:   7.168  top5:   0.186
	
=> Training epoch # 143	
 * Finished epoch # 143     top1:   6.904  top5:   0.176
	
=> Training epoch # 144	
 * Finished epoch # 144     top1:   7.119  top5:   0.205
	
=> Training epoch # 145	
 * Finished epoch # 145     top1:   7.119  top5:   0.176
	
=> Training epoch # 146	
 * Finished epoch # 146     top1:   6.885  top5:   0.225
	
=> Training epoch # 147	
 * Finished epoch # 147     top1:   7.031  top5:   0.264
	
=> Training epoch # 148	
 * Finished epoch # 148     top1:   6.914  top5:   0.156
	
=> Training epoch # 149	
 * Finished epoch # 149     top1:   7.031  top5:   0.195
	
=> Training epoch # 150	
 * Finished epoch # 150     top1:   7.305  top5:   0.215
	
=> Training epoch # 151	
 * Finished epoch # 151     top1:   7.363  top5:   0.195
	
=> Training epoch # 152	
 * Finished epoch # 152     top1:   7.490  top5:   0.205
	
=> Training epoch # 153	
 * Finished epoch # 153     top1:   6.963  top5:   0.176
	
=> Training epoch # 154	
 * Finished epoch # 154     top1:   7.021  top5:   0.215
	
=> Training epoch # 155	
 * Finished epoch # 155     top1:   7.344  top5:   0.186
	
=> Training epoch # 156	
 * Finished epoch # 156     top1:   6.982  top5:   0.195
	
=> Training epoch # 157	
 * Finished epoch # 157     top1:   7.168  top5:   0.186
	
=> Training epoch # 158	
 * Finished epoch # 158     top1:   7.197  top5:   0.234
	
=> Training epoch # 159	
 * Finished epoch # 159     top1:   7.480  top5:   0.195
	
=> Training epoch # 160	
 * Finished epoch # 160     top1:   7.432  top5:   0.283
	
=> Training epoch # 161	
 * Finished epoch # 161     top1:   7.227  top5:   0.254
	
=> Training epoch # 162	
 * Finished epoch # 162     top1:   7.520  top5:   0.273
	
=> Training epoch # 163	
 * Finished epoch # 163     top1:   7.363  top5:   0.205
	
=> Training epoch # 164	
 * Finished epoch # 164     top1:   7.529  top5:   0.195
	
=> Training epoch # 165	
 * Finished epoch # 165     top1:   7.090  top5:   0.215
	
=> Training epoch # 166	
 * Finished epoch # 166     top1:   7.461  top5:   0.215
	
=> Training epoch # 167	
 * Finished epoch # 167     top1:   7.109  top5:   0.205
	
=> Training epoch # 168	
 * Finished epoch # 168     top1:   7.461  top5:   0.244
	
=> Training epoch # 169	
 * Finished epoch # 169     top1:   7.188  top5:   0.234
	
=> Training epoch # 170	
 * Finished epoch # 170     top1:   7.490  top5:   0.234
	
=> Training epoch # 171	
 * Finished epoch # 171     top1:   7.178  top5:   0.234
	
=> Training epoch # 172	
 * Finished epoch # 172     top1:   7.588  top5:   0.215
	
=> Training epoch # 173	
 * Finished epoch # 173     top1:   7.275  top5:   0.234
	
=> Training epoch # 174	
 * Finished epoch # 174     top1:   7.666  top5:   0.254
	
=> Training epoch # 175	
 * Finished epoch # 175     top1:   7.441  top5:   0.312
	
=> Training epoch # 176	
 * Finished epoch # 176     top1:   7.773  top5:   0.244
	
=> Training epoch # 177	
 * Finished epoch # 177     top1:   7.461  top5:   0.312
	
=> Training epoch # 178	
 * Finished epoch # 178     top1:   7.510  top5:   0.264
	
=> Training epoch # 179	
 * Finished epoch # 179     top1:   7.354  top5:   0.234
	
=> Training epoch # 180	
 * Finished epoch # 180     top1:   7.842  top5:   0.234
	
=> Training epoch # 181	
 * Finished epoch # 181     top1:   7.227  top5:   0.273
	
=> Training epoch # 182	
 * Finished epoch # 182     top1:   7.256  top5:   0.283
	
=> Training epoch # 183	
 * Finished epoch # 183     top1:   7.949  top5:   0.244
	
=> Training epoch # 184	
 * Finished epoch # 184     top1:   7.041  top5:   0.225
	
=> Training epoch # 185	
 * Finished epoch # 185     top1:   7.402  top5:   0.264
	
=> Training epoch # 186	
 * Finished epoch # 186     top1:   7.354  top5:   0.166
	
=> Training epoch # 187	
 * Finished epoch # 187     top1:   7.598  top5:   0.449
	
=> Training epoch # 188	
 * Finished epoch # 188     top1:   7.402  top5:   0.264
	
=> Training epoch # 189	
 * Finished epoch # 189     top1:   7.275  top5:   0.205
	
=> Training epoch # 190	
 * Finished epoch # 190     top1:   7.207  top5:   0.264
	
=> Training epoch # 191	
 * Finished epoch # 191     top1:   7.656  top5:   0.186
	
=> Training epoch # 192	
 * Finished epoch # 192     top1:   7.188  top5:   0.312
	
=> Training epoch # 193	
 * Finished epoch # 193     top1:   7.686  top5:   0.391
	
=> Training epoch # 194	
 * Finished epoch # 194     top1:   7.842  top5:   0.254
	
=> Training epoch # 195	
 * Finished epoch # 195     top1:   7.461  top5:   0.244
	
=> Training epoch # 196	
 * Finished epoch # 196     top1:   8.086  top5:   0.342
	
=> Training epoch # 197	
 * Finished epoch # 197     top1:   7.598  top5:   0.322
	
=> Training epoch # 198	
 * Finished epoch # 198     top1:   7.705  top5:   0.293
	
=> Training epoch # 199	
 * Finished epoch # 199     top1:   7.656  top5:   0.195
	
=> Training epoch # 200	
 * Finished epoch # 200     top1:   7.363  top5:   0.273
	
 * Finished top1:  6.729  top5:  0.195	
