=> Creating model from file: models/resnet.lua	
 | ResNet-44 CIFAR-100	
nn.Sequential {
  [input -> (1) -> (2) -> (3) -> (4) -> (5) -> (6) -> (7) -> (8) -> (9) -> output]
  (1): cudnn.SpatialConvolution(3 -> 16, 3x3, 1,1, 1,1) without bias
  (2): nn.Sequential {
    [input -> (1) -> (2) -> (3) -> output]
    (1): nn.ConstrainedDiv
    (2): nn.ELU (alpha:1.000000)
    (3): nn.ConstrainedMul
  }
  (3): nn.Sequential {
    [input -> (1) -> (2) -> (3) -> (4) -> (5) -> (6) -> (7) -> output]
    (1): nn.Sequential {
      [input -> (1) -> (2) -> output]
      (1): nn.ConcatTable {
        input
          |`-> (1): nn.Sequential {
          |      [input -> (1) -> (2) -> (3) -> (4) -> output]
          |      (1): cudnn.SpatialConvolution(16 -> 16, 3x3, 1,1, 1,1) without bias
          |      (2): nn.Sequential {
          |        [input -> (1) -> (2) -> (3) -> output]
          |        (1): nn.ConstrainedDiv
          |        (2): nn.ELU (alpha:1.000000)
          |        (3): nn.ConstrainedMul
          |      }
          |      (3): cudnn.SpatialConvolution(16 -> 16, 3x3, 1,1, 1,1) without bias
          |      (4): nn.SpatialBatchNormalization (4D) (16)
          |    }
           `-> (2): nn.Identity
           ... -> output
      }
      (2): nn.CAddTable
    }
    (2): nn.Sequential {
      [input -> (1) -> (2) -> output]
      (1): nn.ConcatTable {
        input
          |`-> (1): nn.Sequential {
          |      [input -> (1) -> (2) -> (3) -> (4) -> output]
          |      (1): cudnn.SpatialConvolution(16 -> 16, 3x3, 1,1, 1,1) without bias
          |      (2): nn.Sequential {
          |        [input -> (1) -> (2) -> (3) -> output]
          |        (1): nn.ConstrainedDiv
          |        (2): nn.ELU (alpha:1.000000)
          |        (3): nn.ConstrainedMul
          |      }
          |      (3): cudnn.SpatialConvolution(16 -> 16, 3x3, 1,1, 1,1) without bias
          |      (4): nn.SpatialBatchNormalization (4D) (16)
          |    }
           `-> (2): nn.Identity
           ... -> output
      }
      (2): nn.CAddTable
    }
    (3): nn.Sequential {
      [input -> (1) -> (2) -> output]
      (1): nn.ConcatTable {
        input
          |`-> (1): nn.Sequential {
          |      [input -> (1) -> (2) -> (3) -> (4) -> output]
          |      (1): cudnn.SpatialConvolution(16 -> 16, 3x3, 1,1, 1,1) without bias
          |      (2): nn.Sequential {
          |        [input -> (1) -> (2) -> (3) -> output]
          |        (1): nn.ConstrainedDiv
          |        (2): nn.ELU (alpha:1.000000)
          |        (3): nn.ConstrainedMul
          |      }
          |      (3): cudnn.SpatialConvolution(16 -> 16, 3x3, 1,1, 1,1) without bias
          |      (4): nn.SpatialBatchNormalization (4D) (16)
          |    }
           `-> (2): nn.Identity
           ... -> output
      }
      (2): nn.CAddTable
    }
    (4): nn.Sequential {
      [input -> (1) -> (2) -> output]
      (1): nn.ConcatTable {
        input
          |`-> (1): nn.Sequential {
          |      [input -> (1) -> (2) -> (3) -> (4) -> output]
          |      (1): cudnn.SpatialConvolution(16 -> 16, 3x3, 1,1, 1,1) without bias
          |      (2): nn.Sequential {
          |        [input -> (1) -> (2) -> (3) -> output]
          |        (1): nn.ConstrainedDiv
          |        (2): nn.ELU (alpha:1.000000)
          |        (3): nn.ConstrainedMul
          |      }
          |      (3): cudnn.SpatialConvolution(16 -> 16, 3x3, 1,1, 1,1) without bias
          |      (4): nn.SpatialBatchNormalization (4D) (16)
          |    }
           `-> (2): nn.Identity
           ... -> output
      }
      (2): nn.CAddTable
    }
    (5): nn.Sequential {
      [input -> (1) -> (2) -> output]
      (1): nn.ConcatTable {
        input
          |`-> (1): nn.Sequential {
          |      [input -> (1) -> (2) -> (3) -> (4) -> output]
          |      (1): cudnn.SpatialConvolution(16 -> 16, 3x3, 1,1, 1,1) without bias
          |      (2): nn.Sequential {
          |        [input -> (1) -> (2) -> (3) -> output]
          |        (1): nn.ConstrainedDiv
          |        (2): nn.ELU (alpha:1.000000)
          |        (3): nn.ConstrainedMul
          |      }
          |      (3): cudnn.SpatialConvolution(16 -> 16, 3x3, 1,1, 1,1) without bias
          |      (4): nn.SpatialBatchNormalization (4D) (16)
          |    }
           `-> (2): nn.Identity
           ... -> output
      }
      (2): nn.CAddTable
    }
    (6): nn.Sequential {
      [input -> (1) -> (2) -> output]
      (1): nn.ConcatTable {
        input
          |`-> (1): nn.Sequential {
          |      [input -> (1) -> (2) -> (3) -> (4) -> output]
          |      (1): cudnn.SpatialConvolution(16 -> 16, 3x3, 1,1, 1,1) without bias
          |      (2): nn.Sequential {
          |        [input -> (1) -> (2) -> (3) -> output]
          |        (1): nn.ConstrainedDiv
          |        (2): nn.ELU (alpha:1.000000)
          |        (3): nn.ConstrainedMul
          |      }
          |      (3): cudnn.SpatialConvolution(16 -> 16, 3x3, 1,1, 1,1) without bias
          |      (4): nn.SpatialBatchNormalization (4D) (16)
          |    }
           `-> (2): nn.Identity
           ... -> output
      }
      (2): nn.CAddTable
    }
    (7): nn.Sequential {
      [input -> (1) -> (2) -> output]
      (1): nn.ConcatTable {
        input
          |`-> (1): nn.Sequential {
          |      [input -> (1) -> (2) -> (3) -> (4) -> output]
          |      (1): cudnn.SpatialConvolution(16 -> 16, 3x3, 1,1, 1,1) without bias
          |      (2): nn.Sequential {
          |        [input -> (1) -> (2) -> (3) -> output]
          |        (1): nn.ConstrainedDiv
          |        (2): nn.ELU (alpha:1.000000)
          |        (3): nn.ConstrainedMul
          |      }
          |      (3): cudnn.SpatialConvolution(16 -> 16, 3x3, 1,1, 1,1) without bias
          |      (4): nn.SpatialBatchNormalization (4D) (16)
          |    }
           `-> (2): nn.Identity
           ... -> output
      }
      (2): nn.CAddTable
    }
  }
  (4): nn.Sequential {
    [input -> (1) -> (2) -> (3) -> (4) -> (5) -> (6) -> (7) -> output]
    (1): nn.Sequential {
      [input -> (1) -> (2) -> output]
      (1): nn.ConcatTable {
        input
          |`-> (1): nn.Sequential {
          |      [input -> (1) -> (2) -> (3) -> (4) -> output]
          |      (1): cudnn.SpatialConvolution(16 -> 32, 3x3, 2,2, 1,1) without bias
          |      (2): nn.Sequential {
          |        [input -> (1) -> (2) -> (3) -> output]
          |        (1): nn.ConstrainedDiv
          |        (2): nn.ELU (alpha:1.000000)
          |        (3): nn.ConstrainedMul
          |      }
          |      (3): cudnn.SpatialConvolution(32 -> 32, 3x3, 1,1, 1,1) without bias
          |      (4): nn.SpatialBatchNormalization (4D) (32)
          |    }
           `-> (2): nn.Sequential {
                 [input -> (1) -> (2) -> output]
                 (1): nn.SpatialAveragePooling(1x1, 2,2)
                 (2): nn.Concat {
                   input
                     |`-> (1): nn.Identity
                      `-> (2): nn.MulConstant
                      ... -> output
                 }
               }
           ... -> output
      }
      (2): nn.CAddTable
    }
    (2): nn.Sequential {
      [input -> (1) -> (2) -> output]
      (1): nn.ConcatTable {
        input
          |`-> (1): nn.Sequential {
          |      [input -> (1) -> (2) -> (3) -> (4) -> output]
          |      (1): cudnn.SpatialConvolution(32 -> 32, 3x3, 1,1, 1,1) without bias
          |      (2): nn.Sequential {
          |        [input -> (1) -> (2) -> (3) -> output]
          |        (1): nn.ConstrainedDiv
          |        (2): nn.ELU (alpha:1.000000)
          |        (3): nn.ConstrainedMul
          |      }
          |      (3): cudnn.SpatialConvolution(32 -> 32, 3x3, 1,1, 1,1) without bias
          |      (4): nn.SpatialBatchNormalization (4D) (32)
          |    }
           `-> (2): nn.Identity
           ... -> output
      }
      (2): nn.CAddTable
    }
    (3): nn.Sequential {
      [input -> (1) -> (2) -> output]
      (1): nn.ConcatTable {
        input
          |`-> (1): nn.Sequential {
          |      [input -> (1) -> (2) -> (3) -> (4) -> output]
          |      (1): cudnn.SpatialConvolution(32 -> 32, 3x3, 1,1, 1,1) without bias
          |      (2): nn.Sequential {
          |        [input -> (1) -> (2) -> (3) -> output]
          |        (1): nn.ConstrainedDiv
          |        (2): nn.ELU (alpha:1.000000)
          |        (3): nn.ConstrainedMul
          |      }
          |      (3): cudnn.SpatialConvolution(32 -> 32, 3x3, 1,1, 1,1) without bias
          |      (4): nn.SpatialBatchNormalization (4D) (32)
          |    }
           `-> (2): nn.Identity
           ... -> output
      }
      (2): nn.CAddTable
    }
    (4): nn.Sequential {
      [input -> (1) -> (2) -> output]
      (1): nn.ConcatTable {
        input
          |`-> (1): nn.Sequential {
          |      [input -> (1) -> (2) -> (3) -> (4) -> output]
          |      (1): cudnn.SpatialConvolution(32 -> 32, 3x3, 1,1, 1,1) without bias
          |      (2): nn.Sequential {
          |        [input -> (1) -> (2) -> (3) -> output]
          |        (1): nn.ConstrainedDiv
          |        (2): nn.ELU (alpha:1.000000)
          |        (3): nn.ConstrainedMul
          |      }
          |      (3): cudnn.SpatialConvolution(32 -> 32, 3x3, 1,1, 1,1) without bias
          |      (4): nn.SpatialBatchNormalization (4D) (32)
          |    }
           `-> (2): nn.Identity
           ... -> output
      }
      (2): nn.CAddTable
    }
    (5): nn.Sequential {
      [input -> (1) -> (2) -> output]
      (1): nn.ConcatTable {
        input
          |`-> (1): nn.Sequential {
          |      [input -> (1) -> (2) -> (3) -> (4) -> output]
          |      (1): cudnn.SpatialConvolution(32 -> 32, 3x3, 1,1, 1,1) without bias
          |      (2): nn.Sequential {
          |        [input -> (1) -> (2) -> (3) -> output]
          |        (1): nn.ConstrainedDiv
          |        (2): nn.ELU (alpha:1.000000)
          |        (3): nn.ConstrainedMul
          |      }
          |      (3): cudnn.SpatialConvolution(32 -> 32, 3x3, 1,1, 1,1) without bias
          |      (4): nn.SpatialBatchNormalization (4D) (32)
          |    }
           `-> (2): nn.Identity
           ... -> output
      }
      (2): nn.CAddTable
    }
    (6): nn.Sequential {
      [input -> (1) -> (2) -> output]
      (1): nn.ConcatTable {
        input
          |`-> (1): nn.Sequential {
          |      [input -> (1) -> (2) -> (3) -> (4) -> output]
          |      (1): cudnn.SpatialConvolution(32 -> 32, 3x3, 1,1, 1,1) without bias
          |      (2): nn.Sequential {
          |        [input -> (1) -> (2) -> (3) -> output]
          |        (1): nn.ConstrainedDiv
          |        (2): nn.ELU (alpha:1.000000)
          |        (3): nn.ConstrainedMul
          |      }
          |      (3): cudnn.SpatialConvolution(32 -> 32, 3x3, 1,1, 1,1) without bias
          |      (4): nn.SpatialBatchNormalization (4D) (32)
          |    }
           `-> (2): nn.Identity
           ... -> output
      }
      (2): nn.CAddTable
    }
    (7): nn.Sequential {
      [input -> (1) -> (2) -> output]
      (1): nn.ConcatTable {
        input
          |`-> (1): nn.Sequential {
          |      [input -> (1) -> (2) -> (3) -> (4) -> output]
          |      (1): cudnn.SpatialConvolution(32 -> 32, 3x3, 1,1, 1,1) without bias
          |      (2): nn.Sequential {
          |        [input -> (1) -> (2) -> (3) -> output]
          |        (1): nn.ConstrainedDiv
          |        (2): nn.ELU (alpha:1.000000)
          |        (3): nn.ConstrainedMul
          |      }
          |      (3): cudnn.SpatialConvolution(32 -> 32, 3x3, 1,1, 1,1) without bias
          |      (4): nn.SpatialBatchNormalization (4D) (32)
          |    }
           `-> (2): nn.Identity
           ... -> output
      }
      (2): nn.CAddTable
    }
  }
  (5): nn.Sequential {
    [input -> (1) -> (2) -> (3) -> (4) -> (5) -> (6) -> (7) -> output]
    (1): nn.Sequential {
      [input -> (1) -> (2) -> output]
      (1): nn.ConcatTable {
        input
          |`-> (1): nn.Sequential {
          |      [input -> (1) -> (2) -> (3) -> (4) -> output]
          |      (1): cudnn.SpatialConvolution(32 -> 64, 3x3, 2,2, 1,1) without bias
          |      (2): nn.Sequential {
          |        [input -> (1) -> (2) -> (3) -> output]
          |        (1): nn.ConstrainedDiv
          |        (2): nn.ELU (alpha:1.000000)
          |        (3): nn.ConstrainedMul
          |      }
          |      (3): cudnn.SpatialConvolution(64 -> 64, 3x3, 1,1, 1,1) without bias
          |      (4): nn.SpatialBatchNormalization (4D) (64)
          |    }
           `-> (2): nn.Sequential {
                 [input -> (1) -> (2) -> output]
                 (1): nn.SpatialAveragePooling(1x1, 2,2)
                 (2): nn.Concat {
                   input
                     |`-> (1): nn.Identity
                      `-> (2): nn.MulConstant
                      ... -> output
                 }
               }
           ... -> output
      }
      (2): nn.CAddTable
    }
    (2): nn.Sequential {
      [input -> (1) -> (2) -> output]
      (1): nn.ConcatTable {
        input
          |`-> (1): nn.Sequential {
          |      [input -> (1) -> (2) -> (3) -> (4) -> output]
          |      (1): cudnn.SpatialConvolution(64 -> 64, 3x3, 1,1, 1,1) without bias
          |      (2): nn.Sequential {
          |        [input -> (1) -> (2) -> (3) -> output]
          |        (1): nn.ConstrainedDiv
          |        (2): nn.ELU (alpha:1.000000)
          |        (3): nn.ConstrainedMul
          |      }
          |      (3): cudnn.SpatialConvolution(64 -> 64, 3x3, 1,1, 1,1) without bias
          |      (4): nn.SpatialBatchNormalization (4D) (64)
          |    }
           `-> (2): nn.Identity
           ... -> output
      }
      (2): nn.CAddTable
    }
    (3): nn.Sequential {
      [input -> (1) -> (2) -> output]
      (1): nn.ConcatTable {
        input
          |`-> (1): nn.Sequential {
          |      [input -> (1) -> (2) -> (3) -> (4) -> output]
          |      (1): cudnn.SpatialConvolution(64 -> 64, 3x3, 1,1, 1,1) without bias
          |      (2): nn.Sequential {
          |        [input -> (1) -> (2) -> (3) -> output]
          |        (1): nn.ConstrainedDiv
          |        (2): nn.ELU (alpha:1.000000)
          |        (3): nn.ConstrainedMul
          |      }
          |      (3): cudnn.SpatialConvolution(64 -> 64, 3x3, 1,1, 1,1) without bias
          |      (4): nn.SpatialBatchNormalization (4D) (64)
          |    }
           `-> (2): nn.Identity
           ... -> output
      }
      (2): nn.CAddTable
    }
    (4): nn.Sequential {
      [input -> (1) -> (2) -> output]
      (1): nn.ConcatTable {
        input
          |`-> (1): nn.Sequential {
          |      [input -> (1) -> (2) -> (3) -> (4) -> output]
          |      (1): cudnn.SpatialConvolution(64 -> 64, 3x3, 1,1, 1,1) without bias
          |      (2): nn.Sequential {
          |        [input -> (1) -> (2) -> (3) -> output]
          |        (1): nn.ConstrainedDiv
          |        (2): nn.ELU (alpha:1.000000)
          |        (3): nn.ConstrainedMul
          |      }
          |      (3): cudnn.SpatialConvolution(64 -> 64, 3x3, 1,1, 1,1) without bias
          |      (4): nn.SpatialBatchNormalization (4D) (64)
          |    }
           `-> (2): nn.Identity
           ... -> output
      }
      (2): nn.CAddTable
    }
    (5): nn.Sequential {
      [input -> (1) -> (2) -> output]
      (1): nn.ConcatTable {
        input
          |`-> (1): nn.Sequential {
          |      [input -> (1) -> (2) -> (3) -> (4) -> output]
          |      (1): cudnn.SpatialConvolution(64 -> 64, 3x3, 1,1, 1,1) without bias
          |      (2): nn.Sequential {
          |        [input -> (1) -> (2) -> (3) -> output]
          |        (1): nn.ConstrainedDiv
          |        (2): nn.ELU (alpha:1.000000)
          |        (3): nn.ConstrainedMul
          |      }
          |      (3): cudnn.SpatialConvolution(64 -> 64, 3x3, 1,1, 1,1) without bias
          |      (4): nn.SpatialBatchNormalization (4D) (64)
          |    }
           `-> (2): nn.Identity
           ... -> output
      }
      (2): nn.CAddTable
    }
    (6): nn.Sequential {
      [input -> (1) -> (2) -> output]
      (1): nn.ConcatTable {
        input
          |`-> (1): nn.Sequential {
          |      [input -> (1) -> (2) -> (3) -> (4) -> output]
          |      (1): cudnn.SpatialConvolution(64 -> 64, 3x3, 1,1, 1,1) without bias
          |      (2): nn.Sequential {
          |        [input -> (1) -> (2) -> (3) -> output]
          |        (1): nn.ConstrainedDiv
          |        (2): nn.ELU (alpha:1.000000)
          |        (3): nn.ConstrainedMul
          |      }
          |      (3): cudnn.SpatialConvolution(64 -> 64, 3x3, 1,1, 1,1) without bias
          |      (4): nn.SpatialBatchNormalization (4D) (64)
          |    }
           `-> (2): nn.Identity
           ... -> output
      }
      (2): nn.CAddTable
    }
    (7): nn.Sequential {
      [input -> (1) -> (2) -> output]
      (1): nn.ConcatTable {
        input
          |`-> (1): nn.Sequential {
          |      [input -> (1) -> (2) -> (3) -> (4) -> output]
          |      (1): cudnn.SpatialConvolution(64 -> 64, 3x3, 1,1, 1,1) without bias
          |      (2): nn.Sequential {
          |        [input -> (1) -> (2) -> (3) -> output]
          |        (1): nn.ConstrainedDiv
          |        (2): nn.ELU (alpha:1.000000)
          |        (3): nn.ConstrainedMul
          |      }
          |      (3): cudnn.SpatialConvolution(64 -> 64, 3x3, 1,1, 1,1) without bias
          |      (4): nn.SpatialBatchNormalization (4D) (64)
          |    }
           `-> (2): nn.Identity
           ... -> output
      }
      (2): nn.CAddTable
    }
  }
  (6): nn.Sequential {
    [input -> (1) -> (2) -> (3) -> output]
    (1): nn.ConstrainedDiv
    (2): nn.ELU (alpha:1.000000)
    (3): nn.ConstrainedMul
  }
  (7): cudnn.SpatialAveragePooling(8x8, 1,1)
  (8): nn.View(64)
  (9): nn.Linear(64 -> 100)
}
=> Training epoch # 1	
 * Finished epoch # 1     top1:  88.047  top5:  64.238
	
 * Best model 	88.046875	64.23828125	
=> Training epoch # 2	
 * Finished epoch # 2     top1:  75.957  top5:  44.355
	
 * Best model 	75.95703125	44.35546875	
=> Training epoch # 3	
 * Finished epoch # 3     top1:  69.268  top5:  36.592
	
 * Best model 	69.267578125	36.591796875	
=> Training epoch # 4	
 * Finished epoch # 4     top1:  61.084  top5:  29.326
	
 * Best model 	61.083984375	29.326171875	
=> Training epoch # 5	
 * Finished epoch # 5     top1:  60.264  top5:  29.355
	
 * Best model 	60.263671875	29.35546875	
=> Training epoch # 6	
 * Finished epoch # 6     top1:  55.381  top5:  23.213
	
 * Best model 	55.380859375	23.212890625	
=> Training epoch # 7	
 * Finished epoch # 7     top1:  54.297  top5:  22.988
	
 * Best model 	54.296875	22.98828125	
=> Training epoch # 8	
 * Finished epoch # 8     top1:  50.508  top5:  19.717
	
 * Best model 	50.5078125	19.716796875	
=> Training epoch # 9	
 * Finished epoch # 9     top1:  51.006  top5:  19.463
	
=> Training epoch # 10	
 * Finished epoch # 10     top1:  47.920  top5:  18.613
	
 * Best model 	47.919921875	18.61328125	
=> Training epoch # 11	
 * Finished epoch # 11     top1:  50.352  top5:  18.457
	
=> Training epoch # 12	
 * Finished epoch # 12     top1:  48.213  top5:  18.340
	
=> Training epoch # 13	
 * Finished epoch # 13     top1:  48.740  top5:  19.893
	
=> Training epoch # 14	
 * Finished epoch # 14     top1:  47.656  top5:  18.271
	
 * Best model 	47.65625	18.271484375	
=> Training epoch # 15	
 * Finished epoch # 15     top1:  48.613  top5:  18.896
	
=> Training epoch # 16	
 * Finished epoch # 16     top1:  48.018  top5:  17.793
	
=> Training epoch # 17	
 * Finished epoch # 17     top1:  49.326  top5:  20.078
	
=> Training epoch # 18	
 * Finished epoch # 18     top1:  46.680  top5:  17.432
	
 * Best model 	46.6796875	17.431640625	
=> Training epoch # 19	
 * Finished epoch # 19     top1:  46.201  top5:  17.969
	
 * Best model 	46.201171875	17.96875	
=> Training epoch # 20	
 * Finished epoch # 20     top1:  46.875  top5:  16.885
	
=> Training epoch # 21	
 * Finished epoch # 21     top1:  49.219  top5:  18.809
	
=> Training epoch # 22	
 * Finished epoch # 22     top1:  48.301  top5:  18.232
	
=> Training epoch # 23	
 * Finished epoch # 23     top1:  45.459  top5:  17.539
	
 * Best model 	45.458984375	17.5390625	
=> Training epoch # 24	
 * Finished epoch # 24     top1:  47.275  top5:  18.252
	
=> Training epoch # 25	
 * Finished epoch # 25     top1:  44.375  top5:  15.400
	
 * Best model 	44.375	15.400390625	
=> Training epoch # 26	
 * Finished epoch # 26     top1:  43.643  top5:  14.932
	
 * Best model 	43.642578125	14.931640625	
=> Training epoch # 27	
 * Finished epoch # 27     top1:  46.123  top5:  16.631
	
=> Training epoch # 28	
 * Finished epoch # 28     top1:  44.893  top5:  17.520
	
=> Training epoch # 29	
 * Finished epoch # 29     top1:  42.900  top5:  14.893
	
 * Best model 	42.900390625	14.892578125	
=> Training epoch # 30	
 * Finished epoch # 30     top1:  44.375  top5:  16.016
	
=> Training epoch # 31	
 * Finished epoch # 31     top1:  42.637  top5:  15.469
	
 * Best model 	42.63671875	15.46875	
=> Training epoch # 32	
 * Finished epoch # 32     top1:  45.098  top5:  17.295
	
=> Training epoch # 33	
 * Finished epoch # 33     top1:  47.363  top5:  17.881
	
=> Training epoch # 34	
 * Finished epoch # 34     top1:  47.920  top5:  17.607
	
=> Training epoch # 35	
 * Finished epoch # 35     top1:  44.004  top5:  15.957
	
=> Training epoch # 36	
 * Finished epoch # 36     top1:  43.535  top5:  15.918
	
=> Training epoch # 37	
 * Finished epoch # 37     top1:  42.637  top5:  14.189
	
=> Training epoch # 38	
 * Finished epoch # 38     top1:  45.977  top5:  17.363
	
=> Training epoch # 39	
 * Finished epoch # 39     top1:  46.387  top5:  16.641
	
=> Training epoch # 40	
 * Finished epoch # 40     top1:  44.707  top5:  16.182
	
=> Training epoch # 41	
 * Finished epoch # 41     top1:  46.133  top5:  15.566
	
=> Training epoch # 42	
 * Finished epoch # 42     top1:  42.715  top5:  14.707
	
=> Training epoch # 43	
 * Finished epoch # 43     top1:  45.225  top5:  15.957
	
=> Training epoch # 44	
 * Finished epoch # 44     top1:  43.926  top5:  14.336
	
=> Training epoch # 45	
 * Finished epoch # 45     top1:  42.656  top5:  14.873
	
=> Training epoch # 46	
 * Finished epoch # 46     top1:  43.633  top5:  15.537
	
=> Training epoch # 47	
 * Finished epoch # 47     top1:  42.705  top5:  14.512
	
=> Training epoch # 48	
 * Finished epoch # 48     top1:  42.910  top5:  14.482
	
=> Training epoch # 49	
 * Finished epoch # 49     top1:  44.707  top5:  16.396
	
=> Training epoch # 50	
 * Finished epoch # 50     top1:  47.754  top5:  18.594
	
=> Training epoch # 51	
 * Finished epoch # 51     top1:  45.273  top5:  15.791
	
=> Training epoch # 52	
 * Finished epoch # 52     top1:  43.047  top5:  15.566
	
=> Training epoch # 53	
 * Finished epoch # 53     top1:  42.891  top5:  15.244
	
=> Training epoch # 54	
 * Finished epoch # 54     top1:  43.828  top5:  14.971
	
=> Training epoch # 55	
 * Finished epoch # 55     top1:  42.520  top5:  14.092
	
 * Best model 	42.51953125	14.091796875	
=> Training epoch # 56	
 * Finished epoch # 56     top1:  44.912  top5:  16.104
	
=> Training epoch # 57	
 * Finished epoch # 57     top1:  40.732  top5:  14.023
	
 * Best model 	40.732421875	14.0234375	
=> Training epoch # 58	
 * Finished epoch # 58     top1:  42.598  top5:  14.961
	
=> Training epoch # 59	
 * Finished epoch # 59     top1:  43.184  top5:  14.971
	
=> Training epoch # 60	
 * Finished epoch # 60     top1:  42.803  top5:  14.922
	
=> Training epoch # 61	
 * Finished epoch # 61     top1:  43.145  top5:  14.111
	
=> Training epoch # 62	
 * Finished epoch # 62     top1:  44.775  top5:  15.166
	
=> Training epoch # 63	
 * Finished epoch # 63     top1:  42.832  top5:  15.156
	
=> Training epoch # 64	
 * Finished epoch # 64     top1:  44.766  top5:  15.723
	
=> Training epoch # 65	
 * Finished epoch # 65     top1:  42.695  top5:  14.766
	
=> Training epoch # 66	
 * Finished epoch # 66     top1:  41.211  top5:  13.945
	
=> Training epoch # 67	
 * Finished epoch # 67     top1:  45.117  top5:  16.885
	
=> Training epoch # 68	
 * Finished epoch # 68     top1:  44.170  top5:  15.840
	
=> Training epoch # 69	
 * Finished epoch # 69     top1:  45.020  top5:  16.045
	
=> Training epoch # 70	
 * Finished epoch # 70     top1:  45.234  top5:  15.391
	
=> Training epoch # 71	
 * Finished epoch # 71     top1:  47.461  top5:  17.344
	
=> Training epoch # 72	
 * Finished epoch # 72     top1:  42.695  top5:  14.160
	
=> Training epoch # 73	
 * Finished epoch # 73     top1:  43.125  top5:  14.248
	
=> Training epoch # 74	
 * Finished epoch # 74     top1:  48.779  top5:  19.902
	
=> Training epoch # 75	
 * Finished epoch # 75     top1:  47.285  top5:  19.541
	
=> Training epoch # 76	
 * Finished epoch # 76     top1:  43.076  top5:  15.205
	
=> Training epoch # 77	
 * Finished epoch # 77     top1:  43.301  top5:  14.492
	
=> Training epoch # 78	
 * Finished epoch # 78     top1:  41.318  top5:  13.037
	
=> Training epoch # 79	
 * Finished epoch # 79     top1:  49.355  top5:  19.072
	
=> Training epoch # 80	
 * Finished epoch # 80     top1:  42.744  top5:  14.873
	
=> Training epoch # 81	
 * Finished epoch # 81     top1:  30.195  top5:   8.467
	
 * Best model 	30.1953125	8.466796875	
=> Training epoch # 82	
 * Finished epoch # 82     top1:  29.717  top5:   8.135
	
 * Best model 	29.716796875	8.134765625	
=> Training epoch # 83	
 * Finished epoch # 83     top1:  29.131  top5:   7.871
	
 * Best model 	29.130859375	7.87109375	
=> Training epoch # 84	
 * Finished epoch # 84     top1:  29.111  top5:   7.617
	
 * Best model 	29.111328125	7.6171875	
=> Training epoch # 85	
 * Finished epoch # 85     top1:  29.316  top5:   7.822
	
=> Training epoch # 86	
 * Finished epoch # 86     top1:  29.229  top5:   7.773
	
=> Training epoch # 87	
 * Finished epoch # 87     top1:  29.854  top5:   8.135
	
=> Training epoch # 88	
 * Finished epoch # 88     top1:  29.932  top5:   8.125
	
=> Training epoch # 89	
 * Finished epoch # 89     top1:  30.039  top5:   8.516
	
=> Training epoch # 90	
 * Finished epoch # 90     top1:  29.648  top5:   8.037
	
=> Training epoch # 91	
 * Finished epoch # 91     top1:  29.297  top5:   7.871
	
=> Training epoch # 92	
 * Finished epoch # 92     top1:  30.732  top5:   8.262
	
=> Training epoch # 93	
 * Finished epoch # 93     top1:  30.615  top5:   8.252
	
=> Training epoch # 94	
 * Finished epoch # 94     top1:  31.465  top5:   8.652
	
=> Training epoch # 95	
 * Finished epoch # 95     top1:  30.361  top5:   8.340
	
=> Training epoch # 96	
 * Finished epoch # 96     top1:  31.543  top5:   8.682
	
=> Training epoch # 97	
 * Finished epoch # 97     top1:  30.947  top5:   8.564
	
=> Training epoch # 98	
 * Finished epoch # 98     top1:  30.781  top5:   8.906
	
=> Training epoch # 99	
 * Finished epoch # 99     top1:  30.742  top5:   8.262
	
=> Training epoch # 100	
 * Finished epoch # 100     top1:  30.518  top5:   8.799
	
=> Training epoch # 101	
 * Finished epoch # 101     top1:  30.586  top5:   8.613
	
=> Training epoch # 102	
 * Finished epoch # 102     top1:  31.377  top5:   8.867
	
=> Training epoch # 103	
 * Finished epoch # 103     top1:  31.270  top5:   8.389
	
=> Training epoch # 104	
 * Finished epoch # 104     top1:  31.230  top5:   8.506
	
=> Training epoch # 105	
 * Finished epoch # 105     top1:  32.383  top5:   9.873
	
=> Training epoch # 106	
 * Finished epoch # 106     top1:  31.162  top5:   8.662
	
=> Training epoch # 107	
 * Finished epoch # 107     top1:  31.709  top5:   8.936
	
=> Training epoch # 108	
 * Finished epoch # 108     top1:  31.650  top5:   9.238
	
=> Training epoch # 109	
 * Finished epoch # 109     top1:  31.309  top5:   8.711
	
=> Training epoch # 110	
 * Finished epoch # 110     top1:  31.045  top5:   9.111
	
=> Training epoch # 111	
 * Finished epoch # 111     top1:  31.914  top5:   9.424
	
=> Training epoch # 112	
 * Finished epoch # 112     top1:  31.250  top5:   8.779
	
=> Training epoch # 113	
 * Finished epoch # 113     top1:  32.354  top5:   9.414
	
=> Training epoch # 114	
 * Finished epoch # 114     top1:  32.627  top5:   9.238
	
=> Training epoch # 115	
 * Finished epoch # 115     top1:  31.309  top5:   8.818
	
=> Training epoch # 116	
 * Finished epoch # 116     top1:  32.666  top5:   9.453
	
=> Training epoch # 117	
 * Finished epoch # 117     top1:  31.367  top5:   9.297
	
=> Training epoch # 118	
 * Finished epoch # 118     top1:  31.396  top5:   9.365
	
=> Training epoch # 119	
 * Finished epoch # 119     top1:  31.904  top5:   8.877
	
=> Training epoch # 120	
 * Finished epoch # 120     top1:  32.158  top5:   9.102
	
=> Training epoch # 121	
 * Finished epoch # 121     top1:  31.592  top5:   9.326
	
=> Training epoch # 122	
 * Finished epoch # 122     top1:  28.496  top5:   7.529
	
 * Best model 	28.49609375	7.529296875	
=> Training epoch # 123	
 * Finished epoch # 123     top1:  27.959  top5:   7.861
	
 * Best model 	27.958984375	7.861328125	
=> Training epoch # 124	
 * Finished epoch # 124     top1:  28.076  top5:   7.842
	
=> Training epoch # 125	
 * Finished epoch # 125     top1:  27.480  top5:   7.529
	
 * Best model 	27.48046875	7.529296875	
=> Training epoch # 126	
 * Finished epoch # 126     top1:  27.939  top5:   7.588
	
=> Training epoch # 127	
 * Finished epoch # 127     top1:  28.447  top5:   8.174
	
=> Training epoch # 128	
 * Finished epoch # 128     top1:  27.529  top5:   7.852
	
=> Training epoch # 129	
 * Finished epoch # 129     top1:  27.510  top5:   7.441
	
=> Training epoch # 130	
 * Finished epoch # 130     top1:  27.686  top5:   7.842
	
=> Training epoch # 131	
 * Finished epoch # 131     top1:  27.363  top5:   7.471
	
 * Best model 	27.36328125	7.470703125	
=> Training epoch # 132	
 * Finished epoch # 132     top1:  27.705  top5:   7.744
	
=> Training epoch # 133	
 * Finished epoch # 133     top1:  27.832  top5:   7.441
	
=> Training epoch # 134	
 * Finished epoch # 134     top1:  28.535  top5:   7.754
	
=> Training epoch # 135	
 * Finished epoch # 135     top1:  28.379  top5:   7.783
	
=> Training epoch # 136	
 * Finished epoch # 136     top1:  27.783  top5:   7.773
	
=> Training epoch # 137	
 * Finished epoch # 137     top1:  27.617  top5:   7.891
	
=> Training epoch # 138	
 * Finished epoch # 138     top1:  27.559  top5:   7.842
	
=> Training epoch # 139	
 * Finished epoch # 139     top1:  28.379  top5:   7.568
	
=> Training epoch # 140	
 * Finished epoch # 140     top1:  28.242  top5:   7.773
	
=> Training epoch # 141	
 * Finished epoch # 141     top1:  27.822  top5:   7.969
	
=> Training epoch # 142	
 * Finished epoch # 142     top1:  27.490  top5:   7.637
	
=> Training epoch # 143	
 * Finished epoch # 143     top1:  27.822  top5:   8.008
	
=> Training epoch # 144	
 * Finished epoch # 144     top1:  28.086  top5:   8.037
	
=> Training epoch # 145	
 * Finished epoch # 145     top1:  27.500  top5:   7.900
	
=> Training epoch # 146	
 * Finished epoch # 146     top1:  28.008  top5:   7.900
	
=> Training epoch # 147	
 * Finished epoch # 147     top1:  27.900  top5:   7.910
	
=> Training epoch # 148	
 * Finished epoch # 148     top1:  27.949  top5:   7.646
	
=> Training epoch # 149	
 * Finished epoch # 149     top1:  27.676  top5:   8.037
	
=> Training epoch # 150	
 * Finished epoch # 150     top1:  28.164  top5:   8.145
	
=> Training epoch # 151	
 * Finished epoch # 151     top1:  27.578  top5:   7.881
	
=> Training epoch # 152	
 * Finished epoch # 152     top1:  28.242  top5:   7.930
	
=> Training epoch # 153	
 * Finished epoch # 153     top1:  27.852  top5:   8.018
	
=> Training epoch # 154	
 * Finished epoch # 154     top1:  28.232  top5:   7.881
	
=> Training epoch # 155	
 * Finished epoch # 155     top1:  28.076  top5:   7.705
	
=> Training epoch # 156	
 * Finished epoch # 156     top1:  28.232  top5:   8.086
	
=> Training epoch # 157	
 * Finished epoch # 157     top1:  28.057  top5:   7.754
	
=> Training epoch # 158	
 * Finished epoch # 158     top1:  27.461  top5:   7.480
	
=> Training epoch # 159	
 * Finished epoch # 159     top1:  28.477  top5:   8.340
	
=> Training epoch # 160	
 * Finished epoch # 160     top1:  27.744  top5:   7.676
	
=> Training epoch # 161	
 * Finished epoch # 161     top1:  27.539  top5:   7.539
	
=> Training epoch # 162	
 * Finished epoch # 162     top1:  28.301  top5:   7.871
	
=> Training epoch # 163	
 * Finished epoch # 163     top1:  28.604  top5:   7.959
	
=> Training epoch # 164	
 * Finished epoch # 164     top1:  28.223  top5:   7.979
	
=> Training epoch # 165	
 * Finished epoch # 165     top1:  28.115  top5:   7.891
	
=> Training epoch # 166	
 * Finished epoch # 166     top1:  28.027  top5:   7.842
	
=> Training epoch # 167	
 * Finished epoch # 167     top1:  28.301  top5:   7.686
	
=> Training epoch # 168	
 * Finished epoch # 168     top1:  28.467  top5:   8.350
	
=> Training epoch # 169	
 * Finished epoch # 169     top1:  28.076  top5:   7.939
	
=> Training epoch # 170	
 * Finished epoch # 170     top1:  27.969  top5:   7.842
	
=> Training epoch # 171	
 * Finished epoch # 171     top1:  28.066  top5:   7.939
	
=> Training epoch # 172	
 * Finished epoch # 172     top1:  28.184  top5:   7.812
	
=> Training epoch # 173	
 * Finished epoch # 173     top1:  28.340  top5:   7.852
	
=> Training epoch # 174	
 * Finished epoch # 174     top1:  28.125  top5:   7.881
	
=> Training epoch # 175	
 * Finished epoch # 175     top1:  28.252  top5:   8.213
	
=> Training epoch # 176	
 * Finished epoch # 176     top1:  28.701  top5:   8.223
	
=> Training epoch # 177	
 * Finished epoch # 177     top1:  28.838  top5:   8.057
	
=> Training epoch # 178	
 * Finished epoch # 178     top1:  28.496  top5:   8.047
	
=> Training epoch # 179	
 * Finished epoch # 179     top1:  28.057  top5:   8.037
	
=> Training epoch # 180	
 * Finished epoch # 180     top1:  28.516  top5:   7.910
	
=> Training epoch # 181	
 * Finished epoch # 181     top1:  28.125  top5:   7.832
	
=> Training epoch # 182	
 * Finished epoch # 182     top1:  28.135  top5:   8.184
	
=> Training epoch # 183	
 * Finished epoch # 183     top1:  27.725  top5:   8.018
	
=> Training epoch # 184	
 * Finished epoch # 184     top1:  28.164  top5:   8.066
	
=> Training epoch # 185	
 * Finished epoch # 185     top1:  28.105  top5:   8.008
	
=> Training epoch # 186	
 * Finished epoch # 186     top1:  27.539  top5:   7.871
	
=> Training epoch # 187	
 * Finished epoch # 187     top1:  27.998  top5:   8.203
	
=> Training epoch # 188	
 * Finished epoch # 188     top1:  28.125  top5:   7.930
	
=> Training epoch # 189	
 * Finished epoch # 189     top1:  28.193  top5:   7.764
	
=> Training epoch # 190	
 * Finished epoch # 190     top1:  28.711  top5:   8.643
	
=> Training epoch # 191	
 * Finished epoch # 191     top1:  28.594  top5:   7.979
	
=> Training epoch # 192	
 * Finished epoch # 192     top1:  28.604  top5:   8.320
	
=> Training epoch # 193	
 * Finished epoch # 193     top1:  27.646  top5:   8.135
	
=> Training epoch # 194	
 * Finished epoch # 194     top1:  28.115  top5:   8.105
	
=> Training epoch # 195	
 * Finished epoch # 195     top1:  28.047  top5:   7.949
	
=> Training epoch # 196	
 * Finished epoch # 196     top1:  27.871  top5:   8.018
	
=> Training epoch # 197	
 * Finished epoch # 197     top1:  28.125  top5:   8.242
	
=> Training epoch # 198	
 * Finished epoch # 198     top1:  28.721  top5:   8.047
	
=> Training epoch # 199	
 * Finished epoch # 199     top1:  28.350  top5:   8.174
	
=> Training epoch # 200	
 * Finished epoch # 200     top1:  27.939  top5:   8.340
	
 * Finished top1: 27.363  top5:  7.471	
